2023-10-24 11:03:10.253 +02:00 [Information] User profile is available. Using '"C:\Users\abdik\AppData\Local\ASP.NET\DataProtection-Keys"' as key repository and Windows DPAPI to encrypt keys at rest.
2023-10-24 11:03:10.643 +02:00 [Information] Now listening on: "https://localhost:7205"
2023-10-24 11:03:10.643 +02:00 [Information] Now listening on: "http://localhost:5112"
2023-10-24 11:03:10.646 +02:00 [Information] Application started. Press Ctrl+C to shut down.
2023-10-24 11:03:10.647 +02:00 [Information] Hosting environment: "Development"
2023-10-24 11:03:10.647 +02:00 [Information] Content root path: "C:\Users\abdik\Source\Repos\Forum\MyShop\"
2023-10-24 11:03:10.963 +02:00 [Information] Request starting HTTP/2 GET https://localhost:7205/ - -
2023-10-24 11:03:10.999 +02:00 [Information] Executing endpoint '"Forum.Controllers.HomeController.Index (Forum)"'
2023-10-24 11:03:11.006 +02:00 [Information] Route matched with "{action = \"Index\", controller = \"Home\", page = \"\", area = \"\"}". Executing controller action with signature "Microsoft.AspNetCore.Mvc.IActionResult Index()" on controller "Forum.Controllers.HomeController" ("Forum").
2023-10-24 11:03:11.011 +02:00 [Information] Executing ViewResult, running view "Index".
2023-10-24 11:03:11.108 +02:00 [Information] Executed ViewResult - view "Index" executed in 96.7292ms.
2023-10-24 11:03:11.110 +02:00 [Information] Executed action "Forum.Controllers.HomeController.Index (Forum)" in 102.9626ms
2023-10-24 11:03:11.110 +02:00 [Information] Executed endpoint '"Forum.Controllers.HomeController.Index (Forum)"'
2023-10-24 11:03:11.121 +02:00 [Information] Request finished HTTP/2 GET https://localhost:7205/ - - - 200 - text/html;+charset=utf-8 160.7344ms
2023-10-24 11:03:11.128 +02:00 [Information] Request starting HTTP/2 GET https://localhost:7205/style.css - -
2023-10-24 11:03:11.128 +02:00 [Information] Request starting HTTP/2 GET https://localhost:7205/images/fotball.jpg - -
2023-10-24 11:03:11.131 +02:00 [Information] Request finished HTTP/2 GET https://localhost:7205/style.css - - - 404 0 - 2.3518ms
2023-10-24 11:03:11.133 +02:00 [Information] Request starting HTTP/2 GET https://localhost:7205/images/vacation.jpg - -
2023-10-24 11:03:11.138 +02:00 [Information] The file "/images/fotball.jpg" was not modified
2023-10-24 11:03:11.138 +02:00 [Information] The file "/images/vacation.jpg" was not modified
2023-10-24 11:03:11.139 +02:00 [Information] Request finished HTTP/2 GET https://localhost:7205/images/vacation.jpg - - - 304 - image/jpeg 5.3642ms
2023-10-24 11:03:11.139 +02:00 [Information] Request finished HTTP/2 GET https://localhost:7205/images/fotball.jpg - - - 304 - image/jpeg 10.6191ms
2023-10-24 11:03:11.143 +02:00 [Information] Request starting HTTP/2 GET https://localhost:7205/_framework/aspnetcore-browser-refresh.js - -
2023-10-24 11:03:11.143 +02:00 [Information] Request starting HTTP/2 GET https://localhost:7205/_vs/browserLink - -
2023-10-24 11:03:11.145 +02:00 [Information] Request finished HTTP/2 GET https://localhost:7205/_framework/aspnetcore-browser-refresh.js - - - 200 12342 application/javascript;+charset=utf-8 1.9326ms
2023-10-24 11:03:11.149 +02:00 [Information] Request finished HTTP/2 GET https://localhost:7205/_vs/browserLink - - - 200 - text/javascript;+charset=UTF-8 5.8568ms
