2023-10-24 16:27:28.838 +02:00 [Information] User profile is available. Using '"C:\Users\abdik\AppData\Local\ASP.NET\DataProtection-Keys"' as key repository and Windows DPAPI to encrypt keys at rest.
2023-10-24 16:27:29.236 +02:00 [Information] Now listening on: "https://localhost:7205"
2023-10-24 16:27:29.236 +02:00 [Information] Now listening on: "http://localhost:5112"
2023-10-24 16:27:29.239 +02:00 [Information] Application started. Press Ctrl+C to shut down.
2023-10-24 16:27:29.239 +02:00 [Information] Hosting environment: "Development"
2023-10-24 16:27:29.239 +02:00 [Information] Content root path: "C:\Users\abdik\Source\Repos\Forum\MyShop\"
2023-10-24 16:27:29.491 +02:00 [Information] Request starting HTTP/2 GET https://localhost:7205/ - -
2023-10-24 16:27:29.527 +02:00 [Information] Executing endpoint '"Forum.Controllers.HomeController.Index (Forum)"'
2023-10-24 16:27:29.537 +02:00 [Information] Route matched with "{action = \"Index\", controller = \"Home\", page = \"\", area = \"\"}". Executing controller action with signature "System.Threading.Tasks.Task`1[Microsoft.AspNetCore.Mvc.IActionResult] Index()" on controller "Forum.Controllers.HomeController" ("Forum").
2023-10-24 16:27:29.558 +02:00 [Information] Executing ViewResult, running view "Index".
2023-10-24 16:27:29.666 +02:00 [Information] Executed ViewResult - view "Index" executed in 106.3675ms.
2023-10-24 16:27:29.667 +02:00 [Information] Executed action "Forum.Controllers.HomeController.Index (Forum)" in 129.4338ms
2023-10-24 16:27:29.667 +02:00 [Information] Executed endpoint '"Forum.Controllers.HomeController.Index (Forum)"'
2023-10-24 16:27:29.682 +02:00 [Information] Request finished HTTP/2 GET https://localhost:7205/ - - - 200 - text/html;+charset=utf-8 192.8687ms
2023-10-24 16:27:29.687 +02:00 [Information] Request starting HTTP/2 GET https://localhost:7205/_framework/aspnetcore-browser-refresh.js - -
2023-10-24 16:27:29.687 +02:00 [Information] Request starting HTTP/2 GET https://localhost:7205/style.css - -
2023-10-24 16:27:29.688 +02:00 [Information] Request finished HTTP/2 GET https://localhost:7205/_framework/aspnetcore-browser-refresh.js - - - 200 12342 application/javascript;+charset=utf-8 1.8536ms
2023-10-24 16:27:29.689 +02:00 [Information] Request finished HTTP/2 GET https://localhost:7205/style.css - - - 404 0 - 2.4121ms
2023-10-24 16:27:29.729 +02:00 [Information] Request starting HTTP/2 GET https://localhost:7205/_vs/browserLink - -
2023-10-24 16:27:29.735 +02:00 [Information] Request finished HTTP/2 GET https://localhost:7205/_vs/browserLink - - - 200 - text/javascript;+charset=UTF-8 5.7672ms
