2023-10-24 14:34:52.471 +02:00 [Information] User profile is available. Using '"C:\Users\abdik\AppData\Local\ASP.NET\DataProtection-Keys"' as key repository and Windows DPAPI to encrypt keys at rest.
2023-10-24 14:34:52.891 +02:00 [Information] Now listening on: "https://localhost:7205"
2023-10-24 14:34:52.891 +02:00 [Information] Now listening on: "http://localhost:5112"
2023-10-24 14:34:52.895 +02:00 [Information] Application started. Press Ctrl+C to shut down.
2023-10-24 14:34:52.895 +02:00 [Information] Hosting environment: "Development"
2023-10-24 14:34:52.895 +02:00 [Information] Content root path: "C:\Users\abdik\Source\Repos\Forum\MyShop\"
2023-10-24 14:34:53.096 +02:00 [Information] Request starting HTTP/2 GET https://localhost:7205/ - -
2023-10-24 14:34:53.135 +02:00 [Information] Executing endpoint '"Forum.Controllers.HomeController.Index (Forum)"'
2023-10-24 14:34:53.143 +02:00 [Information] Route matched with "{action = \"Index\", controller = \"Home\", page = \"\", area = \"\"}". Executing controller action with signature "Microsoft.AspNetCore.Mvc.IActionResult Index()" on controller "Forum.Controllers.HomeController" ("Forum").
2023-10-24 14:34:53.147 +02:00 [Information] Executing ViewResult, running view "Index".
2023-10-24 14:34:53.251 +02:00 [Information] Executed ViewResult - view "Index" executed in 103.7144ms.
2023-10-24 14:34:53.253 +02:00 [Information] Executed action "Forum.Controllers.HomeController.Index (Forum)" in 109.6652ms
2023-10-24 14:34:53.253 +02:00 [Information] Executed endpoint '"Forum.Controllers.HomeController.Index (Forum)"'
2023-10-24 14:34:53.264 +02:00 [Information] Request finished HTTP/2 GET https://localhost:7205/ - - - 200 - text/html;+charset=utf-8 170.4748ms
2023-10-24 14:34:53.270 +02:00 [Information] Request starting HTTP/2 GET https://localhost:7205/css/style.css?v=l5Iz_l9ngncCa7RBHFoGIqzK6IOAKT_ANwuQAZFFdAE - -
2023-10-24 14:34:53.270 +02:00 [Information] Request starting HTTP/2 GET https://localhost:7205/style.css - -
2023-10-24 14:34:53.271 +02:00 [Information] Request starting HTTP/2 GET https://localhost:7205/images/fotball.jpg - -
2023-10-24 14:34:53.273 +02:00 [Information] Request finished HTTP/2 GET https://localhost:7205/style.css - - - 404 0 - 2.3643ms
2023-10-24 14:34:53.281 +02:00 [Information] The file "/css/style.css" was not modified
2023-10-24 14:34:53.281 +02:00 [Information] The file "/images/fotball.jpg" was not modified
2023-10-24 14:34:53.281 +02:00 [Information] Request finished HTTP/2 GET https://localhost:7205/css/style.css?v=l5Iz_l9ngncCa7RBHFoGIqzK6IOAKT_ANwuQAZFFdAE - - - 304 - text/css 10.7940ms
2023-10-24 14:34:53.281 +02:00 [Information] Request finished HTTP/2 GET https://localhost:7205/images/fotball.jpg - - - 304 - image/jpeg 10.8048ms
2023-10-24 14:34:53.296 +02:00 [Information] Request starting HTTP/2 GET https://localhost:7205/images/vacation.jpg - -
2023-10-24 14:34:53.296 +02:00 [Information] Request starting HTTP/2 GET https://localhost:7205/images/mosque.jpg - -
2023-10-24 14:34:53.297 +02:00 [Information] The file "/images/vacation.jpg" was not modified
2023-10-24 14:34:53.297 +02:00 [Information] The file "/images/mosque.jpg" was not modified
2023-10-24 14:34:53.297 +02:00 [Information] Request finished HTTP/2 GET https://localhost:7205/images/vacation.jpg - - - 304 - image/jpeg 1.3871ms
2023-10-24 14:34:53.297 +02:00 [Information] Request finished HTTP/2 GET https://localhost:7205/images/mosque.jpg - - - 304 - image/jpeg 1.3958ms
2023-10-24 14:34:53.306 +02:00 [Information] Request starting HTTP/2 GET https://localhost:7205/_framework/aspnetcore-browser-refresh.js - -
2023-10-24 14:34:53.308 +02:00 [Information] Request finished HTTP/2 GET https://localhost:7205/_framework/aspnetcore-browser-refresh.js - - - 200 12342 application/javascript;+charset=utf-8 1.9745ms
2023-10-24 14:34:53.318 +02:00 [Information] Request starting HTTP/2 GET https://localhost:7205/_vs/browserLink - -
2023-10-24 14:34:53.318 +02:00 [Information] Request starting HTTP/2 GET https://localhost:7205/images/skiEquipments.jpg - -
2023-10-24 14:34:53.319 +02:00 [Information] The file "/images/skiEquipments.jpg" was not modified
2023-10-24 14:34:53.319 +02:00 [Information] Request finished HTTP/2 GET https://localhost:7205/images/skiEquipments.jpg - - - 304 - image/jpeg 0.4701ms
2023-10-24 14:34:53.325 +02:00 [Information] Request finished HTTP/2 GET https://localhost:7205/_vs/browserLink - - - 200 - text/javascript;+charset=UTF-8 6.9490ms
2023-10-24 14:35:00.282 +02:00 [Information] Request starting HTTP/2 GET https://localhost:7205/style.css - -
2023-10-24 14:35:00.283 +02:00 [Information] Request finished HTTP/2 GET https://localhost:7205/style.css - - - 404 0 - 1.1004ms
2023-10-24 14:35:00.373 +02:00 [Information] Request starting HTTP/2 GET https://localhost:7205/lib/bootstrap/js/bootstrap.js.map - -
2023-10-24 14:35:00.381 +02:00 [Information] Sending file. Request path: '"/lib/bootstrap/js/bootstrap.js.map"'. Physical path: '"C:\Users\abdik\Source\Repos\Forum\MyShop\wwwroot\lib\bootstrap\js\bootstrap.js.map"'
2023-10-24 14:35:00.382 +02:00 [Information] Request finished HTTP/2 GET https://localhost:7205/lib/bootstrap/js/bootstrap.js.map - - - 200 289522 text/plain 8.9607ms
2023-10-24 14:35:20.230 +02:00 [Information] Request starting HTTP/2 GET https://localhost:7205/Identity/Account/Login - -
2023-10-24 14:35:20.231 +02:00 [Information] Executing endpoint '"/Account/Login"'
2023-10-24 14:35:20.241 +02:00 [Information] Route matched with "{page = \"/Account/Login\", area = \"Identity\", action = \"\", controller = \"\"}". Executing page "/Account/Login"
2023-10-24 14:35:20.251 +02:00 [Information] Executing handler method "Forum.Areas.Identity.Pages.Account.LoginModel.OnGetAsync" - ModelState is Valid
2023-10-24 14:35:20.254 +02:00 [Information] AuthenticationScheme: "Identity.External" signed out.
2023-10-24 14:35:20.254 +02:00 [Information] Executed handler method "OnGetAsync", returned result "".
2023-10-24 14:35:20.256 +02:00 [Information] Executing an implicit handler method - ModelState is Valid
2023-10-24 14:35:20.256 +02:00 [Information] Executed an implicit handler method, returned result "Microsoft.AspNetCore.Mvc.RazorPages.PageResult".
2023-10-24 14:35:20.286 +02:00 [Information] Executed page "/Account/Login" in 44.3802ms
2023-10-24 14:35:20.286 +02:00 [Information] Executed endpoint '"/Account/Login"'
2023-10-24 14:35:20.287 +02:00 [Information] Request finished HTTP/2 GET https://localhost:7205/Identity/Account/Login - - - 200 - text/html;+charset=utf-8 56.5801ms
2023-10-24 14:35:20.303 +02:00 [Information] Request starting HTTP/2 GET https://localhost:7205/Identity/lib/jquery-validation/dist/jquery.validate.js - -
2023-10-24 14:35:20.303 +02:00 [Information] Request starting HTTP/2 GET https://localhost:7205/Identity/Account/style.css - -
2023-10-24 14:35:20.304 +02:00 [Information] Request starting HTTP/2 GET https://localhost:7205/Identity/lib/jquery-validation-unobtrusive/jquery.validate.unobtrusive.js - -
2023-10-24 14:35:20.304 +02:00 [Information] Request starting HTTP/2 GET https://localhost:7205/_framework/aspnetcore-browser-refresh.js - -
2023-10-24 14:35:20.304 +02:00 [Information] Request finished HTTP/2 GET https://localhost:7205/_framework/aspnetcore-browser-refresh.js - - - 200 12342 application/javascript;+charset=utf-8 0.1808ms
2023-10-24 14:35:20.305 +02:00 [Information] Sending file. Request path: '"/Identity/lib/jquery-validation-unobtrusive/jquery.validate.unobtrusive.js"'. Physical path: '"C:\Users\abdik\.nuget\packages\microsoft.aspnetcore.identity.ui\6.0.20\staticwebassets\V5\lib\jquery-validation-unobtrusive\jquery.validate.unobtrusive.js"'
2023-10-24 14:35:20.305 +02:00 [Information] Sending file. Request path: '"/Identity/lib/jquery-validation/dist/jquery.validate.js"'. Physical path: '"C:\Users\abdik\.nuget\packages\microsoft.aspnetcore.identity.ui\6.0.20\staticwebassets\V5\lib\jquery-validation\dist\jquery.validate.js"'
2023-10-24 14:35:20.305 +02:00 [Information] Request finished HTTP/2 GET https://localhost:7205/Identity/lib/jquery-validation-unobtrusive/jquery.validate.unobtrusive.js - - - 200 19366 application/javascript 1.2166ms
2023-10-24 14:35:20.305 +02:00 [Information] Request finished HTTP/2 GET https://localhost:7205/Identity/lib/jquery-validation/dist/jquery.validate.js - - - 200 48676 application/javascript 1.6984ms
2023-10-24 14:35:20.307 +02:00 [Information] Request finished HTTP/2 GET https://localhost:7205/Identity/Account/style.css - - - 404 0 - 3.6750ms
2023-10-24 14:35:20.325 +02:00 [Information] Request starting HTTP/2 GET https://localhost:7205/_vs/browserLink - -
2023-10-24 14:35:20.327 +02:00 [Information] Request finished HTTP/2 GET https://localhost:7205/_vs/browserLink - - - 200 - text/javascript;+charset=UTF-8 2.1350ms
2023-10-24 14:35:21.332 +02:00 [Information] Request starting HTTP/2 POST https://localhost:7205/Identity/Account/Login application/x-www-form-urlencoded 280
2023-10-24 14:35:21.333 +02:00 [Information] Executing endpoint '"/Account/Login"'
2023-10-24 14:35:21.333 +02:00 [Information] Route matched with "{page = \"/Account/Login\", area = \"Identity\", action = \"\", controller = \"\"}". Executing page "/Account/Login"
2023-10-24 14:35:21.349 +02:00 [Information] Executing handler method "Forum.Areas.Identity.Pages.Account.LoginModel.OnPostAsync" - ModelState is Valid
2023-10-24 14:35:21.398 +02:00 [Information] AuthenticationScheme: "Identity.Application" signed in.
2023-10-24 14:35:21.398 +02:00 [Information] User logged in.
2023-10-24 14:35:21.398 +02:00 [Information] Executed handler method "OnPostAsync", returned result "Microsoft.AspNetCore.Mvc.LocalRedirectResult".
2023-10-24 14:35:21.398 +02:00 [Information] Executing LocalRedirectResult, redirecting to "/".
2023-10-24 14:35:21.399 +02:00 [Information] Executed page "/Account/Login" in 65.4444ms
2023-10-24 14:35:21.399 +02:00 [Information] Executed endpoint '"/Account/Login"'
2023-10-24 14:35:21.399 +02:00 [Information] Request finished HTTP/2 POST https://localhost:7205/Identity/Account/Login application/x-www-form-urlencoded 280 - 302 0 - 66.5592ms
2023-10-24 14:35:21.402 +02:00 [Information] Request starting HTTP/2 GET https://localhost:7205/ - -
2023-10-24 14:35:21.405 +02:00 [Information] Executing endpoint '"Forum.Controllers.HomeController.Index (Forum)"'
2023-10-24 14:35:21.405 +02:00 [Information] Route matched with "{action = \"Index\", controller = \"Home\", page = \"\", area = \"\"}". Executing controller action with signature "Microsoft.AspNetCore.Mvc.IActionResult Index()" on controller "Forum.Controllers.HomeController" ("Forum").
2023-10-24 14:35:21.405 +02:00 [Information] Executing ViewResult, running view "Index".
2023-10-24 14:35:21.410 +02:00 [Information] Executed ViewResult - view "Index" executed in 4.5391ms.
2023-10-24 14:35:21.410 +02:00 [Information] Executed action "Forum.Controllers.HomeController.Index (Forum)" in 4.8378ms
2023-10-24 14:35:21.410 +02:00 [Information] Executed endpoint '"Forum.Controllers.HomeController.Index (Forum)"'
2023-10-24 14:35:21.412 +02:00 [Information] Request finished HTTP/2 GET https://localhost:7205/ - - - 200 - text/html;+charset=utf-8 9.7546ms
2023-10-24 14:35:21.428 +02:00 [Information] Request starting HTTP/2 GET https://localhost:7205/style.css - -
2023-10-24 14:35:21.428 +02:00 [Information] Request starting HTTP/2 GET https://localhost:7205/_framework/aspnetcore-browser-refresh.js - -
2023-10-24 14:35:21.428 +02:00 [Information] Request starting HTTP/2 GET https://localhost:7205/images/cyberS.jpg - -
2023-10-24 14:35:21.429 +02:00 [Information] Request finished HTTP/2 GET https://localhost:7205/_framework/aspnetcore-browser-refresh.js - - - 200 12342 application/javascript;+charset=utf-8 0.1559ms
2023-10-24 14:35:21.429 +02:00 [Information] The file "/images/cyberS.jpg" was not modified
2023-10-24 14:35:21.429 +02:00 [Information] Request finished HTTP/2 GET https://localhost:7205/images/cyberS.jpg - - - 304 - image/jpeg 0.3627ms
2023-10-24 14:35:21.430 +02:00 [Information] Request finished HTTP/2 GET https://localhost:7205/style.css - - - 404 0 - 2.0008ms
2023-10-24 14:35:21.432 +02:00 [Information] Request starting HTTP/2 GET https://localhost:7205/_vs/browserLink - -
2023-10-24 14:35:21.434 +02:00 [Information] Request finished HTTP/2 GET https://localhost:7205/_vs/browserLink - - - 200 - text/javascript;+charset=UTF-8 1.5428ms
2023-10-24 14:35:22.465 +02:00 [Information] Request starting HTTP/2 GET https://localhost:7205/Category/CategoryTable - -
2023-10-24 14:35:22.467 +02:00 [Information] Executing endpoint '"Forum.Controllers.CategoryController.CategoryTable (Forum)"'
2023-10-24 14:35:22.469 +02:00 [Information] Route matched with "{action = \"CategoryTable\", controller = \"Category\", page = \"\", area = \"\"}". Executing controller action with signature "System.Threading.Tasks.Task`1[Microsoft.AspNetCore.Mvc.IActionResult] CategoryTable()" on controller "Forum.Controllers.CategoryController" ("Forum").
2023-10-24 14:35:22.475 +02:00 [Information] Executing ViewResult, running view "CategoryTable".
2023-10-24 14:35:22.483 +02:00 [Information] Executed ViewResult - view "CategoryTable" executed in 7.914ms.
2023-10-24 14:35:22.483 +02:00 [Information] Executed action "Forum.Controllers.CategoryController.CategoryTable (Forum)" in 13.5623ms
2023-10-24 14:35:22.483 +02:00 [Information] Executed endpoint '"Forum.Controllers.CategoryController.CategoryTable (Forum)"'
2023-10-24 14:35:22.484 +02:00 [Information] Request finished HTTP/2 GET https://localhost:7205/Category/CategoryTable - - - 200 - text/html;+charset=utf-8 19.0152ms
2023-10-24 14:35:22.498 +02:00 [Information] Request starting HTTP/2 GET https://localhost:7205/Category/style.css - -
2023-10-24 14:35:22.498 +02:00 [Information] Request starting HTTP/2 GET https://localhost:7205/_vs/browserLink - -
2023-10-24 14:35:22.498 +02:00 [Information] Request starting HTTP/2 GET https://localhost:7205/_framework/aspnetcore-browser-refresh.js - -
2023-10-24 14:35:22.498 +02:00 [Information] Request finished HTTP/2 GET https://localhost:7205/_framework/aspnetcore-browser-refresh.js - - - 200 12342 application/javascript;+charset=utf-8 0.1343ms
2023-10-24 14:35:22.500 +02:00 [Information] Request finished HTTP/2 GET https://localhost:7205/_vs/browserLink - - - 200 - text/javascript;+charset=UTF-8 1.8336ms
2023-10-24 14:35:22.501 +02:00 [Information] Request finished HTTP/2 GET https://localhost:7205/Category/style.css - - - 404 0 - 3.2438ms
2023-10-24 14:35:23.229 +02:00 [Information] Request starting HTTP/2 GET https://localhost:7205/ - -
2023-10-24 14:35:23.231 +02:00 [Information] Executing endpoint '"Forum.Controllers.HomeController.Index (Forum)"'
2023-10-24 14:35:23.231 +02:00 [Information] Route matched with "{action = \"Index\", controller = \"Home\", page = \"\", area = \"\"}". Executing controller action with signature "Microsoft.AspNetCore.Mvc.IActionResult Index()" on controller "Forum.Controllers.HomeController" ("Forum").
2023-10-24 14:35:23.231 +02:00 [Information] Executing ViewResult, running view "Index".
2023-10-24 14:35:23.233 +02:00 [Information] Executed ViewResult - view "Index" executed in 2.0589ms.
2023-10-24 14:35:23.233 +02:00 [Information] Executed action "Forum.Controllers.HomeController.Index (Forum)" in 2.1594ms
2023-10-24 14:35:23.233 +02:00 [Information] Executed endpoint '"Forum.Controllers.HomeController.Index (Forum)"'
2023-10-24 14:35:23.234 +02:00 [Information] Request finished HTTP/2 GET https://localhost:7205/ - - - 200 - text/html;+charset=utf-8 5.1352ms
2023-10-24 14:35:23.249 +02:00 [Information] Request starting HTTP/2 GET https://localhost:7205/style.css - -
2023-10-24 14:35:23.250 +02:00 [Information] Request starting HTTP/2 GET https://localhost:7205/_vs/browserLink - -
2023-10-24 14:35:23.250 +02:00 [Information] Request starting HTTP/2 GET https://localhost:7205/_framework/aspnetcore-browser-refresh.js - -
2023-10-24 14:35:23.250 +02:00 [Information] Request finished HTTP/2 GET https://localhost:7205/_framework/aspnetcore-browser-refresh.js - - - 200 12342 application/javascript;+charset=utf-8 0.1093ms
2023-10-24 14:35:23.250 +02:00 [Information] Request finished HTTP/2 GET https://localhost:7205/style.css - - - 404 0 - 1.3250ms
2023-10-24 14:35:23.251 +02:00 [Information] Request finished HTTP/2 GET https://localhost:7205/_vs/browserLink - - - 200 - text/javascript;+charset=UTF-8 1.5684ms
2023-10-24 14:35:30.769 +02:00 [Information] Request starting HTTP/2 GET https://localhost:7205/Post/PostDetails - -
2023-10-24 14:35:30.770 +02:00 [Information] Executing endpoint '"Forum.Controllers.PostController.PostDetails (Forum)"'
2023-10-24 14:35:30.772 +02:00 [Information] Route matched with "{action = \"PostDetails\", controller = \"Post\", page = \"\", area = \"\"}". Executing controller action with signature "System.Threading.Tasks.Task`1[Microsoft.AspNetCore.Mvc.IActionResult] PostDetails(Int32)" on controller "Forum.Controllers.PostController" ("Forum").
2023-10-24 14:35:30.782 +02:00 [Error] [PostController] post not found for the TopicId 0000
2023-10-24 14:35:30.784 +02:00 [Information] Executing "NotFoundObjectResult", writing value of type '"System.String"'.
2023-10-24 14:35:30.785 +02:00 [Information] Executed action "Forum.Controllers.PostController.PostDetails (Forum)" in 13.0409ms
2023-10-24 14:35:30.786 +02:00 [Information] Executed endpoint '"Forum.Controllers.PostController.PostDetails (Forum)"'
2023-10-24 14:35:30.786 +02:00 [Information] Request finished HTTP/2 GET https://localhost:7205/Post/PostDetails - - - 404 - text/plain;+charset=utf-8 17.1308ms
2023-10-24 14:35:32.365 +02:00 [Information] Request starting HTTP/2 GET https://localhost:7205/ - -
2023-10-24 14:35:32.366 +02:00 [Information] Executing endpoint '"Forum.Controllers.HomeController.Index (Forum)"'
2023-10-24 14:35:32.366 +02:00 [Information] Route matched with "{action = \"Index\", controller = \"Home\", page = \"\", area = \"\"}". Executing controller action with signature "Microsoft.AspNetCore.Mvc.IActionResult Index()" on controller "Forum.Controllers.HomeController" ("Forum").
2023-10-24 14:35:32.367 +02:00 [Information] Executing ViewResult, running view "Index".
2023-10-24 14:35:32.368 +02:00 [Information] Executed ViewResult - view "Index" executed in 1.8271ms.
2023-10-24 14:35:32.368 +02:00 [Information] Executed action "Forum.Controllers.HomeController.Index (Forum)" in 1.9268ms
2023-10-24 14:35:32.368 +02:00 [Information] Executed endpoint '"Forum.Controllers.HomeController.Index (Forum)"'
2023-10-24 14:35:32.370 +02:00 [Information] Request finished HTTP/2 GET https://localhost:7205/ - - - 200 - text/html;+charset=utf-8 4.7220ms
2023-10-24 14:35:32.393 +02:00 [Information] Request starting HTTP/2 GET https://localhost:7205/_framework/aspnetcore-browser-refresh.js - -
2023-10-24 14:35:32.393 +02:00 [Information] Request finished HTTP/2 GET https://localhost:7205/_framework/aspnetcore-browser-refresh.js - - - 200 12342 application/javascript;+charset=utf-8 0.2042ms
2023-10-24 14:35:33.875 +02:00 [Information] Request starting HTTP/2 GET https://localhost:7205/Post/PostDetails/1 - -
2023-10-24 14:35:33.877 +02:00 [Information] Executing endpoint '"Forum.Controllers.PostController.PostDetails (Forum)"'
2023-10-24 14:35:33.877 +02:00 [Information] Route matched with "{action = \"PostDetails\", controller = \"Post\", page = \"\", area = \"\"}". Executing controller action with signature "System.Threading.Tasks.Task`1[Microsoft.AspNetCore.Mvc.IActionResult] PostDetails(Int32)" on controller "Forum.Controllers.PostController" ("Forum").
2023-10-24 14:35:33.879 +02:00 [Information] Executing ViewResult, running view "PostDetails".
2023-10-24 14:35:33.897 +02:00 [Information] Executed ViewResult - view "PostDetails" executed in 17.8096ms.
2023-10-24 14:35:33.897 +02:00 [Information] Executed action "Forum.Controllers.PostController.PostDetails (Forum)" in 19.4145ms
2023-10-24 14:35:33.897 +02:00 [Information] Executed endpoint '"Forum.Controllers.PostController.PostDetails (Forum)"'
2023-10-24 14:35:33.897 +02:00 [Information] Request finished HTTP/2 GET https://localhost:7205/Post/PostDetails/1 - - - 200 - text/html;+charset=utf-8 22.7591ms
2023-10-24 14:35:33.914 +02:00 [Information] Request starting HTTP/2 GET https://localhost:7205/Post/PostDetails/style.css - -
2023-10-24 14:35:33.914 +02:00 [Information] Request starting HTTP/2 GET https://localhost:7205/css/style.css?v=l5Iz_l9ngncCa7RBHFoGIqzK6IOAKT_ANwuQAZFFdAE - -
2023-10-24 14:35:33.914 +02:00 [Information] Request starting HTTP/2 GET https://localhost:7205/_framework/aspnetcore-browser-refresh.js - -
2023-10-24 14:35:33.914 +02:00 [Information] The file "/css/style.css" was not modified
2023-10-24 14:35:33.914 +02:00 [Information] Request finished HTTP/2 GET https://localhost:7205/css/style.css?v=l5Iz_l9ngncCa7RBHFoGIqzK6IOAKT_ANwuQAZFFdAE - - - 304 - text/css 0.4167ms
2023-10-24 14:35:33.914 +02:00 [Information] Request finished HTTP/2 GET https://localhost:7205/_framework/aspnetcore-browser-refresh.js - - - 200 12342 application/javascript;+charset=utf-8 0.1757ms
2023-10-24 14:35:33.916 +02:00 [Information] Executing endpoint '"Forum.Controllers.PostController.PostDetails (Forum)"'
2023-10-24 14:35:33.916 +02:00 [Information] Route matched with "{action = \"PostDetails\", controller = \"Post\", page = \"\", area = \"\"}". Executing controller action with signature "System.Threading.Tasks.Task`1[Microsoft.AspNetCore.Mvc.IActionResult] PostDetails(Int32)" on controller "Forum.Controllers.PostController" ("Forum").
2023-10-24 14:35:33.918 +02:00 [Error] [PostController] post not found for the TopicId 0000
2023-10-24 14:35:33.919 +02:00 [Information] Executing "NotFoundObjectResult", writing value of type '"System.String"'.
2023-10-24 14:35:33.919 +02:00 [Information] Executed action "Forum.Controllers.PostController.PostDetails (Forum)" in 3.0663ms
2023-10-24 14:35:33.919 +02:00 [Information] Executed endpoint '"Forum.Controllers.PostController.PostDetails (Forum)"'
2023-10-24 14:35:33.919 +02:00 [Information] Request finished HTTP/2 GET https://localhost:7205/Post/PostDetails/style.css - - - 404 - text/plain;+charset=utf-8 4.9913ms
2023-10-24 14:35:33.919 +02:00 [Information] Request starting HTTP/2 GET https://localhost:7205/_vs/browserLink - -
2023-10-24 14:35:33.921 +02:00 [Information] Request finished HTTP/2 GET https://localhost:7205/_vs/browserLink - - - 200 - text/javascript;+charset=UTF-8 1.6230ms
2023-10-24 14:35:38.323 +02:00 [Information] Request starting HTTP/2 GET https://localhost:7205/ - -
2023-10-24 14:35:38.325 +02:00 [Information] Executing endpoint '"Forum.Controllers.HomeController.Index (Forum)"'
2023-10-24 14:35:38.325 +02:00 [Information] Route matched with "{action = \"Index\", controller = \"Home\", page = \"\", area = \"\"}". Executing controller action with signature "Microsoft.AspNetCore.Mvc.IActionResult Index()" on controller "Forum.Controllers.HomeController" ("Forum").
2023-10-24 14:35:38.326 +02:00 [Information] Executing ViewResult, running view "Index".
2023-10-24 14:35:38.328 +02:00 [Information] Executed ViewResult - view "Index" executed in 2.268ms.
2023-10-24 14:35:38.328 +02:00 [Information] Executed action "Forum.Controllers.HomeController.Index (Forum)" in 2.4879ms
2023-10-24 14:35:38.328 +02:00 [Information] Executed endpoint '"Forum.Controllers.HomeController.Index (Forum)"'
2023-10-24 14:35:38.329 +02:00 [Information] Request finished HTTP/2 GET https://localhost:7205/ - - - 200 - text/html;+charset=utf-8 6.2269ms
2023-10-24 14:35:38.368 +02:00 [Information] Request starting HTTP/2 GET https://localhost:7205/_framework/aspnetcore-browser-refresh.js - -
2023-10-24 14:35:38.368 +02:00 [Information] Request finished HTTP/2 GET https://localhost:7205/_framework/aspnetcore-browser-refresh.js - - - 200 12342 application/javascript;+charset=utf-8 0.2281ms
2023-10-24 14:35:41.753 +02:00 [Information] Request starting HTTP/2 GET https://localhost:7205/Post/PostDetails - -
2023-10-24 14:35:41.754 +02:00 [Information] Executing endpoint '"Forum.Controllers.PostController.PostDetails (Forum)"'
2023-10-24 14:35:41.754 +02:00 [Information] Route matched with "{action = \"PostDetails\", controller = \"Post\", page = \"\", area = \"\"}". Executing controller action with signature "System.Threading.Tasks.Task`1[Microsoft.AspNetCore.Mvc.IActionResult] PostDetails(Int32)" on controller "Forum.Controllers.PostController" ("Forum").
2023-10-24 14:35:41.756 +02:00 [Error] [PostController] post not found for the TopicId 0000
2023-10-24 14:35:41.756 +02:00 [Information] Executing "NotFoundObjectResult", writing value of type '"System.String"'.
2023-10-24 14:35:41.756 +02:00 [Information] Executed action "Forum.Controllers.PostController.PostDetails (Forum)" in 1.744ms
2023-10-24 14:35:41.756 +02:00 [Information] Executed endpoint '"Forum.Controllers.PostController.PostDetails (Forum)"'
2023-10-24 14:35:41.756 +02:00 [Information] Request finished HTTP/2 GET https://localhost:7205/Post/PostDetails - - - 404 - text/plain;+charset=utf-8 3.3895ms
2023-10-24 14:35:43.270 +02:00 [Information] Request starting HTTP/2 GET https://localhost:7205/ - -
2023-10-24 14:35:43.271 +02:00 [Information] Executing endpoint '"Forum.Controllers.HomeController.Index (Forum)"'
2023-10-24 14:35:43.271 +02:00 [Information] Route matched with "{action = \"Index\", controller = \"Home\", page = \"\", area = \"\"}". Executing controller action with signature "Microsoft.AspNetCore.Mvc.IActionResult Index()" on controller "Forum.Controllers.HomeController" ("Forum").
2023-10-24 14:35:43.271 +02:00 [Information] Executing ViewResult, running view "Index".
2023-10-24 14:35:43.273 +02:00 [Information] Executed ViewResult - view "Index" executed in 1.6235ms.
2023-10-24 14:35:43.273 +02:00 [Information] Executed action "Forum.Controllers.HomeController.Index (Forum)" in 1.7218ms
2023-10-24 14:35:43.273 +02:00 [Information] Executed endpoint '"Forum.Controllers.HomeController.Index (Forum)"'
2023-10-24 14:35:43.274 +02:00 [Information] Request finished HTTP/2 GET https://localhost:7205/ - - - 200 - text/html;+charset=utf-8 4.3778ms
2023-10-24 14:35:43.294 +02:00 [Information] Request starting HTTP/2 GET https://localhost:7205/_framework/aspnetcore-browser-refresh.js - -
2023-10-24 14:35:43.294 +02:00 [Information] Request finished HTTP/2 GET https://localhost:7205/_framework/aspnetcore-browser-refresh.js - - - 200 12342 application/javascript;+charset=utf-8 0.1314ms
2023-10-24 14:36:50.021 +02:00 [Information] Request starting HTTP/2 GET https://localhost:7205/Search/Search?search=Liverpool - -
2023-10-24 14:36:50.022 +02:00 [Information] Executing endpoint '"Forum.Controllers.SearchController.Search (Forum)"'
2023-10-24 14:36:50.023 +02:00 [Information] Route matched with "{action = \"Search\", controller = \"Search\", page = \"\", area = \"\"}". Executing controller action with signature "Microsoft.AspNetCore.Mvc.IActionResult Search(System.String)" on controller "Forum.Controllers.SearchController" ("Forum").
2023-10-24 14:36:50.042 +02:00 [Information] Executing ViewResult, running view "Search".
2023-10-24 14:36:50.048 +02:00 [Information] Executed ViewResult - view "Search" executed in 6.1616ms.
2023-10-24 14:36:50.048 +02:00 [Information] Executed action "Forum.Controllers.SearchController.Search (Forum)" in 24.6567ms
2023-10-24 14:36:50.048 +02:00 [Information] Executed endpoint '"Forum.Controllers.SearchController.Search (Forum)"'
2023-10-24 14:36:50.049 +02:00 [Information] Request finished HTTP/2 GET https://localhost:7205/Search/Search?search=Liverpool - - - 200 - text/html;+charset=utf-8 28.0822ms
2023-10-24 14:36:50.076 +02:00 [Information] Request starting HTTP/2 GET https://localhost:7205/Search/style.css - -
2023-10-24 14:36:50.076 +02:00 [Information] Request starting HTTP/2 GET https://localhost:7205/css/style.css?v=l5Iz_l9ngncCa7RBHFoGIqzK6IOAKT_ANwuQAZFFdAE - -
2023-10-24 14:36:50.076 +02:00 [Information] The file "/css/style.css" was not modified
2023-10-24 14:36:50.076 +02:00 [Information] Request finished HTTP/2 GET https://localhost:7205/css/style.css?v=l5Iz_l9ngncCa7RBHFoGIqzK6IOAKT_ANwuQAZFFdAE - - - 304 - text/css 0.5008ms
2023-10-24 14:36:50.077 +02:00 [Information] Request starting HTTP/2 GET https://localhost:7205/_framework/aspnetcore-browser-refresh.js - -
2023-10-24 14:36:50.077 +02:00 [Information] Request finished HTTP/2 GET https://localhost:7205/_framework/aspnetcore-browser-refresh.js - - - 200 12342 application/javascript;+charset=utf-8 0.1054ms
2023-10-24 14:36:50.077 +02:00 [Information] Request finished HTTP/2 GET https://localhost:7205/Search/style.css - - - 404 0 - 1.5950ms
2023-10-24 14:36:50.084 +02:00 [Information] Request starting HTTP/2 GET https://localhost:7205/_vs/browserLink - -
2023-10-24 14:36:50.086 +02:00 [Information] Request finished HTTP/2 GET https://localhost:7205/_vs/browserLink - - - 200 - text/javascript;+charset=UTF-8 1.6666ms
2023-10-24 14:36:55.452 +02:00 [Information] Request starting HTTP/2 GET https://localhost:7205/Topic/TopicTable - -
2023-10-24 14:36:55.454 +02:00 [Information] Executing endpoint '"Forum.Controllers.TopicController.TopicTable (Forum)"'
2023-10-24 14:36:55.455 +02:00 [Information] Route matched with "{action = \"TopicTable\", controller = \"Topic\", page = \"\", area = \"\"}". Executing controller action with signature "System.Threading.Tasks.Task`1[Microsoft.AspNetCore.Mvc.IActionResult] TopicTable()" on controller "Forum.Controllers.TopicController" ("Forum").
2023-10-24 14:36:55.459 +02:00 [Information] Executing ViewResult, running view "TopicTable".
2023-10-24 14:36:55.465 +02:00 [Information] Executed ViewResult - view "TopicTable" executed in 6.6842ms.
2023-10-24 14:36:55.465 +02:00 [Information] Executed action "Forum.Controllers.TopicController.TopicTable (Forum)" in 10.0468ms
2023-10-24 14:36:55.465 +02:00 [Information] Executed endpoint '"Forum.Controllers.TopicController.TopicTable (Forum)"'
2023-10-24 14:36:55.466 +02:00 [Information] Request finished HTTP/2 GET https://localhost:7205/Topic/TopicTable - - - 200 - text/html;+charset=utf-8 13.9065ms
2023-10-24 14:36:55.488 +02:00 [Information] Request starting HTTP/2 GET https://localhost:7205/_framework/aspnetcore-browser-refresh.js - -
2023-10-24 14:36:55.488 +02:00 [Information] Request starting HTTP/2 GET https://localhost:7205/Topic/style.css - -
2023-10-24 14:36:55.488 +02:00 [Information] Request starting HTTP/2 GET https://localhost:7205/_vs/browserLink - -
2023-10-24 14:36:55.488 +02:00 [Information] Request finished HTTP/2 GET https://localhost:7205/_framework/aspnetcore-browser-refresh.js - - - 200 12342 application/javascript;+charset=utf-8 0.1818ms
2023-10-24 14:36:55.490 +02:00 [Information] Request finished HTTP/2 GET https://localhost:7205/_vs/browserLink - - - 200 - text/javascript;+charset=UTF-8 1.7749ms
2023-10-24 14:36:55.490 +02:00 [Information] Request finished HTTP/2 GET https://localhost:7205/Topic/style.css - - - 404 0 - 2.3918ms
2023-10-24 14:36:56.366 +02:00 [Information] Request starting HTTP/2 GET https://localhost:7205/Topic/TopicDetails/1 - -
2023-10-24 14:36:56.368 +02:00 [Information] Executing endpoint '"Forum.Controllers.TopicController.TopicDetails (Forum)"'
2023-10-24 14:36:56.369 +02:00 [Information] Route matched with "{action = \"TopicDetails\", controller = \"Topic\", page = \"\", area = \"\"}". Executing controller action with signature "System.Threading.Tasks.Task`1[Microsoft.AspNetCore.Mvc.IActionResult] TopicDetails(Int32)" on controller "Forum.Controllers.TopicController" ("Forum").
2023-10-24 14:36:56.373 +02:00 [Information] Executing ViewResult, running view "TopicDetails".
2023-10-24 14:36:56.383 +02:00 [Information] Executed ViewResult - view "TopicDetails" executed in 9.9548ms.
2023-10-24 14:36:56.383 +02:00 [Information] Executed action "Forum.Controllers.TopicController.TopicDetails (Forum)" in 13.712ms
2023-10-24 14:36:56.383 +02:00 [Information] Executed endpoint '"Forum.Controllers.TopicController.TopicDetails (Forum)"'
2023-10-24 14:36:56.384 +02:00 [Information] Request finished HTTP/2 GET https://localhost:7205/Topic/TopicDetails/1 - - - 200 - text/html;+charset=utf-8 17.4204ms
2023-10-24 14:36:56.400 +02:00 [Information] Request starting HTTP/2 GET https://localhost:7205/Topic/TopicDetails/style.css - -
2023-10-24 14:36:56.400 +02:00 [Information] Request starting HTTP/2 GET https://localhost:7205/_vs/browserLink - -
2023-10-24 14:36:56.401 +02:00 [Information] Request starting HTTP/2 GET https://localhost:7205/_framework/aspnetcore-browser-refresh.js - -
2023-10-24 14:36:56.401 +02:00 [Information] Request finished HTTP/2 GET https://localhost:7205/_framework/aspnetcore-browser-refresh.js - - - 200 12342 application/javascript;+charset=utf-8 0.1012ms
2023-10-24 14:36:56.401 +02:00 [Information] Executing endpoint '"Forum.Controllers.TopicController.TopicDetails (Forum)"'
2023-10-24 14:36:56.401 +02:00 [Information] Route matched with "{action = \"TopicDetails\", controller = \"Topic\", page = \"\", area = \"\"}". Executing controller action with signature "System.Threading.Tasks.Task`1[Microsoft.AspNetCore.Mvc.IActionResult] TopicDetails(Int32)" on controller "Forum.Controllers.TopicController" ("Forum").
2023-10-24 14:36:56.402 +02:00 [Information] Request finished HTTP/2 GET https://localhost:7205/_vs/browserLink - - - 200 - text/javascript;+charset=UTF-8 1.6180ms
2023-10-24 14:36:56.403 +02:00 [Error] [TopicController] Topic not found for the TopicId 0000
2023-10-24 14:36:56.403 +02:00 [Information] Executing "NotFoundObjectResult", writing value of type '"System.String"'.
2023-10-24 14:36:56.403 +02:00 [Information] Executed action "Forum.Controllers.TopicController.TopicDetails (Forum)" in 2.289ms
2023-10-24 14:36:56.403 +02:00 [Information] Executed endpoint '"Forum.Controllers.TopicController.TopicDetails (Forum)"'
2023-10-24 14:36:56.403 +02:00 [Information] Request finished HTTP/2 GET https://localhost:7205/Topic/TopicDetails/style.css - - - 404 - text/plain;+charset=utf-8 3.6589ms
2023-10-24 14:36:59.650 +02:00 [Information] Request starting HTTP/2 GET https://localhost:7205/Post/PostDetails/1 - -
2023-10-24 14:36:59.652 +02:00 [Information] Executing endpoint '"Forum.Controllers.PostController.PostDetails (Forum)"'
2023-10-24 14:36:59.652 +02:00 [Information] Route matched with "{action = \"PostDetails\", controller = \"Post\", page = \"\", area = \"\"}". Executing controller action with signature "System.Threading.Tasks.Task`1[Microsoft.AspNetCore.Mvc.IActionResult] PostDetails(Int32)" on controller "Forum.Controllers.PostController" ("Forum").
2023-10-24 14:36:59.653 +02:00 [Information] Executing ViewResult, running view "PostDetails".
2023-10-24 14:36:59.655 +02:00 [Information] Executed ViewResult - view "PostDetails" executed in 2.4488ms.
2023-10-24 14:36:59.655 +02:00 [Information] Executed action "Forum.Controllers.PostController.PostDetails (Forum)" in 3.2588ms
2023-10-24 14:36:59.655 +02:00 [Information] Executed endpoint '"Forum.Controllers.PostController.PostDetails (Forum)"'
2023-10-24 14:36:59.656 +02:00 [Information] Request finished HTTP/2 GET https://localhost:7205/Post/PostDetails/1 - - - 200 - text/html;+charset=utf-8 5.5621ms
2023-10-24 14:36:59.672 +02:00 [Information] Request starting HTTP/2 GET https://localhost:7205/Post/PostDetails/style.css - -
2023-10-24 14:36:59.672 +02:00 [Information] Request starting HTTP/2 GET https://localhost:7205/_framework/aspnetcore-browser-refresh.js - -
2023-10-24 14:36:59.672 +02:00 [Information] Request starting HTTP/2 GET https://localhost:7205/_vs/browserLink - -
2023-10-24 14:36:59.672 +02:00 [Information] Request finished HTTP/2 GET https://localhost:7205/_framework/aspnetcore-browser-refresh.js - - - 200 12342 application/javascript;+charset=utf-8 0.1322ms
2023-10-24 14:36:59.673 +02:00 [Information] Executing endpoint '"Forum.Controllers.PostController.PostDetails (Forum)"'
2023-10-24 14:36:59.673 +02:00 [Information] Route matched with "{action = \"PostDetails\", controller = \"Post\", page = \"\", area = \"\"}". Executing controller action with signature "System.Threading.Tasks.Task`1[Microsoft.AspNetCore.Mvc.IActionResult] PostDetails(Int32)" on controller "Forum.Controllers.PostController" ("Forum").
2023-10-24 14:36:59.674 +02:00 [Information] Request finished HTTP/2 GET https://localhost:7205/_vs/browserLink - - - 200 - text/javascript;+charset=UTF-8 1.6988ms
2023-10-24 14:36:59.674 +02:00 [Error] [PostController] post not found for the TopicId 0000
2023-10-24 14:36:59.674 +02:00 [Information] Executing "NotFoundObjectResult", writing value of type '"System.String"'.
2023-10-24 14:36:59.674 +02:00 [Information] Executed action "Forum.Controllers.PostController.PostDetails (Forum)" in 1.1341ms
2023-10-24 14:36:59.674 +02:00 [Information] Executed endpoint '"Forum.Controllers.PostController.PostDetails (Forum)"'
2023-10-24 14:36:59.674 +02:00 [Information] Request finished HTTP/2 GET https://localhost:7205/Post/PostDetails/style.css - - - 404 - text/plain;+charset=utf-8 2.4697ms
2023-10-24 14:37:01.483 +02:00 [Information] Request starting HTTP/2 GET https://localhost:7205/Topic/TopicDetails/1 - -
2023-10-24 14:37:01.485 +02:00 [Information] Executing endpoint '"Forum.Controllers.TopicController.TopicDetails (Forum)"'
2023-10-24 14:37:01.485 +02:00 [Information] Route matched with "{action = \"TopicDetails\", controller = \"Topic\", page = \"\", area = \"\"}". Executing controller action with signature "System.Threading.Tasks.Task`1[Microsoft.AspNetCore.Mvc.IActionResult] TopicDetails(Int32)" on controller "Forum.Controllers.TopicController" ("Forum").
2023-10-24 14:37:01.486 +02:00 [Information] Executing ViewResult, running view "TopicDetails".
2023-10-24 14:37:01.489 +02:00 [Information] Executed ViewResult - view "TopicDetails" executed in 2.8323ms.
2023-10-24 14:37:01.489 +02:00 [Information] Executed action "Forum.Controllers.TopicController.TopicDetails (Forum)" in 3.6872ms
2023-10-24 14:37:01.489 +02:00 [Information] Executed endpoint '"Forum.Controllers.TopicController.TopicDetails (Forum)"'
2023-10-24 14:37:01.490 +02:00 [Information] Request finished HTTP/2 GET https://localhost:7205/Topic/TopicDetails/1 - - - 200 - text/html;+charset=utf-8 6.2360ms
2023-10-24 14:37:01.509 +02:00 [Information] Request starting HTTP/2 GET https://localhost:7205/_framework/aspnetcore-browser-refresh.js - -
2023-10-24 14:37:01.509 +02:00 [Information] Request finished HTTP/2 GET https://localhost:7205/_framework/aspnetcore-browser-refresh.js - - - 200 12342 application/javascript;+charset=utf-8 0.1859ms
2023-10-24 14:37:01.849 +02:00 [Information] Request starting HTTP/2 GET https://localhost:7205/Topic/TopicTable - -
2023-10-24 14:37:01.851 +02:00 [Information] Executing endpoint '"Forum.Controllers.TopicController.TopicTable (Forum)"'
2023-10-24 14:37:01.851 +02:00 [Information] Route matched with "{action = \"TopicTable\", controller = \"Topic\", page = \"\", area = \"\"}". Executing controller action with signature "System.Threading.Tasks.Task`1[Microsoft.AspNetCore.Mvc.IActionResult] TopicTable()" on controller "Forum.Controllers.TopicController" ("Forum").
2023-10-24 14:37:01.851 +02:00 [Information] Executing ViewResult, running view "TopicTable".
2023-10-24 14:37:01.853 +02:00 [Information] Executed ViewResult - view "TopicTable" executed in 1.6339ms.
2023-10-24 14:37:01.853 +02:00 [Information] Executed action "Forum.Controllers.TopicController.TopicTable (Forum)" in 2.0986ms
2023-10-24 14:37:01.853 +02:00 [Information] Executed endpoint '"Forum.Controllers.TopicController.TopicTable (Forum)"'
2023-10-24 14:37:01.853 +02:00 [Information] Request finished HTTP/2 GET https://localhost:7205/Topic/TopicTable - - - 200 - text/html;+charset=utf-8 4.1832ms
2023-10-24 14:37:01.869 +02:00 [Information] Request starting HTTP/2 GET https://localhost:7205/_framework/aspnetcore-browser-refresh.js - -
2023-10-24 14:37:01.870 +02:00 [Information] Request finished HTTP/2 GET https://localhost:7205/_framework/aspnetcore-browser-refresh.js - - - 200 12342 application/javascript;+charset=utf-8 0.1531ms
2023-10-24 14:38:21.459 +02:00 [Information] Request starting HTTP/2 GET https://localhost:7205/Topic/TopicDetails/1 - -
2023-10-24 14:38:21.460 +02:00 [Information] Executing endpoint '"Forum.Controllers.TopicController.TopicDetails (Forum)"'
2023-10-24 14:38:21.460 +02:00 [Information] Route matched with "{action = \"TopicDetails\", controller = \"Topic\", page = \"\", area = \"\"}". Executing controller action with signature "System.Threading.Tasks.Task`1[Microsoft.AspNetCore.Mvc.IActionResult] TopicDetails(Int32)" on controller "Forum.Controllers.TopicController" ("Forum").
2023-10-24 14:38:21.461 +02:00 [Information] Executing ViewResult, running view "TopicDetails".
2023-10-24 14:38:21.464 +02:00 [Information] Executed ViewResult - view "TopicDetails" executed in 3.2989ms.
2023-10-24 14:38:21.464 +02:00 [Information] Executed action "Forum.Controllers.TopicController.TopicDetails (Forum)" in 4.1192ms
2023-10-24 14:38:21.464 +02:00 [Information] Executed endpoint '"Forum.Controllers.TopicController.TopicDetails (Forum)"'
2023-10-24 14:38:21.465 +02:00 [Information] Request finished HTTP/2 GET https://localhost:7205/Topic/TopicDetails/1 - - - 200 - text/html;+charset=utf-8 6.3705ms
2023-10-24 14:38:21.486 +02:00 [Information] Request starting HTTP/2 GET https://localhost:7205/Topic/TopicDetails/style.css - -
2023-10-24 14:38:21.486 +02:00 [Information] Request starting HTTP/2 GET https://localhost:7205/css/style.css?v=l5Iz_l9ngncCa7RBHFoGIqzK6IOAKT_ANwuQAZFFdAE - -
2023-10-24 14:38:21.486 +02:00 [Information] Request starting HTTP/2 GET https://localhost:7205/_framework/aspnetcore-browser-refresh.js - -
2023-10-24 14:38:21.486 +02:00 [Information] The file "/css/style.css" was not modified
2023-10-24 14:38:21.486 +02:00 [Information] Request finished HTTP/2 GET https://localhost:7205/_framework/aspnetcore-browser-refresh.js - - - 200 12342 application/javascript;+charset=utf-8 0.1384ms
2023-10-24 14:38:21.486 +02:00 [Information] Request finished HTTP/2 GET https://localhost:7205/css/style.css?v=l5Iz_l9ngncCa7RBHFoGIqzK6IOAKT_ANwuQAZFFdAE - - - 304 - text/css 0.4265ms
2023-10-24 14:38:21.487 +02:00 [Information] Executing endpoint '"Forum.Controllers.TopicController.TopicDetails (Forum)"'
2023-10-24 14:38:21.487 +02:00 [Information] Route matched with "{action = \"TopicDetails\", controller = \"Topic\", page = \"\", area = \"\"}". Executing controller action with signature "System.Threading.Tasks.Task`1[Microsoft.AspNetCore.Mvc.IActionResult] TopicDetails(Int32)" on controller "Forum.Controllers.TopicController" ("Forum").
2023-10-24 14:38:21.488 +02:00 [Error] [TopicController] Topic not found for the TopicId 0000
2023-10-24 14:38:21.488 +02:00 [Information] Executing "NotFoundObjectResult", writing value of type '"System.String"'.
2023-10-24 14:38:21.488 +02:00 [Information] Executed action "Forum.Controllers.TopicController.TopicDetails (Forum)" in 0.9935ms
2023-10-24 14:38:21.488 +02:00 [Information] Executed endpoint '"Forum.Controllers.TopicController.TopicDetails (Forum)"'
2023-10-24 14:38:21.488 +02:00 [Information] Request finished HTTP/2 GET https://localhost:7205/Topic/TopicDetails/style.css - - - 404 - text/plain;+charset=utf-8 2.4062ms
2023-10-24 14:38:21.493 +02:00 [Information] Request starting HTTP/2 GET https://localhost:7205/_vs/browserLink - -
2023-10-24 14:38:21.494 +02:00 [Information] Request finished HTTP/2 GET https://localhost:7205/_vs/browserLink - - - 200 - text/javascript;+charset=UTF-8 1.4286ms
2023-10-24 14:38:23.163 +02:00 [Information] Request starting HTTP/2 GET https://localhost:7205/Search/Search?search=Liverpool - -
2023-10-24 14:38:23.165 +02:00 [Information] Executing endpoint '"Forum.Controllers.SearchController.Search (Forum)"'
2023-10-24 14:38:23.165 +02:00 [Information] Route matched with "{action = \"Search\", controller = \"Search\", page = \"\", area = \"\"}". Executing controller action with signature "Microsoft.AspNetCore.Mvc.IActionResult Search(System.String)" on controller "Forum.Controllers.SearchController" ("Forum").
2023-10-24 14:38:23.166 +02:00 [Information] Executing ViewResult, running view "Search".
2023-10-24 14:38:23.168 +02:00 [Information] Executed ViewResult - view "Search" executed in 1.6183ms.
2023-10-24 14:38:23.168 +02:00 [Information] Executed action "Forum.Controllers.SearchController.Search (Forum)" in 3.1035ms
2023-10-24 14:38:23.168 +02:00 [Information] Executed endpoint '"Forum.Controllers.SearchController.Search (Forum)"'
2023-10-24 14:38:23.169 +02:00 [Information] Request finished HTTP/2 GET https://localhost:7205/Search/Search?search=Liverpool - - - 200 - text/html;+charset=utf-8 5.4734ms
2023-10-24 14:38:23.189 +02:00 [Information] Request starting HTTP/2 GET https://localhost:7205/Search/style.css - -
2023-10-24 14:38:23.190 +02:00 [Information] Request starting HTTP/2 GET https://localhost:7205/_framework/aspnetcore-browser-refresh.js - -
2023-10-24 14:38:23.190 +02:00 [Information] Request starting HTTP/2 GET https://localhost:7205/_vs/browserLink - -
2023-10-24 14:38:23.190 +02:00 [Information] Request finished HTTP/2 GET https://localhost:7205/_framework/aspnetcore-browser-refresh.js - - - 200 12342 application/javascript;+charset=utf-8 0.1265ms
2023-10-24 14:38:23.190 +02:00 [Information] Request finished HTTP/2 GET https://localhost:7205/Search/style.css - - - 404 0 - 1.5146ms
2023-10-24 14:38:23.192 +02:00 [Information] Request finished HTTP/2 GET https://localhost:7205/_vs/browserLink - - - 200 - text/javascript;+charset=UTF-8 2.5434ms
