2023-10-23 20:44:49.503 +02:00 [Information] User profile is available. Using '"C:\Users\abdik\AppData\Local\ASP.NET\DataProtection-Keys"' as key repository and Windows DPAPI to encrypt keys at rest.
2023-10-23 20:44:49.932 +02:00 [Information] Now listening on: "https://localhost:7205"
2023-10-23 20:44:49.932 +02:00 [Information] Now listening on: "http://localhost:5112"
2023-10-23 20:44:49.935 +02:00 [Information] Application started. Press Ctrl+C to shut down.
2023-10-23 20:44:49.935 +02:00 [Information] Hosting environment: "Development"
2023-10-23 20:44:49.935 +02:00 [Information] Content root path: "C:\Users\abdik\Source\Repos\Forum\MyShop\"
2023-10-23 20:44:50.100 +02:00 [Information] Request starting HTTP/2 GET https://localhost:7205/Search/Search?search= - -
2023-10-23 20:44:50.146 +02:00 [Information] Executing endpoint '"Forum.Controllers.SearchController.Search (Forum)"'
2023-10-23 20:44:50.161 +02:00 [Information] Route matched with "{action = \"Search\", controller = \"Search\", page = \"\", area = \"\"}". Executing controller action with signature "Microsoft.AspNetCore.Mvc.IActionResult Search(System.String)" on controller "Forum.Controllers.SearchController" ("Forum").
2023-10-23 20:44:50.178 +02:00 [Information] Executing ViewResult, running view "Search".
2023-10-23 20:44:50.299 +02:00 [Information] Executed ViewResult - view "Search" executed in 119.6497ms.
2023-10-23 20:44:50.301 +02:00 [Information] Executed action "Forum.Controllers.SearchController.Search (Forum)" in 139.502ms
2023-10-23 20:44:50.301 +02:00 [Information] Executed endpoint '"Forum.Controllers.SearchController.Search (Forum)"'
2023-10-23 20:44:50.313 +02:00 [Information] Request finished HTTP/2 GET https://localhost:7205/Search/Search?search= - - - 200 - text/html;+charset=utf-8 215.8779ms
2023-10-23 20:44:50.318 +02:00 [Information] Request starting HTTP/2 GET https://localhost:7205/Search/style.css - -
2023-10-23 20:44:50.318 +02:00 [Information] Request starting HTTP/2 GET https://localhost:7205/_framework/aspnetcore-browser-refresh.js - -
2023-10-23 20:44:50.321 +02:00 [Information] Request finished HTTP/2 GET https://localhost:7205/_framework/aspnetcore-browser-refresh.js - - - 200 12342 application/javascript;+charset=utf-8 2.5070ms
2023-10-23 20:44:50.322 +02:00 [Information] Request finished HTTP/2 GET https://localhost:7205/Search/style.css - - - 404 0 - 3.8741ms
2023-10-23 20:44:50.382 +02:00 [Information] Request starting HTTP/2 GET https://localhost:7205/_vs/browserLink - -
2023-10-23 20:44:50.391 +02:00 [Information] Request finished HTTP/2 GET https://localhost:7205/_vs/browserLink - - - 200 - text/javascript;+charset=UTF-8 8.9191ms
2023-10-23 20:44:57.587 +02:00 [Information] Request starting HTTP/2 GET https://localhost:7205/Search/Search?search=Liverpool - -
2023-10-23 20:44:57.588 +02:00 [Information] Executing endpoint '"Forum.Controllers.SearchController.Search (Forum)"'
2023-10-23 20:44:57.589 +02:00 [Information] Route matched with "{action = \"Search\", controller = \"Search\", page = \"\", area = \"\"}". Executing controller action with signature "Microsoft.AspNetCore.Mvc.IActionResult Search(System.String)" on controller "Forum.Controllers.SearchController" ("Forum").
2023-10-23 20:44:57.623 +02:00 [Information] Executing ViewResult, running view "Search".
2023-10-23 20:44:57.633 +02:00 [Information] Executed ViewResult - view "Search" executed in 9.747ms.
2023-10-23 20:44:57.633 +02:00 [Information] Executed action "Forum.Controllers.SearchController.Search (Forum)" in 44.7116ms
2023-10-23 20:44:57.633 +02:00 [Information] Executed endpoint '"Forum.Controllers.SearchController.Search (Forum)"'
2023-10-23 20:44:57.642 +02:00 [Warning] Unable to configure browser refresh script injection on the response. Consider manually adding '<script src="/_framework/aspnetcore-browser-refresh.js"></script>' to the body of the page.
2023-10-23 20:44:57.643 +02:00 [Information] Request finished HTTP/2 GET https://localhost:7205/Search/Search?search=Liverpool - - - 200 - text/html;+charset=utf-8 55.8982ms
2023-10-23 20:44:57.651 +02:00 [Information] Request starting HTTP/2 GET https://localhost:7205/Search/style.css - -
2023-10-23 20:44:57.651 +02:00 [Information] Request starting HTTP/2 GET https://localhost:7205/_vs/browserLink - -
2023-10-23 20:44:57.652 +02:00 [Information] Request finished HTTP/2 GET https://localhost:7205/Search/style.css - - - 404 0 - 0.6156ms
2023-10-23 20:44:57.653 +02:00 [Information] Request finished HTTP/2 GET https://localhost:7205/_vs/browserLink - - - 200 - text/javascript;+charset=UTF-8 1.9746ms
2023-10-23 20:45:01.734 +02:00 [Information] Request starting HTTP/2 GET https://localhost:7205/Post/PostDetails/1 - -
2023-10-23 20:45:01.735 +02:00 [Information] Executing endpoint '"Forum.Controllers.PostController.PostDetails (Forum)"'
2023-10-23 20:45:01.738 +02:00 [Information] Route matched with "{action = \"PostDetails\", controller = \"Post\", page = \"\", area = \"\"}". Executing controller action with signature "System.Threading.Tasks.Task`1[Microsoft.AspNetCore.Mvc.IActionResult] PostDetails(Int32)" on controller "Forum.Controllers.PostController" ("Forum").
2023-10-23 20:45:01.745 +02:00 [Information] Executing ViewResult, running view "PostDetails".
2023-10-23 20:45:01.762 +02:00 [Information] Executed ViewResult - view "PostDetails" executed in 17.4163ms.
2023-10-23 20:45:01.762 +02:00 [Information] Executed action "Forum.Controllers.PostController.PostDetails (Forum)" in 24.2837ms
2023-10-23 20:45:01.762 +02:00 [Information] Executed endpoint '"Forum.Controllers.PostController.PostDetails (Forum)"'
2023-10-23 20:45:01.763 +02:00 [Information] Request finished HTTP/2 GET https://localhost:7205/Post/PostDetails/1 - - - 200 - text/html;+charset=utf-8 29.1240ms
2023-10-23 20:45:01.772 +02:00 [Information] Request starting HTTP/2 GET https://localhost:7205/Post/PostDetails/style.css - -
2023-10-23 20:45:01.774 +02:00 [Information] Executing endpoint '"Forum.Controllers.PostController.PostDetails (Forum)"'
2023-10-23 20:45:01.774 +02:00 [Information] Route matched with "{action = \"PostDetails\", controller = \"Post\", page = \"\", area = \"\"}". Executing controller action with signature "System.Threading.Tasks.Task`1[Microsoft.AspNetCore.Mvc.IActionResult] PostDetails(Int32)" on controller "Forum.Controllers.PostController" ("Forum").
2023-10-23 20:45:01.776 +02:00 [Information] Request starting HTTP/2 GET https://localhost:7205/_framework/aspnetcore-browser-refresh.js - -
2023-10-23 20:45:01.776 +02:00 [Information] Request starting HTTP/2 GET https://localhost:7205/_vs/browserLink - -
2023-10-23 20:45:01.777 +02:00 [Information] Request finished HTTP/2 GET https://localhost:7205/_framework/aspnetcore-browser-refresh.js - - - 200 12342 application/javascript;+charset=utf-8 0.2732ms
2023-10-23 20:45:01.779 +02:00 [Information] Request finished HTTP/2 GET https://localhost:7205/_vs/browserLink - - - 200 - text/javascript;+charset=UTF-8 2.1824ms
2023-10-23 20:45:01.780 +02:00 [Error] [PostController] post not found for the TopicId 0000
2023-10-23 20:45:01.786 +02:00 [Information] Executing "NotFoundObjectResult", writing value of type '"System.String"'.
2023-10-23 20:45:01.787 +02:00 [Information] Executed action "Forum.Controllers.PostController.PostDetails (Forum)" in 12.8195ms
2023-10-23 20:45:01.787 +02:00 [Information] Executed endpoint '"Forum.Controllers.PostController.PostDetails (Forum)"'
2023-10-23 20:45:01.787 +02:00 [Information] Request finished HTTP/2 GET https://localhost:7205/Post/PostDetails/style.css - - - 404 - text/plain;+charset=utf-8 14.4807ms
2023-10-23 20:45:03.526 +02:00 [Information] Request starting HTTP/2 GET https://localhost:7205/Post/PostDetails/2 - -
2023-10-23 20:45:03.526 +02:00 [Information] Executing endpoint '"Forum.Controllers.PostController.PostDetails (Forum)"'
2023-10-23 20:45:03.526 +02:00 [Information] Route matched with "{action = \"PostDetails\", controller = \"Post\", page = \"\", area = \"\"}". Executing controller action with signature "System.Threading.Tasks.Task`1[Microsoft.AspNetCore.Mvc.IActionResult] PostDetails(Int32)" on controller "Forum.Controllers.PostController" ("Forum").
2023-10-23 20:45:03.530 +02:00 [Information] Executing ViewResult, running view "PostDetails".
2023-10-23 20:45:03.533 +02:00 [Information] Executed ViewResult - view "PostDetails" executed in 2.9309ms.
2023-10-23 20:45:03.533 +02:00 [Information] Executed action "Forum.Controllers.PostController.PostDetails (Forum)" in 6.0636ms
2023-10-23 20:45:03.533 +02:00 [Information] Executed endpoint '"Forum.Controllers.PostController.PostDetails (Forum)"'
2023-10-23 20:45:03.533 +02:00 [Information] Request finished HTTP/2 GET https://localhost:7205/Post/PostDetails/2 - - - 200 - text/html;+charset=utf-8 7.5487ms
2023-10-23 20:45:03.550 +02:00 [Information] Request starting HTTP/2 GET https://localhost:7205/Post/PostDetails/style.css - -
2023-10-23 20:45:03.550 +02:00 [Information] Executing endpoint '"Forum.Controllers.PostController.PostDetails (Forum)"'
2023-10-23 20:45:03.551 +02:00 [Information] Route matched with "{action = \"PostDetails\", controller = \"Post\", page = \"\", area = \"\"}". Executing controller action with signature "System.Threading.Tasks.Task`1[Microsoft.AspNetCore.Mvc.IActionResult] PostDetails(Int32)" on controller "Forum.Controllers.PostController" ("Forum").
2023-10-23 20:45:03.551 +02:00 [Information] Request starting HTTP/2 GET https://localhost:7205/_framework/aspnetcore-browser-refresh.js - -
2023-10-23 20:45:03.551 +02:00 [Information] Request starting HTTP/2 GET https://localhost:7205/_vs/browserLink - -
2023-10-23 20:45:03.551 +02:00 [Information] Request finished HTTP/2 GET https://localhost:7205/_framework/aspnetcore-browser-refresh.js - - - 200 12342 application/javascript;+charset=utf-8 0.1306ms
2023-10-23 20:45:03.553 +02:00 [Information] Request finished HTTP/2 GET https://localhost:7205/_vs/browserLink - - - 200 - text/javascript;+charset=UTF-8 2.1722ms
2023-10-23 20:45:03.553 +02:00 [Error] [PostController] post not found for the TopicId 0000
2023-10-23 20:45:03.553 +02:00 [Information] Executing "NotFoundObjectResult", writing value of type '"System.String"'.
2023-10-23 20:45:03.554 +02:00 [Information] Executed action "Forum.Controllers.PostController.PostDetails (Forum)" in 2.9505ms
2023-10-23 20:45:03.554 +02:00 [Information] Executed endpoint '"Forum.Controllers.PostController.PostDetails (Forum)"'
2023-10-23 20:45:03.554 +02:00 [Information] Request finished HTTP/2 GET https://localhost:7205/Post/PostDetails/style.css - - - 404 - text/plain;+charset=utf-8 3.7753ms
