2023-10-30 13:39:09.963 +01:00 [Information] User profile is available. Using '"C:\Users\latif\AppData\Local\ASP.NET\DataProtection-Keys"' as key repository and Windows DPAPI to encrypt keys at rest.
2023-10-30 13:39:12.935 +01:00 [Information] Now listening on: "https://localhost:7205"
2023-10-30 13:39:12.939 +01:00 [Information] Now listening on: "http://localhost:5112"
2023-10-30 13:39:12.964 +01:00 [Information] Application started. Press Ctrl+C to shut down.
2023-10-30 13:39:12.972 +01:00 [Information] Hosting environment: "Development"
2023-10-30 13:39:12.976 +01:00 [Information] Content root path: "C:\Users\latif\source\repos\PROJECT_1WEB\Forum\MyShop\"
2023-10-30 13:39:13.716 +01:00 [Information] Request starting HTTP/2 GET https://localhost:7205/ - -
2023-10-30 13:39:13.957 +01:00 [Information] "Identity.Application" was not authenticated. Failure message: "Unprotect ticket failed"
2023-10-30 13:39:13.971 +01:00 [Information] Executing endpoint '"Forum.Controllers.HomeController.Index (Forum)"'
2023-10-30 13:39:14.021 +01:00 [Information] Route matched with "{action = \"Index\", controller = \"Home\", page = \"\", area = \"\"}". Executing controller action with signature "System.Threading.Tasks.Task`1[Microsoft.AspNetCore.Mvc.IActionResult] Index()" on controller "Forum.Controllers.HomeController" ("Forum").
2023-10-30 13:39:14.175 +01:00 [Information] Executing action method "Forum.Controllers.HomeController.Index (Forum)" - Validation state: Valid
2023-10-30 13:39:14.359 +01:00 [Information] Executed action method "Forum.Controllers.HomeController.Index (Forum)", returned result "Microsoft.AspNetCore.Mvc.ViewResult" in 164.6786ms.
2023-10-30 13:39:14.384 +01:00 [Information] Executing ViewResult, running view "Index".
2023-10-30 13:39:15.309 +01:00 [Information] Executed ViewResult - view "Index" executed in 926.7456ms.
2023-10-30 13:39:15.326 +01:00 [Information] Executed action "Forum.Controllers.HomeController.Index (Forum)" in 1303.0533ms
2023-10-30 13:39:15.328 +01:00 [Information] Executed endpoint '"Forum.Controllers.HomeController.Index (Forum)"'
2023-10-30 13:39:15.392 +01:00 [Information] Request starting HTTP/2 GET https://localhost:7205/css/style.css?v=Xknbk8yGIdWfQe3auJZ43OSuOLHuD2iwMLMIys9wYjE - -
2023-10-30 13:39:15.407 +01:00 [Information] The file "/css/style.css" was not modified
2023-10-30 13:39:15.409 +01:00 [Information] Request finished HTTP/2 GET https://localhost:7205/ - - - 200 - text/html;+charset=utf-8 1703.2049ms
2023-10-30 13:39:15.409 +01:00 [Information] Request finished HTTP/2 GET https://localhost:7205/css/style.css?v=Xknbk8yGIdWfQe3auJZ43OSuOLHuD2iwMLMIys9wYjE - - - 304 - text/css 15.7919ms
2023-10-30 13:39:15.418 +01:00 [Information] Request starting HTTP/2 GET https://localhost:7205/_vs/browserLink - -
2023-10-30 13:39:15.418 +01:00 [Information] Request starting HTTP/2 GET https://localhost:7205/_framework/aspnetcore-browser-refresh.js - -
2023-10-30 13:39:15.441 +01:00 [Information] Request finished HTTP/2 GET https://localhost:7205/_framework/aspnetcore-browser-refresh.js - - - 200 12342 application/javascript;+charset=utf-8 23.2777ms
2023-10-30 13:39:15.455 +01:00 [Information] Request finished HTTP/2 GET https://localhost:7205/_vs/browserLink - - - 200 - text/javascript;+charset=UTF-8 36.3420ms
2023-10-30 13:39:17.040 +01:00 [Information] Request starting HTTP/2 GET https://localhost:7205/Identity/Account/Login - -
2023-10-30 13:39:17.045 +01:00 [Information] "Identity.Application" was not authenticated. Failure message: "Unprotect ticket failed"
2023-10-30 13:39:17.045 +01:00 [Information] Executing endpoint '"/Account/Login"'
2023-10-30 13:39:17.101 +01:00 [Information] Route matched with "{page = \"/Account/Login\", area = \"Identity\", action = \"\", controller = \"\"}". Executing page "/Account/Login"
2023-10-30 13:39:17.175 +01:00 [Information] Executing handler method "Forum.Areas.Identity.Pages.Account.LoginModel.OnGetAsync" - ModelState is Valid
2023-10-30 13:39:17.199 +01:00 [Information] AuthenticationScheme: "Identity.External" signed out.
2023-10-30 13:39:17.203 +01:00 [Information] Executed handler method "OnGetAsync", returned result "".
2023-10-30 13:39:17.216 +01:00 [Information] Executing an implicit handler method - ModelState is Valid
2023-10-30 13:39:17.217 +01:00 [Information] Executed an implicit handler method, returned result "Microsoft.AspNetCore.Mvc.RazorPages.PageResult".
2023-10-30 13:39:17.385 +01:00 [Information] Executed page "/Account/Login" in 284.4397ms
2023-10-30 13:39:17.386 +01:00 [Information] Executed endpoint '"/Account/Login"'
2023-10-30 13:39:17.389 +01:00 [Information] Request finished HTTP/2 GET https://localhost:7205/Identity/Account/Login - - - 200 - text/html;+charset=utf-8 349.5950ms
2023-10-30 13:39:17.395 +01:00 [Information] Request starting HTTP/2 GET https://localhost:7205/_framework/aspnetcore-browser-refresh.js - -
2023-10-30 13:39:17.396 +01:00 [Information] Request finished HTTP/2 GET https://localhost:7205/_framework/aspnetcore-browser-refresh.js - - - 200 12342 application/javascript;+charset=utf-8 0.7186ms
2023-10-30 13:39:17.405 +01:00 [Information] Request starting HTTP/2 GET https://localhost:7205/_vs/browserLink - -
2023-10-30 13:39:17.419 +01:00 [Information] Request finished HTTP/2 GET https://localhost:7205/_vs/browserLink - - - 200 - text/javascript;+charset=UTF-8 14.4831ms
2023-10-30 13:39:18.709 +01:00 [Information] Request starting HTTP/2 POST https://localhost:7205/Identity/Account/Login application/x-www-form-urlencoded 280
2023-10-30 13:39:18.719 +01:00 [Information] "Identity.Application" was not authenticated. Failure message: "Unprotect ticket failed"
2023-10-30 13:39:18.719 +01:00 [Information] Executing endpoint '"/Account/Login"'
2023-10-30 13:39:18.720 +01:00 [Information] Route matched with "{page = \"/Account/Login\", area = \"Identity\", action = \"\", controller = \"\"}". Executing page "/Account/Login"
2023-10-30 13:39:18.787 +01:00 [Information] Executing handler method "Forum.Areas.Identity.Pages.Account.LoginModel.OnPostAsync" - ModelState is Valid
2023-10-30 13:39:19.223 +01:00 [Information] AuthenticationScheme: "Identity.Application" signed in.
2023-10-30 13:39:19.228 +01:00 [Information] User logged in.
2023-10-30 13:39:19.231 +01:00 [Information] Executed handler method "OnPostAsync", returned result "Microsoft.AspNetCore.Mvc.LocalRedirectResult".
2023-10-30 13:39:19.232 +01:00 [Information] Executing LocalRedirectResult, redirecting to "/".
2023-10-30 13:39:19.232 +01:00 [Information] Executed page "/Account/Login" in 512.4774ms
2023-10-30 13:39:19.233 +01:00 [Information] Executed endpoint '"/Account/Login"'
2023-10-30 13:39:19.233 +01:00 [Information] Request finished HTTP/2 POST https://localhost:7205/Identity/Account/Login application/x-www-form-urlencoded 280 - 302 0 - 524.0978ms
2023-10-30 13:39:19.242 +01:00 [Information] Request starting HTTP/2 GET https://localhost:7205/ - -
2023-10-30 13:39:19.260 +01:00 [Information] Executing endpoint '"Forum.Controllers.HomeController.Index (Forum)"'
2023-10-30 13:39:19.260 +01:00 [Information] Route matched with "{action = \"Index\", controller = \"Home\", page = \"\", area = \"\"}". Executing controller action with signature "System.Threading.Tasks.Task`1[Microsoft.AspNetCore.Mvc.IActionResult] Index()" on controller "Forum.Controllers.HomeController" ("Forum").
2023-10-30 13:39:19.290 +01:00 [Information] Executing action method "Forum.Controllers.HomeController.Index (Forum)" - Validation state: Valid
2023-10-30 13:39:19.296 +01:00 [Information] Executed action method "Forum.Controllers.HomeController.Index (Forum)", returned result "Microsoft.AspNetCore.Mvc.ViewResult" in 5.7944ms.
2023-10-30 13:39:19.296 +01:00 [Information] Executing ViewResult, running view "Index".
2023-10-30 13:39:19.389 +01:00 [Information] Executed ViewResult - view "Index" executed in 92.6328ms.
2023-10-30 13:39:19.390 +01:00 [Information] Executed action "Forum.Controllers.HomeController.Index (Forum)" in 129.564ms
2023-10-30 13:39:19.390 +01:00 [Information] Executed endpoint '"Forum.Controllers.HomeController.Index (Forum)"'
2023-10-30 13:39:19.394 +01:00 [Information] Request finished HTTP/2 GET https://localhost:7205/ - - - 200 - text/html;+charset=utf-8 151.4086ms
2023-10-30 13:39:19.398 +01:00 [Information] Request starting HTTP/2 GET https://localhost:7205/_vs/browserLink - -
2023-10-30 13:39:19.398 +01:00 [Information] Request starting HTTP/2 GET https://localhost:7205/_framework/aspnetcore-browser-refresh.js - -
2023-10-30 13:39:19.399 +01:00 [Information] Request finished HTTP/2 GET https://localhost:7205/_framework/aspnetcore-browser-refresh.js - - - 200 12342 application/javascript;+charset=utf-8 0.6134ms
2023-10-30 13:39:19.402 +01:00 [Information] Request finished HTTP/2 GET https://localhost:7205/_vs/browserLink - - - 200 - text/javascript;+charset=UTF-8 4.2006ms
2023-10-30 13:39:21.184 +01:00 [Information] Request starting HTTP/2 GET https://localhost:7205/Category/CategoryTable - -
2023-10-30 13:39:21.194 +01:00 [Information] Executing endpoint '"Forum.Controllers.CategoryController.CategoryTable (Forum)"'
2023-10-30 13:39:21.200 +01:00 [Information] Route matched with "{action = \"CategoryTable\", controller = \"Category\", page = \"\", area = \"\"}". Executing controller action with signature "System.Threading.Tasks.Task`1[Microsoft.AspNetCore.Mvc.IActionResult] CategoryTable()" on controller "Forum.Controllers.CategoryController" ("Forum").
2023-10-30 13:39:21.231 +01:00 [Information] Executing action method "Forum.Controllers.CategoryController.CategoryTable (Forum)" - Validation state: Valid
2023-10-30 13:39:21.284 +01:00 [Information] Executed action method "Forum.Controllers.CategoryController.CategoryTable (Forum)", returned result "Microsoft.AspNetCore.Mvc.ViewResult" in 52.0248ms.
2023-10-30 13:39:21.285 +01:00 [Information] Executing ViewResult, running view "CategoryTable".
2023-10-30 13:39:21.315 +01:00 [Information] Executed ViewResult - view "CategoryTable" executed in 31.0951ms.
2023-10-30 13:39:21.315 +01:00 [Information] Executed action "Forum.Controllers.CategoryController.CategoryTable (Forum)" in 114.8738ms
2023-10-30 13:39:21.315 +01:00 [Information] Executed endpoint '"Forum.Controllers.CategoryController.CategoryTable (Forum)"'
2023-10-30 13:39:21.318 +01:00 [Information] Request finished HTTP/2 GET https://localhost:7205/Category/CategoryTable - - - 200 - text/html;+charset=utf-8 133.6758ms
2023-10-30 13:39:21.323 +01:00 [Information] Request starting HTTP/2 GET https://localhost:7205/_framework/aspnetcore-browser-refresh.js - -
2023-10-30 13:39:21.323 +01:00 [Information] Request starting HTTP/2 GET https://localhost:7205/_vs/browserLink - -
2023-10-30 13:39:21.324 +01:00 [Information] Request finished HTTP/2 GET https://localhost:7205/_framework/aspnetcore-browser-refresh.js - - - 200 12342 application/javascript;+charset=utf-8 1.0532ms
2023-10-30 13:39:21.357 +01:00 [Information] Request finished HTTP/2 GET https://localhost:7205/_vs/browserLink - - - 200 - text/javascript;+charset=UTF-8 34.9199ms
2023-10-30 13:39:22.521 +01:00 [Information] Request starting HTTP/2 GET https://localhost:7205/Room/RoomTable - -
2023-10-30 13:39:22.531 +01:00 [Information] Request finished HTTP/2 GET https://localhost:7205/Room/RoomTable - - - 404 0 - 9.9358ms
2023-10-30 13:39:24.616 +01:00 [Information] Request starting HTTP/2 GET https://localhost:7205/Category/CategoryTable - -
2023-10-30 13:39:24.628 +01:00 [Information] Executing endpoint '"Forum.Controllers.CategoryController.CategoryTable (Forum)"'
2023-10-30 13:39:24.629 +01:00 [Information] Route matched with "{action = \"CategoryTable\", controller = \"Category\", page = \"\", area = \"\"}". Executing controller action with signature "System.Threading.Tasks.Task`1[Microsoft.AspNetCore.Mvc.IActionResult] CategoryTable()" on controller "Forum.Controllers.CategoryController" ("Forum").
2023-10-30 13:39:24.661 +01:00 [Information] Executing action method "Forum.Controllers.CategoryController.CategoryTable (Forum)" - Validation state: Valid
2023-10-30 13:39:24.668 +01:00 [Information] Executed action method "Forum.Controllers.CategoryController.CategoryTable (Forum)", returned result "Microsoft.AspNetCore.Mvc.ViewResult" in 7.1222ms.
2023-10-30 13:39:24.668 +01:00 [Information] Executing ViewResult, running view "CategoryTable".
2023-10-30 13:39:24.688 +01:00 [Information] Executed ViewResult - view "CategoryTable" executed in 19.8277ms.
2023-10-30 13:39:24.689 +01:00 [Information] Executed action "Forum.Controllers.CategoryController.CategoryTable (Forum)" in 59.87ms
2023-10-30 13:39:24.689 +01:00 [Information] Executed endpoint '"Forum.Controllers.CategoryController.CategoryTable (Forum)"'
2023-10-30 13:39:24.692 +01:00 [Information] Request finished HTTP/2 GET https://localhost:7205/Category/CategoryTable - - - 200 - text/html;+charset=utf-8 76.1008ms
2023-10-30 13:39:24.709 +01:00 [Information] Request starting HTTP/2 GET https://localhost:7205/_framework/aspnetcore-browser-refresh.js - -
2023-10-30 13:39:24.709 +01:00 [Information] Request finished HTTP/2 GET https://localhost:7205/_framework/aspnetcore-browser-refresh.js - - - 200 12342 application/javascript;+charset=utf-8 0.4330ms
2023-10-30 13:39:26.727 +01:00 [Information] Request starting HTTP/2 GET https://localhost:7205/Room/RoomTable - -
2023-10-30 13:39:26.737 +01:00 [Information] Request finished HTTP/2 GET https://localhost:7205/Room/RoomTable - - - 404 0 - 9.9573ms
2023-10-30 13:39:28.733 +01:00 [Information] Request starting HTTP/2 GET https://localhost:7205/Category/CategoryTable - -
2023-10-30 13:39:28.740 +01:00 [Information] Executing endpoint '"Forum.Controllers.CategoryController.CategoryTable (Forum)"'
2023-10-30 13:39:28.741 +01:00 [Information] Route matched with "{action = \"CategoryTable\", controller = \"Category\", page = \"\", area = \"\"}". Executing controller action with signature "System.Threading.Tasks.Task`1[Microsoft.AspNetCore.Mvc.IActionResult] CategoryTable()" on controller "Forum.Controllers.CategoryController" ("Forum").
2023-10-30 13:39:28.774 +01:00 [Information] Executing action method "Forum.Controllers.CategoryController.CategoryTable (Forum)" - Validation state: Valid
2023-10-30 13:39:28.780 +01:00 [Information] Executed action method "Forum.Controllers.CategoryController.CategoryTable (Forum)", returned result "Microsoft.AspNetCore.Mvc.ViewResult" in 5.4326ms.
2023-10-30 13:39:28.780 +01:00 [Information] Executing ViewResult, running view "CategoryTable".
2023-10-30 13:39:28.791 +01:00 [Information] Executed ViewResult - view "CategoryTable" executed in 11.2477ms.
2023-10-30 13:39:28.792 +01:00 [Information] Executed action "Forum.Controllers.CategoryController.CategoryTable (Forum)" in 50.6724ms
2023-10-30 13:39:28.792 +01:00 [Information] Executed endpoint '"Forum.Controllers.CategoryController.CategoryTable (Forum)"'
2023-10-30 13:39:28.795 +01:00 [Information] Request finished HTTP/2 GET https://localhost:7205/Category/CategoryTable - - - 200 - text/html;+charset=utf-8 61.4907ms
2023-10-30 13:39:28.800 +01:00 [Information] Request starting HTTP/2 GET https://localhost:7205/_framework/aspnetcore-browser-refresh.js - -
2023-10-30 13:39:28.801 +01:00 [Information] Request finished HTTP/2 GET https://localhost:7205/_framework/aspnetcore-browser-refresh.js - - - 200 12342 application/javascript;+charset=utf-8 0.6204ms
2023-10-30 13:39:36.262 +01:00 [Information] Request starting HTTP/2 GET https://localhost:7205/css/style.css?v=Xknbk8yGIdWfQe3auJZ43OSuOLHuD2iwMLMIys9wYjE - -
2023-10-30 13:39:36.264 +01:00 [Information] The file "/css/style.css" was not modified
2023-10-30 13:39:36.264 +01:00 [Information] Request finished HTTP/2 GET https://localhost:7205/css/style.css?v=Xknbk8yGIdWfQe3auJZ43OSuOLHuD2iwMLMIys9wYjE - - - 304 - text/css 2.3624ms
2023-10-30 13:39:46.169 +01:00 [Information] Request starting HTTP/2 POST https://localhost:7205/Identity/Account/Logout?returnUrl=%2F application/x-www-form-urlencoded 225
2023-10-30 13:39:46.192 +01:00 [Information] Executing endpoint '"/Account/Logout"'
2023-10-30 13:39:46.197 +01:00 [Information] Route matched with "{page = \"/Account/Logout\", area = \"Identity\", action = \"\", controller = \"\"}". Executing page "/Account/Logout"
2023-10-30 13:39:46.213 +01:00 [Information] Executing handler method "Forum.Areas.Identity.Pages.Account.LogoutModel.OnPost" - ModelState is Valid
2023-10-30 13:39:46.217 +01:00 [Information] AuthenticationScheme: "Identity.Application" signed out.
2023-10-30 13:39:46.218 +01:00 [Information] AuthenticationScheme: "Identity.External" signed out.
2023-10-30 13:39:46.218 +01:00 [Information] AuthenticationScheme: "Identity.TwoFactorUserId" signed out.
2023-10-30 13:39:46.222 +01:00 [Information] User logged out.
2023-10-30 13:39:46.223 +01:00 [Information] Executed handler method "OnPost", returned result "Microsoft.AspNetCore.Mvc.LocalRedirectResult".
2023-10-30 13:39:46.223 +01:00 [Information] Executing LocalRedirectResult, redirecting to "/".
2023-10-30 13:39:46.223 +01:00 [Information] Executed page "/Account/Logout" in 25.8462ms
2023-10-30 13:39:46.223 +01:00 [Information] Executed endpoint '"/Account/Logout"'
2023-10-30 13:39:46.224 +01:00 [Information] Request finished HTTP/2 POST https://localhost:7205/Identity/Account/Logout?returnUrl=%2F application/x-www-form-urlencoded 225 - 302 0 - 54.4683ms
2023-10-30 13:39:46.238 +01:00 [Information] Request starting HTTP/2 GET https://localhost:7205/ - -
2023-10-30 13:39:46.240 +01:00 [Information] Executing endpoint '"Forum.Controllers.HomeController.Index (Forum)"'
2023-10-30 13:39:46.240 +01:00 [Information] Route matched with "{action = \"Index\", controller = \"Home\", page = \"\", area = \"\"}". Executing controller action with signature "System.Threading.Tasks.Task`1[Microsoft.AspNetCore.Mvc.IActionResult] Index()" on controller "Forum.Controllers.HomeController" ("Forum").
2023-10-30 13:39:46.278 +01:00 [Information] Executing action method "Forum.Controllers.HomeController.Index (Forum)" - Validation state: Valid
2023-10-30 13:39:46.284 +01:00 [Information] Executed action method "Forum.Controllers.HomeController.Index (Forum)", returned result "Microsoft.AspNetCore.Mvc.ViewResult" in 5.9166ms.
2023-10-30 13:39:46.284 +01:00 [Information] Executing ViewResult, running view "Index".
2023-10-30 13:39:46.373 +01:00 [Information] Executed ViewResult - view "Index" executed in 88.7578ms.
2023-10-30 13:39:46.373 +01:00 [Information] Executed action "Forum.Controllers.HomeController.Index (Forum)" in 133.3613ms
2023-10-30 13:39:46.373 +01:00 [Information] Executed endpoint '"Forum.Controllers.HomeController.Index (Forum)"'
2023-10-30 13:39:46.379 +01:00 [Information] Request finished HTTP/2 GET https://localhost:7205/ - - - 200 - text/html;+charset=utf-8 140.6660ms
2023-10-30 13:39:46.424 +01:00 [Information] Request starting HTTP/2 GET https://localhost:7205/_framework/aspnetcore-browser-refresh.js - -
2023-10-30 13:39:46.424 +01:00 [Information] Request finished HTTP/2 GET https://localhost:7205/_framework/aspnetcore-browser-refresh.js - - - 200 12342 application/javascript;+charset=utf-8 0.6028ms
2023-10-30 13:39:46.493 +01:00 [Information] Request starting HTTP/2 GET https://localhost:7205/_vs/browserLink - -
2023-10-30 13:39:46.497 +01:00 [Information] Request finished HTTP/2 GET https://localhost:7205/_vs/browserLink - - - 200 - text/javascript;+charset=UTF-8 3.9679ms
2023-10-30 13:39:48.752 +01:00 [Information] Request starting HTTP/2 GET https://localhost:7205/Identity/Account/Login - -
2023-10-30 13:39:48.754 +01:00 [Information] Executing endpoint '"/Account/Login"'
2023-10-30 13:39:48.755 +01:00 [Information] Route matched with "{page = \"/Account/Login\", area = \"Identity\", action = \"\", controller = \"\"}". Executing page "/Account/Login"
2023-10-30 13:39:48.761 +01:00 [Information] Executing handler method "Forum.Areas.Identity.Pages.Account.LoginModel.OnGetAsync" - ModelState is Valid
2023-10-30 13:39:48.762 +01:00 [Information] AuthenticationScheme: "Identity.External" signed out.
2023-10-30 13:39:48.762 +01:00 [Information] Executed handler method "OnGetAsync", returned result "".
2023-10-30 13:39:48.762 +01:00 [Information] Executing an implicit handler method - ModelState is Valid
2023-10-30 13:39:48.762 +01:00 [Information] Executed an implicit handler method, returned result "Microsoft.AspNetCore.Mvc.RazorPages.PageResult".
2023-10-30 13:39:48.775 +01:00 [Information] Executed page "/Account/Login" in 20.075ms
2023-10-30 13:39:48.775 +01:00 [Information] Executed endpoint '"/Account/Login"'
2023-10-30 13:39:48.777 +01:00 [Information] Request finished HTTP/2 GET https://localhost:7205/Identity/Account/Login - - - 200 - text/html;+charset=utf-8 25.5633ms
2023-10-30 13:39:48.785 +01:00 [Information] Request starting HTTP/2 GET https://localhost:7205/css/style.css?v=Xknbk8yGIdWfQe3auJZ43OSuOLHuD2iwMLMIys9wYjE - -
2023-10-30 13:39:48.785 +01:00 [Information] Request starting HTTP/2 GET https://localhost:7205/_framework/aspnetcore-browser-refresh.js - -
2023-10-30 13:39:48.786 +01:00 [Information] Request finished HTTP/2 GET https://localhost:7205/_framework/aspnetcore-browser-refresh.js - - - 200 12342 application/javascript;+charset=utf-8 0.6262ms
2023-10-30 13:39:48.786 +01:00 [Information] The file "/css/style.css" was not modified
2023-10-30 13:39:48.786 +01:00 [Information] Request finished HTTP/2 GET https://localhost:7205/css/style.css?v=Xknbk8yGIdWfQe3auJZ43OSuOLHuD2iwMLMIys9wYjE - - - 304 - text/css 1.3501ms
2023-10-30 13:39:48.790 +01:00 [Information] Request starting HTTP/2 GET https://localhost:7205/_vs/browserLink - -
2023-10-30 13:39:48.818 +01:00 [Information] Request finished HTTP/2 GET https://localhost:7205/_vs/browserLink - - - 200 - text/javascript;+charset=UTF-8 26.4226ms
2023-10-30 13:39:52.947 +01:00 [Information] Request starting HTTP/2 POST https://localhost:7205/Identity/Account/Login application/x-www-form-urlencoded 280
2023-10-30 13:39:52.948 +01:00 [Information] Executing endpoint '"/Account/Login"'
2023-10-30 13:39:52.949 +01:00 [Information] Route matched with "{page = \"/Account/Login\", area = \"Identity\", action = \"\", controller = \"\"}". Executing page "/Account/Login"
2023-10-30 13:39:52.956 +01:00 [Information] Executing handler method "Forum.Areas.Identity.Pages.Account.LoginModel.OnPostAsync" - ModelState is Valid
2023-10-30 13:39:53.014 +01:00 [Information] AuthenticationScheme: "Identity.Application" signed in.
2023-10-30 13:39:53.021 +01:00 [Information] User logged in.
2023-10-30 13:39:53.021 +01:00 [Information] Executed handler method "OnPostAsync", returned result "Microsoft.AspNetCore.Mvc.LocalRedirectResult".
2023-10-30 13:39:53.022 +01:00 [Information] Executing LocalRedirectResult, redirecting to "/".
2023-10-30 13:39:53.022 +01:00 [Information] Executed page "/Account/Login" in 73.1462ms
2023-10-30 13:39:53.022 +01:00 [Information] Executed endpoint '"/Account/Login"'
2023-10-30 13:39:53.023 +01:00 [Information] Request finished HTTP/2 POST https://localhost:7205/Identity/Account/Login application/x-www-form-urlencoded 280 - 302 0 - 75.3954ms
2023-10-30 13:39:53.027 +01:00 [Information] Request starting HTTP/2 GET https://localhost:7205/ - -
2023-10-30 13:39:53.037 +01:00 [Information] Executing endpoint '"Forum.Controllers.HomeController.Index (Forum)"'
2023-10-30 13:39:53.037 +01:00 [Information] Route matched with "{action = \"Index\", controller = \"Home\", page = \"\", area = \"\"}". Executing controller action with signature "System.Threading.Tasks.Task`1[Microsoft.AspNetCore.Mvc.IActionResult] Index()" on controller "Forum.Controllers.HomeController" ("Forum").
2023-10-30 13:39:53.074 +01:00 [Information] Executing action method "Forum.Controllers.HomeController.Index (Forum)" - Validation state: Valid
2023-10-30 13:39:53.082 +01:00 [Information] Executed action method "Forum.Controllers.HomeController.Index (Forum)", returned result "Microsoft.AspNetCore.Mvc.ViewResult" in 6.9977ms.
2023-10-30 13:39:53.082 +01:00 [Information] Executing ViewResult, running view "Index".
2023-10-30 13:39:53.187 +01:00 [Information] Executed ViewResult - view "Index" executed in 105.1813ms.
2023-10-30 13:39:53.187 +01:00 [Information] Executed action "Forum.Controllers.HomeController.Index (Forum)" in 149.8695ms
2023-10-30 13:39:53.187 +01:00 [Information] Executed endpoint '"Forum.Controllers.HomeController.Index (Forum)"'
2023-10-30 13:39:53.191 +01:00 [Information] Request finished HTTP/2 GET https://localhost:7205/ - - - 200 - text/html;+charset=utf-8 164.0317ms
2023-10-30 13:39:53.197 +01:00 [Information] Request starting HTTP/2 GET https://localhost:7205/_framework/aspnetcore-browser-refresh.js - -
2023-10-30 13:39:53.197 +01:00 [Information] Request starting HTTP/2 GET https://localhost:7205/_vs/browserLink - -
2023-10-30 13:39:53.197 +01:00 [Information] Request finished HTTP/2 GET https://localhost:7205/_framework/aspnetcore-browser-refresh.js - - - 200 12342 application/javascript;+charset=utf-8 0.8215ms
2023-10-30 13:39:53.203 +01:00 [Information] Request finished HTTP/2 GET https://localhost:7205/_vs/browserLink - - - 200 - text/javascript;+charset=UTF-8 6.6174ms
2023-10-30 13:39:55.370 +01:00 [Information] Request starting HTTP/2 GET https://localhost:7205/Category/CategoryTable - -
2023-10-30 13:39:55.377 +01:00 [Information] Executing endpoint '"Forum.Controllers.CategoryController.CategoryTable (Forum)"'
2023-10-30 13:39:55.377 +01:00 [Information] Route matched with "{action = \"CategoryTable\", controller = \"Category\", page = \"\", area = \"\"}". Executing controller action with signature "System.Threading.Tasks.Task`1[Microsoft.AspNetCore.Mvc.IActionResult] CategoryTable()" on controller "Forum.Controllers.CategoryController" ("Forum").
2023-10-30 13:39:55.408 +01:00 [Information] Executing action method "Forum.Controllers.CategoryController.CategoryTable (Forum)" - Validation state: Valid
2023-10-30 13:39:55.414 +01:00 [Information] Executed action method "Forum.Controllers.CategoryController.CategoryTable (Forum)", returned result "Microsoft.AspNetCore.Mvc.ViewResult" in 5.3781ms.
2023-10-30 13:39:55.414 +01:00 [Information] Executing ViewResult, running view "CategoryTable".
2023-10-30 13:39:55.425 +01:00 [Information] Executed ViewResult - view "CategoryTable" executed in 10.7411ms.
2023-10-30 13:39:55.425 +01:00 [Information] Executed action "Forum.Controllers.CategoryController.CategoryTable (Forum)" in 47.5748ms
2023-10-30 13:39:55.425 +01:00 [Information] Executed endpoint '"Forum.Controllers.CategoryController.CategoryTable (Forum)"'
2023-10-30 13:39:55.429 +01:00 [Information] Request finished HTTP/2 GET https://localhost:7205/Category/CategoryTable - - - 200 - text/html;+charset=utf-8 58.6434ms
2023-10-30 13:39:55.435 +01:00 [Information] Request starting HTTP/2 GET https://localhost:7205/_framework/aspnetcore-browser-refresh.js - -
2023-10-30 13:39:55.435 +01:00 [Information] Request starting HTTP/2 GET https://localhost:7205/_vs/browserLink - -
2023-10-30 13:39:55.435 +01:00 [Information] Request finished HTTP/2 GET https://localhost:7205/_framework/aspnetcore-browser-refresh.js - - - 200 12342 application/javascript;+charset=utf-8 0.6194ms
2023-10-30 13:39:55.442 +01:00 [Information] Request finished HTTP/2 GET https://localhost:7205/_vs/browserLink - - - 200 - text/javascript;+charset=UTF-8 7.1435ms
2023-10-30 13:45:46.692 +01:00 [Information] Request starting HTTP/2 GET https://localhost:7205/Category/CategoryTable - -
2023-10-30 13:45:46.731 +01:00 [Information] Executing endpoint '"Forum.Controllers.CategoryController.CategoryTable (Forum)"'
2023-10-30 13:45:46.731 +01:00 [Information] Route matched with "{action = \"CategoryTable\", controller = \"Category\", page = \"\", area = \"\"}". Executing controller action with signature "System.Threading.Tasks.Task`1[Microsoft.AspNetCore.Mvc.IActionResult] CategoryTable()" on controller "Forum.Controllers.CategoryController" ("Forum").
2023-10-30 13:45:46.761 +01:00 [Information] Executing action method "Forum.Controllers.CategoryController.CategoryTable (Forum)" - Validation state: Valid
2023-10-30 13:45:46.765 +01:00 [Information] Executed action method "Forum.Controllers.CategoryController.CategoryTable (Forum)", returned result "Microsoft.AspNetCore.Mvc.ViewResult" in 4.4057ms.
2023-10-30 13:45:46.766 +01:00 [Information] Executing ViewResult, running view "CategoryTable".
2023-10-30 13:45:46.804 +01:00 [Information] Executed ViewResult - view "CategoryTable" executed in 38.0788ms.
2023-10-30 13:45:46.804 +01:00 [Information] Executed action "Forum.Controllers.CategoryController.CategoryTable (Forum)" in 72.5307ms
2023-10-30 13:45:46.804 +01:00 [Information] Executed endpoint '"Forum.Controllers.CategoryController.CategoryTable (Forum)"'
2023-10-30 13:45:46.816 +01:00 [Information] Request finished HTTP/2 GET https://localhost:7205/Category/CategoryTable - - - 200 - text/html;+charset=utf-8 123.9293ms
2023-10-30 13:45:46.834 +01:00 [Information] Request starting HTTP/2 GET https://localhost:7205/css/style.css?v=_N7gh3W6IFa8GlPXftqc6AzAZY1eVUwga5XOlM4aqdQ - -
2023-10-30 13:45:46.834 +01:00 [Information] Request starting HTTP/2 GET https://localhost:7205/_framework/aspnetcore-browser-refresh.js - -
2023-10-30 13:45:46.835 +01:00 [Information] Request starting HTTP/2 GET https://localhost:7205/_vs/browserLink - -
2023-10-30 13:45:46.836 +01:00 [Information] Request finished HTTP/2 GET https://localhost:7205/_framework/aspnetcore-browser-refresh.js - - - 200 12342 application/javascript;+charset=utf-8 1.1365ms
2023-10-30 13:45:46.887 +01:00 [Information] Request finished HTTP/2 GET https://localhost:7205/_vs/browserLink - - - 200 - text/javascript;+charset=UTF-8 52.2316ms
2023-10-30 13:45:46.889 +01:00 [Information] Sending file. Request path: '"/css/style.css"'. Physical path: '"C:\Users\latif\source\repos\PROJECT_1WEB\Forum\MyShop\wwwroot\css\style.css"'
2023-10-30 13:45:46.890 +01:00 [Information] Request finished HTTP/2 GET https://localhost:7205/css/style.css?v=_N7gh3W6IFa8GlPXftqc6AzAZY1eVUwga5XOlM4aqdQ - - - 200 10940 text/css 56.0945ms
2023-10-30 13:45:48.332 +01:00 [Information] Request starting HTTP/2 GET https://localhost:7205/Room/RoomTable - -
2023-10-30 13:45:48.340 +01:00 [Information] Request finished HTTP/2 GET https://localhost:7205/Room/RoomTable - - - 404 0 - 8.1784ms
2023-10-30 13:45:51.076 +01:00 [Information] Request starting HTTP/2 GET https://localhost:7205/Category/CategoryTable - -
2023-10-30 13:45:51.083 +01:00 [Information] Executing endpoint '"Forum.Controllers.CategoryController.CategoryTable (Forum)"'
2023-10-30 13:45:51.083 +01:00 [Information] Route matched with "{action = \"CategoryTable\", controller = \"Category\", page = \"\", area = \"\"}". Executing controller action with signature "System.Threading.Tasks.Task`1[Microsoft.AspNetCore.Mvc.IActionResult] CategoryTable()" on controller "Forum.Controllers.CategoryController" ("Forum").
2023-10-30 13:45:51.114 +01:00 [Information] Executing action method "Forum.Controllers.CategoryController.CategoryTable (Forum)" - Validation state: Valid
2023-10-30 13:45:51.119 +01:00 [Information] Executed action method "Forum.Controllers.CategoryController.CategoryTable (Forum)", returned result "Microsoft.AspNetCore.Mvc.ViewResult" in 4.3015ms.
2023-10-30 13:45:51.119 +01:00 [Information] Executing ViewResult, running view "CategoryTable".
2023-10-30 13:45:51.129 +01:00 [Information] Executed ViewResult - view "CategoryTable" executed in 9.6242ms.
2023-10-30 13:45:51.129 +01:00 [Information] Executed action "Forum.Controllers.CategoryController.CategoryTable (Forum)" in 45.4381ms
2023-10-30 13:45:51.129 +01:00 [Information] Executed endpoint '"Forum.Controllers.CategoryController.CategoryTable (Forum)"'
2023-10-30 13:45:51.132 +01:00 [Information] Request finished HTTP/2 GET https://localhost:7205/Category/CategoryTable - - - 200 - text/html;+charset=utf-8 55.8385ms
2023-10-30 13:45:51.138 +01:00 [Information] Request starting HTTP/2 GET https://localhost:7205/_framework/aspnetcore-browser-refresh.js - -
2023-10-30 13:45:51.138 +01:00 [Information] Request finished HTTP/2 GET https://localhost:7205/_framework/aspnetcore-browser-refresh.js - - - 200 12342 application/javascript;+charset=utf-8 0.2963ms
2023-10-30 13:45:52.930 +01:00 [Information] Request starting HTTP/2 GET https://localhost:7205/Room/RoomTable - -
2023-10-30 13:45:52.940 +01:00 [Information] Request finished HTTP/2 GET https://localhost:7205/Room/RoomTable - - - 404 0 - 9.7823ms
2023-10-30 13:45:54.818 +01:00 [Information] Request starting HTTP/2 GET https://localhost:7205/Category/CategoryTable - -
2023-10-30 13:45:54.825 +01:00 [Information] Executing endpoint '"Forum.Controllers.CategoryController.CategoryTable (Forum)"'
2023-10-30 13:45:54.825 +01:00 [Information] Route matched with "{action = \"CategoryTable\", controller = \"Category\", page = \"\", area = \"\"}". Executing controller action with signature "System.Threading.Tasks.Task`1[Microsoft.AspNetCore.Mvc.IActionResult] CategoryTable()" on controller "Forum.Controllers.CategoryController" ("Forum").
2023-10-30 13:45:54.852 +01:00 [Information] Executing action method "Forum.Controllers.CategoryController.CategoryTable (Forum)" - Validation state: Valid
2023-10-30 13:45:54.857 +01:00 [Information] Executed action method "Forum.Controllers.CategoryController.CategoryTable (Forum)", returned result "Microsoft.AspNetCore.Mvc.ViewResult" in 4.8746ms.
2023-10-30 13:45:54.857 +01:00 [Information] Executing ViewResult, running view "CategoryTable".
2023-10-30 13:45:54.874 +01:00 [Information] Executed ViewResult - view "CategoryTable" executed in 16.7204ms.
2023-10-30 13:45:54.874 +01:00 [Information] Executed action "Forum.Controllers.CategoryController.CategoryTable (Forum)" in 49.0271ms
2023-10-30 13:45:54.874 +01:00 [Information] Executed endpoint '"Forum.Controllers.CategoryController.CategoryTable (Forum)"'
2023-10-30 13:45:54.878 +01:00 [Information] Request finished HTTP/2 GET https://localhost:7205/Category/CategoryTable - - - 200 - text/html;+charset=utf-8 60.1380ms
2023-10-30 13:45:54.892 +01:00 [Information] Request starting HTTP/2 GET https://localhost:7205/_framework/aspnetcore-browser-refresh.js - -
2023-10-30 13:45:54.893 +01:00 [Information] Request finished HTTP/2 GET https://localhost:7205/_framework/aspnetcore-browser-refresh.js - - - 200 12342 application/javascript;+charset=utf-8 0.4056ms
2023-10-30 13:46:04.838 +01:00 [Information] Request starting HTTP/2 POST https://localhost:7205/Identity/Account/Logout?returnUrl=%2F application/x-www-form-urlencoded 225
2023-10-30 13:46:04.844 +01:00 [Information] Executing endpoint '"/Account/Logout"'
2023-10-30 13:46:04.845 +01:00 [Information] Route matched with "{page = \"/Account/Logout\", area = \"Identity\", action = \"\", controller = \"\"}". Executing page "/Account/Logout"
2023-10-30 13:46:04.846 +01:00 [Information] Executing handler method "Forum.Areas.Identity.Pages.Account.LogoutModel.OnPost" - ModelState is Valid
2023-10-30 13:46:04.846 +01:00 [Information] AuthenticationScheme: "Identity.Application" signed out.
2023-10-30 13:46:04.846 +01:00 [Information] AuthenticationScheme: "Identity.External" signed out.
2023-10-30 13:46:04.846 +01:00 [Information] AuthenticationScheme: "Identity.TwoFactorUserId" signed out.
2023-10-30 13:46:04.850 +01:00 [Information] User logged out.
2023-10-30 13:46:04.850 +01:00 [Information] Executed handler method "OnPost", returned result "Microsoft.AspNetCore.Mvc.LocalRedirectResult".
2023-10-30 13:46:04.850 +01:00 [Information] Executing LocalRedirectResult, redirecting to "/".
2023-10-30 13:46:04.850 +01:00 [Information] Executed page "/Account/Logout" in 5.3339ms
2023-10-30 13:46:04.850 +01:00 [Information] Executed endpoint '"/Account/Logout"'
2023-10-30 13:46:04.851 +01:00 [Information] Request finished HTTP/2 POST https://localhost:7205/Identity/Account/Logout?returnUrl=%2F application/x-www-form-urlencoded 225 - 302 0 - 12.4719ms
2023-10-30 13:46:04.856 +01:00 [Information] Request starting HTTP/2 GET https://localhost:7205/ - -
2023-10-30 13:46:04.876 +01:00 [Information] Executing endpoint '"Forum.Controllers.HomeController.Index (Forum)"'
2023-10-30 13:46:04.877 +01:00 [Information] Route matched with "{action = \"Index\", controller = \"Home\", page = \"\", area = \"\"}". Executing controller action with signature "System.Threading.Tasks.Task`1[Microsoft.AspNetCore.Mvc.IActionResult] Index()" on controller "Forum.Controllers.HomeController" ("Forum").
2023-10-30 13:46:04.912 +01:00 [Information] Executing action method "Forum.Controllers.HomeController.Index (Forum)" - Validation state: Valid
2023-10-30 13:46:04.917 +01:00 [Information] Executed action method "Forum.Controllers.HomeController.Index (Forum)", returned result "Microsoft.AspNetCore.Mvc.ViewResult" in 4.345ms.
2023-10-30 13:46:04.917 +01:00 [Information] Executing ViewResult, running view "Index".
2023-10-30 13:46:04.990 +01:00 [Information] Executed ViewResult - view "Index" executed in 72.9544ms.
2023-10-30 13:46:04.990 +01:00 [Information] Executed action "Forum.Controllers.HomeController.Index (Forum)" in 113.2964ms
2023-10-30 13:46:04.990 +01:00 [Information] Executed endpoint '"Forum.Controllers.HomeController.Index (Forum)"'
2023-10-30 13:46:04.995 +01:00 [Information] Request finished HTTP/2 GET https://localhost:7205/ - - - 200 - text/html;+charset=utf-8 138.5861ms
2023-10-30 13:46:04.998 +01:00 [Information] Request starting HTTP/2 GET https://localhost:7205/css/style.css?v=_N7gh3W6IFa8GlPXftqc6AzAZY1eVUwga5XOlM4aqdQ - -
2023-10-30 13:46:04.998 +01:00 [Information] The file "/css/style.css" was not modified
2023-10-30 13:46:04.999 +01:00 [Information] Request finished HTTP/2 GET https://localhost:7205/css/style.css?v=_N7gh3W6IFa8GlPXftqc6AzAZY1eVUwga5XOlM4aqdQ - - - 304 - text/css 0.5389ms
2023-10-30 13:46:05.006 +01:00 [Information] Request starting HTTP/2 GET https://localhost:7205/_framework/aspnetcore-browser-refresh.js - -
2023-10-30 13:46:05.006 +01:00 [Information] Request finished HTTP/2 GET https://localhost:7205/_framework/aspnetcore-browser-refresh.js - - - 200 12342 application/javascript;+charset=utf-8 0.4399ms
2023-10-30 13:46:05.007 +01:00 [Information] Request starting HTTP/2 GET https://localhost:7205/_vs/browserLink - -
2023-10-30 13:46:05.010 +01:00 [Information] Request finished HTTP/2 GET https://localhost:7205/_vs/browserLink - - - 200 - text/javascript;+charset=UTF-8 3.2704ms
2023-10-30 13:46:07.586 +01:00 [Information] Request starting HTTP/2 GET https://localhost:7205/Category/CategoryTable - -
2023-10-30 13:46:07.588 +01:00 [Information] Executing endpoint '"Forum.Controllers.CategoryController.CategoryTable (Forum)"'
2023-10-30 13:46:07.588 +01:00 [Information] Route matched with "{action = \"CategoryTable\", controller = \"Category\", page = \"\", area = \"\"}". Executing controller action with signature "System.Threading.Tasks.Task`1[Microsoft.AspNetCore.Mvc.IActionResult] CategoryTable()" on controller "Forum.Controllers.CategoryController" ("Forum").
2023-10-30 13:46:07.620 +01:00 [Information] Executing action method "Forum.Controllers.CategoryController.CategoryTable (Forum)" - Validation state: Valid
2023-10-30 13:46:07.626 +01:00 [Information] Executed action method "Forum.Controllers.CategoryController.CategoryTable (Forum)", returned result "Microsoft.AspNetCore.Mvc.ViewResult" in 5.1782ms.
2023-10-30 13:46:07.626 +01:00 [Information] Executing ViewResult, running view "CategoryTable".
2023-10-30 13:46:07.638 +01:00 [Information] Executed ViewResult - view "CategoryTable" executed in 11.4762ms.
2023-10-30 13:46:07.638 +01:00 [Information] Executed action "Forum.Controllers.CategoryController.CategoryTable (Forum)" in 49.8372ms
2023-10-30 13:46:07.638 +01:00 [Information] Executed endpoint '"Forum.Controllers.CategoryController.CategoryTable (Forum)"'
2023-10-30 13:46:07.641 +01:00 [Information] Request finished HTTP/2 GET https://localhost:7205/Category/CategoryTable - - - 200 - text/html;+charset=utf-8 54.9455ms
2023-10-30 13:46:07.645 +01:00 [Information] Request starting HTTP/2 GET https://localhost:7205/_framework/aspnetcore-browser-refresh.js - -
2023-10-30 13:46:07.644 +01:00 [Information] Request starting HTTP/2 GET https://localhost:7205/_vs/browserLink - -
2023-10-30 13:46:07.645 +01:00 [Information] Request finished HTTP/2 GET https://localhost:7205/_framework/aspnetcore-browser-refresh.js - - - 200 12342 application/javascript;+charset=utf-8 0.6294ms
2023-10-30 13:46:07.654 +01:00 [Information] Request finished HTTP/2 GET https://localhost:7205/_vs/browserLink - - - 200 - text/javascript;+charset=UTF-8 10.1421ms
2023-10-30 13:46:09.707 +01:00 [Information] Request starting HTTP/2 GET https://localhost:7205/Room/RoomTable - -
2023-10-30 13:46:09.709 +01:00 [Information] Request finished HTTP/2 GET https://localhost:7205/Room/RoomTable - - - 404 0 - 1.6563ms
2023-10-30 13:46:11.697 +01:00 [Information] Request starting HTTP/2 GET https://localhost:7205/_framework/aspnetcore-browser-refresh.js - -
2023-10-30 13:46:11.698 +01:00 [Information] Request finished HTTP/2 GET https://localhost:7205/_framework/aspnetcore-browser-refresh.js - - - 200 12342 application/javascript;+charset=utf-8 1.1040ms
2023-10-30 13:46:20.607 +01:00 [Information] Request starting HTTP/2 GET https://localhost:7205/Category/CategoryGrid - -
2023-10-30 13:46:20.609 +01:00 [Information] Executing endpoint '"Forum.Controllers.CategoryController.CategoryGrid (Forum)"'
2023-10-30 13:46:20.614 +01:00 [Information] Route matched with "{action = \"CategoryGrid\", controller = \"Category\", page = \"\", area = \"\"}". Executing controller action with signature "System.Threading.Tasks.Task`1[Microsoft.AspNetCore.Mvc.IActionResult] CategoryGrid()" on controller "Forum.Controllers.CategoryController" ("Forum").
2023-10-30 13:46:20.648 +01:00 [Information] Executing action method "Forum.Controllers.CategoryController.CategoryGrid (Forum)" - Validation state: Valid
2023-10-30 13:46:20.654 +01:00 [Information] Executed action method "Forum.Controllers.CategoryController.CategoryGrid (Forum)", returned result "Microsoft.AspNetCore.Mvc.ViewResult" in 6.2393ms.
2023-10-30 13:46:20.656 +01:00 [Information] Executing ViewResult, running view "CategoryGrid".
2023-10-30 13:46:20.681 +01:00 [Information] Executed ViewResult - view "CategoryGrid" executed in 25.8118ms.
2023-10-30 13:46:20.681 +01:00 [Information] Executed action "Forum.Controllers.CategoryController.CategoryGrid (Forum)" in 67.046ms
2023-10-30 13:46:20.681 +01:00 [Information] Executed endpoint '"Forum.Controllers.CategoryController.CategoryGrid (Forum)"'
2023-10-30 13:46:20.684 +01:00 [Information] Request finished HTTP/2 GET https://localhost:7205/Category/CategoryGrid - - - 200 - text/html;+charset=utf-8 76.9538ms
2023-10-30 13:46:20.695 +01:00 [Information] Request starting HTTP/2 GET https://localhost:7205/_framework/aspnetcore-browser-refresh.js - -
2023-10-30 13:46:20.696 +01:00 [Information] Request starting HTTP/2 GET https://localhost:7205/_vs/browserLink - -
2023-10-30 13:46:20.697 +01:00 [Information] Request finished HTTP/2 GET https://localhost:7205/_framework/aspnetcore-browser-refresh.js - - - 200 12342 application/javascript;+charset=utf-8 0.3879ms
2023-10-30 13:46:20.710 +01:00 [Information] Request finished HTTP/2 GET https://localhost:7205/_vs/browserLink - - - 200 - text/javascript;+charset=UTF-8 14.4405ms
2023-10-30 13:49:22.173 +01:00 [Information] Request starting HTTP/2 GET https://localhost:7205/Category/CategoryTable - -
2023-10-30 13:49:22.208 +01:00 [Information] Executing endpoint '"Forum.Controllers.CategoryController.CategoryTable (Forum)"'
2023-10-30 13:49:22.208 +01:00 [Information] Route matched with "{action = \"CategoryTable\", controller = \"Category\", page = \"\", area = \"\"}". Executing controller action with signature "System.Threading.Tasks.Task`1[Microsoft.AspNetCore.Mvc.IActionResult] CategoryTable()" on controller "Forum.Controllers.CategoryController" ("Forum").
2023-10-30 13:49:22.244 +01:00 [Information] Executing action method "Forum.Controllers.CategoryController.CategoryTable (Forum)" - Validation state: Valid
2023-10-30 13:49:22.249 +01:00 [Information] Executed action method "Forum.Controllers.CategoryController.CategoryTable (Forum)", returned result "Microsoft.AspNetCore.Mvc.ViewResult" in 4.4408ms.
2023-10-30 13:49:22.249 +01:00 [Information] Executing ViewResult, running view "CategoryTable".
2023-10-30 13:49:22.274 +01:00 [Information] Executed ViewResult - view "CategoryTable" executed in 25.5147ms.
2023-10-30 13:49:22.275 +01:00 [Information] Executed action "Forum.Controllers.CategoryController.CategoryTable (Forum)" in 66.7607ms
2023-10-30 13:49:22.275 +01:00 [Information] Executed endpoint '"Forum.Controllers.CategoryController.CategoryTable (Forum)"'
2023-10-30 13:49:22.279 +01:00 [Information] Request finished HTTP/2 GET https://localhost:7205/Category/CategoryTable - - - 200 - text/html;+charset=utf-8 113.6210ms
2023-10-30 13:49:22.288 +01:00 [Information] Request starting HTTP/2 GET https://localhost:7205/_vs/browserLink - -
2023-10-30 13:49:22.288 +01:00 [Information] Request starting HTTP/2 GET https://localhost:7205/_framework/aspnetcore-browser-refresh.js - -
2023-10-30 13:49:22.288 +01:00 [Information] Request starting HTTP/2 GET https://localhost:7205/css/style.css?v=_N7gh3W6IFa8GlPXftqc6AzAZY1eVUwga5XOlM4aqdQ - -
2023-10-30 13:49:22.289 +01:00 [Information] The file "/css/style.css" was not modified
2023-10-30 13:49:22.289 +01:00 [Information] Request finished HTTP/2 GET https://localhost:7205/_framework/aspnetcore-browser-refresh.js - - - 200 12342 application/javascript;+charset=utf-8 0.3095ms
2023-10-30 13:49:22.289 +01:00 [Information] Request finished HTTP/2 GET https://localhost:7205/css/style.css?v=_N7gh3W6IFa8GlPXftqc6AzAZY1eVUwga5XOlM4aqdQ - - - 304 - text/css 0.8970ms
2023-10-30 13:49:22.300 +01:00 [Information] Request finished HTTP/2 GET https://localhost:7205/_vs/browserLink - - - 200 - text/javascript;+charset=UTF-8 11.2098ms
2023-10-30 13:49:29.264 +01:00 [Information] Request starting HTTP/2 GET https://localhost:7205/Category/CategoryGrid - -
2023-10-30 13:49:29.265 +01:00 [Information] Executing endpoint '"Forum.Controllers.CategoryController.CategoryGrid (Forum)"'
2023-10-30 13:49:29.266 +01:00 [Information] Route matched with "{action = \"CategoryGrid\", controller = \"Category\", page = \"\", area = \"\"}". Executing controller action with signature "System.Threading.Tasks.Task`1[Microsoft.AspNetCore.Mvc.IActionResult] CategoryGrid()" on controller "Forum.Controllers.CategoryController" ("Forum").
2023-10-30 13:49:29.298 +01:00 [Information] Executing action method "Forum.Controllers.CategoryController.CategoryGrid (Forum)" - Validation state: Valid
2023-10-30 13:49:29.303 +01:00 [Information] Executed action method "Forum.Controllers.CategoryController.CategoryGrid (Forum)", returned result "Microsoft.AspNetCore.Mvc.ViewResult" in 4.9255ms.
2023-10-30 13:49:29.303 +01:00 [Information] Executing ViewResult, running view "CategoryGrid".
2023-10-30 13:49:29.322 +01:00 [Information] Executed ViewResult - view "CategoryGrid" executed in 18.463ms.
2023-10-30 13:49:29.322 +01:00 [Information] Executed action "Forum.Controllers.CategoryController.CategoryGrid (Forum)" in 56.0767ms
2023-10-30 13:49:29.322 +01:00 [Information] Executed endpoint '"Forum.Controllers.CategoryController.CategoryGrid (Forum)"'
2023-10-30 13:49:29.336 +01:00 [Information] Request finished HTTP/2 GET https://localhost:7205/Category/CategoryGrid - - - 200 - text/html;+charset=utf-8 71.2057ms
2023-10-30 13:49:29.355 +01:00 [Information] Request starting HTTP/2 GET https://localhost:7205/_framework/aspnetcore-browser-refresh.js - -
2023-10-30 13:49:29.390 +01:00 [Information] Request finished HTTP/2 GET https://localhost:7205/_framework/aspnetcore-browser-refresh.js - - - 200 12342 application/javascript;+charset=utf-8 1.6858ms
2023-10-30 13:49:29.392 +01:00 [Information] Request starting HTTP/2 GET https://localhost:7205/_vs/browserLink - -
2023-10-30 13:49:29.407 +01:00 [Information] Request finished HTTP/2 GET https://localhost:7205/_vs/browserLink - - - 200 - text/javascript;+charset=UTF-8 15.2875ms
