2023-10-24 11:29:44.626 +02:00 [Information] User profile is available. Using '"C:\Users\abdik\AppData\Local\ASP.NET\DataProtection-Keys"' as key repository and Windows DPAPI to encrypt keys at rest.
2023-10-24 11:29:45.049 +02:00 [Information] Now listening on: "https://localhost:7205"
2023-10-24 11:29:45.049 +02:00 [Information] Now listening on: "http://localhost:5112"
2023-10-24 11:29:45.053 +02:00 [Information] Application started. Press Ctrl+C to shut down.
2023-10-24 11:29:45.053 +02:00 [Information] Hosting environment: "Development"
2023-10-24 11:29:45.053 +02:00 [Information] Content root path: "C:\Users\abdik\Source\Repos\Forum\MyShop\"
2023-10-24 11:29:45.257 +02:00 [Information] Request starting HTTP/2 GET https://localhost:7205/ - -
2023-10-24 11:29:45.295 +02:00 [Information] Executing endpoint '"Forum.Controllers.HomeController.Index (Forum)"'
2023-10-24 11:29:45.303 +02:00 [Information] Route matched with "{action = \"Index\", controller = \"Home\", page = \"\", area = \"\"}". Executing controller action with signature "Microsoft.AspNetCore.Mvc.IActionResult Index()" on controller "Forum.Controllers.HomeController" ("Forum").
2023-10-24 11:29:45.307 +02:00 [Information] Executing ViewResult, running view "Index".
2023-10-24 11:29:45.406 +02:00 [Information] Executed ViewResult - view "Index" executed in 97.9556ms.
2023-10-24 11:29:45.408 +02:00 [Information] Executed action "Forum.Controllers.HomeController.Index (Forum)" in 104.4706ms
2023-10-24 11:29:45.408 +02:00 [Information] Executed endpoint '"Forum.Controllers.HomeController.Index (Forum)"'
2023-10-24 11:29:45.420 +02:00 [Information] Request finished HTTP/2 GET https://localhost:7205/ - - - 200 - text/html;+charset=utf-8 165.9260ms
2023-10-24 11:29:45.422 +02:00 [Information] Request starting HTTP/2 GET https://localhost:7205/style.css - -
2023-10-24 11:29:45.424 +02:00 [Information] Request starting HTTP/2 GET https://localhost:7205/_vs/browserLink - -
2023-10-24 11:29:45.424 +02:00 [Information] Request starting HTTP/2 GET https://localhost:7205/_framework/aspnetcore-browser-refresh.js - -
2023-10-24 11:29:45.424 +02:00 [Information] Request finished HTTP/2 GET https://localhost:7205/style.css - - - 404 0 - 2.6307ms
2023-10-24 11:29:45.425 +02:00 [Information] Request finished HTTP/2 GET https://localhost:7205/_framework/aspnetcore-browser-refresh.js - - - 200 12342 application/javascript;+charset=utf-8 1.6930ms
2023-10-24 11:29:45.430 +02:00 [Information] Request finished HTTP/2 GET https://localhost:7205/_vs/browserLink - - - 200 - text/javascript;+charset=UTF-8 6.2693ms
