2023-10-24 10:45:52.394 +02:00 [Information] User profile is available. Using '"C:\Users\abdik\AppData\Local\ASP.NET\DataProtection-Keys"' as key repository and Windows DPAPI to encrypt keys at rest.
2023-10-24 10:45:52.802 +02:00 [Information] Now listening on: "https://localhost:7205"
2023-10-24 10:45:52.802 +02:00 [Information] Now listening on: "http://localhost:5112"
2023-10-24 10:45:52.805 +02:00 [Information] Application started. Press Ctrl+C to shut down.
2023-10-24 10:45:52.805 +02:00 [Information] Hosting environment: "Development"
2023-10-24 10:45:52.805 +02:00 [Information] Content root path: "C:\Users\abdik\Source\Repos\Forum\MyShop\"
2023-10-24 10:45:53.095 +02:00 [Information] Request starting HTTP/2 GET https://localhost:7205/ - -
2023-10-24 10:45:53.133 +02:00 [Information] Executing endpoint '"Forum.Controllers.HomeController.Index (Forum)"'
2023-10-24 10:45:53.141 +02:00 [Information] Route matched with "{action = \"Index\", controller = \"Home\", page = \"\", area = \"\"}". Executing controller action with signature "Microsoft.AspNetCore.Mvc.IActionResult Index()" on controller "Forum.Controllers.HomeController" ("Forum").
2023-10-24 10:45:53.145 +02:00 [Information] Executing ViewResult, running view "Index".
2023-10-24 10:45:53.246 +02:00 [Information] Executed ViewResult - view "Index" executed in 100.3222ms.
2023-10-24 10:45:53.248 +02:00 [Information] Executed action "Forum.Controllers.HomeController.Index (Forum)" in 106.6457ms
2023-10-24 10:45:53.248 +02:00 [Information] Executed endpoint '"Forum.Controllers.HomeController.Index (Forum)"'
2023-10-24 10:45:53.260 +02:00 [Information] Request finished HTTP/2 GET https://localhost:7205/ - - - 200 - text/html;+charset=utf-8 167.2520ms
2023-10-24 10:45:53.266 +02:00 [Information] Request starting HTTP/2 GET https://localhost:7205/images/fotball.jpg - -
2023-10-24 10:45:53.266 +02:00 [Information] Request starting HTTP/2 GET https://localhost:7205/images/formula1.jpg - -
2023-10-24 10:45:53.266 +02:00 [Information] Request starting HTTP/2 GET https://localhost:7205/style.css - -
2023-10-24 10:45:53.269 +02:00 [Information] Request finished HTTP/2 GET https://localhost:7205/style.css - - - 404 0 - 2.5419ms
2023-10-24 10:45:53.276 +02:00 [Information] The file "/images/fotball.jpg" was not modified
2023-10-24 10:45:53.276 +02:00 [Information] The file "/images/formula1.jpg" was not modified
2023-10-24 10:45:53.277 +02:00 [Information] Request finished HTTP/2 GET https://localhost:7205/images/formula1.jpg - - - 304 - image/jpeg 10.6351ms
2023-10-24 10:45:53.277 +02:00 [Information] Request finished HTTP/2 GET https://localhost:7205/images/fotball.jpg - - - 304 - image/jpeg 10.6462ms
2023-10-24 10:45:53.284 +02:00 [Information] Request starting HTTP/2 GET https://localhost:7205/_framework/aspnetcore-browser-refresh.js - -
2023-10-24 10:45:53.284 +02:00 [Information] Request starting HTTP/2 GET https://localhost:7205/images/vacation.jpg - -
2023-10-24 10:45:53.284 +02:00 [Information] Request starting HTTP/2 GET https://localhost:7205/_vs/browserLink - -
2023-10-24 10:45:53.286 +02:00 [Information] Request finished HTTP/2 GET https://localhost:7205/_framework/aspnetcore-browser-refresh.js - - - 200 12342 application/javascript;+charset=utf-8 2.0251ms
2023-10-24 10:45:53.291 +02:00 [Information] Request finished HTTP/2 GET https://localhost:7205/_vs/browserLink - - - 200 - text/javascript;+charset=UTF-8 6.2864ms
2023-10-24 10:45:53.308 +02:00 [Information] Sending file. Request path: '"/images/vacation.jpg"'. Physical path: '"C:\Users\abdik\Source\Repos\Forum\MyShop\wwwroot\images\vacation.jpg"'
2023-10-24 10:45:53.308 +02:00 [Information] Request finished HTTP/2 GET https://localhost:7205/images/vacation.jpg - - - 200 966160 image/jpeg 24.2351ms
