2023-10-23 18:46:45.520 +02:00 [Information] User profile is available. Using '"C:\Users\abdik\AppData\Local\ASP.NET\DataProtection-Keys"' as key repository and Windows DPAPI to encrypt keys at rest.
2023-10-23 18:46:45.943 +02:00 [Information] Now listening on: "https://localhost:7205"
2023-10-23 18:46:45.944 +02:00 [Information] Now listening on: "http://localhost:5112"
2023-10-23 18:46:45.947 +02:00 [Information] Application started. Press Ctrl+C to shut down.
2023-10-23 18:46:45.947 +02:00 [Information] Hosting environment: "Development"
2023-10-23 18:46:45.947 +02:00 [Information] Content root path: "C:\Users\abdik\Source\Repos\Forum\MyShop\"
2023-10-23 18:46:46.499 +02:00 [Information] Request starting HTTP/2 GET https://localhost:7205/ - -
2023-10-23 18:46:46.538 +02:00 [Information] Executing endpoint '"Forum.Controllers.HomeController.Index (Forum)"'
2023-10-23 18:46:46.546 +02:00 [Information] Route matched with "{action = \"Index\", controller = \"Home\", page = \"\", area = \"\"}". Executing controller action with signature "Microsoft.AspNetCore.Mvc.IActionResult Index()" on controller "Forum.Controllers.HomeController" ("Forum").
2023-10-23 18:46:46.550 +02:00 [Information] Executing ViewResult, running view "Index".
2023-10-23 18:46:46.649 +02:00 [Information] Executed ViewResult - view "Index" executed in 97.9503ms.
2023-10-23 18:46:46.651 +02:00 [Information] Executed action "Forum.Controllers.HomeController.Index (Forum)" in 104.2743ms
2023-10-23 18:46:46.651 +02:00 [Information] Executed endpoint '"Forum.Controllers.HomeController.Index (Forum)"'
2023-10-23 18:46:46.662 +02:00 [Information] Request starting HTTP/2 GET https://localhost:7205/_vs/browserLink - -
2023-10-23 18:46:46.662 +02:00 [Information] Request starting HTTP/2 GET https://localhost:7205/_framework/aspnetcore-browser-refresh.js - -
2023-10-23 18:46:46.662 +02:00 [Information] Request starting HTTP/2 GET https://localhost:7205/style.css - -
2023-10-23 18:46:46.662 +02:00 [Information] Request finished HTTP/2 GET https://localhost:7205/ - - - 200 - text/html;+charset=utf-8 165.8040ms
2023-10-23 18:46:46.664 +02:00 [Information] Request finished HTTP/2 GET https://localhost:7205/_framework/aspnetcore-browser-refresh.js - - - 200 12342 application/javascript;+charset=utf-8 2.1908ms
2023-10-23 18:46:46.665 +02:00 [Information] Request finished HTTP/2 GET https://localhost:7205/style.css - - - 404 0 - 2.7717ms
2023-10-23 18:46:46.669 +02:00 [Information] Request finished HTTP/2 GET https://localhost:7205/_vs/browserLink - - - 200 - text/javascript;+charset=UTF-8 6.8040ms
