2023-10-29 18:30:44.105 +01:00 [Information] User profile is available. Using '"C:\Users\Johan\AppData\Local\ASP.NET\DataProtection-Keys"' as key repository and Windows DPAPI to encrypt keys at rest.
2023-10-29 18:30:44.723 +01:00 [Information] Now listening on: "https://localhost:7205"
2023-10-29 18:30:44.724 +01:00 [Information] Now listening on: "http://localhost:5112"
2023-10-29 18:30:44.729 +01:00 [Information] Application started. Press Ctrl+C to shut down.
2023-10-29 18:30:44.730 +01:00 [Information] Hosting environment: "Development"
2023-10-29 18:30:44.731 +01:00 [Information] Content root path: "C:\Users\Johan\Source\Repos\N4h0\Forum\MyShop\"
2023-10-29 18:30:46.199 +01:00 [Information] Request starting HTTP/2 GET https://localhost:7205/ - -
2023-10-29 18:30:46.252 +01:00 [Information] Executing endpoint '"Forum.Controllers.HomeController.Index (Forum)"'
2023-10-29 18:30:46.266 +01:00 [Information] Route matched with "{action = \"Index\", controller = \"Home\", page = \"\", area = \"\"}". Executing controller action with signature "System.Threading.Tasks.Task`1[Microsoft.AspNetCore.Mvc.IActionResult] Index()" on controller "Forum.Controllers.HomeController" ("Forum").
2023-10-29 18:30:46.306 +01:00 [Information] Executing ViewResult, running view "Index".
2023-10-29 18:30:46.457 +01:00 [Information] Executed ViewResult - view "Index" executed in 152.8545ms.
2023-10-29 18:30:46.460 +01:00 [Information] Executed action "Forum.Controllers.HomeController.Index (Forum)" in 193.7078ms
2023-10-29 18:30:46.460 +01:00 [Information] Executed endpoint '"Forum.Controllers.HomeController.Index (Forum)"'
2023-10-29 18:30:46.471 +01:00 [Information] Request finished HTTP/2 GET https://localhost:7205/ - - - 200 - text/html;+charset=utf-8 275.2677ms
2023-10-29 18:30:46.472 +01:00 [Information] Request starting HTTP/2 GET https://localhost:7205/css/style.css?v=oGZyZLFHJzudcouqdowg3ptlQTzCiwvE1kFid09GDL0 - -
2023-10-29 18:30:46.491 +01:00 [Information] Sending file. Request path: '"/css/style.css"'. Physical path: '"C:\Users\Johan\Source\Repos\N4h0\Forum\MyShop\wwwroot\css\style.css"'
2023-10-29 18:30:46.491 +01:00 [Information] Request finished HTTP/2 GET https://localhost:7205/css/style.css?v=oGZyZLFHJzudcouqdowg3ptlQTzCiwvE1kFid09GDL0 - - - 200 4688 text/css 19.5280ms
2023-10-29 18:30:46.555 +01:00 [Information] Request starting HTTP/2 GET https://localhost:7205/_framework/aspnetcore-browser-refresh.js - -
2023-10-29 18:30:46.557 +01:00 [Information] Request finished HTTP/2 GET https://localhost:7205/_framework/aspnetcore-browser-refresh.js - - - 200 12342 application/javascript;+charset=utf-8 2.1160ms
2023-10-29 18:30:52.822 +01:00 [Information] Request starting HTTP/2 GET https://localhost:7205/Post/PostDetails/8 - -
2023-10-29 18:30:52.823 +01:00 [Information] Executing endpoint '"Forum.Controllers.PostController.PostDetails (Forum)"'
2023-10-29 18:30:52.831 +01:00 [Information] Route matched with "{action = \"PostDetails\", controller = \"Post\", page = \"\", area = \"\"}". Executing controller action with signature "System.Threading.Tasks.Task`1[Microsoft.AspNetCore.Mvc.IActionResult] PostDetails(Int32)" on controller "Forum.Controllers.PostController" ("Forum").
2023-10-29 18:30:52.844 +01:00 [Information] Executing ViewResult, running view "PostDetails".
2023-10-29 18:30:52.884 +01:00 [Information] Executed ViewResult - view "PostDetails" executed in 40.7593ms.
2023-10-29 18:30:52.884 +01:00 [Information] Executed action "Forum.Controllers.PostController.PostDetails (Forum)" in 53.6082ms
2023-10-29 18:30:52.884 +01:00 [Information] Executed endpoint '"Forum.Controllers.PostController.PostDetails (Forum)"'
2023-10-29 18:30:52.884 +01:00 [Information] Request finished HTTP/2 GET https://localhost:7205/Post/PostDetails/8 - - - 200 - text/html;+charset=utf-8 62.6030ms
2023-10-29 18:30:52.897 +01:00 [Information] Request starting HTTP/2 GET https://localhost:7205/_framework/aspnetcore-browser-refresh.js - -
2023-10-29 18:30:52.897 +01:00 [Information] Request starting HTTP/2 GET https://localhost:7205/css/style.css?v=oGZyZLFHJzudcouqdowg3ptlQTzCiwvE1kFid09GDL0 - -
2023-10-29 18:30:52.898 +01:00 [Information] Request finished HTTP/2 GET https://localhost:7205/_framework/aspnetcore-browser-refresh.js - - - 200 12342 application/javascript;+charset=utf-8 0.4361ms
2023-10-29 18:30:52.899 +01:00 [Information] The file "/css/style.css" was not modified
2023-10-29 18:30:52.899 +01:00 [Information] Request finished HTTP/2 GET https://localhost:7205/css/style.css?v=oGZyZLFHJzudcouqdowg3ptlQTzCiwvE1kFid09GDL0 - - - 304 - text/css 1.4125ms
2023-10-29 18:31:12.822 +01:00 [Information] Request starting HTTP/2 GET https://localhost:7205/Topic/TopicDetails/6 - -
2023-10-29 18:31:12.825 +01:00 [Information] Executing endpoint '"Forum.Controllers.TopicController.TopicDetails (Forum)"'
2023-10-29 18:31:12.826 +01:00 [Information] Route matched with "{action = \"TopicDetails\", controller = \"Topic\", page = \"\", area = \"\"}". Executing controller action with signature "System.Threading.Tasks.Task`1[Microsoft.AspNetCore.Mvc.IActionResult] TopicDetails(Int32)" on controller "Forum.Controllers.TopicController" ("Forum").
2023-10-29 18:31:12.833 +01:00 [Information] Executing ViewResult, running view "TopicDetails".
2023-10-29 18:31:12.848 +01:00 [Information] Executed ViewResult - view "TopicDetails" executed in 15.4651ms.
2023-10-29 18:31:12.848 +01:00 [Information] Executed action "Forum.Controllers.TopicController.TopicDetails (Forum)" in 21.5603ms
2023-10-29 18:31:12.848 +01:00 [Information] Executed endpoint '"Forum.Controllers.TopicController.TopicDetails (Forum)"'
2023-10-29 18:31:12.848 +01:00 [Information] Request finished HTTP/2 GET https://localhost:7205/Topic/TopicDetails/6 - - - 200 - text/html;+charset=utf-8 25.6483ms
2023-10-29 18:31:12.861 +01:00 [Information] Request starting HTTP/2 GET https://localhost:7205/css/style.css?v=oGZyZLFHJzudcouqdowg3ptlQTzCiwvE1kFid09GDL0 - -
2023-10-29 18:31:12.861 +01:00 [Information] Request starting HTTP/2 GET https://localhost:7205/_framework/aspnetcore-browser-refresh.js - -
2023-10-29 18:31:12.861 +01:00 [Information] Request finished HTTP/2 GET https://localhost:7205/_framework/aspnetcore-browser-refresh.js - - - 200 12342 application/javascript;+charset=utf-8 0.2001ms
2023-10-29 18:31:12.861 +01:00 [Information] The file "/css/style.css" was not modified
2023-10-29 18:31:12.861 +01:00 [Information] Request finished HTTP/2 GET https://localhost:7205/css/style.css?v=oGZyZLFHJzudcouqdowg3ptlQTzCiwvE1kFid09GDL0 - - - 304 - text/css 0.6146ms
2023-10-29 18:31:13.980 +01:00 [Information] Request starting HTTP/2 GET https://localhost:7205/Post/PostDetails/8 - -
2023-10-29 18:31:13.981 +01:00 [Information] Executing endpoint '"Forum.Controllers.PostController.PostDetails (Forum)"'
2023-10-29 18:31:13.982 +01:00 [Information] Route matched with "{action = \"PostDetails\", controller = \"Post\", page = \"\", area = \"\"}". Executing controller action with signature "System.Threading.Tasks.Task`1[Microsoft.AspNetCore.Mvc.IActionResult] PostDetails(Int32)" on controller "Forum.Controllers.PostController" ("Forum").
2023-10-29 18:31:13.985 +01:00 [Information] Executing ViewResult, running view "PostDetails".
2023-10-29 18:31:13.991 +01:00 [Information] Executed ViewResult - view "PostDetails" executed in 5.8179ms.
2023-10-29 18:31:13.991 +01:00 [Information] Executed action "Forum.Controllers.PostController.PostDetails (Forum)" in 9.5779ms
2023-10-29 18:31:13.991 +01:00 [Information] Executed endpoint '"Forum.Controllers.PostController.PostDetails (Forum)"'
2023-10-29 18:31:13.991 +01:00 [Information] Request finished HTTP/2 GET https://localhost:7205/Post/PostDetails/8 - - - 200 - text/html;+charset=utf-8 11.0902ms
2023-10-29 18:31:14.004 +01:00 [Information] Request starting HTTP/2 GET https://localhost:7205/_framework/aspnetcore-browser-refresh.js - -
2023-10-29 18:31:14.004 +01:00 [Information] Request finished HTTP/2 GET https://localhost:7205/_framework/aspnetcore-browser-refresh.js - - - 200 12342 application/javascript;+charset=utf-8 0.2466ms
2023-10-29 18:31:21.158 +01:00 [Information] Request starting HTTP/2 GET https://localhost:7205/ - -
2023-10-29 18:31:21.159 +01:00 [Information] Executing endpoint '"Forum.Controllers.HomeController.Index (Forum)"'
2023-10-29 18:31:21.159 +01:00 [Information] Route matched with "{action = \"Index\", controller = \"Home\", page = \"\", area = \"\"}". Executing controller action with signature "System.Threading.Tasks.Task`1[Microsoft.AspNetCore.Mvc.IActionResult] Index()" on controller "Forum.Controllers.HomeController" ("Forum").
2023-10-29 18:31:21.161 +01:00 [Information] Executing ViewResult, running view "Index".
2023-10-29 18:31:21.173 +01:00 [Information] Executed ViewResult - view "Index" executed in 11.3447ms.
2023-10-29 18:31:21.173 +01:00 [Information] Executed action "Forum.Controllers.HomeController.Index (Forum)" in 14.1577ms
2023-10-29 18:31:21.173 +01:00 [Information] Executed endpoint '"Forum.Controllers.HomeController.Index (Forum)"'
2023-10-29 18:31:21.173 +01:00 [Information] Request finished HTTP/2 GET https://localhost:7205/ - - - 200 - text/html;+charset=utf-8 14.6809ms
2023-10-29 18:31:21.187 +01:00 [Information] Request starting HTTP/2 GET https://localhost:7205/css/style.css?v=oGZyZLFHJzudcouqdowg3ptlQTzCiwvE1kFid09GDL0 - -
2023-10-29 18:31:21.187 +01:00 [Information] The file "/css/style.css" was not modified
2023-10-29 18:31:21.187 +01:00 [Information] Request finished HTTP/2 GET https://localhost:7205/css/style.css?v=oGZyZLFHJzudcouqdowg3ptlQTzCiwvE1kFid09GDL0 - - - 304 - text/css 0.4087ms
2023-10-29 18:31:21.192 +01:00 [Information] Request starting HTTP/2 GET https://localhost:7205/_framework/aspnetcore-browser-refresh.js - -
2023-10-29 18:31:21.192 +01:00 [Information] Request finished HTTP/2 GET https://localhost:7205/_framework/aspnetcore-browser-refresh.js - - - 200 12342 application/javascript;+charset=utf-8 0.1691ms
2023-10-29 18:31:22.825 +01:00 [Information] Request starting HTTP/2 GET https://localhost:7205/Post/PostDetails/1 - -
2023-10-29 18:31:22.826 +01:00 [Information] Executing endpoint '"Forum.Controllers.PostController.PostDetails (Forum)"'
2023-10-29 18:31:22.826 +01:00 [Information] Route matched with "{action = \"PostDetails\", controller = \"Post\", page = \"\", area = \"\"}". Executing controller action with signature "System.Threading.Tasks.Task`1[Microsoft.AspNetCore.Mvc.IActionResult] PostDetails(Int32)" on controller "Forum.Controllers.PostController" ("Forum").
2023-10-29 18:31:22.830 +01:00 [Information] Executing ViewResult, running view "PostDetails".
2023-10-29 18:31:22.835 +01:00 [Information] Executed ViewResult - view "PostDetails" executed in 5.8417ms.
2023-10-29 18:31:22.835 +01:00 [Information] Executed action "Forum.Controllers.PostController.PostDetails (Forum)" in 9.686ms
2023-10-29 18:31:22.835 +01:00 [Information] Executed endpoint '"Forum.Controllers.PostController.PostDetails (Forum)"'
2023-10-29 18:31:22.835 +01:00 [Information] Request finished HTTP/2 GET https://localhost:7205/Post/PostDetails/1 - - - 200 - text/html;+charset=utf-8 10.1629ms
2023-10-29 18:31:22.849 +01:00 [Information] Request starting HTTP/2 GET https://localhost:7205/_framework/aspnetcore-browser-refresh.js - -
2023-10-29 18:31:22.849 +01:00 [Information] Request finished HTTP/2 GET https://localhost:7205/_framework/aspnetcore-browser-refresh.js - - - 200 12342 application/javascript;+charset=utf-8 0.2058ms
2023-10-29 18:31:30.238 +01:00 [Information] Request starting HTTP/2 GET https://localhost:7205/Topic/TopicTable - -
2023-10-29 18:31:30.239 +01:00 [Information] Executing endpoint '"Forum.Controllers.TopicController.TopicTable (Forum)"'
2023-10-29 18:31:30.240 +01:00 [Information] Route matched with "{action = \"TopicTable\", controller = \"Topic\", page = \"\", area = \"\"}". Executing controller action with signature "System.Threading.Tasks.Task`1[Microsoft.AspNetCore.Mvc.IActionResult] TopicTable()" on controller "Forum.Controllers.TopicController" ("Forum").
2023-10-29 18:31:30.246 +01:00 [Information] Executing ViewResult, running view "TopicTable".
2023-10-29 18:31:30.250 +01:00 [Information] Executed ViewResult - view "TopicTable" executed in 4.5461ms.
2023-10-29 18:31:30.250 +01:00 [Information] Executed action "Forum.Controllers.TopicController.TopicTable (Forum)" in 9.4661ms
2023-10-29 18:31:30.250 +01:00 [Information] Executed endpoint '"Forum.Controllers.TopicController.TopicTable (Forum)"'
2023-10-29 18:31:30.250 +01:00 [Information] Request finished HTTP/2 GET https://localhost:7205/Topic/TopicTable - - - 200 - text/html;+charset=utf-8 11.9290ms
2023-10-29 18:31:30.264 +01:00 [Information] Request starting HTTP/2 GET https://localhost:7205/css/style.css?v=oGZyZLFHJzudcouqdowg3ptlQTzCiwvE1kFid09GDL0 - -
2023-10-29 18:31:30.264 +01:00 [Information] Request starting HTTP/2 GET https://localhost:7205/_framework/aspnetcore-browser-refresh.js - -
2023-10-29 18:31:30.264 +01:00 [Information] Request finished HTTP/2 GET https://localhost:7205/_framework/aspnetcore-browser-refresh.js - - - 200 12342 application/javascript;+charset=utf-8 0.1938ms
2023-10-29 18:31:30.265 +01:00 [Information] The file "/css/style.css" was not modified
2023-10-29 18:31:30.265 +01:00 [Information] Request finished HTTP/2 GET https://localhost:7205/css/style.css?v=oGZyZLFHJzudcouqdowg3ptlQTzCiwvE1kFid09GDL0 - - - 304 - text/css 0.4671ms
2023-10-29 18:31:30.918 +01:00 [Information] Request starting HTTP/2 GET https://localhost:7205/Room/RoomTable - -
2023-10-29 18:31:30.918 +01:00 [Information] Executing endpoint '"Forum.Controllers.RoomController.RoomTable (Forum)"'
2023-10-29 18:31:30.920 +01:00 [Information] Route matched with "{action = \"RoomTable\", controller = \"Room\", page = \"\", area = \"\"}". Executing controller action with signature "System.Threading.Tasks.Task`1[Microsoft.AspNetCore.Mvc.IActionResult] RoomTable()" on controller "Forum.Controllers.RoomController" ("Forum").
2023-10-29 18:31:30.926 +01:00 [Information] Executing ViewResult, running view "RoomTable".
2023-10-29 18:31:30.930 +01:00 [Information] Executed ViewResult - view "RoomTable" executed in 4.6302ms.
2023-10-29 18:31:30.930 +01:00 [Information] Executed action "Forum.Controllers.RoomController.RoomTable (Forum)" in 10.2736ms
2023-10-29 18:31:30.930 +01:00 [Information] Executed endpoint '"Forum.Controllers.RoomController.RoomTable (Forum)"'
2023-10-29 18:31:30.930 +01:00 [Information] Request finished HTTP/2 GET https://localhost:7205/Room/RoomTable - - - 200 - text/html;+charset=utf-8 12.3297ms
2023-10-29 18:31:30.942 +01:00 [Information] Request starting HTTP/2 GET https://localhost:7205/_framework/aspnetcore-browser-refresh.js - -
2023-10-29 18:31:30.943 +01:00 [Information] Request finished HTTP/2 GET https://localhost:7205/_framework/aspnetcore-browser-refresh.js - - - 200 12342 application/javascript;+charset=utf-8 0.3799ms
2023-10-29 18:31:31.864 +01:00 [Information] Request starting HTTP/2 GET https://localhost:7205/Category/CategoryTable - -
2023-10-29 18:31:31.864 +01:00 [Information] Executing endpoint '"Forum.Controllers.CategoryController.CategoryTable (Forum)"'
2023-10-29 18:31:31.866 +01:00 [Information] Route matched with "{action = \"CategoryTable\", controller = \"Category\", page = \"\", area = \"\"}". Executing controller action with signature "System.Threading.Tasks.Task`1[Microsoft.AspNetCore.Mvc.IActionResult] CategoryTable()" on controller "Forum.Controllers.CategoryController" ("Forum").
2023-10-29 18:31:31.873 +01:00 [Information] Executing ViewResult, running view "CategoryTable".
2023-10-29 18:31:31.882 +01:00 [Information] Executed ViewResult - view "CategoryTable" executed in 8.9243ms.
2023-10-29 18:31:31.882 +01:00 [Information] Executed action "Forum.Controllers.CategoryController.CategoryTable (Forum)" in 15.7052ms
2023-10-29 18:31:31.882 +01:00 [Information] Executed endpoint '"Forum.Controllers.CategoryController.CategoryTable (Forum)"'
2023-10-29 18:31:31.882 +01:00 [Information] Request finished HTTP/2 GET https://localhost:7205/Category/CategoryTable - - - 200 - text/html;+charset=utf-8 18.4050ms
2023-10-29 18:31:31.898 +01:00 [Information] Request starting HTTP/2 GET https://localhost:7205/_framework/aspnetcore-browser-refresh.js - -
2023-10-29 18:31:31.898 +01:00 [Information] Request finished HTTP/2 GET https://localhost:7205/_framework/aspnetcore-browser-refresh.js - - - 200 12342 application/javascript;+charset=utf-8 0.3140ms
2023-10-29 18:31:33.654 +01:00 [Information] Request starting HTTP/2 GET https://localhost:7205/ - -
2023-10-29 18:31:33.655 +01:00 [Information] Executing endpoint '"Forum.Controllers.HomeController.Index (Forum)"'
2023-10-29 18:31:33.655 +01:00 [Information] Route matched with "{action = \"Index\", controller = \"Home\", page = \"\", area = \"\"}". Executing controller action with signature "System.Threading.Tasks.Task`1[Microsoft.AspNetCore.Mvc.IActionResult] Index()" on controller "Forum.Controllers.HomeController" ("Forum").
2023-10-29 18:31:33.658 +01:00 [Information] Executing ViewResult, running view "Index".
2023-10-29 18:31:33.669 +01:00 [Information] Executed ViewResult - view "Index" executed in 10.9555ms.
2023-10-29 18:31:33.669 +01:00 [Information] Executed action "Forum.Controllers.HomeController.Index (Forum)" in 14.1189ms
2023-10-29 18:31:33.669 +01:00 [Information] Executed endpoint '"Forum.Controllers.HomeController.Index (Forum)"'
2023-10-29 18:31:33.669 +01:00 [Information] Request finished HTTP/2 GET https://localhost:7205/ - - - 200 - text/html;+charset=utf-8 14.6429ms
2023-10-29 18:31:33.684 +01:00 [Information] Request starting HTTP/2 GET https://localhost:7205/_framework/aspnetcore-browser-refresh.js - -
2023-10-29 18:31:33.684 +01:00 [Information] Request finished HTTP/2 GET https://localhost:7205/_framework/aspnetcore-browser-refresh.js - - - 200 12342 application/javascript;+charset=utf-8 0.1870ms
2023-10-29 18:31:36.625 +01:00 [Information] Request starting HTTP/2 GET https://localhost:7205/Identity/Account/Login - -
2023-10-29 18:31:36.625 +01:00 [Information] Executing endpoint '"/Account/Login"'
2023-10-29 18:31:36.631 +01:00 [Information] Route matched with "{page = \"/Account/Login\", area = \"Identity\", action = \"\", controller = \"\"}". Executing page "/Account/Login"
2023-10-29 18:31:36.639 +01:00 [Information] Executing handler method "Forum.Areas.Identity.Pages.Account.LoginModel.OnGetAsync" - ModelState is Valid
2023-10-29 18:31:36.643 +01:00 [Information] AuthenticationScheme: "Identity.External" signed out.
2023-10-29 18:31:36.644 +01:00 [Information] Executed handler method "OnGetAsync", returned result "".
2023-10-29 18:31:36.646 +01:00 [Information] Executing an implicit handler method - ModelState is Valid
2023-10-29 18:31:36.646 +01:00 [Information] Executed an implicit handler method, returned result "Microsoft.AspNetCore.Mvc.RazorPages.PageResult".
2023-10-29 18:31:36.678 +01:00 [Information] Executed page "/Account/Login" in 47.2721ms
2023-10-29 18:31:36.678 +01:00 [Information] Executed endpoint '"/Account/Login"'
2023-10-29 18:31:36.678 +01:00 [Information] Request finished HTTP/2 GET https://localhost:7205/Identity/Account/Login - - - 200 - text/html;+charset=utf-8 53.7122ms
2023-10-29 18:31:36.693 +01:00 [Information] Request starting HTTP/2 GET https://localhost:7205/_framework/aspnetcore-browser-refresh.js - -
2023-10-29 18:31:36.694 +01:00 [Information] Request finished HTTP/2 GET https://localhost:7205/_framework/aspnetcore-browser-refresh.js - - - 200 12342 application/javascript;+charset=utf-8 0.2182ms
2023-10-29 18:31:39.190 +01:00 [Information] Request starting HTTP/2 GET https://localhost:7205/Identity/Account/Register - -
2023-10-29 18:31:39.193 +01:00 [Information] Executing endpoint '"/Account/Register"'
2023-10-29 18:31:39.195 +01:00 [Information] Route matched with "{page = \"/Account/Register\", area = \"Identity\", action = \"\", controller = \"\"}". Executing page "/Account/Register"
2023-10-29 18:31:39.197 +01:00 [Information] Executing handler method "Forum.Areas.Identity.Pages.Account.RegisterModel.OnGetAsync" - ModelState is Valid
2023-10-29 18:31:39.197 +01:00 [Information] Executed handler method "OnGetAsync", returned result "".
2023-10-29 18:31:39.197 +01:00 [Information] Executing an implicit handler method - ModelState is Valid
2023-10-29 18:31:39.197 +01:00 [Information] Executed an implicit handler method, returned result "Microsoft.AspNetCore.Mvc.RazorPages.PageResult".
2023-10-29 18:31:39.207 +01:00 [Information] Executed page "/Account/Register" in 12.3478ms
2023-10-29 18:31:39.207 +01:00 [Information] Executed endpoint '"/Account/Register"'
2023-10-29 18:31:39.207 +01:00 [Information] Request finished HTTP/2 GET https://localhost:7205/Identity/Account/Register - - - 200 - text/html;+charset=utf-8 17.2724ms
2023-10-29 18:31:39.217 +01:00 [Information] Request starting HTTP/2 GET https://localhost:7205/_framework/aspnetcore-browser-refresh.js - -
2023-10-29 18:31:39.217 +01:00 [Information] Request finished HTTP/2 GET https://localhost:7205/_framework/aspnetcore-browser-refresh.js - - - 200 12342 application/javascript;+charset=utf-8 0.1706ms
2023-10-29 18:31:42.122 +01:00 [Information] Request starting HTTP/2 GET https://localhost:7205/Identity/Account/Login - -
2023-10-29 18:31:42.122 +01:00 [Information] Executing endpoint '"/Account/Login"'
2023-10-29 18:31:42.122 +01:00 [Information] Route matched with "{page = \"/Account/Login\", area = \"Identity\", action = \"\", controller = \"\"}". Executing page "/Account/Login"
2023-10-29 18:31:42.124 +01:00 [Information] Executing handler method "Forum.Areas.Identity.Pages.Account.LoginModel.OnGetAsync" - ModelState is Valid
2023-10-29 18:31:42.124 +01:00 [Information] AuthenticationScheme: "Identity.External" signed out.
2023-10-29 18:31:42.124 +01:00 [Information] Executed handler method "OnGetAsync", returned result "".
2023-10-29 18:31:42.124 +01:00 [Information] Executing an implicit handler method - ModelState is Valid
2023-10-29 18:31:42.124 +01:00 [Information] Executed an implicit handler method, returned result "Microsoft.AspNetCore.Mvc.RazorPages.PageResult".
2023-10-29 18:31:42.125 +01:00 [Information] Executed page "/Account/Login" in 2.8191ms
2023-10-29 18:31:42.125 +01:00 [Information] Executed endpoint '"/Account/Login"'
2023-10-29 18:31:42.125 +01:00 [Information] Request finished HTTP/2 GET https://localhost:7205/Identity/Account/Login - - - 200 - text/html;+charset=utf-8 3.5160ms
2023-10-29 18:31:42.138 +01:00 [Information] Request starting HTTP/2 GET https://localhost:7205/css/style.css?v=oGZyZLFHJzudcouqdowg3ptlQTzCiwvE1kFid09GDL0 - -
2023-10-29 18:31:42.138 +01:00 [Information] Request starting HTTP/2 GET https://localhost:7205/_framework/aspnetcore-browser-refresh.js - -
2023-10-29 18:31:42.138 +01:00 [Information] The file "/css/style.css" was not modified
2023-10-29 18:31:42.139 +01:00 [Information] Request finished HTTP/2 GET https://localhost:7205/_framework/aspnetcore-browser-refresh.js - - - 200 12342 application/javascript;+charset=utf-8 0.1950ms
2023-10-29 18:31:42.139 +01:00 [Information] Request finished HTTP/2 GET https://localhost:7205/css/style.css?v=oGZyZLFHJzudcouqdowg3ptlQTzCiwvE1kFid09GDL0 - - - 304 - text/css 0.5591ms
2023-10-29 18:31:42.981 +01:00 [Information] Request starting HTTP/2 GET https://localhost:7205/Topic/TopicTable - -
2023-10-29 18:31:42.981 +01:00 [Information] Executing endpoint '"Forum.Controllers.TopicController.TopicTable (Forum)"'
2023-10-29 18:31:42.981 +01:00 [Information] Route matched with "{action = \"TopicTable\", controller = \"Topic\", page = \"\", area = \"\"}". Executing controller action with signature "System.Threading.Tasks.Task`1[Microsoft.AspNetCore.Mvc.IActionResult] TopicTable()" on controller "Forum.Controllers.TopicController" ("Forum").
2023-10-29 18:31:42.985 +01:00 [Information] Executing ViewResult, running view "TopicTable".
2023-10-29 18:31:42.985 +01:00 [Information] Executed ViewResult - view "TopicTable" executed in 0.5353ms.
2023-10-29 18:31:42.985 +01:00 [Information] Executed action "Forum.Controllers.TopicController.TopicTable (Forum)" in 4.2761ms
2023-10-29 18:31:42.985 +01:00 [Information] Executed endpoint '"Forum.Controllers.TopicController.TopicTable (Forum)"'
2023-10-29 18:31:42.986 +01:00 [Information] Request finished HTTP/2 GET https://localhost:7205/Topic/TopicTable - - - 200 - text/html;+charset=utf-8 4.7626ms
2023-10-29 18:31:42.996 +01:00 [Information] Request starting HTTP/2 GET https://localhost:7205/_framework/aspnetcore-browser-refresh.js - -
2023-10-29 18:31:42.996 +01:00 [Information] Request finished HTTP/2 GET https://localhost:7205/_framework/aspnetcore-browser-refresh.js - - - 200 12342 application/javascript;+charset=utf-8 0.1921ms
2023-10-29 18:31:45.576 +01:00 [Information] Request starting HTTP/2 GET https://localhost:7205/Search/Search?search=0 - -
2023-10-29 18:31:45.576 +01:00 [Information] Executing endpoint '"Forum.Controllers.SearchController.Search (Forum)"'
2023-10-29 18:31:45.577 +01:00 [Information] Route matched with "{action = \"Search\", controller = \"Search\", page = \"\", area = \"\"}". Executing controller action with signature "Microsoft.AspNetCore.Mvc.IActionResult Search(System.String)" on controller "Forum.Controllers.SearchController" ("Forum").
2023-10-29 18:31:45.597 +01:00 [Information] Executing ViewResult, running view "Search".
2023-10-29 18:31:45.600 +01:00 [Information] Executed ViewResult - view "Search" executed in 3.1417ms.
2023-10-29 18:31:45.600 +01:00 [Information] Executed action "Forum.Controllers.SearchController.Search (Forum)" in 23.1316ms
2023-10-29 18:31:45.600 +01:00 [Information] Executed endpoint '"Forum.Controllers.SearchController.Search (Forum)"'
2023-10-29 18:31:45.600 +01:00 [Information] Request finished HTTP/2 GET https://localhost:7205/Search/Search?search=0 - - - 200 - text/html;+charset=utf-8 24.5604ms
2023-10-29 18:31:45.615 +01:00 [Information] Request starting HTTP/2 GET https://localhost:7205/_framework/aspnetcore-browser-refresh.js - -
2023-10-29 18:31:45.615 +01:00 [Information] Request finished HTTP/2 GET https://localhost:7205/_framework/aspnetcore-browser-refresh.js - - - 200 12342 application/javascript;+charset=utf-8 0.2162ms
2023-10-29 18:32:55.498 +01:00 [Information] Request starting HTTP/2 GET https://localhost:7205/Search/Search?search=10 - -
2023-10-29 18:32:55.499 +01:00 [Information] Executing endpoint '"Forum.Controllers.SearchController.Search (Forum)"'
2023-10-29 18:32:55.499 +01:00 [Information] Route matched with "{action = \"Search\", controller = \"Search\", page = \"\", area = \"\"}". Executing controller action with signature "Microsoft.AspNetCore.Mvc.IActionResult Search(System.String)" on controller "Forum.Controllers.SearchController" ("Forum").
2023-10-29 18:32:55.505 +01:00 [Information] Executing ViewResult, running view "Search".
2023-10-29 18:32:55.506 +01:00 [Information] Executed ViewResult - view "Search" executed in 0.8967ms.
2023-10-29 18:32:55.506 +01:00 [Information] Executed action "Forum.Controllers.SearchController.Search (Forum)" in 7.2846ms
2023-10-29 18:32:55.506 +01:00 [Information] Executed endpoint '"Forum.Controllers.SearchController.Search (Forum)"'
2023-10-29 18:32:55.506 +01:00 [Information] Request finished HTTP/2 GET https://localhost:7205/Search/Search?search=10 - - - 200 - text/html;+charset=utf-8 8.2451ms
2023-10-29 18:32:55.523 +01:00 [Information] Request starting HTTP/2 GET https://localhost:7205/css/style.css?v=oGZyZLFHJzudcouqdowg3ptlQTzCiwvE1kFid09GDL0 - -
2023-10-29 18:32:55.524 +01:00 [Information] Request starting HTTP/2 GET https://localhost:7205/_framework/aspnetcore-browser-refresh.js - -
2023-10-29 18:32:55.524 +01:00 [Information] The file "/css/style.css" was not modified
2023-10-29 18:32:55.524 +01:00 [Information] Request finished HTTP/2 GET https://localhost:7205/_framework/aspnetcore-browser-refresh.js - - - 200 12342 application/javascript;+charset=utf-8 0.1103ms
2023-10-29 18:32:55.524 +01:00 [Information] Request finished HTTP/2 GET https://localhost:7205/css/style.css?v=oGZyZLFHJzudcouqdowg3ptlQTzCiwvE1kFid09GDL0 - - - 304 - text/css 0.7579ms
2023-10-29 18:32:58.440 +01:00 [Information] Request starting HTTP/2 GET https://localhost:7205/Search/Search?search=0 - -
2023-10-29 18:32:58.440 +01:00 [Information] Executing endpoint '"Forum.Controllers.SearchController.Search (Forum)"'
2023-10-29 18:32:58.440 +01:00 [Information] Route matched with "{action = \"Search\", controller = \"Search\", page = \"\", area = \"\"}". Executing controller action with signature "Microsoft.AspNetCore.Mvc.IActionResult Search(System.String)" on controller "Forum.Controllers.SearchController" ("Forum").
2023-10-29 18:32:58.447 +01:00 [Information] Executing ViewResult, running view "Search".
2023-10-29 18:32:58.448 +01:00 [Information] Executed ViewResult - view "Search" executed in 0.8026ms.
2023-10-29 18:32:58.448 +01:00 [Information] Executed action "Forum.Controllers.SearchController.Search (Forum)" in 7.4952ms
2023-10-29 18:32:58.448 +01:00 [Information] Executed endpoint '"Forum.Controllers.SearchController.Search (Forum)"'
2023-10-29 18:32:58.448 +01:00 [Information] Request finished HTTP/2 GET https://localhost:7205/Search/Search?search=0 - - - 200 - text/html;+charset=utf-8 7.9784ms
2023-10-29 18:32:58.464 +01:00 [Information] Request starting HTTP/2 GET https://localhost:7205/_framework/aspnetcore-browser-refresh.js - -
2023-10-29 18:32:58.464 +01:00 [Information] Request finished HTTP/2 GET https://localhost:7205/_framework/aspnetcore-browser-refresh.js - - - 200 12342 application/javascript;+charset=utf-8 0.2301ms
2023-10-29 18:33:00.487 +01:00 [Information] Request starting HTTP/2 GET https://localhost:7205/Search/Search?search=10 - -
2023-10-29 18:33:00.487 +01:00 [Information] Executing endpoint '"Forum.Controllers.SearchController.Search (Forum)"'
2023-10-29 18:33:00.488 +01:00 [Information] Route matched with "{action = \"Search\", controller = \"Search\", page = \"\", area = \"\"}". Executing controller action with signature "Microsoft.AspNetCore.Mvc.IActionResult Search(System.String)" on controller "Forum.Controllers.SearchController" ("Forum").
2023-10-29 18:33:00.495 +01:00 [Information] Executing ViewResult, running view "Search".
2023-10-29 18:33:00.495 +01:00 [Information] Executed ViewResult - view "Search" executed in 0.4388ms.
2023-10-29 18:33:00.495 +01:00 [Information] Executed action "Forum.Controllers.SearchController.Search (Forum)" in 7.3732ms
2023-10-29 18:33:00.495 +01:00 [Information] Executed endpoint '"Forum.Controllers.SearchController.Search (Forum)"'
2023-10-29 18:33:00.495 +01:00 [Information] Request finished HTTP/2 GET https://localhost:7205/Search/Search?search=10 - - - 200 - text/html;+charset=utf-8 8.1283ms
2023-10-29 18:33:00.510 +01:00 [Information] Request starting HTTP/2 GET https://localhost:7205/_framework/aspnetcore-browser-refresh.js - -
2023-10-29 18:33:00.510 +01:00 [Information] Request finished HTTP/2 GET https://localhost:7205/_framework/aspnetcore-browser-refresh.js - - - 200 12342 application/javascript;+charset=utf-8 0.2772ms
2023-10-29 18:33:02.747 +01:00 [Information] Request starting HTTP/2 GET https://localhost:7205/Search/Search?search=0 - -
2023-10-29 18:33:02.747 +01:00 [Information] Executing endpoint '"Forum.Controllers.SearchController.Search (Forum)"'
2023-10-29 18:33:02.748 +01:00 [Information] Route matched with "{action = \"Search\", controller = \"Search\", page = \"\", area = \"\"}". Executing controller action with signature "Microsoft.AspNetCore.Mvc.IActionResult Search(System.String)" on controller "Forum.Controllers.SearchController" ("Forum").
2023-10-29 18:33:02.754 +01:00 [Information] Executing ViewResult, running view "Search".
2023-10-29 18:33:02.755 +01:00 [Information] Executed ViewResult - view "Search" executed in 0.4491ms.
2023-10-29 18:33:02.755 +01:00 [Information] Executed action "Forum.Controllers.SearchController.Search (Forum)" in 7.1662ms
2023-10-29 18:33:02.755 +01:00 [Information] Executed endpoint '"Forum.Controllers.SearchController.Search (Forum)"'
2023-10-29 18:33:02.755 +01:00 [Information] Request finished HTTP/2 GET https://localhost:7205/Search/Search?search=0 - - - 200 - text/html;+charset=utf-8 7.6094ms
2023-10-29 18:33:02.772 +01:00 [Information] Request starting HTTP/2 GET https://localhost:7205/_framework/aspnetcore-browser-refresh.js - -
2023-10-29 18:33:02.772 +01:00 [Information] Request finished HTTP/2 GET https://localhost:7205/_framework/aspnetcore-browser-refresh.js - - - 200 12342 application/javascript;+charset=utf-8 0.1688ms
2023-10-29 18:33:08.367 +01:00 [Information] Request starting HTTP/2 GET https://localhost:7205/Search/Search?search=Ghaza - -
2023-10-29 18:33:08.368 +01:00 [Information] Executing endpoint '"Forum.Controllers.SearchController.Search (Forum)"'
2023-10-29 18:33:08.368 +01:00 [Information] Route matched with "{action = \"Search\", controller = \"Search\", page = \"\", area = \"\"}". Executing controller action with signature "Microsoft.AspNetCore.Mvc.IActionResult Search(System.String)" on controller "Forum.Controllers.SearchController" ("Forum").
2023-10-29 18:33:08.375 +01:00 [Information] Executing ViewResult, running view "Search".
2023-10-29 18:33:08.375 +01:00 [Information] Executed ViewResult - view "Search" executed in 0.494ms.
2023-10-29 18:33:08.375 +01:00 [Information] Executed action "Forum.Controllers.SearchController.Search (Forum)" in 7.8006ms
2023-10-29 18:33:08.375 +01:00 [Information] Executed endpoint '"Forum.Controllers.SearchController.Search (Forum)"'
2023-10-29 18:33:08.375 +01:00 [Information] Request finished HTTP/2 GET https://localhost:7205/Search/Search?search=Ghaza - - - 200 - text/html;+charset=utf-8 8.3243ms
2023-10-29 18:33:08.391 +01:00 [Information] Request starting HTTP/2 GET https://localhost:7205/_framework/aspnetcore-browser-refresh.js - -
2023-10-29 18:33:08.391 +01:00 [Information] Request finished HTTP/2 GET https://localhost:7205/_framework/aspnetcore-browser-refresh.js - - - 200 12342 application/javascript;+charset=utf-8 0.2335ms
2023-10-29 18:33:10.793 +01:00 [Information] Request starting HTTP/2 GET https://localhost:7205/Search/Search?search=Sport - -
2023-10-29 18:33:10.793 +01:00 [Information] Executing endpoint '"Forum.Controllers.SearchController.Search (Forum)"'
2023-10-29 18:33:10.793 +01:00 [Information] Route matched with "{action = \"Search\", controller = \"Search\", page = \"\", area = \"\"}". Executing controller action with signature "Microsoft.AspNetCore.Mvc.IActionResult Search(System.String)" on controller "Forum.Controllers.SearchController" ("Forum").
2023-10-29 18:33:10.800 +01:00 [Information] Executing ViewResult, running view "Search".
2023-10-29 18:33:10.800 +01:00 [Information] Executed ViewResult - view "Search" executed in 0.6257ms.
2023-10-29 18:33:10.800 +01:00 [Information] Executed action "Forum.Controllers.SearchController.Search (Forum)" in 7.4162ms
2023-10-29 18:33:10.800 +01:00 [Information] Executed endpoint '"Forum.Controllers.SearchController.Search (Forum)"'
2023-10-29 18:33:10.800 +01:00 [Information] Request finished HTTP/2 GET https://localhost:7205/Search/Search?search=Sport - - - 200 - text/html;+charset=utf-8 7.9814ms
2023-10-29 18:33:10.814 +01:00 [Information] Request starting HTTP/2 GET https://localhost:7205/_framework/aspnetcore-browser-refresh.js - -
2023-10-29 18:33:10.814 +01:00 [Information] Request finished HTTP/2 GET https://localhost:7205/_framework/aspnetcore-browser-refresh.js - - - 200 12342 application/javascript;+charset=utf-8 0.1584ms
2023-10-29 18:33:13.083 +01:00 [Information] Request starting HTTP/2 GET https://localhost:7205/Search/Search?search=Spor - -
2023-10-29 18:33:13.083 +01:00 [Information] Executing endpoint '"Forum.Controllers.SearchController.Search (Forum)"'
2023-10-29 18:33:13.083 +01:00 [Information] Route matched with "{action = \"Search\", controller = \"Search\", page = \"\", area = \"\"}". Executing controller action with signature "Microsoft.AspNetCore.Mvc.IActionResult Search(System.String)" on controller "Forum.Controllers.SearchController" ("Forum").
2023-10-29 18:33:13.090 +01:00 [Information] Executing ViewResult, running view "Search".
2023-10-29 18:33:13.090 +01:00 [Information] Executed ViewResult - view "Search" executed in 0.4446ms.
2023-10-29 18:33:13.090 +01:00 [Information] Executed action "Forum.Controllers.SearchController.Search (Forum)" in 7.1698ms
2023-10-29 18:33:13.090 +01:00 [Information] Executed endpoint '"Forum.Controllers.SearchController.Search (Forum)"'
2023-10-29 18:33:13.091 +01:00 [Information] Request finished HTTP/2 GET https://localhost:7205/Search/Search?search=Spor - - - 200 - text/html;+charset=utf-8 7.6972ms
2023-10-29 18:33:13.106 +01:00 [Information] Request starting HTTP/2 GET https://localhost:7205/css/style.css?v=oGZyZLFHJzudcouqdowg3ptlQTzCiwvE1kFid09GDL0 - -
2023-10-29 18:33:13.106 +01:00 [Information] Request starting HTTP/2 GET https://localhost:7205/_framework/aspnetcore-browser-refresh.js - -
2023-10-29 18:33:13.106 +01:00 [Information] The file "/css/style.css" was not modified
2023-10-29 18:33:13.106 +01:00 [Information] Request finished HTTP/2 GET https://localhost:7205/css/style.css?v=oGZyZLFHJzudcouqdowg3ptlQTzCiwvE1kFid09GDL0 - - - 304 - text/css 0.5090ms
2023-10-29 18:33:13.106 +01:00 [Information] Request finished HTTP/2 GET https://localhost:7205/_framework/aspnetcore-browser-refresh.js - - - 200 12342 application/javascript;+charset=utf-8 0.4799ms
2023-10-29 18:33:17.422 +01:00 [Information] Request starting HTTP/2 GET https://localhost:7205/Search/Search?search=Pla - -
2023-10-29 18:33:17.423 +01:00 [Information] Executing endpoint '"Forum.Controllers.SearchController.Search (Forum)"'
2023-10-29 18:33:17.423 +01:00 [Information] Route matched with "{action = \"Search\", controller = \"Search\", page = \"\", area = \"\"}". Executing controller action with signature "Microsoft.AspNetCore.Mvc.IActionResult Search(System.String)" on controller "Forum.Controllers.SearchController" ("Forum").
2023-10-29 18:33:17.429 +01:00 [Information] Executing ViewResult, running view "Search".
2023-10-29 18:33:17.430 +01:00 [Information] Executed ViewResult - view "Search" executed in 0.4672ms.
2023-10-29 18:33:17.430 +01:00 [Information] Executed action "Forum.Controllers.SearchController.Search (Forum)" in 7.1417ms
2023-10-29 18:33:17.430 +01:00 [Information] Executed endpoint '"Forum.Controllers.SearchController.Search (Forum)"'
2023-10-29 18:33:17.430 +01:00 [Information] Request finished HTTP/2 GET https://localhost:7205/Search/Search?search=Pla - - - 200 - text/html;+charset=utf-8 7.6035ms
2023-10-29 18:33:17.443 +01:00 [Information] Request starting HTTP/2 GET https://localhost:7205/_framework/aspnetcore-browser-refresh.js - -
2023-10-29 18:33:17.444 +01:00 [Information] Request finished HTTP/2 GET https://localhost:7205/_framework/aspnetcore-browser-refresh.js - - - 200 12342 application/javascript;+charset=utf-8 0.2122ms
2023-10-29 18:33:20.323 +01:00 [Information] Request starting HTTP/2 GET https://localhost:7205/Search/Search?search=Ghaza - -
2023-10-29 18:33:20.323 +01:00 [Information] Executing endpoint '"Forum.Controllers.SearchController.Search (Forum)"'
2023-10-29 18:33:20.323 +01:00 [Information] Route matched with "{action = \"Search\", controller = \"Search\", page = \"\", area = \"\"}". Executing controller action with signature "Microsoft.AspNetCore.Mvc.IActionResult Search(System.String)" on controller "Forum.Controllers.SearchController" ("Forum").
2023-10-29 18:33:20.333 +01:00 [Information] Executing ViewResult, running view "Search".
2023-10-29 18:33:20.334 +01:00 [Information] Executed ViewResult - view "Search" executed in 0.4836ms.
2023-10-29 18:33:20.334 +01:00 [Information] Executed action "Forum.Controllers.SearchController.Search (Forum)" in 10.3496ms
2023-10-29 18:33:20.334 +01:00 [Information] Executed endpoint '"Forum.Controllers.SearchController.Search (Forum)"'
2023-10-29 18:33:20.334 +01:00 [Information] Request finished HTTP/2 GET https://localhost:7205/Search/Search?search=Ghaza - - - 200 - text/html;+charset=utf-8 11.0230ms
2023-10-29 18:33:20.347 +01:00 [Information] Request starting HTTP/2 GET https://localhost:7205/_framework/aspnetcore-browser-refresh.js - -
2023-10-29 18:33:20.347 +01:00 [Information] Request finished HTTP/2 GET https://localhost:7205/_framework/aspnetcore-browser-refresh.js - - - 200 12342 application/javascript;+charset=utf-8 0.1387ms
2023-10-29 18:33:23.611 +01:00 [Information] Request starting HTTP/2 GET https://localhost:7205/ - -
2023-10-29 18:33:23.611 +01:00 [Information] Executing endpoint '"Forum.Controllers.HomeController.Index (Forum)"'
2023-10-29 18:33:23.611 +01:00 [Information] Route matched with "{action = \"Index\", controller = \"Home\", page = \"\", area = \"\"}". Executing controller action with signature "System.Threading.Tasks.Task`1[Microsoft.AspNetCore.Mvc.IActionResult] Index()" on controller "Forum.Controllers.HomeController" ("Forum").
2023-10-29 18:33:23.614 +01:00 [Information] Executing ViewResult, running view "Index".
2023-10-29 18:33:23.625 +01:00 [Information] Executed ViewResult - view "Index" executed in 10.712ms.
2023-10-29 18:33:23.625 +01:00 [Information] Executed action "Forum.Controllers.HomeController.Index (Forum)" in 13.4606ms
2023-10-29 18:33:23.625 +01:00 [Information] Executed endpoint '"Forum.Controllers.HomeController.Index (Forum)"'
2023-10-29 18:33:23.625 +01:00 [Information] Request finished HTTP/2 GET https://localhost:7205/ - - - 200 - text/html;+charset=utf-8 13.9767ms
2023-10-29 18:33:23.653 +01:00 [Information] Request starting HTTP/2 GET https://localhost:7205/_framework/aspnetcore-browser-refresh.js - -
2023-10-29 18:33:23.653 +01:00 [Information] Request finished HTTP/2 GET https://localhost:7205/_framework/aspnetcore-browser-refresh.js - - - 200 12342 application/javascript;+charset=utf-8 0.1482ms
2023-10-29 18:33:25.009 +01:00 [Information] Request starting HTTP/2 GET https://localhost:7205/Post/PostDetails/8 - -
2023-10-29 18:33:25.009 +01:00 [Information] Executing endpoint '"Forum.Controllers.PostController.PostDetails (Forum)"'
2023-10-29 18:33:25.009 +01:00 [Information] Route matched with "{action = \"PostDetails\", controller = \"Post\", page = \"\", area = \"\"}". Executing controller action with signature "System.Threading.Tasks.Task`1[Microsoft.AspNetCore.Mvc.IActionResult] PostDetails(Int32)" on controller "Forum.Controllers.PostController" ("Forum").
2023-10-29 18:33:25.012 +01:00 [Information] Executing ViewResult, running view "PostDetails".
2023-10-29 18:33:25.017 +01:00 [Information] Executed ViewResult - view "PostDetails" executed in 5.2332ms.
2023-10-29 18:33:25.017 +01:00 [Information] Executed action "Forum.Controllers.PostController.PostDetails (Forum)" in 8.357ms
2023-10-29 18:33:25.017 +01:00 [Information] Executed endpoint '"Forum.Controllers.PostController.PostDetails (Forum)"'
2023-10-29 18:33:25.017 +01:00 [Information] Request finished HTTP/2 GET https://localhost:7205/Post/PostDetails/8 - - - 200 - text/html;+charset=utf-8 8.7908ms
2023-10-29 18:33:25.092 +01:00 [Information] Request starting HTTP/2 GET https://localhost:7205/_framework/aspnetcore-browser-refresh.js - -
2023-10-29 18:33:25.093 +01:00 [Information] Request finished HTTP/2 GET https://localhost:7205/_framework/aspnetcore-browser-refresh.js - - - 200 12342 application/javascript;+charset=utf-8 0.2144ms
2023-10-29 18:33:31.096 +01:00 [Information] Request starting HTTP/2 GET https://localhost:7205/Search/Search?search=The+war+between+Palestine+and+Israel - -
2023-10-29 18:33:31.096 +01:00 [Information] Executing endpoint '"Forum.Controllers.SearchController.Search (Forum)"'
2023-10-29 18:33:31.096 +01:00 [Information] Route matched with "{action = \"Search\", controller = \"Search\", page = \"\", area = \"\"}". Executing controller action with signature "Microsoft.AspNetCore.Mvc.IActionResult Search(System.String)" on controller "Forum.Controllers.SearchController" ("Forum").
2023-10-29 18:33:31.103 +01:00 [Information] Executing ViewResult, running view "Search".
2023-10-29 18:33:31.104 +01:00 [Information] Executed ViewResult - view "Search" executed in 0.7768ms.
2023-10-29 18:33:31.104 +01:00 [Information] Executed action "Forum.Controllers.SearchController.Search (Forum)" in 8.0627ms
2023-10-29 18:33:31.104 +01:00 [Information] Executed endpoint '"Forum.Controllers.SearchController.Search (Forum)"'
2023-10-29 18:33:31.104 +01:00 [Information] Request finished HTTP/2 GET https://localhost:7205/Search/Search?search=The+war+between+Palestine+and+Israel - - - 200 - text/html;+charset=utf-8 8.5102ms
2023-10-29 18:33:31.122 +01:00 [Information] Request starting HTTP/2 GET https://localhost:7205/_framework/aspnetcore-browser-refresh.js - -
2023-10-29 18:33:31.122 +01:00 [Information] Request finished HTTP/2 GET https://localhost:7205/_framework/aspnetcore-browser-refresh.js - - - 200 12342 application/javascript;+charset=utf-8 0.1449ms
2023-10-29 18:33:36.483 +01:00 [Information] Request starting HTTP/2 GET https://localhost:7205/Search/Search?search=latest+news+is+that+Israel+has+launched+an+attack - -
2023-10-29 18:33:36.484 +01:00 [Information] Executing endpoint '"Forum.Controllers.SearchController.Search (Forum)"'
2023-10-29 18:33:36.484 +01:00 [Information] Route matched with "{action = \"Search\", controller = \"Search\", page = \"\", area = \"\"}". Executing controller action with signature "Microsoft.AspNetCore.Mvc.IActionResult Search(System.String)" on controller "Forum.Controllers.SearchController" ("Forum").
2023-10-29 18:33:36.490 +01:00 [Information] Executing ViewResult, running view "Search".
2023-10-29 18:33:36.490 +01:00 [Information] Executed ViewResult - view "Search" executed in 0.4642ms.
2023-10-29 18:33:36.490 +01:00 [Information] Executed action "Forum.Controllers.SearchController.Search (Forum)" in 6.7305ms
2023-10-29 18:33:36.490 +01:00 [Information] Executed endpoint '"Forum.Controllers.SearchController.Search (Forum)"'
2023-10-29 18:33:36.490 +01:00 [Information] Request finished HTTP/2 GET https://localhost:7205/Search/Search?search=latest+news+is+that+Israel+has+launched+an+attack - - - 200 - text/html;+charset=utf-8 7.1800ms
2023-10-29 18:33:36.506 +01:00 [Information] Request starting HTTP/2 GET https://localhost:7205/css/style.css?v=oGZyZLFHJzudcouqdowg3ptlQTzCiwvE1kFid09GDL0 - -
2023-10-29 18:33:36.506 +01:00 [Information] The file "/css/style.css" was not modified
2023-10-29 18:33:36.507 +01:00 [Information] Request starting HTTP/2 GET https://localhost:7205/_framework/aspnetcore-browser-refresh.js - -
2023-10-29 18:33:36.507 +01:00 [Information] Request finished HTTP/2 GET https://localhost:7205/css/style.css?v=oGZyZLFHJzudcouqdowg3ptlQTzCiwvE1kFid09GDL0 - - - 304 - text/css 0.6838ms
2023-10-29 18:33:36.507 +01:00 [Information] Request finished HTTP/2 GET https://localhost:7205/_framework/aspnetcore-browser-refresh.js - - - 200 12342 application/javascript;+charset=utf-8 0.5817ms
2023-10-29 18:33:38.558 +01:00 [Information] Request starting HTTP/2 GET https://localhost:7205/Search/Search?search=latest+news+is+that+Israel+has+launched+an+attack - -
2023-10-29 18:33:38.558 +01:00 [Information] Executing endpoint '"Forum.Controllers.SearchController.Search (Forum)"'
2023-10-29 18:33:38.558 +01:00 [Information] Route matched with "{action = \"Search\", controller = \"Search\", page = \"\", area = \"\"}". Executing controller action with signature "Microsoft.AspNetCore.Mvc.IActionResult Search(System.String)" on controller "Forum.Controllers.SearchController" ("Forum").
2023-10-29 18:33:38.565 +01:00 [Information] Executing ViewResult, running view "Search".
2023-10-29 18:33:38.566 +01:00 [Information] Executed ViewResult - view "Search" executed in 0.5425ms.
2023-10-29 18:33:38.566 +01:00 [Information] Executed action "Forum.Controllers.SearchController.Search (Forum)" in 7.209ms
2023-10-29 18:33:38.566 +01:00 [Information] Executed endpoint '"Forum.Controllers.SearchController.Search (Forum)"'
2023-10-29 18:33:38.566 +01:00 [Information] Request finished HTTP/2 GET https://localhost:7205/Search/Search?search=latest+news+is+that+Israel+has+launched+an+attack - - - 200 - text/html;+charset=utf-8 7.7704ms
2023-10-29 18:33:38.576 +01:00 [Information] Request starting HTTP/2 GET https://localhost:7205/_framework/aspnetcore-browser-refresh.js - -
2023-10-29 18:33:38.576 +01:00 [Information] Request finished HTTP/2 GET https://localhost:7205/_framework/aspnetcore-browser-refresh.js - - - 200 12342 application/javascript;+charset=utf-8 0.2244ms
2023-10-29 18:33:42.841 +01:00 [Information] Request starting HTTP/2 GET https://localhost:7205/Search/Search?search=The+latest+news+is+that+Israel+has+launched+an+attack+on+two+airports+in+Syria+according+to+Syrian+state+media. - -
2023-10-29 18:33:42.842 +01:00 [Information] Executing endpoint '"Forum.Controllers.SearchController.Search (Forum)"'
2023-10-29 18:33:42.842 +01:00 [Information] Route matched with "{action = \"Search\", controller = \"Search\", page = \"\", area = \"\"}". Executing controller action with signature "Microsoft.AspNetCore.Mvc.IActionResult Search(System.String)" on controller "Forum.Controllers.SearchController" ("Forum").
2023-10-29 18:33:42.849 +01:00 [Information] Executing ViewResult, running view "Search".
2023-10-29 18:33:42.849 +01:00 [Information] Executed ViewResult - view "Search" executed in 0.5094ms.
2023-10-29 18:33:42.849 +01:00 [Information] Executed action "Forum.Controllers.SearchController.Search (Forum)" in 7.3235ms
2023-10-29 18:33:42.849 +01:00 [Information] Executed endpoint '"Forum.Controllers.SearchController.Search (Forum)"'
2023-10-29 18:33:42.849 +01:00 [Information] Request finished HTTP/2 GET https://localhost:7205/Search/Search?search=The+latest+news+is+that+Israel+has+launched+an+attack+on+two+airports+in+Syria+according+to+Syrian+state+media. - - - 200 - text/html;+charset=utf-8 7.9154ms
2023-10-29 18:33:42.867 +01:00 [Information] Request starting HTTP/2 GET https://localhost:7205/_framework/aspnetcore-browser-refresh.js - -
2023-10-29 18:33:42.867 +01:00 [Information] Request finished HTTP/2 GET https://localhost:7205/_framework/aspnetcore-browser-refresh.js - - - 200 12342 application/javascript;+charset=utf-8 0.2284ms
