2023-10-29 18:37:09.618 +01:00 [Information] User profile is available. Using '"C:\Users\Johan\AppData\Local\ASP.NET\DataProtection-Keys"' as key repository and Windows DPAPI to encrypt keys at rest.
2023-10-29 18:37:10.212 +01:00 [Information] Now listening on: "https://localhost:7205"
2023-10-29 18:37:10.213 +01:00 [Information] Now listening on: "http://localhost:5112"
2023-10-29 18:37:10.218 +01:00 [Information] Application started. Press Ctrl+C to shut down.
2023-10-29 18:37:10.219 +01:00 [Information] Hosting environment: "Development"
2023-10-29 18:37:10.220 +01:00 [Information] Content root path: "C:\Users\Johan\Source\Repos\N4h0\Forum\MyShop\"
2023-10-29 18:37:10.520 +01:00 [Information] Request starting HTTP/2 GET https://localhost:7205/ - -
2023-10-29 18:37:10.560 +01:00 [Information] Executing endpoint '"Forum.Controllers.HomeController.Index (Forum)"'
2023-10-29 18:37:10.569 +01:00 [Information] Route matched with "{action = \"Index\", controller = \"Home\", page = \"\", area = \"\"}". Executing controller action with signature "System.Threading.Tasks.Task`1[Microsoft.AspNetCore.Mvc.IActionResult] Index()" on controller "Forum.Controllers.HomeController" ("Forum").
2023-10-29 18:37:10.601 +01:00 [Information] Executing ViewResult, running view "Index".
2023-10-29 18:37:10.723 +01:00 [Information] Executed ViewResult - view "Index" executed in 123.1685ms.
2023-10-29 18:37:10.724 +01:00 [Information] Executed action "Forum.Controllers.HomeController.Index (Forum)" in 154.0556ms
2023-10-29 18:37:10.724 +01:00 [Information] Executed endpoint '"Forum.Controllers.HomeController.Index (Forum)"'
2023-10-29 18:37:10.733 +01:00 [Information] Request finished HTTP/2 GET https://localhost:7205/ - - - 200 - text/html;+charset=utf-8 214.3438ms
2023-10-29 18:37:10.740 +01:00 [Information] Request starting HTTP/2 GET https://localhost:7205/css/style.css?v=oGZyZLFHJzudcouqdowg3ptlQTzCiwvE1kFid09GDL0 - -
2023-10-29 18:37:10.746 +01:00 [Information] The file "/css/style.css" was not modified
2023-10-29 18:37:10.746 +01:00 [Information] Request finished HTTP/2 GET https://localhost:7205/css/style.css?v=oGZyZLFHJzudcouqdowg3ptlQTzCiwvE1kFid09GDL0 - - - 304 - text/css 5.5357ms
2023-10-29 18:37:10.767 +01:00 [Information] Request starting HTTP/2 GET https://localhost:7205/_framework/aspnetcore-browser-refresh.js - -
2023-10-29 18:37:10.770 +01:00 [Information] Request finished HTTP/2 GET https://localhost:7205/_framework/aspnetcore-browser-refresh.js - - - 200 12342 application/javascript;+charset=utf-8 2.5592ms
2023-10-29 18:37:13.595 +01:00 [Information] Request starting HTTP/2 GET https://localhost:7205/Search/Search?search=2023 - -
2023-10-29 18:37:13.596 +01:00 [Information] Executing endpoint '"Forum.Controllers.SearchController.Search (Forum)"'
2023-10-29 18:37:13.602 +01:00 [Information] Route matched with "{action = \"Search\", controller = \"Search\", page = \"\", area = \"\"}". Executing controller action with signature "Microsoft.AspNetCore.Mvc.IActionResult Search(System.String)" on controller "Forum.Controllers.SearchController" ("Forum").
2023-10-29 18:37:13.645 +01:00 [Information] Executing ViewResult, running view "Search".
2023-10-29 18:37:13.653 +01:00 [Information] Executed ViewResult - view "Search" executed in 8.2596ms.
2023-10-29 18:37:13.653 +01:00 [Information] Executed action "Forum.Controllers.SearchController.Search (Forum)" in 50.3867ms
2023-10-29 18:37:13.653 +01:00 [Information] Executed endpoint '"Forum.Controllers.SearchController.Search (Forum)"'
2023-10-29 18:37:13.653 +01:00 [Information] Request finished HTTP/2 GET https://localhost:7205/Search/Search?search=2023 - - - 200 - text/html;+charset=utf-8 58.1897ms
2023-10-29 18:37:13.667 +01:00 [Information] Request starting HTTP/2 GET https://localhost:7205/_framework/aspnetcore-browser-refresh.js - -
2023-10-29 18:37:13.667 +01:00 [Information] Request finished HTTP/2 GET https://localhost:7205/_framework/aspnetcore-browser-refresh.js - - - 200 12342 application/javascript;+charset=utf-8 0.2107ms
2023-10-29 18:37:14.644 +01:00 [Information] Request starting HTTP/2 GET https://localhost:7205/Comment/CommentDetails/8 - -
2023-10-29 18:37:14.646 +01:00 [Information] Request finished HTTP/2 GET https://localhost:7205/Comment/CommentDetails/8 - - - 404 0 - 1.8267ms
2023-10-29 18:37:20.371 +01:00 [Information] Request starting HTTP/2 GET https://localhost:7205/_framework/aspnetcore-browser-refresh.js - -
2023-10-29 18:37:20.372 +01:00 [Information] Request finished HTTP/2 GET https://localhost:7205/_framework/aspnetcore-browser-refresh.js - - - 200 12342 application/javascript;+charset=utf-8 0.1769ms
2023-10-29 18:37:31.281 +01:00 [Information] Request starting HTTP/2 GET https://localhost:7205/Category/CategoryTable - -
2023-10-29 18:37:31.282 +01:00 [Information] Executing endpoint '"Forum.Controllers.CategoryController.CategoryTable (Forum)"'
2023-10-29 18:37:31.283 +01:00 [Information] Route matched with "{action = \"CategoryTable\", controller = \"Category\", page = \"\", area = \"\"}". Executing controller action with signature "System.Threading.Tasks.Task`1[Microsoft.AspNetCore.Mvc.IActionResult] CategoryTable()" on controller "Forum.Controllers.CategoryController" ("Forum").
2023-10-29 18:37:31.289 +01:00 [Information] Executing ViewResult, running view "CategoryTable".
2023-10-29 18:37:31.295 +01:00 [Information] Executed ViewResult - view "CategoryTable" executed in 6.8883ms.
2023-10-29 18:37:31.296 +01:00 [Information] Executed action "Forum.Controllers.CategoryController.CategoryTable (Forum)" in 12.3015ms
2023-10-29 18:37:31.296 +01:00 [Information] Executed endpoint '"Forum.Controllers.CategoryController.CategoryTable (Forum)"'
2023-10-29 18:37:31.296 +01:00 [Information] Request finished HTTP/2 GET https://localhost:7205/Category/CategoryTable - - - 200 - text/html;+charset=utf-8 14.6658ms
2023-10-29 18:37:31.337 +01:00 [Information] Request starting HTTP/2 GET https://localhost:7205/_framework/aspnetcore-browser-refresh.js - -
2023-10-29 18:37:31.337 +01:00 [Information] Request finished HTTP/2 GET https://localhost:7205/_framework/aspnetcore-browser-refresh.js - - - 200 12342 application/javascript;+charset=utf-8 0.2365ms
2023-10-29 18:37:32.638 +01:00 [Information] Request starting HTTP/2 GET https://localhost:7205/Category/CategoryDetails/1 - -
2023-10-29 18:37:32.639 +01:00 [Information] Executing endpoint '"Forum.Controllers.CategoryController.CategoryDetails (Forum)"'
2023-10-29 18:37:32.640 +01:00 [Information] Route matched with "{action = \"CategoryDetails\", controller = \"Category\", page = \"\", area = \"\"}". Executing controller action with signature "System.Threading.Tasks.Task`1[Microsoft.AspNetCore.Mvc.IActionResult] CategoryDetails(Int32)" on controller "Forum.Controllers.CategoryController" ("Forum").
2023-10-29 18:37:32.644 +01:00 [Information] [CategoryController] ID: 1.
2023-10-29 18:37:32.645 +01:00 [Information] [CategoryRep] Getting the category with id: 1: 
2023-10-29 18:37:32.649 +01:00 [Information] [CategoryController] ID passed to CategoryController after database operation: 1.
2023-10-29 18:37:32.650 +01:00 [Information] Executing ViewResult, running view "CategoryDetails".
2023-10-29 18:37:32.658 +01:00 [Information] Executed ViewResult - view "CategoryDetails" executed in 8.6018ms.
2023-10-29 18:37:32.658 +01:00 [Information] Executed action "Forum.Controllers.CategoryController.CategoryDetails (Forum)" in 17.5308ms
2023-10-29 18:37:32.658 +01:00 [Information] Executed endpoint '"Forum.Controllers.CategoryController.CategoryDetails (Forum)"'
2023-10-29 18:37:32.658 +01:00 [Information] Request finished HTTP/2 GET https://localhost:7205/Category/CategoryDetails/1 - - - 200 - text/html;+charset=utf-8 20.4252ms
2023-10-29 18:37:32.671 +01:00 [Information] Request starting HTTP/2 GET https://localhost:7205/_framework/aspnetcore-browser-refresh.js - -
2023-10-29 18:37:32.671 +01:00 [Information] Request finished HTTP/2 GET https://localhost:7205/_framework/aspnetcore-browser-refresh.js - - - 200 12342 application/javascript;+charset=utf-8 0.1638ms
2023-10-29 18:37:33.292 +01:00 [Information] Request starting HTTP/2 GET https://localhost:7205/Room/RoomDetails/1 - -
2023-10-29 18:37:33.292 +01:00 [Information] Executing endpoint '"Forum.Controllers.RoomController.RoomDetails (Forum)"'
2023-10-29 18:37:33.294 +01:00 [Information] Route matched with "{action = \"RoomDetails\", controller = \"Room\", page = \"\", area = \"\"}". Executing controller action with signature "System.Threading.Tasks.Task`1[Microsoft.AspNetCore.Mvc.IActionResult] RoomDetails(Int32)" on controller "Forum.Controllers.RoomController" ("Forum").
2023-10-29 18:37:33.297 +01:00 [Information] RoomDetails called with Room ID: 1
2023-10-29 18:37:33.301 +01:00 [Information] Executing ViewResult, running view "RoomDetails".
2023-10-29 18:37:33.312 +01:00 [Information] Executed ViewResult - view "RoomDetails" executed in 11.9562ms.
2023-10-29 18:37:33.312 +01:00 [Information] Executed action "Forum.Controllers.RoomController.RoomDetails (Forum)" in 18.833ms
2023-10-29 18:37:33.312 +01:00 [Information] Executed endpoint '"Forum.Controllers.RoomController.RoomDetails (Forum)"'
2023-10-29 18:37:33.313 +01:00 [Information] Request finished HTTP/2 GET https://localhost:7205/Room/RoomDetails/1 - - - 200 - text/html;+charset=utf-8 20.8191ms
2023-10-29 18:37:33.325 +01:00 [Information] Request starting HTTP/2 GET https://localhost:7205/_framework/aspnetcore-browser-refresh.js - -
2023-10-29 18:37:33.325 +01:00 [Information] Request finished HTTP/2 GET https://localhost:7205/_framework/aspnetcore-browser-refresh.js - - - 200 12342 application/javascript;+charset=utf-8 0.1586ms
2023-10-29 18:37:33.774 +01:00 [Information] Request starting HTTP/2 GET https://localhost:7205/Topic/TopicDetails/1 - -
2023-10-29 18:37:33.775 +01:00 [Information] Executing endpoint '"Forum.Controllers.TopicController.TopicDetails (Forum)"'
2023-10-29 18:37:33.776 +01:00 [Information] Route matched with "{action = \"TopicDetails\", controller = \"Topic\", page = \"\", area = \"\"}". Executing controller action with signature "System.Threading.Tasks.Task`1[Microsoft.AspNetCore.Mvc.IActionResult] TopicDetails(Int32)" on controller "Forum.Controllers.TopicController" ("Forum").
2023-10-29 18:37:33.782 +01:00 [Information] Executing ViewResult, running view "TopicDetails".
2023-10-29 18:37:33.799 +01:00 [Information] Executed ViewResult - view "TopicDetails" executed in 17.675ms.
2023-10-29 18:37:33.799 +01:00 [Information] Executed action "Forum.Controllers.TopicController.TopicDetails (Forum)" in 22.8623ms
2023-10-29 18:37:33.799 +01:00 [Information] Executed endpoint '"Forum.Controllers.TopicController.TopicDetails (Forum)"'
2023-10-29 18:37:33.799 +01:00 [Information] Request finished HTTP/2 GET https://localhost:7205/Topic/TopicDetails/1 - - - 200 - text/html;+charset=utf-8 24.8305ms
2023-10-29 18:37:33.812 +01:00 [Information] Request starting HTTP/2 GET https://localhost:7205/_framework/aspnetcore-browser-refresh.js - -
2023-10-29 18:37:33.812 +01:00 [Information] Request finished HTTP/2 GET https://localhost:7205/_framework/aspnetcore-browser-refresh.js - - - 200 12342 application/javascript;+charset=utf-8 0.2209ms
2023-10-29 18:37:35.064 +01:00 [Information] Request starting HTTP/2 GET https://localhost:7205/Category/CategoryDetails/1 - -
2023-10-29 18:37:35.064 +01:00 [Information] Executing endpoint '"Forum.Controllers.CategoryController.CategoryDetails (Forum)"'
2023-10-29 18:37:35.064 +01:00 [Information] Route matched with "{action = \"CategoryDetails\", controller = \"Category\", page = \"\", area = \"\"}". Executing controller action with signature "System.Threading.Tasks.Task`1[Microsoft.AspNetCore.Mvc.IActionResult] CategoryDetails(Int32)" on controller "Forum.Controllers.CategoryController" ("Forum").
2023-10-29 18:37:35.067 +01:00 [Information] [CategoryController] ID: 1.
2023-10-29 18:37:35.068 +01:00 [Information] [CategoryRep] Getting the category with id: 1: 
2023-10-29 18:37:35.070 +01:00 [Information] [CategoryController] ID passed to CategoryController after database operation: 1.
2023-10-29 18:37:35.070 +01:00 [Information] Executing ViewResult, running view "CategoryDetails".
2023-10-29 18:37:35.072 +01:00 [Information] Executed ViewResult - view "CategoryDetails" executed in 1.736ms.
2023-10-29 18:37:35.072 +01:00 [Information] Executed action "Forum.Controllers.CategoryController.CategoryDetails (Forum)" in 7.6291ms
2023-10-29 18:37:35.072 +01:00 [Information] Executed endpoint '"Forum.Controllers.CategoryController.CategoryDetails (Forum)"'
2023-10-29 18:37:35.072 +01:00 [Information] Request finished HTTP/2 GET https://localhost:7205/Category/CategoryDetails/1 - - - 200 - text/html;+charset=utf-8 8.1896ms
2023-10-29 18:37:35.085 +01:00 [Information] Request starting HTTP/2 GET https://localhost:7205/_framework/aspnetcore-browser-refresh.js - -
2023-10-29 18:37:35.086 +01:00 [Information] Request finished HTTP/2 GET https://localhost:7205/_framework/aspnetcore-browser-refresh.js - - - 200 12342 application/javascript;+charset=utf-8 0.1492ms
2023-10-29 18:37:35.852 +01:00 [Information] Request starting HTTP/2 GET https://localhost:7205/ - -
2023-10-29 18:37:35.852 +01:00 [Information] Executing endpoint '"Forum.Controllers.HomeController.Index (Forum)"'
2023-10-29 18:37:35.852 +01:00 [Information] Route matched with "{action = \"Index\", controller = \"Home\", page = \"\", area = \"\"}". Executing controller action with signature "System.Threading.Tasks.Task`1[Microsoft.AspNetCore.Mvc.IActionResult] Index()" on controller "Forum.Controllers.HomeController" ("Forum").
2023-10-29 18:37:35.856 +01:00 [Information] Executing ViewResult, running view "Index".
2023-10-29 18:37:35.865 +01:00 [Information] Executed ViewResult - view "Index" executed in 9.8358ms.
2023-10-29 18:37:35.865 +01:00 [Information] Executed action "Forum.Controllers.HomeController.Index (Forum)" in 12.9295ms
2023-10-29 18:37:35.865 +01:00 [Information] Executed endpoint '"Forum.Controllers.HomeController.Index (Forum)"'
2023-10-29 18:37:35.865 +01:00 [Information] Request finished HTTP/2 GET https://localhost:7205/ - - - 200 - text/html;+charset=utf-8 13.4597ms
2023-10-29 18:37:35.883 +01:00 [Information] Request starting HTTP/2 GET https://localhost:7205/_framework/aspnetcore-browser-refresh.js - -
2023-10-29 18:37:35.883 +01:00 [Information] Request finished HTTP/2 GET https://localhost:7205/_framework/aspnetcore-browser-refresh.js - - - 200 12342 application/javascript;+charset=utf-8 0.2390ms
2023-10-29 18:37:38.624 +01:00 [Information] Request starting HTTP/2 GET https://localhost:7205/Post/PostDetails/7 - -
2023-10-29 18:37:38.624 +01:00 [Information] Executing endpoint '"Forum.Controllers.PostController.PostDetails (Forum)"'
2023-10-29 18:37:38.627 +01:00 [Information] Route matched with "{action = \"PostDetails\", controller = \"Post\", page = \"\", area = \"\"}". Executing controller action with signature "System.Threading.Tasks.Task`1[Microsoft.AspNetCore.Mvc.IActionResult] PostDetails(Int32)" on controller "Forum.Controllers.PostController" ("Forum").
2023-10-29 18:37:38.632 +01:00 [Information] Executing ViewResult, running view "PostDetails".
2023-10-29 18:37:38.645 +01:00 [Information] Executed ViewResult - view "PostDetails" executed in 13.2831ms.
2023-10-29 18:37:38.646 +01:00 [Information] Executed action "Forum.Controllers.PostController.PostDetails (Forum)" in 18.8268ms
2023-10-29 18:37:38.646 +01:00 [Information] Executed endpoint '"Forum.Controllers.PostController.PostDetails (Forum)"'
2023-10-29 18:37:38.646 +01:00 [Information] Request finished HTTP/2 GET https://localhost:7205/Post/PostDetails/7 - - - 200 - text/html;+charset=utf-8 22.0287ms
2023-10-29 18:37:38.658 +01:00 [Information] Request starting HTTP/2 GET https://localhost:7205/_framework/aspnetcore-browser-refresh.js - -
2023-10-29 18:37:38.658 +01:00 [Information] Request finished HTTP/2 GET https://localhost:7205/_framework/aspnetcore-browser-refresh.js - - - 200 12342 application/javascript;+charset=utf-8 0.2072ms
2023-10-29 18:37:40.251 +01:00 [Information] Request starting HTTP/2 GET https://localhost:7205/Topic/TopicDetails/2 - -
2023-10-29 18:37:40.252 +01:00 [Information] Executing endpoint '"Forum.Controllers.TopicController.TopicDetails (Forum)"'
2023-10-29 18:37:40.252 +01:00 [Information] Route matched with "{action = \"TopicDetails\", controller = \"Topic\", page = \"\", area = \"\"}". Executing controller action with signature "System.Threading.Tasks.Task`1[Microsoft.AspNetCore.Mvc.IActionResult] TopicDetails(Int32)" on controller "Forum.Controllers.TopicController" ("Forum").
2023-10-29 18:37:40.255 +01:00 [Information] Executing ViewResult, running view "TopicDetails".
2023-10-29 18:37:40.265 +01:00 [Information] Executed ViewResult - view "TopicDetails" executed in 10.1091ms.
2023-10-29 18:37:40.266 +01:00 [Information] Executed action "Forum.Controllers.TopicController.TopicDetails (Forum)" in 13.4367ms
2023-10-29 18:37:40.266 +01:00 [Information] Executed endpoint '"Forum.Controllers.TopicController.TopicDetails (Forum)"'
2023-10-29 18:37:40.266 +01:00 [Information] Request finished HTTP/2 GET https://localhost:7205/Topic/TopicDetails/2 - - - 200 - text/html;+charset=utf-8 14.9165ms
2023-10-29 18:37:40.278 +01:00 [Information] Request starting HTTP/2 GET https://localhost:7205/_framework/aspnetcore-browser-refresh.js - -
2023-10-29 18:37:40.278 +01:00 [Information] Request finished HTTP/2 GET https://localhost:7205/_framework/aspnetcore-browser-refresh.js - - - 200 12342 application/javascript;+charset=utf-8 0.2157ms
2023-10-29 18:37:41.755 +01:00 [Information] Request starting HTTP/2 GET https://localhost:7205/Room/RoomDetails/2 - -
2023-10-29 18:37:41.756 +01:00 [Information] Executing endpoint '"Forum.Controllers.RoomController.RoomDetails (Forum)"'
2023-10-29 18:37:41.756 +01:00 [Information] Route matched with "{action = \"RoomDetails\", controller = \"Room\", page = \"\", area = \"\"}". Executing controller action with signature "System.Threading.Tasks.Task`1[Microsoft.AspNetCore.Mvc.IActionResult] RoomDetails(Int32)" on controller "Forum.Controllers.RoomController" ("Forum").
2023-10-29 18:37:41.759 +01:00 [Information] RoomDetails called with Room ID: 2
2023-10-29 18:37:41.760 +01:00 [Information] Executing ViewResult, running view "RoomDetails".
2023-10-29 18:37:41.764 +01:00 [Information] Executed ViewResult - view "RoomDetails" executed in 3.102ms.
2023-10-29 18:37:41.764 +01:00 [Information] Executed action "Forum.Controllers.RoomController.RoomDetails (Forum)" in 7.1127ms
2023-10-29 18:37:41.764 +01:00 [Information] Executed endpoint '"Forum.Controllers.RoomController.RoomDetails (Forum)"'
2023-10-29 18:37:41.764 +01:00 [Information] Request finished HTTP/2 GET https://localhost:7205/Room/RoomDetails/2 - - - 200 - text/html;+charset=utf-8 8.5025ms
2023-10-29 18:37:41.778 +01:00 [Information] Request starting HTTP/2 GET https://localhost:7205/_framework/aspnetcore-browser-refresh.js - -
2023-10-29 18:37:41.778 +01:00 [Information] Request finished HTTP/2 GET https://localhost:7205/_framework/aspnetcore-browser-refresh.js - - - 200 12342 application/javascript;+charset=utf-8 0.2994ms
2023-10-29 18:37:42.512 +01:00 [Information] Request starting HTTP/2 GET https://localhost:7205/Category/CategoryDetails/2 - -
2023-10-29 18:37:42.513 +01:00 [Information] Executing endpoint '"Forum.Controllers.CategoryController.CategoryDetails (Forum)"'
2023-10-29 18:37:42.513 +01:00 [Information] Route matched with "{action = \"CategoryDetails\", controller = \"Category\", page = \"\", area = \"\"}". Executing controller action with signature "System.Threading.Tasks.Task`1[Microsoft.AspNetCore.Mvc.IActionResult] CategoryDetails(Int32)" on controller "Forum.Controllers.CategoryController" ("Forum").
2023-10-29 18:37:42.515 +01:00 [Information] [CategoryController] ID: 2.
2023-10-29 18:37:42.516 +01:00 [Information] [CategoryRep] Getting the category with id: 2: 
2023-10-29 18:37:42.518 +01:00 [Information] [CategoryController] ID passed to CategoryController after database operation: 2.
2023-10-29 18:37:42.519 +01:00 [Information] Executing ViewResult, running view "CategoryDetails".
2023-10-29 18:37:42.521 +01:00 [Information] Executed ViewResult - view "CategoryDetails" executed in 2.6071ms.
2023-10-29 18:37:42.521 +01:00 [Information] Executed action "Forum.Controllers.CategoryController.CategoryDetails (Forum)" in 8.3088ms
2023-10-29 18:37:42.521 +01:00 [Information] Executed endpoint '"Forum.Controllers.CategoryController.CategoryDetails (Forum)"'
2023-10-29 18:37:42.521 +01:00 [Information] Request finished HTTP/2 GET https://localhost:7205/Category/CategoryDetails/2 - - - 200 - text/html;+charset=utf-8 9.0959ms
2023-10-29 18:37:42.536 +01:00 [Information] Request starting HTTP/2 GET https://localhost:7205/_framework/aspnetcore-browser-refresh.js - -
2023-10-29 18:37:42.536 +01:00 [Information] Request finished HTTP/2 GET https://localhost:7205/_framework/aspnetcore-browser-refresh.js - - - 200 12342 application/javascript;+charset=utf-8 0.1530ms
2023-10-29 18:37:44.068 +01:00 [Information] Request starting HTTP/2 GET https://localhost:7205/ - -
2023-10-29 18:37:44.069 +01:00 [Information] Executing endpoint '"Forum.Controllers.HomeController.Index (Forum)"'
2023-10-29 18:37:44.069 +01:00 [Information] Route matched with "{action = \"Index\", controller = \"Home\", page = \"\", area = \"\"}". Executing controller action with signature "System.Threading.Tasks.Task`1[Microsoft.AspNetCore.Mvc.IActionResult] Index()" on controller "Forum.Controllers.HomeController" ("Forum").
2023-10-29 18:37:44.072 +01:00 [Information] Executing ViewResult, running view "Index".
2023-10-29 18:37:44.082 +01:00 [Information] Executed ViewResult - view "Index" executed in 10.7282ms.
2023-10-29 18:37:44.082 +01:00 [Information] Executed action "Forum.Controllers.HomeController.Index (Forum)" in 13.4968ms
2023-10-29 18:37:44.082 +01:00 [Information] Executed endpoint '"Forum.Controllers.HomeController.Index (Forum)"'
2023-10-29 18:37:44.082 +01:00 [Information] Request finished HTTP/2 GET https://localhost:7205/ - - - 200 - text/html;+charset=utf-8 14.1046ms
2023-10-29 18:37:44.097 +01:00 [Information] Request starting HTTP/2 GET https://localhost:7205/_framework/aspnetcore-browser-refresh.js - -
2023-10-29 18:37:44.097 +01:00 [Information] Request finished HTTP/2 GET https://localhost:7205/_framework/aspnetcore-browser-refresh.js - - - 200 12342 application/javascript;+charset=utf-8 0.1976ms
2023-10-29 18:37:45.056 +01:00 [Information] Request starting HTTP/2 GET https://localhost:7205/Room/RoomTable - -
2023-10-29 18:37:45.058 +01:00 [Information] Executing endpoint '"Forum.Controllers.RoomController.RoomTable (Forum)"'
2023-10-29 18:37:45.059 +01:00 [Information] Route matched with "{action = \"RoomTable\", controller = \"Room\", page = \"\", area = \"\"}". Executing controller action with signature "System.Threading.Tasks.Task`1[Microsoft.AspNetCore.Mvc.IActionResult] RoomTable()" on controller "Forum.Controllers.RoomController" ("Forum").
2023-10-29 18:37:45.065 +01:00 [Information] Executing ViewResult, running view "RoomTable".
2023-10-29 18:37:45.067 +01:00 [Information] Executed ViewResult - view "RoomTable" executed in 2.2089ms.
2023-10-29 18:37:45.067 +01:00 [Information] Executed action "Forum.Controllers.RoomController.RoomTable (Forum)" in 7.4963ms
2023-10-29 18:37:45.067 +01:00 [Information] Executed endpoint '"Forum.Controllers.RoomController.RoomTable (Forum)"'
2023-10-29 18:37:45.067 +01:00 [Information] Request finished HTTP/2 GET https://localhost:7205/Room/RoomTable - - - 200 - text/html;+charset=utf-8 10.5251ms
2023-10-29 18:37:45.081 +01:00 [Information] Request starting HTTP/2 GET https://localhost:7205/_framework/aspnetcore-browser-refresh.js - -
2023-10-29 18:37:45.081 +01:00 [Information] Request finished HTTP/2 GET https://localhost:7205/_framework/aspnetcore-browser-refresh.js - - - 200 12342 application/javascript;+charset=utf-8 0.1461ms
2023-10-29 18:37:45.534 +01:00 [Information] Request starting HTTP/2 GET https://localhost:7205/Topic/TopicTable - -
2023-10-29 18:37:45.535 +01:00 [Information] Executing endpoint '"Forum.Controllers.TopicController.TopicTable (Forum)"'
2023-10-29 18:37:45.536 +01:00 [Information] Route matched with "{action = \"TopicTable\", controller = \"Topic\", page = \"\", area = \"\"}". Executing controller action with signature "System.Threading.Tasks.Task`1[Microsoft.AspNetCore.Mvc.IActionResult] TopicTable()" on controller "Forum.Controllers.TopicController" ("Forum").
2023-10-29 18:37:45.542 +01:00 [Information] Executing ViewResult, running view "TopicTable".
2023-10-29 18:37:45.544 +01:00 [Information] Executed ViewResult - view "TopicTable" executed in 2.5483ms.
2023-10-29 18:37:45.544 +01:00 [Information] Executed action "Forum.Controllers.TopicController.TopicTable (Forum)" in 7.7844ms
2023-10-29 18:37:45.544 +01:00 [Information] Executed endpoint '"Forum.Controllers.TopicController.TopicTable (Forum)"'
2023-10-29 18:37:45.544 +01:00 [Information] Request finished HTTP/2 GET https://localhost:7205/Topic/TopicTable - - - 200 - text/html;+charset=utf-8 9.7754ms
2023-10-29 18:37:45.556 +01:00 [Information] Request starting HTTP/2 GET https://localhost:7205/_framework/aspnetcore-browser-refresh.js - -
2023-10-29 18:37:45.557 +01:00 [Information] Request finished HTTP/2 GET https://localhost:7205/_framework/aspnetcore-browser-refresh.js - - - 200 12342 application/javascript;+charset=utf-8 0.2076ms
2023-10-29 18:37:46.849 +01:00 [Information] Request starting HTTP/2 GET https://localhost:7205/Topic/TopicDetails/2 - -
2023-10-29 18:37:46.849 +01:00 [Information] Executing endpoint '"Forum.Controllers.TopicController.TopicDetails (Forum)"'
2023-10-29 18:37:46.850 +01:00 [Information] Route matched with "{action = \"TopicDetails\", controller = \"Topic\", page = \"\", area = \"\"}". Executing controller action with signature "System.Threading.Tasks.Task`1[Microsoft.AspNetCore.Mvc.IActionResult] TopicDetails(Int32)" on controller "Forum.Controllers.TopicController" ("Forum").
2023-10-29 18:37:46.853 +01:00 [Information] Executing ViewResult, running view "TopicDetails".
2023-10-29 18:37:46.863 +01:00 [Information] Executed ViewResult - view "TopicDetails" executed in 10.2889ms.
2023-10-29 18:37:46.863 +01:00 [Information] Executed action "Forum.Controllers.TopicController.TopicDetails (Forum)" in 13.5151ms
2023-10-29 18:37:46.863 +01:00 [Information] Executed endpoint '"Forum.Controllers.TopicController.TopicDetails (Forum)"'
2023-10-29 18:37:46.863 +01:00 [Information] Request finished HTTP/2 GET https://localhost:7205/Topic/TopicDetails/2 - - - 200 - text/html;+charset=utf-8 14.1117ms
2023-10-29 18:37:46.878 +01:00 [Information] Request starting HTTP/2 GET https://localhost:7205/_framework/aspnetcore-browser-refresh.js - -
2023-10-29 18:37:46.878 +01:00 [Information] Request finished HTTP/2 GET https://localhost:7205/_framework/aspnetcore-browser-refresh.js - - - 200 12342 application/javascript;+charset=utf-8 0.1372ms
2023-10-29 18:37:48.946 +01:00 [Information] Request starting HTTP/2 GET https://localhost:7205/Topic/TopicTable - -
2023-10-29 18:37:48.946 +01:00 [Information] Executing endpoint '"Forum.Controllers.TopicController.TopicTable (Forum)"'
2023-10-29 18:37:48.946 +01:00 [Information] Route matched with "{action = \"TopicTable\", controller = \"Topic\", page = \"\", area = \"\"}". Executing controller action with signature "System.Threading.Tasks.Task`1[Microsoft.AspNetCore.Mvc.IActionResult] TopicTable()" on controller "Forum.Controllers.TopicController" ("Forum").
2023-10-29 18:37:48.949 +01:00 [Information] Executing ViewResult, running view "TopicTable".
2023-10-29 18:37:48.949 +01:00 [Information] Executed ViewResult - view "TopicTable" executed in 0.6214ms.
2023-10-29 18:37:48.949 +01:00 [Information] Executed action "Forum.Controllers.TopicController.TopicTable (Forum)" in 3.2385ms
2023-10-29 18:37:48.949 +01:00 [Information] Executed endpoint '"Forum.Controllers.TopicController.TopicTable (Forum)"'
2023-10-29 18:37:48.949 +01:00 [Information] Request finished HTTP/2 GET https://localhost:7205/Topic/TopicTable - - - 200 - text/html;+charset=utf-8 3.7668ms
2023-10-29 18:37:48.963 +01:00 [Information] Request starting HTTP/2 GET https://localhost:7205/_framework/aspnetcore-browser-refresh.js - -
2023-10-29 18:37:48.963 +01:00 [Information] Request finished HTTP/2 GET https://localhost:7205/_framework/aspnetcore-browser-refresh.js - - - 200 12342 application/javascript;+charset=utf-8 0.2189ms
2023-10-29 18:37:49.975 +01:00 [Information] Request starting HTTP/2 GET https://localhost:7205/Topic/TopicDetails/1 - -
2023-10-29 18:37:49.975 +01:00 [Information] Executing endpoint '"Forum.Controllers.TopicController.TopicDetails (Forum)"'
2023-10-29 18:37:49.975 +01:00 [Information] Route matched with "{action = \"TopicDetails\", controller = \"Topic\", page = \"\", area = \"\"}". Executing controller action with signature "System.Threading.Tasks.Task`1[Microsoft.AspNetCore.Mvc.IActionResult] TopicDetails(Int32)" on controller "Forum.Controllers.TopicController" ("Forum").
2023-10-29 18:37:49.978 +01:00 [Information] Executing ViewResult, running view "TopicDetails".
2023-10-29 18:37:49.985 +01:00 [Information] Executed ViewResult - view "TopicDetails" executed in 6.7405ms.
2023-10-29 18:37:49.985 +01:00 [Information] Executed action "Forum.Controllers.TopicController.TopicDetails (Forum)" in 9.8674ms
2023-10-29 18:37:49.985 +01:00 [Information] Executed endpoint '"Forum.Controllers.TopicController.TopicDetails (Forum)"'
2023-10-29 18:37:49.985 +01:00 [Information] Request finished HTTP/2 GET https://localhost:7205/Topic/TopicDetails/1 - - - 200 - text/html;+charset=utf-8 10.2949ms
2023-10-29 18:37:50.000 +01:00 [Information] Request starting HTTP/2 GET https://localhost:7205/_framework/aspnetcore-browser-refresh.js - -
2023-10-29 18:37:50.000 +01:00 [Information] Request finished HTTP/2 GET https://localhost:7205/_framework/aspnetcore-browser-refresh.js - - - 200 12342 application/javascript;+charset=utf-8 0.2201ms
2023-10-29 18:37:51.009 +01:00 [Information] Request starting HTTP/2 GET https://localhost:7205/Topic/TopicTable - -
2023-10-29 18:37:51.009 +01:00 [Information] Executing endpoint '"Forum.Controllers.TopicController.TopicTable (Forum)"'
2023-10-29 18:37:51.009 +01:00 [Information] Route matched with "{action = \"TopicTable\", controller = \"Topic\", page = \"\", area = \"\"}". Executing controller action with signature "System.Threading.Tasks.Task`1[Microsoft.AspNetCore.Mvc.IActionResult] TopicTable()" on controller "Forum.Controllers.TopicController" ("Forum").
2023-10-29 18:37:51.011 +01:00 [Information] Executing ViewResult, running view "TopicTable".
2023-10-29 18:37:51.012 +01:00 [Information] Executed ViewResult - view "TopicTable" executed in 0.8273ms.
2023-10-29 18:37:51.012 +01:00 [Information] Executed action "Forum.Controllers.TopicController.TopicTable (Forum)" in 3.3524ms
2023-10-29 18:37:51.012 +01:00 [Information] Executed endpoint '"Forum.Controllers.TopicController.TopicTable (Forum)"'
2023-10-29 18:37:51.012 +01:00 [Information] Request finished HTTP/2 GET https://localhost:7205/Topic/TopicTable - - - 200 - text/html;+charset=utf-8 3.8841ms
2023-10-29 18:37:51.026 +01:00 [Information] Request starting HTTP/2 GET https://localhost:7205/_framework/aspnetcore-browser-refresh.js - -
2023-10-29 18:37:51.026 +01:00 [Information] Request finished HTTP/2 GET https://localhost:7205/_framework/aspnetcore-browser-refresh.js - - - 200 12342 application/javascript;+charset=utf-8 0.1580ms
2023-10-29 18:37:51.707 +01:00 [Information] Request starting HTTP/2 GET https://localhost:7205/Topic/TopicDetails/2 - -
2023-10-29 18:37:51.707 +01:00 [Information] Executing endpoint '"Forum.Controllers.TopicController.TopicDetails (Forum)"'
2023-10-29 18:37:51.707 +01:00 [Information] Route matched with "{action = \"TopicDetails\", controller = \"Topic\", page = \"\", area = \"\"}". Executing controller action with signature "System.Threading.Tasks.Task`1[Microsoft.AspNetCore.Mvc.IActionResult] TopicDetails(Int32)" on controller "Forum.Controllers.TopicController" ("Forum").
2023-10-29 18:37:51.710 +01:00 [Information] Executing ViewResult, running view "TopicDetails".
2023-10-29 18:37:51.720 +01:00 [Information] Executed ViewResult - view "TopicDetails" executed in 9.9592ms.
2023-10-29 18:37:51.720 +01:00 [Information] Executed action "Forum.Controllers.TopicController.TopicDetails (Forum)" in 13.1577ms
2023-10-29 18:37:51.720 +01:00 [Information] Executed endpoint '"Forum.Controllers.TopicController.TopicDetails (Forum)"'
2023-10-29 18:37:51.720 +01:00 [Information] Request finished HTTP/2 GET https://localhost:7205/Topic/TopicDetails/2 - - - 200 - text/html;+charset=utf-8 13.6568ms
2023-10-29 18:37:51.733 +01:00 [Information] Request starting HTTP/2 GET https://localhost:7205/_framework/aspnetcore-browser-refresh.js - -
2023-10-29 18:37:51.733 +01:00 [Information] Request finished HTTP/2 GET https://localhost:7205/_framework/aspnetcore-browser-refresh.js - - - 200 12342 application/javascript;+charset=utf-8 0.2068ms
2023-10-29 18:37:52.973 +01:00 [Information] Request starting HTTP/2 GET https://localhost:7205/Topic/TopicTable - -
2023-10-29 18:37:52.973 +01:00 [Information] Executing endpoint '"Forum.Controllers.TopicController.TopicTable (Forum)"'
2023-10-29 18:37:52.973 +01:00 [Information] Route matched with "{action = \"TopicTable\", controller = \"Topic\", page = \"\", area = \"\"}". Executing controller action with signature "System.Threading.Tasks.Task`1[Microsoft.AspNetCore.Mvc.IActionResult] TopicTable()" on controller "Forum.Controllers.TopicController" ("Forum").
2023-10-29 18:37:52.976 +01:00 [Information] Executing ViewResult, running view "TopicTable".
2023-10-29 18:37:52.976 +01:00 [Information] Executed ViewResult - view "TopicTable" executed in 0.4661ms.
2023-10-29 18:37:52.976 +01:00 [Information] Executed action "Forum.Controllers.TopicController.TopicTable (Forum)" in 3.2167ms
2023-10-29 18:37:52.976 +01:00 [Information] Executed endpoint '"Forum.Controllers.TopicController.TopicTable (Forum)"'
2023-10-29 18:37:52.976 +01:00 [Information] Request finished HTTP/2 GET https://localhost:7205/Topic/TopicTable - - - 200 - text/html;+charset=utf-8 3.6641ms
2023-10-29 18:37:52.989 +01:00 [Information] Request starting HTTP/2 GET https://localhost:7205/_framework/aspnetcore-browser-refresh.js - -
2023-10-29 18:37:52.989 +01:00 [Information] Request finished HTTP/2 GET https://localhost:7205/_framework/aspnetcore-browser-refresh.js - - - 200 12342 application/javascript;+charset=utf-8 0.2329ms
2023-10-29 18:37:53.849 +01:00 [Information] Request starting HTTP/2 GET https://localhost:7205/Topic/TopicDetails/3 - -
2023-10-29 18:37:53.849 +01:00 [Information] Executing endpoint '"Forum.Controllers.TopicController.TopicDetails (Forum)"'
2023-10-29 18:37:53.849 +01:00 [Information] Route matched with "{action = \"TopicDetails\", controller = \"Topic\", page = \"\", area = \"\"}". Executing controller action with signature "System.Threading.Tasks.Task`1[Microsoft.AspNetCore.Mvc.IActionResult] TopicDetails(Int32)" on controller "Forum.Controllers.TopicController" ("Forum").
2023-10-29 18:37:53.853 +01:00 [Information] Executing ViewResult, running view "TopicDetails".
2023-10-29 18:37:53.857 +01:00 [Information] Executed ViewResult - view "TopicDetails" executed in 4.5027ms.
2023-10-29 18:37:53.857 +01:00 [Information] Executed action "Forum.Controllers.TopicController.TopicDetails (Forum)" in 7.7408ms
2023-10-29 18:37:53.857 +01:00 [Information] Executed endpoint '"Forum.Controllers.TopicController.TopicDetails (Forum)"'
2023-10-29 18:37:53.857 +01:00 [Information] Request finished HTTP/2 GET https://localhost:7205/Topic/TopicDetails/3 - - - 200 - text/html;+charset=utf-8 8.2409ms
2023-10-29 18:37:53.870 +01:00 [Information] Request starting HTTP/2 GET https://localhost:7205/css/style.css?v=oGZyZLFHJzudcouqdowg3ptlQTzCiwvE1kFid09GDL0 - -
2023-10-29 18:37:53.871 +01:00 [Information] Request starting HTTP/2 GET https://localhost:7205/_framework/aspnetcore-browser-refresh.js - -
2023-10-29 18:37:53.871 +01:00 [Information] Request finished HTTP/2 GET https://localhost:7205/_framework/aspnetcore-browser-refresh.js - - - 200 12342 application/javascript;+charset=utf-8 0.2569ms
2023-10-29 18:37:53.871 +01:00 [Information] The file "/css/style.css" was not modified
2023-10-29 18:37:53.871 +01:00 [Information] Request finished HTTP/2 GET https://localhost:7205/css/style.css?v=oGZyZLFHJzudcouqdowg3ptlQTzCiwvE1kFid09GDL0 - - - 304 - text/css 0.6160ms
2023-10-29 18:37:54.863 +01:00 [Information] Request starting HTTP/2 GET https://localhost:7205/Topic/TopicTable - -
2023-10-29 18:37:54.863 +01:00 [Information] Executing endpoint '"Forum.Controllers.TopicController.TopicTable (Forum)"'
2023-10-29 18:37:54.863 +01:00 [Information] Route matched with "{action = \"TopicTable\", controller = \"Topic\", page = \"\", area = \"\"}". Executing controller action with signature "System.Threading.Tasks.Task`1[Microsoft.AspNetCore.Mvc.IActionResult] TopicTable()" on controller "Forum.Controllers.TopicController" ("Forum").
2023-10-29 18:37:54.866 +01:00 [Information] Executing ViewResult, running view "TopicTable".
2023-10-29 18:37:54.866 +01:00 [Information] Executed ViewResult - view "TopicTable" executed in 0.4701ms.
2023-10-29 18:37:54.866 +01:00 [Information] Executed action "Forum.Controllers.TopicController.TopicTable (Forum)" in 3.1344ms
2023-10-29 18:37:54.866 +01:00 [Information] Executed endpoint '"Forum.Controllers.TopicController.TopicTable (Forum)"'
2023-10-29 18:37:54.866 +01:00 [Information] Request finished HTTP/2 GET https://localhost:7205/Topic/TopicTable - - - 200 - text/html;+charset=utf-8 3.5708ms
2023-10-29 18:37:54.880 +01:00 [Information] Request starting HTTP/2 GET https://localhost:7205/_framework/aspnetcore-browser-refresh.js - -
2023-10-29 18:37:54.880 +01:00 [Information] Request finished HTTP/2 GET https://localhost:7205/_framework/aspnetcore-browser-refresh.js - - - 200 12342 application/javascript;+charset=utf-8 0.1534ms
2023-10-29 18:37:55.552 +01:00 [Information] Request starting HTTP/2 GET https://localhost:7205/Topic/TopicDetails/4 - -
2023-10-29 18:37:55.552 +01:00 [Information] Executing endpoint '"Forum.Controllers.TopicController.TopicDetails (Forum)"'
2023-10-29 18:37:55.552 +01:00 [Information] Route matched with "{action = \"TopicDetails\", controller = \"Topic\", page = \"\", area = \"\"}". Executing controller action with signature "System.Threading.Tasks.Task`1[Microsoft.AspNetCore.Mvc.IActionResult] TopicDetails(Int32)" on controller "Forum.Controllers.TopicController" ("Forum").
2023-10-29 18:37:55.556 +01:00 [Information] Executing ViewResult, running view "TopicDetails".
2023-10-29 18:37:55.563 +01:00 [Information] Executed ViewResult - view "TopicDetails" executed in 6.1966ms.
2023-10-29 18:37:55.563 +01:00 [Information] Executed action "Forum.Controllers.TopicController.TopicDetails (Forum)" in 10.3909ms
2023-10-29 18:37:55.563 +01:00 [Information] Executed endpoint '"Forum.Controllers.TopicController.TopicDetails (Forum)"'
2023-10-29 18:37:55.563 +01:00 [Information] Request finished HTTP/2 GET https://localhost:7205/Topic/TopicDetails/4 - - - 200 - text/html;+charset=utf-8 10.9340ms
2023-10-29 18:37:55.578 +01:00 [Information] Request starting HTTP/2 GET https://localhost:7205/_framework/aspnetcore-browser-refresh.js - -
2023-10-29 18:37:55.578 +01:00 [Information] Request finished HTTP/2 GET https://localhost:7205/_framework/aspnetcore-browser-refresh.js - - - 200 12342 application/javascript;+charset=utf-8 0.1965ms
2023-10-29 18:37:57.075 +01:00 [Information] Request starting HTTP/2 GET https://localhost:7205/Topic/TopicTable - -
2023-10-29 18:37:57.075 +01:00 [Information] Executing endpoint '"Forum.Controllers.TopicController.TopicTable (Forum)"'
2023-10-29 18:37:57.075 +01:00 [Information] Route matched with "{action = \"TopicTable\", controller = \"Topic\", page = \"\", area = \"\"}". Executing controller action with signature "System.Threading.Tasks.Task`1[Microsoft.AspNetCore.Mvc.IActionResult] TopicTable()" on controller "Forum.Controllers.TopicController" ("Forum").
2023-10-29 18:37:57.078 +01:00 [Information] Executing ViewResult, running view "TopicTable".
2023-10-29 18:37:57.078 +01:00 [Information] Executed ViewResult - view "TopicTable" executed in 0.506ms.
2023-10-29 18:37:57.078 +01:00 [Information] Executed action "Forum.Controllers.TopicController.TopicTable (Forum)" in 3.2247ms
2023-10-29 18:37:57.078 +01:00 [Information] Executed endpoint '"Forum.Controllers.TopicController.TopicTable (Forum)"'
2023-10-29 18:37:57.078 +01:00 [Information] Request finished HTTP/2 GET https://localhost:7205/Topic/TopicTable - - - 200 - text/html;+charset=utf-8 3.7262ms
2023-10-29 18:37:57.093 +01:00 [Information] Request starting HTTP/2 GET https://localhost:7205/_framework/aspnetcore-browser-refresh.js - -
2023-10-29 18:37:57.093 +01:00 [Information] Request finished HTTP/2 GET https://localhost:7205/_framework/aspnetcore-browser-refresh.js - - - 200 12342 application/javascript;+charset=utf-8 0.1387ms
2023-10-29 18:37:58.059 +01:00 [Information] Request starting HTTP/2 GET https://localhost:7205/Topic/TopicDetails/5 - -
2023-10-29 18:37:58.059 +01:00 [Information] Executing endpoint '"Forum.Controllers.TopicController.TopicDetails (Forum)"'
2023-10-29 18:37:58.059 +01:00 [Information] Route matched with "{action = \"TopicDetails\", controller = \"Topic\", page = \"\", area = \"\"}". Executing controller action with signature "System.Threading.Tasks.Task`1[Microsoft.AspNetCore.Mvc.IActionResult] TopicDetails(Int32)" on controller "Forum.Controllers.TopicController" ("Forum").
2023-10-29 18:37:58.062 +01:00 [Information] Executing ViewResult, running view "TopicDetails".
2023-10-29 18:37:58.067 +01:00 [Information] Executed ViewResult - view "TopicDetails" executed in 4.831ms.
2023-10-29 18:37:58.067 +01:00 [Information] Executed action "Forum.Controllers.TopicController.TopicDetails (Forum)" in 8.0034ms
2023-10-29 18:37:58.067 +01:00 [Information] Executed endpoint '"Forum.Controllers.TopicController.TopicDetails (Forum)"'
2023-10-29 18:37:58.067 +01:00 [Information] Request finished HTTP/2 GET https://localhost:7205/Topic/TopicDetails/5 - - - 200 - text/html;+charset=utf-8 8.4913ms
2023-10-29 18:37:58.081 +01:00 [Information] Request starting HTTP/2 GET https://localhost:7205/_framework/aspnetcore-browser-refresh.js - -
2023-10-29 18:37:58.081 +01:00 [Information] Request finished HTTP/2 GET https://localhost:7205/_framework/aspnetcore-browser-refresh.js - - - 200 12342 application/javascript;+charset=utf-8 0.1881ms
2023-10-29 18:37:59.054 +01:00 [Information] Request starting HTTP/2 GET https://localhost:7205/Topic/TopicTable - -
2023-10-29 18:37:59.054 +01:00 [Information] Executing endpoint '"Forum.Controllers.TopicController.TopicTable (Forum)"'
2023-10-29 18:37:59.054 +01:00 [Information] Route matched with "{action = \"TopicTable\", controller = \"Topic\", page = \"\", area = \"\"}". Executing controller action with signature "System.Threading.Tasks.Task`1[Microsoft.AspNetCore.Mvc.IActionResult] TopicTable()" on controller "Forum.Controllers.TopicController" ("Forum").
2023-10-29 18:37:59.057 +01:00 [Information] Executing ViewResult, running view "TopicTable".
2023-10-29 18:37:59.057 +01:00 [Information] Executed ViewResult - view "TopicTable" executed in 0.638ms.
2023-10-29 18:37:59.057 +01:00 [Information] Executed action "Forum.Controllers.TopicController.TopicTable (Forum)" in 3.3611ms
2023-10-29 18:37:59.057 +01:00 [Information] Executed endpoint '"Forum.Controllers.TopicController.TopicTable (Forum)"'
2023-10-29 18:37:59.057 +01:00 [Information] Request finished HTTP/2 GET https://localhost:7205/Topic/TopicTable - - - 200 - text/html;+charset=utf-8 3.8572ms
2023-10-29 18:37:59.072 +01:00 [Information] Request starting HTTP/2 GET https://localhost:7205/_framework/aspnetcore-browser-refresh.js - -
2023-10-29 18:37:59.073 +01:00 [Information] Request finished HTTP/2 GET https://localhost:7205/_framework/aspnetcore-browser-refresh.js - - - 200 12342 application/javascript;+charset=utf-8 0.3503ms
2023-10-29 18:37:59.928 +01:00 [Information] Request starting HTTP/2 GET https://localhost:7205/Topic/TopicDetails/6 - -
2023-10-29 18:37:59.929 +01:00 [Information] Executing endpoint '"Forum.Controllers.TopicController.TopicDetails (Forum)"'
2023-10-29 18:37:59.929 +01:00 [Information] Route matched with "{action = \"TopicDetails\", controller = \"Topic\", page = \"\", area = \"\"}". Executing controller action with signature "System.Threading.Tasks.Task`1[Microsoft.AspNetCore.Mvc.IActionResult] TopicDetails(Int32)" on controller "Forum.Controllers.TopicController" ("Forum").
2023-10-29 18:37:59.932 +01:00 [Information] Executing ViewResult, running view "TopicDetails".
2023-10-29 18:37:59.937 +01:00 [Information] Executed ViewResult - view "TopicDetails" executed in 5.2003ms.
2023-10-29 18:37:59.937 +01:00 [Information] Executed action "Forum.Controllers.TopicController.TopicDetails (Forum)" in 8.3697ms
2023-10-29 18:37:59.937 +01:00 [Information] Executed endpoint '"Forum.Controllers.TopicController.TopicDetails (Forum)"'
2023-10-29 18:37:59.937 +01:00 [Information] Request finished HTTP/2 GET https://localhost:7205/Topic/TopicDetails/6 - - - 200 - text/html;+charset=utf-8 8.8863ms
2023-10-29 18:37:59.950 +01:00 [Information] Request starting HTTP/2 GET https://localhost:7205/_framework/aspnetcore-browser-refresh.js - -
2023-10-29 18:37:59.950 +01:00 [Information] Request finished HTTP/2 GET https://localhost:7205/_framework/aspnetcore-browser-refresh.js - - - 200 12342 application/javascript;+charset=utf-8 0.2514ms
2023-10-29 18:38:01.328 +01:00 [Information] Request starting HTTP/2 GET https://localhost:7205/Room/RoomDetails/6 - -
2023-10-29 18:38:01.328 +01:00 [Information] Executing endpoint '"Forum.Controllers.RoomController.RoomDetails (Forum)"'
2023-10-29 18:38:01.328 +01:00 [Information] Route matched with "{action = \"RoomDetails\", controller = \"Room\", page = \"\", area = \"\"}". Executing controller action with signature "System.Threading.Tasks.Task`1[Microsoft.AspNetCore.Mvc.IActionResult] RoomDetails(Int32)" on controller "Forum.Controllers.RoomController" ("Forum").
2023-10-29 18:38:01.331 +01:00 [Information] RoomDetails called with Room ID: 6
2023-10-29 18:38:01.332 +01:00 [Information] Executing ViewResult, running view "RoomDetails".
2023-10-29 18:38:01.335 +01:00 [Information] Executed ViewResult - view "RoomDetails" executed in 2.8434ms.
2023-10-29 18:38:01.335 +01:00 [Information] Executed action "Forum.Controllers.RoomController.RoomDetails (Forum)" in 6.6872ms
2023-10-29 18:38:01.335 +01:00 [Information] Executed endpoint '"Forum.Controllers.RoomController.RoomDetails (Forum)"'
2023-10-29 18:38:01.335 +01:00 [Information] Request finished HTTP/2 GET https://localhost:7205/Room/RoomDetails/6 - - - 200 - text/html;+charset=utf-8 7.3203ms
2023-10-29 18:38:01.350 +01:00 [Information] Request starting HTTP/2 GET https://localhost:7205/_framework/aspnetcore-browser-refresh.js - -
2023-10-29 18:38:01.350 +01:00 [Information] Request finished HTTP/2 GET https://localhost:7205/_framework/aspnetcore-browser-refresh.js - - - 200 12342 application/javascript;+charset=utf-8 0.2113ms
2023-10-29 18:38:02.152 +01:00 [Information] Request starting HTTP/2 GET https://localhost:7205/Category/CategoryDetails/3 - -
2023-10-29 18:38:02.152 +01:00 [Information] Executing endpoint '"Forum.Controllers.CategoryController.CategoryDetails (Forum)"'
2023-10-29 18:38:02.152 +01:00 [Information] Route matched with "{action = \"CategoryDetails\", controller = \"Category\", page = \"\", area = \"\"}". Executing controller action with signature "System.Threading.Tasks.Task`1[Microsoft.AspNetCore.Mvc.IActionResult] CategoryDetails(Int32)" on controller "Forum.Controllers.CategoryController" ("Forum").
2023-10-29 18:38:02.156 +01:00 [Information] [CategoryController] ID: 3.
2023-10-29 18:38:02.157 +01:00 [Information] [CategoryRep] Getting the category with id: 3: 
2023-10-29 18:38:02.159 +01:00 [Information] [CategoryController] ID passed to CategoryController after database operation: 3.
2023-10-29 18:38:02.159 +01:00 [Information] Executing ViewResult, running view "CategoryDetails".
2023-10-29 18:38:02.162 +01:00 [Information] Executed ViewResult - view "CategoryDetails" executed in 2.8237ms.
2023-10-29 18:38:02.162 +01:00 [Information] Executed action "Forum.Controllers.CategoryController.CategoryDetails (Forum)" in 9.9796ms
2023-10-29 18:38:02.162 +01:00 [Information] Executed endpoint '"Forum.Controllers.CategoryController.CategoryDetails (Forum)"'
2023-10-29 18:38:02.162 +01:00 [Information] Request finished HTTP/2 GET https://localhost:7205/Category/CategoryDetails/3 - - - 200 - text/html;+charset=utf-8 10.5831ms
2023-10-29 18:38:02.177 +01:00 [Information] Request starting HTTP/2 GET https://localhost:7205/_framework/aspnetcore-browser-refresh.js - -
2023-10-29 18:38:02.177 +01:00 [Information] Request finished HTTP/2 GET https://localhost:7205/_framework/aspnetcore-browser-refresh.js - - - 200 12342 application/javascript;+charset=utf-8 0.2512ms
2023-10-29 18:38:02.920 +01:00 [Information] Request starting HTTP/2 GET https://localhost:7205/Room/RoomDetails/5 - -
2023-10-29 18:38:02.921 +01:00 [Information] Executing endpoint '"Forum.Controllers.RoomController.RoomDetails (Forum)"'
2023-10-29 18:38:02.921 +01:00 [Information] Route matched with "{action = \"RoomDetails\", controller = \"Room\", page = \"\", area = \"\"}". Executing controller action with signature "System.Threading.Tasks.Task`1[Microsoft.AspNetCore.Mvc.IActionResult] RoomDetails(Int32)" on controller "Forum.Controllers.RoomController" ("Forum").
2023-10-29 18:38:02.924 +01:00 [Information] RoomDetails called with Room ID: 5
2023-10-29 18:38:02.925 +01:00 [Information] Executing ViewResult, running view "RoomDetails".
2023-10-29 18:38:02.928 +01:00 [Information] Executed ViewResult - view "RoomDetails" executed in 2.9869ms.
2023-10-29 18:38:02.928 +01:00 [Information] Executed action "Forum.Controllers.RoomController.RoomDetails (Forum)" in 7.3327ms
2023-10-29 18:38:02.928 +01:00 [Information] Executed endpoint '"Forum.Controllers.RoomController.RoomDetails (Forum)"'
2023-10-29 18:38:02.928 +01:00 [Information] Request finished HTTP/2 GET https://localhost:7205/Room/RoomDetails/5 - - - 200 - text/html;+charset=utf-8 7.8306ms
2023-10-29 18:38:02.944 +01:00 [Information] Request starting HTTP/2 GET https://localhost:7205/_framework/aspnetcore-browser-refresh.js - -
2023-10-29 18:38:02.944 +01:00 [Information] Request finished HTTP/2 GET https://localhost:7205/_framework/aspnetcore-browser-refresh.js - - - 200 12342 application/javascript;+charset=utf-8 0.2096ms
2023-10-29 18:38:03.370 +01:00 [Information] Request starting HTTP/2 GET https://localhost:7205/Topic/TopicDetails/5 - -
2023-10-29 18:38:03.370 +01:00 [Information] Executing endpoint '"Forum.Controllers.TopicController.TopicDetails (Forum)"'
2023-10-29 18:38:03.370 +01:00 [Information] Route matched with "{action = \"TopicDetails\", controller = \"Topic\", page = \"\", area = \"\"}". Executing controller action with signature "System.Threading.Tasks.Task`1[Microsoft.AspNetCore.Mvc.IActionResult] TopicDetails(Int32)" on controller "Forum.Controllers.TopicController" ("Forum").
2023-10-29 18:38:03.373 +01:00 [Information] Executing ViewResult, running view "TopicDetails".
2023-10-29 18:38:03.378 +01:00 [Information] Executed ViewResult - view "TopicDetails" executed in 4.8639ms.
2023-10-29 18:38:03.378 +01:00 [Information] Executed action "Forum.Controllers.TopicController.TopicDetails (Forum)" in 8.0036ms
2023-10-29 18:38:03.378 +01:00 [Information] Executed endpoint '"Forum.Controllers.TopicController.TopicDetails (Forum)"'
2023-10-29 18:38:03.378 +01:00 [Information] Request finished HTTP/2 GET https://localhost:7205/Topic/TopicDetails/5 - - - 200 - text/html;+charset=utf-8 8.4998ms
2023-10-29 18:38:03.393 +01:00 [Information] Request starting HTTP/2 GET https://localhost:7205/_framework/aspnetcore-browser-refresh.js - -
2023-10-29 18:38:03.393 +01:00 [Information] Request finished HTTP/2 GET https://localhost:7205/_framework/aspnetcore-browser-refresh.js - - - 200 12342 application/javascript;+charset=utf-8 0.1911ms
2023-10-29 18:38:04.374 +01:00 [Information] Request starting HTTP/2 GET https://localhost:7205/ - -
2023-10-29 18:38:04.375 +01:00 [Information] Executing endpoint '"Forum.Controllers.HomeController.Index (Forum)"'
2023-10-29 18:38:04.375 +01:00 [Information] Route matched with "{action = \"Index\", controller = \"Home\", page = \"\", area = \"\"}". Executing controller action with signature "System.Threading.Tasks.Task`1[Microsoft.AspNetCore.Mvc.IActionResult] Index()" on controller "Forum.Controllers.HomeController" ("Forum").
2023-10-29 18:38:04.377 +01:00 [Information] Executing ViewResult, running view "Index".
2023-10-29 18:38:04.387 +01:00 [Information] Executed ViewResult - view "Index" executed in 10.2275ms.
2023-10-29 18:38:04.388 +01:00 [Information] Executed action "Forum.Controllers.HomeController.Index (Forum)" in 12.8283ms
2023-10-29 18:38:04.388 +01:00 [Information] Executed endpoint '"Forum.Controllers.HomeController.Index (Forum)"'
2023-10-29 18:38:04.388 +01:00 [Information] Request finished HTTP/2 GET https://localhost:7205/ - - - 200 - text/html;+charset=utf-8 13.3264ms
2023-10-29 18:38:04.401 +01:00 [Information] Request starting HTTP/2 GET https://localhost:7205/_framework/aspnetcore-browser-refresh.js - -
2023-10-29 18:38:04.401 +01:00 [Information] Request finished HTTP/2 GET https://localhost:7205/_framework/aspnetcore-browser-refresh.js - - - 200 12342 application/javascript;+charset=utf-8 0.2217ms
2023-10-29 18:38:04.957 +01:00 [Information] Request starting HTTP/2 GET https://localhost:7205/Post/PostDetails/1 - -
2023-10-29 18:38:04.958 +01:00 [Information] Executing endpoint '"Forum.Controllers.PostController.PostDetails (Forum)"'
2023-10-29 18:38:04.958 +01:00 [Information] Route matched with "{action = \"PostDetails\", controller = \"Post\", page = \"\", area = \"\"}". Executing controller action with signature "System.Threading.Tasks.Task`1[Microsoft.AspNetCore.Mvc.IActionResult] PostDetails(Int32)" on controller "Forum.Controllers.PostController" ("Forum").
2023-10-29 18:38:04.961 +01:00 [Information] Executing ViewResult, running view "PostDetails".
2023-10-29 18:38:04.967 +01:00 [Information] Executed ViewResult - view "PostDetails" executed in 5.7529ms.
2023-10-29 18:38:04.967 +01:00 [Information] Executed action "Forum.Controllers.PostController.PostDetails (Forum)" in 8.8345ms
2023-10-29 18:38:04.967 +01:00 [Information] Executed endpoint '"Forum.Controllers.PostController.PostDetails (Forum)"'
2023-10-29 18:38:04.967 +01:00 [Information] Request finished HTTP/2 GET https://localhost:7205/Post/PostDetails/1 - - - 200 - text/html;+charset=utf-8 10.1586ms
2023-10-29 18:38:04.980 +01:00 [Information] Request starting HTTP/2 GET https://localhost:7205/_framework/aspnetcore-browser-refresh.js - -
2023-10-29 18:38:04.980 +01:00 [Information] Request finished HTTP/2 GET https://localhost:7205/_framework/aspnetcore-browser-refresh.js - - - 200 12342 application/javascript;+charset=utf-8 0.2429ms
2023-10-29 18:38:10.003 +01:00 [Information] Request starting HTTP/2 GET https://localhost:7205/Search/Search?search=See+title - -
2023-10-29 18:38:10.003 +01:00 [Information] Executing endpoint '"Forum.Controllers.SearchController.Search (Forum)"'
2023-10-29 18:38:10.004 +01:00 [Information] Route matched with "{action = \"Search\", controller = \"Search\", page = \"\", area = \"\"}". Executing controller action with signature "Microsoft.AspNetCore.Mvc.IActionResult Search(System.String)" on controller "Forum.Controllers.SearchController" ("Forum").
2023-10-29 18:38:10.012 +01:00 [Information] Executing ViewResult, running view "Search".
2023-10-29 18:38:10.012 +01:00 [Information] Executed ViewResult - view "Search" executed in 0.5579ms.
2023-10-29 18:38:10.012 +01:00 [Information] Executed action "Forum.Controllers.SearchController.Search (Forum)" in 8.632ms
2023-10-29 18:38:10.012 +01:00 [Information] Executed endpoint '"Forum.Controllers.SearchController.Search (Forum)"'
2023-10-29 18:38:10.012 +01:00 [Information] Request finished HTTP/2 GET https://localhost:7205/Search/Search?search=See+title - - - 200 - text/html;+charset=utf-8 9.1569ms
2023-10-29 18:38:10.031 +01:00 [Information] Request starting HTTP/2 GET https://localhost:7205/_framework/aspnetcore-browser-refresh.js - -
2023-10-29 18:38:10.031 +01:00 [Information] Request finished HTTP/2 GET https://localhost:7205/_framework/aspnetcore-browser-refresh.js - - - 200 12342 application/javascript;+charset=utf-8 0.1761ms
2023-10-29 18:38:11.794 +01:00 [Information] Request starting HTTP/2 GET https://localhost:7205/Comment/CommentDetails/1 - -
2023-10-29 18:38:11.795 +01:00 [Information] Request finished HTTP/2 GET https://localhost:7205/Comment/CommentDetails/1 - - - 404 0 - 0.9887ms
