2023-10-30 17:33:44.790 +01:00 [Information] User profile is available. Using '"C:\Users\abdik\AppData\Local\ASP.NET\DataProtection-Keys"' as key repository and Windows DPAPI to encrypt keys at rest.
2023-10-30 17:33:45.247 +01:00 [Information] Now listening on: "https://localhost:7205"
2023-10-30 17:33:45.247 +01:00 [Information] Now listening on: "http://localhost:5112"
2023-10-30 17:33:45.250 +01:00 [Information] Application started. Press Ctrl+C to shut down.
2023-10-30 17:33:45.251 +01:00 [Information] Hosting environment: "Development"
2023-10-30 17:33:45.251 +01:00 [Information] Content root path: "C:\Users\abdik\Source\Repos\Forum\MyShop\"
2023-10-30 17:33:45.409 +01:00 [Information] Request starting HTTP/2 GET https://localhost:7205/Post/PostDetails/2 - -
2023-10-30 17:33:45.449 +01:00 [Information] Executing endpoint '"Forum.Controllers.PostController.PostDetails (Forum)"'
2023-10-30 17:33:45.464 +01:00 [Information] Route matched with "{action = \"PostDetails\", controller = \"Post\", page = \"\", area = \"\"}". Executing controller action with signature "System.Threading.Tasks.Task`1[Microsoft.AspNetCore.Mvc.IActionResult] PostDetails(Int32)" on controller "Forum.Controllers.PostController" ("Forum").
2023-10-30 17:33:45.505 +01:00 [Information] Executing ViewResult, running view "PostDetails".
2023-10-30 17:33:45.671 +01:00 [Information] Executed ViewResult - view "PostDetails" executed in 165.976ms.
2023-10-30 17:33:45.673 +01:00 [Information] Executed action "Forum.Controllers.PostController.PostDetails (Forum)" in 208.6708ms
2023-10-30 17:33:45.673 +01:00 [Information] Executed endpoint '"Forum.Controllers.PostController.PostDetails (Forum)"'
2023-10-30 17:33:45.685 +01:00 [Information] Request finished HTTP/2 GET https://localhost:7205/Post/PostDetails/2 - - - 200 - text/html;+charset=utf-8 278.8886ms
2023-10-30 17:33:45.688 +01:00 [Information] Request starting HTTP/2 GET https://localhost:7205/css/style.css - -
2023-10-30 17:33:45.688 +01:00 [Information] Request starting HTTP/2 GET https://localhost:7205/css/style.css?v=7qXswWkwcHuhatYiXCkiEczRrR7WNwT7ifp5qa6kH28 - -
2023-10-30 17:33:45.688 +01:00 [Information] Request starting HTTP/2 GET https://localhost:7205/_framework/aspnetcore-browser-refresh.js - -
2023-10-30 17:33:45.690 +01:00 [Information] Request finished HTTP/2 GET https://localhost:7205/_framework/aspnetcore-browser-refresh.js - - - 200 12342 application/javascript;+charset=utf-8 1.8596ms
2023-10-30 17:33:45.692 +01:00 [Information] The file "/css/style.css" was not modified
2023-10-30 17:33:45.692 +01:00 [Information] The file "/css/style.css" was not modified
2023-10-30 17:33:45.692 +01:00 [Information] Request finished HTTP/2 GET https://localhost:7205/css/style.css?v=7qXswWkwcHuhatYiXCkiEczRrR7WNwT7ifp5qa6kH28 - - - 304 - text/css 3.3601ms
2023-10-30 17:33:45.692 +01:00 [Information] Request finished HTTP/2 GET https://localhost:7205/css/style.css - - - 304 - text/css 3.3703ms
2023-10-30 17:33:45.694 +01:00 [Information] Request starting HTTP/2 GET https://localhost:7205/_vs/browserLink - -
2023-10-30 17:33:45.700 +01:00 [Information] Request finished HTTP/2 GET https://localhost:7205/_vs/browserLink - - - 200 - text/javascript;+charset=UTF-8 5.8095ms
