2023-10-30 17:49:59.250 +01:00 [Information] User profile is available. Using '"C:\Users\abdik\AppData\Local\ASP.NET\DataProtection-Keys"' as key repository and Windows DPAPI to encrypt keys at rest.
2023-10-30 17:49:59.705 +01:00 [Information] Now listening on: "https://localhost:7205"
2023-10-30 17:49:59.705 +01:00 [Information] Now listening on: "http://localhost:5112"
2023-10-30 17:49:59.708 +01:00 [Information] Application started. Press Ctrl+C to shut down.
2023-10-30 17:49:59.709 +01:00 [Information] Hosting environment: "Development"
2023-10-30 17:49:59.709 +01:00 [Information] Content root path: "C:\Users\abdik\Source\Repos\Forum\MyShop\"
2023-10-30 17:49:59.827 +01:00 [Information] Request starting HTTP/2 GET https://localhost:7205/Post/PostDetails/2 - -
2023-10-30 17:49:59.865 +01:00 [Information] Executing endpoint '"Forum.Controllers.PostController.PostDetails (Forum)"'
2023-10-30 17:49:59.880 +01:00 [Information] Route matched with "{action = \"PostDetails\", controller = \"Post\", page = \"\", area = \"\"}". Executing controller action with signature "System.Threading.Tasks.Task`1[Microsoft.AspNetCore.Mvc.IActionResult] PostDetails(Int32)" on controller "Forum.Controllers.PostController" ("Forum").
2023-10-30 17:49:59.922 +01:00 [Information] Executing ViewResult, running view "PostDetails".
2023-10-30 17:50:00.091 +01:00 [Information] Executed ViewResult - view "PostDetails" executed in 168.6507ms.
2023-10-30 17:50:00.093 +01:00 [Information] Executed action "Forum.Controllers.PostController.PostDetails (Forum)" in 212.8039ms
2023-10-30 17:50:00.093 +01:00 [Information] Executed endpoint '"Forum.Controllers.PostController.PostDetails (Forum)"'
2023-10-30 17:50:00.104 +01:00 [Information] Request finished HTTP/2 GET https://localhost:7205/Post/PostDetails/2 - - - 200 - text/html;+charset=utf-8 279.9882ms
2023-10-30 17:50:00.105 +01:00 [Information] Request starting HTTP/2 GET https://localhost:7205/_framework/aspnetcore-browser-refresh.js - -
2023-10-30 17:50:00.105 +01:00 [Information] Request starting HTTP/2 GET https://localhost:7205/css/style.css - -
2023-10-30 17:50:00.105 +01:00 [Information] Request starting HTTP/2 GET https://localhost:7205/css/style.css?v=7qXswWkwcHuhatYiXCkiEczRrR7WNwT7ifp5qa6kH28 - -
2023-10-30 17:50:00.106 +01:00 [Information] Request finished HTTP/2 GET https://localhost:7205/_framework/aspnetcore-browser-refresh.js - - - 200 12342 application/javascript;+charset=utf-8 1.7553ms
2023-10-30 17:50:00.107 +01:00 [Information] The file "/css/style.css" was not modified
2023-10-30 17:50:00.107 +01:00 [Information] The file "/css/style.css" was not modified
2023-10-30 17:50:00.108 +01:00 [Information] Request finished HTTP/2 GET https://localhost:7205/css/style.css - - - 304 - text/css 2.9777ms
2023-10-30 17:50:00.108 +01:00 [Information] Request finished HTTP/2 GET https://localhost:7205/css/style.css?v=7qXswWkwcHuhatYiXCkiEczRrR7WNwT7ifp5qa6kH28 - - - 304 - text/css 2.9820ms
2023-10-30 17:50:00.115 +01:00 [Information] Request starting HTTP/2 GET https://localhost:7205/_vs/browserLink - -
2023-10-30 17:50:00.121 +01:00 [Information] Request finished HTTP/2 GET https://localhost:7205/_vs/browserLink - - - 200 - text/javascript;+charset=UTF-8 6.0730ms
