2023-10-30 17:33:52.217 +01:00 [Information] User profile is available. Using '"C:\Users\abdik\AppData\Local\ASP.NET\DataProtection-Keys"' as key repository and Windows DPAPI to encrypt keys at rest.
2023-10-30 17:33:52.676 +01:00 [Information] Now listening on: "https://localhost:7205"
2023-10-30 17:33:52.676 +01:00 [Information] Now listening on: "http://localhost:5112"
2023-10-30 17:33:52.679 +01:00 [Information] Application started. Press Ctrl+C to shut down.
2023-10-30 17:33:52.680 +01:00 [Information] Hosting environment: "Development"
2023-10-30 17:33:52.680 +01:00 [Information] Content root path: "C:\Users\abdik\Source\Repos\Forum\MyShop\"
2023-10-30 17:33:52.829 +01:00 [Information] Request starting HTTP/2 GET https://localhost:7205/Post/PostDetails/2 - -
2023-10-30 17:33:52.866 +01:00 [Information] Executing endpoint '"Forum.Controllers.PostController.PostDetails (Forum)"'
2023-10-30 17:33:52.881 +01:00 [Information] Route matched with "{action = \"PostDetails\", controller = \"Post\", page = \"\", area = \"\"}". Executing controller action with signature "System.Threading.Tasks.Task`1[Microsoft.AspNetCore.Mvc.IActionResult] PostDetails(Int32)" on controller "Forum.Controllers.PostController" ("Forum").
2023-10-30 17:33:52.926 +01:00 [Information] Executing ViewResult, running view "PostDetails".
2023-10-30 17:33:53.091 +01:00 [Information] Executed ViewResult - view "PostDetails" executed in 164.8239ms.
2023-10-30 17:33:53.093 +01:00 [Information] Executed action "Forum.Controllers.PostController.PostDetails (Forum)" in 211.7148ms
2023-10-30 17:33:53.093 +01:00 [Information] Executed endpoint '"Forum.Controllers.PostController.PostDetails (Forum)"'
2023-10-30 17:33:53.104 +01:00 [Information] Request finished HTTP/2 GET https://localhost:7205/Post/PostDetails/2 - - - 200 - text/html;+charset=utf-8 277.2989ms
2023-10-30 17:33:53.105 +01:00 [Information] Request starting HTTP/2 GET https://localhost:7205/_framework/aspnetcore-browser-refresh.js - -
2023-10-30 17:33:53.105 +01:00 [Information] Request starting HTTP/2 GET https://localhost:7205/_vs/browserLink - -
2023-10-30 17:33:53.106 +01:00 [Information] Request finished HTTP/2 GET https://localhost:7205/_framework/aspnetcore-browser-refresh.js - - - 200 12342 application/javascript;+charset=utf-8 1.4751ms
2023-10-30 17:33:53.111 +01:00 [Information] Request finished HTTP/2 GET https://localhost:7205/_vs/browserLink - - - 200 - text/javascript;+charset=UTF-8 6.1043ms
2023-10-30 17:36:26.035 +01:00 [Information] Request starting HTTP/2 GET https://localhost:7205/ - -
2023-10-30 17:36:26.036 +01:00 [Information] Executing endpoint '"Forum.Controllers.HomeController.Index (Forum)"'
2023-10-30 17:36:26.038 +01:00 [Information] Route matched with "{action = \"Index\", controller = \"Home\", page = \"\", area = \"\"}". Executing controller action with signature "System.Threading.Tasks.Task`1[Microsoft.AspNetCore.Mvc.IActionResult] Index()" on controller "Forum.Controllers.HomeController" ("Forum").
2023-10-30 17:36:26.046 +01:00 [Information] Executing ViewResult, running view "Index".
2023-10-30 17:36:26.080 +01:00 [Information] Executed ViewResult - view "Index" executed in 34.3874ms.
2023-10-30 17:36:26.080 +01:00 [Information] Executed action "Forum.Controllers.HomeController.Index (Forum)" in 42.1269ms
2023-10-30 17:36:26.080 +01:00 [Information] Executed endpoint '"Forum.Controllers.HomeController.Index (Forum)"'
2023-10-30 17:36:26.082 +01:00 [Information] Request finished HTTP/2 GET https://localhost:7205/ - - - 200 - text/html;+charset=utf-8 47.3305ms
2023-10-30 17:36:26.093 +01:00 [Information] Request starting HTTP/2 GET https://localhost:7205/images/formula1.jpg - -
2023-10-30 17:36:26.093 +01:00 [Information] Request starting HTTP/2 GET https://localhost:7205/css/style.css?v=7qXswWkwcHuhatYiXCkiEczRrR7WNwT7ifp5qa6kH28 - -
2023-10-30 17:36:26.093 +01:00 [Information] Request starting HTTP/2 GET https://localhost:7205/images/fotball.jpg - -
2023-10-30 17:36:26.095 +01:00 [Information] The file "/css/style.css" was not modified
2023-10-30 17:36:26.095 +01:00 [Information] Request finished HTTP/2 GET https://localhost:7205/css/style.css?v=7qXswWkwcHuhatYiXCkiEczRrR7WNwT7ifp5qa6kH28 - - - 304 - text/css 2.8523ms
2023-10-30 17:36:26.101 +01:00 [Information] Request starting HTTP/2 GET https://localhost:7205/images/vacation.jpg - -
2023-10-30 17:36:26.101 +01:00 [Information] Request starting HTTP/2 GET https://localhost:7205/images/mosque.jpg - -
2023-10-30 17:36:26.101 +01:00 [Information] Request starting HTTP/2 GET https://localhost:7205/images/cyberS.jpg - -
2023-10-30 17:36:26.102 +01:00 [Information] Request starting HTTP/2 GET https://localhost:7205/_framework/aspnetcore-browser-refresh.js - -
2023-10-30 17:36:26.102 +01:00 [Information] Request starting HTTP/2 GET https://localhost:7205/images/skiEquipments.jpg - -
2023-10-30 17:36:26.102 +01:00 [Information] Request starting HTTP/2 GET https://localhost:7205/_vs/browserLink - -
2023-10-30 17:36:26.103 +01:00 [Information] Request finished HTTP/2 GET https://localhost:7205/_framework/aspnetcore-browser-refresh.js - - - 200 12342 application/javascript;+charset=utf-8 0.7896ms
2023-10-30 17:36:26.114 +01:00 [Information] Request finished HTTP/2 GET https://localhost:7205/_vs/browserLink - - - 200 - text/javascript;+charset=UTF-8 11.2703ms
2023-10-30 17:36:26.118 +01:00 [Information] Sending file. Request path: '"/images/formula1.jpg"'. Physical path: '"C:\Users\abdik\Source\Repos\Forum\MyShop\wwwroot\images\formula1.jpg"'
2023-10-30 17:36:26.118 +01:00 [Information] Sending file. Request path: '"/images/vacation.jpg"'. Physical path: '"C:\Users\abdik\Source\Repos\Forum\MyShop\wwwroot\images\vacation.jpg"'
2023-10-30 17:36:26.118 +01:00 [Information] Sending file. Request path: '"/images/fotball.jpg"'. Physical path: '"C:\Users\abdik\Source\Repos\Forum\MyShop\wwwroot\images\fotball.jpg"'
2023-10-30 17:36:26.118 +01:00 [Information] Request finished HTTP/2 GET https://localhost:7205/images/vacation.jpg - - - 200 617541 image/jpeg 16.4633ms
2023-10-30 17:36:26.118 +01:00 [Information] Request finished HTTP/2 GET https://localhost:7205/images/formula1.jpg - - - 200 1574551 image/jpeg 25.2351ms
2023-10-30 17:36:26.118 +01:00 [Information] Request finished HTTP/2 GET https://localhost:7205/images/fotball.jpg - - - 200 1588856 image/jpeg 25.1528ms
2023-10-30 17:36:26.121 +01:00 [Information] Sending file. Request path: '"/images/cyberS.jpg"'. Physical path: '"C:\Users\abdik\Source\Repos\Forum\MyShop\wwwroot\images\cyberS.jpg"'
2023-10-30 17:36:26.121 +01:00 [Information] Request finished HTTP/2 GET https://localhost:7205/images/cyberS.jpg - - - 200 1891447 image/jpeg 19.5927ms
2023-10-30 17:36:26.123 +01:00 [Information] Sending file. Request path: '"/images/skiEquipments.jpg"'. Physical path: '"C:\Users\abdik\Source\Repos\Forum\MyShop\wwwroot\images\skiEquipments.jpg"'
2023-10-30 17:36:26.124 +01:00 [Information] Request finished HTTP/2 GET https://localhost:7205/images/skiEquipments.jpg - - - 200 2293710 image/jpeg 21.5665ms
2023-10-30 17:36:26.126 +01:00 [Information] Sending file. Request path: '"/images/mosque.jpg"'. Physical path: '"C:\Users\abdik\Source\Repos\Forum\MyShop\wwwroot\images\mosque.jpg"'
2023-10-30 17:36:26.126 +01:00 [Information] Request finished HTTP/2 GET https://localhost:7205/images/mosque.jpg - - - 200 3633928 image/jpeg 25.0687ms
