2023-10-23 18:14:35.503 +02:00 [Information] User profile is available. Using '"C:\Users\abdik\AppData\Local\ASP.NET\DataProtection-Keys"' as key repository and Windows DPAPI to encrypt keys at rest.
2023-10-23 18:14:35.948 +02:00 [Information] Now listening on: "https://localhost:7205"
2023-10-23 18:14:35.948 +02:00 [Information] Now listening on: "http://localhost:5112"
2023-10-23 18:14:35.952 +02:00 [Information] Application started. Press Ctrl+C to shut down.
2023-10-23 18:14:35.953 +02:00 [Information] Hosting environment: "Development"
2023-10-23 18:14:35.953 +02:00 [Information] Content root path: "C:\Users\abdik\Source\Repos\Forum\MyShop\"
2023-10-23 18:14:36.182 +02:00 [Information] Request starting HTTP/2 GET https://localhost:7205/ - -
2023-10-23 18:14:36.222 +02:00 [Information] Executing endpoint '"Forum.Controllers.HomeController.Index (Forum)"'
2023-10-23 18:14:36.230 +02:00 [Information] Route matched with "{action = \"Index\", controller = \"Home\", page = \"\", area = \"\"}". Executing controller action with signature "Microsoft.AspNetCore.Mvc.IActionResult Index()" on controller "Forum.Controllers.HomeController" ("Forum").
2023-10-23 18:14:36.235 +02:00 [Information] Executing ViewResult, running view "Index".
2023-10-23 18:14:36.332 +02:00 [Information] Executed ViewResult - view "Index" executed in 96.3253ms.
2023-10-23 18:14:36.334 +02:00 [Information] Executed action "Forum.Controllers.HomeController.Index (Forum)" in 102.8089ms
2023-10-23 18:14:36.334 +02:00 [Information] Executed endpoint '"Forum.Controllers.HomeController.Index (Forum)"'
2023-10-23 18:14:36.347 +02:00 [Information] Request finished HTTP/2 GET https://localhost:7205/ - - - 200 - text/html;+charset=utf-8 167.0262ms
2023-10-23 18:14:36.347 +02:00 [Information] Request starting HTTP/2 GET https://localhost:7205/lib/bootstrap/js/bootstrap.js - -
2023-10-23 18:14:36.347 +02:00 [Information] Request starting HTTP/2 GET https://localhost:7205/lib/bootstrap/css/crtstyle.css - -
2023-10-23 18:14:36.347 +02:00 [Information] Request starting HTTP/2 GET https://localhost:7205/css/style.css?v=dioVC-4PbvqW-BXQDC3KzLU6n_b3Y6kcqzPPP5n6J5s - -
2023-10-23 18:14:36.347 +02:00 [Information] Request starting HTTP/2 GET https://localhost:7205/style.css - -
2023-10-23 18:14:36.347 +02:00 [Information] Request starting HTTP/2 GET https://localhost:7205/_framework/aspnetcore-browser-refresh.js - -
2023-10-23 18:14:36.348 +02:00 [Information] Request starting HTTP/2 GET https://localhost:7205/lib/jquery/jquery.js - -
2023-10-23 18:14:36.350 +02:00 [Information] Request finished HTTP/2 GET https://localhost:7205/_framework/aspnetcore-browser-refresh.js - - - 200 12342 application/javascript;+charset=utf-8 2.2806ms
2023-10-23 18:14:36.350 +02:00 [Information] Request finished HTTP/2 GET https://localhost:7205/style.css - - - 404 0 - 2.5957ms
2023-10-23 18:14:36.359 +02:00 [Information] The file "/lib/bootstrap/js/bootstrap.js" was not modified
2023-10-23 18:14:36.359 +02:00 [Information] The file "/css/style.css" was not modified
2023-10-23 18:14:36.359 +02:00 [Information] The file "/lib/bootstrap/css/crtstyle.css" was not modified
2023-10-23 18:14:36.359 +02:00 [Information] The file "/lib/jquery/jquery.js" was not modified
2023-10-23 18:14:36.359 +02:00 [Information] Request finished HTTP/2 GET https://localhost:7205/lib/bootstrap/js/bootstrap.js - - - 304 - application/javascript 11.7868ms
2023-10-23 18:14:36.359 +02:00 [Information] Request finished HTTP/2 GET https://localhost:7205/lib/jquery/jquery.js - - - 304 - application/javascript 11.3919ms
2023-10-23 18:14:36.359 +02:00 [Information] Request finished HTTP/2 GET https://localhost:7205/lib/bootstrap/css/crtstyle.css - - - 304 - text/css 11.8268ms
2023-10-23 18:14:36.359 +02:00 [Information] Request finished HTTP/2 GET https://localhost:7205/css/style.css?v=dioVC-4PbvqW-BXQDC3KzLU6n_b3Y6kcqzPPP5n6J5s - - - 304 - text/css 11.6134ms
2023-10-23 18:14:36.366 +02:00 [Information] Request starting HTTP/2 GET https://localhost:7205/_vs/browserLink - -
2023-10-23 18:14:36.372 +02:00 [Information] Request finished HTTP/2 GET https://localhost:7205/_vs/browserLink - - - 200 - text/javascript;+charset=UTF-8 6.2048ms
2023-10-23 18:14:50.934 +02:00 [Information] Request starting HTTP/2 GET https://localhost:7205/style.css - -
2023-10-23 18:14:50.935 +02:00 [Information] Request finished HTTP/2 GET https://localhost:7205/style.css - - - 404 0 - 1.7667ms
2023-10-23 18:14:51.034 +02:00 [Information] Request starting HTTP/2 GET https://localhost:7205/lib/bootstrap/js/bootstrap.js.map - -
2023-10-23 18:14:51.049 +02:00 [Information] Sending file. Request path: '"/lib/bootstrap/js/bootstrap.js.map"'. Physical path: '"C:\Users\abdik\Source\Repos\Forum\MyShop\wwwroot\lib\bootstrap\js\bootstrap.js.map"'
2023-10-23 18:14:51.050 +02:00 [Information] Request finished HTTP/2 GET https://localhost:7205/lib/bootstrap/js/bootstrap.js.map - - - 200 289522 text/plain 15.4026ms
