2023-10-24 10:06:43.574 +02:00 [Information] User profile is available. Using '"C:\Users\abdik\AppData\Local\ASP.NET\DataProtection-Keys"' as key repository and Windows DPAPI to encrypt keys at rest.
2023-10-24 10:06:43.972 +02:00 [Information] Now listening on: "https://localhost:7205"
2023-10-24 10:06:43.972 +02:00 [Information] Now listening on: "http://localhost:5112"
2023-10-24 10:06:43.975 +02:00 [Information] Application started. Press Ctrl+C to shut down.
2023-10-24 10:06:43.975 +02:00 [Information] Hosting environment: "Development"
2023-10-24 10:06:43.975 +02:00 [Information] Content root path: "C:\Users\abdik\Source\Repos\Forum\MyShop\"
2023-10-24 10:06:44.293 +02:00 [Information] Request starting HTTP/2 GET https://localhost:7205/ - -
2023-10-24 10:06:44.333 +02:00 [Information] Executing endpoint '"Forum.Controllers.HomeController.Index (Forum)"'
2023-10-24 10:06:44.340 +02:00 [Information] Route matched with "{action = \"Index\", controller = \"Home\", page = \"\", area = \"\"}". Executing controller action with signature "Microsoft.AspNetCore.Mvc.IActionResult Index()" on controller "Forum.Controllers.HomeController" ("Forum").
2023-10-24 10:06:44.344 +02:00 [Information] Executing ViewResult, running view "Index".
2023-10-24 10:06:44.438 +02:00 [Information] Executed ViewResult - view "Index" executed in 93.2816ms.
2023-10-24 10:06:44.439 +02:00 [Information] Executed action "Forum.Controllers.HomeController.Index (Forum)" in 99.2389ms
2023-10-24 10:06:44.440 +02:00 [Information] Executed endpoint '"Forum.Controllers.HomeController.Index (Forum)"'
2023-10-24 10:06:44.451 +02:00 [Information] Request finished HTTP/2 GET https://localhost:7205/ - - - 200 - text/html;+charset=utf-8 160.1967ms
2023-10-24 10:06:44.458 +02:00 [Information] Request starting HTTP/2 GET https://localhost:7205/... - -
2023-10-24 10:06:44.458 +02:00 [Information] Request starting HTTP/2 GET https://localhost:7205/style.css - -
2023-10-24 10:06:44.458 +02:00 [Information] Request starting HTTP/2 GET https://localhost:7205/_framework/aspnetcore-browser-refresh.js - -
2023-10-24 10:06:44.459 +02:00 [Information] Request finished HTTP/2 GET https://localhost:7205/_framework/aspnetcore-browser-refresh.js - - - 200 12342 application/javascript;+charset=utf-8 1.6810ms
2023-10-24 10:06:44.461 +02:00 [Information] Request finished HTTP/2 GET https://localhost:7205/... - - - 404 0 - 3.7071ms
2023-10-24 10:06:44.467 +02:00 [Information] Request finished HTTP/2 GET https://localhost:7205/style.css - - - 404 0 - 8.9928ms
2023-10-24 10:06:44.469 +02:00 [Information] Request starting HTTP/2 GET https://localhost:7205/_vs/browserLink - -
2023-10-24 10:06:44.474 +02:00 [Information] Request finished HTTP/2 GET https://localhost:7205/_vs/browserLink - - - 200 - text/javascript;+charset=UTF-8 5.6534ms
2023-10-24 10:06:44.479 +02:00 [Information] Request starting HTTP/2 GET https://localhost:7205/... - -
2023-10-24 10:06:44.488 +02:00 [Information] Request finished HTTP/2 GET https://localhost:7205/... - - - 404 0 - 9.3718ms
