2023-10-29 14:26:24.490 +01:00 [Information] User profile is available. Using '"C:\Users\abdik\AppData\Local\ASP.NET\DataProtection-Keys"' as key repository and Windows DPAPI to encrypt keys at rest.
2023-10-29 14:26:24.886 +01:00 [Information] Now listening on: "https://localhost:7205"
2023-10-29 14:26:24.886 +01:00 [Information] Now listening on: "http://localhost:5112"
2023-10-29 14:26:24.889 +01:00 [Information] Application started. Press Ctrl+C to shut down.
2023-10-29 14:26:24.890 +01:00 [Information] Hosting environment: "Development"
2023-10-29 14:26:24.890 +01:00 [Information] Content root path: "C:\Users\abdik\Source\Repos\Forum\MyShop\"
2023-10-29 14:26:25.389 +01:00 [Information] Request starting HTTP/2 GET https://localhost:7205/Category/CategoryTable - -
2023-10-29 14:26:25.426 +01:00 [Information] Executing endpoint '"Forum.Controllers.CategoryController.CategoryTable (Forum)"'
2023-10-29 14:26:25.435 +01:00 [Information] Route matched with "{action = \"CategoryTable\", controller = \"Category\", page = \"\", area = \"\"}". Executing controller action with signature "System.Threading.Tasks.Task`1[Microsoft.AspNetCore.Mvc.IActionResult] CategoryTable()" on controller "Forum.Controllers.CategoryController" ("Forum").
2023-10-29 14:26:25.450 +01:00 [Information] Executing ViewResult, running view "CategoryTable".
2023-10-29 14:26:25.548 +01:00 [Information] Executed ViewResult - view "CategoryTable" executed in 97.2111ms.
2023-10-29 14:26:25.549 +01:00 [Information] Executed action "Forum.Controllers.CategoryController.CategoryTable (Forum)" in 113.9784ms
2023-10-29 14:26:25.550 +01:00 [Information] Executed endpoint '"Forum.Controllers.CategoryController.CategoryTable (Forum)"'
2023-10-29 14:26:25.561 +01:00 [Information] Request finished HTTP/2 GET https://localhost:7205/Category/CategoryTable - - - 200 - text/html;+charset=utf-8 174.5432ms
2023-10-29 14:26:25.562 +01:00 [Information] Request starting HTTP/2 GET https://localhost:7205/_vs/browserLink - -
2023-10-29 14:26:25.562 +01:00 [Information] Request starting HTTP/2 GET https://localhost:7205/_framework/aspnetcore-browser-refresh.js - -
2023-10-29 14:26:25.562 +01:00 [Information] Request starting HTTP/2 GET https://localhost:7205/Category/style.css - -
2023-10-29 14:26:25.563 +01:00 [Information] Request finished HTTP/2 GET https://localhost:7205/_framework/aspnetcore-browser-refresh.js - - - 200 12342 application/javascript;+charset=utf-8 1.5830ms
2023-10-29 14:26:25.565 +01:00 [Information] Request finished HTTP/2 GET https://localhost:7205/Category/style.css - - - 404 0 - 3.3304ms
2023-10-29 14:26:25.569 +01:00 [Information] Request finished HTTP/2 GET https://localhost:7205/_vs/browserLink - - - 200 - text/javascript;+charset=UTF-8 7.1363ms
2023-10-29 14:26:26.769 +01:00 [Information] Request starting HTTP/2 GET https://localhost:7205/Category/CategoryDetails/1 - -
2023-10-29 14:26:26.771 +01:00 [Information] Executing endpoint '"Forum.Controllers.CategoryController.CategoryDetails (Forum)"'
2023-10-29 14:26:26.779 +01:00 [Information] Route matched with "{action = \"CategoryDetails\", controller = \"Category\", page = \"\", area = \"\"}". Executing controller action with signature "System.Threading.Tasks.Task`1[Microsoft.AspNetCore.Mvc.IActionResult] CategoryDetails(Int32)" on controller "Forum.Controllers.CategoryController" ("Forum").
2023-10-29 14:26:26.784 +01:00 [Information] [CategoryController] ID: 1.
2023-10-29 14:26:26.784 +01:00 [Information] [CategoryRep] Getting the category with id: 1: 
2023-10-29 14:26:26.789 +01:00 [Information] [CategoryController] ID passed to CategoryController after database operation: 1.
2023-10-29 14:26:26.789 +01:00 [Information] Executing ViewResult, running view "CategoryDetails".
2023-10-29 14:26:26.817 +01:00 [Information] Executed ViewResult - view "CategoryDetails" executed in 28.0259ms.
2023-10-29 14:26:26.817 +01:00 [Information] Executed action "Forum.Controllers.CategoryController.CategoryDetails (Forum)" in 38.2442ms
2023-10-29 14:26:26.817 +01:00 [Information] Executed endpoint '"Forum.Controllers.CategoryController.CategoryDetails (Forum)"'
2023-10-29 14:26:26.818 +01:00 [Information] Request finished HTTP/2 GET https://localhost:7205/Category/CategoryDetails/1 - - - 200 - text/html;+charset=utf-8 48.5752ms
2023-10-29 14:26:26.829 +01:00 [Information] Request starting HTTP/2 GET https://localhost:7205/_framework/aspnetcore-browser-refresh.js - -
2023-10-29 14:26:26.829 +01:00 [Information] Request starting HTTP/2 GET https://localhost:7205/Category/CategoryDetails/style.css - -
2023-10-29 14:26:26.829 +01:00 [Information] Request starting HTTP/2 GET https://localhost:7205/_vs/browserLink - -
2023-10-29 14:26:26.829 +01:00 [Information] Request finished HTTP/2 GET https://localhost:7205/_framework/aspnetcore-browser-refresh.js - - - 200 12342 application/javascript;+charset=utf-8 0.3100ms
2023-10-29 14:26:26.829 +01:00 [Information] Executing endpoint '"Forum.Controllers.CategoryController.CategoryDetails (Forum)"'
2023-10-29 14:26:26.829 +01:00 [Information] Route matched with "{action = \"CategoryDetails\", controller = \"Category\", page = \"\", area = \"\"}". Executing controller action with signature "System.Threading.Tasks.Task`1[Microsoft.AspNetCore.Mvc.IActionResult] CategoryDetails(Int32)" on controller "Forum.Controllers.CategoryController" ("Forum").
2023-10-29 14:26:26.831 +01:00 [Information] Request finished HTTP/2 GET https://localhost:7205/_vs/browserLink - - - 200 - text/javascript;+charset=UTF-8 2.1485ms
2023-10-29 14:26:26.833 +01:00 [Information] [CategoryController] ID: 0.
2023-10-29 14:26:26.833 +01:00 [Information] [CategoryRep] Getting the category with id: 0: 
2023-10-29 14:26:26.834 +01:00 [Information] [CategoryController] ID passed to CategoryController after database operation: 0.
2023-10-29 14:26:26.840 +01:00 [Error] [CategoryController] Category not found for the categoryId 0.
2023-10-29 14:26:26.844 +01:00 [Information] Executing "NotFoundObjectResult", writing value of type '"System.String"'.
2023-10-29 14:26:26.845 +01:00 [Information] Executed action "Forum.Controllers.CategoryController.CategoryDetails (Forum)" in 15.7064ms
2023-10-29 14:26:26.845 +01:00 [Information] Executed endpoint '"Forum.Controllers.CategoryController.CategoryDetails (Forum)"'
2023-10-29 14:26:26.845 +01:00 [Information] Request finished HTTP/2 GET https://localhost:7205/Category/CategoryDetails/style.css - - - 404 - text/plain;+charset=utf-8 16.5603ms
