2023-10-30 02:32:04.995 +01:00 [Information] User profile is available. Using '"C:\Users\Johan\AppData\Local\ASP.NET\DataProtection-Keys"' as key repository and Windows DPAPI to encrypt keys at rest.
2023-10-30 02:32:05.555 +01:00 [Information] Now listening on: "https://localhost:7205"
2023-10-30 02:32:05.556 +01:00 [Information] Now listening on: "http://localhost:5112"
2023-10-30 02:32:05.561 +01:00 [Information] Application started. Press Ctrl+C to shut down.
2023-10-30 02:32:05.562 +01:00 [Information] Hosting environment: "Development"
2023-10-30 02:32:05.563 +01:00 [Information] Content root path: "C:\Users\Johan\Source\Repos\N4h0\Forum\MyShop\"
2023-10-30 02:32:06.220 +01:00 [Information] Request starting HTTP/2 GET https://localhost:7205/ - -
2023-10-30 02:32:06.274 +01:00 [Information] Executing endpoint '"Forum.Controllers.HomeController.Index (Forum)"'
2023-10-30 02:32:06.283 +01:00 [Information] Route matched with "{action = \"Index\", controller = \"Home\", page = \"\", area = \"\"}". Executing controller action with signature "System.Threading.Tasks.Task`1[Microsoft.AspNetCore.Mvc.IActionResult] Index()" on controller "Forum.Controllers.HomeController" ("Forum").
2023-10-30 02:32:06.312 +01:00 [Information] Executing ViewResult, running view "Index".
2023-10-30 02:32:06.470 +01:00 [Information] Executed ViewResult - view "Index" executed in 158.7941ms.
2023-10-30 02:32:06.473 +01:00 [Information] Executed action "Forum.Controllers.HomeController.Index (Forum)" in 189.679ms
2023-10-30 02:32:06.474 +01:00 [Information] Executed endpoint '"Forum.Controllers.HomeController.Index (Forum)"'
2023-10-30 02:32:06.496 +01:00 [Information] Request finished HTTP/2 GET https://localhost:7205/ - - - 200 - text/html;+charset=utf-8 278.5649ms
2023-10-30 02:32:06.531 +01:00 [Information] Request starting HTTP/2 GET https://localhost:7205/_framework/aspnetcore-browser-refresh.js - -
2023-10-30 02:32:06.534 +01:00 [Information] Request finished HTTP/2 GET https://localhost:7205/_framework/aspnetcore-browser-refresh.js - - - 200 12342 application/javascript;+charset=utf-8 3.1188ms
2023-10-30 02:32:06.538 +01:00 [Information] Request starting HTTP/2 GET https://localhost:7205/_vs/browserLink - -
2023-10-30 02:32:06.547 +01:00 [Information] Request finished HTTP/2 GET https://localhost:7205/_vs/browserLink - - - 200 - text/javascript;+charset=UTF-8 9.0137ms
2023-10-30 02:32:11.408 +01:00 [Information] Request starting HTTP/2 GET https://localhost:7205/Category/CategoryTable - -
2023-10-30 02:32:11.413 +01:00 [Information] Executing endpoint '"Forum.Controllers.CategoryController.CategoryTable (Forum)"'
2023-10-30 02:32:11.415 +01:00 [Information] Route matched with "{action = \"CategoryTable\", controller = \"Category\", page = \"\", area = \"\"}". Executing controller action with signature "System.Threading.Tasks.Task`1[Microsoft.AspNetCore.Mvc.IActionResult] CategoryTable()" on controller "Forum.Controllers.CategoryController" ("Forum").
2023-10-30 02:32:11.424 +01:00 [Information] Executing ViewResult, running view "CategoryTable".
2023-10-30 02:32:11.436 +01:00 [Information] Executed ViewResult - view "CategoryTable" executed in 12.7356ms.
2023-10-30 02:32:11.437 +01:00 [Information] Executed action "Forum.Controllers.CategoryController.CategoryTable (Forum)" in 21.9436ms
2023-10-30 02:32:11.437 +01:00 [Information] Executed endpoint '"Forum.Controllers.CategoryController.CategoryTable (Forum)"'
2023-10-30 02:32:11.438 +01:00 [Information] Request finished HTTP/2 GET https://localhost:7205/Category/CategoryTable - - - 200 - text/html;+charset=utf-8 30.0641ms
2023-10-30 02:32:11.446 +01:00 [Information] Request starting HTTP/2 GET https://localhost:7205/_vs/browserLink - -
2023-10-30 02:32:11.446 +01:00 [Information] Request starting HTTP/2 GET https://localhost:7205/_framework/aspnetcore-browser-refresh.js - -
2023-10-30 02:32:11.447 +01:00 [Information] Request finished HTTP/2 GET https://localhost:7205/_framework/aspnetcore-browser-refresh.js - - - 200 12342 application/javascript;+charset=utf-8 0.1501ms
2023-10-30 02:32:11.450 +01:00 [Information] Request finished HTTP/2 GET https://localhost:7205/_vs/browserLink - - - 200 - text/javascript;+charset=UTF-8 4.2493ms
2023-10-30 02:32:12.899 +01:00 [Information] Request starting HTTP/2 GET https://localhost:7205/Category/CategoryDetails/1 - -
2023-10-30 02:32:12.908 +01:00 [Information] Executing endpoint '"Forum.Controllers.CategoryController.CategoryDetails (Forum)"'
2023-10-30 02:32:12.915 +01:00 [Information] Route matched with "{action = \"CategoryDetails\", controller = \"Category\", page = \"\", area = \"\"}". Executing controller action with signature "System.Threading.Tasks.Task`1[Microsoft.AspNetCore.Mvc.IActionResult] CategoryDetails(Int32)" on controller "Forum.Controllers.CategoryController" ("Forum").
2023-10-30 02:32:12.921 +01:00 [Information] [CategoryController] Id passed to categorydetails: 1.
2023-10-30 02:32:12.922 +01:00 [Information] [CategoryRep] Getting the category with id: 1: 
2023-10-30 02:32:12.926 +01:00 [Information] Executing ViewResult, running view "CategoryDetails".
2023-10-30 02:32:12.948 +01:00 [Information] Executed ViewResult - view "CategoryDetails" executed in 22.0015ms.
2023-10-30 02:32:12.948 +01:00 [Information] Executed action "Forum.Controllers.CategoryController.CategoryDetails (Forum)" in 33.3399ms
2023-10-30 02:32:12.948 +01:00 [Information] Executed endpoint '"Forum.Controllers.CategoryController.CategoryDetails (Forum)"'
2023-10-30 02:32:12.949 +01:00 [Information] Request finished HTTP/2 GET https://localhost:7205/Category/CategoryDetails/1 - - - 200 - text/html;+charset=utf-8 49.8374ms
2023-10-30 02:32:12.954 +01:00 [Information] Request starting HTTP/2 GET https://localhost:7205/_framework/aspnetcore-browser-refresh.js - -
2023-10-30 02:32:12.954 +01:00 [Information] Request starting HTTP/2 GET https://localhost:7205/_vs/browserLink - -
2023-10-30 02:32:12.954 +01:00 [Information] Request finished HTTP/2 GET https://localhost:7205/_framework/aspnetcore-browser-refresh.js - - - 200 12342 application/javascript;+charset=utf-8 0.2865ms
2023-10-30 02:32:12.957 +01:00 [Information] Request finished HTTP/2 GET https://localhost:7205/_vs/browserLink - - - 200 - text/javascript;+charset=UTF-8 2.7591ms
2023-10-30 02:32:13.854 +01:00 [Information] Request starting HTTP/2 GET https://localhost:7205/Room/RoomDetails/1 - -
2023-10-30 02:32:13.857 +01:00 [Information] Executing endpoint '"Forum.Controllers.RoomController.RoomDetails (Forum)"'
2023-10-30 02:32:13.859 +01:00 [Information] Route matched with "{action = \"RoomDetails\", controller = \"Room\", page = \"\", area = \"\"}". Executing controller action with signature "System.Threading.Tasks.Task`1[Microsoft.AspNetCore.Mvc.IActionResult] RoomDetails(Int32)" on controller "Forum.Controllers.RoomController" ("Forum").
2023-10-30 02:32:13.861 +01:00 [Information] RoomDetails called with Room ID: 1
2023-10-30 02:32:13.865 +01:00 [Information] Executing ViewResult, running view "RoomDetails".
2023-10-30 02:32:13.894 +01:00 [Information] Executed ViewResult - view "RoomDetails" executed in 29.0692ms.
2023-10-30 02:32:13.894 +01:00 [Information] Executed action "Forum.Controllers.RoomController.RoomDetails (Forum)" in 34.8756ms
2023-10-30 02:32:13.894 +01:00 [Information] Executed endpoint '"Forum.Controllers.RoomController.RoomDetails (Forum)"'
2023-10-30 02:32:13.895 +01:00 [Information] Request finished HTTP/2 GET https://localhost:7205/Room/RoomDetails/1 - - - 200 - text/html;+charset=utf-8 40.5087ms
2023-10-30 02:32:13.900 +01:00 [Information] Request starting HTTP/2 GET https://localhost:7205/_framework/aspnetcore-browser-refresh.js - -
2023-10-30 02:32:13.900 +01:00 [Information] Request starting HTTP/2 GET https://localhost:7205/_vs/browserLink - -
2023-10-30 02:32:13.900 +01:00 [Information] Request finished HTTP/2 GET https://localhost:7205/_framework/aspnetcore-browser-refresh.js - - - 200 12342 application/javascript;+charset=utf-8 0.2703ms
2023-10-30 02:32:13.904 +01:00 [Information] Request finished HTTP/2 GET https://localhost:7205/_vs/browserLink - - - 200 - text/javascript;+charset=UTF-8 4.4444ms
2023-10-30 02:32:14.463 +01:00 [Information] Request starting HTTP/2 GET https://localhost:7205/Topic/CreateTopic?roomId=1 - -
2023-10-30 02:32:14.469 +01:00 [Information] Executing endpoint '"Forum.Controllers.TopicController.CreateTopic (Forum)"'
2023-10-30 02:32:14.469 +01:00 [Information] Route matched with "{action = \"CreateTopic\", controller = \"Topic\", page = \"\", area = \"\"}". Executing controller action with signature "Microsoft.AspNetCore.Mvc.IActionResult CreateTopic(Int32)" on controller "Forum.Controllers.TopicController" ("Forum").
2023-10-30 02:32:14.473 +01:00 [Information] Executing ViewResult, running view "CreateTopic".
2023-10-30 02:32:14.493 +01:00 [Information] Executed ViewResult - view "CreateTopic" executed in 20.1143ms.
2023-10-30 02:32:14.493 +01:00 [Information] Executed action "Forum.Controllers.TopicController.CreateTopic (Forum)" in 23.2013ms
2023-10-30 02:32:14.493 +01:00 [Information] Executed endpoint '"Forum.Controllers.TopicController.CreateTopic (Forum)"'
2023-10-30 02:32:14.496 +01:00 [Information] Request finished HTTP/2 GET https://localhost:7205/Topic/CreateTopic?roomId=1 - - - 200 - text/html;+charset=utf-8 32.9847ms
2023-10-30 02:32:14.502 +01:00 [Information] Request starting HTTP/2 GET https://localhost:7205/_vs/browserLink - -
2023-10-30 02:32:14.502 +01:00 [Information] Request starting HTTP/2 GET https://localhost:7205/_framework/aspnetcore-browser-refresh.js - -
2023-10-30 02:32:14.502 +01:00 [Information] Request finished HTTP/2 GET https://localhost:7205/_framework/aspnetcore-browser-refresh.js - - - 200 12342 application/javascript;+charset=utf-8 0.3007ms
2023-10-30 02:32:14.504 +01:00 [Information] Request finished HTTP/2 GET https://localhost:7205/_vs/browserLink - - - 200 - text/javascript;+charset=UTF-8 2.5930ms
2023-10-30 02:32:15.406 +01:00 [Information] Request starting HTTP/2 POST https://localhost:7205/Topic/CreateTopic application/x-www-form-urlencoded 249
2023-10-30 02:32:15.410 +01:00 [Information] Executing endpoint '"Forum.Controllers.TopicController.CreateTopic (Forum)"'
2023-10-30 02:32:15.416 +01:00 [Information] Route matched with "{action = \"CreateTopic\", controller = \"Topic\", page = \"\", area = \"\"}". Executing controller action with signature "System.Threading.Tasks.Task`1[Microsoft.AspNetCore.Mvc.IActionResult] CreateTopic(Forum.Models.Topic)" on controller "Forum.Controllers.TopicController" ("Forum").
2023-10-30 02:32:15.435 +01:00 [Information] Executing RedirectResult, redirecting to "/Room/RoomDetails/1".
2023-10-30 02:32:15.435 +01:00 [Information] Executed action "Forum.Controllers.TopicController.CreateTopic (Forum)" in 18.2454ms
2023-10-30 02:32:15.435 +01:00 [Information] Executed endpoint '"Forum.Controllers.TopicController.CreateTopic (Forum)"'
2023-10-30 02:32:15.435 +01:00 [Information] Request finished HTTP/2 POST https://localhost:7205/Topic/CreateTopic application/x-www-form-urlencoded 249 - 302 0 - 29.1776ms
2023-10-30 02:32:15.437 +01:00 [Information] Request starting HTTP/2 GET https://localhost:7205/Room/RoomDetails/1 - -
2023-10-30 02:32:15.440 +01:00 [Information] Executing endpoint '"Forum.Controllers.RoomController.RoomDetails (Forum)"'
2023-10-30 02:32:15.440 +01:00 [Information] Route matched with "{action = \"RoomDetails\", controller = \"Room\", page = \"\", area = \"\"}". Executing controller action with signature "System.Threading.Tasks.Task`1[Microsoft.AspNetCore.Mvc.IActionResult] RoomDetails(Int32)" on controller "Forum.Controllers.RoomController" ("Forum").
2023-10-30 02:32:15.441 +01:00 [Information] RoomDetails called with Room ID: 1
2023-10-30 02:32:15.443 +01:00 [Information] Executing ViewResult, running view "RoomDetails".
2023-10-30 02:32:15.451 +01:00 [Information] Executed ViewResult - view "RoomDetails" executed in 7.4618ms.
2023-10-30 02:32:15.451 +01:00 [Information] Executed action "Forum.Controllers.RoomController.RoomDetails (Forum)" in 10.2891ms
2023-10-30 02:32:15.451 +01:00 [Information] Executed endpoint '"Forum.Controllers.RoomController.RoomDetails (Forum)"'
2023-10-30 02:32:15.452 +01:00 [Information] Request finished HTTP/2 GET https://localhost:7205/Room/RoomDetails/1 - - - 200 - text/html;+charset=utf-8 14.3340ms
2023-10-30 02:32:15.460 +01:00 [Information] Request starting HTTP/2 GET https://localhost:7205/_framework/aspnetcore-browser-refresh.js - -
2023-10-30 02:32:15.460 +01:00 [Information] Request starting HTTP/2 GET https://localhost:7205/_vs/browserLink - -
2023-10-30 02:32:15.460 +01:00 [Information] Request finished HTTP/2 GET https://localhost:7205/_framework/aspnetcore-browser-refresh.js - - - 200 12342 application/javascript;+charset=utf-8 0.3148ms
2023-10-30 02:32:15.462 +01:00 [Information] Request finished HTTP/2 GET https://localhost:7205/_vs/browserLink - - - 200 - text/javascript;+charset=UTF-8 2.5371ms
2023-10-30 02:32:16.228 +01:00 [Information] Request starting HTTP/2 GET https://localhost:7205/Topic/CreateTopic?roomId=1 - -
2023-10-30 02:32:16.231 +01:00 [Information] Executing endpoint '"Forum.Controllers.TopicController.CreateTopic (Forum)"'
2023-10-30 02:32:16.231 +01:00 [Information] Route matched with "{action = \"CreateTopic\", controller = \"Topic\", page = \"\", area = \"\"}". Executing controller action with signature "Microsoft.AspNetCore.Mvc.IActionResult CreateTopic(Int32)" on controller "Forum.Controllers.TopicController" ("Forum").
2023-10-30 02:32:16.232 +01:00 [Information] Executing ViewResult, running view "CreateTopic".
2023-10-30 02:32:16.237 +01:00 [Information] Executed ViewResult - view "CreateTopic" executed in 4.8096ms.
2023-10-30 02:32:16.237 +01:00 [Information] Executed action "Forum.Controllers.TopicController.CreateTopic (Forum)" in 5.3217ms
2023-10-30 02:32:16.237 +01:00 [Information] Executed endpoint '"Forum.Controllers.TopicController.CreateTopic (Forum)"'
2023-10-30 02:32:16.238 +01:00 [Information] Request finished HTTP/2 GET https://localhost:7205/Topic/CreateTopic?roomId=1 - - - 200 - text/html;+charset=utf-8 9.7584ms
2023-10-30 02:32:16.244 +01:00 [Information] Request starting HTTP/2 GET https://localhost:7205/_framework/aspnetcore-browser-refresh.js - -
2023-10-30 02:32:16.244 +01:00 [Information] Request starting HTTP/2 GET https://localhost:7205/_vs/browserLink - -
2023-10-30 02:32:16.245 +01:00 [Information] Request finished HTTP/2 GET https://localhost:7205/_framework/aspnetcore-browser-refresh.js - - - 200 12342 application/javascript;+charset=utf-8 0.3804ms
2023-10-30 02:32:16.249 +01:00 [Information] Request finished HTTP/2 GET https://localhost:7205/_vs/browserLink - - - 200 - text/javascript;+charset=UTF-8 4.7599ms
2023-10-30 02:32:17.199 +01:00 [Information] Request starting HTTP/2 POST https://localhost:7205/Topic/CreateTopic application/x-www-form-urlencoded 245
2023-10-30 02:32:17.201 +01:00 [Information] Executing endpoint '"Forum.Controllers.TopicController.CreateTopic (Forum)"'
2023-10-30 02:32:17.202 +01:00 [Information] Route matched with "{action = \"CreateTopic\", controller = \"Topic\", page = \"\", area = \"\"}". Executing controller action with signature "System.Threading.Tasks.Task`1[Microsoft.AspNetCore.Mvc.IActionResult] CreateTopic(Forum.Models.Topic)" on controller "Forum.Controllers.TopicController" ("Forum").
2023-10-30 02:32:17.204 +01:00 [Information] Created a new topic with id 0
2023-10-30 02:32:17.204 +01:00 [Information] Executing ViewResult, running view "CreateTopic".
2023-10-30 02:32:17.209 +01:00 [Information] Executed ViewResult - view "CreateTopic" executed in 5.1109ms.
2023-10-30 02:32:17.209 +01:00 [Information] Executed action "Forum.Controllers.TopicController.CreateTopic (Forum)" in 7.2754ms
2023-10-30 02:32:17.209 +01:00 [Information] Executed endpoint '"Forum.Controllers.TopicController.CreateTopic (Forum)"'
2023-10-30 02:32:17.210 +01:00 [Information] Request finished HTTP/2 POST https://localhost:7205/Topic/CreateTopic application/x-www-form-urlencoded 245 - 200 - text/html;+charset=utf-8 11.2011ms
2023-10-30 02:32:17.218 +01:00 [Information] Request starting HTTP/2 GET https://localhost:7205/_framework/aspnetcore-browser-refresh.js - -
2023-10-30 02:32:17.218 +01:00 [Information] Request starting HTTP/2 GET https://localhost:7205/_vs/browserLink - -
2023-10-30 02:32:17.218 +01:00 [Information] Request finished HTTP/2 GET https://localhost:7205/_framework/aspnetcore-browser-refresh.js - - - 200 12342 application/javascript;+charset=utf-8 0.3018ms
2023-10-30 02:32:17.221 +01:00 [Information] Request finished HTTP/2 GET https://localhost:7205/_vs/browserLink - - - 200 - text/javascript;+charset=UTF-8 2.5914ms
2023-10-30 02:32:18.145 +01:00 [Information] Request starting HTTP/2 POST https://localhost:7205/Topic/CreateTopic application/x-www-form-urlencoded 249
2023-10-30 02:32:18.148 +01:00 [Information] Executing endpoint '"Forum.Controllers.TopicController.CreateTopic (Forum)"'
2023-10-30 02:32:18.148 +01:00 [Information] Route matched with "{action = \"CreateTopic\", controller = \"Topic\", page = \"\", area = \"\"}". Executing controller action with signature "System.Threading.Tasks.Task`1[Microsoft.AspNetCore.Mvc.IActionResult] CreateTopic(Forum.Models.Topic)" on controller "Forum.Controllers.TopicController" ("Forum").
2023-10-30 02:32:18.152 +01:00 [Information] Executing RedirectResult, redirecting to "/Room/RoomDetails/1".
2023-10-30 02:32:18.152 +01:00 [Information] Executed action "Forum.Controllers.TopicController.CreateTopic (Forum)" in 3.8371ms
2023-10-30 02:32:18.152 +01:00 [Information] Executed endpoint '"Forum.Controllers.TopicController.CreateTopic (Forum)"'
2023-10-30 02:32:18.152 +01:00 [Information] Request finished HTTP/2 POST https://localhost:7205/Topic/CreateTopic application/x-www-form-urlencoded 249 - 302 0 - 7.1142ms
2023-10-30 02:32:18.154 +01:00 [Information] Request starting HTTP/2 GET https://localhost:7205/Room/RoomDetails/1 - -
2023-10-30 02:32:18.157 +01:00 [Information] Executing endpoint '"Forum.Controllers.RoomController.RoomDetails (Forum)"'
2023-10-30 02:32:18.157 +01:00 [Information] Route matched with "{action = \"RoomDetails\", controller = \"Room\", page = \"\", area = \"\"}". Executing controller action with signature "System.Threading.Tasks.Task`1[Microsoft.AspNetCore.Mvc.IActionResult] RoomDetails(Int32)" on controller "Forum.Controllers.RoomController" ("Forum").
2023-10-30 02:32:18.158 +01:00 [Information] RoomDetails called with Room ID: 1
2023-10-30 02:32:18.160 +01:00 [Information] Executing ViewResult, running view "RoomDetails".
2023-10-30 02:32:18.168 +01:00 [Information] Executed ViewResult - view "RoomDetails" executed in 7.9059ms.
2023-10-30 02:32:18.168 +01:00 [Information] Executed action "Forum.Controllers.RoomController.RoomDetails (Forum)" in 11.1124ms
2023-10-30 02:32:18.168 +01:00 [Information] Executed endpoint '"Forum.Controllers.RoomController.RoomDetails (Forum)"'
2023-10-30 02:32:18.169 +01:00 [Information] Request finished HTTP/2 GET https://localhost:7205/Room/RoomDetails/1 - - - 200 - text/html;+charset=utf-8 14.8529ms
2023-10-30 02:32:18.176 +01:00 [Information] Request starting HTTP/2 GET https://localhost:7205/_vs/browserLink - -
2023-10-30 02:32:18.176 +01:00 [Information] Request starting HTTP/2 GET https://localhost:7205/_framework/aspnetcore-browser-refresh.js - -
2023-10-30 02:32:18.176 +01:00 [Information] Request finished HTTP/2 GET https://localhost:7205/_framework/aspnetcore-browser-refresh.js - - - 200 12342 application/javascript;+charset=utf-8 0.3526ms
2023-10-30 02:32:18.178 +01:00 [Information] Request finished HTTP/2 GET https://localhost:7205/_vs/browserLink - - - 200 - text/javascript;+charset=UTF-8 2.6915ms
2023-10-30 02:32:18.856 +01:00 [Information] Request starting HTTP/2 GET https://localhost:7205/Topic/TopicDetails/8 - -
2023-10-30 02:32:18.858 +01:00 [Information] Executing endpoint '"Forum.Controllers.TopicController.TopicDetails (Forum)"'
2023-10-30 02:32:18.859 +01:00 [Information] Route matched with "{action = \"TopicDetails\", controller = \"Topic\", page = \"\", area = \"\"}". Executing controller action with signature "System.Threading.Tasks.Task`1[Microsoft.AspNetCore.Mvc.IActionResult] TopicDetails(Int32)" on controller "Forum.Controllers.TopicController" ("Forum").
2023-10-30 02:32:18.864 +01:00 [Information] Executing ViewResult, running view "TopicDetails".
2023-10-30 02:32:18.881 +01:00 [Information] Executed ViewResult - view "TopicDetails" executed in 17.8029ms.
2023-10-30 02:32:18.882 +01:00 [Information] Executed action "Forum.Controllers.TopicController.TopicDetails (Forum)" in 22.0401ms
2023-10-30 02:32:18.882 +01:00 [Information] Executed endpoint '"Forum.Controllers.TopicController.TopicDetails (Forum)"'
2023-10-30 02:32:18.883 +01:00 [Information] Request finished HTTP/2 GET https://localhost:7205/Topic/TopicDetails/8 - - - 200 - text/html;+charset=utf-8 26.9555ms
2023-10-30 02:32:18.890 +01:00 [Information] Request starting HTTP/2 GET https://localhost:7205/_framework/aspnetcore-browser-refresh.js - -
2023-10-30 02:32:18.890 +01:00 [Information] Request starting HTTP/2 GET https://localhost:7205/_vs/browserLink - -
2023-10-30 02:32:18.890 +01:00 [Information] Request finished HTTP/2 GET https://localhost:7205/_framework/aspnetcore-browser-refresh.js - - - 200 12342 application/javascript;+charset=utf-8 0.2538ms
2023-10-30 02:32:18.893 +01:00 [Information] Request finished HTTP/2 GET https://localhost:7205/_vs/browserLink - - - 200 - text/javascript;+charset=UTF-8 2.7540ms
2023-10-30 02:32:19.482 +01:00 [Information] Request starting HTTP/2 GET https://localhost:7205/Post/CreatePost?topicId=8 - -
2023-10-30 02:32:19.486 +01:00 [Information] Executing endpoint '"Forum.Controllers.PostController.CreatePost (Forum)"'
2023-10-30 02:32:19.487 +01:00 [Information] Route matched with "{action = \"CreatePost\", controller = \"Post\", page = \"\", area = \"\"}". Executing controller action with signature "Microsoft.AspNetCore.Mvc.IActionResult CreatePost(Int32)" on controller "Forum.Controllers.PostController" ("Forum").
2023-10-30 02:32:19.488 +01:00 [Information] Executing ViewResult, running view "CreatePost".
2023-10-30 02:32:19.501 +01:00 [Information] Executed ViewResult - view "CreatePost" executed in 13.494ms.
2023-10-30 02:32:19.501 +01:00 [Information] Executed action "Forum.Controllers.PostController.CreatePost (Forum)" in 14.344ms
2023-10-30 02:32:19.501 +01:00 [Information] Executed endpoint '"Forum.Controllers.PostController.CreatePost (Forum)"'
2023-10-30 02:32:19.503 +01:00 [Information] Request finished HTTP/2 GET https://localhost:7205/Post/CreatePost?topicId=8 - - - 200 - text/html;+charset=utf-8 20.3386ms
2023-10-30 02:32:19.510 +01:00 [Information] Request starting HTTP/2 GET https://localhost:7205/_vs/browserLink - -
2023-10-30 02:32:19.510 +01:00 [Information] Request starting HTTP/2 GET https://localhost:7205/_framework/aspnetcore-browser-refresh.js - -
2023-10-30 02:32:19.510 +01:00 [Information] Request finished HTTP/2 GET https://localhost:7205/_framework/aspnetcore-browser-refresh.js - - - 200 12342 application/javascript;+charset=utf-8 0.4563ms
2023-10-30 02:32:19.512 +01:00 [Information] Request finished HTTP/2 GET https://localhost:7205/_vs/browserLink - - - 200 - text/javascript;+charset=UTF-8 2.7750ms
2023-10-30 02:32:20.841 +01:00 [Information] Request starting HTTP/2 POST https://localhost:7205/Post/Createpost?topicId=8 application/x-www-form-urlencoded 290
2023-10-30 02:32:20.845 +01:00 [Information] Executing endpoint '"Forum.Controllers.PostController.CreatePost (Forum)"'
2023-10-30 02:32:20.847 +01:00 [Information] Route matched with "{action = \"CreatePost\", controller = \"Post\", page = \"\", area = \"\"}". Executing controller action with signature "System.Threading.Tasks.Task`1[Microsoft.AspNetCore.Mvc.IActionResult] CreatePost(Forum.ViewModels.PostCommentViewModel)" on controller "Forum.Controllers.PostController" ("Forum").
2023-10-30 02:32:20.884 +01:00 [Information] Attempting to create a new post and comment with the following data: "{
  \"$id\": \"1\",
  \"Post\": {
    \"$id\": \"2\",
    \"PostId\": 9,
    \"TopicId\": 8,
    \"UserName\": \"SuperAdmin\",
    \"PostTitle\": \"tre\",
    \"PostTime\": \"2023-10-30T02:32:20.8508972+01:00\",
    \"Topic\": null,
    \"Comments\": null,
    \"LatestComment\": null
  },
  \"Comment\": {
    \"$id\": \"3\",
    \"CommentId\": 0,
    \"PostId\": 9,
    \"UserName\": \"SuperAdmin\",
    \"CommentDescription\": \"tre\",
    \"CommentTime\": \"2023-10-30T02:32:20.8508972+01:00\",
    \"Post\": null
  }
}"
2023-10-30 02:32:20.888 +01:00 [Information] Executing RedirectResult, redirecting to "/Topic/TopicDetails/8".
2023-10-30 02:32:20.888 +01:00 [Information] Executed action "Forum.Controllers.PostController.CreatePost (Forum)" in 41.4687ms
2023-10-30 02:32:20.888 +01:00 [Information] Executed endpoint '"Forum.Controllers.PostController.CreatePost (Forum)"'
2023-10-30 02:32:20.888 +01:00 [Information] Request finished HTTP/2 POST https://localhost:7205/Post/Createpost?topicId=8 application/x-www-form-urlencoded 290 - 302 0 - 47.5881ms
2023-10-30 02:32:20.891 +01:00 [Information] Request starting HTTP/2 GET https://localhost:7205/Topic/TopicDetails/8 - -
2023-10-30 02:32:20.893 +01:00 [Information] Executing endpoint '"Forum.Controllers.TopicController.TopicDetails (Forum)"'
2023-10-30 02:32:20.893 +01:00 [Information] Route matched with "{action = \"TopicDetails\", controller = \"Topic\", page = \"\", area = \"\"}". Executing controller action with signature "System.Threading.Tasks.Task`1[Microsoft.AspNetCore.Mvc.IActionResult] TopicDetails(Int32)" on controller "Forum.Controllers.TopicController" ("Forum").
2023-10-30 02:32:20.895 +01:00 [Information] Executing ViewResult, running view "TopicDetails".
2023-10-30 02:32:20.908 +01:00 [Information] Executed ViewResult - view "TopicDetails" executed in 12.6629ms.
2023-10-30 02:32:20.908 +01:00 [Information] Executed action "Forum.Controllers.TopicController.TopicDetails (Forum)" in 14.3624ms
2023-10-30 02:32:20.908 +01:00 [Information] Executed endpoint '"Forum.Controllers.TopicController.TopicDetails (Forum)"'
2023-10-30 02:32:20.909 +01:00 [Information] Request finished HTTP/2 GET https://localhost:7205/Topic/TopicDetails/8 - - - 200 - text/html;+charset=utf-8 17.7786ms
2023-10-30 02:32:20.915 +01:00 [Information] Request starting HTTP/2 GET https://localhost:7205/_framework/aspnetcore-browser-refresh.js - -
2023-10-30 02:32:20.915 +01:00 [Information] Request starting HTTP/2 GET https://localhost:7205/_vs/browserLink - -
2023-10-30 02:32:20.915 +01:00 [Information] Request finished HTTP/2 GET https://localhost:7205/_framework/aspnetcore-browser-refresh.js - - - 200 12342 application/javascript;+charset=utf-8 0.4043ms
2023-10-30 02:32:20.918 +01:00 [Information] Request finished HTTP/2 GET https://localhost:7205/_vs/browserLink - - - 200 - text/javascript;+charset=UTF-8 2.7836ms
2023-10-30 02:32:21.652 +01:00 [Information] Request starting HTTP/2 GET https://localhost:7205/Post/CreatePost?topicId=8 - -
2023-10-30 02:32:21.655 +01:00 [Information] Executing endpoint '"Forum.Controllers.PostController.CreatePost (Forum)"'
2023-10-30 02:32:21.655 +01:00 [Information] Route matched with "{action = \"CreatePost\", controller = \"Post\", page = \"\", area = \"\"}". Executing controller action with signature "Microsoft.AspNetCore.Mvc.IActionResult CreatePost(Int32)" on controller "Forum.Controllers.PostController" ("Forum").
2023-10-30 02:32:21.655 +01:00 [Information] Executing ViewResult, running view "CreatePost".
2023-10-30 02:32:21.660 +01:00 [Information] Executed ViewResult - view "CreatePost" executed in 4.6786ms.
2023-10-30 02:32:21.660 +01:00 [Information] Executed action "Forum.Controllers.PostController.CreatePost (Forum)" in 5.3383ms
2023-10-30 02:32:21.660 +01:00 [Information] Executed endpoint '"Forum.Controllers.PostController.CreatePost (Forum)"'
2023-10-30 02:32:21.661 +01:00 [Information] Request finished HTTP/2 GET https://localhost:7205/Post/CreatePost?topicId=8 - - - 200 - text/html;+charset=utf-8 8.9557ms
2023-10-30 02:32:21.669 +01:00 [Information] Request starting HTTP/2 GET https://localhost:7205/_vs/browserLink - -
2023-10-30 02:32:21.669 +01:00 [Information] Request starting HTTP/2 GET https://localhost:7205/_framework/aspnetcore-browser-refresh.js - -
2023-10-30 02:32:21.669 +01:00 [Information] Request finished HTTP/2 GET https://localhost:7205/_framework/aspnetcore-browser-refresh.js - - - 200 12342 application/javascript;+charset=utf-8 0.3884ms
2023-10-30 02:32:21.671 +01:00 [Information] Request finished HTTP/2 GET https://localhost:7205/_vs/browserLink - - - 200 - text/javascript;+charset=UTF-8 2.6272ms
2023-10-30 02:32:23.204 +01:00 [Information] Request starting HTTP/2 POST https://localhost:7205/Post/Createpost?topicId=8 application/x-www-form-urlencoded 288
2023-10-30 02:32:23.207 +01:00 [Information] Executing endpoint '"Forum.Controllers.PostController.CreatePost (Forum)"'
2023-10-30 02:32:23.207 +01:00 [Information] Route matched with "{action = \"CreatePost\", controller = \"Post\", page = \"\", area = \"\"}". Executing controller action with signature "System.Threading.Tasks.Task`1[Microsoft.AspNetCore.Mvc.IActionResult] CreatePost(Forum.ViewModels.PostCommentViewModel)" on controller "Forum.Controllers.PostController" ("Forum").
2023-10-30 02:32:23.216 +01:00 [Warning] [PostController] Post creation failed Post { PostId: 0, TopicId: 8, UserName: null, PostTitle: "trew", PostTime: 10/30/2023 02:32:23, Topic: null, Comments: null, LatestComment: null }
2023-10-30 02:32:23.216 +01:00 [Information] Executing ViewResult, running view "CreatePost".
2023-10-30 02:32:23.221 +01:00 [Information] Executed ViewResult - view "CreatePost" executed in 4.9364ms.
2023-10-30 02:32:23.221 +01:00 [Information] Executed action "Forum.Controllers.PostController.CreatePost (Forum)" in 14.387ms
2023-10-30 02:32:23.222 +01:00 [Information] Executed endpoint '"Forum.Controllers.PostController.CreatePost (Forum)"'
2023-10-30 02:32:23.223 +01:00 [Information] Request finished HTTP/2 POST https://localhost:7205/Post/Createpost?topicId=8 application/x-www-form-urlencoded 288 - 200 - text/html;+charset=utf-8 18.5182ms
2023-10-30 02:32:23.231 +01:00 [Information] Request starting HTTP/2 GET https://localhost:7205/_framework/aspnetcore-browser-refresh.js - -
2023-10-30 02:32:23.231 +01:00 [Information] Request starting HTTP/2 GET https://localhost:7205/_vs/browserLink - -
2023-10-30 02:32:23.232 +01:00 [Information] Request finished HTTP/2 GET https://localhost:7205/_framework/aspnetcore-browser-refresh.js - - - 200 12342 application/javascript;+charset=utf-8 0.3182ms
2023-10-30 02:32:23.236 +01:00 [Information] Request finished HTTP/2 GET https://localhost:7205/_vs/browserLink - - - 200 - text/javascript;+charset=UTF-8 4.8126ms
2023-10-30 02:32:24.031 +01:00 [Information] Request starting HTTP/2 POST https://localhost:7205/Post/Createpost?topicId=8 application/x-www-form-urlencoded 292
2023-10-30 02:32:24.034 +01:00 [Information] Executing endpoint '"Forum.Controllers.PostController.CreatePost (Forum)"'
2023-10-30 02:32:24.034 +01:00 [Information] Route matched with "{action = \"CreatePost\", controller = \"Post\", page = \"\", area = \"\"}". Executing controller action with signature "System.Threading.Tasks.Task`1[Microsoft.AspNetCore.Mvc.IActionResult] CreatePost(Forum.ViewModels.PostCommentViewModel)" on controller "Forum.Controllers.PostController" ("Forum").
2023-10-30 02:32:24.042 +01:00 [Information] Attempting to create a new post and comment with the following data: "{
  \"$id\": \"1\",
  \"Post\": {
    \"$id\": \"2\",
    \"PostId\": 10,
    \"TopicId\": 8,
    \"UserName\": \"SuperAdmin\",
    \"PostTitle\": \"trew\",
    \"PostTime\": \"2023-10-30T02:32:24.03489+01:00\",
    \"Topic\": null,
    \"Comments\": null,
    \"LatestComment\": null
  },
  \"Comment\": {
    \"$id\": \"3\",
    \"CommentId\": 0,
    \"PostId\": 10,
    \"UserName\": \"SuperAdmin\",
    \"CommentDescription\": \"wert\",
    \"CommentTime\": \"2023-10-30T02:32:24.03489+01:00\",
    \"Post\": null
  }
}"
2023-10-30 02:32:24.045 +01:00 [Information] Executing RedirectResult, redirecting to "/Topic/TopicDetails/8".
2023-10-30 02:32:24.045 +01:00 [Information] Executed action "Forum.Controllers.PostController.CreatePost (Forum)" in 11.3008ms
2023-10-30 02:32:24.046 +01:00 [Information] Executed endpoint '"Forum.Controllers.PostController.CreatePost (Forum)"'
2023-10-30 02:32:24.046 +01:00 [Information] Request finished HTTP/2 POST https://localhost:7205/Post/Createpost?topicId=8 application/x-www-form-urlencoded 292 - 302 0 - 14.3077ms
2023-10-30 02:32:24.048 +01:00 [Information] Request starting HTTP/2 GET https://localhost:7205/Topic/TopicDetails/8 - -
2023-10-30 02:32:24.051 +01:00 [Information] Executing endpoint '"Forum.Controllers.TopicController.TopicDetails (Forum)"'
2023-10-30 02:32:24.051 +01:00 [Information] Route matched with "{action = \"TopicDetails\", controller = \"Topic\", page = \"\", area = \"\"}". Executing controller action with signature "System.Threading.Tasks.Task`1[Microsoft.AspNetCore.Mvc.IActionResult] TopicDetails(Int32)" on controller "Forum.Controllers.TopicController" ("Forum").
2023-10-30 02:32:24.052 +01:00 [Information] Executing ViewResult, running view "TopicDetails".
2023-10-30 02:32:24.064 +01:00 [Information] Executed ViewResult - view "TopicDetails" executed in 11.9108ms.
2023-10-30 02:32:24.064 +01:00 [Information] Executed action "Forum.Controllers.TopicController.TopicDetails (Forum)" in 13.7948ms
2023-10-30 02:32:24.064 +01:00 [Information] Executed endpoint '"Forum.Controllers.TopicController.TopicDetails (Forum)"'
2023-10-30 02:32:24.073 +01:00 [Warning] Unable to configure browser refresh script injection on the response. Consider manually adding '<script src="/_framework/aspnetcore-browser-refresh.js"></script>' to the body of the page.
2023-10-30 02:32:24.073 +01:00 [Information] Request finished HTTP/2 GET https://localhost:7205/Topic/TopicDetails/8 - - - 200 - text/html;+charset=utf-8 24.4620ms
2023-10-30 02:32:24.074 +01:00 [Information] Request starting HTTP/2 GET https://localhost:7205/_vs/browserLink - -
2023-10-30 02:32:24.076 +01:00 [Information] Request finished HTTP/2 GET https://localhost:7205/_vs/browserLink - - - 200 - text/javascript;+charset=UTF-8 2.7388ms
2023-10-30 02:32:24.798 +01:00 [Information] Request starting HTTP/2 GET https://localhost:7205/Post/CreatePost?topicId=8 - -
2023-10-30 02:32:24.800 +01:00 [Information] Executing endpoint '"Forum.Controllers.PostController.CreatePost (Forum)"'
2023-10-30 02:32:24.800 +01:00 [Information] Route matched with "{action = \"CreatePost\", controller = \"Post\", page = \"\", area = \"\"}". Executing controller action with signature "Microsoft.AspNetCore.Mvc.IActionResult CreatePost(Int32)" on controller "Forum.Controllers.PostController" ("Forum").
2023-10-30 02:32:24.801 +01:00 [Information] Executing ViewResult, running view "CreatePost".
2023-10-30 02:32:24.805 +01:00 [Information] Executed ViewResult - view "CreatePost" executed in 4.737ms.
2023-10-30 02:32:24.806 +01:00 [Information] Executed action "Forum.Controllers.PostController.CreatePost (Forum)" in 5.2392ms
2023-10-30 02:32:24.806 +01:00 [Information] Executed endpoint '"Forum.Controllers.PostController.CreatePost (Forum)"'
2023-10-30 02:32:24.807 +01:00 [Information] Request finished HTTP/2 GET https://localhost:7205/Post/CreatePost?topicId=8 - - - 200 - text/html;+charset=utf-8 9.0001ms
2023-10-30 02:32:24.816 +01:00 [Information] Request starting HTTP/2 GET https://localhost:7205/_framework/aspnetcore-browser-refresh.js - -
2023-10-30 02:32:24.816 +01:00 [Information] Request starting HTTP/2 GET https://localhost:7205/_vs/browserLink - -
2023-10-30 02:32:24.816 +01:00 [Information] Request finished HTTP/2 GET https://localhost:7205/_framework/aspnetcore-browser-refresh.js - - - 200 12342 application/javascript;+charset=utf-8 0.2511ms
2023-10-30 02:32:24.818 +01:00 [Information] Request finished HTTP/2 GET https://localhost:7205/_vs/browserLink - - - 200 - text/javascript;+charset=UTF-8 2.6298ms
2023-10-30 02:32:27.103 +01:00 [Information] Request starting HTTP/2 POST https://localhost:7205/Post/Createpost?topicId=8 application/x-www-form-urlencoded 297
2023-10-30 02:32:27.106 +01:00 [Information] Executing endpoint '"Forum.Controllers.PostController.CreatePost (Forum)"'
2023-10-30 02:32:27.106 +01:00 [Information] Route matched with "{action = \"CreatePost\", controller = \"Post\", page = \"\", area = \"\"}". Executing controller action with signature "System.Threading.Tasks.Task`1[Microsoft.AspNetCore.Mvc.IActionResult] CreatePost(Forum.ViewModels.PostCommentViewModel)" on controller "Forum.Controllers.PostController" ("Forum").
2023-10-30 02:32:27.112 +01:00 [Information] Attempting to create a new post and comment with the following data: "{
  \"$id\": \"1\",
  \"Post\": {
    \"$id\": \"2\",
    \"PostId\": 11,
    \"TopicId\": 8,
    \"UserName\": \"SuperAdmin\",
    \"PostTitle\": \"qwersdfh\",
    \"PostTime\": \"2023-10-30T02:32:27.1063685+01:00\",
    \"Topic\": null,
    \"Comments\": null,
    \"LatestComment\": null
  },
  \"Comment\": {
    \"$id\": \"3\",
    \"CommentId\": 0,
    \"PostId\": 11,
    \"UserName\": \"SuperAdmin\",
    \"CommentDescription\": \"sfgdb\",
    \"CommentTime\": \"2023-10-30T02:32:27.1063685+01:00\",
    \"Post\": null
  }
}"
2023-10-30 02:32:27.116 +01:00 [Information] Executing RedirectResult, redirecting to "/Topic/TopicDetails/8".
2023-10-30 02:32:27.116 +01:00 [Information] Executed action "Forum.Controllers.PostController.CreatePost (Forum)" in 10.0054ms
2023-10-30 02:32:27.116 +01:00 [Information] Executed endpoint '"Forum.Controllers.PostController.CreatePost (Forum)"'
2023-10-30 02:32:27.116 +01:00 [Information] Request finished HTTP/2 POST https://localhost:7205/Post/Createpost?topicId=8 application/x-www-form-urlencoded 297 - 302 0 - 13.1684ms
2023-10-30 02:32:27.118 +01:00 [Information] Request starting HTTP/2 GET https://localhost:7205/Topic/TopicDetails/8 - -
2023-10-30 02:32:27.120 +01:00 [Information] Executing endpoint '"Forum.Controllers.TopicController.TopicDetails (Forum)"'
2023-10-30 02:32:27.121 +01:00 [Information] Route matched with "{action = \"TopicDetails\", controller = \"Topic\", page = \"\", area = \"\"}". Executing controller action with signature "System.Threading.Tasks.Task`1[Microsoft.AspNetCore.Mvc.IActionResult] TopicDetails(Int32)" on controller "Forum.Controllers.TopicController" ("Forum").
2023-10-30 02:32:27.122 +01:00 [Information] Executing ViewResult, running view "TopicDetails".
2023-10-30 02:32:27.135 +01:00 [Information] Executed ViewResult - view "TopicDetails" executed in 13.0705ms.
2023-10-30 02:32:27.135 +01:00 [Information] Executed action "Forum.Controllers.TopicController.TopicDetails (Forum)" in 14.9191ms
2023-10-30 02:32:27.135 +01:00 [Information] Executed endpoint '"Forum.Controllers.TopicController.TopicDetails (Forum)"'
2023-10-30 02:32:27.137 +01:00 [Information] Request finished HTTP/2 GET https://localhost:7205/Topic/TopicDetails/8 - - - 200 - text/html;+charset=utf-8 18.3247ms
2023-10-30 02:32:27.146 +01:00 [Information] Request starting HTTP/2 GET https://localhost:7205/_framework/aspnetcore-browser-refresh.js - -
2023-10-30 02:32:27.146 +01:00 [Information] Request starting HTTP/2 GET https://localhost:7205/_vs/browserLink - -
2023-10-30 02:32:27.146 +01:00 [Information] Request finished HTTP/2 GET https://localhost:7205/_framework/aspnetcore-browser-refresh.js - - - 200 12342 application/javascript;+charset=utf-8 0.2969ms
2023-10-30 02:32:27.148 +01:00 [Information] Request finished HTTP/2 GET https://localhost:7205/_vs/browserLink - - - 200 - text/javascript;+charset=UTF-8 2.5926ms
2023-10-30 02:32:27.663 +01:00 [Information] Request starting HTTP/2 GET https://localhost:7205/ - -
2023-10-30 02:32:27.666 +01:00 [Information] Executing endpoint '"Forum.Controllers.HomeController.Index (Forum)"'
2023-10-30 02:32:27.666 +01:00 [Information] Route matched with "{action = \"Index\", controller = \"Home\", page = \"\", area = \"\"}". Executing controller action with signature "System.Threading.Tasks.Task`1[Microsoft.AspNetCore.Mvc.IActionResult] Index()" on controller "Forum.Controllers.HomeController" ("Forum").
2023-10-30 02:32:27.668 +01:00 [Information] Executing ViewResult, running view "Index".
2023-10-30 02:32:27.685 +01:00 [Information] Executed ViewResult - view "Index" executed in 16.9948ms.
2023-10-30 02:32:27.685 +01:00 [Information] Executed action "Forum.Controllers.HomeController.Index (Forum)" in 18.7055ms
2023-10-30 02:32:27.685 +01:00 [Information] Executed endpoint '"Forum.Controllers.HomeController.Index (Forum)"'
2023-10-30 02:32:27.687 +01:00 [Information] Request finished HTTP/2 GET https://localhost:7205/ - - - 200 - text/html;+charset=utf-8 23.8594ms
2023-10-30 02:32:27.694 +01:00 [Information] Request starting HTTP/2 GET https://localhost:7205/_framework/aspnetcore-browser-refresh.js - -
2023-10-30 02:32:27.694 +01:00 [Information] Request starting HTTP/2 GET https://localhost:7205/_vs/browserLink - -
2023-10-30 02:32:27.694 +01:00 [Information] Request finished HTTP/2 GET https://localhost:7205/_framework/aspnetcore-browser-refresh.js - - - 200 12342 application/javascript;+charset=utf-8 0.3821ms
2023-10-30 02:32:27.696 +01:00 [Information] Request finished HTTP/2 GET https://localhost:7205/_vs/browserLink - - - 200 - text/javascript;+charset=UTF-8 2.7164ms
