2023-10-18 19:03:27.176 +02:00 [Information] User profile is available. Using '"C:\Users\abdik\AppData\Local\ASP.NET\DataProtection-Keys"' as key repository and Windows DPAPI to encrypt keys at rest.
2023-10-18 19:03:27.563 +02:00 [Information] Now listening on: "https://localhost:7205"
2023-10-18 19:03:27.563 +02:00 [Information] Now listening on: "http://localhost:5112"
2023-10-18 19:03:27.566 +02:00 [Information] Application started. Press Ctrl+C to shut down.
2023-10-18 19:03:27.567 +02:00 [Information] Hosting environment: "Development"
2023-10-18 19:03:27.567 +02:00 [Information] Content root path: "C:\Users\abdik\source\repos\Forum\MyShop\"
2023-10-18 19:03:28.017 +02:00 [Information] Request starting HTTP/2 GET https://localhost:7205/ - -
2023-10-18 19:03:28.056 +02:00 [Information] Executing endpoint '"Forum.Controllers.HomeController.Index (Forum)"'
2023-10-18 19:03:28.064 +02:00 [Information] Route matched with "{action = \"Index\", controller = \"Home\", page = \"\", area = \"\"}". Executing controller action with signature "Microsoft.AspNetCore.Mvc.IActionResult Index()" on controller "Forum.Controllers.HomeController" ("Forum").
2023-10-18 19:03:28.068 +02:00 [Information] Executing ViewResult, running view "Index".
2023-10-18 19:03:28.171 +02:00 [Information] Executed ViewResult - view "Index" executed in 102.8ms.
2023-10-18 19:03:28.173 +02:00 [Information] Executed action "Forum.Controllers.HomeController.Index (Forum)" in 108.7751ms
2023-10-18 19:03:28.173 +02:00 [Information] Executed endpoint '"Forum.Controllers.HomeController.Index (Forum)"'
2023-10-18 19:03:28.190 +02:00 [Information] Request finished HTTP/2 GET https://localhost:7205/ - - - 200 - text/html;+charset=utf-8 175.7711ms
2023-10-18 19:03:28.194 +02:00 [Information] Request starting HTTP/2 GET https://localhost:7205/_framework/aspnetcore-browser-refresh.js - -
2023-10-18 19:03:28.197 +02:00 [Information] Request finished HTTP/2 GET https://localhost:7205/_framework/aspnetcore-browser-refresh.js - - - 200 12342 application/javascript;+charset=utf-8 2.0546ms
2023-10-18 19:03:28.234 +02:00 [Information] Request starting HTTP/2 GET https://localhost:7205/_vs/browserLink - -
2023-10-18 19:03:28.249 +02:00 [Information] Request finished HTTP/2 GET https://localhost:7205/_vs/browserLink - - - 200 - text/javascript;+charset=UTF-8 14.8654ms
2023-10-18 19:03:31.179 +02:00 [Information] Request starting HTTP/2 GET https://localhost:7205/?search=fotball - -
2023-10-18 19:03:31.181 +02:00 [Information] Executing endpoint '"Forum.Controllers.HomeController.Index (Forum)"'
2023-10-18 19:03:31.181 +02:00 [Information] Route matched with "{action = \"Index\", controller = \"Home\", page = \"\", area = \"\"}". Executing controller action with signature "Microsoft.AspNetCore.Mvc.IActionResult Index()" on controller "Forum.Controllers.HomeController" ("Forum").
2023-10-18 19:03:31.181 +02:00 [Information] Executing ViewResult, running view "Index".
2023-10-18 19:03:31.189 +02:00 [Information] Executed ViewResult - view "Index" executed in 7.8616ms.
2023-10-18 19:03:31.189 +02:00 [Information] Executed action "Forum.Controllers.HomeController.Index (Forum)" in 8.2093ms
2023-10-18 19:03:31.189 +02:00 [Information] Executed endpoint '"Forum.Controllers.HomeController.Index (Forum)"'
2023-10-18 19:03:31.191 +02:00 [Information] Request finished HTTP/2 GET https://localhost:7205/?search=fotball - - - 200 - text/html;+charset=utf-8 11.5020ms
2023-10-18 19:03:31.210 +02:00 [Information] Request starting HTTP/2 GET https://localhost:7205/_framework/aspnetcore-browser-refresh.js - -
2023-10-18 19:03:31.210 +02:00 [Information] Request starting HTTP/2 GET https://localhost:7205/_vs/browserLink - -
2023-10-18 19:03:31.211 +02:00 [Information] Request finished HTTP/2 GET https://localhost:7205/_framework/aspnetcore-browser-refresh.js - - - 200 12342 application/javascript;+charset=utf-8 0.3291ms
2023-10-18 19:03:31.213 +02:00 [Information] Request finished HTTP/2 GET https://localhost:7205/_vs/browserLink - - - 200 - text/javascript;+charset=UTF-8 2.1015ms
2023-10-18 19:03:34.493 +02:00 [Information] Request starting HTTP/2 GET https://localhost:7205/?search=sport - -
2023-10-18 19:03:34.494 +02:00 [Information] Executing endpoint '"Forum.Controllers.HomeController.Index (Forum)"'
2023-10-18 19:03:34.494 +02:00 [Information] Route matched with "{action = \"Index\", controller = \"Home\", page = \"\", area = \"\"}". Executing controller action with signature "Microsoft.AspNetCore.Mvc.IActionResult Index()" on controller "Forum.Controllers.HomeController" ("Forum").
2023-10-18 19:03:34.495 +02:00 [Information] Executing ViewResult, running view "Index".
2023-10-18 19:03:34.500 +02:00 [Information] Executed ViewResult - view "Index" executed in 5.904ms.
2023-10-18 19:03:34.501 +02:00 [Information] Executed action "Forum.Controllers.HomeController.Index (Forum)" in 6.0566ms
2023-10-18 19:03:34.501 +02:00 [Information] Executed endpoint '"Forum.Controllers.HomeController.Index (Forum)"'
2023-10-18 19:03:34.502 +02:00 [Information] Request finished HTTP/2 GET https://localhost:7205/?search=sport - - - 200 - text/html;+charset=utf-8 8.1933ms
2023-10-18 19:03:34.515 +02:00 [Information] Request starting HTTP/2 GET https://localhost:7205/_vs/browserLink - -
2023-10-18 19:03:34.515 +02:00 [Information] Request starting HTTP/2 GET https://localhost:7205/_framework/aspnetcore-browser-refresh.js - -
2023-10-18 19:03:34.515 +02:00 [Information] Request finished HTTP/2 GET https://localhost:7205/_framework/aspnetcore-browser-refresh.js - - - 200 12342 application/javascript;+charset=utf-8 0.1224ms
2023-10-18 19:03:34.517 +02:00 [Information] Request finished HTTP/2 GET https://localhost:7205/_vs/browserLink - - - 200 - text/javascript;+charset=UTF-8 1.9255ms
2023-10-18 19:03:41.882 +02:00 [Information] Request starting HTTP/2 GET https://localhost:7205/?search=sport - -
2023-10-18 19:03:41.883 +02:00 [Information] Executing endpoint '"Forum.Controllers.HomeController.Index (Forum)"'
2023-10-18 19:03:41.883 +02:00 [Information] Route matched with "{action = \"Index\", controller = \"Home\", page = \"\", area = \"\"}". Executing controller action with signature "Microsoft.AspNetCore.Mvc.IActionResult Index()" on controller "Forum.Controllers.HomeController" ("Forum").
2023-10-18 19:03:41.883 +02:00 [Information] Executing ViewResult, running view "Index".
2023-10-18 19:03:41.886 +02:00 [Information] Executed ViewResult - view "Index" executed in 2.9522ms.
2023-10-18 19:03:41.886 +02:00 [Information] Executed action "Forum.Controllers.HomeController.Index (Forum)" in 3.0613ms
2023-10-18 19:03:41.886 +02:00 [Information] Executed endpoint '"Forum.Controllers.HomeController.Index (Forum)"'
2023-10-18 19:03:41.887 +02:00 [Information] Request finished HTTP/2 GET https://localhost:7205/?search=sport - - - 200 - text/html;+charset=utf-8 4.5301ms
2023-10-18 19:03:41.903 +02:00 [Information] Request starting HTTP/2 GET https://localhost:7205/_framework/aspnetcore-browser-refresh.js - -
2023-10-18 19:03:41.904 +02:00 [Information] Request finished HTTP/2 GET https://localhost:7205/_framework/aspnetcore-browser-refresh.js - - - 200 12342 application/javascript;+charset=utf-8 0.1742ms
2023-10-18 19:03:41.908 +02:00 [Information] Request starting HTTP/2 GET https://localhost:7205/_vs/browserLink - -
2023-10-18 19:03:41.910 +02:00 [Information] Request finished HTTP/2 GET https://localhost:7205/_vs/browserLink - - - 200 - text/javascript;+charset=UTF-8 1.6514ms
