2023-10-29 15:38:37.905 +01:00 [Information] User profile is available. Using '"C:\Users\abdik\AppData\Local\ASP.NET\DataProtection-Keys"' as key repository and Windows DPAPI to encrypt keys at rest.
2023-10-29 15:38:38.335 +01:00 [Information] Now listening on: "https://localhost:7205"
2023-10-29 15:38:38.335 +01:00 [Information] Now listening on: "http://localhost:5112"
2023-10-29 15:38:38.338 +01:00 [Information] Application started. Press Ctrl+C to shut down.
2023-10-29 15:38:38.339 +01:00 [Information] Hosting environment: "Development"
2023-10-29 15:38:38.339 +01:00 [Information] Content root path: "C:\Users\abdik\Source\Repos\Forum\MyShop\"
2023-10-29 15:38:39.345 +01:00 [Information] Request starting HTTP/2 GET https://localhost:7205/Room/RoomTable - -
2023-10-29 15:38:39.388 +01:00 [Information] Executing endpoint '"Forum.Controllers.RoomController.RoomTable (Forum)"'
2023-10-29 15:38:39.398 +01:00 [Information] Route matched with "{action = \"RoomTable\", controller = \"Room\", page = \"\", area = \"\"}". Executing controller action with signature "System.Threading.Tasks.Task`1[Microsoft.AspNetCore.Mvc.IActionResult] RoomTable()" on controller "Forum.Controllers.RoomController" ("Forum").
2023-10-29 15:38:39.411 +01:00 [Information] Executing ViewResult, running view "RoomTable".
2023-10-29 15:38:39.510 +01:00 [Information] Executed ViewResult - view "RoomTable" executed in 98.299ms.
2023-10-29 15:38:39.511 +01:00 [Information] Executed action "Forum.Controllers.RoomController.RoomTable (Forum)" in 113.603ms
2023-10-29 15:38:39.512 +01:00 [Information] Executed endpoint '"Forum.Controllers.RoomController.RoomTable (Forum)"'
2023-10-29 15:38:39.524 +01:00 [Information] Request finished HTTP/2 GET https://localhost:7205/Room/RoomTable - - - 200 - text/html;+charset=utf-8 181.2058ms
2023-10-29 15:38:39.528 +01:00 [Information] Request starting HTTP/2 GET https://localhost:7205/css/style.css?v=WdTnk-tLUSm3ZW2x6qLfHkgxmfnYuYrUv0OKJTfJWOw - -
2023-10-29 15:38:39.528 +01:00 [Information] Request starting HTTP/2 GET https://localhost:7205/lib/bootstrap/js/bootstrap.js - -
2023-10-29 15:38:39.528 +01:00 [Information] Request starting HTTP/2 GET https://localhost:7205/_framework/aspnetcore-browser-refresh.js - -
2023-10-29 15:38:39.528 +01:00 [Information] Request starting HTTP/2 GET https://localhost:7205/lib/bootstrap/css/crtstyle.css - -
2023-10-29 15:38:39.528 +01:00 [Information] Request starting HTTP/2 GET https://localhost:7205/lib/jquery/jquery.js - -
2023-10-29 15:38:39.529 +01:00 [Information] Request finished HTTP/2 GET https://localhost:7205/_framework/aspnetcore-browser-refresh.js - - - 200 12342 application/javascript;+charset=utf-8 1.7454ms
2023-10-29 15:38:39.537 +01:00 [Information] The file "/lib/bootstrap/css/crtstyle.css" was not modified
2023-10-29 15:38:39.537 +01:00 [Information] The file "/css/style.css" was not modified
2023-10-29 15:38:39.538 +01:00 [Information] The file "/lib/jquery/jquery.js" was not modified
2023-10-29 15:38:39.538 +01:00 [Information] The file "/lib/bootstrap/js/bootstrap.js" was not modified
2023-10-29 15:38:39.538 +01:00 [Information] Request finished HTTP/2 GET https://localhost:7205/lib/bootstrap/css/crtstyle.css - - - 304 - text/css 10.2110ms
2023-10-29 15:38:39.538 +01:00 [Information] Request finished HTTP/2 GET https://localhost:7205/css/style.css?v=WdTnk-tLUSm3ZW2x6qLfHkgxmfnYuYrUv0OKJTfJWOw - - - 304 - text/css 10.2480ms
2023-10-29 15:38:39.538 +01:00 [Information] Request finished HTTP/2 GET https://localhost:7205/lib/jquery/jquery.js - - - 304 - application/javascript 10.2674ms
2023-10-29 15:38:39.538 +01:00 [Information] Request finished HTTP/2 GET https://localhost:7205/lib/bootstrap/js/bootstrap.js - - - 304 - application/javascript 10.2721ms
2023-10-29 15:38:39.569 +01:00 [Information] Request starting HTTP/2 GET https://localhost:7205/_vs/browserLink - -
2023-10-29 15:38:39.576 +01:00 [Information] Request finished HTTP/2 GET https://localhost:7205/_vs/browserLink - - - 200 - text/javascript;+charset=UTF-8 6.6755ms
2023-10-29 15:38:40.419 +01:00 [Information] Request starting HTTP/2 GET https://localhost:7205/Room/RoomTable - -
2023-10-29 15:38:40.423 +01:00 [Information] Executing endpoint '"Forum.Controllers.RoomController.RoomTable (Forum)"'
2023-10-29 15:38:40.423 +01:00 [Information] Route matched with "{action = \"RoomTable\", controller = \"Room\", page = \"\", area = \"\"}". Executing controller action with signature "System.Threading.Tasks.Task`1[Microsoft.AspNetCore.Mvc.IActionResult] RoomTable()" on controller "Forum.Controllers.RoomController" ("Forum").
2023-10-29 15:38:40.424 +01:00 [Information] Executing ViewResult, running view "RoomTable".
2023-10-29 15:38:40.429 +01:00 [Information] Executed ViewResult - view "RoomTable" executed in 4.7679ms.
2023-10-29 15:38:40.429 +01:00 [Information] Executed action "Forum.Controllers.RoomController.RoomTable (Forum)" in 5.6747ms
2023-10-29 15:38:40.429 +01:00 [Information] Executed endpoint '"Forum.Controllers.RoomController.RoomTable (Forum)"'
2023-10-29 15:38:40.430 +01:00 [Information] Request finished HTTP/2 GET https://localhost:7205/Room/RoomTable - - - 200 - text/html;+charset=utf-8 10.5636ms
2023-10-29 15:38:40.440 +01:00 [Information] Request starting HTTP/2 GET https://localhost:7205/_vs/browserLink - -
2023-10-29 15:38:40.440 +01:00 [Information] Request starting HTTP/2 GET https://localhost:7205/_framework/aspnetcore-browser-refresh.js - -
2023-10-29 15:38:40.440 +01:00 [Information] Request finished HTTP/2 GET https://localhost:7205/_framework/aspnetcore-browser-refresh.js - - - 200 12342 application/javascript;+charset=utf-8 0.3761ms
2023-10-29 15:38:40.442 +01:00 [Information] Request finished HTTP/2 GET https://localhost:7205/_vs/browserLink - - - 200 - text/javascript;+charset=UTF-8 1.8410ms
2023-10-29 15:38:42.270 +01:00 [Information] Request starting HTTP/2 GET https://localhost:7205/Room/RoomTable - -
2023-10-29 15:38:42.278 +01:00 [Information] Executing endpoint '"Forum.Controllers.RoomController.RoomTable (Forum)"'
2023-10-29 15:38:42.278 +01:00 [Information] Route matched with "{action = \"RoomTable\", controller = \"Room\", page = \"\", area = \"\"}". Executing controller action with signature "System.Threading.Tasks.Task`1[Microsoft.AspNetCore.Mvc.IActionResult] RoomTable()" on controller "Forum.Controllers.RoomController" ("Forum").
2023-10-29 15:38:42.279 +01:00 [Information] Executing ViewResult, running view "RoomTable".
2023-10-29 15:38:42.282 +01:00 [Information] Executed ViewResult - view "RoomTable" executed in 2.6997ms.
2023-10-29 15:38:42.282 +01:00 [Information] Executed action "Forum.Controllers.RoomController.RoomTable (Forum)" in 3.5379ms
2023-10-29 15:38:42.282 +01:00 [Information] Executed endpoint '"Forum.Controllers.RoomController.RoomTable (Forum)"'
2023-10-29 15:38:42.283 +01:00 [Information] Request finished HTTP/2 GET https://localhost:7205/Room/RoomTable - - - 200 - text/html;+charset=utf-8 13.1107ms
2023-10-29 15:38:42.293 +01:00 [Information] Request starting HTTP/2 GET https://localhost:7205/_framework/aspnetcore-browser-refresh.js - -
2023-10-29 15:38:42.293 +01:00 [Information] Request starting HTTP/2 GET https://localhost:7205/_vs/browserLink - -
2023-10-29 15:38:42.293 +01:00 [Information] Request finished HTTP/2 GET https://localhost:7205/_framework/aspnetcore-browser-refresh.js - - - 200 12342 application/javascript;+charset=utf-8 0.2058ms
2023-10-29 15:38:42.295 +01:00 [Information] Request finished HTTP/2 GET https://localhost:7205/_vs/browserLink - - - 200 - text/javascript;+charset=UTF-8 2.2346ms
2023-10-29 15:38:43.403 +01:00 [Information] Request starting HTTP/2 GET https://localhost:7205/Topic/TopicTable - -
2023-10-29 15:38:43.405 +01:00 [Information] Executing endpoint '"Forum.Controllers.TopicController.TopicTable (Forum)"'
2023-10-29 15:38:43.407 +01:00 [Information] Route matched with "{action = \"TopicTable\", controller = \"Topic\", page = \"\", area = \"\"}". Executing controller action with signature "System.Threading.Tasks.Task`1[Microsoft.AspNetCore.Mvc.IActionResult] TopicTable()" on controller "Forum.Controllers.TopicController" ("Forum").
2023-10-29 15:38:43.413 +01:00 [Information] Executing ViewResult, running view "TopicTable".
2023-10-29 15:38:43.420 +01:00 [Information] Executed ViewResult - view "TopicTable" executed in 7.4657ms.
2023-10-29 15:38:43.420 +01:00 [Information] Executed action "Forum.Controllers.TopicController.TopicTable (Forum)" in 13.0203ms
2023-10-29 15:38:43.420 +01:00 [Information] Executed endpoint '"Forum.Controllers.TopicController.TopicTable (Forum)"'
2023-10-29 15:38:43.421 +01:00 [Information] Request finished HTTP/2 GET https://localhost:7205/Topic/TopicTable - - - 200 - text/html;+charset=utf-8 18.1167ms
2023-10-29 15:38:43.432 +01:00 [Information] Request starting HTTP/2 GET https://localhost:7205/_vs/browserLink - -
2023-10-29 15:38:43.432 +01:00 [Information] Request starting HTTP/2 GET https://localhost:7205/_framework/aspnetcore-browser-refresh.js - -
2023-10-29 15:38:43.433 +01:00 [Information] Request finished HTTP/2 GET https://localhost:7205/_framework/aspnetcore-browser-refresh.js - - - 200 12342 application/javascript;+charset=utf-8 0.2503ms
2023-10-29 15:38:43.434 +01:00 [Information] Request finished HTTP/2 GET https://localhost:7205/_vs/browserLink - - - 200 - text/javascript;+charset=UTF-8 1.8583ms
2023-10-29 15:38:44.322 +01:00 [Information] Request starting HTTP/2 GET https://localhost:7205/Topic/TopicDetails/1 - -
2023-10-29 15:38:44.325 +01:00 [Information] Executing endpoint '"Forum.Controllers.TopicController.TopicDetails (Forum)"'
2023-10-29 15:38:44.332 +01:00 [Information] Route matched with "{action = \"TopicDetails\", controller = \"Topic\", page = \"\", area = \"\"}". Executing controller action with signature "System.Threading.Tasks.Task`1[Microsoft.AspNetCore.Mvc.IActionResult] TopicDetails(Int32)" on controller "Forum.Controllers.TopicController" ("Forum").
2023-10-29 15:38:44.340 +01:00 [Information] Executing ViewResult, running view "TopicDetails".
2023-10-29 15:38:44.378 +01:00 [Information] Executed ViewResult - view "TopicDetails" executed in 38.5667ms.
2023-10-29 15:38:44.378 +01:00 [Information] Executed action "Forum.Controllers.TopicController.TopicDetails (Forum)" in 45.9912ms
2023-10-29 15:38:44.378 +01:00 [Information] Executed endpoint '"Forum.Controllers.TopicController.TopicDetails (Forum)"'
2023-10-29 15:38:44.379 +01:00 [Information] Request finished HTTP/2 GET https://localhost:7205/Topic/TopicDetails/1 - - - 200 - text/html;+charset=utf-8 56.7707ms
2023-10-29 15:38:44.391 +01:00 [Information] Request starting HTTP/2 GET https://localhost:7205/_framework/aspnetcore-browser-refresh.js - -
2023-10-29 15:38:44.391 +01:00 [Information] Request starting HTTP/2 GET https://localhost:7205/_vs/browserLink - -
2023-10-29 15:38:44.391 +01:00 [Information] Request finished HTTP/2 GET https://localhost:7205/_framework/aspnetcore-browser-refresh.js - - - 200 12342 application/javascript;+charset=utf-8 0.1569ms
2023-10-29 15:38:44.393 +01:00 [Information] Request finished HTTP/2 GET https://localhost:7205/_vs/browserLink - - - 200 - text/javascript;+charset=UTF-8 1.7732ms
2023-10-29 15:38:46.597 +01:00 [Information] Request starting HTTP/2 GET https://localhost:7205/Post/CreatePost?topicId=1 - -
2023-10-29 15:38:46.600 +01:00 [Information] Executing endpoint '"Forum.Controllers.PostController.CreatePost (Forum)"'
2023-10-29 15:38:46.601 +01:00 [Information] Route matched with "{action = \"CreatePost\", controller = \"Post\", page = \"\", area = \"\"}". Executing controller action with signature "Microsoft.AspNetCore.Mvc.IActionResult CreatePost(Int32)" on controller "Forum.Controllers.PostController" ("Forum").
2023-10-29 15:38:46.605 +01:00 [Information] Executing ViewResult, running view "CreatePost".
2023-10-29 15:38:46.626 +01:00 [Information] Executed ViewResult - view "CreatePost" executed in 21.6932ms.
2023-10-29 15:38:46.627 +01:00 [Information] Executed action "Forum.Controllers.PostController.CreatePost (Forum)" in 25.3067ms
2023-10-29 15:38:46.627 +01:00 [Information] Executed endpoint '"Forum.Controllers.PostController.CreatePost (Forum)"'
2023-10-29 15:38:46.628 +01:00 [Information] Request finished HTTP/2 GET https://localhost:7205/Post/CreatePost?topicId=1 - - - 200 - text/html;+charset=utf-8 30.8849ms
2023-10-29 15:38:46.640 +01:00 [Information] Request starting HTTP/2 GET https://localhost:7205/_vs/browserLink - -
2023-10-29 15:38:46.640 +01:00 [Information] Request starting HTTP/2 GET https://localhost:7205/_framework/aspnetcore-browser-refresh.js - -
2023-10-29 15:38:46.640 +01:00 [Information] Request finished HTTP/2 GET https://localhost:7205/_framework/aspnetcore-browser-refresh.js - - - 200 12342 application/javascript;+charset=utf-8 0.2159ms
2023-10-29 15:38:46.642 +01:00 [Information] Request finished HTTP/2 GET https://localhost:7205/_vs/browserLink - - - 200 - text/javascript;+charset=UTF-8 1.6685ms
2023-10-29 15:38:47.703 +01:00 [Information] Request starting HTTP/2 POST https://localhost:7205/Post/Createpost?topicId=1 application/x-www-form-urlencoded 284
2023-10-29 15:38:47.706 +01:00 [Information] Executing endpoint '"Forum.Controllers.PostController.CreatePost (Forum)"'
2023-10-29 15:38:47.711 +01:00 [Information] Route matched with "{action = \"CreatePost\", controller = \"Post\", page = \"\", area = \"\"}". Executing controller action with signature "System.Threading.Tasks.Task`1[Microsoft.AspNetCore.Mvc.IActionResult] CreatePost(Forum.ViewModels.PostCommentViewModel)" on controller "Forum.Controllers.PostController" ("Forum").
2023-10-29 15:38:47.727 +01:00 [Warning] [PostController] Post creation failed Post { PostId: 0, TopicId: 1, UserName: null, PostTitle: null, PostTime: 10/29/2023 15:38:47, Topic: null, Comments: null, LatestComment: null }
2023-10-29 15:38:47.727 +01:00 [Information] Executing ViewResult, running view "CreatePost".
2023-10-29 15:38:47.730 +01:00 [Information] Executed ViewResult - view "CreatePost" executed in 2.2756ms.
2023-10-29 15:38:47.730 +01:00 [Information] Executed action "Forum.Controllers.PostController.CreatePost (Forum)" in 18.6517ms
2023-10-29 15:38:47.730 +01:00 [Information] Executed endpoint '"Forum.Controllers.PostController.CreatePost (Forum)"'
2023-10-29 15:38:47.730 +01:00 [Information] Request finished HTTP/2 POST https://localhost:7205/Post/Createpost?topicId=1 application/x-www-form-urlencoded 284 - 200 - text/html;+charset=utf-8 27.7316ms
2023-10-29 15:38:47.744 +01:00 [Information] Request starting HTTP/2 GET https://localhost:7205/_framework/aspnetcore-browser-refresh.js - -
2023-10-29 15:38:47.744 +01:00 [Information] Request starting HTTP/2 GET https://localhost:7205/_vs/browserLink - -
2023-10-29 15:38:47.744 +01:00 [Information] Request finished HTTP/2 GET https://localhost:7205/_framework/aspnetcore-browser-refresh.js - - - 200 12342 application/javascript;+charset=utf-8 0.1974ms
2023-10-29 15:38:47.746 +01:00 [Information] Request finished HTTP/2 GET https://localhost:7205/_vs/browserLink - - - 200 - text/javascript;+charset=UTF-8 1.9118ms
2023-10-29 15:38:53.808 +01:00 [Information] Request starting HTTP/2 POST https://localhost:7205/Post/Createpost?topicId=1 application/x-www-form-urlencoded 291
2023-10-29 15:38:53.812 +01:00 [Information] Executing endpoint '"Forum.Controllers.PostController.CreatePost (Forum)"'
2023-10-29 15:38:53.812 +01:00 [Information] Route matched with "{action = \"CreatePost\", controller = \"Post\", page = \"\", area = \"\"}". Executing controller action with signature "System.Threading.Tasks.Task`1[Microsoft.AspNetCore.Mvc.IActionResult] CreatePost(Forum.ViewModels.PostCommentViewModel)" on controller "Forum.Controllers.PostController" ("Forum").
2023-10-29 15:38:53.814 +01:00 [Warning] [PostController] Post creation failed Post { PostId: 0, TopicId: 1, UserName: null, PostTitle: "United ", PostTime: 10/29/2023 15:38:53, Topic: null, Comments: null, LatestComment: null }
2023-10-29 15:38:53.814 +01:00 [Information] Executing ViewResult, running view "CreatePost".
2023-10-29 15:38:53.817 +01:00 [Information] Executed ViewResult - view "CreatePost" executed in 2.8028ms.
2023-10-29 15:38:53.817 +01:00 [Information] Executed action "Forum.Controllers.PostController.CreatePost (Forum)" in 4.9697ms
2023-10-29 15:38:53.817 +01:00 [Information] Executed endpoint '"Forum.Controllers.PostController.CreatePost (Forum)"'
2023-10-29 15:38:53.818 +01:00 [Information] Request finished HTTP/2 POST https://localhost:7205/Post/Createpost?topicId=1 application/x-www-form-urlencoded 291 - 200 - text/html;+charset=utf-8 9.8311ms
2023-10-29 15:38:53.828 +01:00 [Information] Request starting HTTP/2 GET https://localhost:7205/_framework/aspnetcore-browser-refresh.js - -
2023-10-29 15:38:53.828 +01:00 [Information] Request starting HTTP/2 GET https://localhost:7205/_vs/browserLink - -
2023-10-29 15:38:53.828 +01:00 [Information] Request finished HTTP/2 GET https://localhost:7205/_framework/aspnetcore-browser-refresh.js - - - 200 12342 application/javascript;+charset=utf-8 0.2236ms
2023-10-29 15:38:53.829 +01:00 [Information] Request finished HTTP/2 GET https://localhost:7205/_vs/browserLink - - - 200 - text/javascript;+charset=UTF-8 1.7128ms
2023-10-29 15:38:54.726 +01:00 [Information] Request starting HTTP/2 POST https://localhost:7205/Post/Createpost?topicId=1 application/x-www-form-urlencoded 291
2023-10-29 15:38:54.728 +01:00 [Information] Executing endpoint '"Forum.Controllers.PostController.CreatePost (Forum)"'
2023-10-29 15:38:54.728 +01:00 [Information] Route matched with "{action = \"CreatePost\", controller = \"Post\", page = \"\", area = \"\"}". Executing controller action with signature "System.Threading.Tasks.Task`1[Microsoft.AspNetCore.Mvc.IActionResult] CreatePost(Forum.ViewModels.PostCommentViewModel)" on controller "Forum.Controllers.PostController" ("Forum").
2023-10-29 15:38:54.729 +01:00 [Warning] [PostController] Post creation failed Post { PostId: 0, TopicId: 1, UserName: null, PostTitle: "United ", PostTime: 10/29/2023 15:38:54, Topic: null, Comments: null, LatestComment: null }
2023-10-29 15:38:54.729 +01:00 [Information] Executing ViewResult, running view "CreatePost".
2023-10-29 15:38:54.731 +01:00 [Information] Executed ViewResult - view "CreatePost" executed in 1.926ms.
2023-10-29 15:38:54.731 +01:00 [Information] Executed action "Forum.Controllers.PostController.CreatePost (Forum)" in 2.847ms
2023-10-29 15:38:54.731 +01:00 [Information] Executed endpoint '"Forum.Controllers.PostController.CreatePost (Forum)"'
2023-10-29 15:38:54.732 +01:00 [Information] Request finished HTTP/2 POST https://localhost:7205/Post/Createpost?topicId=1 application/x-www-form-urlencoded 291 - 200 - text/html;+charset=utf-8 5.3726ms
2023-10-29 15:38:54.743 +01:00 [Information] Request starting HTTP/2 GET https://localhost:7205/_framework/aspnetcore-browser-refresh.js - -
2023-10-29 15:38:54.743 +01:00 [Information] Request starting HTTP/2 GET https://localhost:7205/_vs/browserLink - -
2023-10-29 15:38:54.743 +01:00 [Information] Request finished HTTP/2 GET https://localhost:7205/_framework/aspnetcore-browser-refresh.js - - - 200 12342 application/javascript;+charset=utf-8 0.1558ms
2023-10-29 15:38:54.745 +01:00 [Information] Request finished HTTP/2 GET https://localhost:7205/_vs/browserLink - - - 200 - text/javascript;+charset=UTF-8 2.0175ms
2023-10-29 15:39:01.189 +01:00 [Information] Request starting HTTP/2 POST https://localhost:7205/Post/Createpost?topicId=1 application/x-www-form-urlencoded 304
2023-10-29 15:39:01.191 +01:00 [Information] Executing endpoint '"Forum.Controllers.PostController.CreatePost (Forum)"'
2023-10-29 15:39:01.191 +01:00 [Information] Route matched with "{action = \"CreatePost\", controller = \"Post\", page = \"\", area = \"\"}". Executing controller action with signature "System.Threading.Tasks.Task`1[Microsoft.AspNetCore.Mvc.IActionResult] CreatePost(Forum.ViewModels.PostCommentViewModel)" on controller "Forum.Controllers.PostController" ("Forum").
2023-10-29 15:39:01.215 +01:00 [Information] Attempting to create a new post and comment with the following data: "{
  \"$id\": \"1\",
  \"Post\": {
    \"$id\": \"2\",
    \"PostId\": 8,
    \"TopicId\": 1,
    \"UserName\": \"Superadmin\",
    \"PostTitle\": \"United \",
    \"PostTime\": \"2023-10-29T15:39:01.1936129+01:00\",
    \"Topic\": null,
    \"Comments\": null,
    \"LatestComment\": null
  },
  \"Comment\": {
    \"$id\": \"3\",
    \"CommentId\": 0,
    \"PostId\": 8,
    \"UserName\": \"Superadmin\",
    \"CommentDescription\": \"United er mye\",
    \"CommentTime\": \"2023-10-29T15:39:01.1936129+01:00\",
    \"Post\": null
  }
}"
2023-10-29 15:39:01.217 +01:00 [Information] Executing RedirectResult, redirecting to "/Topic/TopicDetails/1".
2023-10-29 15:39:01.217 +01:00 [Information] Executed action "Forum.Controllers.PostController.CreatePost (Forum)" in 26.0779ms
2023-10-29 15:39:01.217 +01:00 [Information] Executed endpoint '"Forum.Controllers.PostController.CreatePost (Forum)"'
2023-10-29 15:39:01.218 +01:00 [Information] Request finished HTTP/2 POST https://localhost:7205/Post/Createpost?topicId=1 application/x-www-form-urlencoded 304 - 302 0 - 28.0257ms
2023-10-29 15:39:01.220 +01:00 [Information] Request starting HTTP/2 GET https://localhost:7205/Topic/TopicDetails/1 - -
2023-10-29 15:39:01.221 +01:00 [Information] Executing endpoint '"Forum.Controllers.TopicController.TopicDetails (Forum)"'
2023-10-29 15:39:01.221 +01:00 [Information] Route matched with "{action = \"TopicDetails\", controller = \"Topic\", page = \"\", area = \"\"}". Executing controller action with signature "System.Threading.Tasks.Task`1[Microsoft.AspNetCore.Mvc.IActionResult] TopicDetails(Int32)" on controller "Forum.Controllers.TopicController" ("Forum").
2023-10-29 15:39:01.223 +01:00 [Information] Executing ViewResult, running view "TopicDetails".
2023-10-29 15:39:01.228 +01:00 [Information] Executed ViewResult - view "TopicDetails" executed in 5.0139ms.
2023-10-29 15:39:01.228 +01:00 [Information] Executed action "Forum.Controllers.TopicController.TopicDetails (Forum)" in 6.2934ms
2023-10-29 15:39:01.228 +01:00 [Information] Executed endpoint '"Forum.Controllers.TopicController.TopicDetails (Forum)"'
2023-10-29 15:39:01.228 +01:00 [Information] Request finished HTTP/2 GET https://localhost:7205/Topic/TopicDetails/1 - - - 200 - text/html;+charset=utf-8 8.3675ms
2023-10-29 15:39:01.239 +01:00 [Information] Request starting HTTP/2 GET https://localhost:7205/_vs/browserLink - -
2023-10-29 15:39:01.240 +01:00 [Information] Request starting HTTP/2 GET https://localhost:7205/_framework/aspnetcore-browser-refresh.js - -
2023-10-29 15:39:01.240 +01:00 [Information] Request finished HTTP/2 GET https://localhost:7205/_framework/aspnetcore-browser-refresh.js - - - 200 12342 application/javascript;+charset=utf-8 0.1513ms
2023-10-29 15:39:01.241 +01:00 [Information] Request finished HTTP/2 GET https://localhost:7205/_vs/browserLink - - - 200 - text/javascript;+charset=UTF-8 2.0654ms
2023-10-29 15:39:03.638 +01:00 [Information] Request starting HTTP/2 GET https://localhost:7205/Post/PostDetails/8 - -
2023-10-29 15:39:03.640 +01:00 [Information] Executing endpoint '"Forum.Controllers.PostController.PostDetails (Forum)"'
2023-10-29 15:39:03.642 +01:00 [Information] Route matched with "{action = \"PostDetails\", controller = \"Post\", page = \"\", area = \"\"}". Executing controller action with signature "System.Threading.Tasks.Task`1[Microsoft.AspNetCore.Mvc.IActionResult] PostDetails(Int32)" on controller "Forum.Controllers.PostController" ("Forum").
2023-10-29 15:39:03.647 +01:00 [Information] Executing ViewResult, running view "PostDetails".
2023-10-29 15:39:03.659 +01:00 [Information] Executed ViewResult - view "PostDetails" executed in 12.2811ms.
2023-10-29 15:39:03.659 +01:00 [Information] Executed action "Forum.Controllers.PostController.PostDetails (Forum)" in 16.7584ms
2023-10-29 15:39:03.659 +01:00 [Information] Executed endpoint '"Forum.Controllers.PostController.PostDetails (Forum)"'
2023-10-29 15:39:03.659 +01:00 [Information] Request finished HTTP/2 GET https://localhost:7205/Post/PostDetails/8 - - - 200 - text/html;+charset=utf-8 21.0482ms
2023-10-29 15:39:03.670 +01:00 [Information] Request starting HTTP/2 GET https://localhost:7205/_vs/browserLink - -
2023-10-29 15:39:03.670 +01:00 [Information] Request starting HTTP/2 GET https://localhost:7205/_framework/aspnetcore-browser-refresh.js - -
2023-10-29 15:39:03.670 +01:00 [Information] Request finished HTTP/2 GET https://localhost:7205/_framework/aspnetcore-browser-refresh.js - - - 200 12342 application/javascript;+charset=utf-8 0.1895ms
2023-10-29 15:39:03.672 +01:00 [Information] Request finished HTTP/2 GET https://localhost:7205/_vs/browserLink - - - 200 - text/javascript;+charset=UTF-8 1.6385ms
