2023-10-29 18:13:31.336 +01:00 [Information] User profile is available. Using '"C:\Users\abdik\AppData\Local\ASP.NET\DataProtection-Keys"' as key repository and Windows DPAPI to encrypt keys at rest.
2023-10-29 18:13:31.743 +01:00 [Information] Now listening on: "https://localhost:7205"
2023-10-29 18:13:31.743 +01:00 [Information] Now listening on: "http://localhost:5112"
2023-10-29 18:13:31.746 +01:00 [Information] Application started. Press Ctrl+C to shut down.
2023-10-29 18:13:31.746 +01:00 [Information] Hosting environment: "Development"
2023-10-29 18:13:31.747 +01:00 [Information] Content root path: "C:\Users\abdik\Source\Repos\Forum\MyShop\"
2023-10-29 18:13:33.392 +01:00 [Information] Request starting HTTP/2 GET https://localhost:7205/Room/RoomTable - -
2023-10-29 18:13:33.432 +01:00 [Information] Executing endpoint '"Forum.Controllers.RoomController.RoomTable (Forum)"'
2023-10-29 18:13:33.443 +01:00 [Information] Route matched with "{action = \"RoomTable\", controller = \"Room\", page = \"\", area = \"\"}". Executing controller action with signature "System.Threading.Tasks.Task`1[Microsoft.AspNetCore.Mvc.IActionResult] RoomTable()" on controller "Forum.Controllers.RoomController" ("Forum").
2023-10-29 18:13:33.461 +01:00 [Information] Executing ViewResult, running view "RoomTable".
2023-10-29 18:13:33.566 +01:00 [Information] Executed ViewResult - view "RoomTable" executed in 103.1289ms.
2023-10-29 18:13:33.568 +01:00 [Information] Executed action "Forum.Controllers.RoomController.RoomTable (Forum)" in 124.3071ms
2023-10-29 18:13:33.568 +01:00 [Information] Executed endpoint '"Forum.Controllers.RoomController.RoomTable (Forum)"'
2023-10-29 18:13:33.580 +01:00 [Information] Request starting HTTP/2 GET https://localhost:7205/_vs/browserLink - -
2023-10-29 18:13:33.580 +01:00 [Information] Request starting HTTP/2 GET https://localhost:7205/_framework/aspnetcore-browser-refresh.js - -
2023-10-29 18:13:33.581 +01:00 [Information] Request finished HTTP/2 GET https://localhost:7205/Room/RoomTable - - - 200 - text/html;+charset=utf-8 191.1811ms
2023-10-29 18:13:33.582 +01:00 [Information] Request finished HTTP/2 GET https://localhost:7205/_framework/aspnetcore-browser-refresh.js - - - 200 12342 application/javascript;+charset=utf-8 1.7250ms
2023-10-29 18:13:33.587 +01:00 [Information] Request finished HTTP/2 GET https://localhost:7205/_vs/browserLink - - - 200 - text/javascript;+charset=UTF-8 6.3242ms
2023-10-29 18:13:34.312 +01:00 [Information] Request starting HTTP/2 GET https://localhost:7205/Topic/TopicTable - -
2023-10-29 18:13:34.314 +01:00 [Information] Executing endpoint '"Forum.Controllers.TopicController.TopicTable (Forum)"'
2023-10-29 18:13:34.316 +01:00 [Information] Route matched with "{action = \"TopicTable\", controller = \"Topic\", page = \"\", area = \"\"}". Executing controller action with signature "System.Threading.Tasks.Task`1[Microsoft.AspNetCore.Mvc.IActionResult] TopicTable()" on controller "Forum.Controllers.TopicController" ("Forum").
2023-10-29 18:13:34.324 +01:00 [Information] Executing ViewResult, running view "TopicTable".
2023-10-29 18:13:34.339 +01:00 [Information] Executed ViewResult - view "TopicTable" executed in 16.2484ms.
2023-10-29 18:13:34.340 +01:00 [Information] Executed action "Forum.Controllers.TopicController.TopicTable (Forum)" in 23.5478ms
2023-10-29 18:13:34.340 +01:00 [Information] Executed endpoint '"Forum.Controllers.TopicController.TopicTable (Forum)"'
2023-10-29 18:13:34.341 +01:00 [Information] Request finished HTTP/2 GET https://localhost:7205/Topic/TopicTable - - - 200 - text/html;+charset=utf-8 28.5729ms
2023-10-29 18:13:34.352 +01:00 [Information] Request starting HTTP/2 GET https://localhost:7205/_framework/aspnetcore-browser-refresh.js - -
2023-10-29 18:13:34.352 +01:00 [Information] Request starting HTTP/2 GET https://localhost:7205/_vs/browserLink - -
2023-10-29 18:13:34.352 +01:00 [Information] Request finished HTTP/2 GET https://localhost:7205/_framework/aspnetcore-browser-refresh.js - - - 200 12342 application/javascript;+charset=utf-8 0.3264ms
2023-10-29 18:13:34.354 +01:00 [Information] Request finished HTTP/2 GET https://localhost:7205/_vs/browserLink - - - 200 - text/javascript;+charset=UTF-8 2.4087ms
2023-10-29 18:13:35.109 +01:00 [Information] Request starting HTTP/2 GET https://localhost:7205/Room/RoomTable - -
2023-10-29 18:13:35.111 +01:00 [Information] Executing endpoint '"Forum.Controllers.RoomController.RoomTable (Forum)"'
2023-10-29 18:13:35.111 +01:00 [Information] Route matched with "{action = \"RoomTable\", controller = \"Room\", page = \"\", area = \"\"}". Executing controller action with signature "System.Threading.Tasks.Task`1[Microsoft.AspNetCore.Mvc.IActionResult] RoomTable()" on controller "Forum.Controllers.RoomController" ("Forum").
2023-10-29 18:13:35.113 +01:00 [Information] Executing ViewResult, running view "RoomTable".
2023-10-29 18:13:35.115 +01:00 [Information] Executed ViewResult - view "RoomTable" executed in 2.0689ms.
2023-10-29 18:13:35.115 +01:00 [Information] Executed action "Forum.Controllers.RoomController.RoomTable (Forum)" in 3.554ms
2023-10-29 18:13:35.115 +01:00 [Information] Executed endpoint '"Forum.Controllers.RoomController.RoomTable (Forum)"'
2023-10-29 18:13:35.116 +01:00 [Information] Request finished HTTP/2 GET https://localhost:7205/Room/RoomTable - - - 200 - text/html;+charset=utf-8 7.1957ms
2023-10-29 18:13:35.126 +01:00 [Information] Request starting HTTP/2 GET https://localhost:7205/_framework/aspnetcore-browser-refresh.js - -
2023-10-29 18:13:35.126 +01:00 [Information] Request starting HTTP/2 GET https://localhost:7205/_vs/browserLink - -
2023-10-29 18:13:35.126 +01:00 [Information] Request finished HTTP/2 GET https://localhost:7205/_framework/aspnetcore-browser-refresh.js - - - 200 12342 application/javascript;+charset=utf-8 0.2032ms
2023-10-29 18:13:35.127 +01:00 [Information] Request finished HTTP/2 GET https://localhost:7205/_vs/browserLink - - - 200 - text/javascript;+charset=UTF-8 1.8934ms
2023-10-29 18:13:35.228 +01:00 [Information] Request starting HTTP/2 GET https://localhost:7205/ - -
2023-10-29 18:13:35.228 +01:00 [Information] Executing endpoint '"Forum.Controllers.HomeController.Index (Forum)"'
2023-10-29 18:13:35.230 +01:00 [Information] Route matched with "{action = \"Index\", controller = \"Home\", page = \"\", area = \"\"}". Executing controller action with signature "System.Threading.Tasks.Task`1[Microsoft.AspNetCore.Mvc.IActionResult] Index()" on controller "Forum.Controllers.HomeController" ("Forum").
2023-10-29 18:13:35.243 +01:00 [Information] Executing ViewResult, running view "Index".
2023-10-29 18:13:35.281 +01:00 [Information] Executed ViewResult - view "Index" executed in 38.782ms.
2023-10-29 18:13:35.281 +01:00 [Information] Executed action "Forum.Controllers.HomeController.Index (Forum)" in 51.642ms
2023-10-29 18:13:35.281 +01:00 [Information] Executed endpoint '"Forum.Controllers.HomeController.Index (Forum)"'
2023-10-29 18:13:35.283 +01:00 [Information] Request finished HTTP/2 GET https://localhost:7205/ - - - 200 - text/html;+charset=utf-8 55.4608ms
2023-10-29 18:13:35.297 +01:00 [Information] Request starting HTTP/2 GET https://localhost:7205/images/formula1.jpg - -
2023-10-29 18:13:35.297 +01:00 [Information] Request starting HTTP/2 GET https://localhost:7205/images/fotball.jpg - -
2023-10-29 18:13:35.300 +01:00 [Information] The file "/images/fotball.jpg" was not modified
2023-10-29 18:13:35.300 +01:00 [Information] The file "/images/formula1.jpg" was not modified
2023-10-29 18:13:35.300 +01:00 [Information] Request finished HTTP/2 GET https://localhost:7205/images/fotball.jpg - - - 304 - image/jpeg 2.9209ms
2023-10-29 18:13:35.300 +01:00 [Information] Request finished HTTP/2 GET https://localhost:7205/images/formula1.jpg - - - 304 - image/jpeg 2.9101ms
2023-10-29 18:13:35.329 +01:00 [Information] Request starting HTTP/2 GET https://localhost:7205/images/vacation.jpg - -
2023-10-29 18:13:35.329 +01:00 [Information] Request starting HTTP/2 GET https://localhost:7205/images/mosque.jpg - -
2023-10-29 18:13:35.329 +01:00 [Information] The file "/images/mosque.jpg" was not modified
2023-10-29 18:13:35.329 +01:00 [Information] The file "/images/vacation.jpg" was not modified
2023-10-29 18:13:35.330 +01:00 [Information] Request finished HTTP/2 GET https://localhost:7205/images/mosque.jpg - - - 304 - image/jpeg 0.4515ms
2023-10-29 18:13:35.330 +01:00 [Information] Request finished HTTP/2 GET https://localhost:7205/images/vacation.jpg - - - 304 - image/jpeg 0.7137ms
2023-10-29 18:13:35.333 +01:00 [Information] Request starting HTTP/2 GET https://localhost:7205/images/cyberS.jpg - -
2023-10-29 18:13:35.333 +01:00 [Information] The file "/images/cyberS.jpg" was not modified
2023-10-29 18:13:35.333 +01:00 [Information] Request finished HTTP/2 GET https://localhost:7205/images/cyberS.jpg - - - 304 - image/jpeg 0.1999ms
2023-10-29 18:13:35.338 +01:00 [Information] Request starting HTTP/2 GET https://localhost:7205/_framework/aspnetcore-browser-refresh.js - -
2023-10-29 18:13:35.338 +01:00 [Information] Request finished HTTP/2 GET https://localhost:7205/_framework/aspnetcore-browser-refresh.js - - - 200 12342 application/javascript;+charset=utf-8 0.1645ms
2023-10-29 18:13:35.347 +01:00 [Information] Request starting HTTP/2 GET https://localhost:7205/images/skiEquipments.jpg - -
2023-10-29 18:13:35.347 +01:00 [Information] Request starting HTTP/2 GET https://localhost:7205/_vs/browserLink - -
2023-10-29 18:13:35.347 +01:00 [Information] The file "/images/skiEquipments.jpg" was not modified
2023-10-29 18:13:35.347 +01:00 [Information] Request finished HTTP/2 GET https://localhost:7205/images/skiEquipments.jpg - - - 304 - image/jpeg 0.3459ms
2023-10-29 18:13:35.349 +01:00 [Information] Request finished HTTP/2 GET https://localhost:7205/_vs/browserLink - - - 200 - text/javascript;+charset=UTF-8 1.7361ms
2023-10-29 18:13:37.039 +01:00 [Information] Request starting HTTP/2 GET https://localhost:7205/Room/RoomTable - -
2023-10-29 18:13:37.040 +01:00 [Information] Executing endpoint '"Forum.Controllers.RoomController.RoomTable (Forum)"'
2023-10-29 18:13:37.040 +01:00 [Information] Route matched with "{action = \"RoomTable\", controller = \"Room\", page = \"\", area = \"\"}". Executing controller action with signature "System.Threading.Tasks.Task`1[Microsoft.AspNetCore.Mvc.IActionResult] RoomTable()" on controller "Forum.Controllers.RoomController" ("Forum").
2023-10-29 18:13:37.042 +01:00 [Information] Executing ViewResult, running view "RoomTable".
2023-10-29 18:13:37.045 +01:00 [Information] Executed ViewResult - view "RoomTable" executed in 2.5186ms.
2023-10-29 18:13:37.045 +01:00 [Information] Executed action "Forum.Controllers.RoomController.RoomTable (Forum)" in 4.7832ms
2023-10-29 18:13:37.045 +01:00 [Information] Executed endpoint '"Forum.Controllers.RoomController.RoomTable (Forum)"'
2023-10-29 18:13:37.046 +01:00 [Information] Request finished HTTP/2 GET https://localhost:7205/Room/RoomTable - - - 200 - text/html;+charset=utf-8 6.2183ms
2023-10-29 18:13:37.056 +01:00 [Information] Request starting HTTP/2 GET https://localhost:7205/_vs/browserLink - -
2023-10-29 18:13:37.056 +01:00 [Information] Request starting HTTP/2 GET https://localhost:7205/_framework/aspnetcore-browser-refresh.js - -
2023-10-29 18:13:37.056 +01:00 [Information] Request finished HTTP/2 GET https://localhost:7205/_framework/aspnetcore-browser-refresh.js - - - 200 12342 application/javascript;+charset=utf-8 0.1194ms
2023-10-29 18:13:37.058 +01:00 [Information] Request finished HTTP/2 GET https://localhost:7205/_vs/browserLink - - - 200 - text/javascript;+charset=UTF-8 1.8333ms
2023-10-29 18:13:37.813 +01:00 [Information] Request starting HTTP/2 GET https://localhost:7205/Topic/TopicTable - -
2023-10-29 18:13:37.815 +01:00 [Information] Executing endpoint '"Forum.Controllers.TopicController.TopicTable (Forum)"'
2023-10-29 18:13:37.815 +01:00 [Information] Route matched with "{action = \"TopicTable\", controller = \"Topic\", page = \"\", area = \"\"}". Executing controller action with signature "System.Threading.Tasks.Task`1[Microsoft.AspNetCore.Mvc.IActionResult] TopicTable()" on controller "Forum.Controllers.TopicController" ("Forum").
2023-10-29 18:13:37.816 +01:00 [Information] Executing ViewResult, running view "TopicTable".
2023-10-29 18:13:37.818 +01:00 [Information] Executed ViewResult - view "TopicTable" executed in 1.8404ms.
2023-10-29 18:13:37.818 +01:00 [Information] Executed action "Forum.Controllers.TopicController.TopicTable (Forum)" in 3.2592ms
2023-10-29 18:13:37.818 +01:00 [Information] Executed endpoint '"Forum.Controllers.TopicController.TopicTable (Forum)"'
2023-10-29 18:13:37.819 +01:00 [Information] Request finished HTTP/2 GET https://localhost:7205/Topic/TopicTable - - - 200 - text/html;+charset=utf-8 5.5270ms
2023-10-29 18:13:37.829 +01:00 [Information] Request starting HTTP/2 GET https://localhost:7205/_framework/aspnetcore-browser-refresh.js - -
2023-10-29 18:13:37.829 +01:00 [Information] Request starting HTTP/2 GET https://localhost:7205/_vs/browserLink - -
2023-10-29 18:13:37.829 +01:00 [Information] Request finished HTTP/2 GET https://localhost:7205/_framework/aspnetcore-browser-refresh.js - - - 200 12342 application/javascript;+charset=utf-8 0.1521ms
2023-10-29 18:13:37.831 +01:00 [Information] Request finished HTTP/2 GET https://localhost:7205/_vs/browserLink - - - 200 - text/javascript;+charset=UTF-8 2.2749ms
