2023-10-24 12:23:04.334 +02:00 [Information] User profile is available. Using '"C:\Users\abdik\AppData\Local\ASP.NET\DataProtection-Keys"' as key repository and Windows DPAPI to encrypt keys at rest.
2023-10-24 12:23:04.735 +02:00 [Information] Now listening on: "https://localhost:7205"
2023-10-24 12:23:04.735 +02:00 [Information] Now listening on: "http://localhost:5112"
2023-10-24 12:23:04.738 +02:00 [Information] Application started. Press Ctrl+C to shut down.
2023-10-24 12:23:04.738 +02:00 [Information] Hosting environment: "Development"
2023-10-24 12:23:04.738 +02:00 [Information] Content root path: "C:\Users\abdik\Source\Repos\Forum\MyShop\"
2023-10-24 12:23:05.232 +02:00 [Information] Request starting HTTP/2 GET https://localhost:7205/ - -
2023-10-24 12:23:05.269 +02:00 [Information] Executing endpoint '"Forum.Controllers.HomeController.Index (Forum)"'
2023-10-24 12:23:05.276 +02:00 [Information] Route matched with "{action = \"Index\", controller = \"Home\", page = \"\", area = \"\"}". Executing controller action with signature "Microsoft.AspNetCore.Mvc.IActionResult Index()" on controller "Forum.Controllers.HomeController" ("Forum").
2023-10-24 12:23:05.280 +02:00 [Information] Executing ViewResult, running view "Index".
2023-10-24 12:23:05.387 +02:00 [Information] Executed ViewResult - view "Index" executed in 106.2426ms.
2023-10-24 12:23:05.388 +02:00 [Information] Executed action "Forum.Controllers.HomeController.Index (Forum)" in 112.1636ms
2023-10-24 12:23:05.388 +02:00 [Information] Executed endpoint '"Forum.Controllers.HomeController.Index (Forum)"'
2023-10-24 12:23:05.400 +02:00 [Information] Request finished HTTP/2 GET https://localhost:7205/ - - - 200 - text/html;+charset=utf-8 170.1405ms
2023-10-24 12:23:05.423 +02:00 [Information] Request starting HTTP/2 GET https://localhost:7205/_framework/aspnetcore-browser-refresh.js - -
2023-10-24 12:23:05.423 +02:00 [Information] Request starting HTTP/2 GET https://localhost:7205/images/another-image.jpg - -
2023-10-24 12:23:05.423 +02:00 [Information] Request starting HTTP/2 GET https://localhost:7205/style.css - -
2023-10-24 12:23:05.425 +02:00 [Information] Request finished HTTP/2 GET https://localhost:7205/_framework/aspnetcore-browser-refresh.js - - - 200 12342 application/javascript;+charset=utf-8 1.9044ms
2023-10-24 12:23:05.426 +02:00 [Information] Request finished HTTP/2 GET https://localhost:7205/images/another-image.jpg - - - 404 0 - 2.5054ms
2023-10-24 12:23:05.426 +02:00 [Information] Request finished HTTP/2 GET https://localhost:7205/style.css - - - 404 0 - 2.5057ms
2023-10-24 12:23:05.458 +02:00 [Information] Request starting HTTP/2 GET https://localhost:7205/images/yet-another-image.jpg - -
2023-10-24 12:23:05.460 +02:00 [Information] Request finished HTTP/2 GET https://localhost:7205/images/yet-another-image.jpg - - - 404 0 - 1.6664ms
2023-10-24 12:23:05.462 +02:00 [Information] Request starting HTTP/2 GET https://localhost:7205/_vs/browserLink - -
2023-10-24 12:23:05.469 +02:00 [Information] Request finished HTTP/2 GET https://localhost:7205/_vs/browserLink - - - 200 - text/javascript;+charset=UTF-8 6.8504ms
