2023-10-26 03:35:47.833 +02:00 [Information] User profile is available. Using '"C:\Users\Johan\AppData\Local\ASP.NET\DataProtection-Keys"' as key repository and Windows DPAPI to encrypt keys at rest.
2023-10-26 03:35:48.366 +02:00 [Information] Now listening on: "https://localhost:7205"
2023-10-26 03:35:48.367 +02:00 [Information] Now listening on: "http://localhost:5112"
2023-10-26 03:35:48.372 +02:00 [Information] Application started. Press Ctrl+C to shut down.
2023-10-26 03:35:48.373 +02:00 [Information] Hosting environment: "Development"
2023-10-26 03:35:48.374 +02:00 [Information] Content root path: "C:\Users\Johan\Source\Repos\N4h0\Forum\MyShop\"
2023-10-26 03:35:48.626 +02:00 [Information] Request starting HTTP/2 GET https://localhost:7205/ - -
2023-10-26 03:35:48.685 +02:00 [Information] Executing endpoint '"Forum.Controllers.HomeController.Index (Forum)"'
2023-10-26 03:35:48.695 +02:00 [Information] Route matched with "{action = \"Index\", controller = \"Home\", page = \"\", area = \"\"}". Executing controller action with signature "System.Threading.Tasks.Task`1[Microsoft.AspNetCore.Mvc.IActionResult] Index()" on controller "Forum.Controllers.HomeController" ("Forum").
2023-10-26 03:35:48.722 +02:00 [Information] Executing ViewResult, running view "Index".
2023-10-26 03:35:48.851 +02:00 [Information] Executed ViewResult - view "Index" executed in 128.2863ms.
2023-10-26 03:35:48.854 +02:00 [Information] Executed action "Forum.Controllers.HomeController.Index (Forum)" in 158.0383ms
2023-10-26 03:35:48.854 +02:00 [Information] Executed endpoint '"Forum.Controllers.HomeController.Index (Forum)"'
2023-10-26 03:35:48.874 +02:00 [Information] Request starting HTTP/2 GET https://localhost:7205/style.css - -
2023-10-26 03:35:48.878 +02:00 [Information] Request finished HTTP/2 GET https://localhost:7205/ - - - 200 - text/html;+charset=utf-8 253.6742ms
2023-10-26 03:35:48.879 +02:00 [Information] Request finished HTTP/2 GET https://localhost:7205/style.css - - - 404 0 - 5.0500ms
2023-10-26 03:35:48.911 +02:00 [Information] Request starting HTTP/2 GET https://localhost:7205/_framework/aspnetcore-browser-refresh.js - -
2023-10-26 03:35:48.914 +02:00 [Information] Request finished HTTP/2 GET https://localhost:7205/_framework/aspnetcore-browser-refresh.js - - - 200 12342 application/javascript;+charset=utf-8 3.1706ms
2023-10-26 03:35:48.920 +02:00 [Information] Request starting HTTP/2 GET https://localhost:7205/_vs/browserLink - -
2023-10-26 03:35:48.930 +02:00 [Information] Request finished HTTP/2 GET https://localhost:7205/_vs/browserLink - - - 200 - text/javascript;+charset=UTF-8 9.2291ms
2023-10-26 03:35:50.483 +02:00 [Information] Request starting HTTP/2 GET https://localhost:7205/Post/PostDetails/1 - -
2023-10-26 03:35:50.491 +02:00 [Information] Executing endpoint '"Forum.Controllers.PostController.PostDetails (Forum)"'
2023-10-26 03:35:50.497 +02:00 [Information] Route matched with "{action = \"PostDetails\", controller = \"Post\", page = \"\", area = \"\"}". Executing controller action with signature "System.Threading.Tasks.Task`1[Microsoft.AspNetCore.Mvc.IActionResult] PostDetails(Int32)" on controller "Forum.Controllers.PostController" ("Forum").
2023-10-26 03:35:50.507 +02:00 [Information] Executing ViewResult, running view "PostDetails".
2023-10-26 03:35:50.564 +02:00 [Information] Executed ViewResult - view "PostDetails" executed in 57.2783ms.
2023-10-26 03:35:50.564 +02:00 [Information] Executed action "Forum.Controllers.PostController.PostDetails (Forum)" in 66.3495ms
2023-10-26 03:35:50.564 +02:00 [Information] Executed endpoint '"Forum.Controllers.PostController.PostDetails (Forum)"'
2023-10-26 03:35:50.565 +02:00 [Information] Request finished HTTP/2 GET https://localhost:7205/Post/PostDetails/1 - - - 200 - text/html;+charset=utf-8 82.1887ms
2023-10-26 03:35:50.574 +02:00 [Information] Request starting HTTP/2 GET https://localhost:7205/_framework/aspnetcore-browser-refresh.js - -
2023-10-26 03:35:50.574 +02:00 [Information] Request starting HTTP/2 GET https://localhost:7205/Post/PostDetails/style.css - -
2023-10-26 03:35:50.574 +02:00 [Information] Request starting HTTP/2 GET https://localhost:7205/_vs/browserLink - -
2023-10-26 03:35:50.574 +02:00 [Information] Request finished HTTP/2 GET https://localhost:7205/_framework/aspnetcore-browser-refresh.js - - - 200 12342 application/javascript;+charset=utf-8 0.4156ms
2023-10-26 03:35:50.578 +02:00 [Information] Request finished HTTP/2 GET https://localhost:7205/_vs/browserLink - - - 200 - text/javascript;+charset=UTF-8 3.9168ms
2023-10-26 03:35:50.579 +02:00 [Information] Executing endpoint '"Forum.Controllers.PostController.PostDetails (Forum)"'
2023-10-26 03:35:50.579 +02:00 [Information] Route matched with "{action = \"PostDetails\", controller = \"Post\", page = \"\", area = \"\"}". Executing controller action with signature "System.Threading.Tasks.Task`1[Microsoft.AspNetCore.Mvc.IActionResult] PostDetails(Int32)" on controller "Forum.Controllers.PostController" ("Forum").
2023-10-26 03:35:50.589 +02:00 [Error] [PostController] post not found for the TopicId 0000
2023-10-26 03:35:50.594 +02:00 [Information] Executing "NotFoundObjectResult", writing value of type '"System.String"'.
2023-10-26 03:35:50.594 +02:00 [Information] Executed action "Forum.Controllers.PostController.PostDetails (Forum)" in 15.1604ms
2023-10-26 03:35:50.594 +02:00 [Information] Executed endpoint '"Forum.Controllers.PostController.PostDetails (Forum)"'
2023-10-26 03:35:50.594 +02:00 [Information] Request finished HTTP/2 GET https://localhost:7205/Post/PostDetails/style.css - - - 404 - text/plain;+charset=utf-8 20.9165ms
2023-10-26 03:35:51.901 +02:00 [Information] Request starting HTTP/2 GET https://localhost:7205/Comment/CreateComment?postId=1 - -
2023-10-26 03:35:51.906 +02:00 [Information] Executing endpoint '"Forum.Controllers.CommentController.CreateComment (Forum)"'
2023-10-26 03:35:51.907 +02:00 [Information] Route matched with "{action = \"CreateComment\", controller = \"Comment\", page = \"\", area = \"\"}". Executing controller action with signature "Microsoft.AspNetCore.Mvc.IActionResult CreateComment(Int32)" on controller "Forum.Controllers.CommentController" ("Forum").
2023-10-26 03:35:51.910 +02:00 [Information] Executing ViewResult, running view "CreateComment".
2023-10-26 03:35:51.931 +02:00 [Information] Executed ViewResult - view "CreateComment" executed in 20.5759ms.
2023-10-26 03:35:51.931 +02:00 [Information] Executed action "Forum.Controllers.CommentController.CreateComment (Forum)" in 23.8137ms
2023-10-26 03:35:51.931 +02:00 [Information] Executed endpoint '"Forum.Controllers.CommentController.CreateComment (Forum)"'
2023-10-26 03:35:51.932 +02:00 [Information] Request finished HTTP/2 GET https://localhost:7205/Comment/CreateComment?postId=1 - - - 200 - text/html;+charset=utf-8 31.1969ms
2023-10-26 03:35:51.939 +02:00 [Information] Request starting HTTP/2 GET https://localhost:7205/_vs/browserLink - -
2023-10-26 03:35:51.939 +02:00 [Information] Request starting HTTP/2 GET https://localhost:7205/_framework/aspnetcore-browser-refresh.js - -
2023-10-26 03:35:51.939 +02:00 [Information] Request starting HTTP/2 GET https://localhost:7205/Comment/style.css - -
2023-10-26 03:35:51.939 +02:00 [Information] Request finished HTTP/2 GET https://localhost:7205/_framework/aspnetcore-browser-refresh.js - - - 200 12342 application/javascript;+charset=utf-8 0.3475ms
2023-10-26 03:35:51.943 +02:00 [Information] Request finished HTTP/2 GET https://localhost:7205/_vs/browserLink - - - 200 - text/javascript;+charset=UTF-8 4.1348ms
2023-10-26 03:35:51.944 +02:00 [Information] Request finished HTTP/2 GET https://localhost:7205/Comment/style.css - - - 404 0 - 5.4706ms
2023-10-26 03:35:53.247 +02:00 [Information] Request starting HTTP/2 POST https://localhost:7205/Comment/CreateComment application/x-www-form-urlencoded 273
2023-10-26 03:35:53.250 +02:00 [Information] Executing endpoint '"Forum.Controllers.CommentController.CreateComment (Forum)"'
2023-10-26 03:35:53.255 +02:00 [Information] Route matched with "{action = \"CreateComment\", controller = \"Comment\", page = \"\", area = \"\"}". Executing controller action with signature "System.Threading.Tasks.Task`1[Microsoft.AspNetCore.Mvc.IActionResult] CreateComment(Forum.Models.Comment)" on controller "Forum.Controllers.CommentController" ("Forum").
2023-10-26 03:35:53.273 +02:00 [Information] Executing RedirectResult, redirecting to "/Post/PostDetails/1".
2023-10-26 03:35:53.273 +02:00 [Information] Executed action "Forum.Controllers.CommentController.CreateComment (Forum)" in 17.2065ms
2023-10-26 03:35:53.273 +02:00 [Information] Executed endpoint '"Forum.Controllers.CommentController.CreateComment (Forum)"'
2023-10-26 03:35:53.273 +02:00 [Information] Request finished HTTP/2 POST https://localhost:7205/Comment/CreateComment application/x-www-form-urlencoded 273 - 302 0 - 25.9822ms
2023-10-26 03:35:53.275 +02:00 [Information] Request starting HTTP/2 GET https://localhost:7205/Post/PostDetails/1 - -
2023-10-26 03:35:53.278 +02:00 [Information] Executing endpoint '"Forum.Controllers.PostController.PostDetails (Forum)"'
2023-10-26 03:35:53.278 +02:00 [Information] Route matched with "{action = \"PostDetails\", controller = \"Post\", page = \"\", area = \"\"}". Executing controller action with signature "System.Threading.Tasks.Task`1[Microsoft.AspNetCore.Mvc.IActionResult] PostDetails(Int32)" on controller "Forum.Controllers.PostController" ("Forum").
2023-10-26 03:35:53.279 +02:00 [Information] Executing ViewResult, running view "PostDetails".
2023-10-26 03:35:53.291 +02:00 [Information] Executed ViewResult - view "PostDetails" executed in 11.3164ms.
2023-10-26 03:35:53.291 +02:00 [Information] Executed action "Forum.Controllers.PostController.PostDetails (Forum)" in 13.0466ms
2023-10-26 03:35:53.291 +02:00 [Information] Executed endpoint '"Forum.Controllers.PostController.PostDetails (Forum)"'
2023-10-26 03:35:53.292 +02:00 [Information] Request finished HTTP/2 GET https://localhost:7205/Post/PostDetails/1 - - - 200 - text/html;+charset=utf-8 16.5063ms
2023-10-26 03:35:53.300 +02:00 [Information] Request starting HTTP/2 GET https://localhost:7205/_vs/browserLink - -
2023-10-26 03:35:53.300 +02:00 [Information] Request starting HTTP/2 GET https://localhost:7205/_framework/aspnetcore-browser-refresh.js - -
2023-10-26 03:35:53.300 +02:00 [Information] Request starting HTTP/2 GET https://localhost:7205/Post/PostDetails/style.css - -
2023-10-26 03:35:53.300 +02:00 [Information] Request finished HTTP/2 GET https://localhost:7205/_framework/aspnetcore-browser-refresh.js - - - 200 12342 application/javascript;+charset=utf-8 0.4461ms
2023-10-26 03:35:53.304 +02:00 [Information] Executing endpoint '"Forum.Controllers.PostController.PostDetails (Forum)"'
2023-10-26 03:35:53.304 +02:00 [Information] Route matched with "{action = \"PostDetails\", controller = \"Post\", page = \"\", area = \"\"}". Executing controller action with signature "System.Threading.Tasks.Task`1[Microsoft.AspNetCore.Mvc.IActionResult] PostDetails(Int32)" on controller "Forum.Controllers.PostController" ("Forum").
2023-10-26 03:35:53.304 +02:00 [Information] Request finished HTTP/2 GET https://localhost:7205/_vs/browserLink - - - 200 - text/javascript;+charset=UTF-8 4.1615ms
2023-10-26 03:35:53.307 +02:00 [Error] [PostController] post not found for the TopicId 0000
2023-10-26 03:35:53.307 +02:00 [Information] Executing "NotFoundObjectResult", writing value of type '"System.String"'.
2023-10-26 03:35:53.308 +02:00 [Information] Executed action "Forum.Controllers.PostController.PostDetails (Forum)" in 3.9318ms
2023-10-26 03:35:53.308 +02:00 [Information] Executed endpoint '"Forum.Controllers.PostController.PostDetails (Forum)"'
2023-10-26 03:35:53.308 +02:00 [Information] Request finished HTTP/2 GET https://localhost:7205/Post/PostDetails/style.css - - - 404 - text/plain;+charset=utf-8 7.8328ms
