2023-10-25 16:55:32.741 +02:00 [Information] User profile is available. Using '"C:\Users\Johan\AppData\Local\ASP.NET\DataProtection-Keys"' as key repository and Windows DPAPI to encrypt keys at rest.
2023-10-25 16:55:33.296 +02:00 [Information] Now listening on: "https://localhost:7205"
2023-10-25 16:55:33.296 +02:00 [Information] Now listening on: "http://localhost:5112"
2023-10-25 16:55:33.301 +02:00 [Information] Application started. Press Ctrl+C to shut down.
2023-10-25 16:55:33.302 +02:00 [Information] Hosting environment: "Development"
2023-10-25 16:55:33.303 +02:00 [Information] Content root path: "C:\Users\Johan\Source\Repos\N4h0\Forum\MyShop\"
2023-10-25 16:55:33.680 +02:00 [Information] Request starting HTTP/2 GET https://localhost:7205/ - -
2023-10-25 16:55:33.729 +02:00 [Information] Executing endpoint '"Forum.Controllers.HomeController.Index (Forum)"'
2023-10-25 16:55:33.739 +02:00 [Information] Route matched with "{action = \"Index\", controller = \"Home\", page = \"\", area = \"\"}". Executing controller action with signature "System.Threading.Tasks.Task`1[Microsoft.AspNetCore.Mvc.IActionResult] Index()" on controller "Forum.Controllers.HomeController" ("Forum").
2023-10-25 16:55:33.772 +02:00 [Information] Executing ViewResult, running view "Index".
2023-10-25 16:55:33.858 +02:00 [Information] Executed ViewResult - view "Index" executed in 86.6551ms.
2023-10-25 16:55:33.859 +02:00 [Information] Executed action "Forum.Controllers.HomeController.Index (Forum)" in 119.0371ms
2023-10-25 16:55:33.859 +02:00 [Information] Executed endpoint '"Forum.Controllers.HomeController.Index (Forum)"'
2023-10-25 16:55:33.867 +02:00 [Information] Request finished HTTP/2 GET https://localhost:7205/ - - - 200 - text/html;+charset=utf-8 189.1457ms
2023-10-25 16:55:33.874 +02:00 [Information] Request starting HTTP/2 GET https://localhost:7205/style.css - -
2023-10-25 16:55:33.877 +02:00 [Information] Request finished HTTP/2 GET https://localhost:7205/style.css - - - 404 0 - 3.0369ms
2023-10-25 16:55:33.898 +02:00 [Information] Request starting HTTP/2 GET https://localhost:7205/_framework/aspnetcore-browser-refresh.js - -
2023-10-25 16:55:33.900 +02:00 [Information] Request finished HTTP/2 GET https://localhost:7205/_framework/aspnetcore-browser-refresh.js - - - 200 12342 application/javascript;+charset=utf-8 2.3845ms
2023-10-25 16:55:44.199 +02:00 [Information] Request starting HTTP/2 GET https://localhost:7205/Category/CategoryDetails/1 - -
2023-10-25 16:55:44.201 +02:00 [Information] Executing endpoint '"Forum.Controllers.CategoryController.CategoryDetails (Forum)"'
2023-10-25 16:55:44.209 +02:00 [Information] Route matched with "{action = \"CategoryDetails\", controller = \"Category\", page = \"\", area = \"\"}". Executing controller action with signature "System.Threading.Tasks.Task`1[Microsoft.AspNetCore.Mvc.IActionResult] CategoryDetails(Int32)" on controller "Forum.Controllers.CategoryController" ("Forum").
2023-10-25 16:55:44.218 +02:00 [Information] [CategoryController] ID passed to CategoryController: 1.
2023-10-25 16:55:44.227 +02:00 [Information] Executing ViewResult, running view "CategoryDetails".
2023-10-25 16:55:44.261 +02:00 [Information] Executed ViewResult - view "CategoryDetails" executed in 34.2403ms.
2023-10-25 16:55:44.261 +02:00 [Information] Executed action "Forum.Controllers.CategoryController.CategoryDetails (Forum)" in 52.5079ms
2023-10-25 16:55:44.261 +02:00 [Information] Executed endpoint '"Forum.Controllers.CategoryController.CategoryDetails (Forum)"'
2023-10-25 16:55:44.261 +02:00 [Information] Request finished HTTP/2 GET https://localhost:7205/Category/CategoryDetails/1 - - - 200 - text/html;+charset=utf-8 61.9230ms
2023-10-25 16:55:44.274 +02:00 [Information] Request starting HTTP/2 GET https://localhost:7205/Category/CategoryDetails/style.css - -
2023-10-25 16:55:44.274 +02:00 [Information] Request starting HTTP/2 GET https://localhost:7205/_framework/aspnetcore-browser-refresh.js - -
2023-10-25 16:55:44.274 +02:00 [Information] Request finished HTTP/2 GET https://localhost:7205/_framework/aspnetcore-browser-refresh.js - - - 200 12342 application/javascript;+charset=utf-8 0.4204ms
2023-10-25 16:55:44.275 +02:00 [Information] Executing endpoint '"Forum.Controllers.CategoryController.CategoryDetails (Forum)"'
2023-10-25 16:55:44.275 +02:00 [Information] Route matched with "{action = \"CategoryDetails\", controller = \"Category\", page = \"\", area = \"\"}". Executing controller action with signature "System.Threading.Tasks.Task`1[Microsoft.AspNetCore.Mvc.IActionResult] CategoryDetails(Int32)" on controller "Forum.Controllers.CategoryController" ("Forum").
2023-10-25 16:55:44.280 +02:00 [Information] [CategoryController] ID passed to CategoryController: 0.
2023-10-25 16:55:44.289 +02:00 [Error] [CategoryController] Category not found for the categoryId 0.
2023-10-25 16:55:44.294 +02:00 [Information] Executing "NotFoundObjectResult", writing value of type '"System.String"'.
2023-10-25 16:55:44.294 +02:00 [Information] Executed action "Forum.Controllers.CategoryController.CategoryDetails (Forum)" in 19.3164ms
2023-10-25 16:55:44.294 +02:00 [Information] Executed endpoint '"Forum.Controllers.CategoryController.CategoryDetails (Forum)"'
2023-10-25 16:55:44.295 +02:00 [Information] Request finished HTTP/2 GET https://localhost:7205/Category/CategoryDetails/style.css - - - 404 - text/plain;+charset=utf-8 21.0197ms
2023-10-25 16:55:49.070 +02:00 [Information] Request starting HTTP/2 GET https://localhost:7205/ - -
2023-10-25 16:55:49.071 +02:00 [Information] Executing endpoint '"Forum.Controllers.HomeController.Index (Forum)"'
2023-10-25 16:55:49.071 +02:00 [Information] Route matched with "{action = \"Index\", controller = \"Home\", page = \"\", area = \"\"}". Executing controller action with signature "System.Threading.Tasks.Task`1[Microsoft.AspNetCore.Mvc.IActionResult] Index()" on controller "Forum.Controllers.HomeController" ("Forum").
2023-10-25 16:55:49.074 +02:00 [Information] Executing ViewResult, running view "Index".
2023-10-25 16:55:49.075 +02:00 [Information] Executed ViewResult - view "Index" executed in 1.0945ms.
2023-10-25 16:55:49.075 +02:00 [Information] Executed action "Forum.Controllers.HomeController.Index (Forum)" in 4.3999ms
2023-10-25 16:55:49.075 +02:00 [Information] Executed endpoint '"Forum.Controllers.HomeController.Index (Forum)"'
2023-10-25 16:55:49.075 +02:00 [Information] Request finished HTTP/2 GET https://localhost:7205/ - - - 200 - text/html;+charset=utf-8 4.9630ms
2023-10-25 16:55:49.091 +02:00 [Information] Request starting HTTP/2 GET https://localhost:7205/style.css - -
2023-10-25 16:55:49.091 +02:00 [Information] Request starting HTTP/2 GET https://localhost:7205/_framework/aspnetcore-browser-refresh.js - -
2023-10-25 16:55:49.091 +02:00 [Information] Request finished HTTP/2 GET https://localhost:7205/_framework/aspnetcore-browser-refresh.js - - - 200 12342 application/javascript;+charset=utf-8 0.2180ms
2023-10-25 16:55:49.091 +02:00 [Information] Request finished HTTP/2 GET https://localhost:7205/style.css - - - 404 0 - 0.3600ms
2023-10-25 16:55:49.650 +02:00 [Information] Request starting HTTP/2 GET https://localhost:7205/Category/CategoryTable - -
2023-10-25 16:55:49.650 +02:00 [Information] Executing endpoint '"Forum.Controllers.CategoryController.CategoryTable (Forum)"'
2023-10-25 16:55:49.651 +02:00 [Information] Route matched with "{action = \"CategoryTable\", controller = \"Category\", page = \"\", area = \"\"}". Executing controller action with signature "System.Threading.Tasks.Task`1[Microsoft.AspNetCore.Mvc.IActionResult] CategoryTable()" on controller "Forum.Controllers.CategoryController" ("Forum").
2023-10-25 16:55:49.658 +02:00 [Information] Executing ViewResult, running view "CategoryTable".
2023-10-25 16:55:49.662 +02:00 [Information] Executed ViewResult - view "CategoryTable" executed in 4.9724ms.
2023-10-25 16:55:49.662 +02:00 [Information] Executed action "Forum.Controllers.CategoryController.CategoryTable (Forum)" in 10.7694ms
2023-10-25 16:55:49.662 +02:00 [Information] Executed endpoint '"Forum.Controllers.CategoryController.CategoryTable (Forum)"'
2023-10-25 16:55:49.662 +02:00 [Information] Request finished HTTP/2 GET https://localhost:7205/Category/CategoryTable - - - 200 - text/html;+charset=utf-8 12.6021ms
2023-10-25 16:55:49.675 +02:00 [Information] Request starting HTTP/2 GET https://localhost:7205/_framework/aspnetcore-browser-refresh.js - -
2023-10-25 16:55:49.675 +02:00 [Information] Request starting HTTP/2 GET https://localhost:7205/Category/style.css - -
2023-10-25 16:55:49.676 +02:00 [Information] Request finished HTTP/2 GET https://localhost:7205/_framework/aspnetcore-browser-refresh.js - - - 200 12342 application/javascript;+charset=utf-8 0.2818ms
2023-10-25 16:55:49.676 +02:00 [Information] Request finished HTTP/2 GET https://localhost:7205/Category/style.css - - - 404 0 - 0.5216ms
2023-10-25 16:55:50.114 +02:00 [Information] Request starting HTTP/2 GET https://localhost:7205/ - -
2023-10-25 16:55:50.114 +02:00 [Information] Executing endpoint '"Forum.Controllers.HomeController.Index (Forum)"'
2023-10-25 16:55:50.114 +02:00 [Information] Route matched with "{action = \"Index\", controller = \"Home\", page = \"\", area = \"\"}". Executing controller action with signature "System.Threading.Tasks.Task`1[Microsoft.AspNetCore.Mvc.IActionResult] Index()" on controller "Forum.Controllers.HomeController" ("Forum").
2023-10-25 16:55:50.118 +02:00 [Information] Executing ViewResult, running view "Index".
2023-10-25 16:55:50.119 +02:00 [Information] Executed ViewResult - view "Index" executed in 0.9218ms.
2023-10-25 16:55:50.119 +02:00 [Information] Executed action "Forum.Controllers.HomeController.Index (Forum)" in 4.2192ms
2023-10-25 16:55:50.119 +02:00 [Information] Executed endpoint '"Forum.Controllers.HomeController.Index (Forum)"'
2023-10-25 16:55:50.119 +02:00 [Information] Request finished HTTP/2 GET https://localhost:7205/ - - - 200 - text/html;+charset=utf-8 4.8069ms
2023-10-25 16:55:50.132 +02:00 [Information] Request starting HTTP/2 GET https://localhost:7205/_framework/aspnetcore-browser-refresh.js - -
2023-10-25 16:55:50.132 +02:00 [Information] Request starting HTTP/2 GET https://localhost:7205/style.css - -
2023-10-25 16:55:50.132 +02:00 [Information] Request finished HTTP/2 GET https://localhost:7205/_framework/aspnetcore-browser-refresh.js - - - 200 12342 application/javascript;+charset=utf-8 0.2681ms
2023-10-25 16:55:50.132 +02:00 [Information] Request finished HTTP/2 GET https://localhost:7205/style.css - - - 404 0 - 0.4685ms
2023-10-25 16:55:51.182 +02:00 [Information] Request starting HTTP/2 GET https://localhost:7205/Post/PostDetails/1 - -
2023-10-25 16:55:51.182 +02:00 [Information] Executing endpoint '"Forum.Controllers.PostController.PostDetails (Forum)"'
2023-10-25 16:55:51.184 +02:00 [Information] Route matched with "{action = \"PostDetails\", controller = \"Post\", page = \"\", area = \"\"}". Executing controller action with signature "System.Threading.Tasks.Task`1[Microsoft.AspNetCore.Mvc.IActionResult] PostDetails(Int32)" on controller "Forum.Controllers.PostController" ("Forum").
2023-10-25 16:55:51.191 +02:00 [Information] Executing ViewResult, running view "PostDetails".
2023-10-25 16:55:51.203 +02:00 [Information] Executed ViewResult - view "PostDetails" executed in 12.6174ms.
2023-10-25 16:55:51.203 +02:00 [Information] Executed action "Forum.Controllers.PostController.PostDetails (Forum)" in 18.9772ms
2023-10-25 16:55:51.203 +02:00 [Information] Executed endpoint '"Forum.Controllers.PostController.PostDetails (Forum)"'
2023-10-25 16:55:51.203 +02:00 [Information] Request finished HTTP/2 GET https://localhost:7205/Post/PostDetails/1 - - - 200 - text/html;+charset=utf-8 21.3709ms
2023-10-25 16:55:51.217 +02:00 [Information] Request starting HTTP/2 GET https://localhost:7205/_framework/aspnetcore-browser-refresh.js - -
2023-10-25 16:55:51.217 +02:00 [Information] Request starting HTTP/2 GET https://localhost:7205/Post/PostDetails/style.css - -
2023-10-25 16:55:51.218 +02:00 [Information] Request finished HTTP/2 GET https://localhost:7205/_framework/aspnetcore-browser-refresh.js - - - 200 12342 application/javascript;+charset=utf-8 0.3683ms
2023-10-25 16:55:51.218 +02:00 [Information] Executing endpoint '"Forum.Controllers.PostController.PostDetails (Forum)"'
2023-10-25 16:55:51.219 +02:00 [Information] Route matched with "{action = \"PostDetails\", controller = \"Post\", page = \"\", area = \"\"}". Executing controller action with signature "System.Threading.Tasks.Task`1[Microsoft.AspNetCore.Mvc.IActionResult] PostDetails(Int32)" on controller "Forum.Controllers.PostController" ("Forum").
2023-10-25 16:55:51.224 +02:00 [Error] [PostController] post not found for the TopicId 0000
2023-10-25 16:55:51.224 +02:00 [Information] Executing "NotFoundObjectResult", writing value of type '"System.String"'.
2023-10-25 16:55:51.224 +02:00 [Information] Executed action "Forum.Controllers.PostController.PostDetails (Forum)" in 5.5394ms
2023-10-25 16:55:51.224 +02:00 [Information] Executed endpoint '"Forum.Controllers.PostController.PostDetails (Forum)"'
2023-10-25 16:55:51.224 +02:00 [Information] Request finished HTTP/2 GET https://localhost:7205/Post/PostDetails/style.css - - - 404 - text/plain;+charset=utf-8 6.9954ms
2023-10-25 16:55:55.075 +02:00 [Information] Request starting HTTP/2 GET https://localhost:7205/Identity/Account/Login - -
2023-10-25 16:55:55.076 +02:00 [Information] Executing endpoint '"/Account/Login"'
2023-10-25 16:55:55.081 +02:00 [Information] Route matched with "{page = \"/Account/Login\", area = \"Identity\", action = \"\", controller = \"\"}". Executing page "/Account/Login"
2023-10-25 16:55:55.091 +02:00 [Information] Executing handler method "Forum.Areas.Identity.Pages.Account.LoginModel.OnGetAsync" - ModelState is Valid
2023-10-25 16:55:55.095 +02:00 [Information] AuthenticationScheme: "Identity.External" signed out.
2023-10-25 16:55:55.096 +02:00 [Information] Executed handler method "OnGetAsync", returned result "".
2023-10-25 16:55:55.098 +02:00 [Information] Executing an implicit handler method - ModelState is Valid
2023-10-25 16:55:55.098 +02:00 [Information] Executed an implicit handler method, returned result "Microsoft.AspNetCore.Mvc.RazorPages.PageResult".
2023-10-25 16:55:55.123 +02:00 [Information] Executed page "/Account/Login" in 41.9109ms
2023-10-25 16:55:55.123 +02:00 [Information] Executed endpoint '"/Account/Login"'
2023-10-25 16:55:55.123 +02:00 [Information] Request finished HTTP/2 GET https://localhost:7205/Identity/Account/Login - - - 200 - text/html;+charset=utf-8 48.4285ms
2023-10-25 16:55:55.137 +02:00 [Information] Request starting HTTP/2 GET https://localhost:7205/Identity/Account/style.css - -
2023-10-25 16:55:55.138 +02:00 [Information] Request starting HTTP/2 GET https://localhost:7205/_framework/aspnetcore-browser-refresh.js - -
2023-10-25 16:55:55.138 +02:00 [Information] Request finished HTTP/2 GET https://localhost:7205/_framework/aspnetcore-browser-refresh.js - - - 200 12342 application/javascript;+charset=utf-8 0.1434ms
2023-10-25 16:55:55.141 +02:00 [Information] Request finished HTTP/2 GET https://localhost:7205/Identity/Account/style.css - - - 404 0 - 3.3570ms
2023-10-25 16:55:56.219 +02:00 [Information] Request starting HTTP/2 GET https://localhost:7205/Category/CategoryTable - -
2023-10-25 16:55:56.220 +02:00 [Information] Executing endpoint '"Forum.Controllers.CategoryController.CategoryTable (Forum)"'
2023-10-25 16:55:56.220 +02:00 [Information] Route matched with "{action = \"CategoryTable\", controller = \"Category\", page = \"\", area = \"\"}". Executing controller action with signature "System.Threading.Tasks.Task`1[Microsoft.AspNetCore.Mvc.IActionResult] CategoryTable()" on controller "Forum.Controllers.CategoryController" ("Forum").
2023-10-25 16:55:56.222 +02:00 [Information] Executing ViewResult, running view "CategoryTable".
2023-10-25 16:55:56.223 +02:00 [Information] Executed ViewResult - view "CategoryTable" executed in 0.6275ms.
2023-10-25 16:55:56.223 +02:00 [Information] Executed action "Forum.Controllers.CategoryController.CategoryTable (Forum)" in 3.4319ms
2023-10-25 16:55:56.223 +02:00 [Information] Executed endpoint '"Forum.Controllers.CategoryController.CategoryTable (Forum)"'
2023-10-25 16:55:56.223 +02:00 [Information] Request finished HTTP/2 GET https://localhost:7205/Category/CategoryTable - - - 200 - text/html;+charset=utf-8 3.9296ms
2023-10-25 16:55:56.234 +02:00 [Information] Request starting HTTP/2 GET https://localhost:7205/_framework/aspnetcore-browser-refresh.js - -
2023-10-25 16:55:56.234 +02:00 [Information] Request starting HTTP/2 GET https://localhost:7205/Category/style.css - -
2023-10-25 16:55:56.234 +02:00 [Information] Request finished HTTP/2 GET https://localhost:7205/_framework/aspnetcore-browser-refresh.js - - - 200 12342 application/javascript;+charset=utf-8 0.1909ms
2023-10-25 16:55:56.234 +02:00 [Information] Request finished HTTP/2 GET https://localhost:7205/Category/style.css - - - 404 0 - 0.4868ms
2023-10-25 16:55:59.800 +02:00 [Information] Request starting HTTP/2 GET https://localhost:7205/Category/CategoryGrid - -
2023-10-25 16:55:59.800 +02:00 [Information] Executing endpoint '"Forum.Controllers.CategoryController.CategoryGrid (Forum)"'
2023-10-25 16:55:59.801 +02:00 [Information] Route matched with "{action = \"CategoryGrid\", controller = \"Category\", page = \"\", area = \"\"}". Executing controller action with signature "System.Threading.Tasks.Task`1[Microsoft.AspNetCore.Mvc.IActionResult] CategoryGrid()" on controller "Forum.Controllers.CategoryController" ("Forum").
2023-10-25 16:55:59.806 +02:00 [Information] Executing ViewResult, running view "CategoryGrid".
2023-10-25 16:55:59.809 +02:00 [Information] Executed ViewResult - view "CategoryGrid" executed in 4.0835ms.
2023-10-25 16:55:59.809 +02:00 [Information] Executed action "Forum.Controllers.CategoryController.CategoryGrid (Forum)" in 7.9837ms
2023-10-25 16:55:59.809 +02:00 [Information] Executed endpoint '"Forum.Controllers.CategoryController.CategoryGrid (Forum)"'
2023-10-25 16:55:59.809 +02:00 [Information] Request finished HTTP/2 GET https://localhost:7205/Category/CategoryGrid - - - 200 - text/html;+charset=utf-8 9.7963ms
2023-10-25 16:55:59.824 +02:00 [Information] Request starting HTTP/2 GET https://localhost:7205/Category/style.css - -
2023-10-25 16:55:59.825 +02:00 [Information] Request starting HTTP/2 GET https://localhost:7205/images/category_1.jpg - -
2023-10-25 16:55:59.825 +02:00 [Information] Request starting HTTP/2 GET https://localhost:7205/images/category_2.jpg - -
2023-10-25 16:55:59.825 +02:00 [Information] Request finished HTTP/2 GET https://localhost:7205/Category/style.css - - - 404 0 - 0.8498ms
2023-10-25 16:55:59.827 +02:00 [Information] Request starting HTTP/2 GET https://localhost:7205/images/category_3.jpg - -
2023-10-25 16:55:59.828 +02:00 [Information] Request starting HTTP/2 GET https://localhost:7205/images/category_4.jpg - -
2023-10-25 16:55:59.828 +02:00 [Information] Request starting HTTP/2 GET https://localhost:7205/images/category_5.jpg - -
2023-10-25 16:55:59.828 +02:00 [Information] Request starting HTTP/2 GET https://localhost:7205/_framework/aspnetcore-browser-refresh.js - -
2023-10-25 16:55:59.831 +02:00 [Information] Request finished HTTP/2 GET https://localhost:7205/_framework/aspnetcore-browser-refresh.js - - - 200 12342 application/javascript;+charset=utf-8 2.8149ms
2023-10-25 16:55:59.835 +02:00 [Information] Request starting HTTP/2 GET https://localhost:7205/images/category_6.jpg - -
2023-10-25 16:55:59.836 +02:00 [Information] Request starting HTTP/2 GET https://localhost:7205/images/category_7.jpg - -
2023-10-25 16:55:59.840 +02:00 [Information] Request starting HTTP/2 GET https://localhost:7205/images/category_8.jpg - -
2023-10-25 16:55:59.899 +02:00 [Information] Sending file. Request path: '"/images/category_1.jpg"'. Physical path: '"C:\Users\Johan\Source\Repos\N4h0\Forum\MyShop\wwwroot\images\Category_1.jpg"'
2023-10-25 16:55:59.899 +02:00 [Information] Sending file. Request path: '"/images/category_2.jpg"'. Physical path: '"C:\Users\Johan\Source\Repos\N4h0\Forum\MyShop\wwwroot\images\Category_2.jpg"'
2023-10-25 16:55:59.899 +02:00 [Information] Sending file. Request path: '"/images/category_3.jpg"'. Physical path: '"C:\Users\Johan\Source\Repos\N4h0\Forum\MyShop\wwwroot\images\Category_3.jpg"'
2023-10-25 16:55:59.899 +02:00 [Information] Sending file. Request path: '"/images/category_5.jpg"'. Physical path: '"C:\Users\Johan\Source\Repos\N4h0\Forum\MyShop\wwwroot\images\category_5.jpg"'
2023-10-25 16:55:59.899 +02:00 [Information] Sending file. Request path: '"/images/category_6.jpg"'. Physical path: '"C:\Users\Johan\Source\Repos\N4h0\Forum\MyShop\wwwroot\images\Category_6.jpg"'
2023-10-25 16:55:59.899 +02:00 [Information] Sending file. Request path: '"/images/category_8.jpg"'. Physical path: '"C:\Users\Johan\Source\Repos\N4h0\Forum\MyShop\wwwroot\images\Category_8.jpg"'
2023-10-25 16:55:59.899 +02:00 [Information] Sending file. Request path: '"/images/category_4.jpg"'. Physical path: '"C:\Users\Johan\Source\Repos\N4h0\Forum\MyShop\wwwroot\images\Category_4.jpg"'
2023-10-25 16:55:59.899 +02:00 [Information] Sending file. Request path: '"/images/category_7.jpg"'. Physical path: '"C:\Users\Johan\Source\Repos\N4h0\Forum\MyShop\wwwroot\images\Category_7.jpg"'
2023-10-25 16:55:59.902 +02:00 [Information] Request finished HTTP/2 GET https://localhost:7205/images/category_3.jpg - - - 200 80924 image/jpeg 74.3159ms
2023-10-25 16:55:59.902 +02:00 [Information] Request finished HTTP/2 GET https://localhost:7205/images/category_7.jpg - - - 200 28860 image/jpeg 65.8995ms
2023-10-25 16:55:59.902 +02:00 [Information] Request finished HTTP/2 GET https://localhost:7205/images/category_6.jpg - - - 200 21828 image/jpeg 66.4221ms
2023-10-25 16:55:59.902 +02:00 [Information] Request finished HTTP/2 GET https://localhost:7205/images/category_2.jpg - - - 200 72605 image/jpeg 76.4516ms
2023-10-25 16:55:59.902 +02:00 [Information] Request finished HTTP/2 GET https://localhost:7205/images/category_1.jpg - - - 200 91306 image/jpeg 76.9818ms
2023-10-25 16:55:59.902 +02:00 [Information] Request finished HTTP/2 GET https://localhost:7205/images/category_8.jpg - - - 200 23077 image/jpeg 61.9221ms
2023-10-25 16:55:59.902 +02:00 [Information] Request finished HTTP/2 GET https://localhost:7205/images/category_4.jpg - - - 200 20311 image/jpeg 74.1574ms
2023-10-25 16:55:59.902 +02:00 [Information] Request finished HTTP/2 GET https://localhost:7205/images/category_5.jpg - - - 200 44604 image/jpeg 73.9962ms
2023-10-25 16:56:03.704 +02:00 [Information] Request starting HTTP/2 GET https://localhost:7205/Category/CategoryDetails/1 - -
2023-10-25 16:56:03.704 +02:00 [Information] Executing endpoint '"Forum.Controllers.CategoryController.CategoryDetails (Forum)"'
2023-10-25 16:56:03.704 +02:00 [Information] Route matched with "{action = \"CategoryDetails\", controller = \"Category\", page = \"\", area = \"\"}". Executing controller action with signature "System.Threading.Tasks.Task`1[Microsoft.AspNetCore.Mvc.IActionResult] CategoryDetails(Int32)" on controller "Forum.Controllers.CategoryController" ("Forum").
2023-10-25 16:56:03.707 +02:00 [Information] [CategoryController] ID passed to CategoryController: 1.
2023-10-25 16:56:03.709 +02:00 [Information] Executing ViewResult, running view "CategoryDetails".
2023-10-25 16:56:03.712 +02:00 [Information] Executed ViewResult - view "CategoryDetails" executed in 2.5129ms.
2023-10-25 16:56:03.712 +02:00 [Information] Executed action "Forum.Controllers.CategoryController.CategoryDetails (Forum)" in 7.6076ms
2023-10-25 16:56:03.712 +02:00 [Information] Executed endpoint '"Forum.Controllers.CategoryController.CategoryDetails (Forum)"'
2023-10-25 16:56:03.712 +02:00 [Information] Request finished HTTP/2 GET https://localhost:7205/Category/CategoryDetails/1 - - - 200 - text/html;+charset=utf-8 8.0982ms
2023-10-25 16:56:03.725 +02:00 [Information] Request starting HTTP/2 GET https://localhost:7205/Category/CategoryDetails/style.css - -
2023-10-25 16:56:03.725 +02:00 [Information] Request starting HTTP/2 GET https://localhost:7205/_framework/aspnetcore-browser-refresh.js - -
2023-10-25 16:56:03.725 +02:00 [Information] Executing endpoint '"Forum.Controllers.CategoryController.CategoryDetails (Forum)"'
2023-10-25 16:56:03.725 +02:00 [Information] Request finished HTTP/2 GET https://localhost:7205/_framework/aspnetcore-browser-refresh.js - - - 200 12342 application/javascript;+charset=utf-8 0.2081ms
2023-10-25 16:56:03.725 +02:00 [Information] Route matched with "{action = \"CategoryDetails\", controller = \"Category\", page = \"\", area = \"\"}". Executing controller action with signature "System.Threading.Tasks.Task`1[Microsoft.AspNetCore.Mvc.IActionResult] CategoryDetails(Int32)" on controller "Forum.Controllers.CategoryController" ("Forum").
2023-10-25 16:56:03.729 +02:00 [Information] [CategoryController] ID passed to CategoryController: 0.
2023-10-25 16:56:03.733 +02:00 [Error] [CategoryController] Category not found for the categoryId 0.
2023-10-25 16:56:03.733 +02:00 [Information] Executing "NotFoundObjectResult", writing value of type '"System.String"'.
2023-10-25 16:56:03.733 +02:00 [Information] Executed action "Forum.Controllers.CategoryController.CategoryDetails (Forum)" in 7.4698ms
2023-10-25 16:56:03.733 +02:00 [Information] Executed endpoint '"Forum.Controllers.CategoryController.CategoryDetails (Forum)"'
2023-10-25 16:56:03.733 +02:00 [Information] Request finished HTTP/2 GET https://localhost:7205/Category/CategoryDetails/style.css - - - 404 - text/plain;+charset=utf-8 8.2864ms
2023-10-25 16:56:07.269 +02:00 [Information] Request starting HTTP/2 GET https://localhost:7205/Category/CategoryTable - -
2023-10-25 16:56:07.269 +02:00 [Information] Executing endpoint '"Forum.Controllers.CategoryController.CategoryTable (Forum)"'
2023-10-25 16:56:07.269 +02:00 [Information] Route matched with "{action = \"CategoryTable\", controller = \"Category\", page = \"\", area = \"\"}". Executing controller action with signature "System.Threading.Tasks.Task`1[Microsoft.AspNetCore.Mvc.IActionResult] CategoryTable()" on controller "Forum.Controllers.CategoryController" ("Forum").
2023-10-25 16:56:07.273 +02:00 [Information] Executing ViewResult, running view "CategoryTable".
2023-10-25 16:56:07.274 +02:00 [Information] Executed ViewResult - view "CategoryTable" executed in 0.968ms.
2023-10-25 16:56:07.274 +02:00 [Information] Executed action "Forum.Controllers.CategoryController.CategoryTable (Forum)" in 4.7513ms
2023-10-25 16:56:07.274 +02:00 [Information] Executed endpoint '"Forum.Controllers.CategoryController.CategoryTable (Forum)"'
2023-10-25 16:56:07.274 +02:00 [Information] Request finished HTTP/2 GET https://localhost:7205/Category/CategoryTable - - - 200 - text/html;+charset=utf-8 5.2838ms
2023-10-25 16:56:07.289 +02:00 [Information] Request starting HTTP/2 GET https://localhost:7205/_framework/aspnetcore-browser-refresh.js - -
2023-10-25 16:56:07.289 +02:00 [Information] Request starting HTTP/2 GET https://localhost:7205/Category/style.css - -
2023-10-25 16:56:07.289 +02:00 [Information] Request finished HTTP/2 GET https://localhost:7205/_framework/aspnetcore-browser-refresh.js - - - 200 12342 application/javascript;+charset=utf-8 0.4003ms
2023-10-25 16:56:07.289 +02:00 [Information] Request finished HTTP/2 GET https://localhost:7205/Category/style.css - - - 404 0 - 0.7312ms
2023-10-25 16:56:08.343 +02:00 [Information] Request starting HTTP/2 GET https://localhost:7205/Category/CategoryDetails/1 - -
2023-10-25 16:56:08.343 +02:00 [Information] Executing endpoint '"Forum.Controllers.CategoryController.CategoryDetails (Forum)"'
2023-10-25 16:56:08.343 +02:00 [Information] Route matched with "{action = \"CategoryDetails\", controller = \"Category\", page = \"\", area = \"\"}". Executing controller action with signature "System.Threading.Tasks.Task`1[Microsoft.AspNetCore.Mvc.IActionResult] CategoryDetails(Int32)" on controller "Forum.Controllers.CategoryController" ("Forum").
2023-10-25 16:56:08.347 +02:00 [Information] [CategoryController] ID passed to CategoryController: 1.
2023-10-25 16:56:08.349 +02:00 [Information] Executing ViewResult, running view "CategoryDetails".
2023-10-25 16:56:08.351 +02:00 [Information] Executed ViewResult - view "CategoryDetails" executed in 2.488ms.
2023-10-25 16:56:08.351 +02:00 [Information] Executed action "Forum.Controllers.CategoryController.CategoryDetails (Forum)" in 7.934ms
2023-10-25 16:56:08.351 +02:00 [Information] Executed endpoint '"Forum.Controllers.CategoryController.CategoryDetails (Forum)"'
2023-10-25 16:56:08.351 +02:00 [Information] Request finished HTTP/2 GET https://localhost:7205/Category/CategoryDetails/1 - - - 200 - text/html;+charset=utf-8 8.4516ms
2023-10-25 16:56:08.366 +02:00 [Information] Request starting HTTP/2 GET https://localhost:7205/_framework/aspnetcore-browser-refresh.js - -
2023-10-25 16:56:08.366 +02:00 [Information] Request starting HTTP/2 GET https://localhost:7205/Category/CategoryDetails/style.css - -
2023-10-25 16:56:08.366 +02:00 [Information] Request finished HTTP/2 GET https://localhost:7205/_framework/aspnetcore-browser-refresh.js - - - 200 12342 application/javascript;+charset=utf-8 0.3537ms
2023-10-25 16:56:08.367 +02:00 [Information] Executing endpoint '"Forum.Controllers.CategoryController.CategoryDetails (Forum)"'
2023-10-25 16:56:08.367 +02:00 [Information] Route matched with "{action = \"CategoryDetails\", controller = \"Category\", page = \"\", area = \"\"}". Executing controller action with signature "System.Threading.Tasks.Task`1[Microsoft.AspNetCore.Mvc.IActionResult] CategoryDetails(Int32)" on controller "Forum.Controllers.CategoryController" ("Forum").
2023-10-25 16:56:08.371 +02:00 [Information] [CategoryController] ID passed to CategoryController: 0.
2023-10-25 16:56:08.375 +02:00 [Error] [CategoryController] Category not found for the categoryId 0.
2023-10-25 16:56:08.375 +02:00 [Information] Executing "NotFoundObjectResult", writing value of type '"System.String"'.
2023-10-25 16:56:08.375 +02:00 [Information] Executed action "Forum.Controllers.CategoryController.CategoryDetails (Forum)" in 8.1717ms
2023-10-25 16:56:08.375 +02:00 [Information] Executed endpoint '"Forum.Controllers.CategoryController.CategoryDetails (Forum)"'
2023-10-25 16:56:08.375 +02:00 [Information] Request finished HTTP/2 GET https://localhost:7205/Category/CategoryDetails/style.css - - - 404 - text/plain;+charset=utf-8 8.7926ms
2023-10-25 16:56:10.528 +02:00 [Information] Request starting HTTP/2 GET https://localhost:7205/Category/CategoryTable - -
2023-10-25 16:56:10.528 +02:00 [Information] Executing endpoint '"Forum.Controllers.CategoryController.CategoryTable (Forum)"'
2023-10-25 16:56:10.528 +02:00 [Information] Route matched with "{action = \"CategoryTable\", controller = \"Category\", page = \"\", area = \"\"}". Executing controller action with signature "System.Threading.Tasks.Task`1[Microsoft.AspNetCore.Mvc.IActionResult] CategoryTable()" on controller "Forum.Controllers.CategoryController" ("Forum").
2023-10-25 16:56:10.532 +02:00 [Information] Executing ViewResult, running view "CategoryTable".
2023-10-25 16:56:10.532 +02:00 [Information] Executed ViewResult - view "CategoryTable" executed in 0.629ms.
2023-10-25 16:56:10.532 +02:00 [Information] Executed action "Forum.Controllers.CategoryController.CategoryTable (Forum)" in 4.1458ms
2023-10-25 16:56:10.532 +02:00 [Information] Executed endpoint '"Forum.Controllers.CategoryController.CategoryTable (Forum)"'
2023-10-25 16:56:10.532 +02:00 [Information] Request finished HTTP/2 GET https://localhost:7205/Category/CategoryTable - - - 200 - text/html;+charset=utf-8 4.7456ms
2023-10-25 16:56:10.548 +02:00 [Information] Request starting HTTP/2 GET https://localhost:7205/Category/style.css - -
2023-10-25 16:56:10.548 +02:00 [Information] Request starting HTTP/2 GET https://localhost:7205/_framework/aspnetcore-browser-refresh.js - -
2023-10-25 16:56:10.548 +02:00 [Information] Request finished HTTP/2 GET https://localhost:7205/_framework/aspnetcore-browser-refresh.js - - - 200 12342 application/javascript;+charset=utf-8 0.3725ms
2023-10-25 16:56:10.548 +02:00 [Information] Request finished HTTP/2 GET https://localhost:7205/Category/style.css - - - 404 0 - 0.5236ms
2023-10-25 16:56:11.140 +02:00 [Information] Request starting HTTP/2 GET https://localhost:7205/Category/CategoryTable - -
2023-10-25 16:56:11.140 +02:00 [Information] Executing endpoint '"Forum.Controllers.CategoryController.CategoryTable (Forum)"'
2023-10-25 16:56:11.140 +02:00 [Information] Route matched with "{action = \"CategoryTable\", controller = \"Category\", page = \"\", area = \"\"}". Executing controller action with signature "System.Threading.Tasks.Task`1[Microsoft.AspNetCore.Mvc.IActionResult] CategoryTable()" on controller "Forum.Controllers.CategoryController" ("Forum").
2023-10-25 16:56:11.143 +02:00 [Information] Executing ViewResult, running view "CategoryTable".
2023-10-25 16:56:11.144 +02:00 [Information] Executed ViewResult - view "CategoryTable" executed in 0.7213ms.
2023-10-25 16:56:11.144 +02:00 [Information] Executed action "Forum.Controllers.CategoryController.CategoryTable (Forum)" in 4.1165ms
2023-10-25 16:56:11.144 +02:00 [Information] Executed endpoint '"Forum.Controllers.CategoryController.CategoryTable (Forum)"'
2023-10-25 16:56:11.144 +02:00 [Information] Request finished HTTP/2 GET https://localhost:7205/Category/CategoryTable - - - 200 - text/html;+charset=utf-8 4.6206ms
2023-10-25 16:56:11.153 +02:00 [Information] Request starting HTTP/2 GET https://localhost:7205/_framework/aspnetcore-browser-refresh.js - -
2023-10-25 16:56:11.153 +02:00 [Information] Request starting HTTP/2 GET https://localhost:7205/Category/style.css - -
2023-10-25 16:56:11.154 +02:00 [Information] Request finished HTTP/2 GET https://localhost:7205/_framework/aspnetcore-browser-refresh.js - - - 200 12342 application/javascript;+charset=utf-8 0.3162ms
2023-10-25 16:56:11.154 +02:00 [Information] Request finished HTTP/2 GET https://localhost:7205/Category/style.css - - - 404 0 - 0.6379ms
2023-10-25 16:56:12.562 +02:00 [Information] Request starting HTTP/2 GET https://localhost:7205/Category/CategoryGrid - -
2023-10-25 16:56:12.563 +02:00 [Information] Executing endpoint '"Forum.Controllers.CategoryController.CategoryGrid (Forum)"'
2023-10-25 16:56:12.563 +02:00 [Information] Route matched with "{action = \"CategoryGrid\", controller = \"Category\", page = \"\", area = \"\"}". Executing controller action with signature "System.Threading.Tasks.Task`1[Microsoft.AspNetCore.Mvc.IActionResult] CategoryGrid()" on controller "Forum.Controllers.CategoryController" ("Forum").
2023-10-25 16:56:12.566 +02:00 [Information] Executing ViewResult, running view "CategoryGrid".
2023-10-25 16:56:12.567 +02:00 [Information] Executed ViewResult - view "CategoryGrid" executed in 0.6231ms.
2023-10-25 16:56:12.567 +02:00 [Information] Executed action "Forum.Controllers.CategoryController.CategoryGrid (Forum)" in 4.1255ms
2023-10-25 16:56:12.567 +02:00 [Information] Executed endpoint '"Forum.Controllers.CategoryController.CategoryGrid (Forum)"'
2023-10-25 16:56:12.567 +02:00 [Information] Request finished HTTP/2 GET https://localhost:7205/Category/CategoryGrid - - - 200 - text/html;+charset=utf-8 4.7190ms
2023-10-25 16:56:12.581 +02:00 [Information] Request starting HTTP/2 GET https://localhost:7205/_framework/aspnetcore-browser-refresh.js - -
2023-10-25 16:56:12.581 +02:00 [Information] Request starting HTTP/2 GET https://localhost:7205/Category/style.css - -
2023-10-25 16:56:12.581 +02:00 [Information] Request finished HTTP/2 GET https://localhost:7205/_framework/aspnetcore-browser-refresh.js - - - 200 12342 application/javascript;+charset=utf-8 0.4183ms
2023-10-25 16:56:12.582 +02:00 [Information] Request finished HTTP/2 GET https://localhost:7205/Category/style.css - - - 404 0 - 0.8010ms
2023-10-25 16:56:32.808 +02:00 [Information] Request starting HTTP/2 GET https://localhost:7205/Category/CategoryTable - -
2023-10-25 16:56:32.810 +02:00 [Information] Executing endpoint '"Forum.Controllers.CategoryController.CategoryTable (Forum)"'
2023-10-25 16:56:32.810 +02:00 [Information] Route matched with "{action = \"CategoryTable\", controller = \"Category\", page = \"\", area = \"\"}". Executing controller action with signature "System.Threading.Tasks.Task`1[Microsoft.AspNetCore.Mvc.IActionResult] CategoryTable()" on controller "Forum.Controllers.CategoryController" ("Forum").
2023-10-25 16:56:32.814 +02:00 [Information] Executing ViewResult, running view "CategoryTable".
2023-10-25 16:56:32.815 +02:00 [Information] Executed ViewResult - view "CategoryTable" executed in 0.6158ms.
2023-10-25 16:56:32.815 +02:00 [Information] Executed action "Forum.Controllers.CategoryController.CategoryTable (Forum)" in 4.775ms
2023-10-25 16:56:32.815 +02:00 [Information] Executed endpoint '"Forum.Controllers.CategoryController.CategoryTable (Forum)"'
2023-10-25 16:56:32.815 +02:00 [Information] Request finished HTTP/2 GET https://localhost:7205/Category/CategoryTable - - - 200 - text/html;+charset=utf-8 6.8367ms
2023-10-25 16:56:32.830 +02:00 [Information] Request starting HTTP/2 GET https://localhost:7205/Category/style.css - -
2023-10-25 16:56:32.830 +02:00 [Information] Request starting HTTP/2 GET https://localhost:7205/_framework/aspnetcore-browser-refresh.js - -
2023-10-25 16:56:32.830 +02:00 [Information] Request finished HTTP/2 GET https://localhost:7205/_framework/aspnetcore-browser-refresh.js - - - 200 12342 application/javascript;+charset=utf-8 0.2333ms
2023-10-25 16:56:32.831 +02:00 [Information] Request finished HTTP/2 GET https://localhost:7205/Category/style.css - - - 404 0 - 0.5574ms
2023-10-25 16:56:34.176 +02:00 [Information] Request starting HTTP/2 GET https://localhost:7205/Identity/Account/Login - -
2023-10-25 16:56:34.176 +02:00 [Information] Executing endpoint '"/Account/Login"'
2023-10-25 16:56:34.176 +02:00 [Information] Route matched with "{page = \"/Account/Login\", area = \"Identity\", action = \"\", controller = \"\"}". Executing page "/Account/Login"
2023-10-25 16:56:34.178 +02:00 [Information] Executing handler method "Forum.Areas.Identity.Pages.Account.LoginModel.OnGetAsync" - ModelState is Valid
2023-10-25 16:56:34.178 +02:00 [Information] AuthenticationScheme: "Identity.External" signed out.
2023-10-25 16:56:34.178 +02:00 [Information] Executed handler method "OnGetAsync", returned result "".
2023-10-25 16:56:34.178 +02:00 [Information] Executing an implicit handler method - ModelState is Valid
2023-10-25 16:56:34.178 +02:00 [Information] Executed an implicit handler method, returned result "Microsoft.AspNetCore.Mvc.RazorPages.PageResult".
2023-10-25 16:56:34.180 +02:00 [Information] Executed page "/Account/Login" in 4.2158ms
2023-10-25 16:56:34.180 +02:00 [Information] Executed endpoint '"/Account/Login"'
2023-10-25 16:56:34.181 +02:00 [Information] Request finished HTTP/2 GET https://localhost:7205/Identity/Account/Login - - - 200 - text/html;+charset=utf-8 4.8432ms
2023-10-25 16:56:34.195 +02:00 [Information] Request starting HTTP/2 GET https://localhost:7205/Identity/Account/style.css - -
2023-10-25 16:56:34.195 +02:00 [Information] Request starting HTTP/2 GET https://localhost:7205/_framework/aspnetcore-browser-refresh.js - -
2023-10-25 16:56:34.195 +02:00 [Information] Request finished HTTP/2 GET https://localhost:7205/_framework/aspnetcore-browser-refresh.js - - - 200 12342 application/javascript;+charset=utf-8 0.2135ms
2023-10-25 16:56:34.195 +02:00 [Information] Request finished HTTP/2 GET https://localhost:7205/Identity/Account/style.css - - - 404 0 - 0.5891ms
2023-10-25 16:56:35.197 +02:00 [Information] Request starting HTTP/2 POST https://localhost:7205/Identity/Account/Login application/x-www-form-urlencoded 280
2023-10-25 16:56:35.198 +02:00 [Information] Executing endpoint '"/Account/Login"'
2023-10-25 16:56:35.198 +02:00 [Information] Route matched with "{page = \"/Account/Login\", area = \"Identity\", action = \"\", controller = \"\"}". Executing page "/Account/Login"
2023-10-25 16:56:35.211 +02:00 [Information] Executing handler method "Forum.Areas.Identity.Pages.Account.LoginModel.OnPostAsync" - ModelState is Valid
2023-10-25 16:56:35.290 +02:00 [Information] AuthenticationScheme: "Identity.Application" signed in.
2023-10-25 16:56:35.291 +02:00 [Information] User logged in.
2023-10-25 16:56:35.292 +02:00 [Information] Executed handler method "OnPostAsync", returned result "Microsoft.AspNetCore.Mvc.LocalRedirectResult".
2023-10-25 16:56:35.292 +02:00 [Information] Executing LocalRedirectResult, redirecting to "/".
2023-10-25 16:56:35.292 +02:00 [Information] Executed page "/Account/Login" in 94.1439ms
2023-10-25 16:56:35.292 +02:00 [Information] Executed endpoint '"/Account/Login"'
2023-10-25 16:56:35.292 +02:00 [Information] Request finished HTTP/2 POST https://localhost:7205/Identity/Account/Login application/x-www-form-urlencoded 280 - 302 0 - 95.1085ms
2023-10-25 16:56:35.295 +02:00 [Information] Request starting HTTP/2 GET https://localhost:7205/ - -
2023-10-25 16:56:35.299 +02:00 [Information] Executing endpoint '"Forum.Controllers.HomeController.Index (Forum)"'
2023-10-25 16:56:35.299 +02:00 [Information] Route matched with "{action = \"Index\", controller = \"Home\", page = \"\", area = \"\"}". Executing controller action with signature "System.Threading.Tasks.Task`1[Microsoft.AspNetCore.Mvc.IActionResult] Index()" on controller "Forum.Controllers.HomeController" ("Forum").
2023-10-25 16:56:35.300 +02:00 [Information] Executing ViewResult, running view "Index".
2023-10-25 16:56:35.302 +02:00 [Information] Executed ViewResult - view "Index" executed in 2.0649ms.
2023-10-25 16:56:35.302 +02:00 [Information] Executed action "Forum.Controllers.HomeController.Index (Forum)" in 3.2808ms
2023-10-25 16:56:35.302 +02:00 [Information] Executed endpoint '"Forum.Controllers.HomeController.Index (Forum)"'
2023-10-25 16:56:35.302 +02:00 [Information] Request finished HTTP/2 GET https://localhost:7205/ - - - 200 - text/html;+charset=utf-8 7.3770ms
2023-10-25 16:56:35.317 +02:00 [Information] Request starting HTTP/2 GET https://localhost:7205/style.css - -
2023-10-25 16:56:35.319 +02:00 [Information] Request finished HTTP/2 GET https://localhost:7205/style.css - - - 404 0 - 2.1376ms
2023-10-25 16:56:35.324 +02:00 [Information] Request starting HTTP/2 GET https://localhost:7205/_framework/aspnetcore-browser-refresh.js - -
2023-10-25 16:56:35.324 +02:00 [Information] Request finished HTTP/2 GET https://localhost:7205/_framework/aspnetcore-browser-refresh.js - - - 200 12342 application/javascript;+charset=utf-8 0.1937ms
2023-10-25 16:56:39.549 +02:00 [Information] Request starting HTTP/2 GET https://localhost:7205/ - -
2023-10-25 16:56:39.551 +02:00 [Information] Executing endpoint '"Forum.Controllers.HomeController.Index (Forum)"'
2023-10-25 16:56:39.551 +02:00 [Information] Route matched with "{action = \"Index\", controller = \"Home\", page = \"\", area = \"\"}". Executing controller action with signature "System.Threading.Tasks.Task`1[Microsoft.AspNetCore.Mvc.IActionResult] Index()" on controller "Forum.Controllers.HomeController" ("Forum").
2023-10-25 16:56:39.552 +02:00 [Information] Executing ViewResult, running view "Index".
2023-10-25 16:56:39.553 +02:00 [Information] Executed ViewResult - view "Index" executed in 0.8554ms.
2023-10-25 16:56:39.553 +02:00 [Information] Executed action "Forum.Controllers.HomeController.Index (Forum)" in 2.1442ms
2023-10-25 16:56:39.553 +02:00 [Information] Executed endpoint '"Forum.Controllers.HomeController.Index (Forum)"'
2023-10-25 16:56:39.553 +02:00 [Information] Request finished HTTP/2 GET https://localhost:7205/ - - - 200 - text/html;+charset=utf-8 4.7330ms
2023-10-25 16:56:39.563 +02:00 [Information] Request starting HTTP/2 GET https://localhost:7205/style.css - -
2023-10-25 16:56:39.563 +02:00 [Information] Request starting HTTP/2 GET https://localhost:7205/_framework/aspnetcore-browser-refresh.js - -
2023-10-25 16:56:39.563 +02:00 [Information] Request finished HTTP/2 GET https://localhost:7205/_framework/aspnetcore-browser-refresh.js - - - 200 12342 application/javascript;+charset=utf-8 0.2588ms
2023-10-25 16:56:39.565 +02:00 [Information] Request finished HTTP/2 GET https://localhost:7205/style.css - - - 404 0 - 2.1277ms
2023-10-25 16:56:42.191 +02:00 [Information] Request starting HTTP/2 GET https://localhost:7205/Category/CategoryTable - -
2023-10-25 16:56:42.193 +02:00 [Information] Executing endpoint '"Forum.Controllers.CategoryController.CategoryTable (Forum)"'
2023-10-25 16:56:42.193 +02:00 [Information] Route matched with "{action = \"CategoryTable\", controller = \"Category\", page = \"\", area = \"\"}". Executing controller action with signature "System.Threading.Tasks.Task`1[Microsoft.AspNetCore.Mvc.IActionResult] CategoryTable()" on controller "Forum.Controllers.CategoryController" ("Forum").
2023-10-25 16:56:42.194 +02:00 [Information] Executing ViewResult, running view "CategoryTable".
2023-10-25 16:56:42.196 +02:00 [Information] Executed ViewResult - view "CategoryTable" executed in 1.9932ms.
2023-10-25 16:56:42.196 +02:00 [Information] Executed action "Forum.Controllers.CategoryController.CategoryTable (Forum)" in 3.3116ms
2023-10-25 16:56:42.196 +02:00 [Information] Executed endpoint '"Forum.Controllers.CategoryController.CategoryTable (Forum)"'
2023-10-25 16:56:42.196 +02:00 [Information] Request finished HTTP/2 GET https://localhost:7205/Category/CategoryTable - - - 200 - text/html;+charset=utf-8 5.5145ms
2023-10-25 16:56:42.206 +02:00 [Information] Request starting HTTP/2 GET https://localhost:7205/_framework/aspnetcore-browser-refresh.js - -
2023-10-25 16:56:42.206 +02:00 [Information] Request starting HTTP/2 GET https://localhost:7205/Category/style.css - -
2023-10-25 16:56:42.206 +02:00 [Information] Request finished HTTP/2 GET https://localhost:7205/_framework/aspnetcore-browser-refresh.js - - - 200 12342 application/javascript;+charset=utf-8 0.1953ms
2023-10-25 16:56:42.208 +02:00 [Information] Request finished HTTP/2 GET https://localhost:7205/Category/style.css - - - 404 0 - 2.1986ms
2023-10-25 16:56:45.952 +02:00 [Information] Request starting HTTP/2 GET https://localhost:7205/Category/UpdateCategory/1 - -
2023-10-25 16:56:45.957 +02:00 [Information] Executing endpoint '"Forum.Controllers.CategoryController.UpdateCategory (Forum)"'
2023-10-25 16:56:45.959 +02:00 [Information] Route matched with "{action = \"UpdateCategory\", controller = \"Category\", page = \"\", area = \"\"}". Executing controller action with signature "System.Threading.Tasks.Task`1[Microsoft.AspNetCore.Mvc.IActionResult] UpdateCategory(Int32)" on controller "Forum.Controllers.CategoryController" ("Forum").
2023-10-25 16:56:45.961 +02:00 [Information] Executing ViewResult, running view "UpdateCategory".
2023-10-25 16:56:45.969 +02:00 [Information] Executed ViewResult - view "UpdateCategory" executed in 8.6308ms.
2023-10-25 16:56:45.969 +02:00 [Information] Executed action "Forum.Controllers.CategoryController.UpdateCategory (Forum)" in 10.4861ms
2023-10-25 16:56:45.969 +02:00 [Information] Executed endpoint '"Forum.Controllers.CategoryController.UpdateCategory (Forum)"'
2023-10-25 16:56:45.969 +02:00 [Information] Request finished HTTP/2 GET https://localhost:7205/Category/UpdateCategory/1 - - - 200 - text/html;+charset=utf-8 17.6150ms
2023-10-25 16:56:45.981 +02:00 [Information] Request starting HTTP/2 GET https://localhost:7205/_framework/aspnetcore-browser-refresh.js - -
2023-10-25 16:56:45.981 +02:00 [Information] Request starting HTTP/2 GET https://localhost:7205/Category/UpdateCategory/style.css - -
2023-10-25 16:56:45.981 +02:00 [Information] Request finished HTTP/2 GET https://localhost:7205/_framework/aspnetcore-browser-refresh.js - - - 200 12342 application/javascript;+charset=utf-8 0.2543ms
2023-10-25 16:56:45.983 +02:00 [Information] Executing endpoint '"Forum.Controllers.CategoryController.UpdateCategory (Forum)"'
2023-10-25 16:56:45.983 +02:00 [Information] Route matched with "{action = \"UpdateCategory\", controller = \"Category\", page = \"\", area = \"\"}". Executing controller action with signature "System.Threading.Tasks.Task`1[Microsoft.AspNetCore.Mvc.IActionResult] UpdateCategory(Int32)" on controller "Forum.Controllers.CategoryController" ("Forum").
2023-10-25 16:56:45.986 +02:00 [Error] [CategoryController] Category not found when updating the CategoryId 0000
2023-10-25 16:56:45.986 +02:00 [Information] Executing "BadRequestObjectResult", writing value of type '"System.String"'.
2023-10-25 16:56:45.986 +02:00 [Information] Executed action "Forum.Controllers.CategoryController.UpdateCategory (Forum)" in 3.2424ms
2023-10-25 16:56:45.986 +02:00 [Information] Executed endpoint '"Forum.Controllers.CategoryController.UpdateCategory (Forum)"'
2023-10-25 16:56:45.986 +02:00 [Information] Request finished HTTP/2 GET https://localhost:7205/Category/UpdateCategory/style.css - - - 400 - text/plain;+charset=utf-8 5.7462ms
