2023-10-24 10:16:08.957 +02:00 [Information] User profile is available. Using '"C:\Users\abdik\AppData\Local\ASP.NET\DataProtection-Keys"' as key repository and Windows DPAPI to encrypt keys at rest.
2023-10-24 10:16:09.346 +02:00 [Information] Now listening on: "https://localhost:7205"
2023-10-24 10:16:09.346 +02:00 [Information] Now listening on: "http://localhost:5112"
2023-10-24 10:16:09.349 +02:00 [Information] Application started. Press Ctrl+C to shut down.
2023-10-24 10:16:09.349 +02:00 [Information] Hosting environment: "Development"
2023-10-24 10:16:09.349 +02:00 [Information] Content root path: "C:\Users\abdik\Source\Repos\Forum\MyShop\"
2023-10-24 10:16:09.660 +02:00 [Information] Request starting HTTP/2 GET https://localhost:7205/ - -
2023-10-24 10:16:09.703 +02:00 [Information] AuthenticationScheme: "Identity.Application" signed out.
2023-10-24 10:16:09.704 +02:00 [Information] AuthenticationScheme: "Identity.External" signed out.
2023-10-24 10:16:09.704 +02:00 [Information] AuthenticationScheme: "Identity.TwoFactorUserId" signed out.
2023-10-24 10:16:09.707 +02:00 [Information] "Identity.Application" was not authenticated. Failure message: "No principal."
2023-10-24 10:16:09.708 +02:00 [Information] "Identity.Application" was not authenticated. Failure message: "No principal."
2023-10-24 10:16:09.709 +02:00 [Information] Executing endpoint '"Forum.Controllers.HomeController.Index (Forum)"'
2023-10-24 10:16:09.717 +02:00 [Information] Route matched with "{action = \"Index\", controller = \"Home\", page = \"\", area = \"\"}". Executing controller action with signature "Microsoft.AspNetCore.Mvc.IActionResult Index()" on controller "Forum.Controllers.HomeController" ("Forum").
2023-10-24 10:16:09.721 +02:00 [Information] Executing ViewResult, running view "Index".
2023-10-24 10:16:09.811 +02:00 [Information] Executed ViewResult - view "Index" executed in 89.7064ms.
2023-10-24 10:16:09.812 +02:00 [Information] Executed action "Forum.Controllers.HomeController.Index (Forum)" in 95.432ms
2023-10-24 10:16:09.813 +02:00 [Information] Executed endpoint '"Forum.Controllers.HomeController.Index (Forum)"'
2023-10-24 10:16:09.825 +02:00 [Information] Request finished HTTP/2 GET https://localhost:7205/ - - - 200 - text/html;+charset=utf-8 167.2241ms
2023-10-24 10:16:09.828 +02:00 [Information] Request starting HTTP/2 GET https://localhost:7205/_framework/aspnetcore-browser-refresh.js - -
2023-10-24 10:16:09.828 +02:00 [Information] Request starting HTTP/2 GET https://localhost:7205/style.css - -
2023-10-24 10:16:09.830 +02:00 [Information] Request finished HTTP/2 GET https://localhost:7205/style.css - - - 404 0 - 1.7158ms
2023-10-24 10:16:09.830 +02:00 [Information] Request finished HTTP/2 GET https://localhost:7205/_framework/aspnetcore-browser-refresh.js - - - 200 12342 application/javascript;+charset=utf-8 1.9790ms
2023-10-24 10:16:09.837 +02:00 [Information] Request starting HTTP/2 GET https://localhost:7205/_vs/browserLink - -
2023-10-24 10:16:09.843 +02:00 [Information] Request finished HTTP/2 GET https://localhost:7205/_vs/browserLink - - - 200 - text/javascript;+charset=UTF-8 6.0598ms
