2023-10-30 20:06:21.462 +01:00 [Information] User profile is available. Using '"C:\Users\abdik\AppData\Local\ASP.NET\DataProtection-Keys"' as key repository and Windows DPAPI to encrypt keys at rest.
2023-10-30 20:06:21.944 +01:00 [Information] Now listening on: "https://localhost:7205"
2023-10-30 20:06:21.944 +01:00 [Information] Now listening on: "http://localhost:5112"
2023-10-30 20:06:21.948 +01:00 [Information] Application started. Press Ctrl+C to shut down.
2023-10-30 20:06:21.948 +01:00 [Information] Hosting environment: "Development"
2023-10-30 20:06:21.948 +01:00 [Information] Content root path: "C:\Users\abdik\Source\Repos\Forum\MyShop\"
2023-10-30 20:06:22.273 +01:00 [Information] Request starting HTTP/2 GET https://localhost:7205/Room/RoomDetails/1 - -
2023-10-30 20:06:22.315 +01:00 [Information] Executing endpoint '"Forum.Controllers.RoomController.RoomDetails (Forum)"'
2023-10-30 20:06:22.334 +01:00 [Information] Route matched with "{action = \"RoomDetails\", controller = \"Room\", page = \"\", area = \"\"}". Executing controller action with signature "System.Threading.Tasks.Task`1[Microsoft.AspNetCore.Mvc.IActionResult] RoomDetails(Int32)" on controller "Forum.Controllers.RoomController" ("Forum").
2023-10-30 20:06:22.340 +01:00 [Information] RoomDetails called with Room ID: 1
2023-10-30 20:06:22.370 +01:00 [Information] Executing ViewResult, running view "RoomDetails".
2023-10-30 20:06:22.515 +01:00 [Information] Executed ViewResult - view "RoomDetails" executed in 145.2576ms.
2023-10-30 20:06:22.517 +01:00 [Information] Executed action "Forum.Controllers.RoomController.RoomDetails (Forum)" in 182.5922ms
2023-10-30 20:06:22.517 +01:00 [Information] Executed endpoint '"Forum.Controllers.RoomController.RoomDetails (Forum)"'
2023-10-30 20:06:22.529 +01:00 [Information] Request finished HTTP/2 GET https://localhost:7205/Room/RoomDetails/1 - - - 200 - text/html;+charset=utf-8 258.4894ms
2023-10-30 20:06:22.529 +01:00 [Information] Request starting HTTP/2 GET https://localhost:7205/_framework/aspnetcore-browser-refresh.js - -
2023-10-30 20:06:22.529 +01:00 [Information] Request starting HTTP/2 GET https://localhost:7205/_vs/browserLink - -
2023-10-30 20:06:22.530 +01:00 [Information] Request finished HTTP/2 GET https://localhost:7205/_framework/aspnetcore-browser-refresh.js - - - 200 12342 application/javascript;+charset=utf-8 1.5082ms
2023-10-30 20:06:22.535 +01:00 [Information] Request finished HTTP/2 GET https://localhost:7205/_vs/browserLink - - - 200 - text/javascript;+charset=UTF-8 6.1476ms
2023-10-30 20:06:31.401 +01:00 [Information] Request starting HTTP/2 GET https://localhost:7205/Topic/TopicDetails/1 - -
2023-10-30 20:06:31.404 +01:00 [Information] Executing endpoint '"Forum.Controllers.TopicController.TopicDetails (Forum)"'
2023-10-30 20:06:31.407 +01:00 [Information] Route matched with "{action = \"TopicDetails\", controller = \"Topic\", page = \"\", area = \"\"}". Executing controller action with signature "System.Threading.Tasks.Task`1[Microsoft.AspNetCore.Mvc.IActionResult] TopicDetails(Int32)" on controller "Forum.Controllers.TopicController" ("Forum").
2023-10-30 20:06:31.412 +01:00 [Information] Executing ViewResult, running view "TopicDetails".
2023-10-30 20:06:31.464 +01:00 [Information] Executed ViewResult - view "TopicDetails" executed in 52.311ms.
2023-10-30 20:06:31.464 +01:00 [Information] Executed action "Forum.Controllers.TopicController.TopicDetails (Forum)" in 57.4355ms
2023-10-30 20:06:31.464 +01:00 [Information] Executed endpoint '"Forum.Controllers.TopicController.TopicDetails (Forum)"'
2023-10-30 20:06:31.465 +01:00 [Information] Request finished HTTP/2 GET https://localhost:7205/Topic/TopicDetails/1 - - - 200 - text/html;+charset=utf-8 64.4745ms
2023-10-30 20:06:31.480 +01:00 [Information] Request starting HTTP/2 GET https://localhost:7205/_vs/browserLink - -
2023-10-30 20:06:31.480 +01:00 [Information] Request starting HTTP/2 GET https://localhost:7205/_framework/aspnetcore-browser-refresh.js - -
2023-10-30 20:06:31.480 +01:00 [Information] Request finished HTTP/2 GET https://localhost:7205/_framework/aspnetcore-browser-refresh.js - - - 200 12342 application/javascript;+charset=utf-8 0.3663ms
2023-10-30 20:06:31.482 +01:00 [Information] Request finished HTTP/2 GET https://localhost:7205/_vs/browserLink - - - 200 - text/javascript;+charset=UTF-8 2.0957ms
