2023-10-30 17:45:18.556 +01:00 [Information] User profile is available. Using '"C:\Users\abdik\AppData\Local\ASP.NET\DataProtection-Keys"' as key repository and Windows DPAPI to encrypt keys at rest.
2023-10-30 17:45:19.019 +01:00 [Information] Now listening on: "https://localhost:7205"
2023-10-30 17:45:19.019 +01:00 [Information] Now listening on: "http://localhost:5112"
2023-10-30 17:45:19.023 +01:00 [Information] Application started. Press Ctrl+C to shut down.
2023-10-30 17:45:19.023 +01:00 [Information] Hosting environment: "Development"
2023-10-30 17:45:19.023 +01:00 [Information] Content root path: "C:\Users\abdik\Source\Repos\Forum\MyShop\"
2023-10-30 17:45:19.113 +01:00 [Information] Request starting HTTP/2 GET https://localhost:7205/Post/PostDetails/2 - -
2023-10-30 17:45:19.151 +01:00 [Information] Executing endpoint '"Forum.Controllers.PostController.PostDetails (Forum)"'
2023-10-30 17:45:19.167 +01:00 [Information] Route matched with "{action = \"PostDetails\", controller = \"Post\", page = \"\", area = \"\"}". Executing controller action with signature "System.Threading.Tasks.Task`1[Microsoft.AspNetCore.Mvc.IActionResult] PostDetails(Int32)" on controller "Forum.Controllers.PostController" ("Forum").
2023-10-30 17:45:19.215 +01:00 [Information] Executing ViewResult, running view "PostDetails".
2023-10-30 17:45:19.386 +01:00 [Information] Executed ViewResult - view "PostDetails" executed in 170.492ms.
2023-10-30 17:45:19.388 +01:00 [Information] Executed action "Forum.Controllers.PostController.PostDetails (Forum)" in 219.918ms
2023-10-30 17:45:19.388 +01:00 [Information] Executed endpoint '"Forum.Controllers.PostController.PostDetails (Forum)"'
2023-10-30 17:45:19.400 +01:00 [Information] Request finished HTTP/2 GET https://localhost:7205/Post/PostDetails/2 - - - 200 - text/html;+charset=utf-8 288.7112ms
2023-10-30 17:45:19.400 +01:00 [Information] Request starting HTTP/2 GET https://localhost:7205/css/style.css?v=7qXswWkwcHuhatYiXCkiEczRrR7WNwT7ifp5qa6kH28 - -
2023-10-30 17:45:19.400 +01:00 [Information] Request starting HTTP/2 GET https://localhost:7205/css/style.css - -
2023-10-30 17:45:19.400 +01:00 [Information] Request starting HTTP/2 GET https://localhost:7205/_framework/aspnetcore-browser-refresh.js - -
2023-10-30 17:45:19.402 +01:00 [Information] Request finished HTTP/2 GET https://localhost:7205/_framework/aspnetcore-browser-refresh.js - - - 200 12342 application/javascript;+charset=utf-8 1.9320ms
2023-10-30 17:45:19.403 +01:00 [Information] The file "/css/style.css" was not modified
2023-10-30 17:45:19.403 +01:00 [Information] The file "/css/style.css" was not modified
2023-10-30 17:45:19.404 +01:00 [Information] Request finished HTTP/2 GET https://localhost:7205/css/style.css - - - 304 - text/css 3.1097ms
2023-10-30 17:45:19.404 +01:00 [Information] Request finished HTTP/2 GET https://localhost:7205/css/style.css?v=7qXswWkwcHuhatYiXCkiEczRrR7WNwT7ifp5qa6kH28 - - - 304 - text/css 3.1194ms
2023-10-30 17:45:19.411 +01:00 [Information] Request starting HTTP/2 GET https://localhost:7205/_vs/browserLink - -
2023-10-30 17:45:19.418 +01:00 [Information] Request finished HTTP/2 GET https://localhost:7205/_vs/browserLink - - - 200 - text/javascript;+charset=UTF-8 6.4285ms
