2023-10-30 17:31:52.347 +01:00 [Information] User profile is available. Using '"C:\Users\abdik\AppData\Local\ASP.NET\DataProtection-Keys"' as key repository and Windows DPAPI to encrypt keys at rest.
2023-10-30 17:31:52.799 +01:00 [Information] Now listening on: "https://localhost:7205"
2023-10-30 17:31:52.799 +01:00 [Information] Now listening on: "http://localhost:5112"
2023-10-30 17:31:52.802 +01:00 [Information] Application started. Press Ctrl+C to shut down.
2023-10-30 17:31:52.803 +01:00 [Information] Hosting environment: "Development"
2023-10-30 17:31:52.803 +01:00 [Information] Content root path: "C:\Users\abdik\Source\Repos\Forum\MyShop\"
2023-10-30 17:31:52.909 +01:00 [Information] Request starting HTTP/2 GET https://localhost:7205/Post/PostDetails/2 - -
2023-10-30 17:31:52.946 +01:00 [Information] Executing endpoint '"Forum.Controllers.PostController.PostDetails (Forum)"'
2023-10-30 17:31:52.962 +01:00 [Information] Route matched with "{action = \"PostDetails\", controller = \"Post\", page = \"\", area = \"\"}". Executing controller action with signature "System.Threading.Tasks.Task`1[Microsoft.AspNetCore.Mvc.IActionResult] PostDetails(Int32)" on controller "Forum.Controllers.PostController" ("Forum").
2023-10-30 17:31:53.005 +01:00 [Information] Executing ViewResult, running view "PostDetails".
2023-10-30 17:31:53.168 +01:00 [Information] Executed ViewResult - view "PostDetails" executed in 162.2452ms.
2023-10-30 17:31:53.170 +01:00 [Information] Executed action "Forum.Controllers.PostController.PostDetails (Forum)" in 207.3843ms
2023-10-30 17:31:53.170 +01:00 [Information] Executed endpoint '"Forum.Controllers.PostController.PostDetails (Forum)"'
2023-10-30 17:31:53.182 +01:00 [Information] Request finished HTTP/2 GET https://localhost:7205/Post/PostDetails/2 - - - 200 - text/html;+charset=utf-8 275.5615ms
2023-10-30 17:31:53.186 +01:00 [Information] Request starting HTTP/2 GET https://localhost:7205/css/style.css?v=7qXswWkwcHuhatYiXCkiEczRrR7WNwT7ifp5qa6kH28 - -
2023-10-30 17:31:53.186 +01:00 [Information] Request starting HTTP/2 GET https://localhost:7205/css/style.css - -
2023-10-30 17:31:53.186 +01:00 [Information] Request starting HTTP/2 GET https://localhost:7205/_framework/aspnetcore-browser-refresh.js - -
2023-10-30 17:31:53.188 +01:00 [Information] Request finished HTTP/2 GET https://localhost:7205/_framework/aspnetcore-browser-refresh.js - - - 200 12342 application/javascript;+charset=utf-8 2.0448ms
2023-10-30 17:31:53.189 +01:00 [Information] The file "/css/style.css" was not modified
2023-10-30 17:31:53.189 +01:00 [Information] The file "/css/style.css" was not modified
2023-10-30 17:31:53.189 +01:00 [Information] Request finished HTTP/2 GET https://localhost:7205/css/style.css - - - 304 - text/css 3.3553ms
2023-10-30 17:31:53.189 +01:00 [Information] Request finished HTTP/2 GET https://localhost:7205/css/style.css?v=7qXswWkwcHuhatYiXCkiEczRrR7WNwT7ifp5qa6kH28 - - - 304 - text/css 3.3653ms
2023-10-30 17:31:53.194 +01:00 [Information] Request starting HTTP/2 GET https://localhost:7205/_vs/browserLink - -
2023-10-30 17:31:53.200 +01:00 [Information] Request finished HTTP/2 GET https://localhost:7205/_vs/browserLink - - - 200 - text/javascript;+charset=UTF-8 5.7396ms
2023-10-30 17:32:18.624 +01:00 [Information] Request starting HTTP/2 GET https://localhost:7205/Topic/TopicDetails/1 - -
2023-10-30 17:32:18.625 +01:00 [Information] Executing endpoint '"Forum.Controllers.TopicController.TopicDetails (Forum)"'
2023-10-30 17:32:18.628 +01:00 [Information] Route matched with "{action = \"TopicDetails\", controller = \"Topic\", page = \"\", area = \"\"}". Executing controller action with signature "System.Threading.Tasks.Task`1[Microsoft.AspNetCore.Mvc.IActionResult] TopicDetails(Int32)" on controller "Forum.Controllers.TopicController" ("Forum").
2023-10-30 17:32:18.634 +01:00 [Information] Executing ViewResult, running view "TopicDetails".
2023-10-30 17:32:18.659 +01:00 [Information] Executed ViewResult - view "TopicDetails" executed in 25.4801ms.
2023-10-30 17:32:18.659 +01:00 [Information] Executed action "Forum.Controllers.TopicController.TopicDetails (Forum)" in 31.3616ms
2023-10-30 17:32:18.659 +01:00 [Information] Executed endpoint '"Forum.Controllers.TopicController.TopicDetails (Forum)"'
2023-10-30 17:32:18.660 +01:00 [Information] Request finished HTTP/2 GET https://localhost:7205/Topic/TopicDetails/1 - - - 200 - text/html;+charset=utf-8 35.8765ms
2023-10-30 17:32:18.672 +01:00 [Information] Request starting HTTP/2 GET https://localhost:7205/css/style.css?v=7qXswWkwcHuhatYiXCkiEczRrR7WNwT7ifp5qa6kH28 - -
2023-10-30 17:32:18.672 +01:00 [Information] Request starting HTTP/2 GET https://localhost:7205/_framework/aspnetcore-browser-refresh.js - -
2023-10-30 17:32:18.673 +01:00 [Information] Request starting HTTP/2 GET https://localhost:7205/_vs/browserLink - -
2023-10-30 17:32:18.673 +01:00 [Information] Request finished HTTP/2 GET https://localhost:7205/_framework/aspnetcore-browser-refresh.js - - - 200 12342 application/javascript;+charset=utf-8 0.4293ms
2023-10-30 17:32:18.673 +01:00 [Information] The file "/css/style.css" was not modified
2023-10-30 17:32:18.673 +01:00 [Information] Request finished HTTP/2 GET https://localhost:7205/css/style.css?v=7qXswWkwcHuhatYiXCkiEczRrR7WNwT7ifp5qa6kH28 - - - 304 - text/css 0.6284ms
2023-10-30 17:32:18.675 +01:00 [Information] Request finished HTTP/2 GET https://localhost:7205/_vs/browserLink - - - 200 - text/javascript;+charset=UTF-8 2.1994ms
2023-10-30 17:32:20.315 +01:00 [Information] Request starting HTTP/2 GET https://localhost:7205/Post/PostDetails/10 - -
2023-10-30 17:32:20.317 +01:00 [Information] Executing endpoint '"Forum.Controllers.PostController.PostDetails (Forum)"'
2023-10-30 17:32:20.317 +01:00 [Information] Route matched with "{action = \"PostDetails\", controller = \"Post\", page = \"\", area = \"\"}". Executing controller action with signature "System.Threading.Tasks.Task`1[Microsoft.AspNetCore.Mvc.IActionResult] PostDetails(Int32)" on controller "Forum.Controllers.PostController" ("Forum").
2023-10-30 17:32:20.319 +01:00 [Information] Executing ViewResult, running view "PostDetails".
2023-10-30 17:32:20.323 +01:00 [Information] Executed ViewResult - view "PostDetails" executed in 3.9337ms.
2023-10-30 17:32:20.323 +01:00 [Information] Executed action "Forum.Controllers.PostController.PostDetails (Forum)" in 6.0427ms
2023-10-30 17:32:20.323 +01:00 [Information] Executed endpoint '"Forum.Controllers.PostController.PostDetails (Forum)"'
2023-10-30 17:32:20.324 +01:00 [Information] Request finished HTTP/2 GET https://localhost:7205/Post/PostDetails/10 - - - 200 - text/html;+charset=utf-8 9.6539ms
2023-10-30 17:32:20.337 +01:00 [Information] Request starting HTTP/2 GET https://localhost:7205/css/style.css - -
2023-10-30 17:32:20.337 +01:00 [Information] Request starting HTTP/2 GET https://localhost:7205/_framework/aspnetcore-browser-refresh.js - -
2023-10-30 17:32:20.337 +01:00 [Information] Request starting HTTP/2 GET https://localhost:7205/_vs/browserLink - -
2023-10-30 17:32:20.338 +01:00 [Information] Request finished HTTP/2 GET https://localhost:7205/_framework/aspnetcore-browser-refresh.js - - - 200 12342 application/javascript;+charset=utf-8 0.2550ms
2023-10-30 17:32:20.338 +01:00 [Information] The file "/css/style.css" was not modified
2023-10-30 17:32:20.338 +01:00 [Information] Request finished HTTP/2 GET https://localhost:7205/css/style.css - - - 304 - text/css 0.4429ms
2023-10-30 17:32:20.340 +01:00 [Information] Request finished HTTP/2 GET https://localhost:7205/_vs/browserLink - - - 200 - text/javascript;+charset=UTF-8 2.2179ms
2023-10-30 17:32:27.116 +01:00 [Information] Request starting HTTP/2 GET https://localhost:7205/_framework/aspnetcore-browser-refresh.js - -
2023-10-30 17:32:27.116 +01:00 [Information] Request finished HTTP/2 GET https://localhost:7205/_framework/aspnetcore-browser-refresh.js - - - 200 12342 application/javascript;+charset=utf-8 0.2281ms
2023-10-30 17:32:29.003 +01:00 [Information] Request starting HTTP/2 GET https://localhost:7205/Post/PostDetails/2 - -
2023-10-30 17:32:29.003 +01:00 [Information] Executing endpoint '"Forum.Controllers.PostController.PostDetails (Forum)"'
2023-10-30 17:32:29.004 +01:00 [Information] Route matched with "{action = \"PostDetails\", controller = \"Post\", page = \"\", area = \"\"}". Executing controller action with signature "System.Threading.Tasks.Task`1[Microsoft.AspNetCore.Mvc.IActionResult] PostDetails(Int32)" on controller "Forum.Controllers.PostController" ("Forum").
2023-10-30 17:32:29.006 +01:00 [Information] Executing ViewResult, running view "PostDetails".
2023-10-30 17:32:29.010 +01:00 [Information] Executed ViewResult - view "PostDetails" executed in 4.0301ms.
2023-10-30 17:32:29.010 +01:00 [Information] Executed action "Forum.Controllers.PostController.PostDetails (Forum)" in 6.792ms
2023-10-30 17:32:29.010 +01:00 [Information] Executed endpoint '"Forum.Controllers.PostController.PostDetails (Forum)"'
2023-10-30 17:32:29.011 +01:00 [Information] Request finished HTTP/2 GET https://localhost:7205/Post/PostDetails/2 - - - 200 - text/html;+charset=utf-8 8.3867ms
2023-10-30 17:32:29.021 +01:00 [Information] Request starting HTTP/2 GET https://localhost:7205/_vs/browserLink - -
2023-10-30 17:32:29.021 +01:00 [Information] Request starting HTTP/2 GET https://localhost:7205/css/style.css?v=7qXswWkwcHuhatYiXCkiEczRrR7WNwT7ifp5qa6kH28 - -
2023-10-30 17:32:29.021 +01:00 [Information] Request starting HTTP/2 GET https://localhost:7205/_framework/aspnetcore-browser-refresh.js - -
2023-10-30 17:32:29.021 +01:00 [Information] The file "/css/style.css" was not modified
2023-10-30 17:32:29.021 +01:00 [Information] Request finished HTTP/2 GET https://localhost:7205/_framework/aspnetcore-browser-refresh.js - - - 200 12342 application/javascript;+charset=utf-8 0.2971ms
2023-10-30 17:32:29.021 +01:00 [Information] Request finished HTTP/2 GET https://localhost:7205/css/style.css?v=7qXswWkwcHuhatYiXCkiEczRrR7WNwT7ifp5qa6kH28 - - - 304 - text/css 0.3969ms
2023-10-30 17:32:29.023 +01:00 [Information] Request finished HTTP/2 GET https://localhost:7205/_vs/browserLink - - - 200 - text/javascript;+charset=UTF-8 1.9039ms
