2023-10-24 16:41:37.051 +02:00 [Information] User profile is available. Using '"C:\Users\abdik\AppData\Local\ASP.NET\DataProtection-Keys"' as key repository and Windows DPAPI to encrypt keys at rest.
2023-10-24 16:41:37.471 +02:00 [Information] Now listening on: "https://localhost:7205"
2023-10-24 16:41:37.472 +02:00 [Information] Now listening on: "http://localhost:5112"
2023-10-24 16:41:37.474 +02:00 [Information] Application started. Press Ctrl+C to shut down.
2023-10-24 16:41:37.475 +02:00 [Information] Hosting environment: "Development"
2023-10-24 16:41:37.475 +02:00 [Information] Content root path: "C:\Users\abdik\Source\Repos\Forum\MyShop\"
2023-10-24 16:41:37.968 +02:00 [Information] Request starting HTTP/2 GET https://localhost:7205/ - -
2023-10-24 16:41:38.008 +02:00 [Information] Executing endpoint '"Forum.Controllers.HomeController.Index (Forum)"'
2023-10-24 16:41:38.017 +02:00 [Information] Route matched with "{action = \"Index\", controller = \"Home\", page = \"\", area = \"\"}". Executing controller action with signature "System.Threading.Tasks.Task`1[Microsoft.AspNetCore.Mvc.IActionResult] Index()" on controller "Forum.Controllers.HomeController" ("Forum").
2023-10-24 16:41:38.036 +02:00 [Information] Executing ViewResult, running view "Index".
2023-10-24 16:41:38.145 +02:00 [Information] Executed ViewResult - view "Index" executed in 107.8951ms.
2023-10-24 16:41:38.146 +02:00 [Information] Executed action "Forum.Controllers.HomeController.Index (Forum)" in 128.806ms
2023-10-24 16:41:38.147 +02:00 [Information] Executed endpoint '"Forum.Controllers.HomeController.Index (Forum)"'
2023-10-24 16:41:38.159 +02:00 [Information] Request finished HTTP/2 GET https://localhost:7205/ - - - 200 - text/html;+charset=utf-8 193.2253ms
2023-10-24 16:41:38.170 +02:00 [Information] Request starting HTTP/2 GET https://localhost:7205/style.css - -
2023-10-24 16:41:38.174 +02:00 [Information] Request finished HTTP/2 GET https://localhost:7205/style.css - - - 404 0 - 4.1971ms
2023-10-24 16:41:38.212 +02:00 [Information] Request starting HTTP/2 GET https://localhost:7205/_framework/aspnetcore-browser-refresh.js - -
2023-10-24 16:41:38.214 +02:00 [Information] Request finished HTTP/2 GET https://localhost:7205/_framework/aspnetcore-browser-refresh.js - - - 200 12342 application/javascript;+charset=utf-8 1.9672ms
2023-10-24 16:41:38.228 +02:00 [Information] Request starting HTTP/2 GET https://localhost:7205/_vs/browserLink - -
2023-10-24 16:41:38.234 +02:00 [Information] Request finished HTTP/2 GET https://localhost:7205/_vs/browserLink - - - 200 - text/javascript;+charset=UTF-8 6.3696ms
