2023-10-23 18:39:03.718 +02:00 [Information] User profile is available. Using '"C:\Users\abdik\AppData\Local\ASP.NET\DataProtection-Keys"' as key repository and Windows DPAPI to encrypt keys at rest.
2023-10-23 18:39:04.138 +02:00 [Information] Now listening on: "https://localhost:7205"
2023-10-23 18:39:04.138 +02:00 [Information] Now listening on: "http://localhost:5112"
2023-10-23 18:39:04.141 +02:00 [Information] Application started. Press Ctrl+C to shut down.
2023-10-23 18:39:04.141 +02:00 [Information] Hosting environment: "Development"
2023-10-23 18:39:04.141 +02:00 [Information] Content root path: "C:\Users\abdik\Source\Repos\Forum\MyShop\"
2023-10-23 18:39:04.622 +02:00 [Information] Request starting HTTP/2 GET https://localhost:7205/ - -
2023-10-23 18:39:04.659 +02:00 [Information] Executing endpoint '"Forum.Controllers.HomeController.Index (Forum)"'
2023-10-23 18:39:04.666 +02:00 [Information] Route matched with "{action = \"Index\", controller = \"Home\", page = \"\", area = \"\"}". Executing controller action with signature "Microsoft.AspNetCore.Mvc.IActionResult Index()" on controller "Forum.Controllers.HomeController" ("Forum").
2023-10-23 18:39:04.671 +02:00 [Information] Executing ViewResult, running view "Index".
2023-10-23 18:39:04.766 +02:00 [Information] Executed ViewResult - view "Index" executed in 94.7864ms.
2023-10-23 18:39:04.768 +02:00 [Information] Executed action "Forum.Controllers.HomeController.Index (Forum)" in 101.1616ms
2023-10-23 18:39:04.768 +02:00 [Information] Executed endpoint '"Forum.Controllers.HomeController.Index (Forum)"'
2023-10-23 18:39:04.788 +02:00 [Information] Request finished HTTP/2 GET https://localhost:7205/ - - - 200 - text/html;+charset=utf-8 169.0049ms
2023-10-23 18:39:04.792 +02:00 [Information] Request starting HTTP/2 GET https://localhost:7205/style.css - -
2023-10-23 18:39:04.792 +02:00 [Information] Request starting HTTP/2 GET https://localhost:7205/_framework/aspnetcore-browser-refresh.js - -
2023-10-23 18:39:04.792 +02:00 [Information] Request starting HTTP/2 GET https://localhost:7205/img/omnifood-logo.png - -
2023-10-23 18:39:04.792 +02:00 [Information] Request starting HTTP/2 GET https://localhost:7205/css/style.css?v=GnikK2H98wctm5Ubs6lb4mz5RxX2-RwSTOuYmgekITI - -
2023-10-23 18:39:04.794 +02:00 [Information] Request finished HTTP/2 GET https://localhost:7205/_framework/aspnetcore-browser-refresh.js - - - 200 12342 application/javascript;+charset=utf-8 1.9747ms
2023-10-23 18:39:04.795 +02:00 [Information] Request finished HTTP/2 GET https://localhost:7205/style.css - - - 404 0 - 2.6468ms
2023-10-23 18:39:04.795 +02:00 [Information] Request finished HTTP/2 GET https://localhost:7205/img/omnifood-logo.png - - - 404 0 - 2.6681ms
2023-10-23 18:39:04.802 +02:00 [Information] The file "/css/style.css" was not modified
2023-10-23 18:39:04.803 +02:00 [Information] Request finished HTTP/2 GET https://localhost:7205/css/style.css?v=GnikK2H98wctm5Ubs6lb4mz5RxX2-RwSTOuYmgekITI - - - 304 - text/css 10.8019ms
2023-10-23 18:39:04.806 +02:00 [Information] Request starting HTTP/2 GET https://localhost:7205/_vs/browserLink - -
2023-10-23 18:39:04.813 +02:00 [Information] Request finished HTTP/2 GET https://localhost:7205/_vs/browserLink - - - 200 - text/javascript;+charset=UTF-8 6.7640ms
