2023-10-24 17:28:26.294 +02:00 [Information] User profile is available. Using '"C:\Users\abdik\AppData\Local\ASP.NET\DataProtection-Keys"' as key repository and Windows DPAPI to encrypt keys at rest.
2023-10-24 17:28:26.689 +02:00 [Information] Now listening on: "https://localhost:7205"
2023-10-24 17:28:26.689 +02:00 [Information] Now listening on: "http://localhost:5112"
2023-10-24 17:28:26.692 +02:00 [Information] Application started. Press Ctrl+C to shut down.
2023-10-24 17:28:26.692 +02:00 [Information] Hosting environment: "Development"
2023-10-24 17:28:26.692 +02:00 [Information] Content root path: "C:\Users\abdik\Source\Repos\Forum\MyShop\"
2023-10-24 17:28:27.047 +02:00 [Information] Request starting HTTP/2 GET https://localhost:7205/ - -
2023-10-24 17:28:27.086 +02:00 [Information] Executing endpoint '"Forum.Controllers.HomeController.Index (Forum)"'
2023-10-24 17:28:27.095 +02:00 [Information] Route matched with "{action = \"Index\", controller = \"Home\", page = \"\", area = \"\"}". Executing controller action with signature "System.Threading.Tasks.Task`1[Microsoft.AspNetCore.Mvc.IActionResult] Index()" on controller "Forum.Controllers.HomeController" ("Forum").
2023-10-24 17:28:27.119 +02:00 [Information] Executing ViewResult, running view "Index".
2023-10-24 17:28:27.230 +02:00 [Information] Executed ViewResult - view "Index" executed in 110.13ms.
2023-10-24 17:28:27.231 +02:00 [Information] Executed action "Forum.Controllers.HomeController.Index (Forum)" in 135.7177ms
2023-10-24 17:28:27.232 +02:00 [Information] Executed endpoint '"Forum.Controllers.HomeController.Index (Forum)"'
2023-10-24 17:28:27.244 +02:00 [Information] Request finished HTTP/2 GET https://localhost:7205/ - - - 200 - text/html;+charset=utf-8 199.3171ms
2023-10-24 17:28:27.248 +02:00 [Information] Request starting HTTP/2 GET https://localhost:7205/style.css - -
2023-10-24 17:28:27.248 +02:00 [Information] Request starting HTTP/2 GET https://localhost:7205/_framework/aspnetcore-browser-refresh.js - -
2023-10-24 17:28:27.248 +02:00 [Information] Request starting HTTP/2 GET https://localhost:7205/css/style.css?v=GIITMtfwAO94GzTd_O0hWmj2Vhp3Hb-uVTko2pkBIzQ - -
2023-10-24 17:28:27.251 +02:00 [Information] Request finished HTTP/2 GET https://localhost:7205/_framework/aspnetcore-browser-refresh.js - - - 200 12342 application/javascript;+charset=utf-8 2.3266ms
2023-10-24 17:28:27.251 +02:00 [Information] The file "/css/style.css" was not modified
2023-10-24 17:28:27.251 +02:00 [Information] Request finished HTTP/2 GET https://localhost:7205/style.css - - - 404 0 - 2.8449ms
2023-10-24 17:28:27.251 +02:00 [Information] Request finished HTTP/2 GET https://localhost:7205/css/style.css?v=GIITMtfwAO94GzTd_O0hWmj2Vhp3Hb-uVTko2pkBIzQ - - - 304 - text/css 2.8873ms
2023-10-24 17:28:27.257 +02:00 [Information] Request starting HTTP/2 GET https://localhost:7205/_vs/browserLink - -
2023-10-24 17:28:27.263 +02:00 [Information] Request finished HTTP/2 GET https://localhost:7205/_vs/browserLink - - - 200 - text/javascript;+charset=UTF-8 6.1829ms
2023-10-24 17:28:38.947 +02:00 [Information] Request starting HTTP/2 GET https://localhost:7205/style.css - -
2023-10-24 17:28:38.949 +02:00 [Information] Request finished HTTP/2 GET https://localhost:7205/style.css - - - 404 0 - 1.7596ms
