2023-10-24 15:40:56.578 +02:00 [Information] User profile is available. Using '"C:\Users\abdik\AppData\Local\ASP.NET\DataProtection-Keys"' as key repository and Windows DPAPI to encrypt keys at rest.
2023-10-24 15:40:56.986 +02:00 [Information] Now listening on: "https://localhost:7205"
2023-10-24 15:40:56.986 +02:00 [Information] Now listening on: "http://localhost:5112"
2023-10-24 15:40:56.989 +02:00 [Information] Application started. Press Ctrl+C to shut down.
2023-10-24 15:40:56.990 +02:00 [Information] Hosting environment: "Development"
2023-10-24 15:40:56.990 +02:00 [Information] Content root path: "C:\Users\abdik\Source\Repos\Forum\MyShop\"
2023-10-24 15:40:57.325 +02:00 [Information] Request starting HTTP/2 GET https://localhost:7205/ - -
2023-10-24 15:40:57.370 +02:00 [Information] AuthenticationScheme: "Identity.Application" signed out.
2023-10-24 15:40:57.371 +02:00 [Information] AuthenticationScheme: "Identity.External" signed out.
2023-10-24 15:40:57.372 +02:00 [Information] AuthenticationScheme: "Identity.TwoFactorUserId" signed out.
2023-10-24 15:40:57.375 +02:00 [Information] "Identity.Application" was not authenticated. Failure message: "No principal."
2023-10-24 15:40:57.376 +02:00 [Information] "Identity.Application" was not authenticated. Failure message: "No principal."
2023-10-24 15:40:57.378 +02:00 [Information] Executing endpoint '"Forum.Controllers.HomeController.Index (Forum)"'
2023-10-24 15:40:57.387 +02:00 [Information] Route matched with "{action = \"Index\", controller = \"Home\", page = \"\", area = \"\"}". Executing controller action with signature "System.Threading.Tasks.Task`1[Microsoft.AspNetCore.Mvc.IActionResult] Index()" on controller "Forum.Controllers.HomeController" ("Forum").
2023-10-24 15:40:57.407 +02:00 [Information] Executing ViewResult, running view "Index".
2023-10-24 15:40:57.502 +02:00 [Information] Executed ViewResult - view "Index" executed in 93.5757ms.
2023-10-24 15:40:57.503 +02:00 [Information] Executed action "Forum.Controllers.HomeController.Index (Forum)" in 116.2291ms
2023-10-24 15:40:57.504 +02:00 [Information] Executed endpoint '"Forum.Controllers.HomeController.Index (Forum)"'
2023-10-24 15:40:57.516 +02:00 [Information] Request finished HTTP/2 GET https://localhost:7205/ - - - 200 - text/html;+charset=utf-8 192.8830ms
2023-10-24 15:40:57.547 +02:00 [Information] Request starting HTTP/2 GET https://localhost:7205/css/style.css?v=l5Iz_l9ngncCa7RBHFoGIqzK6IOAKT_ANwuQAZFFdAE - -
2023-10-24 15:40:57.547 +02:00 [Information] Request starting HTTP/2 GET https://localhost:7205/style.css - -
2023-10-24 15:40:57.549 +02:00 [Information] Request finished HTTP/2 GET https://localhost:7205/style.css - - - 404 0 - 2.1601ms
2023-10-24 15:40:57.550 +02:00 [Information] The file "/css/style.css" was not modified
2023-10-24 15:40:57.550 +02:00 [Information] Request finished HTTP/2 GET https://localhost:7205/css/style.css?v=l5Iz_l9ngncCa7RBHFoGIqzK6IOAKT_ANwuQAZFFdAE - - - 304 - text/css 3.4886ms
2023-10-24 15:40:57.554 +02:00 [Information] Request starting HTTP/2 GET https://localhost:7205/_framework/aspnetcore-browser-refresh.js - -
2023-10-24 15:40:57.555 +02:00 [Information] Request finished HTTP/2 GET https://localhost:7205/_framework/aspnetcore-browser-refresh.js - - - 200 12342 application/javascript;+charset=utf-8 1.4544ms
2023-10-24 15:40:57.558 +02:00 [Information] Request starting HTTP/2 GET https://localhost:7205/_vs/browserLink - -
2023-10-24 15:40:57.563 +02:00 [Information] Request finished HTTP/2 GET https://localhost:7205/_vs/browserLink - - - 200 - text/javascript;+charset=UTF-8 5.6544ms
