2023-10-19 02:35:05.363 +02:00 [Information] User profile is available. Using '"C:\Users\latif\AppData\Local\ASP.NET\DataProtection-Keys"' as key repository and Windows DPAPI to encrypt keys at rest.
2023-10-19 02:35:06.286 +02:00 [Information] Now listening on: "https://localhost:7205"
2023-10-19 02:35:06.289 +02:00 [Information] Now listening on: "http://localhost:5112"
2023-10-19 02:35:06.296 +02:00 [Information] Application started. Press Ctrl+C to shut down.
2023-10-19 02:35:06.298 +02:00 [Information] Hosting environment: "Development"
2023-10-19 02:35:06.299 +02:00 [Information] Content root path: "C:\Users\latif\source\repos\PROJECT_1WEB\Forum\MyShop\"
2023-10-19 02:35:06.593 +02:00 [Information] Request starting HTTP/2 GET https://localhost:7205/ - -
2023-10-19 02:35:06.702 +02:00 [Information] Executing endpoint '"Forum.Controllers.HomeController.Index (Forum)"'
2023-10-19 02:35:06.716 +02:00 [Information] Route matched with "{action = \"Index\", controller = \"Home\", page = \"\", area = \"\"}". Executing controller action with signature "Microsoft.AspNetCore.Mvc.IActionResult Index()" on controller "Forum.Controllers.HomeController" ("Forum").
2023-10-19 02:35:06.774 +02:00 [Information] Executing action method "Forum.Controllers.HomeController.Index (Forum)" - Validation state: Valid
2023-10-19 02:35:06.781 +02:00 [Information] Executed action method "Forum.Controllers.HomeController.Index (Forum)", returned result "Microsoft.AspNetCore.Mvc.ViewResult" in 0.7891ms.
2023-10-19 02:35:06.788 +02:00 [Information] Executing ViewResult, running view "Index".
2023-10-19 02:35:06.991 +02:00 [Information] Executed ViewResult - view "Index" executed in 202.2783ms.
2023-10-19 02:35:06.997 +02:00 [Information] Executed action "Forum.Controllers.HomeController.Index (Forum)" in 280.3048ms
2023-10-19 02:35:06.998 +02:00 [Information] Executed endpoint '"Forum.Controllers.HomeController.Index (Forum)"'
2023-10-19 02:35:07.024 +02:00 [Information] Request starting HTTP/2 GET https://localhost:7205/_framework/aspnetcore-browser-refresh.js - -
2023-10-19 02:35:07.024 +02:00 [Information] Request starting HTTP/2 GET https://localhost:7205/lib/bootstrap/css/crtstyle.css - -
2023-10-19 02:35:07.030 +02:00 [Information] Request finished HTTP/2 GET https://localhost:7205/_framework/aspnetcore-browser-refresh.js - - - 200 12342 application/javascript;+charset=utf-8 5.4207ms
2023-10-19 02:35:07.041 +02:00 [Information] Request finished HTTP/2 GET https://localhost:7205/ - - - 200 - text/html;+charset=utf-8 453.1791ms
2023-10-19 02:35:07.041 +02:00 [Information] Request starting HTTP/2 GET https://localhost:7205/_vs/browserLink - -
2023-10-19 02:35:07.059 +02:00 [Information] The file "/lib/bootstrap/css/crtstyle.css" was not modified
2023-10-19 02:35:07.061 +02:00 [Information] Request finished HTTP/2 GET https://localhost:7205/lib/bootstrap/css/crtstyle.css - - - 304 - text/css 36.4084ms
2023-10-19 02:35:07.066 +02:00 [Information] Request finished HTTP/2 GET https://localhost:7205/_vs/browserLink - - - 200 - text/javascript;+charset=UTF-8 25.7925ms
2023-10-19 02:35:08.938 +02:00 [Information] Request starting HTTP/2 GET https://localhost:7205/ - -
2023-10-19 02:35:08.950 +02:00 [Information] Executing endpoint '"Forum.Controllers.HomeController.Index (Forum)"'
2023-10-19 02:35:08.950 +02:00 [Information] Route matched with "{action = \"Index\", controller = \"Home\", page = \"\", area = \"\"}". Executing controller action with signature "Microsoft.AspNetCore.Mvc.IActionResult Index()" on controller "Forum.Controllers.HomeController" ("Forum").
2023-10-19 02:35:08.963 +02:00 [Information] Executing action method "Forum.Controllers.HomeController.Index (Forum)" - Validation state: Valid
2023-10-19 02:35:08.963 +02:00 [Information] Executed action method "Forum.Controllers.HomeController.Index (Forum)", returned result "Microsoft.AspNetCore.Mvc.ViewResult" in 0.0577ms.
2023-10-19 02:35:08.964 +02:00 [Information] Executing ViewResult, running view "Index".
2023-10-19 02:35:08.983 +02:00 [Information] Executed ViewResult - view "Index" executed in 19.8694ms.
2023-10-19 02:35:08.984 +02:00 [Information] Executed action "Forum.Controllers.HomeController.Index (Forum)" in 33.7299ms
2023-10-19 02:35:08.984 +02:00 [Information] Executed endpoint '"Forum.Controllers.HomeController.Index (Forum)"'
2023-10-19 02:35:08.986 +02:00 [Information] Request finished HTTP/2 GET https://localhost:7205/ - - - 200 - text/html;+charset=utf-8 48.3758ms
2023-10-19 02:35:08.989 +02:00 [Information] Request starting HTTP/2 GET https://localhost:7205/_vs/browserLink - -
2023-10-19 02:35:08.989 +02:00 [Information] Request starting HTTP/2 GET https://localhost:7205/_framework/aspnetcore-browser-refresh.js - -
2023-10-19 02:35:08.989 +02:00 [Information] Request finished HTTP/2 GET https://localhost:7205/_framework/aspnetcore-browser-refresh.js - - - 200 12342 application/javascript;+charset=utf-8 0.4611ms
2023-10-19 02:35:08.997 +02:00 [Information] Request finished HTTP/2 GET https://localhost:7205/_vs/browserLink - - - 200 - text/javascript;+charset=UTF-8 8.0903ms
2023-10-19 02:35:10.096 +02:00 [Information] Request starting HTTP/2 GET https://localhost:7205/Category/CategoryTable - -
2023-10-19 02:35:10.120 +02:00 [Information] Executing endpoint '"Forum.Controllers.CategoryController.CategoryTable (Forum)"'
2023-10-19 02:35:10.125 +02:00 [Information] Route matched with "{action = \"CategoryTable\", controller = \"Category\", page = \"\", area = \"\"}". Executing controller action with signature "System.Threading.Tasks.Task`1[Microsoft.AspNetCore.Mvc.IActionResult] CategoryTable()" on controller "Forum.Controllers.CategoryController" ("Forum").
2023-10-19 02:35:10.152 +02:00 [Information] Executing action method "Forum.Controllers.CategoryController.CategoryTable (Forum)" - Validation state: Valid
2023-10-19 02:35:10.197 +02:00 [Information] Executed action method "Forum.Controllers.CategoryController.CategoryTable (Forum)", returned result "Microsoft.AspNetCore.Mvc.ViewResult" in 44.783ms.
2023-10-19 02:35:10.198 +02:00 [Information] Executing ViewResult, running view "CategoryTable".
2023-10-19 02:35:10.233 +02:00 [Information] Executed ViewResult - view "CategoryTable" executed in 35.7582ms.
2023-10-19 02:35:10.233 +02:00 [Information] Executed action "Forum.Controllers.CategoryController.CategoryTable (Forum)" in 107.7767ms
2023-10-19 02:35:10.233 +02:00 [Information] Executed endpoint '"Forum.Controllers.CategoryController.CategoryTable (Forum)"'
2023-10-19 02:35:10.236 +02:00 [Information] Request finished HTTP/2 GET https://localhost:7205/Category/CategoryTable - - - 200 - text/html;+charset=utf-8 139.4992ms
2023-10-19 02:35:10.239 +02:00 [Information] Request starting HTTP/2 GET https://localhost:7205/_framework/aspnetcore-browser-refresh.js - -
2023-10-19 02:35:10.239 +02:00 [Information] Request starting HTTP/2 GET https://localhost:7205/_vs/browserLink - -
2023-10-19 02:35:10.239 +02:00 [Information] Request finished HTTP/2 GET https://localhost:7205/_framework/aspnetcore-browser-refresh.js - - - 200 12342 application/javascript;+charset=utf-8 0.3142ms
2023-10-19 02:35:10.242 +02:00 [Information] Request finished HTTP/2 GET https://localhost:7205/_vs/browserLink - - - 200 - text/javascript;+charset=UTF-8 3.5263ms
2023-10-19 02:35:14.250 +02:00 [Information] Request starting HTTP/2 GET https://localhost:7205/Category/CategoryGrid - -
2023-10-19 02:35:14.262 +02:00 [Information] Executing endpoint '"Forum.Controllers.CategoryController.CategoryGrid (Forum)"'
2023-10-19 02:35:14.266 +02:00 [Information] Route matched with "{action = \"CategoryGrid\", controller = \"Category\", page = \"\", area = \"\"}". Executing controller action with signature "System.Threading.Tasks.Task`1[Microsoft.AspNetCore.Mvc.IActionResult] CategoryGrid()" on controller "Forum.Controllers.CategoryController" ("Forum").
2023-10-19 02:35:14.293 +02:00 [Information] Executing action method "Forum.Controllers.CategoryController.CategoryGrid (Forum)" - Validation state: Valid
2023-10-19 02:35:14.301 +02:00 [Information] Executed action method "Forum.Controllers.CategoryController.CategoryGrid (Forum)", returned result "Microsoft.AspNetCore.Mvc.ViewResult" in 7.5535ms.
2023-10-19 02:35:14.302 +02:00 [Information] Executing ViewResult, running view "CategoryGrid".
2023-10-19 02:35:14.322 +02:00 [Information] Executed ViewResult - view "CategoryGrid" executed in 20.748ms.
2023-10-19 02:35:14.322 +02:00 [Information] Executed action "Forum.Controllers.CategoryController.CategoryGrid (Forum)" in 55.4227ms
2023-10-19 02:35:14.322 +02:00 [Information] Executed endpoint '"Forum.Controllers.CategoryController.CategoryGrid (Forum)"'
2023-10-19 02:35:14.325 +02:00 [Information] Request finished HTTP/2 GET https://localhost:7205/Category/CategoryGrid - - - 200 - text/html;+charset=utf-8 74.6107ms
2023-10-19 02:35:14.333 +02:00 [Information] Request starting HTTP/2 GET https://localhost:7205/_framework/aspnetcore-browser-refresh.js - -
2023-10-19 02:35:14.333 +02:00 [Information] Request finished HTTP/2 GET https://localhost:7205/_framework/aspnetcore-browser-refresh.js - - - 200 12342 application/javascript;+charset=utf-8 0.2359ms
2023-10-19 02:35:14.334 +02:00 [Information] Request starting HTTP/2 GET https://localhost:7205/_vs/browserLink - -
2023-10-19 02:35:14.339 +02:00 [Information] Request finished HTTP/2 GET https://localhost:7205/_vs/browserLink - - - 200 - text/javascript;+charset=UTF-8 5.0839ms
2023-10-19 02:35:16.728 +02:00 [Information] Request starting HTTP/2 GET https://localhost:7205/Category/CategoryTable - -
2023-10-19 02:35:16.736 +02:00 [Information] Executing endpoint '"Forum.Controllers.CategoryController.CategoryTable (Forum)"'
2023-10-19 02:35:16.736 +02:00 [Information] Route matched with "{action = \"CategoryTable\", controller = \"Category\", page = \"\", area = \"\"}". Executing controller action with signature "System.Threading.Tasks.Task`1[Microsoft.AspNetCore.Mvc.IActionResult] CategoryTable()" on controller "Forum.Controllers.CategoryController" ("Forum").
2023-10-19 02:35:16.764 +02:00 [Information] Executing action method "Forum.Controllers.CategoryController.CategoryTable (Forum)" - Validation state: Valid
2023-10-19 02:35:16.770 +02:00 [Information] Executed action method "Forum.Controllers.CategoryController.CategoryTable (Forum)", returned result "Microsoft.AspNetCore.Mvc.ViewResult" in 5.9631ms.
2023-10-19 02:35:16.770 +02:00 [Information] Executing ViewResult, running view "CategoryTable".
2023-10-19 02:35:16.781 +02:00 [Information] Executed ViewResult - view "CategoryTable" executed in 9.8285ms.
2023-10-19 02:35:16.781 +02:00 [Information] Executed action "Forum.Controllers.CategoryController.CategoryTable (Forum)" in 44.584ms
2023-10-19 02:35:16.781 +02:00 [Information] Executed endpoint '"Forum.Controllers.CategoryController.CategoryTable (Forum)"'
2023-10-19 02:35:16.783 +02:00 [Information] Request finished HTTP/2 GET https://localhost:7205/Category/CategoryTable - - - 200 - text/html;+charset=utf-8 54.9899ms
2023-10-19 02:35:16.786 +02:00 [Information] Request starting HTTP/2 GET https://localhost:7205/_framework/aspnetcore-browser-refresh.js - -
2023-10-19 02:35:16.786 +02:00 [Information] Request starting HTTP/2 GET https://localhost:7205/_vs/browserLink - -
2023-10-19 02:35:16.786 +02:00 [Information] Request finished HTTP/2 GET https://localhost:7205/_framework/aspnetcore-browser-refresh.js - - - 200 12342 application/javascript;+charset=utf-8 1.0620ms
2023-10-19 02:35:16.791 +02:00 [Information] Request finished HTTP/2 GET https://localhost:7205/_vs/browserLink - - - 200 - text/javascript;+charset=UTF-8 5.1217ms
2023-10-19 02:35:19.921 +02:00 [Information] Request starting HTTP/2 GET https://localhost:7205/Room/RoomTable - -
2023-10-19 02:35:19.927 +02:00 [Information] Executing endpoint '"Forum.Controllers.RoomController.RoomTable (Forum)"'
2023-10-19 02:35:19.931 +02:00 [Information] Route matched with "{action = \"RoomTable\", controller = \"Room\", page = \"\", area = \"\"}". Executing controller action with signature "System.Threading.Tasks.Task`1[Microsoft.AspNetCore.Mvc.IActionResult] RoomTable()" on controller "Forum.Controllers.RoomController" ("Forum").
2023-10-19 02:35:19.961 +02:00 [Information] Executing action method "Forum.Controllers.RoomController.RoomTable (Forum)" - Validation state: Valid
2023-10-19 02:35:20.011 +02:00 [Information] Executed action method "Forum.Controllers.RoomController.RoomTable (Forum)", returned result "Microsoft.AspNetCore.Mvc.ViewResult" in 49.7318ms.
2023-10-19 02:35:20.012 +02:00 [Information] Executing ViewResult, running view "RoomTable".
2023-10-19 02:35:20.046 +02:00 [Information] Executed ViewResult - view "RoomTable" executed in 35.4339ms.
2023-10-19 02:35:20.047 +02:00 [Information] Executed action "Forum.Controllers.RoomController.RoomTable (Forum)" in 115.2839ms
2023-10-19 02:35:20.047 +02:00 [Information] Executed endpoint '"Forum.Controllers.RoomController.RoomTable (Forum)"'
2023-10-19 02:35:20.049 +02:00 [Information] Request finished HTTP/2 GET https://localhost:7205/Room/RoomTable - - - 200 - text/html;+charset=utf-8 128.8201ms
2023-10-19 02:35:20.052 +02:00 [Information] Request starting HTTP/2 GET https://localhost:7205/_vs/browserLink - -
2023-10-19 02:35:20.052 +02:00 [Information] Request starting HTTP/2 GET https://localhost:7205/_framework/aspnetcore-browser-refresh.js - -
2023-10-19 02:35:20.053 +02:00 [Information] Request finished HTTP/2 GET https://localhost:7205/_framework/aspnetcore-browser-refresh.js - - - 200 12342 application/javascript;+charset=utf-8 0.5082ms
2023-10-19 02:35:20.066 +02:00 [Information] Request finished HTTP/2 GET https://localhost:7205/_vs/browserLink - - - 200 - text/javascript;+charset=UTF-8 14.2078ms
2023-10-19 02:35:21.303 +02:00 [Information] Request starting HTTP/2 GET https://localhost:7205/Topic/TopicTable - -
2023-10-19 02:35:21.309 +02:00 [Information] Executing endpoint '"Forum.Controllers.TopicController.TopicTable (Forum)"'
2023-10-19 02:35:21.315 +02:00 [Information] Route matched with "{action = \"TopicTable\", controller = \"Topic\", page = \"\", area = \"\"}". Executing controller action with signature "System.Threading.Tasks.Task`1[Microsoft.AspNetCore.Mvc.IActionResult] TopicTable()" on controller "Forum.Controllers.TopicController" ("Forum").
2023-10-19 02:35:21.341 +02:00 [Information] Executing action method "Forum.Controllers.TopicController.TopicTable (Forum)" - Validation state: Valid
2023-10-19 02:35:21.392 +02:00 [Information] Executed action method "Forum.Controllers.TopicController.TopicTable (Forum)", returned result "Microsoft.AspNetCore.Mvc.ViewResult" in 50.0031ms.
2023-10-19 02:35:21.393 +02:00 [Information] Executing ViewResult, running view "TopicTable".
2023-10-19 02:35:21.422 +02:00 [Information] Executed ViewResult - view "TopicTable" executed in 30.7071ms.
2023-10-19 02:35:21.423 +02:00 [Information] Executed action "Forum.Controllers.TopicController.TopicTable (Forum)" in 107.8382ms
2023-10-19 02:35:21.423 +02:00 [Information] Executed endpoint '"Forum.Controllers.TopicController.TopicTable (Forum)"'
2023-10-19 02:35:21.425 +02:00 [Information] Request finished HTTP/2 GET https://localhost:7205/Topic/TopicTable - - - 200 - text/html;+charset=utf-8 121.7765ms
2023-10-19 02:35:21.427 +02:00 [Information] Request starting HTTP/2 GET https://localhost:7205/_vs/browserLink - -
2023-10-19 02:35:21.427 +02:00 [Information] Request starting HTTP/2 GET https://localhost:7205/_framework/aspnetcore-browser-refresh.js - -
2023-10-19 02:35:21.428 +02:00 [Information] Request finished HTTP/2 GET https://localhost:7205/_framework/aspnetcore-browser-refresh.js - - - 200 12342 application/javascript;+charset=utf-8 0.9909ms
2023-10-19 02:35:21.432 +02:00 [Information] Request finished HTTP/2 GET https://localhost:7205/_vs/browserLink - - - 200 - text/javascript;+charset=UTF-8 5.1693ms
2023-10-19 02:35:23.130 +02:00 [Information] Request starting HTTP/2 GET https://localhost:7205/Category/CategoryTable - -
2023-10-19 02:35:23.138 +02:00 [Information] Executing endpoint '"Forum.Controllers.CategoryController.CategoryTable (Forum)"'
2023-10-19 02:35:23.138 +02:00 [Information] Route matched with "{action = \"CategoryTable\", controller = \"Category\", page = \"\", area = \"\"}". Executing controller action with signature "System.Threading.Tasks.Task`1[Microsoft.AspNetCore.Mvc.IActionResult] CategoryTable()" on controller "Forum.Controllers.CategoryController" ("Forum").
2023-10-19 02:35:23.164 +02:00 [Information] Executing action method "Forum.Controllers.CategoryController.CategoryTable (Forum)" - Validation state: Valid
2023-10-19 02:35:23.170 +02:00 [Information] Executed action method "Forum.Controllers.CategoryController.CategoryTable (Forum)", returned result "Microsoft.AspNetCore.Mvc.ViewResult" in 5.9029ms.
2023-10-19 02:35:23.171 +02:00 [Information] Executing ViewResult, running view "CategoryTable".
2023-10-19 02:35:23.179 +02:00 [Information] Executed ViewResult - view "CategoryTable" executed in 8.6935ms.
2023-10-19 02:35:23.180 +02:00 [Information] Executed action "Forum.Controllers.CategoryController.CategoryTable (Forum)" in 40.9136ms
2023-10-19 02:35:23.180 +02:00 [Information] Executed endpoint '"Forum.Controllers.CategoryController.CategoryTable (Forum)"'
2023-10-19 02:35:23.182 +02:00 [Information] Request finished HTTP/2 GET https://localhost:7205/Category/CategoryTable - - - 200 - text/html;+charset=utf-8 52.4449ms
2023-10-19 02:35:23.186 +02:00 [Information] Request starting HTTP/2 GET https://localhost:7205/_vs/browserLink - -
2023-10-19 02:35:23.186 +02:00 [Information] Request starting HTTP/2 GET https://localhost:7205/_framework/aspnetcore-browser-refresh.js - -
2023-10-19 02:35:23.186 +02:00 [Information] Request finished HTTP/2 GET https://localhost:7205/_framework/aspnetcore-browser-refresh.js - - - 200 12342 application/javascript;+charset=utf-8 0.5674ms
2023-10-19 02:35:23.190 +02:00 [Information] Request finished HTTP/2 GET https://localhost:7205/_vs/browserLink - - - 200 - text/javascript;+charset=UTF-8 4.8531ms
2023-10-19 02:35:24.560 +02:00 [Information] Request starting HTTP/2 GET https://localhost:7205/Category/CategoryDetails/1 - -
2023-10-19 02:35:24.566 +02:00 [Information] Executing endpoint '"Forum.Controllers.CategoryController.CategoryDetails (Forum)"'
2023-10-19 02:35:24.593 +02:00 [Information] Route matched with "{action = \"CategoryDetails\", controller = \"Category\", page = \"\", area = \"\"}". Executing controller action with signature "System.Threading.Tasks.Task`1[Microsoft.AspNetCore.Mvc.IActionResult] CategoryDetails(Int32)" on controller "Forum.Controllers.CategoryController" ("Forum").
2023-10-19 02:35:24.638 +02:00 [Information] Executing action method "Forum.Controllers.CategoryController.CategoryDetails (Forum)" - Validation state: Valid
2023-10-19 02:35:24.654 +02:00 [Information] Executed action method "Forum.Controllers.CategoryController.CategoryDetails (Forum)", returned result "Microsoft.AspNetCore.Mvc.ViewResult" in 16.5954ms.
2023-10-19 02:35:24.656 +02:00 [Information] Executing ViewResult, running view "CategoryDetails".
2023-10-19 02:35:24.728 +02:00 [Information] Executed ViewResult - view "CategoryDetails" executed in 73.5504ms.
2023-10-19 02:35:24.729 +02:00 [Information] Executed action "Forum.Controllers.CategoryController.CategoryDetails (Forum)" in 135.9935ms
2023-10-19 02:35:24.729 +02:00 [Information] Executed endpoint '"Forum.Controllers.CategoryController.CategoryDetails (Forum)"'
2023-10-19 02:35:24.732 +02:00 [Information] Request finished HTTP/2 GET https://localhost:7205/Category/CategoryDetails/1 - - - 200 - text/html;+charset=utf-8 172.4542ms
2023-10-19 02:35:24.735 +02:00 [Information] Request starting HTTP/2 GET https://localhost:7205/_framework/aspnetcore-browser-refresh.js - -
2023-10-19 02:35:24.735 +02:00 [Information] Request starting HTTP/2 GET https://localhost:7205/_vs/browserLink - -
2023-10-19 02:35:24.735 +02:00 [Information] Request finished HTTP/2 GET https://localhost:7205/_framework/aspnetcore-browser-refresh.js - - - 200 12342 application/javascript;+charset=utf-8 0.6071ms
2023-10-19 02:35:24.740 +02:00 [Information] Request finished HTTP/2 GET https://localhost:7205/_vs/browserLink - - - 200 - text/javascript;+charset=UTF-8 5.1793ms
2023-10-19 02:35:27.116 +02:00 [Information] Request starting HTTP/2 GET https://localhost:7205/Room/RoomDetails/1 - -
2023-10-19 02:35:27.126 +02:00 [Information] Executing endpoint '"Forum.Controllers.RoomController.RoomDetails (Forum)"'
2023-10-19 02:35:27.132 +02:00 [Information] Route matched with "{action = \"RoomDetails\", controller = \"Room\", page = \"\", area = \"\"}". Executing controller action with signature "System.Threading.Tasks.Task`1[Microsoft.AspNetCore.Mvc.IActionResult] RoomDetails(Int32)" on controller "Forum.Controllers.RoomController" ("Forum").
2023-10-19 02:35:27.165 +02:00 [Information] Executing action method "Forum.Controllers.RoomController.RoomDetails (Forum)" - Validation state: Valid
2023-10-19 02:35:27.180 +02:00 [Information] Executed action method "Forum.Controllers.RoomController.RoomDetails (Forum)", returned result "Microsoft.AspNetCore.Mvc.ViewResult" in 14.4859ms.
2023-10-19 02:35:27.181 +02:00 [Information] Executing ViewResult, running view "RoomDetails".
2023-10-19 02:35:27.211 +02:00 [Information] Executed ViewResult - view "RoomDetails" executed in 30.814ms.
2023-10-19 02:35:27.211 +02:00 [Information] Executed action "Forum.Controllers.RoomController.RoomDetails (Forum)" in 78.3983ms
2023-10-19 02:35:27.211 +02:00 [Information] Executed endpoint '"Forum.Controllers.RoomController.RoomDetails (Forum)"'
2023-10-19 02:35:27.214 +02:00 [Information] Request finished HTTP/2 GET https://localhost:7205/Room/RoomDetails/1 - - - 200 - text/html;+charset=utf-8 97.6298ms
2023-10-19 02:35:27.217 +02:00 [Information] Request starting HTTP/2 GET https://localhost:7205/_framework/aspnetcore-browser-refresh.js - -
2023-10-19 02:35:27.217 +02:00 [Information] Request starting HTTP/2 GET https://localhost:7205/_vs/browserLink - -
2023-10-19 02:35:27.217 +02:00 [Information] Request finished HTTP/2 GET https://localhost:7205/_framework/aspnetcore-browser-refresh.js - - - 200 12342 application/javascript;+charset=utf-8 0.7375ms
2023-10-19 02:35:27.222 +02:00 [Information] Request finished HTTP/2 GET https://localhost:7205/_vs/browserLink - - - 200 - text/javascript;+charset=UTF-8 5.2379ms
2023-10-19 02:35:29.452 +02:00 [Information] Request starting HTTP/2 GET https://localhost:7205/Topic/TopicDetails/1 - -
2023-10-19 02:35:29.461 +02:00 [Information] Executing endpoint '"Forum.Controllers.TopicController.TopicDetails (Forum)"'
2023-10-19 02:35:29.467 +02:00 [Information] Route matched with "{action = \"TopicDetails\", controller = \"Topic\", page = \"\", area = \"\"}". Executing controller action with signature "System.Threading.Tasks.Task`1[Microsoft.AspNetCore.Mvc.IActionResult] TopicDetails(Int32)" on controller "Forum.Controllers.TopicController" ("Forum").
2023-10-19 02:35:29.494 +02:00 [Information] Executing action method "Forum.Controllers.TopicController.TopicDetails (Forum)" - Validation state: Valid
2023-10-19 02:35:29.508 +02:00 [Information] Executed action method "Forum.Controllers.TopicController.TopicDetails (Forum)", returned result "Microsoft.AspNetCore.Mvc.ViewResult" in 13.8721ms.
2023-10-19 02:35:29.509 +02:00 [Information] Executing ViewResult, running view "TopicDetails".
2023-10-19 02:35:29.592 +02:00 [Information] Executed ViewResult - view "TopicDetails" executed in 83.2174ms.
2023-10-19 02:35:29.592 +02:00 [Information] Executed action "Forum.Controllers.TopicController.TopicDetails (Forum)" in 124.8641ms
2023-10-19 02:35:29.592 +02:00 [Information] Executed endpoint '"Forum.Controllers.TopicController.TopicDetails (Forum)"'
2023-10-19 02:35:29.594 +02:00 [Information] Request finished HTTP/2 GET https://localhost:7205/Topic/TopicDetails/1 - - - 200 - text/html;+charset=utf-8 142.4337ms
2023-10-19 02:35:29.597 +02:00 [Information] Request starting HTTP/2 GET https://localhost:7205/_framework/aspnetcore-browser-refresh.js - -
2023-10-19 02:35:29.597 +02:00 [Information] Request starting HTTP/2 GET https://localhost:7205/_vs/browserLink - -
2023-10-19 02:35:29.597 +02:00 [Information] Request finished HTTP/2 GET https://localhost:7205/_framework/aspnetcore-browser-refresh.js - - - 200 12342 application/javascript;+charset=utf-8 0.9985ms
2023-10-19 02:35:29.613 +02:00 [Information] Request finished HTTP/2 GET https://localhost:7205/_vs/browserLink - - - 200 - text/javascript;+charset=UTF-8 16.9595ms
2023-10-19 02:35:33.303 +02:00 [Information] Request starting HTTP/2 GET https://localhost:7205/Room/RoomDetails/1 - -
2023-10-19 02:35:33.309 +02:00 [Information] Executing endpoint '"Forum.Controllers.RoomController.RoomDetails (Forum)"'
2023-10-19 02:35:33.309 +02:00 [Information] Route matched with "{action = \"RoomDetails\", controller = \"Room\", page = \"\", area = \"\"}". Executing controller action with signature "System.Threading.Tasks.Task`1[Microsoft.AspNetCore.Mvc.IActionResult] RoomDetails(Int32)" on controller "Forum.Controllers.RoomController" ("Forum").
2023-10-19 02:35:33.337 +02:00 [Information] Executing action method "Forum.Controllers.RoomController.RoomDetails (Forum)" - Validation state: Valid
2023-10-19 02:35:33.345 +02:00 [Information] Executed action method "Forum.Controllers.RoomController.RoomDetails (Forum)", returned result "Microsoft.AspNetCore.Mvc.ViewResult" in 7.6729ms.
2023-10-19 02:35:33.345 +02:00 [Information] Executing ViewResult, running view "RoomDetails".
2023-10-19 02:35:33.361 +02:00 [Information] Executed ViewResult - view "RoomDetails" executed in 15.4854ms.
2023-10-19 02:35:33.362 +02:00 [Information] Executed action "Forum.Controllers.RoomController.RoomDetails (Forum)" in 52.287ms
2023-10-19 02:35:33.362 +02:00 [Information] Executed endpoint '"Forum.Controllers.RoomController.RoomDetails (Forum)"'
2023-10-19 02:35:33.364 +02:00 [Information] Request finished HTTP/2 GET https://localhost:7205/Room/RoomDetails/1 - - - 200 - text/html;+charset=utf-8 61.3080ms
2023-10-19 02:35:33.367 +02:00 [Information] Request starting HTTP/2 GET https://localhost:7205/_framework/aspnetcore-browser-refresh.js - -
2023-10-19 02:35:33.367 +02:00 [Information] Request finished HTTP/2 GET https://localhost:7205/_framework/aspnetcore-browser-refresh.js - - - 200 12342 application/javascript;+charset=utf-8 0.4307ms
2023-10-19 02:35:36.300 +02:00 [Information] Request starting HTTP/2 GET https://localhost:7205/Category/CategoryTable - -
2023-10-19 02:35:36.308 +02:00 [Information] Executing endpoint '"Forum.Controllers.CategoryController.CategoryTable (Forum)"'
2023-10-19 02:35:36.309 +02:00 [Information] Route matched with "{action = \"CategoryTable\", controller = \"Category\", page = \"\", area = \"\"}". Executing controller action with signature "System.Threading.Tasks.Task`1[Microsoft.AspNetCore.Mvc.IActionResult] CategoryTable()" on controller "Forum.Controllers.CategoryController" ("Forum").
2023-10-19 02:35:36.335 +02:00 [Information] Executing action method "Forum.Controllers.CategoryController.CategoryTable (Forum)" - Validation state: Valid
2023-10-19 02:35:36.340 +02:00 [Information] Executed action method "Forum.Controllers.CategoryController.CategoryTable (Forum)", returned result "Microsoft.AspNetCore.Mvc.ViewResult" in 4.5327ms.
2023-10-19 02:35:36.340 +02:00 [Information] Executing ViewResult, running view "CategoryTable".
2023-10-19 02:35:36.350 +02:00 [Information] Executed ViewResult - view "CategoryTable" executed in 10.0031ms.
2023-10-19 02:35:36.350 +02:00 [Information] Executed action "Forum.Controllers.CategoryController.CategoryTable (Forum)" in 41.7711ms
2023-10-19 02:35:36.350 +02:00 [Information] Executed endpoint '"Forum.Controllers.CategoryController.CategoryTable (Forum)"'
2023-10-19 02:35:36.354 +02:00 [Information] Request finished HTTP/2 GET https://localhost:7205/Category/CategoryTable - - - 200 - text/html;+charset=utf-8 54.1412ms
2023-10-19 02:35:36.359 +02:00 [Information] Request starting HTTP/2 GET https://localhost:7205/_vs/browserLink - -
2023-10-19 02:35:36.359 +02:00 [Information] Request starting HTTP/2 GET https://localhost:7205/_framework/aspnetcore-browser-refresh.js - -
2023-10-19 02:35:36.359 +02:00 [Information] Request finished HTTP/2 GET https://localhost:7205/_framework/aspnetcore-browser-refresh.js - - - 200 12342 application/javascript;+charset=utf-8 0.6997ms
2023-10-19 02:35:36.364 +02:00 [Information] Request finished HTTP/2 GET https://localhost:7205/_vs/browserLink - - - 200 - text/javascript;+charset=UTF-8 4.8370ms
2023-10-19 02:35:38.439 +02:00 [Information] Request starting HTTP/2 GET https://localhost:7205/Room/RoomTable - -
2023-10-19 02:35:38.445 +02:00 [Information] Executing endpoint '"Forum.Controllers.RoomController.RoomTable (Forum)"'
2023-10-19 02:35:38.445 +02:00 [Information] Route matched with "{action = \"RoomTable\", controller = \"Room\", page = \"\", area = \"\"}". Executing controller action with signature "System.Threading.Tasks.Task`1[Microsoft.AspNetCore.Mvc.IActionResult] RoomTable()" on controller "Forum.Controllers.RoomController" ("Forum").
2023-10-19 02:35:38.470 +02:00 [Information] Executing action method "Forum.Controllers.RoomController.RoomTable (Forum)" - Validation state: Valid
2023-10-19 02:35:38.477 +02:00 [Information] Executed action method "Forum.Controllers.RoomController.RoomTable (Forum)", returned result "Microsoft.AspNetCore.Mvc.ViewResult" in 5.9227ms.
2023-10-19 02:35:38.477 +02:00 [Information] Executing ViewResult, running view "RoomTable".
2023-10-19 02:35:38.487 +02:00 [Information] Executed ViewResult - view "RoomTable" executed in 10.568ms.
2023-10-19 02:35:38.488 +02:00 [Information] Executed action "Forum.Controllers.RoomController.RoomTable (Forum)" in 42.4403ms
2023-10-19 02:35:38.488 +02:00 [Information] Executed endpoint '"Forum.Controllers.RoomController.RoomTable (Forum)"'
2023-10-19 02:35:38.491 +02:00 [Information] Request finished HTTP/2 GET https://localhost:7205/Room/RoomTable - - - 200 - text/html;+charset=utf-8 51.5431ms
2023-10-19 02:35:38.496 +02:00 [Information] Request starting HTTP/2 GET https://localhost:7205/_vs/browserLink - -
2023-10-19 02:35:38.496 +02:00 [Information] Request starting HTTP/2 GET https://localhost:7205/_framework/aspnetcore-browser-refresh.js - -
2023-10-19 02:35:38.497 +02:00 [Information] Request finished HTTP/2 GET https://localhost:7205/_framework/aspnetcore-browser-refresh.js - - - 200 12342 application/javascript;+charset=utf-8 0.7581ms
2023-10-19 02:35:38.502 +02:00 [Information] Request finished HTTP/2 GET https://localhost:7205/_vs/browserLink - - - 200 - text/javascript;+charset=UTF-8 5.9321ms
2023-10-19 02:35:40.145 +02:00 [Information] Request starting HTTP/2 GET https://localhost:7205/Category/CategoryTable - -
2023-10-19 02:35:40.154 +02:00 [Information] Executing endpoint '"Forum.Controllers.CategoryController.CategoryTable (Forum)"'
2023-10-19 02:35:40.154 +02:00 [Information] Route matched with "{action = \"CategoryTable\", controller = \"Category\", page = \"\", area = \"\"}". Executing controller action with signature "System.Threading.Tasks.Task`1[Microsoft.AspNetCore.Mvc.IActionResult] CategoryTable()" on controller "Forum.Controllers.CategoryController" ("Forum").
2023-10-19 02:35:40.180 +02:00 [Information] Executing action method "Forum.Controllers.CategoryController.CategoryTable (Forum)" - Validation state: Valid
2023-10-19 02:35:40.186 +02:00 [Information] Executed action method "Forum.Controllers.CategoryController.CategoryTable (Forum)", returned result "Microsoft.AspNetCore.Mvc.ViewResult" in 5.8958ms.
2023-10-19 02:35:40.186 +02:00 [Information] Executing ViewResult, running view "CategoryTable".
2023-10-19 02:35:40.196 +02:00 [Information] Executed ViewResult - view "CategoryTable" executed in 9.4612ms.
2023-10-19 02:35:40.197 +02:00 [Information] Executed action "Forum.Controllers.CategoryController.CategoryTable (Forum)" in 42.5963ms
2023-10-19 02:35:40.197 +02:00 [Information] Executed endpoint '"Forum.Controllers.CategoryController.CategoryTable (Forum)"'
2023-10-19 02:35:40.201 +02:00 [Information] Request finished HTTP/2 GET https://localhost:7205/Category/CategoryTable - - - 200 - text/html;+charset=utf-8 55.8105ms
2023-10-19 02:35:40.207 +02:00 [Information] Request starting HTTP/2 GET https://localhost:7205/_framework/aspnetcore-browser-refresh.js - -
2023-10-19 02:35:40.207 +02:00 [Information] Request starting HTTP/2 GET https://localhost:7205/_vs/browserLink - -
2023-10-19 02:35:40.207 +02:00 [Information] Request finished HTTP/2 GET https://localhost:7205/_framework/aspnetcore-browser-refresh.js - - - 200 12342 application/javascript;+charset=utf-8 0.9628ms
2023-10-19 02:35:40.210 +02:00 [Information] Request finished HTTP/2 GET https://localhost:7205/_vs/browserLink - - - 200 - text/javascript;+charset=UTF-8 4.4905ms
2023-10-19 02:35:44.428 +02:00 [Information] Request starting HTTP/2 GET https://localhost:7205/Category/CategoryGrid - -
2023-10-19 02:35:44.436 +02:00 [Information] Executing endpoint '"Forum.Controllers.CategoryController.CategoryGrid (Forum)"'
2023-10-19 02:35:44.437 +02:00 [Information] Route matched with "{action = \"CategoryGrid\", controller = \"Category\", page = \"\", area = \"\"}". Executing controller action with signature "System.Threading.Tasks.Task`1[Microsoft.AspNetCore.Mvc.IActionResult] CategoryGrid()" on controller "Forum.Controllers.CategoryController" ("Forum").
2023-10-19 02:35:44.461 +02:00 [Information] Executing action method "Forum.Controllers.CategoryController.CategoryGrid (Forum)" - Validation state: Valid
2023-10-19 02:35:44.467 +02:00 [Information] Executed action method "Forum.Controllers.CategoryController.CategoryGrid (Forum)", returned result "Microsoft.AspNetCore.Mvc.ViewResult" in 5.7957ms.
2023-10-19 02:35:44.467 +02:00 [Information] Executing ViewResult, running view "CategoryGrid".
2023-10-19 02:35:44.476 +02:00 [Information] Executed ViewResult - view "CategoryGrid" executed in 8.9347ms.
2023-10-19 02:35:44.477 +02:00 [Information] Executed action "Forum.Controllers.CategoryController.CategoryGrid (Forum)" in 40.1334ms
2023-10-19 02:35:44.477 +02:00 [Information] Executed endpoint '"Forum.Controllers.CategoryController.CategoryGrid (Forum)"'
2023-10-19 02:35:44.480 +02:00 [Information] Request finished HTTP/2 GET https://localhost:7205/Category/CategoryGrid - - - 200 - text/html;+charset=utf-8 51.6339ms
2023-10-19 02:35:44.488 +02:00 [Information] Request starting HTTP/2 GET https://localhost:7205/_framework/aspnetcore-browser-refresh.js - -
2023-10-19 02:35:44.488 +02:00 [Information] Request finished HTTP/2 GET https://localhost:7205/_framework/aspnetcore-browser-refresh.js - - - 200 12342 application/javascript;+charset=utf-8 0.2650ms
2023-10-19 02:35:44.489 +02:00 [Information] Request starting HTTP/2 GET https://localhost:7205/_vs/browserLink - -
2023-10-19 02:35:44.494 +02:00 [Information] Request finished HTTP/2 GET https://localhost:7205/_vs/browserLink - - - 200 - text/javascript;+charset=UTF-8 4.7955ms
2023-10-19 02:36:16.055 +02:00 [Information] Request starting HTTP/2 POST https://localhost:7205/Identity/Account/Logout?returnUrl=%2F application/x-www-form-urlencoded 225
2023-10-19 02:36:16.078 +02:00 [Information] Executing endpoint '"/Account/Logout"'
2023-10-19 02:36:16.101 +02:00 [Information] Route matched with "{page = \"/Account/Logout\", area = \"Identity\", action = \"\", controller = \"\"}". Executing page "/Account/Logout"
2023-10-19 02:36:16.156 +02:00 [Information] Executing handler method "Forum.Areas.Identity.Pages.Account.LogoutModel.OnPost" - ModelState is Valid
2023-10-19 02:36:16.174 +02:00 [Information] AuthenticationScheme: "Identity.Application" signed out.
2023-10-19 02:36:16.175 +02:00 [Information] AuthenticationScheme: "Identity.External" signed out.
2023-10-19 02:36:16.176 +02:00 [Information] AuthenticationScheme: "Identity.TwoFactorUserId" signed out.
2023-10-19 02:36:16.181 +02:00 [Information] User logged out.
2023-10-19 02:36:16.183 +02:00 [Information] Executed handler method "OnPost", returned result "Microsoft.AspNetCore.Mvc.LocalRedirectResult".
2023-10-19 02:36:16.184 +02:00 [Information] Executing LocalRedirectResult, redirecting to "/".
2023-10-19 02:36:16.185 +02:00 [Information] Executed page "/Account/Logout" in 83.9338ms
2023-10-19 02:36:16.185 +02:00 [Information] Executed endpoint '"/Account/Logout"'
2023-10-19 02:36:16.204 +02:00 [Information] Request finished HTTP/2 POST https://localhost:7205/Identity/Account/Logout?returnUrl=%2F application/x-www-form-urlencoded 225 - 302 0 - 148.5883ms
2023-10-19 02:36:16.207 +02:00 [Information] Request starting HTTP/2 GET https://localhost:7205/ - -
2023-10-19 02:36:16.209 +02:00 [Information] Executing endpoint '"Forum.Controllers.HomeController.Index (Forum)"'
2023-10-19 02:36:16.209 +02:00 [Information] Route matched with "{action = \"Index\", controller = \"Home\", page = \"\", area = \"\"}". Executing controller action with signature "Microsoft.AspNetCore.Mvc.IActionResult Index()" on controller "Forum.Controllers.HomeController" ("Forum").
2023-10-19 02:36:16.236 +02:00 [Information] Executing action method "Forum.Controllers.HomeController.Index (Forum)" - Validation state: Valid
2023-10-19 02:36:16.236 +02:00 [Information] Executed action method "Forum.Controllers.HomeController.Index (Forum)", returned result "Microsoft.AspNetCore.Mvc.ViewResult" in 0.0222ms.
2023-10-19 02:36:16.236 +02:00 [Information] Executing ViewResult, running view "Index".
2023-10-19 02:36:16.270 +02:00 [Information] Executed ViewResult - view "Index" executed in 33.9578ms.
2023-10-19 02:36:16.270 +02:00 [Information] Executed action "Forum.Controllers.HomeController.Index (Forum)" in 61.3597ms
2023-10-19 02:36:16.270 +02:00 [Information] Executed endpoint '"Forum.Controllers.HomeController.Index (Forum)"'
2023-10-19 02:36:16.273 +02:00 [Information] Request finished HTTP/2 GET https://localhost:7205/ - - - 200 - text/html;+charset=utf-8 65.8680ms
2023-10-19 02:36:16.277 +02:00 [Information] Request starting HTTP/2 GET https://localhost:7205/_framework/aspnetcore-browser-refresh.js - -
2023-10-19 02:36:16.277 +02:00 [Information] Request starting HTTP/2 GET https://localhost:7205/_vs/browserLink - -
2023-10-19 02:36:16.278 +02:00 [Information] Request finished HTTP/2 GET https://localhost:7205/_framework/aspnetcore-browser-refresh.js - - - 200 12342 application/javascript;+charset=utf-8 0.2177ms
2023-10-19 02:36:16.292 +02:00 [Information] Request finished HTTP/2 GET https://localhost:7205/_vs/browserLink - - - 200 - text/javascript;+charset=UTF-8 14.3318ms
2023-10-19 02:36:18.394 +02:00 [Information] Request starting HTTP/2 GET https://localhost:7205/Category/CategoryTable - -
2023-10-19 02:36:18.396 +02:00 [Information] Executing endpoint '"Forum.Controllers.CategoryController.CategoryTable (Forum)"'
2023-10-19 02:36:18.396 +02:00 [Information] Route matched with "{action = \"CategoryTable\", controller = \"Category\", page = \"\", area = \"\"}". Executing controller action with signature "System.Threading.Tasks.Task`1[Microsoft.AspNetCore.Mvc.IActionResult] CategoryTable()" on controller "Forum.Controllers.CategoryController" ("Forum").
2023-10-19 02:36:18.428 +02:00 [Information] Executing action method "Forum.Controllers.CategoryController.CategoryTable (Forum)" - Validation state: Valid
2023-10-19 02:36:18.432 +02:00 [Information] Executed action method "Forum.Controllers.CategoryController.CategoryTable (Forum)", returned result "Microsoft.AspNetCore.Mvc.ViewResult" in 4.6168ms.
2023-10-19 02:36:18.433 +02:00 [Information] Executing ViewResult, running view "CategoryTable".
2023-10-19 02:36:18.442 +02:00 [Information] Executed ViewResult - view "CategoryTable" executed in 9.3306ms.
2023-10-19 02:36:18.443 +02:00 [Information] Executed action "Forum.Controllers.CategoryController.CategoryTable (Forum)" in 47.1834ms
2023-10-19 02:36:18.443 +02:00 [Information] Executed endpoint '"Forum.Controllers.CategoryController.CategoryTable (Forum)"'
2023-10-19 02:36:18.446 +02:00 [Information] Request finished HTTP/2 GET https://localhost:7205/Category/CategoryTable - - - 200 - text/html;+charset=utf-8 52.0021ms
2023-10-19 02:36:18.449 +02:00 [Information] Request starting HTTP/2 GET https://localhost:7205/_framework/aspnetcore-browser-refresh.js - -
2023-10-19 02:36:18.449 +02:00 [Information] Request starting HTTP/2 GET https://localhost:7205/_vs/browserLink - -
2023-10-19 02:36:18.449 +02:00 [Information] Request finished HTTP/2 GET https://localhost:7205/_framework/aspnetcore-browser-refresh.js - - - 200 12342 application/javascript;+charset=utf-8 0.4904ms
2023-10-19 02:36:18.453 +02:00 [Information] Request finished HTTP/2 GET https://localhost:7205/_vs/browserLink - - - 200 - text/javascript;+charset=UTF-8 4.0961ms
2023-10-19 02:36:19.618 +02:00 [Information] Request starting HTTP/2 GET https://localhost:7205/Room/RoomTable - -
2023-10-19 02:36:19.620 +02:00 [Information] Executing endpoint '"Forum.Controllers.RoomController.RoomTable (Forum)"'
2023-10-19 02:36:19.620 +02:00 [Information] Route matched with "{action = \"RoomTable\", controller = \"Room\", page = \"\", area = \"\"}". Executing controller action with signature "System.Threading.Tasks.Task`1[Microsoft.AspNetCore.Mvc.IActionResult] RoomTable()" on controller "Forum.Controllers.RoomController" ("Forum").
2023-10-19 02:36:19.651 +02:00 [Information] Executing action method "Forum.Controllers.RoomController.RoomTable (Forum)" - Validation state: Valid
2023-10-19 02:36:19.657 +02:00 [Information] Executed action method "Forum.Controllers.RoomController.RoomTable (Forum)", returned result "Microsoft.AspNetCore.Mvc.ViewResult" in 5.5269ms.
2023-10-19 02:36:19.657 +02:00 [Information] Executing ViewResult, running view "RoomTable".
2023-10-19 02:36:19.666 +02:00 [Information] Executed ViewResult - view "RoomTable" executed in 8.4495ms.
2023-10-19 02:36:19.666 +02:00 [Information] Executed action "Forum.Controllers.RoomController.RoomTable (Forum)" in 45.8861ms
2023-10-19 02:36:19.666 +02:00 [Information] Executed endpoint '"Forum.Controllers.RoomController.RoomTable (Forum)"'
2023-10-19 02:36:19.668 +02:00 [Information] Request finished HTTP/2 GET https://localhost:7205/Room/RoomTable - - - 200 - text/html;+charset=utf-8 49.5252ms
2023-10-19 02:36:19.671 +02:00 [Information] Request starting HTTP/2 GET https://localhost:7205/_framework/aspnetcore-browser-refresh.js - -
2023-10-19 02:36:19.671 +02:00 [Information] Request starting HTTP/2 GET https://localhost:7205/_vs/browserLink - -
2023-10-19 02:36:19.671 +02:00 [Information] Request finished HTTP/2 GET https://localhost:7205/_framework/aspnetcore-browser-refresh.js - - - 200 12342 application/javascript;+charset=utf-8 0.4672ms
2023-10-19 02:36:19.675 +02:00 [Information] Request finished HTTP/2 GET https://localhost:7205/_vs/browserLink - - - 200 - text/javascript;+charset=UTF-8 4.4333ms
2023-10-19 02:36:20.608 +02:00 [Information] Request starting HTTP/2 GET https://localhost:7205/Topic/TopicTable - -
2023-10-19 02:36:20.609 +02:00 [Information] Executing endpoint '"Forum.Controllers.TopicController.TopicTable (Forum)"'
2023-10-19 02:36:20.609 +02:00 [Information] Route matched with "{action = \"TopicTable\", controller = \"Topic\", page = \"\", area = \"\"}". Executing controller action with signature "System.Threading.Tasks.Task`1[Microsoft.AspNetCore.Mvc.IActionResult] TopicTable()" on controller "Forum.Controllers.TopicController" ("Forum").
2023-10-19 02:36:20.642 +02:00 [Information] Executing action method "Forum.Controllers.TopicController.TopicTable (Forum)" - Validation state: Valid
2023-10-19 02:36:20.648 +02:00 [Information] Executed action method "Forum.Controllers.TopicController.TopicTable (Forum)", returned result "Microsoft.AspNetCore.Mvc.ViewResult" in 5.2328ms.
2023-10-19 02:36:20.648 +02:00 [Information] Executing ViewResult, running view "TopicTable".
2023-10-19 02:36:20.656 +02:00 [Information] Executed ViewResult - view "TopicTable" executed in 7.9658ms.
2023-10-19 02:36:20.656 +02:00 [Information] Executed action "Forum.Controllers.TopicController.TopicTable (Forum)" in 46.7255ms
2023-10-19 02:36:20.656 +02:00 [Information] Executed endpoint '"Forum.Controllers.TopicController.TopicTable (Forum)"'
2023-10-19 02:36:20.658 +02:00 [Information] Request finished HTTP/2 GET https://localhost:7205/Topic/TopicTable - - - 200 - text/html;+charset=utf-8 50.0400ms
2023-10-19 02:36:20.670 +02:00 [Information] Request starting HTTP/2 GET https://localhost:7205/_vs/browserLink - -
2023-10-19 02:36:20.670 +02:00 [Information] Request starting HTTP/2 GET https://localhost:7205/_framework/aspnetcore-browser-refresh.js - -
2023-10-19 02:36:20.670 +02:00 [Information] Request finished HTTP/2 GET https://localhost:7205/_framework/aspnetcore-browser-refresh.js - - - 200 12342 application/javascript;+charset=utf-8 0.8570ms
2023-10-19 02:36:20.674 +02:00 [Information] Request finished HTTP/2 GET https://localhost:7205/_vs/browserLink - - - 200 - text/javascript;+charset=UTF-8 4.3002ms
2023-10-19 02:36:21.755 +02:00 [Information] Request starting HTTP/2 GET https://localhost:7205/Category/CategoryTable - -
2023-10-19 02:36:21.756 +02:00 [Information] Executing endpoint '"Forum.Controllers.CategoryController.CategoryTable (Forum)"'
2023-10-19 02:36:21.757 +02:00 [Information] Route matched with "{action = \"CategoryTable\", controller = \"Category\", page = \"\", area = \"\"}". Executing controller action with signature "System.Threading.Tasks.Task`1[Microsoft.AspNetCore.Mvc.IActionResult] CategoryTable()" on controller "Forum.Controllers.CategoryController" ("Forum").
2023-10-19 02:36:21.788 +02:00 [Information] Executing action method "Forum.Controllers.CategoryController.CategoryTable (Forum)" - Validation state: Valid
2023-10-19 02:36:21.794 +02:00 [Information] Executed action method "Forum.Controllers.CategoryController.CategoryTable (Forum)", returned result "Microsoft.AspNetCore.Mvc.ViewResult" in 5.4085ms.
2023-10-19 02:36:21.794 +02:00 [Information] Executing ViewResult, running view "CategoryTable".
2023-10-19 02:36:21.802 +02:00 [Information] Executed ViewResult - view "CategoryTable" executed in 8.2235ms.
2023-10-19 02:36:21.802 +02:00 [Information] Executed action "Forum.Controllers.CategoryController.CategoryTable (Forum)" in 45.51ms
2023-10-19 02:36:21.802 +02:00 [Information] Executed endpoint '"Forum.Controllers.CategoryController.CategoryTable (Forum)"'
2023-10-19 02:36:21.814 +02:00 [Information] Request finished HTTP/2 GET https://localhost:7205/Category/CategoryTable - - - 200 - text/html;+charset=utf-8 58.3419ms
2023-10-19 02:36:21.821 +02:00 [Information] Request starting HTTP/2 GET https://localhost:7205/_framework/aspnetcore-browser-refresh.js - -
2023-10-19 02:36:21.821 +02:00 [Information] Request starting HTTP/2 GET https://localhost:7205/_vs/browserLink - -
2023-10-19 02:36:21.822 +02:00 [Information] Request finished HTTP/2 GET https://localhost:7205/_framework/aspnetcore-browser-refresh.js - - - 200 12342 application/javascript;+charset=utf-8 0.7866ms
2023-10-19 02:36:21.838 +02:00 [Information] Request finished HTTP/2 GET https://localhost:7205/_vs/browserLink - - - 200 - text/javascript;+charset=UTF-8 17.4395ms
2023-10-19 02:36:31.410 +02:00 [Information] Request starting HTTP/2 GET https://localhost:7205/Category/CategoryGrid - -
2023-10-19 02:36:31.411 +02:00 [Information] Executing endpoint '"Forum.Controllers.CategoryController.CategoryGrid (Forum)"'
2023-10-19 02:36:31.411 +02:00 [Information] Route matched with "{action = \"CategoryGrid\", controller = \"Category\", page = \"\", area = \"\"}". Executing controller action with signature "System.Threading.Tasks.Task`1[Microsoft.AspNetCore.Mvc.IActionResult] CategoryGrid()" on controller "Forum.Controllers.CategoryController" ("Forum").
2023-10-19 02:36:31.443 +02:00 [Information] Executing action method "Forum.Controllers.CategoryController.CategoryGrid (Forum)" - Validation state: Valid
2023-10-19 02:36:31.449 +02:00 [Information] Executed action method "Forum.Controllers.CategoryController.CategoryGrid (Forum)", returned result "Microsoft.AspNetCore.Mvc.ViewResult" in 5.7413ms.
2023-10-19 02:36:31.449 +02:00 [Information] Executing ViewResult, running view "CategoryGrid".
2023-10-19 02:36:31.457 +02:00 [Information] Executed ViewResult - view "CategoryGrid" executed in 8.4459ms.
2023-10-19 02:36:31.457 +02:00 [Information] Executed action "Forum.Controllers.CategoryController.CategoryGrid (Forum)" in 45.6859ms
2023-10-19 02:36:31.457 +02:00 [Information] Executed endpoint '"Forum.Controllers.CategoryController.CategoryGrid (Forum)"'
2023-10-19 02:36:31.460 +02:00 [Information] Request finished HTTP/2 GET https://localhost:7205/Category/CategoryGrid - - - 200 - text/html;+charset=utf-8 49.9823ms
2023-10-19 02:36:31.463 +02:00 [Information] Request starting HTTP/2 GET https://localhost:7205/_vs/browserLink - -
2023-10-19 02:36:31.463 +02:00 [Information] Request starting HTTP/2 GET https://localhost:7205/_framework/aspnetcore-browser-refresh.js - -
2023-10-19 02:36:31.464 +02:00 [Information] Request finished HTTP/2 GET https://localhost:7205/_framework/aspnetcore-browser-refresh.js - - - 200 12342 application/javascript;+charset=utf-8 0.5556ms
2023-10-19 02:36:31.468 +02:00 [Information] Request finished HTTP/2 GET https://localhost:7205/_vs/browserLink - - - 200 - text/javascript;+charset=UTF-8 4.3203ms
