2023-10-24 17:30:23.036 +02:00 [Information] User profile is available. Using '"C:\Users\abdik\AppData\Local\ASP.NET\DataProtection-Keys"' as key repository and Windows DPAPI to encrypt keys at rest.
2023-10-24 17:30:23.439 +02:00 [Information] Now listening on: "https://localhost:7205"
2023-10-24 17:30:23.439 +02:00 [Information] Now listening on: "http://localhost:5112"
2023-10-24 17:30:23.442 +02:00 [Information] Application started. Press Ctrl+C to shut down.
2023-10-24 17:30:23.442 +02:00 [Information] Hosting environment: "Development"
2023-10-24 17:30:23.442 +02:00 [Information] Content root path: "C:\Users\abdik\Source\Repos\Forum\MyShop\"
2023-10-24 17:30:23.791 +02:00 [Information] Request starting HTTP/2 GET https://localhost:7205/ - -
2023-10-24 17:30:23.829 +02:00 [Information] Executing endpoint '"Forum.Controllers.HomeController.Index (Forum)"'
2023-10-24 17:30:23.838 +02:00 [Information] Route matched with "{action = \"Index\", controller = \"Home\", page = \"\", area = \"\"}". Executing controller action with signature "System.Threading.Tasks.Task`1[Microsoft.AspNetCore.Mvc.IActionResult] Index()" on controller "Forum.Controllers.HomeController" ("Forum").
2023-10-24 17:30:23.861 +02:00 [Information] Executing ViewResult, running view "Index".
2023-10-24 17:30:23.968 +02:00 [Information] Executed ViewResult - view "Index" executed in 107.3051ms.
2023-10-24 17:30:23.970 +02:00 [Information] Executed action "Forum.Controllers.HomeController.Index (Forum)" in 131.0608ms
2023-10-24 17:30:23.970 +02:00 [Information] Executed endpoint '"Forum.Controllers.HomeController.Index (Forum)"'
2023-10-24 17:30:23.983 +02:00 [Information] Request finished HTTP/2 GET https://localhost:7205/ - - - 200 - text/html;+charset=utf-8 194.8921ms
2023-10-24 17:30:23.997 +02:00 [Information] Request starting HTTP/2 GET https://localhost:7205/style.css - -
2023-10-24 17:30:23.997 +02:00 [Information] Request starting HTTP/2 GET https://localhost:7205/_framework/aspnetcore-browser-refresh.js - -
2023-10-24 17:30:23.999 +02:00 [Information] Request finished HTTP/2 GET https://localhost:7205/_framework/aspnetcore-browser-refresh.js - - - 200 12342 application/javascript;+charset=utf-8 1.8963ms
2023-10-24 17:30:24.000 +02:00 [Information] Request finished HTTP/2 GET https://localhost:7205/style.css - - - 404 0 - 2.5937ms
2023-10-24 17:30:24.030 +02:00 [Information] Request starting HTTP/2 GET https://localhost:7205/_vs/browserLink - -
2023-10-24 17:30:24.036 +02:00 [Information] Request finished HTTP/2 GET https://localhost:7205/_vs/browserLink - - - 200 - text/javascript;+charset=UTF-8 5.5349ms
