2023-10-24 16:24:00.275 +02:00 [Information] User profile is available. Using '"C:\Users\abdik\AppData\Local\ASP.NET\DataProtection-Keys"' as key repository and Windows DPAPI to encrypt keys at rest.
2023-10-24 16:24:00.664 +02:00 [Information] Now listening on: "https://localhost:7205"
2023-10-24 16:24:00.664 +02:00 [Information] Now listening on: "http://localhost:5112"
2023-10-24 16:24:00.667 +02:00 [Information] Application started. Press Ctrl+C to shut down.
2023-10-24 16:24:00.667 +02:00 [Information] Hosting environment: "Development"
2023-10-24 16:24:00.667 +02:00 [Information] Content root path: "C:\Users\abdik\Source\Repos\Forum\MyShop\"
2023-10-24 16:24:01.002 +02:00 [Information] Request starting HTTP/2 GET https://localhost:7205/ - -
2023-10-24 16:24:01.038 +02:00 [Information] Executing endpoint '"Forum.Controllers.HomeController.Index (Forum)"'
2023-10-24 16:24:01.048 +02:00 [Information] Route matched with "{action = \"Index\", controller = \"Home\", page = \"\", area = \"\"}". Executing controller action with signature "System.Threading.Tasks.Task`1[Microsoft.AspNetCore.Mvc.IActionResult] Index()" on controller "Forum.Controllers.HomeController" ("Forum").
2023-10-24 16:24:01.069 +02:00 [Information] Executing ViewResult, running view "Index".
2023-10-24 16:24:01.174 +02:00 [Information] Executed ViewResult - view "Index" executed in 103.4231ms.
2023-10-24 16:24:01.175 +02:00 [Information] Executed action "Forum.Controllers.HomeController.Index (Forum)" in 127.1839ms
2023-10-24 16:24:01.176 +02:00 [Information] Executed endpoint '"Forum.Controllers.HomeController.Index (Forum)"'
2023-10-24 16:24:01.188 +02:00 [Information] Request finished HTTP/2 GET https://localhost:7205/ - - - 200 - text/html;+charset=utf-8 187.9995ms
2023-10-24 16:24:01.213 +02:00 [Information] Request starting HTTP/2 GET https://localhost:7205/style.css - -
2023-10-24 16:24:01.216 +02:00 [Information] Request finished HTTP/2 GET https://localhost:7205/style.css - - - 404 0 - 2.6018ms
2023-10-24 16:24:01.226 +02:00 [Information] Request starting HTTP/2 GET https://localhost:7205/_framework/aspnetcore-browser-refresh.js - -
2023-10-24 16:24:01.228 +02:00 [Information] Request finished HTTP/2 GET https://localhost:7205/_framework/aspnetcore-browser-refresh.js - - - 200 12342 application/javascript;+charset=utf-8 1.6584ms
2023-10-24 16:24:01.231 +02:00 [Information] Request starting HTTP/2 GET https://localhost:7205/_vs/browserLink - -
2023-10-24 16:24:01.238 +02:00 [Information] Request finished HTTP/2 GET https://localhost:7205/_vs/browserLink - - - 200 - text/javascript;+charset=UTF-8 6.2757ms
