2023-10-24 09:55:19.306 +02:00 [Information] User profile is available. Using '"C:\Users\abdik\AppData\Local\ASP.NET\DataProtection-Keys"' as key repository and Windows DPAPI to encrypt keys at rest.
2023-10-24 09:55:19.718 +02:00 [Information] Now listening on: "https://localhost:7205"
2023-10-24 09:55:19.718 +02:00 [Information] Now listening on: "http://localhost:5112"
2023-10-24 09:55:19.721 +02:00 [Information] Application started. Press Ctrl+C to shut down.
2023-10-24 09:55:19.722 +02:00 [Information] Hosting environment: "Development"
2023-10-24 09:55:19.722 +02:00 [Information] Content root path: "C:\Users\abdik\Source\Repos\Forum\MyShop\"
2023-10-24 09:55:20.007 +02:00 [Information] Request starting HTTP/2 GET https://localhost:7205/ - -
2023-10-24 09:55:20.047 +02:00 [Information] Executing endpoint '"Forum.Controllers.HomeController.Index (Forum)"'
2023-10-24 09:55:20.054 +02:00 [Information] Route matched with "{action = \"Index\", controller = \"Home\", page = \"\", area = \"\"}". Executing controller action with signature "Microsoft.AspNetCore.Mvc.IActionResult Index()" on controller "Forum.Controllers.HomeController" ("Forum").
2023-10-24 09:55:20.059 +02:00 [Information] Executing ViewResult, running view "Index".
2023-10-24 09:55:20.164 +02:00 [Information] Executed ViewResult - view "Index" executed in 105.2825ms.
2023-10-24 09:55:20.166 +02:00 [Information] Executed action "Forum.Controllers.HomeController.Index (Forum)" in 111.4233ms
2023-10-24 09:55:20.166 +02:00 [Information] Executed endpoint '"Forum.Controllers.HomeController.Index (Forum)"'
2023-10-24 09:55:20.177 +02:00 [Information] Request finished HTTP/2 GET https://localhost:7205/ - - - 200 - text/html;+charset=utf-8 172.9439ms
2023-10-24 09:55:20.182 +02:00 [Information] Request starting HTTP/2 GET https://localhost:7205/lib/bootstrap/css/crtstyle.css - -
2023-10-24 09:55:20.186 +02:00 [Information] Request starting HTTP/2 GET https://localhost:7205/css/style.css?v=35HH4RfJtST0sDq0rMotu1E2heftLFgWrkUbXojxluA - -
2023-10-24 09:55:20.189 +02:00 [Information] Request starting HTTP/2 GET https://localhost:7205/style.css - -
2023-10-24 09:55:20.192 +02:00 [Information] The file "/lib/bootstrap/css/crtstyle.css" was not modified
2023-10-24 09:55:20.192 +02:00 [Information] The file "/css/style.css" was not modified
2023-10-24 09:55:20.192 +02:00 [Information] Request finished HTTP/2 GET https://localhost:7205/lib/bootstrap/css/crtstyle.css - - - 304 - text/css 10.0599ms
2023-10-24 09:55:20.192 +02:00 [Information] Request finished HTTP/2 GET https://localhost:7205/style.css - - - 404 0 - 3.0211ms
2023-10-24 09:55:20.192 +02:00 [Information] Request finished HTTP/2 GET https://localhost:7205/css/style.css?v=35HH4RfJtST0sDq0rMotu1E2heftLFgWrkUbXojxluA - - - 304 - text/css 6.0380ms
2023-10-24 09:55:20.195 +02:00 [Information] Request starting HTTP/2 GET https://localhost:7205/lib/bootstrap/js/bootstrap.js - -
2023-10-24 09:55:20.196 +02:00 [Information] Request starting HTTP/2 GET https://localhost:7205/lib/jquery/jquery.js - -
2023-10-24 09:55:20.196 +02:00 [Information] The file "/lib/bootstrap/js/bootstrap.js" was not modified
2023-10-24 09:55:20.196 +02:00 [Information] The file "/lib/jquery/jquery.js" was not modified
2023-10-24 09:55:20.196 +02:00 [Information] Request finished HTTP/2 GET https://localhost:7205/lib/bootstrap/js/bootstrap.js - - - 304 - application/javascript 1.0221ms
2023-10-24 09:55:20.196 +02:00 [Information] Request finished HTTP/2 GET https://localhost:7205/lib/jquery/jquery.js - - - 304 - application/javascript 0.3254ms
2023-10-24 09:55:20.197 +02:00 [Information] Request starting HTTP/2 GET https://localhost:7205/path-to-image-1.jpg - -
2023-10-24 09:55:20.197 +02:00 [Information] Request starting HTTP/2 GET https://localhost:7205/path-to-image-2.jpg - -
2023-10-24 09:55:20.206 +02:00 [Information] Request finished HTTP/2 GET https://localhost:7205/path-to-image-1.jpg - - - 404 0 - 8.4887ms
2023-10-24 09:55:20.207 +02:00 [Information] Request finished HTTP/2 GET https://localhost:7205/path-to-image-2.jpg - - - 404 0 - 9.2126ms
2023-10-24 09:55:20.207 +02:00 [Information] Request starting HTTP/2 GET https://localhost:7205/path-to-image-3.jpg - -
2023-10-24 09:55:20.208 +02:00 [Information] Request finished HTTP/2 GET https://localhost:7205/path-to-image-3.jpg - - - 404 0 - 1.4285ms
2023-10-24 09:55:20.209 +02:00 [Information] Request starting HTTP/2 GET https://localhost:7205/_framework/aspnetcore-browser-refresh.js - -
2023-10-24 09:55:20.209 +02:00 [Information] Request starting HTTP/2 GET https://localhost:7205/_vs/browserLink - -
2023-10-24 09:55:20.210 +02:00 [Information] Request finished HTTP/2 GET https://localhost:7205/_framework/aspnetcore-browser-refresh.js - - - 200 12342 application/javascript;+charset=utf-8 1.5387ms
2023-10-24 09:55:20.216 +02:00 [Information] Request finished HTTP/2 GET https://localhost:7205/_vs/browserLink - - - 200 - text/javascript;+charset=UTF-8 6.3551ms
