2023-10-24 11:29:35.165 +02:00 [Information] User profile is available. Using '"C:\Users\abdik\AppData\Local\ASP.NET\DataProtection-Keys"' as key repository and Windows DPAPI to encrypt keys at rest.
2023-10-24 11:29:35.581 +02:00 [Information] Now listening on: "https://localhost:7205"
2023-10-24 11:29:35.581 +02:00 [Information] Now listening on: "http://localhost:5112"
2023-10-24 11:29:35.584 +02:00 [Information] Application started. Press Ctrl+C to shut down.
2023-10-24 11:29:35.584 +02:00 [Information] Hosting environment: "Development"
2023-10-24 11:29:35.584 +02:00 [Information] Content root path: "C:\Users\abdik\Source\Repos\Forum\MyShop\"
2023-10-24 11:29:35.872 +02:00 [Information] Request starting HTTP/2 GET https://localhost:7205/ - -
2023-10-24 11:29:35.909 +02:00 [Information] Executing endpoint '"Forum.Controllers.HomeController.Index (Forum)"'
2023-10-24 11:29:35.916 +02:00 [Information] Route matched with "{action = \"Index\", controller = \"Home\", page = \"\", area = \"\"}". Executing controller action with signature "Microsoft.AspNetCore.Mvc.IActionResult Index()" on controller "Forum.Controllers.HomeController" ("Forum").
2023-10-24 11:29:35.920 +02:00 [Information] Executing ViewResult, running view "Index".
2023-10-24 11:29:36.025 +02:00 [Information] Executed ViewResult - view "Index" executed in 103.5665ms.
2023-10-24 11:29:36.027 +02:00 [Information] Executed action "Forum.Controllers.HomeController.Index (Forum)" in 110.2494ms
2023-10-24 11:29:36.027 +02:00 [Information] Executed endpoint '"Forum.Controllers.HomeController.Index (Forum)"'
2023-10-24 11:29:36.039 +02:00 [Information] Request finished HTTP/2 GET https://localhost:7205/ - - - 200 - text/html;+charset=utf-8 170.0320ms
2023-10-24 11:29:36.047 +02:00 [Information] Request starting HTTP/2 GET https://localhost:7205/css/style.css?v=9lVya84QUdHK81gQHnXo7ABNC7eZT7nB3-k5vXsZcDo - -
2023-10-24 11:29:36.047 +02:00 [Information] Request starting HTTP/2 GET https://localhost:7205/style.css - -
2023-10-24 11:29:36.051 +02:00 [Information] Request finished HTTP/2 GET https://localhost:7205/style.css - - - 404 0 - 3.5833ms
2023-10-24 11:29:36.056 +02:00 [Information] Request starting HTTP/2 GET https://localhost:7205/images/vacation.jpg - -
2023-10-24 11:29:36.056 +02:00 [Information] Request starting HTTP/2 GET https://localhost:7205/_framework/aspnetcore-browser-refresh.js - -
2023-10-24 11:29:36.058 +02:00 [Information] Request finished HTTP/2 GET https://localhost:7205/_framework/aspnetcore-browser-refresh.js - - - 200 12342 application/javascript;+charset=utf-8 1.8700ms
2023-10-24 11:29:36.059 +02:00 [Information] The file "/images/vacation.jpg" was not modified
2023-10-24 11:29:36.059 +02:00 [Information] The file "/css/style.css" was not modified
2023-10-24 11:29:36.059 +02:00 [Information] Request finished HTTP/2 GET https://localhost:7205/images/vacation.jpg - - - 304 - image/jpeg 3.4867ms
2023-10-24 11:29:36.059 +02:00 [Information] Request finished HTTP/2 GET https://localhost:7205/css/style.css?v=9lVya84QUdHK81gQHnXo7ABNC7eZT7nB3-k5vXsZcDo - - - 304 - text/css 12.4463ms
2023-10-24 11:29:36.065 +02:00 [Information] Request starting HTTP/2 GET https://localhost:7205/_vs/browserLink - -
2023-10-24 11:29:36.072 +02:00 [Information] Request finished HTTP/2 GET https://localhost:7205/_vs/browserLink - - - 200 - text/javascript;+charset=UTF-8 7.0367ms
