2023-10-25 16:42:55.734 +02:00 [Information] User profile is available. Using '"C:\Users\Johan\AppData\Local\ASP.NET\DataProtection-Keys"' as key repository and Windows DPAPI to encrypt keys at rest.
2023-10-25 16:42:56.305 +02:00 [Information] Now listening on: "https://localhost:7205"
2023-10-25 16:42:56.306 +02:00 [Information] Now listening on: "http://localhost:5112"
2023-10-25 16:42:56.311 +02:00 [Information] Application started. Press Ctrl+C to shut down.
2023-10-25 16:42:56.313 +02:00 [Information] Hosting environment: "Development"
2023-10-25 16:42:56.313 +02:00 [Information] Content root path: "C:\Users\Johan\Source\Repos\N4h0\Forum\MyShop\"
2023-10-25 16:42:56.887 +02:00 [Information] Request starting HTTP/2 GET https://localhost:7205/ - -
2023-10-25 16:42:56.925 +02:00 [Information] Executing endpoint '"Forum.Controllers.HomeController.Index (Forum)"'
2023-10-25 16:42:56.934 +02:00 [Information] Route matched with "{action = \"Index\", controller = \"Home\", page = \"\", area = \"\"}". Executing controller action with signature "System.Threading.Tasks.Task`1[Microsoft.AspNetCore.Mvc.IActionResult] Index()" on controller "Forum.Controllers.HomeController" ("Forum").
2023-10-25 16:42:56.964 +02:00 [Information] Executing ViewResult, running view "Index".
2023-10-25 16:42:57.054 +02:00 [Information] Executed ViewResult - view "Index" executed in 91.3112ms.
2023-10-25 16:42:57.055 +02:00 [Information] Executed action "Forum.Controllers.HomeController.Index (Forum)" in 120.3837ms
2023-10-25 16:42:57.055 +02:00 [Information] Executed endpoint '"Forum.Controllers.HomeController.Index (Forum)"'
2023-10-25 16:42:57.064 +02:00 [Information] Request starting HTTP/2 GET https://localhost:7205/images/formula1.jpg - -
2023-10-25 16:42:57.064 +02:00 [Information] Request starting HTTP/2 GET https://localhost:7205/images/fotball.jpg - -
2023-10-25 16:42:57.064 +02:00 [Information] Request starting HTTP/2 GET https://localhost:7205/style.css - -
2023-10-25 16:42:57.064 +02:00 [Information] Request starting HTTP/2 GET https://localhost:7205/lib/bootstrap/js/bootstrap.js - -
2023-10-25 16:42:57.064 +02:00 [Information] Request starting HTTP/2 GET https://localhost:7205/lib/bootstrap/css/crtstyle.css - -
2023-10-25 16:42:57.064 +02:00 [Information] Request starting HTTP/2 GET https://localhost:7205/css/style.css?v=WdTnk-tLUSm3ZW2x6qLfHkgxmfnYuYrUv0OKJTfJWOw - -
2023-10-25 16:42:57.064 +02:00 [Information] Request starting HTTP/2 GET https://localhost:7205/lib/jquery/jquery.js - -
2023-10-25 16:42:57.064 +02:00 [Information] Request finished HTTP/2 GET https://localhost:7205/ - - - 200 - text/html;+charset=utf-8 178.4654ms
2023-10-25 16:42:57.070 +02:00 [Information] Request finished HTTP/2 GET https://localhost:7205/style.css - - - 404 0 - 6.3316ms
2023-10-25 16:42:57.072 +02:00 [Information] The file "/lib/bootstrap/css/crtstyle.css" was not modified
2023-10-25 16:42:57.072 +02:00 [Information] The file "/images/formula1.jpg" was not modified
2023-10-25 16:42:57.072 +02:00 [Information] The file "/images/fotball.jpg" was not modified
2023-10-25 16:42:57.072 +02:00 [Information] The file "/lib/jquery/jquery.js" was not modified
2023-10-25 16:42:57.072 +02:00 [Information] The file "/lib/bootstrap/js/bootstrap.js" was not modified
2023-10-25 16:42:57.072 +02:00 [Information] The file "/css/style.css" was not modified
2023-10-25 16:42:57.073 +02:00 [Information] Request finished HTTP/2 GET https://localhost:7205/images/fotball.jpg - - - 304 - image/jpeg 9.1068ms
2023-10-25 16:42:57.073 +02:00 [Information] Request finished HTTP/2 GET https://localhost:7205/lib/bootstrap/css/crtstyle.css - - - 304 - text/css 9.2194ms
2023-10-25 16:42:57.073 +02:00 [Information] Request finished HTTP/2 GET https://localhost:7205/lib/bootstrap/js/bootstrap.js - - - 304 - application/javascript 9.2498ms
2023-10-25 16:42:57.073 +02:00 [Information] Request finished HTTP/2 GET https://localhost:7205/lib/jquery/jquery.js - - - 304 - application/javascript 9.2117ms
2023-10-25 16:42:57.073 +02:00 [Information] Request finished HTTP/2 GET https://localhost:7205/images/formula1.jpg - - - 304 - image/jpeg 9.3016ms
2023-10-25 16:42:57.073 +02:00 [Information] Request finished HTTP/2 GET https://localhost:7205/css/style.css?v=WdTnk-tLUSm3ZW2x6qLfHkgxmfnYuYrUv0OKJTfJWOw - - - 304 - text/css 9.3079ms
2023-10-25 16:42:57.093 +02:00 [Information] Request starting HTTP/2 GET https://localhost:7205/images/vacation.jpg - -
2023-10-25 16:42:57.093 +02:00 [Information] Request starting HTTP/2 GET https://localhost:7205/images/mosque.jpg - -
2023-10-25 16:42:57.093 +02:00 [Information] The file "/images/vacation.jpg" was not modified
2023-10-25 16:42:57.093 +02:00 [Information] The file "/images/mosque.jpg" was not modified
2023-10-25 16:42:57.094 +02:00 [Information] Request finished HTTP/2 GET https://localhost:7205/images/vacation.jpg - - - 304 - image/jpeg 1.0236ms
2023-10-25 16:42:57.094 +02:00 [Information] Request finished HTTP/2 GET https://localhost:7205/images/mosque.jpg - - - 304 - image/jpeg 0.9426ms
2023-10-25 16:42:57.097 +02:00 [Information] Request starting HTTP/2 GET https://localhost:7205/images/cyberS.jpg - -
2023-10-25 16:42:57.097 +02:00 [Information] The file "/images/cyberS.jpg" was not modified
2023-10-25 16:42:57.097 +02:00 [Information] Request finished HTTP/2 GET https://localhost:7205/images/cyberS.jpg - - - 304 - image/jpeg 0.2749ms
2023-10-25 16:42:57.098 +02:00 [Information] Request starting HTTP/2 GET https://localhost:7205/_framework/aspnetcore-browser-refresh.js - -
2023-10-25 16:42:57.101 +02:00 [Information] Request finished HTTP/2 GET https://localhost:7205/_framework/aspnetcore-browser-refresh.js - - - 200 12342 application/javascript;+charset=utf-8 2.5661ms
2023-10-25 16:42:57.105 +02:00 [Information] Request starting HTTP/2 GET https://localhost:7205/images/skiEquipments.jpg - -
2023-10-25 16:42:57.105 +02:00 [Information] The file "/images/skiEquipments.jpg" was not modified
2023-10-25 16:42:57.105 +02:00 [Information] Request finished HTTP/2 GET https://localhost:7205/images/skiEquipments.jpg - - - 304 - image/jpeg 0.2611ms
2023-10-25 16:43:09.692 +02:00 [Information] Request starting HTTP/2 GET https://localhost:7205/Category/CategoryDetails/2 - -
2023-10-25 16:43:09.693 +02:00 [Information] Executing endpoint '"Forum.Controllers.CategoryController.CategoryDetails (Forum)"'
2023-10-25 16:43:09.700 +02:00 [Information] Route matched with "{action = \"CategoryDetails\", controller = \"Category\", page = \"\", area = \"\"}". Executing controller action with signature "System.Threading.Tasks.Task`1[Microsoft.AspNetCore.Mvc.IActionResult] CategoryDetails(Int32)" on controller "Forum.Controllers.CategoryController" ("Forum").
2023-10-25 16:43:09.709 +02:00 [Information] [CategoryController] ID passed to CategoryController: 0.
2023-10-25 16:43:09.723 +02:00 [Error] [CategoryController] Category not found for the categoryId 0.
2023-10-25 16:43:09.728 +02:00 [Information] Executing "NotFoundObjectResult", writing value of type '"System.String"'.
2023-10-25 16:43:09.729 +02:00 [Information] Executed action "Forum.Controllers.CategoryController.CategoryDetails (Forum)" in 28.1677ms
2023-10-25 16:43:09.729 +02:00 [Information] Executed endpoint '"Forum.Controllers.CategoryController.CategoryDetails (Forum)"'
2023-10-25 16:43:09.729 +02:00 [Information] Request finished HTTP/2 GET https://localhost:7205/Category/CategoryDetails/2 - - - 404 - text/plain;+charset=utf-8 36.9652ms
2023-10-25 16:43:18.274 +02:00 [Information] Request starting HTTP/2 GET https://localhost:7205/_framework/aspnetcore-browser-refresh.js - -
2023-10-25 16:43:18.274 +02:00 [Information] Request finished HTTP/2 GET https://localhost:7205/_framework/aspnetcore-browser-refresh.js - - - 200 12342 application/javascript;+charset=utf-8 0.2858ms
2023-10-25 16:43:19.826 +02:00 [Information] Request starting HTTP/2 GET https://localhost:7205/_framework/aspnetcore-browser-refresh.js - -
2023-10-25 16:43:19.826 +02:00 [Information] Request finished HTTP/2 GET https://localhost:7205/_framework/aspnetcore-browser-refresh.js - - - 200 12342 application/javascript;+charset=utf-8 0.2202ms
2023-10-25 16:43:21.143 +02:00 [Information] Request starting HTTP/2 GET https://localhost:7205/Category/CategoryDetails/6 - -
2023-10-25 16:43:21.146 +02:00 [Information] Executing endpoint '"Forum.Controllers.CategoryController.CategoryDetails (Forum)"'
2023-10-25 16:43:21.146 +02:00 [Information] Route matched with "{action = \"CategoryDetails\", controller = \"Category\", page = \"\", area = \"\"}". Executing controller action with signature "System.Threading.Tasks.Task`1[Microsoft.AspNetCore.Mvc.IActionResult] CategoryDetails(Int32)" on controller "Forum.Controllers.CategoryController" ("Forum").
2023-10-25 16:43:21.149 +02:00 [Information] [CategoryController] ID passed to CategoryController: 0.
2023-10-25 16:43:21.151 +02:00 [Error] [CategoryController] Category not found for the categoryId 0.
2023-10-25 16:43:21.151 +02:00 [Information] Executing "NotFoundObjectResult", writing value of type '"System.String"'.
2023-10-25 16:43:21.151 +02:00 [Information] Executed action "Forum.Controllers.CategoryController.CategoryDetails (Forum)" in 5.1802ms
2023-10-25 16:43:21.151 +02:00 [Information] Executed endpoint '"Forum.Controllers.CategoryController.CategoryDetails (Forum)"'
2023-10-25 16:43:21.152 +02:00 [Information] Request finished HTTP/2 GET https://localhost:7205/Category/CategoryDetails/6 - - - 404 - text/plain;+charset=utf-8 8.4970ms
