2023-10-30 02:30:25.640 +01:00 [Information] User profile is available. Using '"C:\Users\Johan\AppData\Local\ASP.NET\DataProtection-Keys"' as key repository and Windows DPAPI to encrypt keys at rest.
2023-10-30 02:30:26.192 +01:00 [Information] Now listening on: "https://localhost:7205"
2023-10-30 02:30:26.193 +01:00 [Information] Now listening on: "http://localhost:5112"
2023-10-30 02:30:26.198 +01:00 [Information] Application started. Press Ctrl+C to shut down.
2023-10-30 02:30:26.199 +01:00 [Information] Hosting environment: "Development"
2023-10-30 02:30:26.200 +01:00 [Information] Content root path: "C:\Users\Johan\Source\Repos\N4h0\Forum\MyShop\"
2023-10-30 02:30:26.489 +01:00 [Information] Request starting HTTP/2 GET https://localhost:7205/ - -
2023-10-30 02:30:26.538 +01:00 [Information] Executing endpoint '"Forum.Controllers.HomeController.Index (Forum)"'
2023-10-30 02:30:26.548 +01:00 [Information] Route matched with "{action = \"Index\", controller = \"Home\", page = \"\", area = \"\"}". Executing controller action with signature "System.Threading.Tasks.Task`1[Microsoft.AspNetCore.Mvc.IActionResult] Index()" on controller "Forum.Controllers.HomeController" ("Forum").
2023-10-30 02:30:26.580 +01:00 [Information] Executing ViewResult, running view "Index".
2023-10-30 02:30:26.759 +01:00 [Information] Executed ViewResult - view "Index" executed in 179.7976ms.
2023-10-30 02:30:26.763 +01:00 [Information] Executed action "Forum.Controllers.HomeController.Index (Forum)" in 214.385ms
2023-10-30 02:30:26.763 +01:00 [Information] Executed endpoint '"Forum.Controllers.HomeController.Index (Forum)"'
2023-10-30 02:30:26.787 +01:00 [Information] Request finished HTTP/2 GET https://localhost:7205/ - - - 200 - text/html;+charset=utf-8 301.0863ms
2023-10-30 02:30:26.833 +01:00 [Information] Request starting HTTP/2 GET https://localhost:7205/_vs/browserLink - -
2023-10-30 02:30:26.833 +01:00 [Information] Request starting HTTP/2 GET https://localhost:7205/_framework/aspnetcore-browser-refresh.js - -
2023-10-30 02:30:26.838 +01:00 [Information] Request finished HTTP/2 GET https://localhost:7205/_framework/aspnetcore-browser-refresh.js - - - 200 12342 application/javascript;+charset=utf-8 5.2984ms
2023-10-30 02:30:26.843 +01:00 [Information] Request finished HTTP/2 GET https://localhost:7205/_vs/browserLink - - - 200 - text/javascript;+charset=UTF-8 10.1424ms
2023-10-30 02:30:30.268 +01:00 [Information] Request starting HTTP/2 GET https://localhost:7205/Identity/Account/Login - -
2023-10-30 02:30:30.270 +01:00 [Information] Executing endpoint '"/Account/Login"'
2023-10-30 02:30:30.283 +01:00 [Information] Route matched with "{page = \"/Account/Login\", area = \"Identity\", action = \"\", controller = \"\"}". Executing page "/Account/Login"
2023-10-30 02:30:30.300 +01:00 [Information] Executing handler method "Forum.Areas.Identity.Pages.Account.LoginModel.OnGetAsync" - ModelState is Valid
2023-10-30 02:30:30.304 +01:00 [Information] AuthenticationScheme: "Identity.External" signed out.
2023-10-30 02:30:30.305 +01:00 [Information] Executed handler method "OnGetAsync", returned result "".
2023-10-30 02:30:30.307 +01:00 [Information] Executing an implicit handler method - ModelState is Valid
2023-10-30 02:30:30.307 +01:00 [Information] Executed an implicit handler method, returned result "Microsoft.AspNetCore.Mvc.RazorPages.PageResult".
2023-10-30 02:30:30.341 +01:00 [Information] Executed page "/Account/Login" in 58.1244ms
2023-10-30 02:30:30.341 +01:00 [Information] Executed endpoint '"/Account/Login"'
2023-10-30 02:30:30.342 +01:00 [Information] Request finished HTTP/2 GET https://localhost:7205/Identity/Account/Login - - - 200 - text/html;+charset=utf-8 74.6835ms
2023-10-30 02:30:30.349 +01:00 [Information] Request starting HTTP/2 GET https://localhost:7205/_framework/aspnetcore-browser-refresh.js - -
2023-10-30 02:30:30.349 +01:00 [Information] Request finished HTTP/2 GET https://localhost:7205/_framework/aspnetcore-browser-refresh.js - - - 200 12342 application/javascript;+charset=utf-8 0.2279ms
2023-10-30 02:30:30.360 +01:00 [Information] Request starting HTTP/2 GET https://localhost:7205/_vs/browserLink - -
2023-10-30 02:30:30.365 +01:00 [Information] Request finished HTTP/2 GET https://localhost:7205/_vs/browserLink - - - 200 - text/javascript;+charset=UTF-8 4.8503ms
2023-10-30 02:30:31.304 +01:00 [Information] Request starting HTTP/2 POST https://localhost:7205/Identity/Account/Login application/x-www-form-urlencoded 280
2023-10-30 02:30:31.308 +01:00 [Information] Executing endpoint '"/Account/Login"'
2023-10-30 02:30:31.308 +01:00 [Information] Route matched with "{page = \"/Account/Login\", area = \"Identity\", action = \"\", controller = \"\"}". Executing page "/Account/Login"
2023-10-30 02:30:31.322 +01:00 [Information] Executing handler method "Forum.Areas.Identity.Pages.Account.LoginModel.OnPostAsync" - ModelState is Valid
2023-10-30 02:30:31.403 +01:00 [Information] AuthenticationScheme: "Identity.Application" signed in.
2023-10-30 02:30:31.404 +01:00 [Information] User logged in.
2023-10-30 02:30:31.405 +01:00 [Information] Executed handler method "OnPostAsync", returned result "Microsoft.AspNetCore.Mvc.LocalRedirectResult".
2023-10-30 02:30:31.405 +01:00 [Information] Executing LocalRedirectResult, redirecting to "/".
2023-10-30 02:30:31.405 +01:00 [Information] Executed page "/Account/Login" in 97.0643ms
2023-10-30 02:30:31.405 +01:00 [Information] Executed endpoint '"/Account/Login"'
2023-10-30 02:30:31.405 +01:00 [Information] Request finished HTTP/2 POST https://localhost:7205/Identity/Account/Login application/x-www-form-urlencoded 280 - 302 0 - 100.8401ms
2023-10-30 02:30:31.408 +01:00 [Information] Request starting HTTP/2 GET https://localhost:7205/ - -
2023-10-30 02:30:31.412 +01:00 [Information] Executing endpoint '"Forum.Controllers.HomeController.Index (Forum)"'
2023-10-30 02:30:31.412 +01:00 [Information] Route matched with "{action = \"Index\", controller = \"Home\", page = \"\", area = \"\"}". Executing controller action with signature "System.Threading.Tasks.Task`1[Microsoft.AspNetCore.Mvc.IActionResult] Index()" on controller "Forum.Controllers.HomeController" ("Forum").
2023-10-30 02:30:31.414 +01:00 [Information] Executing ViewResult, running view "Index".
2023-10-30 02:30:31.434 +01:00 [Information] Executed ViewResult - view "Index" executed in 21.0109ms.
2023-10-30 02:30:31.435 +01:00 [Information] Executed action "Forum.Controllers.HomeController.Index (Forum)" in 22.5312ms
2023-10-30 02:30:31.435 +01:00 [Information] Executed endpoint '"Forum.Controllers.HomeController.Index (Forum)"'
2023-10-30 02:30:31.437 +01:00 [Information] Request finished HTTP/2 GET https://localhost:7205/ - - - 200 - text/html;+charset=utf-8 29.6370ms
2023-10-30 02:30:31.442 +01:00 [Information] Request starting HTTP/2 GET https://localhost:7205/_vs/browserLink - -
2023-10-30 02:30:31.443 +01:00 [Information] Request starting HTTP/2 GET https://localhost:7205/_framework/aspnetcore-browser-refresh.js - -
2023-10-30 02:30:31.443 +01:00 [Information] Request finished HTTP/2 GET https://localhost:7205/_framework/aspnetcore-browser-refresh.js - - - 200 12342 application/javascript;+charset=utf-8 0.2512ms
2023-10-30 02:30:31.445 +01:00 [Information] Request finished HTTP/2 GET https://localhost:7205/_vs/browserLink - - - 200 - text/javascript;+charset=UTF-8 3.0701ms
2023-10-30 02:30:32.251 +01:00 [Information] Request starting HTTP/2 GET https://localhost:7205/Room/RoomTable - -
2023-10-30 02:30:32.254 +01:00 [Information] Executing endpoint '"Forum.Controllers.RoomController.RoomTable (Forum)"'
2023-10-30 02:30:32.255 +01:00 [Information] Route matched with "{action = \"RoomTable\", controller = \"Room\", page = \"\", area = \"\"}". Executing controller action with signature "System.Threading.Tasks.Task`1[Microsoft.AspNetCore.Mvc.IActionResult] RoomTable()" on controller "Forum.Controllers.RoomController" ("Forum").
2023-10-30 02:30:32.267 +01:00 [Information] Executing ViewResult, running view "RoomTable".
2023-10-30 02:30:32.277 +01:00 [Information] Executed ViewResult - view "RoomTable" executed in 9.7758ms.
2023-10-30 02:30:32.277 +01:00 [Information] Executed action "Forum.Controllers.RoomController.RoomTable (Forum)" in 21.8453ms
2023-10-30 02:30:32.277 +01:00 [Information] Executed endpoint '"Forum.Controllers.RoomController.RoomTable (Forum)"'
2023-10-30 02:30:32.279 +01:00 [Information] Request finished HTTP/2 GET https://localhost:7205/Room/RoomTable - - - 200 - text/html;+charset=utf-8 27.7142ms
2023-10-30 02:30:32.284 +01:00 [Information] Request starting HTTP/2 GET https://localhost:7205/_vs/browserLink - -
2023-10-30 02:30:32.284 +01:00 [Information] Request starting HTTP/2 GET https://localhost:7205/_framework/aspnetcore-browser-refresh.js - -
2023-10-30 02:30:32.285 +01:00 [Information] Request finished HTTP/2 GET https://localhost:7205/_framework/aspnetcore-browser-refresh.js - - - 200 12342 application/javascript;+charset=utf-8 0.5174ms
2023-10-30 02:30:32.287 +01:00 [Information] Request finished HTTP/2 GET https://localhost:7205/_vs/browserLink - - - 200 - text/javascript;+charset=UTF-8 2.9692ms
2023-10-30 02:30:33.233 +01:00 [Information] Request starting HTTP/2 GET https://localhost:7205/Room/RoomDetails/1 - -
2023-10-30 02:30:33.236 +01:00 [Information] Executing endpoint '"Forum.Controllers.RoomController.RoomDetails (Forum)"'
2023-10-30 02:30:33.238 +01:00 [Information] Route matched with "{action = \"RoomDetails\", controller = \"Room\", page = \"\", area = \"\"}". Executing controller action with signature "System.Threading.Tasks.Task`1[Microsoft.AspNetCore.Mvc.IActionResult] RoomDetails(Int32)" on controller "Forum.Controllers.RoomController" ("Forum").
2023-10-30 02:30:33.241 +01:00 [Information] RoomDetails called with Room ID: 1
2023-10-30 02:30:33.245 +01:00 [Information] Executing ViewResult, running view "RoomDetails".
2023-10-30 02:30:33.277 +01:00 [Information] Executed ViewResult - view "RoomDetails" executed in 31.9892ms.
2023-10-30 02:30:33.277 +01:00 [Information] Executed action "Forum.Controllers.RoomController.RoomDetails (Forum)" in 38.3285ms
2023-10-30 02:30:33.277 +01:00 [Information] Executed endpoint '"Forum.Controllers.RoomController.RoomDetails (Forum)"'
2023-10-30 02:30:33.278 +01:00 [Information] Request finished HTTP/2 GET https://localhost:7205/Room/RoomDetails/1 - - - 200 - text/html;+charset=utf-8 44.7936ms
2023-10-30 02:30:33.284 +01:00 [Information] Request starting HTTP/2 GET https://localhost:7205/_framework/aspnetcore-browser-refresh.js - -
2023-10-30 02:30:33.284 +01:00 [Information] Request starting HTTP/2 GET https://localhost:7205/_vs/browserLink - -
2023-10-30 02:30:33.285 +01:00 [Information] Request finished HTTP/2 GET https://localhost:7205/_framework/aspnetcore-browser-refresh.js - - - 200 12342 application/javascript;+charset=utf-8 0.4062ms
2023-10-30 02:30:33.289 +01:00 [Information] Request finished HTTP/2 GET https://localhost:7205/_vs/browserLink - - - 200 - text/javascript;+charset=UTF-8 4.6942ms
2023-10-30 02:30:34.670 +01:00 [Information] Request starting HTTP/2 GET https://localhost:7205/Topic/TopicDetails/1 - -
2023-10-30 02:30:34.673 +01:00 [Information] Executing endpoint '"Forum.Controllers.TopicController.TopicDetails (Forum)"'
2023-10-30 02:30:34.675 +01:00 [Information] Route matched with "{action = \"TopicDetails\", controller = \"Topic\", page = \"\", area = \"\"}". Executing controller action with signature "System.Threading.Tasks.Task`1[Microsoft.AspNetCore.Mvc.IActionResult] TopicDetails(Int32)" on controller "Forum.Controllers.TopicController" ("Forum").
2023-10-30 02:30:34.680 +01:00 [Information] Executing ViewResult, running view "TopicDetails".
2023-10-30 02:30:34.703 +01:00 [Information] Executed ViewResult - view "TopicDetails" executed in 24.0887ms.
2023-10-30 02:30:34.703 +01:00 [Information] Executed action "Forum.Controllers.TopicController.TopicDetails (Forum)" in 28.8158ms
2023-10-30 02:30:34.703 +01:00 [Information] Executed endpoint '"Forum.Controllers.TopicController.TopicDetails (Forum)"'
2023-10-30 02:30:34.705 +01:00 [Information] Request finished HTTP/2 GET https://localhost:7205/Topic/TopicDetails/1 - - - 200 - text/html;+charset=utf-8 34.0493ms
2023-10-30 02:30:34.711 +01:00 [Information] Request starting HTTP/2 GET https://localhost:7205/_framework/aspnetcore-browser-refresh.js - -
2023-10-30 02:30:34.711 +01:00 [Information] Request starting HTTP/2 GET https://localhost:7205/_vs/browserLink - -
2023-10-30 02:30:34.712 +01:00 [Information] Request finished HTTP/2 GET https://localhost:7205/_framework/aspnetcore-browser-refresh.js - - - 200 12342 application/javascript;+charset=utf-8 0.4292ms
2023-10-30 02:30:34.714 +01:00 [Information] Request finished HTTP/2 GET https://localhost:7205/_vs/browserLink - - - 200 - text/javascript;+charset=UTF-8 2.6950ms
2023-10-30 02:30:35.245 +01:00 [Information] Request starting HTTP/2 GET https://localhost:7205/Post/CreatePost?topicId=1 - -
2023-10-30 02:30:35.251 +01:00 [Information] Executing endpoint '"Forum.Controllers.PostController.CreatePost (Forum)"'
2023-10-30 02:30:35.252 +01:00 [Information] Route matched with "{action = \"CreatePost\", controller = \"Post\", page = \"\", area = \"\"}". Executing controller action with signature "Microsoft.AspNetCore.Mvc.IActionResult CreatePost(Int32)" on controller "Forum.Controllers.PostController" ("Forum").
2023-10-30 02:30:35.255 +01:00 [Information] Executing ViewResult, running view "CreatePost".
2023-10-30 02:30:35.269 +01:00 [Information] Executed ViewResult - view "CreatePost" executed in 13.6644ms.
2023-10-30 02:30:35.269 +01:00 [Information] Executed action "Forum.Controllers.PostController.CreatePost (Forum)" in 17.0216ms
2023-10-30 02:30:35.269 +01:00 [Information] Executed endpoint '"Forum.Controllers.PostController.CreatePost (Forum)"'
2023-10-30 02:30:35.272 +01:00 [Information] Request finished HTTP/2 GET https://localhost:7205/Post/CreatePost?topicId=1 - - - 200 - text/html;+charset=utf-8 26.9812ms
2023-10-30 02:30:35.277 +01:00 [Information] Request starting HTTP/2 GET https://localhost:7205/_framework/aspnetcore-browser-refresh.js - -
2023-10-30 02:30:35.277 +01:00 [Information] Request starting HTTP/2 GET https://localhost:7205/_vs/browserLink - -
2023-10-30 02:30:35.277 +01:00 [Information] Request finished HTTP/2 GET https://localhost:7205/_framework/aspnetcore-browser-refresh.js - - - 200 12342 application/javascript;+charset=utf-8 0.2464ms
2023-10-30 02:30:35.280 +01:00 [Information] Request finished HTTP/2 GET https://localhost:7205/_vs/browserLink - - - 200 - text/javascript;+charset=UTF-8 2.8236ms
2023-10-30 02:30:36.962 +01:00 [Information] Request starting HTTP/2 POST https://localhost:7205/Post/Createpost?topicId=1 application/x-www-form-urlencoded 296
2023-10-30 02:30:36.966 +01:00 [Information] Executing endpoint '"Forum.Controllers.PostController.CreatePost (Forum)"'
2023-10-30 02:30:36.970 +01:00 [Information] Route matched with "{action = \"CreatePost\", controller = \"Post\", page = \"\", area = \"\"}". Executing controller action with signature "System.Threading.Tasks.Task`1[Microsoft.AspNetCore.Mvc.IActionResult] CreatePost(Forum.ViewModels.PostCommentViewModel)" on controller "Forum.Controllers.PostController" ("Forum").
2023-10-30 02:30:37.010 +01:00 [Information] Attempting to create a new post and comment with the following data: "{
  \"$id\": \"1\",
  \"Post\": {
    \"$id\": \"2\",
    \"PostId\": 9,
    \"TopicId\": 1,
    \"UserName\": \"SuperAdmin\",
    \"PostTitle\": \"gsdfdsgf\",
    \"PostTime\": \"2023-10-30T02:30:36.97537+01:00\",
    \"Topic\": null,
    \"Comments\": null,
    \"LatestComment\": null
  },
  \"Comment\": {
    \"$id\": \"3\",
    \"CommentId\": 0,
    \"PostId\": 9,
    \"UserName\": \"SuperAdmin\",
    \"CommentDescription\": \"sdfg\",
    \"CommentTime\": \"2023-10-30T02:30:36.97537+01:00\",
    \"Post\": null
  }
}"
2023-10-30 02:30:37.015 +01:00 [Information] Executing RedirectResult, redirecting to "/Topic/TopicDetails/1".
2023-10-30 02:30:37.015 +01:00 [Information] Executed action "Forum.Controllers.PostController.CreatePost (Forum)" in 44.4592ms
2023-10-30 02:30:37.015 +01:00 [Information] Executed endpoint '"Forum.Controllers.PostController.CreatePost (Forum)"'
2023-10-30 02:30:37.015 +01:00 [Information] Request finished HTTP/2 POST https://localhost:7205/Post/Createpost?topicId=1 application/x-www-form-urlencoded 296 - 302 0 - 53.2248ms
2023-10-30 02:30:37.019 +01:00 [Information] Request starting HTTP/2 GET https://localhost:7205/Topic/TopicDetails/1 - -
2023-10-30 02:30:37.022 +01:00 [Information] Executing endpoint '"Forum.Controllers.TopicController.TopicDetails (Forum)"'
2023-10-30 02:30:37.023 +01:00 [Information] Route matched with "{action = \"TopicDetails\", controller = \"Topic\", page = \"\", area = \"\"}". Executing controller action with signature "System.Threading.Tasks.Task`1[Microsoft.AspNetCore.Mvc.IActionResult] TopicDetails(Int32)" on controller "Forum.Controllers.TopicController" ("Forum").
2023-10-30 02:30:37.024 +01:00 [Information] Executing ViewResult, running view "TopicDetails".
2023-10-30 02:30:37.038 +01:00 [Information] Executed ViewResult - view "TopicDetails" executed in 13.4666ms.
2023-10-30 02:30:37.038 +01:00 [Information] Executed action "Forum.Controllers.TopicController.TopicDetails (Forum)" in 15.2339ms
2023-10-30 02:30:37.038 +01:00 [Information] Executed endpoint '"Forum.Controllers.TopicController.TopicDetails (Forum)"'
2023-10-30 02:30:37.039 +01:00 [Information] Request finished HTTP/2 GET https://localhost:7205/Topic/TopicDetails/1 - - - 200 - text/html;+charset=utf-8 19.9512ms
2023-10-30 02:30:37.049 +01:00 [Information] Request starting HTTP/2 GET https://localhost:7205/_vs/browserLink - -
2023-10-30 02:30:37.049 +01:00 [Information] Request starting HTTP/2 GET https://localhost:7205/_framework/aspnetcore-browser-refresh.js - -
2023-10-30 02:30:37.050 +01:00 [Information] Request finished HTTP/2 GET https://localhost:7205/_framework/aspnetcore-browser-refresh.js - - - 200 12342 application/javascript;+charset=utf-8 0.2971ms
2023-10-30 02:30:37.052 +01:00 [Information] Request finished HTTP/2 GET https://localhost:7205/_vs/browserLink - - - 200 - text/javascript;+charset=UTF-8 2.6623ms
2023-10-30 02:30:37.872 +01:00 [Information] Request starting HTTP/2 GET https://localhost:7205/Post/CreatePost?topicId=1 - -
2023-10-30 02:30:37.875 +01:00 [Information] Executing endpoint '"Forum.Controllers.PostController.CreatePost (Forum)"'
2023-10-30 02:30:37.875 +01:00 [Information] Route matched with "{action = \"CreatePost\", controller = \"Post\", page = \"\", area = \"\"}". Executing controller action with signature "Microsoft.AspNetCore.Mvc.IActionResult CreatePost(Int32)" on controller "Forum.Controllers.PostController" ("Forum").
2023-10-30 02:30:37.876 +01:00 [Information] Executing ViewResult, running view "CreatePost".
2023-10-30 02:30:37.881 +01:00 [Information] Executed ViewResult - view "CreatePost" executed in 5.2179ms.
2023-10-30 02:30:37.881 +01:00 [Information] Executed action "Forum.Controllers.PostController.CreatePost (Forum)" in 5.9595ms
2023-10-30 02:30:37.881 +01:00 [Information] Executed endpoint '"Forum.Controllers.PostController.CreatePost (Forum)"'
2023-10-30 02:30:37.883 +01:00 [Information] Request finished HTTP/2 GET https://localhost:7205/Post/CreatePost?topicId=1 - - - 200 - text/html;+charset=utf-8 10.3656ms
2023-10-30 02:30:37.889 +01:00 [Information] Request starting HTTP/2 GET https://localhost:7205/_vs/browserLink - -
2023-10-30 02:30:37.889 +01:00 [Information] Request starting HTTP/2 GET https://localhost:7205/_framework/aspnetcore-browser-refresh.js - -
2023-10-30 02:30:37.889 +01:00 [Information] Request finished HTTP/2 GET https://localhost:7205/_framework/aspnetcore-browser-refresh.js - - - 200 12342 application/javascript;+charset=utf-8 0.3750ms
2023-10-30 02:30:37.892 +01:00 [Information] Request finished HTTP/2 GET https://localhost:7205/_vs/browserLink - - - 200 - text/javascript;+charset=UTF-8 2.9638ms
2023-10-30 02:30:39.233 +01:00 [Information] Request starting HTTP/2 POST https://localhost:7205/Post/Createpost?topicId=1 application/x-www-form-urlencoded 289
2023-10-30 02:30:39.236 +01:00 [Information] Executing endpoint '"Forum.Controllers.PostController.CreatePost (Forum)"'
2023-10-30 02:30:39.236 +01:00 [Information] Route matched with "{action = \"CreatePost\", controller = \"Post\", page = \"\", area = \"\"}". Executing controller action with signature "System.Threading.Tasks.Task`1[Microsoft.AspNetCore.Mvc.IActionResult] CreatePost(Forum.ViewModels.PostCommentViewModel)" on controller "Forum.Controllers.PostController" ("Forum").
2023-10-30 02:30:39.242 +01:00 [Information] Attempting to create a new post and comment with the following data: "{
  \"$id\": \"1\",
  \"Post\": {
    \"$id\": \"2\",
    \"PostId\": 10,
    \"TopicId\": 1,
    \"UserName\": \"SuperAdmin\",
    \"PostTitle\": \"gf\",
    \"PostTime\": \"2023-10-30T02:30:39.2367015+01:00\",
    \"Topic\": null,
    \"Comments\": null,
    \"LatestComment\": null
  },
  \"Comment\": {
    \"$id\": \"3\",
    \"CommentId\": 0,
    \"PostId\": 10,
    \"UserName\": \"SuperAdmin\",
    \"CommentDescription\": \"gfd\",
    \"CommentTime\": \"2023-10-30T02:30:39.2367015+01:00\",
    \"Post\": null
  }
}"
2023-10-30 02:30:39.246 +01:00 [Information] Executing RedirectResult, redirecting to "/Topic/TopicDetails/1".
2023-10-30 02:30:39.246 +01:00 [Information] Executed action "Forum.Controllers.PostController.CreatePost (Forum)" in 9.8334ms
2023-10-30 02:30:39.246 +01:00 [Information] Executed endpoint '"Forum.Controllers.PostController.CreatePost (Forum)"'
2023-10-30 02:30:39.246 +01:00 [Information] Request finished HTTP/2 POST https://localhost:7205/Post/Createpost?topicId=1 application/x-www-form-urlencoded 289 - 302 0 - 12.6118ms
2023-10-30 02:30:39.249 +01:00 [Information] Request starting HTTP/2 GET https://localhost:7205/Topic/TopicDetails/1 - -
2023-10-30 02:30:39.251 +01:00 [Information] Executing endpoint '"Forum.Controllers.TopicController.TopicDetails (Forum)"'
2023-10-30 02:30:39.251 +01:00 [Information] Route matched with "{action = \"TopicDetails\", controller = \"Topic\", page = \"\", area = \"\"}". Executing controller action with signature "System.Threading.Tasks.Task`1[Microsoft.AspNetCore.Mvc.IActionResult] TopicDetails(Int32)" on controller "Forum.Controllers.TopicController" ("Forum").
2023-10-30 02:30:39.253 +01:00 [Information] Executing ViewResult, running view "TopicDetails".
2023-10-30 02:30:39.269 +01:00 [Information] Executed ViewResult - view "TopicDetails" executed in 15.8036ms.
2023-10-30 02:30:39.269 +01:00 [Information] Executed action "Forum.Controllers.TopicController.TopicDetails (Forum)" in 17.9741ms
2023-10-30 02:30:39.269 +01:00 [Information] Executed endpoint '"Forum.Controllers.TopicController.TopicDetails (Forum)"'
2023-10-30 02:30:39.270 +01:00 [Information] Request finished HTTP/2 GET https://localhost:7205/Topic/TopicDetails/1 - - - 200 - text/html;+charset=utf-8 21.5714ms
2023-10-30 02:30:39.278 +01:00 [Information] Request starting HTTP/2 GET https://localhost:7205/_vs/browserLink - -
2023-10-30 02:30:39.278 +01:00 [Information] Request starting HTTP/2 GET https://localhost:7205/_framework/aspnetcore-browser-refresh.js - -
2023-10-30 02:30:39.278 +01:00 [Information] Request finished HTTP/2 GET https://localhost:7205/_framework/aspnetcore-browser-refresh.js - - - 200 12342 application/javascript;+charset=utf-8 0.2357ms
2023-10-30 02:30:39.281 +01:00 [Information] Request finished HTTP/2 GET https://localhost:7205/_vs/browserLink - - - 200 - text/javascript;+charset=UTF-8 2.8891ms
2023-10-30 02:30:40.130 +01:00 [Information] Request starting HTTP/2 GET https://localhost:7205/Post/CreatePost?topicId=1 - -
2023-10-30 02:30:40.132 +01:00 [Information] Executing endpoint '"Forum.Controllers.PostController.CreatePost (Forum)"'
2023-10-30 02:30:40.132 +01:00 [Information] Route matched with "{action = \"CreatePost\", controller = \"Post\", page = \"\", area = \"\"}". Executing controller action with signature "Microsoft.AspNetCore.Mvc.IActionResult CreatePost(Int32)" on controller "Forum.Controllers.PostController" ("Forum").
2023-10-30 02:30:40.132 +01:00 [Information] Executing ViewResult, running view "CreatePost".
2023-10-30 02:30:40.139 +01:00 [Information] Executed ViewResult - view "CreatePost" executed in 7.126ms.
2023-10-30 02:30:40.140 +01:00 [Information] Executed action "Forum.Controllers.PostController.CreatePost (Forum)" in 7.5115ms
2023-10-30 02:30:40.140 +01:00 [Information] Executed endpoint '"Forum.Controllers.PostController.CreatePost (Forum)"'
2023-10-30 02:30:40.141 +01:00 [Information] Request finished HTTP/2 GET https://localhost:7205/Post/CreatePost?topicId=1 - - - 200 - text/html;+charset=utf-8 11.2931ms
2023-10-30 02:30:40.145 +01:00 [Information] Request starting HTTP/2 GET https://localhost:7205/_vs/browserLink - -
2023-10-30 02:30:40.145 +01:00 [Information] Request starting HTTP/2 GET https://localhost:7205/_framework/aspnetcore-browser-refresh.js - -
2023-10-30 02:30:40.145 +01:00 [Information] Request finished HTTP/2 GET https://localhost:7205/_framework/aspnetcore-browser-refresh.js - - - 200 12342 application/javascript;+charset=utf-8 0.4640ms
2023-10-30 02:30:40.147 +01:00 [Information] Request finished HTTP/2 GET https://localhost:7205/_vs/browserLink - - - 200 - text/javascript;+charset=UTF-8 2.6496ms
2023-10-30 02:30:41.190 +01:00 [Information] Request starting HTTP/2 POST https://localhost:7205/Post/Createpost?topicId=1 application/x-www-form-urlencoded 287
2023-10-30 02:30:41.193 +01:00 [Information] Executing endpoint '"Forum.Controllers.PostController.CreatePost (Forum)"'
2023-10-30 02:30:41.193 +01:00 [Information] Route matched with "{action = \"CreatePost\", controller = \"Post\", page = \"\", area = \"\"}". Executing controller action with signature "System.Threading.Tasks.Task`1[Microsoft.AspNetCore.Mvc.IActionResult] CreatePost(Forum.ViewModels.PostCommentViewModel)" on controller "Forum.Controllers.PostController" ("Forum").
2023-10-30 02:30:41.202 +01:00 [Warning] [PostController] Post creation failed Post { PostId: 0, TopicId: 1, UserName: null, PostTitle: "AAS", PostTime: 10/30/2023 02:30:41, Topic: null, Comments: null, LatestComment: null }
2023-10-30 02:30:41.203 +01:00 [Information] Executing ViewResult, running view "CreatePost".
2023-10-30 02:30:41.208 +01:00 [Information] Executed ViewResult - view "CreatePost" executed in 4.9844ms.
2023-10-30 02:30:41.208 +01:00 [Information] Executed action "Forum.Controllers.PostController.CreatePost (Forum)" in 14.7314ms
2023-10-30 02:30:41.208 +01:00 [Information] Executed endpoint '"Forum.Controllers.PostController.CreatePost (Forum)"'
2023-10-30 02:30:41.209 +01:00 [Information] Request finished HTTP/2 POST https://localhost:7205/Post/Createpost?topicId=1 application/x-www-form-urlencoded 287 - 200 - text/html;+charset=utf-8 18.7639ms
2023-10-30 02:30:41.217 +01:00 [Information] Request starting HTTP/2 GET https://localhost:7205/_framework/aspnetcore-browser-refresh.js - -
2023-10-30 02:30:41.217 +01:00 [Information] Request starting HTTP/2 GET https://localhost:7205/_vs/browserLink - -
2023-10-30 02:30:41.217 +01:00 [Information] Request finished HTTP/2 GET https://localhost:7205/_framework/aspnetcore-browser-refresh.js - - - 200 12342 application/javascript;+charset=utf-8 0.4253ms
2023-10-30 02:30:41.220 +01:00 [Information] Request finished HTTP/2 GET https://localhost:7205/_vs/browserLink - - - 200 - text/javascript;+charset=UTF-8 2.7878ms
2023-10-30 02:30:42.111 +01:00 [Information] Request starting HTTP/2 POST https://localhost:7205/Post/Createpost?topicId=1 application/x-www-form-urlencoded 289
2023-10-30 02:30:42.113 +01:00 [Information] Executing endpoint '"Forum.Controllers.PostController.CreatePost (Forum)"'
2023-10-30 02:30:42.113 +01:00 [Information] Route matched with "{action = \"CreatePost\", controller = \"Post\", page = \"\", area = \"\"}". Executing controller action with signature "System.Threading.Tasks.Task`1[Microsoft.AspNetCore.Mvc.IActionResult] CreatePost(Forum.ViewModels.PostCommentViewModel)" on controller "Forum.Controllers.PostController" ("Forum").
2023-10-30 02:30:42.119 +01:00 [Information] Attempting to create a new post and comment with the following data: "{
  \"$id\": \"1\",
  \"Post\": {
    \"$id\": \"2\",
    \"PostId\": 11,
    \"TopicId\": 1,
    \"UserName\": \"SuperAdmin\",
    \"PostTitle\": \"AAS\",
    \"PostTime\": \"2023-10-30T02:30:42.1142116+01:00\",
    \"Topic\": null,
    \"Comments\": null,
    \"LatestComment\": null
  },
  \"Comment\": {
    \"$id\": \"3\",
    \"CommentId\": 0,
    \"PostId\": 11,
    \"UserName\": \"SuperAdmin\",
    \"CommentDescription\": \"AS\",
    \"CommentTime\": \"2023-10-30T02:30:42.1142116+01:00\",
    \"Post\": null
  }
}"
2023-10-30 02:30:42.123 +01:00 [Information] Executing RedirectResult, redirecting to "/Topic/TopicDetails/1".
2023-10-30 02:30:42.123 +01:00 [Information] Executed action "Forum.Controllers.PostController.CreatePost (Forum)" in 9.844ms
2023-10-30 02:30:42.123 +01:00 [Information] Executed endpoint '"Forum.Controllers.PostController.CreatePost (Forum)"'
2023-10-30 02:30:42.123 +01:00 [Information] Request finished HTTP/2 POST https://localhost:7205/Post/Createpost?topicId=1 application/x-www-form-urlencoded 289 - 302 0 - 12.7833ms
2023-10-30 02:30:42.126 +01:00 [Information] Request starting HTTP/2 GET https://localhost:7205/Topic/TopicDetails/1 - -
2023-10-30 02:30:42.128 +01:00 [Information] Executing endpoint '"Forum.Controllers.TopicController.TopicDetails (Forum)"'
2023-10-30 02:30:42.128 +01:00 [Information] Route matched with "{action = \"TopicDetails\", controller = \"Topic\", page = \"\", area = \"\"}". Executing controller action with signature "System.Threading.Tasks.Task`1[Microsoft.AspNetCore.Mvc.IActionResult] TopicDetails(Int32)" on controller "Forum.Controllers.TopicController" ("Forum").
2023-10-30 02:30:42.130 +01:00 [Information] Executing ViewResult, running view "TopicDetails".
2023-10-30 02:30:42.146 +01:00 [Information] Executed ViewResult - view "TopicDetails" executed in 16.0689ms.
2023-10-30 02:30:42.146 +01:00 [Information] Executed action "Forum.Controllers.TopicController.TopicDetails (Forum)" in 18.1622ms
2023-10-30 02:30:42.147 +01:00 [Information] Executed endpoint '"Forum.Controllers.TopicController.TopicDetails (Forum)"'
2023-10-30 02:30:42.155 +01:00 [Warning] Unable to configure browser refresh script injection on the response. Consider manually adding '<script src="/_framework/aspnetcore-browser-refresh.js"></script>' to the body of the page.
2023-10-30 02:30:42.155 +01:00 [Information] Request finished HTTP/2 GET https://localhost:7205/Topic/TopicDetails/1 - - - 200 - text/html;+charset=utf-8 29.4822ms
2023-10-30 02:30:42.165 +01:00 [Information] Request starting HTTP/2 GET https://localhost:7205/_vs/browserLink - -
2023-10-30 02:30:42.167 +01:00 [Information] Request finished HTTP/2 GET https://localhost:7205/_vs/browserLink - - - 200 - text/javascript;+charset=UTF-8 2.4576ms
2023-10-30 02:30:43.351 +01:00 [Information] Request starting HTTP/2 GET https://localhost:7205/ - -
2023-10-30 02:30:43.354 +01:00 [Information] Executing endpoint '"Forum.Controllers.HomeController.Index (Forum)"'
2023-10-30 02:30:43.354 +01:00 [Information] Route matched with "{action = \"Index\", controller = \"Home\", page = \"\", area = \"\"}". Executing controller action with signature "System.Threading.Tasks.Task`1[Microsoft.AspNetCore.Mvc.IActionResult] Index()" on controller "Forum.Controllers.HomeController" ("Forum").
2023-10-30 02:30:43.356 +01:00 [Information] Executing ViewResult, running view "Index".
2023-10-30 02:30:43.373 +01:00 [Information] Executed ViewResult - view "Index" executed in 17.4974ms.
2023-10-30 02:30:43.373 +01:00 [Information] Executed action "Forum.Controllers.HomeController.Index (Forum)" in 19.1487ms
2023-10-30 02:30:43.373 +01:00 [Information] Executed endpoint '"Forum.Controllers.HomeController.Index (Forum)"'
2023-10-30 02:30:43.376 +01:00 [Information] Request finished HTTP/2 GET https://localhost:7205/ - - - 200 - text/html;+charset=utf-8 24.8501ms
2023-10-30 02:30:43.381 +01:00 [Information] Request starting HTTP/2 GET https://localhost:7205/_vs/browserLink - -
2023-10-30 02:30:43.381 +01:00 [Information] Request starting HTTP/2 GET https://localhost:7205/_framework/aspnetcore-browser-refresh.js - -
2023-10-30 02:30:43.382 +01:00 [Information] Request finished HTTP/2 GET https://localhost:7205/_framework/aspnetcore-browser-refresh.js - - - 200 12342 application/javascript;+charset=utf-8 0.3918ms
2023-10-30 02:30:43.384 +01:00 [Information] Request finished HTTP/2 GET https://localhost:7205/_vs/browserLink - - - 200 - text/javascript;+charset=UTF-8 2.6765ms
2023-10-30 02:30:46.015 +01:00 [Information] Request starting HTTP/2 GET https://localhost:7205/ - -
2023-10-30 02:30:46.018 +01:00 [Information] Executing endpoint '"Forum.Controllers.HomeController.Index (Forum)"'
2023-10-30 02:30:46.018 +01:00 [Information] Route matched with "{action = \"Index\", controller = \"Home\", page = \"\", area = \"\"}". Executing controller action with signature "System.Threading.Tasks.Task`1[Microsoft.AspNetCore.Mvc.IActionResult] Index()" on controller "Forum.Controllers.HomeController" ("Forum").
2023-10-30 02:30:46.019 +01:00 [Information] Executing ViewResult, running view "Index".
2023-10-30 02:30:46.037 +01:00 [Information] Executed ViewResult - view "Index" executed in 17.8544ms.
2023-10-30 02:30:46.038 +01:00 [Information] Executed action "Forum.Controllers.HomeController.Index (Forum)" in 19.6628ms
2023-10-30 02:30:46.038 +01:00 [Information] Executed endpoint '"Forum.Controllers.HomeController.Index (Forum)"'
2023-10-30 02:30:46.040 +01:00 [Information] Request finished HTTP/2 GET https://localhost:7205/ - - - 200 - text/html;+charset=utf-8 24.7026ms
2023-10-30 02:30:46.046 +01:00 [Information] Request starting HTTP/2 GET https://localhost:7205/_vs/browserLink - -
2023-10-30 02:30:46.046 +01:00 [Information] Request starting HTTP/2 GET https://localhost:7205/_framework/aspnetcore-browser-refresh.js - -
2023-10-30 02:30:46.046 +01:00 [Information] Request finished HTTP/2 GET https://localhost:7205/_framework/aspnetcore-browser-refresh.js - - - 200 12342 application/javascript;+charset=utf-8 0.4161ms
2023-10-30 02:30:46.049 +01:00 [Information] Request finished HTTP/2 GET https://localhost:7205/_vs/browserLink - - - 200 - text/javascript;+charset=UTF-8 2.8285ms
2023-10-30 02:30:46.663 +01:00 [Information] Request starting HTTP/2 GET https://localhost:7205/ - -
2023-10-30 02:30:46.666 +01:00 [Information] Executing endpoint '"Forum.Controllers.HomeController.Index (Forum)"'
2023-10-30 02:30:46.666 +01:00 [Information] Route matched with "{action = \"Index\", controller = \"Home\", page = \"\", area = \"\"}". Executing controller action with signature "System.Threading.Tasks.Task`1[Microsoft.AspNetCore.Mvc.IActionResult] Index()" on controller "Forum.Controllers.HomeController" ("Forum").
2023-10-30 02:30:46.667 +01:00 [Information] Executing ViewResult, running view "Index".
2023-10-30 02:30:46.684 +01:00 [Information] Executed ViewResult - view "Index" executed in 17.3047ms.
2023-10-30 02:30:46.684 +01:00 [Information] Executed action "Forum.Controllers.HomeController.Index (Forum)" in 18.7984ms
2023-10-30 02:30:46.684 +01:00 [Information] Executed endpoint '"Forum.Controllers.HomeController.Index (Forum)"'
2023-10-30 02:30:46.687 +01:00 [Information] Request finished HTTP/2 GET https://localhost:7205/ - - - 200 - text/html;+charset=utf-8 23.5089ms
2023-10-30 02:30:46.696 +01:00 [Information] Request starting HTTP/2 GET https://localhost:7205/_vs/browserLink - -
2023-10-30 02:30:46.697 +01:00 [Information] Request starting HTTP/2 GET https://localhost:7205/_framework/aspnetcore-browser-refresh.js - -
2023-10-30 02:30:46.698 +01:00 [Information] Request finished HTTP/2 GET https://localhost:7205/_framework/aspnetcore-browser-refresh.js - - - 200 12342 application/javascript;+charset=utf-8 0.4880ms
2023-10-30 02:30:46.699 +01:00 [Information] Request finished HTTP/2 GET https://localhost:7205/_vs/browserLink - - - 200 - text/javascript;+charset=UTF-8 2.6122ms
2023-10-30 02:30:47.076 +01:00 [Information] Request starting HTTP/2 GET https://localhost:7205/ - -
2023-10-30 02:30:47.079 +01:00 [Information] Executing endpoint '"Forum.Controllers.HomeController.Index (Forum)"'
2023-10-30 02:30:47.079 +01:00 [Information] Route matched with "{action = \"Index\", controller = \"Home\", page = \"\", area = \"\"}". Executing controller action with signature "System.Threading.Tasks.Task`1[Microsoft.AspNetCore.Mvc.IActionResult] Index()" on controller "Forum.Controllers.HomeController" ("Forum").
2023-10-30 02:30:47.080 +01:00 [Information] Executing ViewResult, running view "Index".
2023-10-30 02:30:47.096 +01:00 [Information] Executed ViewResult - view "Index" executed in 16.1128ms.
2023-10-30 02:30:47.097 +01:00 [Information] Executed action "Forum.Controllers.HomeController.Index (Forum)" in 17.6751ms
2023-10-30 02:30:47.097 +01:00 [Information] Executed endpoint '"Forum.Controllers.HomeController.Index (Forum)"'
2023-10-30 02:30:47.099 +01:00 [Information] Request finished HTTP/2 GET https://localhost:7205/ - - - 200 - text/html;+charset=utf-8 22.8814ms
2023-10-30 02:30:47.105 +01:00 [Information] Request starting HTTP/2 GET https://localhost:7205/_framework/aspnetcore-browser-refresh.js - -
2023-10-30 02:30:47.105 +01:00 [Information] Request starting HTTP/2 GET https://localhost:7205/_vs/browserLink - -
2023-10-30 02:30:47.105 +01:00 [Information] Request finished HTTP/2 GET https://localhost:7205/_framework/aspnetcore-browser-refresh.js - - - 200 12342 application/javascript;+charset=utf-8 0.2802ms
2023-10-30 02:30:47.107 +01:00 [Information] Request finished HTTP/2 GET https://localhost:7205/_vs/browserLink - - - 200 - text/javascript;+charset=UTF-8 2.4748ms
2023-10-30 02:30:47.448 +01:00 [Information] Request starting HTTP/2 GET https://localhost:7205/ - -
2023-10-30 02:30:47.450 +01:00 [Information] Executing endpoint '"Forum.Controllers.HomeController.Index (Forum)"'
2023-10-30 02:30:47.450 +01:00 [Information] Route matched with "{action = \"Index\", controller = \"Home\", page = \"\", area = \"\"}". Executing controller action with signature "System.Threading.Tasks.Task`1[Microsoft.AspNetCore.Mvc.IActionResult] Index()" on controller "Forum.Controllers.HomeController" ("Forum").
2023-10-30 02:30:47.452 +01:00 [Information] Executing ViewResult, running view "Index".
2023-10-30 02:30:47.469 +01:00 [Information] Executed ViewResult - view "Index" executed in 17.1791ms.
2023-10-30 02:30:47.469 +01:00 [Information] Executed action "Forum.Controllers.HomeController.Index (Forum)" in 18.6285ms
2023-10-30 02:30:47.469 +01:00 [Information] Executed endpoint '"Forum.Controllers.HomeController.Index (Forum)"'
2023-10-30 02:30:47.472 +01:00 [Information] Request finished HTTP/2 GET https://localhost:7205/ - - - 200 - text/html;+charset=utf-8 23.8851ms
2023-10-30 02:30:47.477 +01:00 [Information] Request starting HTTP/2 GET https://localhost:7205/_framework/aspnetcore-browser-refresh.js - -
2023-10-30 02:30:47.477 +01:00 [Information] Request starting HTTP/2 GET https://localhost:7205/_vs/browserLink - -
2023-10-30 02:30:47.477 +01:00 [Information] Request finished HTTP/2 GET https://localhost:7205/_framework/aspnetcore-browser-refresh.js - - - 200 12342 application/javascript;+charset=utf-8 0.2862ms
2023-10-30 02:30:47.480 +01:00 [Information] Request finished HTTP/2 GET https://localhost:7205/_vs/browserLink - - - 200 - text/javascript;+charset=UTF-8 2.5439ms
2023-10-30 02:30:47.792 +01:00 [Information] Request starting HTTP/2 GET https://localhost:7205/ - -
2023-10-30 02:30:47.795 +01:00 [Information] Executing endpoint '"Forum.Controllers.HomeController.Index (Forum)"'
2023-10-30 02:30:47.795 +01:00 [Information] Route matched with "{action = \"Index\", controller = \"Home\", page = \"\", area = \"\"}". Executing controller action with signature "System.Threading.Tasks.Task`1[Microsoft.AspNetCore.Mvc.IActionResult] Index()" on controller "Forum.Controllers.HomeController" ("Forum").
2023-10-30 02:30:47.797 +01:00 [Information] Executing ViewResult, running view "Index".
2023-10-30 02:30:47.813 +01:00 [Information] Executed ViewResult - view "Index" executed in 16.85ms.
2023-10-30 02:30:47.813 +01:00 [Information] Executed action "Forum.Controllers.HomeController.Index (Forum)" in 18.5026ms
2023-10-30 02:30:47.813 +01:00 [Information] Executed endpoint '"Forum.Controllers.HomeController.Index (Forum)"'
2023-10-30 02:30:47.816 +01:00 [Information] Request finished HTTP/2 GET https://localhost:7205/ - - - 200 - text/html;+charset=utf-8 23.9263ms
2023-10-30 02:30:47.821 +01:00 [Information] Request starting HTTP/2 GET https://localhost:7205/_framework/aspnetcore-browser-refresh.js - -
2023-10-30 02:30:47.822 +01:00 [Information] Request starting HTTP/2 GET https://localhost:7205/_vs/browserLink - -
2023-10-30 02:30:47.822 +01:00 [Information] Request finished HTTP/2 GET https://localhost:7205/_framework/aspnetcore-browser-refresh.js - - - 200 12342 application/javascript;+charset=utf-8 0.4264ms
2023-10-30 02:30:47.824 +01:00 [Information] Request finished HTTP/2 GET https://localhost:7205/_vs/browserLink - - - 200 - text/javascript;+charset=UTF-8 2.6617ms
