2023-10-24 09:58:41.701 +02:00 [Information] User profile is available. Using '"C:\Users\abdik\AppData\Local\ASP.NET\DataProtection-Keys"' as key repository and Windows DPAPI to encrypt keys at rest.
2023-10-24 09:58:42.085 +02:00 [Information] Now listening on: "https://localhost:7205"
2023-10-24 09:58:42.085 +02:00 [Information] Now listening on: "http://localhost:5112"
2023-10-24 09:58:42.088 +02:00 [Information] Application started. Press Ctrl+C to shut down.
2023-10-24 09:58:42.089 +02:00 [Information] Hosting environment: "Development"
2023-10-24 09:58:42.089 +02:00 [Information] Content root path: "C:\Users\abdik\Source\Repos\Forum\MyShop\"
2023-10-24 09:58:42.537 +02:00 [Information] Request starting HTTP/2 GET https://localhost:7205/ - -
2023-10-24 09:58:42.576 +02:00 [Information] Executing endpoint '"Forum.Controllers.HomeController.Index (Forum)"'
2023-10-24 09:58:42.583 +02:00 [Information] Route matched with "{action = \"Index\", controller = \"Home\", page = \"\", area = \"\"}". Executing controller action with signature "Microsoft.AspNetCore.Mvc.IActionResult Index()" on controller "Forum.Controllers.HomeController" ("Forum").
2023-10-24 09:58:42.587 +02:00 [Information] Executing ViewResult, running view "Index".
2023-10-24 09:58:42.684 +02:00 [Information] Executed ViewResult - view "Index" executed in 95.297ms.
2023-10-24 09:58:42.685 +02:00 [Information] Executed action "Forum.Controllers.HomeController.Index (Forum)" in 101.9073ms
2023-10-24 09:58:42.686 +02:00 [Information] Executed endpoint '"Forum.Controllers.HomeController.Index (Forum)"'
2023-10-24 09:58:42.699 +02:00 [Information] Request finished HTTP/2 GET https://localhost:7205/ - - - 200 - text/html;+charset=utf-8 165.4499ms
2023-10-24 09:58:42.725 +02:00 [Information] Request starting HTTP/2 GET https://localhost:7205/... - -
2023-10-24 09:58:42.725 +02:00 [Information] Request starting HTTP/2 GET https://localhost:7205/style.css - -
2023-10-24 09:58:42.725 +02:00 [Information] Request starting HTTP/2 GET https://localhost:7205/_framework/aspnetcore-browser-refresh.js - -
2023-10-24 09:58:42.727 +02:00 [Information] Request finished HTTP/2 GET https://localhost:7205/_framework/aspnetcore-browser-refresh.js - - - 200 12342 application/javascript;+charset=utf-8 2.1140ms
2023-10-24 09:58:42.728 +02:00 [Information] Request finished HTTP/2 GET https://localhost:7205/style.css - - - 404 0 - 3.8865ms
2023-10-24 09:58:42.731 +02:00 [Information] Request starting HTTP/2 GET https://localhost:7205/_vs/browserLink - -
2023-10-24 09:58:42.734 +02:00 [Information] Request finished HTTP/2 GET https://localhost:7205/... - - - 404 0 - 9.2685ms
2023-10-24 09:58:42.737 +02:00 [Information] Request finished HTTP/2 GET https://localhost:7205/_vs/browserLink - - - 200 - text/javascript;+charset=UTF-8 5.8378ms
