2023-10-23 09:04:44.933 +02:00 [Information] User profile is available. Using '"C:\Users\Pette\AppData\Local\ASP.NET\DataProtection-Keys"' as key repository and Windows DPAPI to encrypt keys at rest.
2023-10-23 09:04:45.675 +02:00 [Information] Now listening on: "https://localhost:7205"
2023-10-23 09:04:45.676 +02:00 [Information] Now listening on: "http://localhost:5112"
2023-10-23 09:04:45.683 +02:00 [Information] Application started. Press Ctrl+C to shut down.
2023-10-23 09:04:45.684 +02:00 [Information] Hosting environment: "Development"
2023-10-23 09:04:45.685 +02:00 [Information] Content root path: "C:\Users\Pette\source\repos\Forum\MyShop\"
2023-10-23 09:04:46.031 +02:00 [Information] Request starting HTTP/2 GET https://localhost:7205/ - -
2023-10-23 09:04:46.108 +02:00 [Information] Executing endpoint '"Forum.Controllers.HomeController.Index (Forum)"'
2023-10-23 09:04:46.122 +02:00 [Information] Route matched with "{action = \"Index\", controller = \"Home\", page = \"\", area = \"\"}". Executing controller action with signature "Microsoft.AspNetCore.Mvc.IActionResult Index()" on controller "Forum.Controllers.HomeController" ("Forum").
2023-10-23 09:04:46.131 +02:00 [Information] Executing ViewResult, running view "Index".
2023-10-23 09:04:46.306 +02:00 [Information] Executed ViewResult - view "Index" executed in 176.0575ms.
2023-10-23 09:04:46.310 +02:00 [Information] Executed action "Forum.Controllers.HomeController.Index (Forum)" in 187.5941ms
2023-10-23 09:04:46.311 +02:00 [Information] Executed endpoint '"Forum.Controllers.HomeController.Index (Forum)"'
2023-10-23 09:04:46.340 +02:00 [Information] Request starting HTTP/2 GET https://localhost:7205/lib/bootstrap/css/crtstyle.css - -
2023-10-23 09:04:46.340 +02:00 [Information] Request starting HTTP/2 GET https://localhost:7205/_framework/aspnetcore-browser-refresh.js - -
2023-10-23 09:04:46.345 +02:00 [Information] Request finished HTTP/2 GET https://localhost:7205/ - - - 200 - text/html;+charset=utf-8 317.5951ms
2023-10-23 09:04:46.345 +02:00 [Information] Request finished HTTP/2 GET https://localhost:7205/_framework/aspnetcore-browser-refresh.js - - - 200 12342 application/javascript;+charset=utf-8 4.8749ms
2023-10-23 09:04:46.362 +02:00 [Information] The file "/lib/bootstrap/css/crtstyle.css" was not modified
2023-10-23 09:04:46.363 +02:00 [Information] Request finished HTTP/2 GET https://localhost:7205/lib/bootstrap/css/crtstyle.css - - - 304 - text/css 22.2288ms
2023-10-23 09:04:46.377 +02:00 [Information] Request starting HTTP/2 GET https://localhost:7205/_vs/browserLink - -
2023-10-23 09:04:46.395 +02:00 [Information] Request finished HTTP/2 GET https://localhost:7205/_vs/browserLink - - - 200 - text/javascript;+charset=UTF-8 17.9374ms
2023-10-23 09:04:48.449 +02:00 [Information] Request starting HTTP/2 GET https://localhost:7205/Identity/Account/Register - -
2023-10-23 09:04:48.453 +02:00 [Information] Executing endpoint '"/Account/Register"'
2023-10-23 09:04:48.470 +02:00 [Information] Route matched with "{page = \"/Account/Register\", area = \"Identity\", action = \"\", controller = \"\"}". Executing page "/Account/Register"
2023-10-23 09:04:48.492 +02:00 [Information] Executing handler method "Forum.Areas.Identity.Pages.Account.RegisterModel.OnGetAsync" - ModelState is Valid
2023-10-23 09:04:48.494 +02:00 [Information] Executed handler method "OnGetAsync", returned result "".
2023-10-23 09:04:48.497 +02:00 [Information] Executing an implicit handler method - ModelState is Valid
2023-10-23 09:04:48.497 +02:00 [Information] Executed an implicit handler method, returned result "Microsoft.AspNetCore.Mvc.RazorPages.PageResult".
2023-10-23 09:04:48.535 +02:00 [Information] Executed page "/Account/Register" in 64.1961ms
2023-10-23 09:04:48.535 +02:00 [Information] Executed endpoint '"/Account/Register"'
2023-10-23 09:04:48.536 +02:00 [Information] Request finished HTTP/2 GET https://localhost:7205/Identity/Account/Register - - - 200 - text/html;+charset=utf-8 87.4858ms
2023-10-23 09:04:48.542 +02:00 [Information] Request starting HTTP/2 GET https://localhost:7205/_framework/aspnetcore-browser-refresh.js - -
2023-10-23 09:04:48.543 +02:00 [Information] Request finished HTTP/2 GET https://localhost:7205/_framework/aspnetcore-browser-refresh.js - - - 200 12342 application/javascript;+charset=utf-8 0.4988ms
2023-10-23 09:04:48.556 +02:00 [Information] Request starting HTTP/2 GET https://localhost:7205/_vs/browserLink - -
2023-10-23 09:04:48.562 +02:00 [Information] Request finished HTTP/2 GET https://localhost:7205/_vs/browserLink - - - 200 - text/javascript;+charset=UTF-8 6.1031ms
2023-10-23 09:04:51.913 +02:00 [Information] Request starting HTTP/2 GET https://localhost:7205/Identity/Account/Login - -
2023-10-23 09:04:51.918 +02:00 [Information] Executing endpoint '"/Account/Login"'
2023-10-23 09:04:51.923 +02:00 [Information] Route matched with "{page = \"/Account/Login\", area = \"Identity\", action = \"\", controller = \"\"}". Executing page "/Account/Login"
2023-10-23 09:04:51.930 +02:00 [Information] Executing handler method "Forum.Areas.Identity.Pages.Account.LoginModel.OnGetAsync" - ModelState is Valid
2023-10-23 09:04:51.938 +02:00 [Information] AuthenticationScheme: "Identity.External" signed out.
2023-10-23 09:04:51.938 +02:00 [Information] Executed handler method "OnGetAsync", returned result "".
2023-10-23 09:04:51.938 +02:00 [Information] Executing an implicit handler method - ModelState is Valid
2023-10-23 09:04:51.938 +02:00 [Information] Executed an implicit handler method, returned result "Microsoft.AspNetCore.Mvc.RazorPages.PageResult".
2023-10-23 09:04:51.972 +02:00 [Information] Executed page "/Account/Login" in 48.953ms
2023-10-23 09:04:51.972 +02:00 [Information] Executed endpoint '"/Account/Login"'
2023-10-23 09:04:51.974 +02:00 [Information] Request finished HTTP/2 GET https://localhost:7205/Identity/Account/Login - - - 200 - text/html;+charset=utf-8 61.0968ms
2023-10-23 09:04:51.978 +02:00 [Information] Request starting HTTP/2 GET https://localhost:7205/_framework/aspnetcore-browser-refresh.js - -
2023-10-23 09:04:51.978 +02:00 [Information] Request starting HTTP/2 GET https://localhost:7205/_vs/browserLink - -
2023-10-23 09:04:51.978 +02:00 [Information] Request finished HTTP/2 GET https://localhost:7205/_framework/aspnetcore-browser-refresh.js - - - 200 12342 application/javascript;+charset=utf-8 0.6381ms
2023-10-23 09:04:51.982 +02:00 [Information] Request finished HTTP/2 GET https://localhost:7205/_vs/browserLink - - - 200 - text/javascript;+charset=UTF-8 4.1753ms
2023-10-23 09:05:00.925 +02:00 [Information] Request starting HTTP/2 GET https://localhost:7205/Identity/Account/Register - -
2023-10-23 09:05:00.926 +02:00 [Information] Executing endpoint '"/Account/Register"'
2023-10-23 09:05:00.926 +02:00 [Information] Route matched with "{page = \"/Account/Register\", area = \"Identity\", action = \"\", controller = \"\"}". Executing page "/Account/Register"
2023-10-23 09:05:00.929 +02:00 [Information] Executing handler method "Forum.Areas.Identity.Pages.Account.RegisterModel.OnGetAsync" - ModelState is Valid
2023-10-23 09:05:00.929 +02:00 [Information] Executed handler method "OnGetAsync", returned result "".
2023-10-23 09:05:00.929 +02:00 [Information] Executing an implicit handler method - ModelState is Valid
2023-10-23 09:05:00.929 +02:00 [Information] Executed an implicit handler method, returned result "Microsoft.AspNetCore.Mvc.RazorPages.PageResult".
2023-10-23 09:05:00.935 +02:00 [Information] Executed page "/Account/Register" in 9.1566ms
2023-10-23 09:05:00.935 +02:00 [Information] Executed endpoint '"/Account/Register"'
2023-10-23 09:05:00.937 +02:00 [Information] Request finished HTTP/2 GET https://localhost:7205/Identity/Account/Register - - - 200 - text/html;+charset=utf-8 12.4767ms
2023-10-23 09:05:00.941 +02:00 [Information] Request starting HTTP/2 GET https://localhost:7205/_vs/browserLink - -
2023-10-23 09:05:00.943 +02:00 [Information] Request starting HTTP/2 GET https://localhost:7205/_framework/aspnetcore-browser-refresh.js - -
2023-10-23 09:05:00.944 +02:00 [Information] Request finished HTTP/2 GET https://localhost:7205/_framework/aspnetcore-browser-refresh.js - - - 200 12342 application/javascript;+charset=utf-8 0.3685ms
2023-10-23 09:05:00.945 +02:00 [Information] Request finished HTTP/2 GET https://localhost:7205/_vs/browserLink - - - 200 - text/javascript;+charset=UTF-8 4.0817ms
2023-10-23 09:05:04.480 +02:00 [Information] Request starting HTTP/2 GET https://localhost:7205/Identity/Account/Login - -
2023-10-23 09:05:04.481 +02:00 [Information] Executing endpoint '"/Account/Login"'
2023-10-23 09:05:04.481 +02:00 [Information] Route matched with "{page = \"/Account/Login\", area = \"Identity\", action = \"\", controller = \"\"}". Executing page "/Account/Login"
2023-10-23 09:05:04.484 +02:00 [Information] Executing handler method "Forum.Areas.Identity.Pages.Account.LoginModel.OnGetAsync" - ModelState is Valid
2023-10-23 09:05:04.485 +02:00 [Information] AuthenticationScheme: "Identity.External" signed out.
2023-10-23 09:05:04.485 +02:00 [Information] Executed handler method "OnGetAsync", returned result "".
2023-10-23 09:05:04.485 +02:00 [Information] Executing an implicit handler method - ModelState is Valid
2023-10-23 09:05:04.485 +02:00 [Information] Executed an implicit handler method, returned result "Microsoft.AspNetCore.Mvc.RazorPages.PageResult".
2023-10-23 09:05:04.491 +02:00 [Information] Executed page "/Account/Login" in 10.1517ms
2023-10-23 09:05:04.491 +02:00 [Information] Executed endpoint '"/Account/Login"'
2023-10-23 09:05:04.493 +02:00 [Information] Request finished HTTP/2 GET https://localhost:7205/Identity/Account/Login - - - 200 - text/html;+charset=utf-8 13.6989ms
2023-10-23 09:05:04.498 +02:00 [Information] Request starting HTTP/2 GET https://localhost:7205/_vs/browserLink - -
2023-10-23 09:05:04.500 +02:00 [Information] Request starting HTTP/2 GET https://localhost:7205/_framework/aspnetcore-browser-refresh.js - -
2023-10-23 09:05:04.500 +02:00 [Information] Request finished HTTP/2 GET https://localhost:7205/_framework/aspnetcore-browser-refresh.js - - - 200 12342 application/javascript;+charset=utf-8 0.2550ms
2023-10-23 09:05:04.506 +02:00 [Information] Request finished HTTP/2 GET https://localhost:7205/_vs/browserLink - - - 200 - text/javascript;+charset=UTF-8 7.3581ms
2023-10-23 09:10:02.806 +02:00 [Information] Request starting HTTP/2 GET https://localhost:7205/ - -
2023-10-23 09:10:02.815 +02:00 [Information] Executing endpoint '"Forum.Controllers.HomeController.Index (Forum)"'
2023-10-23 09:10:02.816 +02:00 [Information] Route matched with "{action = \"Index\", controller = \"Home\", page = \"\", area = \"\"}". Executing controller action with signature "Microsoft.AspNetCore.Mvc.IActionResult Index()" on controller "Forum.Controllers.HomeController" ("Forum").
2023-10-23 09:10:02.817 +02:00 [Information] Executing ViewResult, running view "Index".
2023-10-23 09:10:02.836 +02:00 [Information] Executed ViewResult - view "Index" executed in 20.0289ms.
2023-10-23 09:10:02.836 +02:00 [Information] Executed action "Forum.Controllers.HomeController.Index (Forum)" in 20.5099ms
2023-10-23 09:10:02.836 +02:00 [Information] Executed endpoint '"Forum.Controllers.HomeController.Index (Forum)"'
2023-10-23 09:10:02.839 +02:00 [Information] Request finished HTTP/2 GET https://localhost:7205/ - - - 200 - text/html;+charset=utf-8 32.7059ms
2023-10-23 09:10:02.842 +02:00 [Information] Request starting HTTP/2 GET https://localhost:7205/lib/bootstrap/css/crtstyle.css - -
2023-10-23 09:10:02.842 +02:00 [Information] The file "/lib/bootstrap/css/crtstyle.css" was not modified
2023-10-23 09:10:02.843 +02:00 [Information] Request finished HTTP/2 GET https://localhost:7205/lib/bootstrap/css/crtstyle.css - - - 304 - text/css 0.7875ms
2023-10-23 09:10:02.843 +02:00 [Information] Request starting HTTP/2 GET https://localhost:7205/_framework/aspnetcore-browser-refresh.js - -
2023-10-23 09:10:02.843 +02:00 [Information] Request finished HTTP/2 GET https://localhost:7205/_framework/aspnetcore-browser-refresh.js - - - 200 12342 application/javascript;+charset=utf-8 0.2884ms
2023-10-23 09:10:02.850 +02:00 [Information] Request starting HTTP/2 GET https://localhost:7205/_vs/browserLink - -
2023-10-23 09:10:02.858 +02:00 [Information] Request finished HTTP/2 GET https://localhost:7205/_vs/browserLink - - - 200 - text/javascript;+charset=UTF-8 7.0704ms
2023-10-23 09:10:07.680 +02:00 [Information] Request starting HTTP/2 GET https://localhost:7205/Identity/Account/Login - -
2023-10-23 09:10:07.681 +02:00 [Information] Executing endpoint '"/Account/Login"'
2023-10-23 09:10:07.682 +02:00 [Information] Route matched with "{page = \"/Account/Login\", area = \"Identity\", action = \"\", controller = \"\"}". Executing page "/Account/Login"
2023-10-23 09:10:07.685 +02:00 [Information] Executing handler method "Forum.Areas.Identity.Pages.Account.LoginModel.OnGetAsync" - ModelState is Valid
2023-10-23 09:10:07.685 +02:00 [Information] AuthenticationScheme: "Identity.External" signed out.
2023-10-23 09:10:07.685 +02:00 [Information] Executed handler method "OnGetAsync", returned result "".
2023-10-23 09:10:07.685 +02:00 [Information] Executing an implicit handler method - ModelState is Valid
2023-10-23 09:10:07.685 +02:00 [Information] Executed an implicit handler method, returned result "Microsoft.AspNetCore.Mvc.RazorPages.PageResult".
2023-10-23 09:10:07.693 +02:00 [Information] Executed page "/Account/Login" in 10.617ms
2023-10-23 09:10:07.693 +02:00 [Information] Executed endpoint '"/Account/Login"'
2023-10-23 09:10:07.695 +02:00 [Information] Request finished HTTP/2 GET https://localhost:7205/Identity/Account/Login - - - 200 - text/html;+charset=utf-8 14.9618ms
2023-10-23 09:10:07.701 +02:00 [Information] Request starting HTTP/2 GET https://localhost:7205/_vs/browserLink - -
2023-10-23 09:10:07.701 +02:00 [Information] Request starting HTTP/2 GET https://localhost:7205/_framework/aspnetcore-browser-refresh.js - -
2023-10-23 09:10:07.702 +02:00 [Information] Request finished HTTP/2 GET https://localhost:7205/_framework/aspnetcore-browser-refresh.js - - - 200 12342 application/javascript;+charset=utf-8 0.3896ms
2023-10-23 09:10:07.709 +02:00 [Information] Request finished HTTP/2 GET https://localhost:7205/_vs/browserLink - - - 200 - text/javascript;+charset=UTF-8 7.4338ms
2023-10-23 09:10:09.971 +02:00 [Information] Request starting HTTP/2 GET https://localhost:7205/Topic/TopicTable - -
2023-10-23 09:10:09.972 +02:00 [Information] Executing endpoint '"Forum.Controllers.TopicController.TopicTable (Forum)"'
2023-10-23 09:10:09.977 +02:00 [Information] Route matched with "{action = \"TopicTable\", controller = \"Topic\", page = \"\", area = \"\"}". Executing controller action with signature "System.Threading.Tasks.Task`1[Microsoft.AspNetCore.Mvc.IActionResult] TopicTable()" on controller "Forum.Controllers.TopicController" ("Forum").
2023-10-23 09:10:10.008 +02:00 [Information] Executing ViewResult, running view "TopicTable".
2023-10-23 09:10:10.022 +02:00 [Information] Executed ViewResult - view "TopicTable" executed in 14.1912ms.
2023-10-23 09:10:10.023 +02:00 [Information] Executed action "Forum.Controllers.TopicController.TopicTable (Forum)" in 45.5928ms
2023-10-23 09:10:10.023 +02:00 [Information] Executed endpoint '"Forum.Controllers.TopicController.TopicTable (Forum)"'
2023-10-23 09:10:10.025 +02:00 [Information] Request finished HTTP/2 GET https://localhost:7205/Topic/TopicTable - - - 200 - text/html;+charset=utf-8 53.8809ms
2023-10-23 09:10:10.030 +02:00 [Information] Request starting HTTP/2 GET https://localhost:7205/_vs/browserLink - -
2023-10-23 09:10:10.032 +02:00 [Information] Request starting HTTP/2 GET https://localhost:7205/_framework/aspnetcore-browser-refresh.js - -
2023-10-23 09:10:10.032 +02:00 [Information] Request finished HTTP/2 GET https://localhost:7205/_framework/aspnetcore-browser-refresh.js - - - 200 12342 application/javascript;+charset=utf-8 0.3576ms
2023-10-23 09:10:10.038 +02:00 [Information] Request finished HTTP/2 GET https://localhost:7205/_vs/browserLink - - - 200 - text/javascript;+charset=UTF-8 7.9557ms
2023-10-23 09:10:12.536 +02:00 [Information] Request starting HTTP/2 GET https://localhost:7205/Category/CategoryTable - -
2023-10-23 09:10:12.537 +02:00 [Information] Executing endpoint '"Forum.Controllers.CategoryController.CategoryTable (Forum)"'
2023-10-23 09:10:12.539 +02:00 [Information] Route matched with "{action = \"CategoryTable\", controller = \"Category\", page = \"\", area = \"\"}". Executing controller action with signature "System.Threading.Tasks.Task`1[Microsoft.AspNetCore.Mvc.IActionResult] CategoryTable()" on controller "Forum.Controllers.CategoryController" ("Forum").
2023-10-23 09:10:12.556 +02:00 [Information] Executing ViewResult, running view "CategoryTable".
2023-10-23 09:10:12.571 +02:00 [Information] Executed ViewResult - view "CategoryTable" executed in 14.9031ms.
2023-10-23 09:10:12.571 +02:00 [Information] Executed action "Forum.Controllers.CategoryController.CategoryTable (Forum)" in 31.751ms
2023-10-23 09:10:12.571 +02:00 [Information] Executed endpoint '"Forum.Controllers.CategoryController.CategoryTable (Forum)"'
2023-10-23 09:10:12.573 +02:00 [Information] Request finished HTTP/2 GET https://localhost:7205/Category/CategoryTable - - - 200 - text/html;+charset=utf-8 37.8706ms
2023-10-23 09:10:12.579 +02:00 [Information] Request starting HTTP/2 GET https://localhost:7205/_vs/browserLink - -
2023-10-23 09:10:12.579 +02:00 [Information] Request starting HTTP/2 GET https://localhost:7205/_framework/aspnetcore-browser-refresh.js - -
2023-10-23 09:10:12.579 +02:00 [Information] Request finished HTTP/2 GET https://localhost:7205/_framework/aspnetcore-browser-refresh.js - - - 200 12342 application/javascript;+charset=utf-8 0.5984ms
2023-10-23 09:10:12.583 +02:00 [Information] Request finished HTTP/2 GET https://localhost:7205/_vs/browserLink - - - 200 - text/javascript;+charset=UTF-8 4.1573ms
2023-10-23 09:10:14.401 +02:00 [Information] Request starting HTTP/2 GET https://localhost:7205/ - -
2023-10-23 09:10:14.402 +02:00 [Information] Executing endpoint '"Forum.Controllers.HomeController.Index (Forum)"'
2023-10-23 09:10:14.402 +02:00 [Information] Route matched with "{action = \"Index\", controller = \"Home\", page = \"\", area = \"\"}". Executing controller action with signature "Microsoft.AspNetCore.Mvc.IActionResult Index()" on controller "Forum.Controllers.HomeController" ("Forum").
2023-10-23 09:10:14.402 +02:00 [Information] Executing ViewResult, running view "Index".
2023-10-23 09:10:14.411 +02:00 [Information] Executed ViewResult - view "Index" executed in 8.5724ms.
2023-10-23 09:10:14.411 +02:00 [Information] Executed action "Forum.Controllers.HomeController.Index (Forum)" in 8.8154ms
2023-10-23 09:10:14.411 +02:00 [Information] Executed endpoint '"Forum.Controllers.HomeController.Index (Forum)"'
2023-10-23 09:10:14.413 +02:00 [Information] Request finished HTTP/2 GET https://localhost:7205/ - - - 200 - text/html;+charset=utf-8 12.7185ms
2023-10-23 09:10:14.418 +02:00 [Information] Request starting HTTP/2 GET https://localhost:7205/_vs/browserLink - -
2023-10-23 09:10:14.420 +02:00 [Information] Request starting HTTP/2 GET https://localhost:7205/_framework/aspnetcore-browser-refresh.js - -
2023-10-23 09:10:14.420 +02:00 [Information] Request finished HTTP/2 GET https://localhost:7205/_framework/aspnetcore-browser-refresh.js - - - 200 12342 application/javascript;+charset=utf-8 0.2930ms
2023-10-23 09:10:14.422 +02:00 [Information] Request finished HTTP/2 GET https://localhost:7205/_vs/browserLink - - - 200 - text/javascript;+charset=UTF-8 4.3328ms
2023-10-23 09:10:18.141 +02:00 [Information] Request starting HTTP/2 GET https://localhost:7205/Identity/Account/Login - -
2023-10-23 09:10:18.142 +02:00 [Information] Executing endpoint '"/Account/Login"'
2023-10-23 09:10:18.142 +02:00 [Information] Route matched with "{page = \"/Account/Login\", area = \"Identity\", action = \"\", controller = \"\"}". Executing page "/Account/Login"
2023-10-23 09:10:18.146 +02:00 [Information] Executing handler method "Forum.Areas.Identity.Pages.Account.LoginModel.OnGetAsync" - ModelState is Valid
2023-10-23 09:10:18.146 +02:00 [Information] AuthenticationScheme: "Identity.External" signed out.
2023-10-23 09:10:18.146 +02:00 [Information] Executed handler method "OnGetAsync", returned result "".
2023-10-23 09:10:18.146 +02:00 [Information] Executing an implicit handler method - ModelState is Valid
2023-10-23 09:10:18.146 +02:00 [Information] Executed an implicit handler method, returned result "Microsoft.AspNetCore.Mvc.RazorPages.PageResult".
2023-10-23 09:10:18.152 +02:00 [Information] Executed page "/Account/Login" in 9.5716ms
2023-10-23 09:10:18.152 +02:00 [Information] Executed endpoint '"/Account/Login"'
2023-10-23 09:10:18.154 +02:00 [Information] Request finished HTTP/2 GET https://localhost:7205/Identity/Account/Login - - - 200 - text/html;+charset=utf-8 12.7919ms
2023-10-23 09:10:18.160 +02:00 [Information] Request starting HTTP/2 GET https://localhost:7205/_vs/browserLink - -
2023-10-23 09:10:18.162 +02:00 [Information] Request starting HTTP/2 GET https://localhost:7205/_framework/aspnetcore-browser-refresh.js - -
2023-10-23 09:10:18.163 +02:00 [Information] Request finished HTTP/2 GET https://localhost:7205/_framework/aspnetcore-browser-refresh.js - - - 200 12342 application/javascript;+charset=utf-8 0.4081ms
2023-10-23 09:10:18.165 +02:00 [Information] Request finished HTTP/2 GET https://localhost:7205/_vs/browserLink - - - 200 - text/javascript;+charset=UTF-8 4.1959ms
2023-10-23 09:10:18.752 +02:00 [Information] Request starting HTTP/2 GET https://localhost:7205/Identity/Account/Register - -
2023-10-23 09:10:18.753 +02:00 [Information] Executing endpoint '"/Account/Register"'
2023-10-23 09:10:18.753 +02:00 [Information] Route matched with "{page = \"/Account/Register\", area = \"Identity\", action = \"\", controller = \"\"}". Executing page "/Account/Register"
2023-10-23 09:10:18.756 +02:00 [Information] Executing handler method "Forum.Areas.Identity.Pages.Account.RegisterModel.OnGetAsync" - ModelState is Valid
2023-10-23 09:10:18.757 +02:00 [Information] Executed handler method "OnGetAsync", returned result "".
2023-10-23 09:10:18.757 +02:00 [Information] Executing an implicit handler method - ModelState is Valid
2023-10-23 09:10:18.757 +02:00 [Information] Executed an implicit handler method, returned result "Microsoft.AspNetCore.Mvc.RazorPages.PageResult".
2023-10-23 09:10:18.762 +02:00 [Information] Executed page "/Account/Register" in 8.9252ms
2023-10-23 09:10:18.762 +02:00 [Information] Executed endpoint '"/Account/Register"'
2023-10-23 09:10:18.765 +02:00 [Information] Request finished HTTP/2 GET https://localhost:7205/Identity/Account/Register - - - 200 - text/html;+charset=utf-8 12.5579ms
2023-10-23 09:10:18.769 +02:00 [Information] Request starting HTTP/2 GET https://localhost:7205/_framework/aspnetcore-browser-refresh.js - -
2023-10-23 09:10:18.769 +02:00 [Information] Request starting HTTP/2 GET https://localhost:7205/_vs/browserLink - -
2023-10-23 09:10:18.769 +02:00 [Information] Request finished HTTP/2 GET https://localhost:7205/_framework/aspnetcore-browser-refresh.js - - - 200 12342 application/javascript;+charset=utf-8 0.5986ms
2023-10-23 09:10:18.773 +02:00 [Information] Request finished HTTP/2 GET https://localhost:7205/_vs/browserLink - - - 200 - text/javascript;+charset=UTF-8 3.8776ms
