2023-10-23 12:16:41.041 +02:00 [Information] User profile is available. Using '"C:\Users\Johan\AppData\Local\ASP.NET\DataProtection-Keys"' as key repository and Windows DPAPI to encrypt keys at rest.
2023-10-23 12:16:41.594 +02:00 [Information] Now listening on: "https://localhost:7205"
2023-10-23 12:16:41.595 +02:00 [Information] Now listening on: "http://localhost:5112"
2023-10-23 12:16:41.600 +02:00 [Information] Application started. Press Ctrl+C to shut down.
2023-10-23 12:16:41.602 +02:00 [Information] Hosting environment: "Development"
2023-10-23 12:16:41.603 +02:00 [Information] Content root path: "C:\Users\Johan\Source\Repos\N4h0\Forum\MyShop\"
2023-10-23 12:16:42.338 +02:00 [Information] Request starting HTTP/2 GET https://localhost:7205/ - -
2023-10-23 12:16:42.394 +02:00 [Information] Executing endpoint '"Forum.Controllers.HomeController.Index (Forum)"'
2023-10-23 12:16:42.403 +02:00 [Information] Route matched with "{action = \"Index\", controller = \"Home\", page = \"\", area = \"\"}". Executing controller action with signature "Microsoft.AspNetCore.Mvc.IActionResult Index()" on controller "Forum.Controllers.HomeController" ("Forum").
2023-10-23 12:16:42.410 +02:00 [Information] Executing ViewResult, running view "Index".
2023-10-23 12:16:42.532 +02:00 [Information] Executed ViewResult - view "Index" executed in 123.0368ms.
2023-10-23 12:16:42.535 +02:00 [Information] Executed action "Forum.Controllers.HomeController.Index (Forum)" in 132.4979ms
2023-10-23 12:16:42.536 +02:00 [Information] Executed endpoint '"Forum.Controllers.HomeController.Index (Forum)"'
2023-10-23 12:16:42.557 +02:00 [Information] Request starting HTTP/2 GET https://localhost:7205/_framework/aspnetcore-browser-refresh.js - -
2023-10-23 12:16:42.560 +02:00 [Information] Request finished HTTP/2 GET https://localhost:7205/ - - - 200 - text/html;+charset=utf-8 223.8737ms
2023-10-23 12:16:42.560 +02:00 [Information] Request finished HTTP/2 GET https://localhost:7205/_framework/aspnetcore-browser-refresh.js - - - 200 12342 application/javascript;+charset=utf-8 2.5968ms
2023-10-23 12:16:42.596 +02:00 [Information] Request starting HTTP/2 GET https://localhost:7205/_vs/browserLink - -
2023-10-23 12:16:42.606 +02:00 [Information] Request finished HTTP/2 GET https://localhost:7205/_vs/browserLink - - - 200 - text/javascript;+charset=UTF-8 10.0148ms
2023-10-23 12:16:56.419 +02:00 [Information] Request starting HTTP/2 GET https://localhost:7205/Topic/TopicTable - -
2023-10-23 12:16:56.425 +02:00 [Information] Executing endpoint '"Forum.Controllers.TopicController.TopicTable (Forum)"'
2023-10-23 12:16:56.427 +02:00 [Information] Route matched with "{action = \"TopicTable\", controller = \"Topic\", page = \"\", area = \"\"}". Executing controller action with signature "System.Threading.Tasks.Task`1[Microsoft.AspNetCore.Mvc.IActionResult] TopicTable()" on controller "Forum.Controllers.TopicController" ("Forum").
2023-10-23 12:16:56.445 +02:00 [Information] Executing ViewResult, running view "TopicTable".
2023-10-23 12:16:56.456 +02:00 [Information] Executed ViewResult - view "TopicTable" executed in 11.436ms.
2023-10-23 12:16:56.456 +02:00 [Information] Executed action "Forum.Controllers.TopicController.TopicTable (Forum)" in 29.0528ms
2023-10-23 12:16:56.457 +02:00 [Information] Executed endpoint '"Forum.Controllers.TopicController.TopicTable (Forum)"'
2023-10-23 12:16:56.458 +02:00 [Information] Request finished HTTP/2 GET https://localhost:7205/Topic/TopicTable - - - 200 - text/html;+charset=utf-8 38.4199ms
2023-10-23 12:16:56.467 +02:00 [Information] Request starting HTTP/2 GET https://localhost:7205/_framework/aspnetcore-browser-refresh.js - -
2023-10-23 12:16:56.467 +02:00 [Information] Request starting HTTP/2 GET https://localhost:7205/_vs/browserLink - -
2023-10-23 12:16:56.467 +02:00 [Information] Request finished HTTP/2 GET https://localhost:7205/_framework/aspnetcore-browser-refresh.js - - - 200 12342 application/javascript;+charset=utf-8 0.4118ms
2023-10-23 12:16:56.471 +02:00 [Information] Request finished HTTP/2 GET https://localhost:7205/_vs/browserLink - - - 200 - text/javascript;+charset=UTF-8 3.7537ms
2023-10-23 12:16:57.318 +02:00 [Information] Request starting HTTP/2 GET https://localhost:7205/Topic/TopicDetails/1 - -
2023-10-23 12:16:57.326 +02:00 [Information] Executing endpoint '"Forum.Controllers.TopicController.TopicDetails (Forum)"'
2023-10-23 12:16:57.333 +02:00 [Information] Route matched with "{action = \"TopicDetails\", controller = \"Topic\", page = \"\", area = \"\"}". Executing controller action with signature "System.Threading.Tasks.Task`1[Microsoft.AspNetCore.Mvc.IActionResult] TopicDetails(Int32)" on controller "Forum.Controllers.TopicController" ("Forum").
2023-10-23 12:16:57.343 +02:00 [Information] Executing ViewResult, running view "TopicDetails".
2023-10-23 12:16:57.383 +02:00 [Information] Executed ViewResult - view "TopicDetails" executed in 40.3459ms.
2023-10-23 12:16:57.383 +02:00 [Information] Executed action "Forum.Controllers.TopicController.TopicDetails (Forum)" in 49.8202ms
2023-10-23 12:16:57.383 +02:00 [Information] Executed endpoint '"Forum.Controllers.TopicController.TopicDetails (Forum)"'
2023-10-23 12:16:57.384 +02:00 [Information] Request finished HTTP/2 GET https://localhost:7205/Topic/TopicDetails/1 - - - 200 - text/html;+charset=utf-8 66.1815ms
2023-10-23 12:16:57.391 +02:00 [Information] Request starting HTTP/2 GET https://localhost:7205/_vs/browserLink - -
2023-10-23 12:16:57.391 +02:00 [Information] Request starting HTTP/2 GET https://localhost:7205/_framework/aspnetcore-browser-refresh.js - -
2023-10-23 12:16:57.391 +02:00 [Information] Request finished HTTP/2 GET https://localhost:7205/_framework/aspnetcore-browser-refresh.js - - - 200 12342 application/javascript;+charset=utf-8 0.2385ms
2023-10-23 12:16:57.395 +02:00 [Information] Request finished HTTP/2 GET https://localhost:7205/_vs/browserLink - - - 200 - text/javascript;+charset=UTF-8 4.5522ms
2023-10-23 12:16:58.504 +02:00 [Information] Request starting HTTP/2 GET https://localhost:7205/Post/CreatePost?topicId=1 - -
2023-10-23 12:16:58.510 +02:00 [Information] Executing endpoint '"Forum.Controllers.PostController.CreatePost (Forum)"'
2023-10-23 12:16:58.510 +02:00 [Information] Route matched with "{action = \"CreatePost\", controller = \"Post\", page = \"\", area = \"\"}". Executing controller action with signature "Microsoft.AspNetCore.Mvc.IActionResult CreatePost(Int32)" on controller "Forum.Controllers.PostController" ("Forum").
2023-10-23 12:16:58.514 +02:00 [Information] Executing ViewResult, running view "CreatePost".
2023-10-23 12:16:58.540 +02:00 [Information] Executed ViewResult - view "CreatePost" executed in 26.0574ms.
2023-10-23 12:16:58.540 +02:00 [Information] Executed action "Forum.Controllers.PostController.CreatePost (Forum)" in 29.3697ms
2023-10-23 12:16:58.540 +02:00 [Information] Executed endpoint '"Forum.Controllers.PostController.CreatePost (Forum)"'
2023-10-23 12:16:58.541 +02:00 [Information] Request finished HTTP/2 GET https://localhost:7205/Post/CreatePost?topicId=1 - - - 200 - text/html;+charset=utf-8 37.5602ms
2023-10-23 12:16:58.547 +02:00 [Information] Request starting HTTP/2 GET https://localhost:7205/_framework/aspnetcore-browser-refresh.js - -
2023-10-23 12:16:58.547 +02:00 [Information] Request starting HTTP/2 GET https://localhost:7205/_vs/browserLink - -
2023-10-23 12:16:58.547 +02:00 [Information] Request finished HTTP/2 GET https://localhost:7205/_framework/aspnetcore-browser-refresh.js - - - 200 12342 application/javascript;+charset=utf-8 0.3510ms
2023-10-23 12:16:58.550 +02:00 [Information] Request finished HTTP/2 GET https://localhost:7205/_vs/browserLink - - - 200 - text/javascript;+charset=UTF-8 2.5787ms
2023-10-23 12:17:06.355 +02:00 [Information] Request starting HTTP/2 POST https://localhost:7205/Post/Createpost?topicId=1 application/x-www-form-urlencoded 361
2023-10-23 12:17:06.359 +02:00 [Information] Executing endpoint '"Forum.Controllers.PostController.CreatePost (Forum)"'
2023-10-23 12:17:06.364 +02:00 [Information] Route matched with "{action = \"CreatePost\", controller = \"Post\", page = \"\", area = \"\"}". Executing controller action with signature "System.Threading.Tasks.Task`1[Microsoft.AspNetCore.Mvc.IActionResult] CreatePost(Forum.ViewModels.PostCommentViewModel)" on controller "Forum.Controllers.PostController" ("Forum").
2023-10-23 12:17:06.391 +02:00 [Error] Failed executing DbCommand ("1"ms) [Parameters=["@p0='?' (DbType = Int32), @p1='?' (DbType = DateTime), @p2='?' (Size = 3), @p3='?' (DbType = Int32), @p4='?' (Size = 36)"], CommandType='Text', CommandTimeout='30']"
""INSERT INTO \"Posts\" (\"PostId\", \"PostTime\", \"PostTitle\", \"TopicId\", \"UserId\")
VALUES (@p0, @p1, @p2, @p3, @p4);"
2023-10-23 12:17:06.419 +02:00 [Error] An exception occurred in the database while saving changes for context type '"Forum.Models.CategoryDbContext"'."
""Microsoft.EntityFrameworkCore.DbUpdateException: An error occurred while saving the entity changes. See the inner exception for details.
 ---> Microsoft.Data.Sqlite.SqliteException (0x80004005): SQLite Error 19: 'UNIQUE constraint failed: Posts.PostId'.
   at Microsoft.Data.Sqlite.SqliteException.ThrowExceptionForRC(Int32 rc, sqlite3 db)
   at Microsoft.Data.Sqlite.SqliteDataReader.NextResult()
   at Microsoft.Data.Sqlite.SqliteCommand.ExecuteReader(CommandBehavior behavior)
   at Microsoft.Data.Sqlite.SqliteCommand.ExecuteReaderAsync(CommandBehavior behavior, CancellationToken cancellationToken)
   at Microsoft.Data.Sqlite.SqliteCommand.ExecuteDbDataReaderAsync(CommandBehavior behavior, CancellationToken cancellationToken)
   at Microsoft.EntityFrameworkCore.Storage.RelationalCommand.ExecuteReaderAsync(RelationalCommandParameterObject parameterObject, CancellationToken cancellationToken)
   at Microsoft.EntityFrameworkCore.Storage.RelationalCommand.ExecuteReaderAsync(RelationalCommandParameterObject parameterObject, CancellationToken cancellationToken)
   at Microsoft.EntityFrameworkCore.Update.ReaderModificationCommandBatch.ExecuteAsync(IRelationalConnection connection, CancellationToken cancellationToken)
   --- End of inner exception stack trace ---
   at Microsoft.EntityFrameworkCore.Update.ReaderModificationCommandBatch.ExecuteAsync(IRelationalConnection connection, CancellationToken cancellationToken)
   at Microsoft.EntityFrameworkCore.Update.Internal.BatchExecutor.ExecuteAsync(IEnumerable`1 commandBatches, IRelationalConnection connection, CancellationToken cancellationToken)
   at Microsoft.EntityFrameworkCore.Update.Internal.BatchExecutor.ExecuteAsync(IEnumerable`1 commandBatches, IRelationalConnection connection, CancellationToken cancellationToken)
   at Microsoft.EntityFrameworkCore.Update.Internal.BatchExecutor.ExecuteAsync(IEnumerable`1 commandBatches, IRelationalConnection connection, CancellationToken cancellationToken)
   at Microsoft.EntityFrameworkCore.ChangeTracking.Internal.StateManager.SaveChangesAsync(IList`1 entriesToSave, CancellationToken cancellationToken)
   at Microsoft.EntityFrameworkCore.ChangeTracking.Internal.StateManager.SaveChangesAsync(StateManager stateManager, Boolean acceptAllChangesOnSuccess, CancellationToken cancellationToken)
   at Microsoft.EntityFrameworkCore.DbContext.SaveChangesAsync(Boolean acceptAllChangesOnSuccess, CancellationToken cancellationToken)"
Microsoft.EntityFrameworkCore.DbUpdateException: An error occurred while saving the entity changes. See the inner exception for details.
 ---> Microsoft.Data.Sqlite.SqliteException (0x80004005): SQLite Error 19: 'UNIQUE constraint failed: Posts.PostId'.
   at Microsoft.Data.Sqlite.SqliteException.ThrowExceptionForRC(Int32 rc, sqlite3 db)
   at Microsoft.Data.Sqlite.SqliteDataReader.NextResult()
   at Microsoft.Data.Sqlite.SqliteCommand.ExecuteReader(CommandBehavior behavior)
   at Microsoft.Data.Sqlite.SqliteCommand.ExecuteReaderAsync(CommandBehavior behavior, CancellationToken cancellationToken)
   at Microsoft.Data.Sqlite.SqliteCommand.ExecuteDbDataReaderAsync(CommandBehavior behavior, CancellationToken cancellationToken)
   at Microsoft.EntityFrameworkCore.Storage.RelationalCommand.ExecuteReaderAsync(RelationalCommandParameterObject parameterObject, CancellationToken cancellationToken)
   at Microsoft.EntityFrameworkCore.Storage.RelationalCommand.ExecuteReaderAsync(RelationalCommandParameterObject parameterObject, CancellationToken cancellationToken)
   at Microsoft.EntityFrameworkCore.Update.ReaderModificationCommandBatch.ExecuteAsync(IRelationalConnection connection, CancellationToken cancellationToken)
   --- End of inner exception stack trace ---
   at Microsoft.EntityFrameworkCore.Update.ReaderModificationCommandBatch.ExecuteAsync(IRelationalConnection connection, CancellationToken cancellationToken)
   at Microsoft.EntityFrameworkCore.Update.Internal.BatchExecutor.ExecuteAsync(IEnumerable`1 commandBatches, IRelationalConnection connection, CancellationToken cancellationToken)
   at Microsoft.EntityFrameworkCore.Update.Internal.BatchExecutor.ExecuteAsync(IEnumerable`1 commandBatches, IRelationalConnection connection, CancellationToken cancellationToken)
   at Microsoft.EntityFrameworkCore.Update.Internal.BatchExecutor.ExecuteAsync(IEnumerable`1 commandBatches, IRelationalConnection connection, CancellationToken cancellationToken)
   at Microsoft.EntityFrameworkCore.ChangeTracking.Internal.StateManager.SaveChangesAsync(IList`1 entriesToSave, CancellationToken cancellationToken)
   at Microsoft.EntityFrameworkCore.ChangeTracking.Internal.StateManager.SaveChangesAsync(StateManager stateManager, Boolean acceptAllChangesOnSuccess, CancellationToken cancellationToken)
   at Microsoft.EntityFrameworkCore.DbContext.SaveChangesAsync(Boolean acceptAllChangesOnSuccess, CancellationToken cancellationToken)
2023-10-23 12:17:06.449 +02:00 [Error] [PoatRepository] post creation failed for post Post { PostId: 8, TopicId: 1, UserId: "167fa1cd-3c99-406d-b026-56e20837e96d", PostTitle: "555", PostTime: 01/01/0001 00:00:00, Topic: null, Comments: null }, error message: "An error occurred while saving the entity changes. See the inner exception for details."
2023-10-23 12:17:06.451 +02:00 [Error] We're here
2023-10-23 12:17:06.455 +02:00 [Error] Failed executing DbCommand ("0"ms) [Parameters=["@p0='?' (DbType = Int32), @p1='?' (DbType = DateTime), @p2='?' (Size = 3), @p3='?' (DbType = Int32), @p4='?' (Size = 36)"], CommandType='Text', CommandTimeout='30']"
""INSERT INTO \"Posts\" (\"PostId\", \"PostTime\", \"PostTitle\", \"TopicId\", \"UserId\")
VALUES (@p0, @p1, @p2, @p3, @p4);"
2023-10-23 12:17:06.462 +02:00 [Error] An exception occurred in the database while saving changes for context type '"Forum.Models.CategoryDbContext"'."
""Microsoft.EntityFrameworkCore.DbUpdateException: An error occurred while saving the entity changes. See the inner exception for details.
 ---> Microsoft.Data.Sqlite.SqliteException (0x80004005): SQLite Error 19: 'UNIQUE constraint failed: Posts.PostId'.
   at Microsoft.Data.Sqlite.SqliteException.ThrowExceptionForRC(Int32 rc, sqlite3 db)
   at Microsoft.Data.Sqlite.SqliteDataReader.NextResult()
   at Microsoft.Data.Sqlite.SqliteCommand.ExecuteReader(CommandBehavior behavior)
   at Microsoft.Data.Sqlite.SqliteCommand.ExecuteReaderAsync(CommandBehavior behavior, CancellationToken cancellationToken)
   at Microsoft.Data.Sqlite.SqliteCommand.ExecuteDbDataReaderAsync(CommandBehavior behavior, CancellationToken cancellationToken)
   at Microsoft.EntityFrameworkCore.Storage.RelationalCommand.ExecuteReaderAsync(RelationalCommandParameterObject parameterObject, CancellationToken cancellationToken)
   at Microsoft.EntityFrameworkCore.Storage.RelationalCommand.ExecuteReaderAsync(RelationalCommandParameterObject parameterObject, CancellationToken cancellationToken)
   at Microsoft.EntityFrameworkCore.Update.ReaderModificationCommandBatch.ExecuteAsync(IRelationalConnection connection, CancellationToken cancellationToken)
   --- End of inner exception stack trace ---
   at Microsoft.EntityFrameworkCore.Update.ReaderModificationCommandBatch.ExecuteAsync(IRelationalConnection connection, CancellationToken cancellationToken)
   at Microsoft.EntityFrameworkCore.Update.Internal.BatchExecutor.ExecuteAsync(IEnumerable`1 commandBatches, IRelationalConnection connection, CancellationToken cancellationToken)
   at Microsoft.EntityFrameworkCore.Update.Internal.BatchExecutor.ExecuteAsync(IEnumerable`1 commandBatches, IRelationalConnection connection, CancellationToken cancellationToken)
   at Microsoft.EntityFrameworkCore.Update.Internal.BatchExecutor.ExecuteAsync(IEnumerable`1 commandBatches, IRelationalConnection connection, CancellationToken cancellationToken)
   at Microsoft.EntityFrameworkCore.ChangeTracking.Internal.StateManager.SaveChangesAsync(IList`1 entriesToSave, CancellationToken cancellationToken)
   at Microsoft.EntityFrameworkCore.ChangeTracking.Internal.StateManager.SaveChangesAsync(StateManager stateManager, Boolean acceptAllChangesOnSuccess, CancellationToken cancellationToken)
   at Microsoft.EntityFrameworkCore.DbContext.SaveChangesAsync(Boolean acceptAllChangesOnSuccess, CancellationToken cancellationToken)"
Microsoft.EntityFrameworkCore.DbUpdateException: An error occurred while saving the entity changes. See the inner exception for details.
 ---> Microsoft.Data.Sqlite.SqliteException (0x80004005): SQLite Error 19: 'UNIQUE constraint failed: Posts.PostId'.
   at Microsoft.Data.Sqlite.SqliteException.ThrowExceptionForRC(Int32 rc, sqlite3 db)
   at Microsoft.Data.Sqlite.SqliteDataReader.NextResult()
   at Microsoft.Data.Sqlite.SqliteCommand.ExecuteReader(CommandBehavior behavior)
   at Microsoft.Data.Sqlite.SqliteCommand.ExecuteReaderAsync(CommandBehavior behavior, CancellationToken cancellationToken)
   at Microsoft.Data.Sqlite.SqliteCommand.ExecuteDbDataReaderAsync(CommandBehavior behavior, CancellationToken cancellationToken)
   at Microsoft.EntityFrameworkCore.Storage.RelationalCommand.ExecuteReaderAsync(RelationalCommandParameterObject parameterObject, CancellationToken cancellationToken)
   at Microsoft.EntityFrameworkCore.Storage.RelationalCommand.ExecuteReaderAsync(RelationalCommandParameterObject parameterObject, CancellationToken cancellationToken)
   at Microsoft.EntityFrameworkCore.Update.ReaderModificationCommandBatch.ExecuteAsync(IRelationalConnection connection, CancellationToken cancellationToken)
   --- End of inner exception stack trace ---
   at Microsoft.EntityFrameworkCore.Update.ReaderModificationCommandBatch.ExecuteAsync(IRelationalConnection connection, CancellationToken cancellationToken)
   at Microsoft.EntityFrameworkCore.Update.Internal.BatchExecutor.ExecuteAsync(IEnumerable`1 commandBatches, IRelationalConnection connection, CancellationToken cancellationToken)
   at Microsoft.EntityFrameworkCore.Update.Internal.BatchExecutor.ExecuteAsync(IEnumerable`1 commandBatches, IRelationalConnection connection, CancellationToken cancellationToken)
   at Microsoft.EntityFrameworkCore.Update.Internal.BatchExecutor.ExecuteAsync(IEnumerable`1 commandBatches, IRelationalConnection connection, CancellationToken cancellationToken)
   at Microsoft.EntityFrameworkCore.ChangeTracking.Internal.StateManager.SaveChangesAsync(IList`1 entriesToSave, CancellationToken cancellationToken)
   at Microsoft.EntityFrameworkCore.ChangeTracking.Internal.StateManager.SaveChangesAsync(StateManager stateManager, Boolean acceptAllChangesOnSuccess, CancellationToken cancellationToken)
   at Microsoft.EntityFrameworkCore.DbContext.SaveChangesAsync(Boolean acceptAllChangesOnSuccess, CancellationToken cancellationToken)
2023-10-23 12:17:06.476 +02:00 [Error] [CommentRepository] comment creation failed for CommentID Comment { CommentId: 0, UserId: "167fa1cd-3c99-406d-b026-56e20837e96d", PostId: 8, CommentDescription: "5555555555555555555555555", Post: Post { PostId: 8, TopicId: 1, UserId: "167fa1cd-3c99-406d-b026-56e20837e96d", PostTitle: "555", PostTime: 01/01/0001 00:00:00, Topic: null, Comments: [Comment { CommentId: 0, UserId: "167fa1cd-3c99-406d-b026-56e20837e96d", PostId: 8, CommentDescription: "5555555555555555555555555", Post: Post { PostId: 8, TopicId: 1, UserId: "167fa1cd-3c99-406d-b026-56e20837e96d", PostTitle: "555", PostTime: 01/01/0001 00:00:00, Topic: null, Comments: [Comment { CommentId: 0, UserId: "167fa1cd-3c99-406d-b026-56e20837e96d", PostId: 8, CommentDescription: "5555555555555555555555555", Post: Post { PostId: 8, TopicId: 1, UserId: "167fa1cd-3c99-406d-b026-56e20837e96d", PostTitle: "555", PostTime: 01/01/0001 00:00:00, Topic: null, Comments: [Comment { CommentId: null, UserId: null, PostId: null, CommentDescription: null, Post: null }] } }] } }] } }, error message: "An error occurred while saving the entity changes. See the inner exception for details."
2023-10-23 12:17:06.478 +02:00 [Error] We're here
2023-10-23 12:17:06.479 +02:00 [Information] Executing RedirectResult, redirecting to "/Topic/TopicDetails/1".
2023-10-23 12:17:06.479 +02:00 [Information] Executed action "Forum.Controllers.PostController.CreatePost (Forum)" in 114.9094ms
2023-10-23 12:17:06.479 +02:00 [Information] Executed endpoint '"Forum.Controllers.PostController.CreatePost (Forum)"'
2023-10-23 12:17:06.479 +02:00 [Information] Request finished HTTP/2 POST https://localhost:7205/Post/Createpost?topicId=1 application/x-www-form-urlencoded 361 - 302 0 - 123.8543ms
2023-10-23 12:17:06.481 +02:00 [Information] Request starting HTTP/2 GET https://localhost:7205/Topic/TopicDetails/1 - -
2023-10-23 12:17:06.484 +02:00 [Information] Executing endpoint '"Forum.Controllers.TopicController.TopicDetails (Forum)"'
2023-10-23 12:17:06.484 +02:00 [Information] Route matched with "{action = \"TopicDetails\", controller = \"Topic\", page = \"\", area = \"\"}". Executing controller action with signature "System.Threading.Tasks.Task`1[Microsoft.AspNetCore.Mvc.IActionResult] TopicDetails(Int32)" on controller "Forum.Controllers.TopicController" ("Forum").
2023-10-23 12:17:06.486 +02:00 [Information] Executing ViewResult, running view "TopicDetails".
2023-10-23 12:17:06.493 +02:00 [Information] Executed ViewResult - view "TopicDetails" executed in 6.8259ms.
2023-10-23 12:17:06.493 +02:00 [Information] Executed action "Forum.Controllers.TopicController.TopicDetails (Forum)" in 9.1166ms
2023-10-23 12:17:06.493 +02:00 [Information] Executed endpoint '"Forum.Controllers.TopicController.TopicDetails (Forum)"'
2023-10-23 12:17:06.514 +02:00 [Information] Request finished HTTP/2 GET https://localhost:7205/Topic/TopicDetails/1 - - - 200 - text/html;+charset=utf-8 32.0730ms
2023-10-23 12:17:06.515 +02:00 [Information] Request starting HTTP/2 GET https://localhost:7205/_framework/aspnetcore-browser-refresh.js - -
2023-10-23 12:17:06.516 +02:00 [Information] Request starting HTTP/2 GET https://localhost:7205/_vs/browserLink - -
2023-10-23 12:17:06.516 +02:00 [Information] Request finished HTTP/2 GET https://localhost:7205/_framework/aspnetcore-browser-refresh.js - - - 200 12342 application/javascript;+charset=utf-8 0.3004ms
2023-10-23 12:17:06.518 +02:00 [Information] Request finished HTTP/2 GET https://localhost:7205/_vs/browserLink - - - 200 - text/javascript;+charset=UTF-8 2.2951ms
2023-10-23 12:17:07.925 +02:00 [Information] Request starting HTTP/2 GET https://localhost:7205/Post/PostDetails/8 - -
2023-10-23 12:17:07.928 +02:00 [Information] Executing endpoint '"Forum.Controllers.PostController.PostDetails (Forum)"'
2023-10-23 12:17:07.929 +02:00 [Information] Route matched with "{action = \"PostDetails\", controller = \"Post\", page = \"\", area = \"\"}". Executing controller action with signature "System.Threading.Tasks.Task`1[Microsoft.AspNetCore.Mvc.IActionResult] PostDetails(Int32)" on controller "Forum.Controllers.PostController" ("Forum").
2023-10-23 12:17:07.934 +02:00 [Information] Executing ViewResult, running view "PostDetails".
2023-10-23 12:17:07.949 +02:00 [Information] Executed ViewResult - view "PostDetails" executed in 14.925ms.
2023-10-23 12:17:07.949 +02:00 [Information] Executed action "Forum.Controllers.PostController.PostDetails (Forum)" in 19.8278ms
2023-10-23 12:17:07.949 +02:00 [Information] Executed endpoint '"Forum.Controllers.PostController.PostDetails (Forum)"'
2023-10-23 12:17:07.950 +02:00 [Information] Request finished HTTP/2 GET https://localhost:7205/Post/PostDetails/8 - - - 200 - text/html;+charset=utf-8 24.7736ms
2023-10-23 12:17:07.957 +02:00 [Information] Request starting HTTP/2 GET https://localhost:7205/_framework/aspnetcore-browser-refresh.js - -
2023-10-23 12:17:07.957 +02:00 [Information] Request starting HTTP/2 GET https://localhost:7205/_vs/browserLink - -
2023-10-23 12:17:07.958 +02:00 [Information] Request finished HTTP/2 GET https://localhost:7205/_framework/aspnetcore-browser-refresh.js - - - 200 12342 application/javascript;+charset=utf-8 0.2773ms
2023-10-23 12:17:07.960 +02:00 [Information] Request finished HTTP/2 GET https://localhost:7205/_vs/browserLink - - - 200 - text/javascript;+charset=UTF-8 2.5547ms
2023-10-23 12:17:10.640 +02:00 [Information] Request starting HTTP/2 GET https://localhost:7205/Topic/TopicDetails/1 - -
2023-10-23 12:17:10.643 +02:00 [Information] Executing endpoint '"Forum.Controllers.TopicController.TopicDetails (Forum)"'
2023-10-23 12:17:10.643 +02:00 [Information] Route matched with "{action = \"TopicDetails\", controller = \"Topic\", page = \"\", area = \"\"}". Executing controller action with signature "System.Threading.Tasks.Task`1[Microsoft.AspNetCore.Mvc.IActionResult] TopicDetails(Int32)" on controller "Forum.Controllers.TopicController" ("Forum").
2023-10-23 12:17:10.645 +02:00 [Information] Executing ViewResult, running view "TopicDetails".
2023-10-23 12:17:10.651 +02:00 [Information] Executed ViewResult - view "TopicDetails" executed in 6.4112ms.
2023-10-23 12:17:10.651 +02:00 [Information] Executed action "Forum.Controllers.TopicController.TopicDetails (Forum)" in 8.4219ms
2023-10-23 12:17:10.651 +02:00 [Information] Executed endpoint '"Forum.Controllers.TopicController.TopicDetails (Forum)"'
2023-10-23 12:17:10.652 +02:00 [Information] Request finished HTTP/2 GET https://localhost:7205/Topic/TopicDetails/1 - - - 200 - text/html;+charset=utf-8 11.9179ms
2023-10-23 12:17:10.660 +02:00 [Information] Request starting HTTP/2 GET https://localhost:7205/_framework/aspnetcore-browser-refresh.js - -
2023-10-23 12:17:10.660 +02:00 [Information] Request finished HTTP/2 GET https://localhost:7205/_framework/aspnetcore-browser-refresh.js - - - 200 12342 application/javascript;+charset=utf-8 0.2940ms
2023-10-23 12:17:23.875 +02:00 [Information] Request starting HTTP/2 GET https://localhost:7205/Topic/TopicDetails/1 - -
2023-10-23 12:17:23.877 +02:00 [Information] Executing endpoint '"Forum.Controllers.TopicController.TopicDetails (Forum)"'
2023-10-23 12:17:23.877 +02:00 [Information] Route matched with "{action = \"TopicDetails\", controller = \"Topic\", page = \"\", area = \"\"}". Executing controller action with signature "System.Threading.Tasks.Task`1[Microsoft.AspNetCore.Mvc.IActionResult] TopicDetails(Int32)" on controller "Forum.Controllers.TopicController" ("Forum").
2023-10-23 12:17:23.879 +02:00 [Information] Executing ViewResult, running view "TopicDetails".
2023-10-23 12:17:23.884 +02:00 [Information] Executed ViewResult - view "TopicDetails" executed in 5.5595ms.
2023-10-23 12:17:23.885 +02:00 [Information] Executed action "Forum.Controllers.TopicController.TopicDetails (Forum)" in 7.4483ms
2023-10-23 12:17:23.885 +02:00 [Information] Executed endpoint '"Forum.Controllers.TopicController.TopicDetails (Forum)"'
2023-10-23 12:17:23.886 +02:00 [Information] Request finished HTTP/2 GET https://localhost:7205/Topic/TopicDetails/1 - - - 200 - text/html;+charset=utf-8 11.0511ms
2023-10-23 12:17:23.898 +02:00 [Information] Request starting HTTP/2 GET https://localhost:7205/lib/bootstrap/js/bootstrap.js - -
2023-10-23 12:17:23.898 +02:00 [Information] Request starting HTTP/2 GET https://localhost:7205/lib/bootstrap/css/crtstyle.css - -
2023-10-23 12:17:23.898 +02:00 [Information] Request starting HTTP/2 GET https://localhost:7205/lib/jquery/jquery.js - -
2023-10-23 12:17:23.898 +02:00 [Information] Request starting HTTP/2 GET https://localhost:7205/_framework/aspnetcore-browser-refresh.js - -
2023-10-23 12:17:23.898 +02:00 [Information] Request finished HTTP/2 GET https://localhost:7205/_framework/aspnetcore-browser-refresh.js - - - 200 12342 application/javascript;+charset=utf-8 0.1584ms
2023-10-23 12:17:23.909 +02:00 [Information] Sending file. Request path: '"/lib/bootstrap/css/crtstyle.css"'. Physical path: '"C:\Users\Johan\Source\Repos\N4h0\Forum\MyShop\wwwroot\lib\bootstrap\css\crtStyle.css"'
2023-10-23 12:17:23.909 +02:00 [Information] Request finished HTTP/2 GET https://localhost:7205/lib/bootstrap/css/crtstyle.css - - - 200 1133 text/css 11.3473ms
2023-10-23 12:17:23.925 +02:00 [Information] Sending file. Request path: '"/lib/bootstrap/js/bootstrap.js"'. Physical path: '"C:\Users\Johan\Source\Repos\N4h0\Forum\MyShop\wwwroot\lib\bootstrap\js\bootstrap.js"'
2023-10-23 12:17:23.925 +02:00 [Information] Request finished HTTP/2 GET https://localhost:7205/lib/bootstrap/js/bootstrap.js - - - 200 153194 application/javascript 27.0411ms
2023-10-23 12:17:23.929 +02:00 [Information] Sending file. Request path: '"/lib/jquery/jquery.js"'. Physical path: '"C:\Users\Johan\Source\Repos\N4h0\Forum\MyShop\wwwroot\lib\jquery\jquery.js"'
2023-10-23 12:17:23.930 +02:00 [Information] Request finished HTTP/2 GET https://localhost:7205/lib/jquery/jquery.js - - - 200 296030 application/javascript 31.3876ms
2023-10-23 12:17:23.981 +02:00 [Information] Request starting HTTP/2 GET https://localhost:7205/_vs/browserLink - -
2023-10-23 12:17:23.983 +02:00 [Information] Request finished HTTP/2 GET https://localhost:7205/_vs/browserLink - - - 200 - text/javascript;+charset=UTF-8 2.2110ms
2023-10-23 12:17:24.162 +02:00 [Information] Request starting HTTP/2 GET https://localhost:7205/favicon.ico - -
2023-10-23 12:17:24.165 +02:00 [Information] Request finished HTTP/2 GET https://localhost:7205/favicon.ico - - - 404 0 - 2.5810ms
2023-10-23 12:17:32.270 +02:00 [Information] Request starting HTTP/2 GET https://localhost:7205/Post/CreatePost?topicId=1 - -
2023-10-23 12:17:32.273 +02:00 [Information] Executing endpoint '"Forum.Controllers.PostController.CreatePost (Forum)"'
2023-10-23 12:17:32.273 +02:00 [Information] Route matched with "{action = \"CreatePost\", controller = \"Post\", page = \"\", area = \"\"}". Executing controller action with signature "Microsoft.AspNetCore.Mvc.IActionResult CreatePost(Int32)" on controller "Forum.Controllers.PostController" ("Forum").
2023-10-23 12:17:32.273 +02:00 [Information] Executing ViewResult, running view "CreatePost".
2023-10-23 12:17:32.277 +02:00 [Information] Executed ViewResult - view "CreatePost" executed in 4.3096ms.
2023-10-23 12:17:32.277 +02:00 [Information] Executed action "Forum.Controllers.PostController.CreatePost (Forum)" in 4.4979ms
2023-10-23 12:17:32.277 +02:00 [Information] Executed endpoint '"Forum.Controllers.PostController.CreatePost (Forum)"'
2023-10-23 12:17:32.279 +02:00 [Information] Request finished HTTP/2 GET https://localhost:7205/Post/CreatePost?topicId=1 - - - 200 - text/html;+charset=utf-8 8.7759ms
2023-10-23 12:17:32.289 +02:00 [Information] Request starting HTTP/2 GET https://localhost:7205/_framework/aspnetcore-browser-refresh.js - -
2023-10-23 12:17:32.289 +02:00 [Information] Request finished HTTP/2 GET https://localhost:7205/_framework/aspnetcore-browser-refresh.js - - - 200 12342 application/javascript;+charset=utf-8 0.2728ms
2023-10-23 12:17:32.317 +02:00 [Information] Request starting HTTP/2 GET https://localhost:7205/_vs/browserLink - -
2023-10-23 12:17:32.321 +02:00 [Information] Request finished HTTP/2 GET https://localhost:7205/_vs/browserLink - - - 200 - text/javascript;+charset=UTF-8 4.4020ms
2023-10-23 12:17:39.833 +02:00 [Information] Request starting HTTP/2 POST https://localhost:7205/Post/Createpost?topicId=1 application/x-www-form-urlencoded 357
2023-10-23 12:17:39.836 +02:00 [Information] Executing endpoint '"Forum.Controllers.PostController.CreatePost (Forum)"'
2023-10-23 12:17:39.836 +02:00 [Information] Route matched with "{action = \"CreatePost\", controller = \"Post\", page = \"\", area = \"\"}". Executing controller action with signature "System.Threading.Tasks.Task`1[Microsoft.AspNetCore.Mvc.IActionResult] CreatePost(Forum.ViewModels.PostCommentViewModel)" on controller "Forum.Controllers.PostController" ("Forum").
2023-10-23 12:17:39.844 +02:00 [Error] Failed executing DbCommand ("1"ms) [Parameters=["@p0='?' (DbType = Int32), @p1='?' (DbType = DateTime), @p2='?' (Size = 8), @p3='?' (DbType = Int32), @p4='?' (Size = 36)"], CommandType='Text', CommandTimeout='30']"
""INSERT INTO \"Posts\" (\"PostId\", \"PostTime\", \"PostTitle\", \"TopicId\", \"UserId\")
VALUES (@p0, @p1, @p2, @p3, @p4);"
2023-10-23 12:17:39.851 +02:00 [Error] An exception occurred in the database while saving changes for context type '"Forum.Models.CategoryDbContext"'."
""Microsoft.EntityFrameworkCore.DbUpdateException: An error occurred while saving the entity changes. See the inner exception for details.
 ---> Microsoft.Data.Sqlite.SqliteException (0x80004005): SQLite Error 19: 'UNIQUE constraint failed: Posts.PostId'.
   at Microsoft.Data.Sqlite.SqliteException.ThrowExceptionForRC(Int32 rc, sqlite3 db)
   at Microsoft.Data.Sqlite.SqliteDataReader.NextResult()
   at Microsoft.Data.Sqlite.SqliteCommand.ExecuteReader(CommandBehavior behavior)
   at Microsoft.Data.Sqlite.SqliteCommand.ExecuteReaderAsync(CommandBehavior behavior, CancellationToken cancellationToken)
   at Microsoft.Data.Sqlite.SqliteCommand.ExecuteDbDataReaderAsync(CommandBehavior behavior, CancellationToken cancellationToken)
   at Microsoft.EntityFrameworkCore.Storage.RelationalCommand.ExecuteReaderAsync(RelationalCommandParameterObject parameterObject, CancellationToken cancellationToken)
   at Microsoft.EntityFrameworkCore.Storage.RelationalCommand.ExecuteReaderAsync(RelationalCommandParameterObject parameterObject, CancellationToken cancellationToken)
   at Microsoft.EntityFrameworkCore.Update.ReaderModificationCommandBatch.ExecuteAsync(IRelationalConnection connection, CancellationToken cancellationToken)
   --- End of inner exception stack trace ---
   at Microsoft.EntityFrameworkCore.Update.ReaderModificationCommandBatch.ExecuteAsync(IRelationalConnection connection, CancellationToken cancellationToken)
   at Microsoft.EntityFrameworkCore.Update.Internal.BatchExecutor.ExecuteAsync(IEnumerable`1 commandBatches, IRelationalConnection connection, CancellationToken cancellationToken)
   at Microsoft.EntityFrameworkCore.Update.Internal.BatchExecutor.ExecuteAsync(IEnumerable`1 commandBatches, IRelationalConnection connection, CancellationToken cancellationToken)
   at Microsoft.EntityFrameworkCore.Update.Internal.BatchExecutor.ExecuteAsync(IEnumerable`1 commandBatches, IRelationalConnection connection, CancellationToken cancellationToken)
   at Microsoft.EntityFrameworkCore.ChangeTracking.Internal.StateManager.SaveChangesAsync(IList`1 entriesToSave, CancellationToken cancellationToken)
   at Microsoft.EntityFrameworkCore.ChangeTracking.Internal.StateManager.SaveChangesAsync(StateManager stateManager, Boolean acceptAllChangesOnSuccess, CancellationToken cancellationToken)
   at Microsoft.EntityFrameworkCore.DbContext.SaveChangesAsync(Boolean acceptAllChangesOnSuccess, CancellationToken cancellationToken)"
Microsoft.EntityFrameworkCore.DbUpdateException: An error occurred while saving the entity changes. See the inner exception for details.
 ---> Microsoft.Data.Sqlite.SqliteException (0x80004005): SQLite Error 19: 'UNIQUE constraint failed: Posts.PostId'.
   at Microsoft.Data.Sqlite.SqliteException.ThrowExceptionForRC(Int32 rc, sqlite3 db)
   at Microsoft.Data.Sqlite.SqliteDataReader.NextResult()
   at Microsoft.Data.Sqlite.SqliteCommand.ExecuteReader(CommandBehavior behavior)
   at Microsoft.Data.Sqlite.SqliteCommand.ExecuteReaderAsync(CommandBehavior behavior, CancellationToken cancellationToken)
   at Microsoft.Data.Sqlite.SqliteCommand.ExecuteDbDataReaderAsync(CommandBehavior behavior, CancellationToken cancellationToken)
   at Microsoft.EntityFrameworkCore.Storage.RelationalCommand.ExecuteReaderAsync(RelationalCommandParameterObject parameterObject, CancellationToken cancellationToken)
   at Microsoft.EntityFrameworkCore.Storage.RelationalCommand.ExecuteReaderAsync(RelationalCommandParameterObject parameterObject, CancellationToken cancellationToken)
   at Microsoft.EntityFrameworkCore.Update.ReaderModificationCommandBatch.ExecuteAsync(IRelationalConnection connection, CancellationToken cancellationToken)
   --- End of inner exception stack trace ---
   at Microsoft.EntityFrameworkCore.Update.ReaderModificationCommandBatch.ExecuteAsync(IRelationalConnection connection, CancellationToken cancellationToken)
   at Microsoft.EntityFrameworkCore.Update.Internal.BatchExecutor.ExecuteAsync(IEnumerable`1 commandBatches, IRelationalConnection connection, CancellationToken cancellationToken)
   at Microsoft.EntityFrameworkCore.Update.Internal.BatchExecutor.ExecuteAsync(IEnumerable`1 commandBatches, IRelationalConnection connection, CancellationToken cancellationToken)
   at Microsoft.EntityFrameworkCore.Update.Internal.BatchExecutor.ExecuteAsync(IEnumerable`1 commandBatches, IRelationalConnection connection, CancellationToken cancellationToken)
   at Microsoft.EntityFrameworkCore.ChangeTracking.Internal.StateManager.SaveChangesAsync(IList`1 entriesToSave, CancellationToken cancellationToken)
   at Microsoft.EntityFrameworkCore.ChangeTracking.Internal.StateManager.SaveChangesAsync(StateManager stateManager, Boolean acceptAllChangesOnSuccess, CancellationToken cancellationToken)
   at Microsoft.EntityFrameworkCore.DbContext.SaveChangesAsync(Boolean acceptAllChangesOnSuccess, CancellationToken cancellationToken)
2023-10-23 12:17:39.862 +02:00 [Error] [PoatRepository] post creation failed for post Post { PostId: 9, TopicId: 1, UserId: "167fa1cd-3c99-406d-b026-56e20837e96d", PostTitle: "66666666", PostTime: 01/01/0001 00:00:00, Topic: null, Comments: null }, error message: "An error occurred while saving the entity changes. See the inner exception for details."
2023-10-23 12:17:39.864 +02:00 [Error] We're here
2023-10-23 12:17:39.866 +02:00 [Error] Failed executing DbCommand ("0"ms) [Parameters=["@p0='?' (DbType = Int32), @p1='?' (DbType = DateTime), @p2='?' (Size = 8), @p3='?' (DbType = Int32), @p4='?' (Size = 36)"], CommandType='Text', CommandTimeout='30']"
""INSERT INTO \"Posts\" (\"PostId\", \"PostTime\", \"PostTitle\", \"TopicId\", \"UserId\")
VALUES (@p0, @p1, @p2, @p3, @p4);"
2023-10-23 12:17:39.872 +02:00 [Error] An exception occurred in the database while saving changes for context type '"Forum.Models.CategoryDbContext"'."
""Microsoft.EntityFrameworkCore.DbUpdateException: An error occurred while saving the entity changes. See the inner exception for details.
 ---> Microsoft.Data.Sqlite.SqliteException (0x80004005): SQLite Error 19: 'UNIQUE constraint failed: Posts.PostId'.
   at Microsoft.Data.Sqlite.SqliteException.ThrowExceptionForRC(Int32 rc, sqlite3 db)
   at Microsoft.Data.Sqlite.SqliteDataReader.NextResult()
   at Microsoft.Data.Sqlite.SqliteCommand.ExecuteReader(CommandBehavior behavior)
   at Microsoft.Data.Sqlite.SqliteCommand.ExecuteReaderAsync(CommandBehavior behavior, CancellationToken cancellationToken)
   at Microsoft.Data.Sqlite.SqliteCommand.ExecuteDbDataReaderAsync(CommandBehavior behavior, CancellationToken cancellationToken)
   at Microsoft.EntityFrameworkCore.Storage.RelationalCommand.ExecuteReaderAsync(RelationalCommandParameterObject parameterObject, CancellationToken cancellationToken)
   at Microsoft.EntityFrameworkCore.Storage.RelationalCommand.ExecuteReaderAsync(RelationalCommandParameterObject parameterObject, CancellationToken cancellationToken)
   at Microsoft.EntityFrameworkCore.Update.ReaderModificationCommandBatch.ExecuteAsync(IRelationalConnection connection, CancellationToken cancellationToken)
   --- End of inner exception stack trace ---
   at Microsoft.EntityFrameworkCore.Update.ReaderModificationCommandBatch.ExecuteAsync(IRelationalConnection connection, CancellationToken cancellationToken)
   at Microsoft.EntityFrameworkCore.Update.Internal.BatchExecutor.ExecuteAsync(IEnumerable`1 commandBatches, IRelationalConnection connection, CancellationToken cancellationToken)
   at Microsoft.EntityFrameworkCore.Update.Internal.BatchExecutor.ExecuteAsync(IEnumerable`1 commandBatches, IRelationalConnection connection, CancellationToken cancellationToken)
   at Microsoft.EntityFrameworkCore.Update.Internal.BatchExecutor.ExecuteAsync(IEnumerable`1 commandBatches, IRelationalConnection connection, CancellationToken cancellationToken)
   at Microsoft.EntityFrameworkCore.ChangeTracking.Internal.StateManager.SaveChangesAsync(IList`1 entriesToSave, CancellationToken cancellationToken)
   at Microsoft.EntityFrameworkCore.ChangeTracking.Internal.StateManager.SaveChangesAsync(StateManager stateManager, Boolean acceptAllChangesOnSuccess, CancellationToken cancellationToken)
   at Microsoft.EntityFrameworkCore.DbContext.SaveChangesAsync(Boolean acceptAllChangesOnSuccess, CancellationToken cancellationToken)"
Microsoft.EntityFrameworkCore.DbUpdateException: An error occurred while saving the entity changes. See the inner exception for details.
 ---> Microsoft.Data.Sqlite.SqliteException (0x80004005): SQLite Error 19: 'UNIQUE constraint failed: Posts.PostId'.
   at Microsoft.Data.Sqlite.SqliteException.ThrowExceptionForRC(Int32 rc, sqlite3 db)
   at Microsoft.Data.Sqlite.SqliteDataReader.NextResult()
   at Microsoft.Data.Sqlite.SqliteCommand.ExecuteReader(CommandBehavior behavior)
   at Microsoft.Data.Sqlite.SqliteCommand.ExecuteReaderAsync(CommandBehavior behavior, CancellationToken cancellationToken)
   at Microsoft.Data.Sqlite.SqliteCommand.ExecuteDbDataReaderAsync(CommandBehavior behavior, CancellationToken cancellationToken)
   at Microsoft.EntityFrameworkCore.Storage.RelationalCommand.ExecuteReaderAsync(RelationalCommandParameterObject parameterObject, CancellationToken cancellationToken)
   at Microsoft.EntityFrameworkCore.Storage.RelationalCommand.ExecuteReaderAsync(RelationalCommandParameterObject parameterObject, CancellationToken cancellationToken)
   at Microsoft.EntityFrameworkCore.Update.ReaderModificationCommandBatch.ExecuteAsync(IRelationalConnection connection, CancellationToken cancellationToken)
   --- End of inner exception stack trace ---
   at Microsoft.EntityFrameworkCore.Update.ReaderModificationCommandBatch.ExecuteAsync(IRelationalConnection connection, CancellationToken cancellationToken)
   at Microsoft.EntityFrameworkCore.Update.Internal.BatchExecutor.ExecuteAsync(IEnumerable`1 commandBatches, IRelationalConnection connection, CancellationToken cancellationToken)
   at Microsoft.EntityFrameworkCore.Update.Internal.BatchExecutor.ExecuteAsync(IEnumerable`1 commandBatches, IRelationalConnection connection, CancellationToken cancellationToken)
   at Microsoft.EntityFrameworkCore.Update.Internal.BatchExecutor.ExecuteAsync(IEnumerable`1 commandBatches, IRelationalConnection connection, CancellationToken cancellationToken)
   at Microsoft.EntityFrameworkCore.ChangeTracking.Internal.StateManager.SaveChangesAsync(IList`1 entriesToSave, CancellationToken cancellationToken)
   at Microsoft.EntityFrameworkCore.ChangeTracking.Internal.StateManager.SaveChangesAsync(StateManager stateManager, Boolean acceptAllChangesOnSuccess, CancellationToken cancellationToken)
   at Microsoft.EntityFrameworkCore.DbContext.SaveChangesAsync(Boolean acceptAllChangesOnSuccess, CancellationToken cancellationToken)
2023-10-23 12:17:39.884 +02:00 [Error] [CommentRepository] comment creation failed for CommentID Comment { CommentId: 0, UserId: "167fa1cd-3c99-406d-b026-56e20837e96d", PostId: 9, CommentDescription: "6666666666666666", Post: Post { PostId: 9, TopicId: 1, UserId: "167fa1cd-3c99-406d-b026-56e20837e96d", PostTitle: "66666666", PostTime: 01/01/0001 00:00:00, Topic: null, Comments: [Comment { CommentId: 0, UserId: "167fa1cd-3c99-406d-b026-56e20837e96d", PostId: 9, CommentDescription: "6666666666666666", Post: Post { PostId: 9, TopicId: 1, UserId: "167fa1cd-3c99-406d-b026-56e20837e96d", PostTitle: "66666666", PostTime: 01/01/0001 00:00:00, Topic: null, Comments: [Comment { CommentId: 0, UserId: "167fa1cd-3c99-406d-b026-56e20837e96d", PostId: 9, CommentDescription: "6666666666666666", Post: Post { PostId: 9, TopicId: 1, UserId: "167fa1cd-3c99-406d-b026-56e20837e96d", PostTitle: "66666666", PostTime: 01/01/0001 00:00:00, Topic: null, Comments: [Comment { CommentId: null, UserId: null, PostId: null, CommentDescription: null, Post: null }] } }] } }] } }, error message: "An error occurred while saving the entity changes. See the inner exception for details."
2023-10-23 12:17:39.885 +02:00 [Error] We're here
2023-10-23 12:17:39.885 +02:00 [Information] Executing RedirectResult, redirecting to "/Topic/TopicDetails/1".
2023-10-23 12:17:39.885 +02:00 [Information] Executed action "Forum.Controllers.PostController.CreatePost (Forum)" in 48.9553ms
2023-10-23 12:17:39.886 +02:00 [Information] Executed endpoint '"Forum.Controllers.PostController.CreatePost (Forum)"'
2023-10-23 12:17:39.886 +02:00 [Information] Request finished HTTP/2 POST https://localhost:7205/Post/Createpost?topicId=1 application/x-www-form-urlencoded 357 - 302 0 - 52.5960ms
2023-10-23 12:17:39.888 +02:00 [Information] Request starting HTTP/2 GET https://localhost:7205/Topic/TopicDetails/1 - -
2023-10-23 12:17:39.890 +02:00 [Information] Executing endpoint '"Forum.Controllers.TopicController.TopicDetails (Forum)"'
2023-10-23 12:17:39.890 +02:00 [Information] Route matched with "{action = \"TopicDetails\", controller = \"Topic\", page = \"\", area = \"\"}". Executing controller action with signature "System.Threading.Tasks.Task`1[Microsoft.AspNetCore.Mvc.IActionResult] TopicDetails(Int32)" on controller "Forum.Controllers.TopicController" ("Forum").
2023-10-23 12:17:39.892 +02:00 [Information] Executing ViewResult, running view "TopicDetails".
2023-10-23 12:17:39.899 +02:00 [Information] Executed ViewResult - view "TopicDetails" executed in 6.4971ms.
2023-10-23 12:17:39.899 +02:00 [Information] Executed action "Forum.Controllers.TopicController.TopicDetails (Forum)" in 8.7216ms
2023-10-23 12:17:39.899 +02:00 [Information] Executed endpoint '"Forum.Controllers.TopicController.TopicDetails (Forum)"'
2023-10-23 12:17:39.900 +02:00 [Information] Request finished HTTP/2 GET https://localhost:7205/Topic/TopicDetails/1 - - - 200 - text/html;+charset=utf-8 12.3179ms
2023-10-23 12:17:39.912 +02:00 [Information] Request starting HTTP/2 GET https://localhost:7205/_vs/browserLink - -
2023-10-23 12:17:39.913 +02:00 [Information] Request starting HTTP/2 GET https://localhost:7205/_framework/aspnetcore-browser-refresh.js - -
2023-10-23 12:17:39.913 +02:00 [Information] Request finished HTTP/2 GET https://localhost:7205/_framework/aspnetcore-browser-refresh.js - - - 200 12342 application/javascript;+charset=utf-8 0.6553ms
2023-10-23 12:17:39.915 +02:00 [Information] Request finished HTTP/2 GET https://localhost:7205/_vs/browserLink - - - 200 - text/javascript;+charset=UTF-8 2.6287ms
