2023-10-24 10:32:40.380 +02:00 [Information] User profile is available. Using '"C:\Users\abdik\AppData\Local\ASP.NET\DataProtection-Keys"' as key repository and Windows DPAPI to encrypt keys at rest.
2023-10-24 10:32:40.778 +02:00 [Information] Now listening on: "https://localhost:7205"
2023-10-24 10:32:40.778 +02:00 [Information] Now listening on: "http://localhost:5112"
2023-10-24 10:32:40.781 +02:00 [Information] Application started. Press Ctrl+C to shut down.
2023-10-24 10:32:40.782 +02:00 [Information] Hosting environment: "Development"
2023-10-24 10:32:40.782 +02:00 [Information] Content root path: "C:\Users\abdik\Source\Repos\Forum\MyShop\"
2023-10-24 10:32:41.101 +02:00 [Information] Request starting HTTP/2 GET https://localhost:7205/ - -
2023-10-24 10:32:41.137 +02:00 [Information] Executing endpoint '"Forum.Controllers.HomeController.Index (Forum)"'
2023-10-24 10:32:41.144 +02:00 [Information] Route matched with "{action = \"Index\", controller = \"Home\", page = \"\", area = \"\"}". Executing controller action with signature "Microsoft.AspNetCore.Mvc.IActionResult Index()" on controller "Forum.Controllers.HomeController" ("Forum").
2023-10-24 10:32:41.148 +02:00 [Information] Executing ViewResult, running view "Index".
2023-10-24 10:32:41.250 +02:00 [Information] Executed ViewResult - view "Index" executed in 101.0402ms.
2023-10-24 10:32:41.251 +02:00 [Information] Executed action "Forum.Controllers.HomeController.Index (Forum)" in 107.4328ms
2023-10-24 10:32:41.252 +02:00 [Information] Executed endpoint '"Forum.Controllers.HomeController.Index (Forum)"'
2023-10-24 10:32:41.265 +02:00 [Information] Request finished HTTP/2 GET https://localhost:7205/ - - - 200 - text/html;+charset=utf-8 166.2308ms
2023-10-24 10:32:41.271 +02:00 [Information] Request starting HTTP/2 GET https://localhost:7205/_framework/aspnetcore-browser-refresh.js - -
2023-10-24 10:32:41.271 +02:00 [Information] Request starting HTTP/2 GET https://localhost:7205/style.css - -
2023-10-24 10:32:41.274 +02:00 [Information] Request finished HTTP/2 GET https://localhost:7205/_framework/aspnetcore-browser-refresh.js - - - 200 12342 application/javascript;+charset=utf-8 2.6988ms
2023-10-24 10:32:41.274 +02:00 [Information] Request finished HTTP/2 GET https://localhost:7205/style.css - - - 404 0 - 2.7705ms
2023-10-24 10:32:41.283 +02:00 [Information] Request starting HTTP/2 GET https://localhost:7205/_vs/browserLink - -
2023-10-24 10:32:41.289 +02:00 [Information] Request finished HTTP/2 GET https://localhost:7205/_vs/browserLink - - - 200 - text/javascript;+charset=UTF-8 5.7436ms
