2023-10-24 17:26:19.316 +02:00 [Information] User profile is available. Using '"C:\Users\abdik\AppData\Local\ASP.NET\DataProtection-Keys"' as key repository and Windows DPAPI to encrypt keys at rest.
2023-10-24 17:26:19.731 +02:00 [Information] Now listening on: "https://localhost:7205"
2023-10-24 17:26:19.731 +02:00 [Information] Now listening on: "http://localhost:5112"
2023-10-24 17:26:19.734 +02:00 [Information] Application started. Press Ctrl+C to shut down.
2023-10-24 17:26:19.735 +02:00 [Information] Hosting environment: "Development"
2023-10-24 17:26:19.735 +02:00 [Information] Content root path: "C:\Users\abdik\Source\Repos\Forum\MyShop\"
2023-10-24 17:26:20.346 +02:00 [Information] Request starting HTTP/2 GET https://localhost:7205/ - -
2023-10-24 17:26:20.381 +02:00 [Information] Executing endpoint '"Forum.Controllers.HomeController.Index (Forum)"'
2023-10-24 17:26:20.389 +02:00 [Information] Route matched with "{action = \"Index\", controller = \"Home\", page = \"\", area = \"\"}". Executing controller action with signature "System.Threading.Tasks.Task`1[Microsoft.AspNetCore.Mvc.IActionResult] Index()" on controller "Forum.Controllers.HomeController" ("Forum").
2023-10-24 17:26:20.409 +02:00 [Information] Executing ViewResult, running view "Index".
2023-10-24 17:26:20.514 +02:00 [Information] Executed ViewResult - view "Index" executed in 104.2095ms.
2023-10-24 17:26:20.515 +02:00 [Information] Executed action "Forum.Controllers.HomeController.Index (Forum)" in 125.4709ms
2023-10-24 17:26:20.515 +02:00 [Information] Executed endpoint '"Forum.Controllers.HomeController.Index (Forum)"'
2023-10-24 17:26:20.527 +02:00 [Information] Request finished HTTP/2 GET https://localhost:7205/ - - - 200 - text/html;+charset=utf-8 183.7584ms
2023-10-24 17:26:20.556 +02:00 [Information] Request starting HTTP/2 GET https://localhost:7205/_framework/aspnetcore-browser-refresh.js - -
2023-10-24 17:26:20.556 +02:00 [Information] Request starting HTTP/2 GET https://localhost:7205/style.css - -
2023-10-24 17:26:20.558 +02:00 [Information] Request finished HTTP/2 GET https://localhost:7205/_framework/aspnetcore-browser-refresh.js - - - 200 12342 application/javascript;+charset=utf-8 1.8204ms
2023-10-24 17:26:20.559 +02:00 [Information] Request finished HTTP/2 GET https://localhost:7205/style.css - - - 404 0 - 2.5844ms
2023-10-24 17:26:20.577 +02:00 [Information] Request starting HTTP/2 GET https://localhost:7205/_vs/browserLink - -
2023-10-24 17:26:20.583 +02:00 [Information] Request finished HTTP/2 GET https://localhost:7205/_vs/browserLink - - - 200 - text/javascript;+charset=UTF-8 6.0413ms
