2023-10-24 12:57:20.514 +02:00 [Information] User profile is available. Using '"C:\Users\abdik\AppData\Local\ASP.NET\DataProtection-Keys"' as key repository and Windows DPAPI to encrypt keys at rest.
2023-10-24 12:57:20.908 +02:00 [Information] Now listening on: "https://localhost:7205"
2023-10-24 12:57:20.908 +02:00 [Information] Now listening on: "http://localhost:5112"
2023-10-24 12:57:20.911 +02:00 [Information] Application started. Press Ctrl+C to shut down.
2023-10-24 12:57:20.911 +02:00 [Information] Hosting environment: "Development"
2023-10-24 12:57:20.911 +02:00 [Information] Content root path: "C:\Users\abdik\Source\Repos\Forum\MyShop\"
2023-10-24 12:57:21.209 +02:00 [Information] Request starting HTTP/2 GET https://localhost:7205/ - -
2023-10-24 12:57:21.245 +02:00 [Information] Executing endpoint '"Forum.Controllers.HomeController.Index (Forum)"'
2023-10-24 12:57:21.252 +02:00 [Information] Route matched with "{action = \"Index\", controller = \"Home\", page = \"\", area = \"\"}". Executing controller action with signature "Microsoft.AspNetCore.Mvc.IActionResult Index()" on controller "Forum.Controllers.HomeController" ("Forum").
2023-10-24 12:57:21.256 +02:00 [Information] Executing ViewResult, running view "Index".
2023-10-24 12:57:21.355 +02:00 [Information] Executed ViewResult - view "Index" executed in 98.8246ms.
2023-10-24 12:57:21.357 +02:00 [Information] Executed action "Forum.Controllers.HomeController.Index (Forum)" in 104.9221ms
2023-10-24 12:57:21.357 +02:00 [Information] Executed endpoint '"Forum.Controllers.HomeController.Index (Forum)"'
2023-10-24 12:57:21.369 +02:00 [Information] Request finished HTTP/2 GET https://localhost:7205/ - - - 200 - text/html;+charset=utf-8 162.7707ms
2023-10-24 12:57:21.385 +02:00 [Information] Request starting HTTP/2 GET https://localhost:7205/style.css - -
2023-10-24 12:57:21.385 +02:00 [Information] Request starting HTTP/2 GET https://localhost:7205/lib/bootstrap/css/crtstyle.css - -
2023-10-24 12:57:21.388 +02:00 [Information] Request finished HTTP/2 GET https://localhost:7205/style.css - - - 404 0 - 2.5777ms
2023-10-24 12:57:21.393 +02:00 [Information] Request starting HTTP/2 GET https://localhost:7205/_framework/aspnetcore-browser-refresh.js - -
2023-10-24 12:57:21.394 +02:00 [Information] Request finished HTTP/2 GET https://localhost:7205/_framework/aspnetcore-browser-refresh.js - - - 200 12342 application/javascript;+charset=utf-8 1.5504ms
2023-10-24 12:57:21.396 +02:00 [Information] The file "/lib/bootstrap/css/crtstyle.css" was not modified
2023-10-24 12:57:21.396 +02:00 [Information] Request finished HTTP/2 GET https://localhost:7205/lib/bootstrap/css/crtstyle.css - - - 304 - text/css 10.8594ms
2023-10-24 12:57:21.397 +02:00 [Information] Request starting HTTP/2 GET https://localhost:7205/_vs/browserLink - -
2023-10-24 12:57:21.402 +02:00 [Information] Request finished HTTP/2 GET https://localhost:7205/_vs/browserLink - - - 200 - text/javascript;+charset=UTF-8 5.7388ms
2023-10-24 12:57:41.410 +02:00 [Information] Request starting HTTP/2 GET https://localhost:7205/ - -
2023-10-24 12:57:41.411 +02:00 [Information] Executing endpoint '"Forum.Controllers.HomeController.Index (Forum)"'
2023-10-24 12:57:41.411 +02:00 [Information] Route matched with "{action = \"Index\", controller = \"Home\", page = \"\", area = \"\"}". Executing controller action with signature "Microsoft.AspNetCore.Mvc.IActionResult Index()" on controller "Forum.Controllers.HomeController" ("Forum").
2023-10-24 12:57:41.412 +02:00 [Information] Executing ViewResult, running view "Index".
2023-10-24 12:57:41.421 +02:00 [Information] Executed ViewResult - view "Index" executed in 9.0478ms.
2023-10-24 12:57:41.421 +02:00 [Information] Executed action "Forum.Controllers.HomeController.Index (Forum)" in 9.7276ms
2023-10-24 12:57:41.421 +02:00 [Information] Executed endpoint '"Forum.Controllers.HomeController.Index (Forum)"'
2023-10-24 12:57:41.423 +02:00 [Information] Request finished HTTP/2 GET https://localhost:7205/ - - - 200 - text/html;+charset=utf-8 12.5426ms
2023-10-24 12:57:41.441 +02:00 [Information] Request starting HTTP/2 GET https://localhost:7205/style.css - -
2023-10-24 12:57:41.442 +02:00 [Information] Request finished HTTP/2 GET https://localhost:7205/style.css - - - 404 0 - 1.1262ms
2023-10-24 12:57:41.456 +02:00 [Information] Request starting HTTP/2 GET https://localhost:7205/_framework/aspnetcore-browser-refresh.js - -
2023-10-24 12:57:41.456 +02:00 [Information] Request starting HTTP/2 GET https://localhost:7205/_vs/browserLink - -
2023-10-24 12:57:41.457 +02:00 [Information] Request finished HTTP/2 GET https://localhost:7205/_framework/aspnetcore-browser-refresh.js - - - 200 12342 application/javascript;+charset=utf-8 0.4406ms
2023-10-24 12:57:41.458 +02:00 [Information] Request finished HTTP/2 GET https://localhost:7205/_vs/browserLink - - - 200 - text/javascript;+charset=UTF-8 1.9411ms
