2023-10-24 10:01:56.743 +02:00 [Information] User profile is available. Using '"C:\Users\abdik\AppData\Local\ASP.NET\DataProtection-Keys"' as key repository and Windows DPAPI to encrypt keys at rest.
2023-10-24 10:01:57.158 +02:00 [Information] Now listening on: "https://localhost:7205"
2023-10-24 10:01:57.159 +02:00 [Information] Now listening on: "http://localhost:5112"
2023-10-24 10:01:57.162 +02:00 [Information] Application started. Press Ctrl+C to shut down.
2023-10-24 10:01:57.162 +02:00 [Information] Hosting environment: "Development"
2023-10-24 10:01:57.162 +02:00 [Information] Content root path: "C:\Users\abdik\Source\Repos\Forum\MyShop\"
2023-10-24 10:01:57.476 +02:00 [Information] Request starting HTTP/2 GET https://localhost:7205/ - -
2023-10-24 10:01:57.517 +02:00 [Information] Executing endpoint '"Forum.Controllers.HomeController.Index (Forum)"'
2023-10-24 10:01:57.524 +02:00 [Information] Route matched with "{action = \"Index\", controller = \"Home\", page = \"\", area = \"\"}". Executing controller action with signature "Microsoft.AspNetCore.Mvc.IActionResult Index()" on controller "Forum.Controllers.HomeController" ("Forum").
2023-10-24 10:01:57.528 +02:00 [Information] Executing ViewResult, running view "Index".
2023-10-24 10:01:57.624 +02:00 [Information] Executed ViewResult - view "Index" executed in 95.2605ms.
2023-10-24 10:01:57.625 +02:00 [Information] Executed action "Forum.Controllers.HomeController.Index (Forum)" in 101.1894ms
2023-10-24 10:01:57.625 +02:00 [Information] Executed endpoint '"Forum.Controllers.HomeController.Index (Forum)"'
2023-10-24 10:01:57.637 +02:00 [Information] Request finished HTTP/2 GET https://localhost:7205/ - - - 200 - text/html;+charset=utf-8 163.0056ms
2023-10-24 10:01:57.650 +02:00 [Information] Request starting HTTP/2 GET https://localhost:7205/style.css - -
2023-10-24 10:01:57.651 +02:00 [Information] Request starting HTTP/2 GET https://localhost:7205/_framework/aspnetcore-browser-refresh.js - -
2023-10-24 10:01:57.651 +02:00 [Information] Request starting HTTP/2 GET https://localhost:7205/... - -
2023-10-24 10:01:57.653 +02:00 [Information] Request finished HTTP/2 GET https://localhost:7205/_framework/aspnetcore-browser-refresh.js - - - 200 12342 application/javascript;+charset=utf-8 1.7204ms
2023-10-24 10:01:57.654 +02:00 [Information] Request finished HTTP/2 GET https://localhost:7205/... - - - 404 0 - 2.4585ms
2023-10-24 10:01:57.656 +02:00 [Information] Request starting HTTP/2 GET https://localhost:7205/_vs/browserLink - -
2023-10-24 10:01:57.659 +02:00 [Information] Request finished HTTP/2 GET https://localhost:7205/style.css - - - 404 0 - 8.8828ms
2023-10-24 10:01:57.661 +02:00 [Information] Request finished HTTP/2 GET https://localhost:7205/_vs/browserLink - - - 200 - text/javascript;+charset=UTF-8 5.2778ms
2023-10-24 10:01:57.665 +02:00 [Information] Request starting HTTP/2 GET https://localhost:7205/... - -
2023-10-24 10:01:57.674 +02:00 [Information] Request finished HTTP/2 GET https://localhost:7205/... - - - 404 0 - 8.8630ms
