2023-10-23 20:26:49.195 +02:00 [Information] User profile is available. Using '"C:\Users\abdik\AppData\Local\ASP.NET\DataProtection-Keys"' as key repository and Windows DPAPI to encrypt keys at rest.
2023-10-23 20:26:49.615 +02:00 [Information] Now listening on: "https://localhost:7205"
2023-10-23 20:26:49.615 +02:00 [Information] Now listening on: "http://localhost:5112"
2023-10-23 20:26:49.619 +02:00 [Information] Application started. Press Ctrl+C to shut down.
2023-10-23 20:26:49.619 +02:00 [Information] Hosting environment: "Development"
2023-10-23 20:26:49.619 +02:00 [Information] Content root path: "C:\Users\abdik\Source\Repos\Forum\MyShop\"
2023-10-23 20:26:49.880 +02:00 [Information] Request starting HTTP/2 GET https://localhost:7205/Search/Search?search=Liverpool - -
2023-10-23 20:26:49.922 +02:00 [Information] Executing endpoint '"Forum.Controllers.SearchController.Search (Forum)"'
2023-10-23 20:26:49.936 +02:00 [Information] Route matched with "{action = \"Search\", controller = \"Search\", page = \"\", area = \"\"}". Executing controller action with signature "Microsoft.AspNetCore.Mvc.IActionResult Search(System.String)" on controller "Forum.Controllers.SearchController" ("Forum").
2023-10-23 20:26:49.988 +02:00 [Information] Executing ViewResult, running view "Search".
2023-10-23 20:26:50.093 +02:00 [Information] Executed ViewResult - view "Search" executed in 103.8465ms.
2023-10-23 20:26:50.095 +02:00 [Information] Executed action "Forum.Controllers.SearchController.Search (Forum)" in 158.0383ms
2023-10-23 20:26:50.095 +02:00 [Information] Executed endpoint '"Forum.Controllers.SearchController.Search (Forum)"'
2023-10-23 20:26:50.107 +02:00 [Information] Request finished HTTP/2 GET https://localhost:7205/Search/Search?search=Liverpool - - - 200 - text/html;+charset=utf-8 229.7926ms
2023-10-23 20:26:50.120 +02:00 [Information] Request starting HTTP/2 GET https://localhost:7205/Search/style.css - -
2023-10-23 20:26:50.123 +02:00 [Information] Request finished HTTP/2 GET https://localhost:7205/Search/style.css - - - 404 0 - 2.6315ms
2023-10-23 20:26:50.124 +02:00 [Information] Request starting HTTP/2 GET https://localhost:7205/_framework/aspnetcore-browser-refresh.js - -
2023-10-23 20:26:50.127 +02:00 [Information] Request finished HTTP/2 GET https://localhost:7205/_framework/aspnetcore-browser-refresh.js - - - 200 12342 application/javascript;+charset=utf-8 2.2263ms
2023-10-23 20:26:50.129 +02:00 [Information] Request starting HTTP/2 GET https://localhost:7205/_vs/browserLink - -
2023-10-23 20:26:50.135 +02:00 [Information] Request finished HTTP/2 GET https://localhost:7205/_vs/browserLink - - - 200 - text/javascript;+charset=UTF-8 6.0603ms
2023-10-23 20:26:59.158 +02:00 [Information] Request starting HTTP/2 GET https://localhost:7205/Search/Search?search= - -
2023-10-23 20:26:59.160 +02:00 [Information] Executing endpoint '"Forum.Controllers.SearchController.Search (Forum)"'
2023-10-23 20:26:59.160 +02:00 [Information] Route matched with "{action = \"Search\", controller = \"Search\", page = \"\", area = \"\"}". Executing controller action with signature "Microsoft.AspNetCore.Mvc.IActionResult Search(System.String)" on controller "Forum.Controllers.SearchController" ("Forum").
2023-10-23 20:26:59.163 +02:00 [Information] Executing ViewResult, running view "Search".
2023-10-23 20:26:59.170 +02:00 [Information] Executed ViewResult - view "Search" executed in 7.4667ms.
2023-10-23 20:26:59.170 +02:00 [Information] Executed action "Forum.Controllers.SearchController.Search (Forum)" in 10.3334ms
2023-10-23 20:26:59.171 +02:00 [Information] Executed endpoint '"Forum.Controllers.SearchController.Search (Forum)"'
2023-10-23 20:26:59.172 +02:00 [Information] Request finished HTTP/2 GET https://localhost:7205/Search/Search?search= - - - 200 - text/html;+charset=utf-8 13.5473ms
2023-10-23 20:26:59.183 +02:00 [Information] Request starting HTTP/2 GET https://localhost:7205/Search/style.css - -
2023-10-23 20:26:59.183 +02:00 [Information] Request finished HTTP/2 GET https://localhost:7205/Search/style.css - - - 404 0 - 0.5814ms
2023-10-23 20:26:59.185 +02:00 [Information] Request starting HTTP/2 GET https://localhost:7205/_framework/aspnetcore-browser-refresh.js - -
2023-10-23 20:26:59.185 +02:00 [Information] Request starting HTTP/2 GET https://localhost:7205/_vs/browserLink - -
2023-10-23 20:26:59.186 +02:00 [Information] Request finished HTTP/2 GET https://localhost:7205/_framework/aspnetcore-browser-refresh.js - - - 200 12342 application/javascript;+charset=utf-8 0.2984ms
2023-10-23 20:26:59.188 +02:00 [Information] Request finished HTTP/2 GET https://localhost:7205/_vs/browserLink - - - 200 - text/javascript;+charset=UTF-8 2.3256ms
