2023-10-30 02:54:15.481 +01:00 [Information] User profile is available. Using '"C:\Users\Johan\AppData\Local\ASP.NET\DataProtection-Keys"' as key repository and Windows DPAPI to encrypt keys at rest.
2023-10-30 02:54:16.100 +01:00 [Information] Now listening on: "https://localhost:7205"
2023-10-30 02:54:16.101 +01:00 [Information] Now listening on: "http://localhost:5112"
2023-10-30 02:54:16.105 +01:00 [Information] Application started. Press Ctrl+C to shut down.
2023-10-30 02:54:16.106 +01:00 [Information] Hosting environment: "Development"
2023-10-30 02:54:16.107 +01:00 [Information] Content root path: "C:\Users\Johan\Source\Repos\N4h0\Forum\MyShop\"
2023-10-30 02:54:16.699 +01:00 [Information] Request starting HTTP/2 GET https://localhost:7205/ - -
2023-10-30 02:54:16.751 +01:00 [Information] Executing endpoint '"Forum.Controllers.HomeController.Index (Forum)"'
2023-10-30 02:54:16.760 +01:00 [Information] Route matched with "{action = \"Index\", controller = \"Home\", page = \"\", area = \"\"}". Executing controller action with signature "System.Threading.Tasks.Task`1[Microsoft.AspNetCore.Mvc.IActionResult] Index()" on controller "Forum.Controllers.HomeController" ("Forum").
2023-10-30 02:54:16.800 +01:00 [Information] Executing ViewResult, running view "Index".
2023-10-30 02:54:16.989 +01:00 [Information] Executed ViewResult - view "Index" executed in 189.8672ms.
2023-10-30 02:54:16.992 +01:00 [Information] Executed action "Forum.Controllers.HomeController.Index (Forum)" in 231.8206ms
2023-10-30 02:54:16.993 +01:00 [Information] Executed endpoint '"Forum.Controllers.HomeController.Index (Forum)"'
2023-10-30 02:54:17.016 +01:00 [Information] Request finished HTTP/2 GET https://localhost:7205/ - - - 200 - text/html;+charset=utf-8 319.1496ms
2023-10-30 02:54:17.053 +01:00 [Information] Request starting HTTP/2 GET https://localhost:7205/_framework/aspnetcore-browser-refresh.js - -
2023-10-30 02:54:17.056 +01:00 [Information] Request finished HTTP/2 GET https://localhost:7205/_framework/aspnetcore-browser-refresh.js - - - 200 12342 application/javascript;+charset=utf-8 3.1563ms
2023-10-30 02:54:17.059 +01:00 [Information] Request starting HTTP/2 GET https://localhost:7205/_vs/browserLink - -
2023-10-30 02:54:17.068 +01:00 [Information] Request finished HTTP/2 GET https://localhost:7205/_vs/browserLink - - - 200 - text/javascript;+charset=UTF-8 9.1432ms
2023-10-30 02:54:18.325 +01:00 [Information] Request starting HTTP/2 GET https://localhost:7205/Post/PostDetails/8 - -
2023-10-30 02:54:18.331 +01:00 [Information] Executing endpoint '"Forum.Controllers.PostController.PostDetails (Forum)"'
2023-10-30 02:54:18.337 +01:00 [Information] Route matched with "{action = \"PostDetails\", controller = \"Post\", page = \"\", area = \"\"}". Executing controller action with signature "System.Threading.Tasks.Task`1[Microsoft.AspNetCore.Mvc.IActionResult] PostDetails(Int32)" on controller "Forum.Controllers.PostController" ("Forum").
2023-10-30 02:54:18.348 +01:00 [Information] Executing ViewResult, running view "PostDetails".
2023-10-30 02:54:18.404 +01:00 [Information] Executed ViewResult - view "PostDetails" executed in 56.6026ms.
2023-10-30 02:54:18.405 +01:00 [Information] Executed action "Forum.Controllers.PostController.PostDetails (Forum)" in 67.0573ms
2023-10-30 02:54:18.405 +01:00 [Information] Executed endpoint '"Forum.Controllers.PostController.PostDetails (Forum)"'
2023-10-30 02:54:18.406 +01:00 [Information] Request finished HTTP/2 GET https://localhost:7205/Post/PostDetails/8 - - - 200 - text/html;+charset=utf-8 80.2470ms
2023-10-30 02:54:18.412 +01:00 [Information] Request starting HTTP/2 GET https://localhost:7205/_framework/aspnetcore-browser-refresh.js - -
2023-10-30 02:54:18.413 +01:00 [Information] Request starting HTTP/2 GET https://localhost:7205/_vs/browserLink - -
2023-10-30 02:54:18.413 +01:00 [Information] Request finished HTTP/2 GET https://localhost:7205/_framework/aspnetcore-browser-refresh.js - - - 200 12342 application/javascript;+charset=utf-8 0.5423ms
2023-10-30 02:54:18.417 +01:00 [Information] Request finished HTTP/2 GET https://localhost:7205/_vs/browserLink - - - 200 - text/javascript;+charset=UTF-8 3.9317ms
2023-10-30 02:54:19.103 +01:00 [Information] Request starting HTTP/2 GET https://localhost:7205/Comment/CreateComment?postId=8 - -
2023-10-30 02:54:19.115 +01:00 [Information] Executing endpoint '"Forum.Controllers.CommentController.CreateComment (Forum)"'
2023-10-30 02:54:19.116 +01:00 [Information] Route matched with "{action = \"CreateComment\", controller = \"Comment\", page = \"\", area = \"\"}". Executing controller action with signature "Microsoft.AspNetCore.Mvc.IActionResult CreateComment(Int32)" on controller "Forum.Controllers.CommentController" ("Forum").
2023-10-30 02:54:19.119 +01:00 [Information] Executing ViewResult, running view "CreateComment".
2023-10-30 02:54:19.140 +01:00 [Information] Executed ViewResult - view "CreateComment" executed in 20.5862ms.
2023-10-30 02:54:19.140 +01:00 [Information] Executed action "Forum.Controllers.CommentController.CreateComment (Forum)" in 23.7777ms
2023-10-30 02:54:19.140 +01:00 [Information] Executed endpoint '"Forum.Controllers.CommentController.CreateComment (Forum)"'
2023-10-30 02:54:19.142 +01:00 [Information] Request finished HTTP/2 GET https://localhost:7205/Comment/CreateComment?postId=8 - - - 200 - text/html;+charset=utf-8 38.8702ms
2023-10-30 02:54:19.149 +01:00 [Information] Request starting HTTP/2 GET https://localhost:7205/_vs/browserLink - -
2023-10-30 02:54:19.149 +01:00 [Information] Request starting HTTP/2 GET https://localhost:7205/_framework/aspnetcore-browser-refresh.js - -
2023-10-30 02:54:19.149 +01:00 [Information] Request finished HTTP/2 GET https://localhost:7205/_framework/aspnetcore-browser-refresh.js - - - 200 12342 application/javascript;+charset=utf-8 0.2877ms
2023-10-30 02:54:19.155 +01:00 [Information] Request finished HTTP/2 GET https://localhost:7205/_vs/browserLink - - - 200 - text/javascript;+charset=UTF-8 6.0322ms
2023-10-30 02:54:21.699 +01:00 [Information] Request starting HTTP/2 POST https://localhost:7205/Comment/CreateComment application/x-www-form-urlencoded 247
2023-10-30 02:54:21.702 +01:00 [Information] Executing endpoint '"Forum.Controllers.CommentController.CreateComment (Forum)"'
2023-10-30 02:54:21.708 +01:00 [Information] Route matched with "{action = \"CreateComment\", controller = \"Comment\", page = \"\", area = \"\"}". Executing controller action with signature "System.Threading.Tasks.Task`1[Microsoft.AspNetCore.Mvc.IActionResult] CreateComment(Forum.Models.Comment)" on controller "Forum.Controllers.CommentController" ("Forum").
2023-10-30 02:54:21.725 +01:00 [Warning] [CommentController] Comment creation failed, ModelState is invalid.
2023-10-30 02:54:21.725 +01:00 [Information] Executing ViewResult, running view "CreateComment".
2023-10-30 02:54:21.730 +01:00 [Information] Executed ViewResult - view "CreateComment" executed in 5.3731ms.
2023-10-30 02:54:21.730 +01:00 [Information] Executed action "Forum.Controllers.CommentController.CreateComment (Forum)" in 22.477ms
2023-10-30 02:54:21.730 +01:00 [Information] Executed endpoint '"Forum.Controllers.CommentController.CreateComment (Forum)"'
2023-10-30 02:54:21.731 +01:00 [Information] Request finished HTTP/2 POST https://localhost:7205/Comment/CreateComment application/x-www-form-urlencoded 247 - 200 - text/html;+charset=utf-8 32.1545ms
2023-10-30 02:54:21.740 +01:00 [Information] Request starting HTTP/2 GET https://localhost:7205/_framework/aspnetcore-browser-refresh.js - -
2023-10-30 02:54:21.740 +01:00 [Information] Request starting HTTP/2 GET https://localhost:7205/_vs/browserLink - -
2023-10-30 02:54:21.740 +01:00 [Information] Request finished HTTP/2 GET https://localhost:7205/_framework/aspnetcore-browser-refresh.js - - - 200 12342 application/javascript;+charset=utf-8 0.3888ms
2023-10-30 02:54:21.745 +01:00 [Information] Request finished HTTP/2 GET https://localhost:7205/_vs/browserLink - - - 200 - text/javascript;+charset=UTF-8 4.7780ms
2023-10-30 02:54:23.221 +01:00 [Information] Request starting HTTP/2 POST https://localhost:7205/Comment/CreateComment application/x-www-form-urlencoded 247
2023-10-30 02:54:23.224 +01:00 [Information] Executing endpoint '"Forum.Controllers.CommentController.CreateComment (Forum)"'
2023-10-30 02:54:23.224 +01:00 [Information] Route matched with "{action = \"CreateComment\", controller = \"Comment\", page = \"\", area = \"\"}". Executing controller action with signature "System.Threading.Tasks.Task`1[Microsoft.AspNetCore.Mvc.IActionResult] CreateComment(Forum.Models.Comment)" on controller "Forum.Controllers.CommentController" ("Forum").
2023-10-30 02:54:23.226 +01:00 [Warning] [CommentController] Comment creation failed, ModelState is invalid.
2023-10-30 02:54:23.226 +01:00 [Information] Executing ViewResult, running view "CreateComment".
2023-10-30 02:54:23.231 +01:00 [Information] Executed ViewResult - view "CreateComment" executed in 5.0325ms.
2023-10-30 02:54:23.231 +01:00 [Information] Executed action "Forum.Controllers.CommentController.CreateComment (Forum)" in 7.0109ms
2023-10-30 02:54:23.231 +01:00 [Information] Executed endpoint '"Forum.Controllers.CommentController.CreateComment (Forum)"'
2023-10-30 02:54:23.232 +01:00 [Information] Request finished HTTP/2 POST https://localhost:7205/Comment/CreateComment application/x-www-form-urlencoded 247 - 200 - text/html;+charset=utf-8 11.6278ms
2023-10-30 02:54:23.239 +01:00 [Information] Request starting HTTP/2 GET https://localhost:7205/_framework/aspnetcore-browser-refresh.js - -
2023-10-30 02:54:23.239 +01:00 [Information] Request starting HTTP/2 GET https://localhost:7205/_vs/browserLink - -
2023-10-30 02:54:23.239 +01:00 [Information] Request finished HTTP/2 GET https://localhost:7205/_framework/aspnetcore-browser-refresh.js - - - 200 12342 application/javascript;+charset=utf-8 0.2029ms
2023-10-30 02:54:23.242 +01:00 [Information] Request finished HTTP/2 GET https://localhost:7205/_vs/browserLink - - - 200 - text/javascript;+charset=UTF-8 2.7017ms
