2023-10-26 03:40:13.508 +02:00 [Information] User profile is available. Using '"C:\Users\Johan\AppData\Local\ASP.NET\DataProtection-Keys"' as key repository and Windows DPAPI to encrypt keys at rest.
2023-10-26 03:40:14.044 +02:00 [Information] Now listening on: "https://localhost:7205"
2023-10-26 03:40:14.045 +02:00 [Information] Now listening on: "http://localhost:5112"
2023-10-26 03:40:14.050 +02:00 [Information] Application started. Press Ctrl+C to shut down.
2023-10-26 03:40:14.051 +02:00 [Information] Hosting environment: "Development"
2023-10-26 03:40:14.052 +02:00 [Information] Content root path: "C:\Users\Johan\Source\Repos\N4h0\Forum\MyShop\"
2023-10-26 03:40:14.416 +02:00 [Information] Request starting HTTP/2 GET https://localhost:7205/ - -
2023-10-26 03:40:14.473 +02:00 [Information] Executing endpoint '"Forum.Controllers.HomeController.Index (Forum)"'
2023-10-26 03:40:14.482 +02:00 [Information] Route matched with "{action = \"Index\", controller = \"Home\", page = \"\", area = \"\"}". Executing controller action with signature "System.Threading.Tasks.Task`1[Microsoft.AspNetCore.Mvc.IActionResult] Index()" on controller "Forum.Controllers.HomeController" ("Forum").
2023-10-26 03:40:14.511 +02:00 [Information] Executing ViewResult, running view "Index".
2023-10-26 03:40:14.650 +02:00 [Information] Executed ViewResult - view "Index" executed in 139.3269ms.
2023-10-26 03:40:14.653 +02:00 [Information] Executed action "Forum.Controllers.HomeController.Index (Forum)" in 170.8222ms
2023-10-26 03:40:14.653 +02:00 [Information] Executed endpoint '"Forum.Controllers.HomeController.Index (Forum)"'
2023-10-26 03:40:14.673 +02:00 [Information] Request starting HTTP/2 GET https://localhost:7205/style.css - -
2023-10-26 03:40:14.676 +02:00 [Information] Request finished HTTP/2 GET https://localhost:7205/ - - - 200 - text/html;+charset=utf-8 262.7923ms
2023-10-26 03:40:14.680 +02:00 [Information] Request finished HTTP/2 GET https://localhost:7205/style.css - - - 404 0 - 6.9293ms
2023-10-26 03:40:14.707 +02:00 [Information] Request starting HTTP/2 GET https://localhost:7205/_framework/aspnetcore-browser-refresh.js - -
2023-10-26 03:40:14.710 +02:00 [Information] Request finished HTTP/2 GET https://localhost:7205/_framework/aspnetcore-browser-refresh.js - - - 200 12342 application/javascript;+charset=utf-8 3.0729ms
2023-10-26 03:40:14.718 +02:00 [Information] Request starting HTTP/2 GET https://localhost:7205/_vs/browserLink - -
2023-10-26 03:40:14.726 +02:00 [Information] Request finished HTTP/2 GET https://localhost:7205/_vs/browserLink - - - 200 - text/javascript;+charset=UTF-8 8.0031ms
2023-10-26 03:40:16.473 +02:00 [Information] Request starting HTTP/2 GET https://localhost:7205/Post/PostDetails/1 - -
2023-10-26 03:40:16.481 +02:00 [Information] Executing endpoint '"Forum.Controllers.PostController.PostDetails (Forum)"'
2023-10-26 03:40:16.488 +02:00 [Information] Route matched with "{action = \"PostDetails\", controller = \"Post\", page = \"\", area = \"\"}". Executing controller action with signature "System.Threading.Tasks.Task`1[Microsoft.AspNetCore.Mvc.IActionResult] PostDetails(Int32)" on controller "Forum.Controllers.PostController" ("Forum").
2023-10-26 03:40:16.497 +02:00 [Information] Executing ViewResult, running view "PostDetails".
2023-10-26 03:40:16.555 +02:00 [Information] Executed ViewResult - view "PostDetails" executed in 57.9965ms.
2023-10-26 03:40:16.555 +02:00 [Information] Executed action "Forum.Controllers.PostController.PostDetails (Forum)" in 67.2165ms
2023-10-26 03:40:16.555 +02:00 [Information] Executed endpoint '"Forum.Controllers.PostController.PostDetails (Forum)"'
2023-10-26 03:40:16.556 +02:00 [Information] Request finished HTTP/2 GET https://localhost:7205/Post/PostDetails/1 - - - 200 - text/html;+charset=utf-8 83.0805ms
2023-10-26 03:40:16.564 +02:00 [Information] Request starting HTTP/2 GET https://localhost:7205/_framework/aspnetcore-browser-refresh.js - -
2023-10-26 03:40:16.564 +02:00 [Information] Request starting HTTP/2 GET https://localhost:7205/Post/PostDetails/style.css - -
2023-10-26 03:40:16.564 +02:00 [Information] Request starting HTTP/2 GET https://localhost:7205/_vs/browserLink - -
2023-10-26 03:40:16.564 +02:00 [Information] Request finished HTTP/2 GET https://localhost:7205/_framework/aspnetcore-browser-refresh.js - - - 200 12342 application/javascript;+charset=utf-8 0.4997ms
2023-10-26 03:40:16.568 +02:00 [Information] Request finished HTTP/2 GET https://localhost:7205/_vs/browserLink - - - 200 - text/javascript;+charset=UTF-8 3.8633ms
2023-10-26 03:40:16.569 +02:00 [Information] Executing endpoint '"Forum.Controllers.PostController.PostDetails (Forum)"'
2023-10-26 03:40:16.569 +02:00 [Information] Route matched with "{action = \"PostDetails\", controller = \"Post\", page = \"\", area = \"\"}". Executing controller action with signature "System.Threading.Tasks.Task`1[Microsoft.AspNetCore.Mvc.IActionResult] PostDetails(Int32)" on controller "Forum.Controllers.PostController" ("Forum").
2023-10-26 03:40:16.579 +02:00 [Error] [PostController] post not found for the TopicId 0000
2023-10-26 03:40:16.584 +02:00 [Information] Executing "NotFoundObjectResult", writing value of type '"System.String"'.
2023-10-26 03:40:16.585 +02:00 [Information] Executed action "Forum.Controllers.PostController.PostDetails (Forum)" in 15.6766ms
2023-10-26 03:40:16.585 +02:00 [Information] Executed endpoint '"Forum.Controllers.PostController.PostDetails (Forum)"'
2023-10-26 03:40:16.585 +02:00 [Information] Request finished HTTP/2 GET https://localhost:7205/Post/PostDetails/style.css - - - 404 - text/plain;+charset=utf-8 21.3434ms
2023-10-26 03:40:42.086 +02:00 [Information] Request starting HTTP/2 GET https://localhost:7205/ - -
2023-10-26 03:40:42.094 +02:00 [Information] Executing endpoint '"Forum.Controllers.HomeController.Index (Forum)"'
2023-10-26 03:40:42.094 +02:00 [Information] Route matched with "{action = \"Index\", controller = \"Home\", page = \"\", area = \"\"}". Executing controller action with signature "System.Threading.Tasks.Task`1[Microsoft.AspNetCore.Mvc.IActionResult] Index()" on controller "Forum.Controllers.HomeController" ("Forum").
2023-10-26 03:40:42.095 +02:00 [Information] Executing ViewResult, running view "Index".
2023-10-26 03:40:42.102 +02:00 [Information] Executed ViewResult - view "Index" executed in 6.4051ms.
2023-10-26 03:40:42.102 +02:00 [Information] Executed action "Forum.Controllers.HomeController.Index (Forum)" in 7.6561ms
2023-10-26 03:40:42.102 +02:00 [Information] Executed endpoint '"Forum.Controllers.HomeController.Index (Forum)"'
2023-10-26 03:40:42.105 +02:00 [Information] Request finished HTTP/2 GET https://localhost:7205/ - - - 200 - text/html;+charset=utf-8 18.1012ms
2023-10-26 03:40:42.109 +02:00 [Information] Request starting HTTP/2 GET https://localhost:7205/style.css - -
2023-10-26 03:40:42.110 +02:00 [Information] Request starting HTTP/2 GET https://localhost:7205/_framework/aspnetcore-browser-refresh.js - -
2023-10-26 03:40:42.110 +02:00 [Information] Request starting HTTP/2 GET https://localhost:7205/_vs/browserLink - -
2023-10-26 03:40:42.110 +02:00 [Information] Request finished HTTP/2 GET https://localhost:7205/_framework/aspnetcore-browser-refresh.js - - - 200 12342 application/javascript;+charset=utf-8 0.2407ms
2023-10-26 03:40:42.112 +02:00 [Information] Request finished HTTP/2 GET https://localhost:7205/style.css - - - 404 0 - 2.5579ms
2023-10-26 03:40:42.113 +02:00 [Information] Request finished HTTP/2 GET https://localhost:7205/_vs/browserLink - - - 200 - text/javascript;+charset=UTF-8 3.0638ms
2023-10-26 03:40:56.957 +02:00 [Information] Request starting HTTP/2 GET https://localhost:7205/Post/PostDetails - -
2023-10-26 03:40:56.959 +02:00 [Information] Executing endpoint '"Forum.Controllers.PostController.PostDetails (Forum)"'
2023-10-26 03:40:56.959 +02:00 [Information] Route matched with "{action = \"PostDetails\", controller = \"Post\", page = \"\", area = \"\"}". Executing controller action with signature "System.Threading.Tasks.Task`1[Microsoft.AspNetCore.Mvc.IActionResult] PostDetails(Int32)" on controller "Forum.Controllers.PostController" ("Forum").
2023-10-26 03:40:56.962 +02:00 [Error] [PostController] post not found for the TopicId 0000
2023-10-26 03:40:56.963 +02:00 [Information] Executing "NotFoundObjectResult", writing value of type '"System.String"'.
2023-10-26 03:40:56.965 +02:00 [Information] Executed action "Forum.Controllers.PostController.PostDetails (Forum)" in 5.57ms
2023-10-26 03:40:56.965 +02:00 [Information] Executed endpoint '"Forum.Controllers.PostController.PostDetails (Forum)"'
2023-10-26 03:40:56.965 +02:00 [Information] Request finished HTTP/2 GET https://localhost:7205/Post/PostDetails - - - 404 - text/plain;+charset=utf-8 8.2314ms
2023-10-26 03:40:59.087 +02:00 [Information] Request starting HTTP/2 GET https://localhost:7205/ - -
2023-10-26 03:40:59.090 +02:00 [Information] Executing endpoint '"Forum.Controllers.HomeController.Index (Forum)"'
2023-10-26 03:40:59.090 +02:00 [Information] Route matched with "{action = \"Index\", controller = \"Home\", page = \"\", area = \"\"}". Executing controller action with signature "System.Threading.Tasks.Task`1[Microsoft.AspNetCore.Mvc.IActionResult] Index()" on controller "Forum.Controllers.HomeController" ("Forum").
2023-10-26 03:40:59.091 +02:00 [Information] Executing ViewResult, running view "Index".
2023-10-26 03:40:59.098 +02:00 [Information] Executed ViewResult - view "Index" executed in 6.7655ms.
2023-10-26 03:40:59.098 +02:00 [Information] Executed action "Forum.Controllers.HomeController.Index (Forum)" in 8.1576ms
2023-10-26 03:40:59.098 +02:00 [Information] Executed endpoint '"Forum.Controllers.HomeController.Index (Forum)"'
2023-10-26 03:40:59.101 +02:00 [Information] Request finished HTTP/2 GET https://localhost:7205/ - - - 200 - text/html;+charset=utf-8 13.9217ms
2023-10-26 03:40:59.118 +02:00 [Information] Request starting HTTP/2 GET https://localhost:7205/_framework/aspnetcore-browser-refresh.js - -
2023-10-26 03:40:59.118 +02:00 [Information] Request finished HTTP/2 GET https://localhost:7205/_framework/aspnetcore-browser-refresh.js - - - 200 12342 application/javascript;+charset=utf-8 0.1838ms
2023-10-26 03:41:12.140 +02:00 [Information] Request starting HTTP/2 GET https://localhost:7205/Post/PostDetails/1 - -
2023-10-26 03:41:12.142 +02:00 [Information] Executing endpoint '"Forum.Controllers.PostController.PostDetails (Forum)"'
2023-10-26 03:41:12.142 +02:00 [Information] Route matched with "{action = \"PostDetails\", controller = \"Post\", page = \"\", area = \"\"}". Executing controller action with signature "System.Threading.Tasks.Task`1[Microsoft.AspNetCore.Mvc.IActionResult] PostDetails(Int32)" on controller "Forum.Controllers.PostController" ("Forum").
2023-10-26 03:41:12.144 +02:00 [Information] Executing ViewResult, running view "PostDetails".
2023-10-26 03:41:12.155 +02:00 [Information] Executed ViewResult - view "PostDetails" executed in 11.0516ms.
2023-10-26 03:41:12.155 +02:00 [Information] Executed action "Forum.Controllers.PostController.PostDetails (Forum)" in 12.7733ms
2023-10-26 03:41:12.155 +02:00 [Information] Executed endpoint '"Forum.Controllers.PostController.PostDetails (Forum)"'
2023-10-26 03:41:12.156 +02:00 [Information] Request finished HTTP/2 GET https://localhost:7205/Post/PostDetails/1 - - - 200 - text/html;+charset=utf-8 16.6344ms
2023-10-26 03:41:12.163 +02:00 [Information] Request starting HTTP/2 GET https://localhost:7205/Post/PostDetails/style.css - -
2023-10-26 03:41:12.163 +02:00 [Information] Request starting HTTP/2 GET https://localhost:7205/_framework/aspnetcore-browser-refresh.js - -
2023-10-26 03:41:12.163 +02:00 [Information] Request starting HTTP/2 GET https://localhost:7205/_vs/browserLink - -
2023-10-26 03:41:12.163 +02:00 [Information] Request finished HTTP/2 GET https://localhost:7205/_framework/aspnetcore-browser-refresh.js - - - 200 12342 application/javascript;+charset=utf-8 0.3019ms
2023-10-26 03:41:12.169 +02:00 [Information] Executing endpoint '"Forum.Controllers.PostController.PostDetails (Forum)"'
2023-10-26 03:41:12.169 +02:00 [Information] Route matched with "{action = \"PostDetails\", controller = \"Post\", page = \"\", area = \"\"}". Executing controller action with signature "System.Threading.Tasks.Task`1[Microsoft.AspNetCore.Mvc.IActionResult] PostDetails(Int32)" on controller "Forum.Controllers.PostController" ("Forum").
2023-10-26 03:41:12.173 +02:00 [Error] [PostController] post not found for the TopicId 0000
2023-10-26 03:41:12.173 +02:00 [Information] Executing "NotFoundObjectResult", writing value of type '"System.String"'.
2023-10-26 03:41:12.173 +02:00 [Information] Executed action "Forum.Controllers.PostController.PostDetails (Forum)" in 3.82ms
2023-10-26 03:41:12.173 +02:00 [Information] Executed endpoint '"Forum.Controllers.PostController.PostDetails (Forum)"'
2023-10-26 03:41:12.173 +02:00 [Information] Request finished HTTP/2 GET https://localhost:7205/_vs/browserLink - - - 200 - text/javascript;+charset=UTF-8 9.6158ms
2023-10-26 03:41:12.173 +02:00 [Information] Request finished HTTP/2 GET https://localhost:7205/Post/PostDetails/style.css - - - 404 - text/plain;+charset=utf-8 9.8855ms
2023-10-26 03:41:15.495 +02:00 [Information] Request starting HTTP/2 GET https://localhost:7205/Topic/TopicDetails/1 - -
2023-10-26 03:41:15.498 +02:00 [Information] Executing endpoint '"Forum.Controllers.TopicController.TopicDetails (Forum)"'
2023-10-26 03:41:15.499 +02:00 [Information] Route matched with "{action = \"TopicDetails\", controller = \"Topic\", page = \"\", area = \"\"}". Executing controller action with signature "System.Threading.Tasks.Task`1[Microsoft.AspNetCore.Mvc.IActionResult] TopicDetails(Int32)" on controller "Forum.Controllers.TopicController" ("Forum").
2023-10-26 03:41:15.504 +02:00 [Information] Executing ViewResult, running view "TopicDetails".
2023-10-26 03:41:15.522 +02:00 [Information] Executed ViewResult - view "TopicDetails" executed in 18.7214ms.
2023-10-26 03:41:15.522 +02:00 [Information] Executed action "Forum.Controllers.TopicController.TopicDetails (Forum)" in 22.9129ms
2023-10-26 03:41:15.522 +02:00 [Information] Executed endpoint '"Forum.Controllers.TopicController.TopicDetails (Forum)"'
2023-10-26 03:41:15.523 +02:00 [Information] Request finished HTTP/2 GET https://localhost:7205/Topic/TopicDetails/1 - - - 200 - text/html;+charset=utf-8 28.8319ms
2023-10-26 03:41:15.529 +02:00 [Information] Request starting HTTP/2 GET https://localhost:7205/Topic/TopicDetails/style.css - -
2023-10-26 03:41:15.529 +02:00 [Information] Request starting HTTP/2 GET https://localhost:7205/_framework/aspnetcore-browser-refresh.js - -
2023-10-26 03:41:15.529 +02:00 [Information] Request starting HTTP/2 GET https://localhost:7205/_vs/browserLink - -
2023-10-26 03:41:15.530 +02:00 [Information] Request finished HTTP/2 GET https://localhost:7205/_framework/aspnetcore-browser-refresh.js - - - 200 12342 application/javascript;+charset=utf-8 0.2988ms
2023-10-26 03:41:15.532 +02:00 [Information] Request finished HTTP/2 GET https://localhost:7205/_vs/browserLink - - - 200 - text/javascript;+charset=UTF-8 2.4887ms
2023-10-26 03:41:15.533 +02:00 [Information] Executing endpoint '"Forum.Controllers.TopicController.TopicDetails (Forum)"'
2023-10-26 03:41:15.534 +02:00 [Information] Route matched with "{action = \"TopicDetails\", controller = \"Topic\", page = \"\", area = \"\"}". Executing controller action with signature "System.Threading.Tasks.Task`1[Microsoft.AspNetCore.Mvc.IActionResult] TopicDetails(Int32)" on controller "Forum.Controllers.TopicController" ("Forum").
2023-10-26 03:41:15.537 +02:00 [Error] [TopicController] Topic not found for the TopicId 0000
2023-10-26 03:41:15.537 +02:00 [Information] Executing "NotFoundObjectResult", writing value of type '"System.String"'.
2023-10-26 03:41:15.537 +02:00 [Information] Executed action "Forum.Controllers.TopicController.TopicDetails (Forum)" in 3.4825ms
2023-10-26 03:41:15.537 +02:00 [Information] Executed endpoint '"Forum.Controllers.TopicController.TopicDetails (Forum)"'
2023-10-26 03:41:15.537 +02:00 [Information] Request finished HTTP/2 GET https://localhost:7205/Topic/TopicDetails/style.css - - - 404 - text/plain;+charset=utf-8 7.9999ms
