2023-10-24 12:15:40.958 +02:00 [Information] User profile is available. Using '"C:\Users\abdik\AppData\Local\ASP.NET\DataProtection-Keys"' as key repository and Windows DPAPI to encrypt keys at rest.
2023-10-24 12:15:41.353 +02:00 [Information] Now listening on: "https://localhost:7205"
2023-10-24 12:15:41.353 +02:00 [Information] Now listening on: "http://localhost:5112"
2023-10-24 12:15:41.356 +02:00 [Information] Application started. Press Ctrl+C to shut down.
2023-10-24 12:15:41.356 +02:00 [Information] Hosting environment: "Development"
2023-10-24 12:15:41.356 +02:00 [Information] Content root path: "C:\Users\abdik\Source\Repos\Forum\MyShop\"
2023-10-24 12:15:41.901 +02:00 [Information] Request starting HTTP/2 GET https://localhost:7205/ - -
2023-10-24 12:15:41.937 +02:00 [Information] Executing endpoint '"Forum.Controllers.HomeController.Index (Forum)"'
2023-10-24 12:15:41.945 +02:00 [Information] Route matched with "{action = \"Index\", controller = \"Home\", page = \"\", area = \"\"}". Executing controller action with signature "Microsoft.AspNetCore.Mvc.IActionResult Index()" on controller "Forum.Controllers.HomeController" ("Forum").
2023-10-24 12:15:41.949 +02:00 [Information] Executing ViewResult, running view "Index".
2023-10-24 12:15:42.051 +02:00 [Information] Executed ViewResult - view "Index" executed in 101.3021ms.
2023-10-24 12:15:42.053 +02:00 [Information] Executed action "Forum.Controllers.HomeController.Index (Forum)" in 108.036ms
2023-10-24 12:15:42.053 +02:00 [Information] Executed endpoint '"Forum.Controllers.HomeController.Index (Forum)"'
2023-10-24 12:15:42.067 +02:00 [Information] Request finished HTTP/2 GET https://localhost:7205/ - - - 200 - text/html;+charset=utf-8 167.7791ms
2023-10-24 12:15:42.072 +02:00 [Information] Request starting HTTP/2 GET https://localhost:7205/images/fotball.jpg - -
2023-10-24 12:15:42.072 +02:00 [Information] Request starting HTTP/2 GET https://localhost:7205/lib/bootstrap/css/crtstyle.css - -
2023-10-24 12:15:42.072 +02:00 [Information] Request starting HTTP/2 GET https://localhost:7205/style.css - -
2023-10-24 12:15:42.075 +02:00 [Information] Request finished HTTP/2 GET https://localhost:7205/style.css - - - 404 0 - 2.3863ms
2023-10-24 12:15:42.081 +02:00 [Information] The file "/images/fotball.jpg" was not modified
2023-10-24 12:15:42.081 +02:00 [Information] The file "/lib/bootstrap/css/crtstyle.css" was not modified
2023-10-24 12:15:42.082 +02:00 [Information] Request finished HTTP/2 GET https://localhost:7205/lib/bootstrap/css/crtstyle.css - - - 304 - text/css 9.5121ms
2023-10-24 12:15:42.082 +02:00 [Information] Request finished HTTP/2 GET https://localhost:7205/images/fotball.jpg - - - 304 - image/jpeg 9.5021ms
2023-10-24 12:15:42.110 +02:00 [Information] Request starting HTTP/2 GET https://localhost:7205/images/vacation.jpg - -
2023-10-24 12:15:42.110 +02:00 [Information] Request starting HTTP/2 GET https://localhost:7205/_framework/aspnetcore-browser-refresh.js - -
2023-10-24 12:15:42.112 +02:00 [Information] The file "/images/vacation.jpg" was not modified
2023-10-24 12:15:42.112 +02:00 [Information] Request finished HTTP/2 GET https://localhost:7205/images/vacation.jpg - - - 304 - image/jpeg 1.7792ms
2023-10-24 12:15:42.112 +02:00 [Information] Request finished HTTP/2 GET https://localhost:7205/_framework/aspnetcore-browser-refresh.js - - - 200 12342 application/javascript;+charset=utf-8 2.0113ms
2023-10-24 12:15:42.126 +02:00 [Information] Request starting HTTP/2 GET https://localhost:7205/_vs/browserLink - -
2023-10-24 12:15:42.133 +02:00 [Information] Request finished HTTP/2 GET https://localhost:7205/_vs/browserLink - - - 200 - text/javascript;+charset=UTF-8 6.8917ms
