2023-10-26 03:19:35.794 +02:00 [Information] User profile is available. Using '"C:\Users\Johan\AppData\Local\ASP.NET\DataProtection-Keys"' as key repository and Windows DPAPI to encrypt keys at rest.
2023-10-26 03:19:36.325 +02:00 [Information] Now listening on: "https://localhost:7205"
2023-10-26 03:19:36.326 +02:00 [Information] Now listening on: "http://localhost:5112"
2023-10-26 03:19:36.330 +02:00 [Information] Application started. Press Ctrl+C to shut down.
2023-10-26 03:19:36.332 +02:00 [Information] Hosting environment: "Development"
2023-10-26 03:19:36.332 +02:00 [Information] Content root path: "C:\Users\Johan\Source\Repos\N4h0\Forum\MyShop\"
2023-10-26 03:19:36.689 +02:00 [Information] Request starting HTTP/2 GET https://localhost:7205/ - -
2023-10-26 03:19:36.733 +02:00 [Information] Executing endpoint '"Forum.Controllers.HomeController.Index (Forum)"'
2023-10-26 03:19:36.742 +02:00 [Information] Route matched with "{action = \"Index\", controller = \"Home\", page = \"\", area = \"\"}". Executing controller action with signature "System.Threading.Tasks.Task`1[Microsoft.AspNetCore.Mvc.IActionResult] Index()" on controller "Forum.Controllers.HomeController" ("Forum").
2023-10-26 03:19:36.770 +02:00 [Information] Executing ViewResult, running view "Index".
2023-10-26 03:19:36.910 +02:00 [Information] Executed ViewResult - view "Index" executed in 139.721ms.
2023-10-26 03:19:36.913 +02:00 [Information] Executed action "Forum.Controllers.HomeController.Index (Forum)" in 170.7331ms
2023-10-26 03:19:36.913 +02:00 [Information] Executed endpoint '"Forum.Controllers.HomeController.Index (Forum)"'
2023-10-26 03:19:36.934 +02:00 [Information] Request starting HTTP/2 GET https://localhost:7205/lib/jquery/jquery.js - -
2023-10-26 03:19:36.934 +02:00 [Information] Request starting HTTP/2 GET https://localhost:7205/style.css - -
2023-10-26 03:19:36.934 +02:00 [Information] Request starting HTTP/2 GET https://localhost:7205/images/formula1.jpg - -
2023-10-26 03:19:36.934 +02:00 [Information] Request starting HTTP/2 GET https://localhost:7205/images/fotball.jpg - -
2023-10-26 03:19:36.934 +02:00 [Information] Request starting HTTP/2 GET https://localhost:7205/css/style.css?v=WdTnk-tLUSm3ZW2x6qLfHkgxmfnYuYrUv0OKJTfJWOw - -
2023-10-26 03:19:36.934 +02:00 [Information] Request starting HTTP/2 GET https://localhost:7205/lib/bootstrap/js/bootstrap.js - -
2023-10-26 03:19:36.934 +02:00 [Information] Request starting HTTP/2 GET https://localhost:7205/lib/bootstrap/css/crtstyle.css - -
2023-10-26 03:19:36.937 +02:00 [Information] Request finished HTTP/2 GET https://localhost:7205/ - - - 200 - text/html;+charset=utf-8 250.0761ms
2023-10-26 03:19:36.937 +02:00 [Information] Request finished HTTP/2 GET https://localhost:7205/style.css - - - 404 0 - 3.0703ms
2023-10-26 03:19:36.942 +02:00 [Information] The file "/css/style.css" was not modified
2023-10-26 03:19:36.942 +02:00 [Information] The file "/lib/jquery/jquery.js" was not modified
2023-10-26 03:19:36.942 +02:00 [Information] The file "/lib/bootstrap/js/bootstrap.js" was not modified
2023-10-26 03:19:36.942 +02:00 [Information] The file "/lib/bootstrap/css/crtstyle.css" was not modified
2023-10-26 03:19:36.942 +02:00 [Information] The file "/images/fotball.jpg" was not modified
2023-10-26 03:19:36.942 +02:00 [Information] The file "/images/formula1.jpg" was not modified
2023-10-26 03:19:36.942 +02:00 [Information] Request finished HTTP/2 GET https://localhost:7205/css/style.css?v=WdTnk-tLUSm3ZW2x6qLfHkgxmfnYuYrUv0OKJTfJWOw - - - 304 - text/css 7.9099ms
2023-10-26 03:19:36.942 +02:00 [Information] Request finished HTTP/2 GET https://localhost:7205/lib/jquery/jquery.js - - - 304 - application/javascript 7.9340ms
2023-10-26 03:19:36.942 +02:00 [Information] Request finished HTTP/2 GET https://localhost:7205/lib/bootstrap/js/bootstrap.js - - - 304 - application/javascript 7.9469ms
2023-10-26 03:19:36.942 +02:00 [Information] Request finished HTTP/2 GET https://localhost:7205/lib/bootstrap/css/crtstyle.css - - - 304 - text/css 7.9688ms
2023-10-26 03:19:36.942 +02:00 [Information] Request finished HTTP/2 GET https://localhost:7205/images/fotball.jpg - - - 304 - image/jpeg 7.8804ms
2023-10-26 03:19:36.942 +02:00 [Information] Request finished HTTP/2 GET https://localhost:7205/images/formula1.jpg - - - 304 - image/jpeg 7.8906ms
2023-10-26 03:19:36.964 +02:00 [Information] Request starting HTTP/2 GET https://localhost:7205/images/vacation.jpg - -
2023-10-26 03:19:36.964 +02:00 [Information] Request starting HTTP/2 GET https://localhost:7205/images/mosque.jpg - -
2023-10-26 03:19:36.965 +02:00 [Information] The file "/images/vacation.jpg" was not modified
2023-10-26 03:19:36.965 +02:00 [Information] The file "/images/mosque.jpg" was not modified
2023-10-26 03:19:36.965 +02:00 [Information] Request finished HTTP/2 GET https://localhost:7205/images/vacation.jpg - - - 304 - image/jpeg 0.9817ms
2023-10-26 03:19:36.965 +02:00 [Information] Request finished HTTP/2 GET https://localhost:7205/images/mosque.jpg - - - 304 - image/jpeg 0.8854ms
2023-10-26 03:19:36.969 +02:00 [Information] Request starting HTTP/2 GET https://localhost:7205/images/cyberS.jpg - -
2023-10-26 03:19:36.969 +02:00 [Information] The file "/images/cyberS.jpg" was not modified
2023-10-26 03:19:36.969 +02:00 [Information] Request finished HTTP/2 GET https://localhost:7205/images/cyberS.jpg - - - 304 - image/jpeg 0.2382ms
2023-10-26 03:19:36.970 +02:00 [Information] Request starting HTTP/2 GET https://localhost:7205/_framework/aspnetcore-browser-refresh.js - -
2023-10-26 03:19:36.973 +02:00 [Information] Request finished HTTP/2 GET https://localhost:7205/_framework/aspnetcore-browser-refresh.js - - - 200 12342 application/javascript;+charset=utf-8 3.0436ms
2023-10-26 03:19:36.981 +02:00 [Information] Request starting HTTP/2 GET https://localhost:7205/_vs/browserLink - -
2023-10-26 03:19:36.981 +02:00 [Information] Request starting HTTP/2 GET https://localhost:7205/images/skiEquipments.jpg - -
2023-10-26 03:19:36.981 +02:00 [Information] The file "/images/skiEquipments.jpg" was not modified
2023-10-26 03:19:36.982 +02:00 [Information] Request finished HTTP/2 GET https://localhost:7205/images/skiEquipments.jpg - - - 304 - image/jpeg 0.4433ms
2023-10-26 03:19:36.989 +02:00 [Information] Request finished HTTP/2 GET https://localhost:7205/_vs/browserLink - - - 200 - text/javascript;+charset=UTF-8 7.9333ms
2023-10-26 03:19:38.730 +02:00 [Information] Request starting HTTP/2 GET https://localhost:7205/Identity/Account/Login - -
2023-10-26 03:19:38.732 +02:00 [Information] Executing endpoint '"/Account/Login"'
2023-10-26 03:19:38.744 +02:00 [Information] Route matched with "{page = \"/Account/Login\", area = \"Identity\", action = \"\", controller = \"\"}". Executing page "/Account/Login"
2023-10-26 03:19:38.761 +02:00 [Information] Executing handler method "Forum.Areas.Identity.Pages.Account.LoginModel.OnGetAsync" - ModelState is Valid
2023-10-26 03:19:38.765 +02:00 [Information] AuthenticationScheme: "Identity.External" signed out.
2023-10-26 03:19:38.766 +02:00 [Information] Executed handler method "OnGetAsync", returned result "".
2023-10-26 03:19:38.768 +02:00 [Information] Executing an implicit handler method - ModelState is Valid
2023-10-26 03:19:38.768 +02:00 [Information] Executed an implicit handler method, returned result "Microsoft.AspNetCore.Mvc.RazorPages.PageResult".
2023-10-26 03:19:38.798 +02:00 [Information] Executed page "/Account/Login" in 53.8712ms
2023-10-26 03:19:38.798 +02:00 [Information] Executed endpoint '"/Account/Login"'
2023-10-26 03:19:38.799 +02:00 [Information] Request finished HTTP/2 GET https://localhost:7205/Identity/Account/Login - - - 200 - text/html;+charset=utf-8 68.9089ms
2023-10-26 03:19:38.807 +02:00 [Information] Request starting HTTP/2 GET https://localhost:7205/_framework/aspnetcore-browser-refresh.js - -
2023-10-26 03:19:38.807 +02:00 [Information] Request starting HTTP/2 GET https://localhost:7205/Identity/Account/style.css - -
2023-10-26 03:19:38.807 +02:00 [Information] Request finished HTTP/2 GET https://localhost:7205/_framework/aspnetcore-browser-refresh.js - - - 200 12342 application/javascript;+charset=utf-8 0.3002ms
2023-10-26 03:19:38.810 +02:00 [Information] Request finished HTTP/2 GET https://localhost:7205/Identity/Account/style.css - - - 404 0 - 2.5444ms
2023-10-26 03:19:38.818 +02:00 [Information] Request starting HTTP/2 GET https://localhost:7205/_vs/browserLink - -
2023-10-26 03:19:38.822 +02:00 [Information] Request finished HTTP/2 GET https://localhost:7205/_vs/browserLink - - - 200 - text/javascript;+charset=UTF-8 3.5671ms
2023-10-26 03:19:40.225 +02:00 [Information] Request starting HTTP/2 POST https://localhost:7205/Identity/Account/Login application/x-www-form-urlencoded 321
2023-10-26 03:19:40.226 +02:00 [Information] Executing endpoint '"/Account/Login"'
2023-10-26 03:19:40.226 +02:00 [Information] Route matched with "{page = \"/Account/Login\", area = \"Identity\", action = \"\", controller = \"\"}". Executing page "/Account/Login"
2023-10-26 03:19:40.240 +02:00 [Information] Executing handler method "Forum.Areas.Identity.Pages.Account.LoginModel.OnPostAsync" - ModelState is Valid
2023-10-26 03:19:40.242 +02:00 [Information] Executed handler method "OnPostAsync", returned result "Microsoft.AspNetCore.Mvc.RazorPages.PageResult".
2023-10-26 03:19:40.249 +02:00 [Information] Executed page "/Account/Login" in 23.2028ms
2023-10-26 03:19:40.249 +02:00 [Information] Executed endpoint '"/Account/Login"'
2023-10-26 03:19:40.250 +02:00 [Information] Request finished HTTP/2 POST https://localhost:7205/Identity/Account/Login application/x-www-form-urlencoded 321 - 200 - text/html;+charset=utf-8 25.2198ms
2023-10-26 03:19:40.259 +02:00 [Information] Request starting HTTP/2 GET https://localhost:7205/_framework/aspnetcore-browser-refresh.js - -
2023-10-26 03:19:40.259 +02:00 [Information] Request starting HTTP/2 GET https://localhost:7205/Identity/Account/style.css - -
2023-10-26 03:19:40.259 +02:00 [Information] Request finished HTTP/2 GET https://localhost:7205/_framework/aspnetcore-browser-refresh.js - - - 200 12342 application/javascript;+charset=utf-8 0.1958ms
2023-10-26 03:19:40.259 +02:00 [Information] Request starting HTTP/2 GET https://localhost:7205/_vs/browserLink - -
2023-10-26 03:19:40.259 +02:00 [Information] Request finished HTTP/2 GET https://localhost:7205/Identity/Account/style.css - - - 404 0 - 0.8139ms
2023-10-26 03:19:40.262 +02:00 [Information] Request finished HTTP/2 GET https://localhost:7205/_vs/browserLink - - - 200 - text/javascript;+charset=UTF-8 2.5890ms
2023-10-26 03:20:42.583 +02:00 [Information] Request starting HTTP/2 GET https://localhost:7205/Identity/Account/Login - -
2023-10-26 03:20:42.584 +02:00 [Information] Executing endpoint '"/Account/Login"'
2023-10-26 03:20:42.585 +02:00 [Information] Route matched with "{page = \"/Account/Login\", area = \"Identity\", action = \"\", controller = \"\"}". Executing page "/Account/Login"
2023-10-26 03:20:42.587 +02:00 [Information] Executing handler method "Forum.Areas.Identity.Pages.Account.LoginModel.OnGetAsync" - ModelState is Valid
2023-10-26 03:20:42.587 +02:00 [Information] AuthenticationScheme: "Identity.External" signed out.
2023-10-26 03:20:42.587 +02:00 [Information] Executed handler method "OnGetAsync", returned result "".
2023-10-26 03:20:42.587 +02:00 [Information] Executing an implicit handler method - ModelState is Valid
2023-10-26 03:20:42.587 +02:00 [Information] Executed an implicit handler method, returned result "Microsoft.AspNetCore.Mvc.RazorPages.PageResult".
2023-10-26 03:20:42.592 +02:00 [Information] Executed page "/Account/Login" in 7.9405ms
2023-10-26 03:20:42.593 +02:00 [Information] Executed endpoint '"/Account/Login"'
2023-10-26 03:20:42.595 +02:00 [Information] Request finished HTTP/2 GET https://localhost:7205/Identity/Account/Login - - - 200 - text/html;+charset=utf-8 11.8604ms
2023-10-26 03:20:42.604 +02:00 [Information] Request starting HTTP/2 GET https://localhost:7205/Identity/Account/style.css - -
2023-10-26 03:20:42.604 +02:00 [Information] Request finished HTTP/2 GET https://localhost:7205/Identity/Account/style.css - - - 404 0 - 0.4368ms
2023-10-26 03:20:42.606 +02:00 [Information] Request starting HTTP/2 GET https://localhost:7205/_vs/browserLink - -
2023-10-26 03:20:42.607 +02:00 [Information] Request starting HTTP/2 GET https://localhost:7205/_framework/aspnetcore-browser-refresh.js - -
2023-10-26 03:20:42.607 +02:00 [Information] Request finished HTTP/2 GET https://localhost:7205/_framework/aspnetcore-browser-refresh.js - - - 200 12342 application/javascript;+charset=utf-8 0.4131ms
2023-10-26 03:20:42.608 +02:00 [Information] Request finished HTTP/2 GET https://localhost:7205/_vs/browserLink - - - 200 - text/javascript;+charset=UTF-8 2.6166ms
2023-10-26 03:20:43.617 +02:00 [Information] Request starting HTTP/2 GET https://localhost:7205/Identity/Account/Register - -
2023-10-26 03:20:43.618 +02:00 [Information] Executing endpoint '"/Account/Register"'
2023-10-26 03:20:43.621 +02:00 [Information] Route matched with "{page = \"/Account/Register\", area = \"Identity\", action = \"\", controller = \"\"}". Executing page "/Account/Register"
2023-10-26 03:20:43.623 +02:00 [Information] Executing handler method "Forum.Areas.Identity.Pages.Account.RegisterModel.OnGetAsync" - ModelState is Valid
2023-10-26 03:20:43.624 +02:00 [Information] Executed handler method "OnGetAsync", returned result "".
2023-10-26 03:20:43.624 +02:00 [Information] Executing an implicit handler method - ModelState is Valid
2023-10-26 03:20:43.624 +02:00 [Information] Executed an implicit handler method, returned result "Microsoft.AspNetCore.Mvc.RazorPages.PageResult".
2023-10-26 03:20:43.638 +02:00 [Information] Executed page "/Account/Register" in 16.1955ms
2023-10-26 03:20:43.638 +02:00 [Information] Executed endpoint '"/Account/Register"'
2023-10-26 03:20:43.639 +02:00 [Information] Request finished HTTP/2 GET https://localhost:7205/Identity/Account/Register - - - 200 - text/html;+charset=utf-8 21.5085ms
2023-10-26 03:20:43.647 +02:00 [Information] Request starting HTTP/2 GET https://localhost:7205/Identity/Account/style.css - -
2023-10-26 03:20:43.647 +02:00 [Information] Request finished HTTP/2 GET https://localhost:7205/Identity/Account/style.css - - - 404 0 - 0.6753ms
2023-10-26 03:20:43.648 +02:00 [Information] Request starting HTTP/2 GET https://localhost:7205/_vs/browserLink - -
2023-10-26 03:20:43.649 +02:00 [Information] Request starting HTTP/2 GET https://localhost:7205/_framework/aspnetcore-browser-refresh.js - -
2023-10-26 03:20:43.649 +02:00 [Information] Request finished HTTP/2 GET https://localhost:7205/_framework/aspnetcore-browser-refresh.js - - - 200 12342 application/javascript;+charset=utf-8 0.5330ms
2023-10-26 03:20:43.656 +02:00 [Information] Request finished HTTP/2 GET https://localhost:7205/_vs/browserLink - - - 200 - text/javascript;+charset=UTF-8 8.0171ms
2023-10-26 03:20:55.598 +02:00 [Information] Request starting HTTP/2 POST https://localhost:7205/Identity/Account/Register application/x-www-form-urlencoded 401
2023-10-26 03:20:55.598 +02:00 [Information] Executing endpoint '"/Account/Register"'
2023-10-26 03:20:55.598 +02:00 [Information] Route matched with "{page = \"/Account/Register\", area = \"Identity\", action = \"\", controller = \"\"}". Executing page "/Account/Register"
2023-10-26 03:20:55.601 +02:00 [Information] Executing handler method "Forum.Areas.Identity.Pages.Account.RegisterModel.OnPostAsync" - ModelState is Valid
2023-10-26 03:20:55.611 +02:00 [Information] User created a new account with password.
2023-10-26 03:20:55.687 +02:00 [Information] AuthenticationScheme: "Identity.Application" signed in.
2023-10-26 03:20:55.687 +02:00 [Information] Executed handler method "OnPostAsync", returned result "Microsoft.AspNetCore.Mvc.LocalRedirectResult".
2023-10-26 03:20:55.687 +02:00 [Information] Executing LocalRedirectResult, redirecting to "/".
2023-10-26 03:20:55.687 +02:00 [Information] Executed page "/Account/Register" in 88.6186ms
2023-10-26 03:20:55.687 +02:00 [Information] Executed endpoint '"/Account/Register"'
2023-10-26 03:20:55.687 +02:00 [Information] Request finished HTTP/2 POST https://localhost:7205/Identity/Account/Register application/x-www-form-urlencoded 401 - 302 0 - 89.5698ms
2023-10-26 03:20:55.690 +02:00 [Information] Request starting HTTP/2 GET https://localhost:7205/ - -
2023-10-26 03:20:55.694 +02:00 [Information] Executing endpoint '"Forum.Controllers.HomeController.Index (Forum)"'
2023-10-26 03:20:55.694 +02:00 [Information] Route matched with "{action = \"Index\", controller = \"Home\", page = \"\", area = \"\"}". Executing controller action with signature "System.Threading.Tasks.Task`1[Microsoft.AspNetCore.Mvc.IActionResult] Index()" on controller "Forum.Controllers.HomeController" ("Forum").
2023-10-26 03:20:55.695 +02:00 [Information] Executing ViewResult, running view "Index".
2023-10-26 03:20:55.704 +02:00 [Information] Executed ViewResult - view "Index" executed in 8.1079ms.
2023-10-26 03:20:55.704 +02:00 [Information] Executed action "Forum.Controllers.HomeController.Index (Forum)" in 9.4794ms
2023-10-26 03:20:55.704 +02:00 [Information] Executed endpoint '"Forum.Controllers.HomeController.Index (Forum)"'
2023-10-26 03:20:55.706 +02:00 [Information] Request finished HTTP/2 GET https://localhost:7205/ - - - 200 - text/html;+charset=utf-8 16.7418ms
2023-10-26 03:20:55.711 +02:00 [Information] Request starting HTTP/2 GET https://localhost:7205/style.css - -
2023-10-26 03:20:55.714 +02:00 [Information] Request finished HTTP/2 GET https://localhost:7205/style.css - - - 404 0 - 2.5201ms
2023-10-26 03:20:55.720 +02:00 [Information] Request starting HTTP/2 GET https://localhost:7205/_framework/aspnetcore-browser-refresh.js - -
2023-10-26 03:20:55.721 +02:00 [Information] Request starting HTTP/2 GET https://localhost:7205/_vs/browserLink - -
2023-10-26 03:20:55.721 +02:00 [Information] Request finished HTTP/2 GET https://localhost:7205/_framework/aspnetcore-browser-refresh.js - - - 200 12342 application/javascript;+charset=utf-8 0.5165ms
2023-10-26 03:20:55.725 +02:00 [Information] Request finished HTTP/2 GET https://localhost:7205/_vs/browserLink - - - 200 - text/javascript;+charset=UTF-8 4.3268ms
2023-10-26 03:20:58.636 +02:00 [Information] Request starting HTTP/2 GET https://localhost:7205/Post/PostDetails/1 - -
2023-10-26 03:20:58.639 +02:00 [Information] Executing endpoint '"Forum.Controllers.PostController.PostDetails (Forum)"'
2023-10-26 03:20:58.641 +02:00 [Information] Route matched with "{action = \"PostDetails\", controller = \"Post\", page = \"\", area = \"\"}". Executing controller action with signature "System.Threading.Tasks.Task`1[Microsoft.AspNetCore.Mvc.IActionResult] PostDetails(Int32)" on controller "Forum.Controllers.PostController" ("Forum").
2023-10-26 03:20:58.647 +02:00 [Information] Executing ViewResult, running view "PostDetails".
2023-10-26 03:20:58.706 +02:00 [Information] Executed ViewResult - view "PostDetails" executed in 59.4122ms.
2023-10-26 03:20:58.706 +02:00 [Information] Executed action "Forum.Controllers.PostController.PostDetails (Forum)" in 64.9148ms
2023-10-26 03:20:58.706 +02:00 [Information] Executed endpoint '"Forum.Controllers.PostController.PostDetails (Forum)"'
2023-10-26 03:20:58.707 +02:00 [Information] Request finished HTTP/2 GET https://localhost:7205/Post/PostDetails/1 - - - 200 - text/html;+charset=utf-8 70.4440ms
2023-10-26 03:20:58.715 +02:00 [Information] Request starting HTTP/2 GET https://localhost:7205/_framework/aspnetcore-browser-refresh.js - -
2023-10-26 03:20:58.715 +02:00 [Information] Request starting HTTP/2 GET https://localhost:7205/Post/PostDetails/style.css - -
2023-10-26 03:20:58.716 +02:00 [Information] Request starting HTTP/2 GET https://localhost:7205/_vs/browserLink - -
2023-10-26 03:20:58.716 +02:00 [Information] Request finished HTTP/2 GET https://localhost:7205/_framework/aspnetcore-browser-refresh.js - - - 200 12342 application/javascript;+charset=utf-8 0.4331ms
2023-10-26 03:20:58.718 +02:00 [Information] Request finished HTTP/2 GET https://localhost:7205/_vs/browserLink - - - 200 - text/javascript;+charset=UTF-8 2.5848ms
2023-10-26 03:20:58.720 +02:00 [Information] Executing endpoint '"Forum.Controllers.PostController.PostDetails (Forum)"'
2023-10-26 03:20:58.720 +02:00 [Information] Route matched with "{action = \"PostDetails\", controller = \"Post\", page = \"\", area = \"\"}". Executing controller action with signature "System.Threading.Tasks.Task`1[Microsoft.AspNetCore.Mvc.IActionResult] PostDetails(Int32)" on controller "Forum.Controllers.PostController" ("Forum").
2023-10-26 03:20:58.729 +02:00 [Error] [PostController] post not found for the TopicId 0000
2023-10-26 03:20:58.732 +02:00 [Information] Executing "NotFoundObjectResult", writing value of type '"System.String"'.
2023-10-26 03:20:58.732 +02:00 [Information] Executed action "Forum.Controllers.PostController.PostDetails (Forum)" in 12.249ms
2023-10-26 03:20:58.732 +02:00 [Information] Executed endpoint '"Forum.Controllers.PostController.PostDetails (Forum)"'
2023-10-26 03:20:58.732 +02:00 [Information] Request finished HTTP/2 GET https://localhost:7205/Post/PostDetails/style.css - - - 404 - text/plain;+charset=utf-8 16.8918ms
2023-10-26 03:21:01.163 +02:00 [Information] Request starting HTTP/2 GET https://localhost:7205/Topic/TopicDetails/1 - -
2023-10-26 03:21:01.166 +02:00 [Information] Executing endpoint '"Forum.Controllers.TopicController.TopicDetails (Forum)"'
2023-10-26 03:21:01.167 +02:00 [Information] Route matched with "{action = \"TopicDetails\", controller = \"Topic\", page = \"\", area = \"\"}". Executing controller action with signature "System.Threading.Tasks.Task`1[Microsoft.AspNetCore.Mvc.IActionResult] TopicDetails(Int32)" on controller "Forum.Controllers.TopicController" ("Forum").
2023-10-26 03:21:01.172 +02:00 [Information] Executing ViewResult, running view "TopicDetails".
2023-10-26 03:21:01.188 +02:00 [Information] Executed ViewResult - view "TopicDetails" executed in 16.4858ms.
2023-10-26 03:21:01.188 +02:00 [Information] Executed action "Forum.Controllers.TopicController.TopicDetails (Forum)" in 20.7508ms
2023-10-26 03:21:01.188 +02:00 [Information] Executed endpoint '"Forum.Controllers.TopicController.TopicDetails (Forum)"'
2023-10-26 03:21:01.189 +02:00 [Information] Request finished HTTP/2 GET https://localhost:7205/Topic/TopicDetails/1 - - - 200 - text/html;+charset=utf-8 25.9692ms
2023-10-26 03:21:01.197 +02:00 [Information] Request starting HTTP/2 GET https://localhost:7205/Topic/TopicDetails/style.css - -
2023-10-26 03:21:01.197 +02:00 [Information] Request starting HTTP/2 GET https://localhost:7205/_framework/aspnetcore-browser-refresh.js - -
2023-10-26 03:21:01.197 +02:00 [Information] Request starting HTTP/2 GET https://localhost:7205/_vs/browserLink - -
2023-10-26 03:21:01.198 +02:00 [Information] Request finished HTTP/2 GET https://localhost:7205/_framework/aspnetcore-browser-refresh.js - - - 200 12342 application/javascript;+charset=utf-8 0.3957ms
2023-10-26 03:21:01.200 +02:00 [Information] Request finished HTTP/2 GET https://localhost:7205/_vs/browserLink - - - 200 - text/javascript;+charset=UTF-8 2.7914ms
2023-10-26 03:21:01.201 +02:00 [Information] Executing endpoint '"Forum.Controllers.TopicController.TopicDetails (Forum)"'
2023-10-26 03:21:01.201 +02:00 [Information] Route matched with "{action = \"TopicDetails\", controller = \"Topic\", page = \"\", area = \"\"}". Executing controller action with signature "System.Threading.Tasks.Task`1[Microsoft.AspNetCore.Mvc.IActionResult] TopicDetails(Int32)" on controller "Forum.Controllers.TopicController" ("Forum").
2023-10-26 03:21:01.205 +02:00 [Error] [TopicController] Topic not found for the TopicId 0000
2023-10-26 03:21:01.205 +02:00 [Information] Executing "NotFoundObjectResult", writing value of type '"System.String"'.
2023-10-26 03:21:01.205 +02:00 [Information] Executed action "Forum.Controllers.TopicController.TopicDetails (Forum)" in 3.5146ms
2023-10-26 03:21:01.205 +02:00 [Information] Executed endpoint '"Forum.Controllers.TopicController.TopicDetails (Forum)"'
2023-10-26 03:21:01.205 +02:00 [Information] Request finished HTTP/2 GET https://localhost:7205/Topic/TopicDetails/style.css - - - 404 - text/plain;+charset=utf-8 7.8808ms
2023-10-26 03:21:02.257 +02:00 [Information] Request starting HTTP/2 GET https://localhost:7205/Post/CreatePost?topicId=1 - -
2023-10-26 03:21:02.262 +02:00 [Information] Executing endpoint '"Forum.Controllers.PostController.CreatePost (Forum)"'
2023-10-26 03:21:02.263 +02:00 [Information] Route matched with "{action = \"CreatePost\", controller = \"Post\", page = \"\", area = \"\"}". Executing controller action with signature "Microsoft.AspNetCore.Mvc.IActionResult CreatePost(Int32)" on controller "Forum.Controllers.PostController" ("Forum").
2023-10-26 03:21:02.266 +02:00 [Information] Executing ViewResult, running view "CreatePost".
2023-10-26 03:21:02.282 +02:00 [Information] Executed ViewResult - view "CreatePost" executed in 16.2667ms.
2023-10-26 03:21:02.282 +02:00 [Information] Executed action "Forum.Controllers.PostController.CreatePost (Forum)" in 19.5903ms
2023-10-26 03:21:02.283 +02:00 [Information] Executed endpoint '"Forum.Controllers.PostController.CreatePost (Forum)"'
2023-10-26 03:21:02.284 +02:00 [Information] Request finished HTTP/2 GET https://localhost:7205/Post/CreatePost?topicId=1 - - - 200 - text/html;+charset=utf-8 27.9452ms
2023-10-26 03:21:02.290 +02:00 [Information] Request starting HTTP/2 GET https://localhost:7205/_framework/aspnetcore-browser-refresh.js - -
2023-10-26 03:21:02.290 +02:00 [Information] Request starting HTTP/2 GET https://localhost:7205/_vs/browserLink - -
2023-10-26 03:21:02.290 +02:00 [Information] Request starting HTTP/2 GET https://localhost:7205/Post/style.css - -
2023-10-26 03:21:02.290 +02:00 [Information] Request finished HTTP/2 GET https://localhost:7205/_framework/aspnetcore-browser-refresh.js - - - 200 12342 application/javascript;+charset=utf-8 0.3404ms
2023-10-26 03:21:02.293 +02:00 [Information] Request finished HTTP/2 GET https://localhost:7205/_vs/browserLink - - - 200 - text/javascript;+charset=UTF-8 2.9081ms
2023-10-26 03:21:02.294 +02:00 [Information] Request finished HTTP/2 GET https://localhost:7205/Post/style.css - - - 404 0 - 3.4257ms
2023-10-26 03:21:12.043 +02:00 [Information] Request starting HTTP/2 POST https://localhost:7205/Post/Createpost?topicId=1 application/x-www-form-urlencoded 366
2023-10-26 03:21:12.045 +02:00 [Information] Executing endpoint '"Forum.Controllers.PostController.CreatePost (Forum)"'
2023-10-26 03:21:12.048 +02:00 [Information] Route matched with "{action = \"CreatePost\", controller = \"Post\", page = \"\", area = \"\"}". Executing controller action with signature "System.Threading.Tasks.Task`1[Microsoft.AspNetCore.Mvc.IActionResult] CreatePost(Forum.ViewModels.PostCommentViewModel)" on controller "Forum.Controllers.PostController" ("Forum").
2023-10-26 03:21:12.061 +02:00 [Error] Failed executing DbCommand ("1"ms) [Parameters=["@p0='?' (DbType = Int32), @p1='?' (DbType = DateTime), @p2='?' (Size = 16), @p3='?' (DbType = Int32), @p4='?' (Size = 36)"], CommandType='Text', CommandTimeout='30']"
""INSERT INTO \"Posts\" (\"PostId\", \"PostTime\", \"PostTitle\", \"TopicId\", \"UserName\")
VALUES (@p0, @p1, @p2, @p3, @p4);"
2023-10-26 03:21:12.090 +02:00 [Error] An exception occurred in the database while saving changes for context type '"Forum.Models.CategoryDbContext"'."
""Microsoft.EntityFrameworkCore.DbUpdateException: An error occurred while saving the entity changes. See the inner exception for details.
 ---> Microsoft.Data.Sqlite.SqliteException (0x80004005): SQLite Error 19: 'UNIQUE constraint failed: Posts.PostId'.
   at Microsoft.Data.Sqlite.SqliteException.ThrowExceptionForRC(Int32 rc, sqlite3 db)
   at Microsoft.Data.Sqlite.SqliteDataReader.NextResult()
   at Microsoft.Data.Sqlite.SqliteCommand.ExecuteReader(CommandBehavior behavior)
   at Microsoft.Data.Sqlite.SqliteCommand.ExecuteReaderAsync(CommandBehavior behavior, CancellationToken cancellationToken)
   at Microsoft.Data.Sqlite.SqliteCommand.ExecuteDbDataReaderAsync(CommandBehavior behavior, CancellationToken cancellationToken)
   at Microsoft.EntityFrameworkCore.Storage.RelationalCommand.ExecuteReaderAsync(RelationalCommandParameterObject parameterObject, CancellationToken cancellationToken)
   at Microsoft.EntityFrameworkCore.Storage.RelationalCommand.ExecuteReaderAsync(RelationalCommandParameterObject parameterObject, CancellationToken cancellationToken)
   at Microsoft.EntityFrameworkCore.Update.ReaderModificationCommandBatch.ExecuteAsync(IRelationalConnection connection, CancellationToken cancellationToken)
   --- End of inner exception stack trace ---
   at Microsoft.EntityFrameworkCore.Update.ReaderModificationCommandBatch.ExecuteAsync(IRelationalConnection connection, CancellationToken cancellationToken)
   at Microsoft.EntityFrameworkCore.Update.Internal.BatchExecutor.ExecuteAsync(IEnumerable`1 commandBatches, IRelationalConnection connection, CancellationToken cancellationToken)
   at Microsoft.EntityFrameworkCore.Update.Internal.BatchExecutor.ExecuteAsync(IEnumerable`1 commandBatches, IRelationalConnection connection, CancellationToken cancellationToken)
   at Microsoft.EntityFrameworkCore.Update.Internal.BatchExecutor.ExecuteAsync(IEnumerable`1 commandBatches, IRelationalConnection connection, CancellationToken cancellationToken)
   at Microsoft.EntityFrameworkCore.ChangeTracking.Internal.StateManager.SaveChangesAsync(IList`1 entriesToSave, CancellationToken cancellationToken)
   at Microsoft.EntityFrameworkCore.ChangeTracking.Internal.StateManager.SaveChangesAsync(StateManager stateManager, Boolean acceptAllChangesOnSuccess, CancellationToken cancellationToken)
   at Microsoft.EntityFrameworkCore.DbContext.SaveChangesAsync(Boolean acceptAllChangesOnSuccess, CancellationToken cancellationToken)"
Microsoft.EntityFrameworkCore.DbUpdateException: An error occurred while saving the entity changes. See the inner exception for details.
 ---> Microsoft.Data.Sqlite.SqliteException (0x80004005): SQLite Error 19: 'UNIQUE constraint failed: Posts.PostId'.
   at Microsoft.Data.Sqlite.SqliteException.ThrowExceptionForRC(Int32 rc, sqlite3 db)
   at Microsoft.Data.Sqlite.SqliteDataReader.NextResult()
   at Microsoft.Data.Sqlite.SqliteCommand.ExecuteReader(CommandBehavior behavior)
   at Microsoft.Data.Sqlite.SqliteCommand.ExecuteReaderAsync(CommandBehavior behavior, CancellationToken cancellationToken)
   at Microsoft.Data.Sqlite.SqliteCommand.ExecuteDbDataReaderAsync(CommandBehavior behavior, CancellationToken cancellationToken)
   at Microsoft.EntityFrameworkCore.Storage.RelationalCommand.ExecuteReaderAsync(RelationalCommandParameterObject parameterObject, CancellationToken cancellationToken)
   at Microsoft.EntityFrameworkCore.Storage.RelationalCommand.ExecuteReaderAsync(RelationalCommandParameterObject parameterObject, CancellationToken cancellationToken)
   at Microsoft.EntityFrameworkCore.Update.ReaderModificationCommandBatch.ExecuteAsync(IRelationalConnection connection, CancellationToken cancellationToken)
   --- End of inner exception stack trace ---
   at Microsoft.EntityFrameworkCore.Update.ReaderModificationCommandBatch.ExecuteAsync(IRelationalConnection connection, CancellationToken cancellationToken)
   at Microsoft.EntityFrameworkCore.Update.Internal.BatchExecutor.ExecuteAsync(IEnumerable`1 commandBatches, IRelationalConnection connection, CancellationToken cancellationToken)
   at Microsoft.EntityFrameworkCore.Update.Internal.BatchExecutor.ExecuteAsync(IEnumerable`1 commandBatches, IRelationalConnection connection, CancellationToken cancellationToken)
   at Microsoft.EntityFrameworkCore.Update.Internal.BatchExecutor.ExecuteAsync(IEnumerable`1 commandBatches, IRelationalConnection connection, CancellationToken cancellationToken)
   at Microsoft.EntityFrameworkCore.ChangeTracking.Internal.StateManager.SaveChangesAsync(IList`1 entriesToSave, CancellationToken cancellationToken)
   at Microsoft.EntityFrameworkCore.ChangeTracking.Internal.StateManager.SaveChangesAsync(StateManager stateManager, Boolean acceptAllChangesOnSuccess, CancellationToken cancellationToken)
   at Microsoft.EntityFrameworkCore.DbContext.SaveChangesAsync(Boolean acceptAllChangesOnSuccess, CancellationToken cancellationToken)
2023-10-26 03:21:12.117 +02:00 [Error] [PoatRepository] post creation failed for post Post { PostId: 8, TopicId: 1, UserName: "805346ca-3050-4d24-a87e-0a718dbb0f30", PostTitle: "Liverpool is meh", PostTime: 10/26/2023 03:21:12, Topic: null, Comments: null }, error message: "An error occurred while saving the entity changes. See the inner exception for details."
2023-10-26 03:21:12.121 +02:00 [Error] Failed executing DbCommand ("0"ms) [Parameters=["@p0='?' (Size = 13), @p1='?' (DbType = Int32), @p2='?' (Size = 36)"], CommandType='Text', CommandTimeout='30']"
""INSERT INTO \"Comments\" (\"CommentDescription\", \"PostId\", \"UserName\")
VALUES (@p0, @p1, @p2)
RETURNING \"CommentId\";"
2023-10-26 03:21:12.127 +02:00 [Error] An exception occurred in the database while saving changes for context type '"Forum.Models.CategoryDbContext"'."
""Microsoft.EntityFrameworkCore.DbUpdateException: An error occurred while saving the entity changes. See the inner exception for details.
 ---> Microsoft.Data.Sqlite.SqliteException (0x80004005): SQLite Error 19: 'FOREIGN KEY constraint failed'.
   at Microsoft.Data.Sqlite.SqliteException.ThrowExceptionForRC(Int32 rc, sqlite3 db)
   at Microsoft.Data.Sqlite.SqliteDataReader.NextResult()
   at Microsoft.Data.Sqlite.SqliteCommand.ExecuteReader(CommandBehavior behavior)
   at Microsoft.Data.Sqlite.SqliteCommand.ExecuteReaderAsync(CommandBehavior behavior, CancellationToken cancellationToken)
   at Microsoft.Data.Sqlite.SqliteCommand.ExecuteDbDataReaderAsync(CommandBehavior behavior, CancellationToken cancellationToken)
   at Microsoft.EntityFrameworkCore.Storage.RelationalCommand.ExecuteReaderAsync(RelationalCommandParameterObject parameterObject, CancellationToken cancellationToken)
   at Microsoft.EntityFrameworkCore.Storage.RelationalCommand.ExecuteReaderAsync(RelationalCommandParameterObject parameterObject, CancellationToken cancellationToken)
   at Microsoft.EntityFrameworkCore.Update.ReaderModificationCommandBatch.ExecuteAsync(IRelationalConnection connection, CancellationToken cancellationToken)
   --- End of inner exception stack trace ---
   at Microsoft.EntityFrameworkCore.Update.ReaderModificationCommandBatch.ExecuteAsync(IRelationalConnection connection, CancellationToken cancellationToken)
   at Microsoft.EntityFrameworkCore.Update.Internal.BatchExecutor.ExecuteAsync(IEnumerable`1 commandBatches, IRelationalConnection connection, CancellationToken cancellationToken)
   at Microsoft.EntityFrameworkCore.Update.Internal.BatchExecutor.ExecuteAsync(IEnumerable`1 commandBatches, IRelationalConnection connection, CancellationToken cancellationToken)
   at Microsoft.EntityFrameworkCore.Update.Internal.BatchExecutor.ExecuteAsync(IEnumerable`1 commandBatches, IRelationalConnection connection, CancellationToken cancellationToken)
   at Microsoft.EntityFrameworkCore.ChangeTracking.Internal.StateManager.SaveChangesAsync(IList`1 entriesToSave, CancellationToken cancellationToken)
   at Microsoft.EntityFrameworkCore.ChangeTracking.Internal.StateManager.SaveChangesAsync(StateManager stateManager, Boolean acceptAllChangesOnSuccess, CancellationToken cancellationToken)
   at Microsoft.EntityFrameworkCore.DbContext.SaveChangesAsync(Boolean acceptAllChangesOnSuccess, CancellationToken cancellationToken)"
Microsoft.EntityFrameworkCore.DbUpdateException: An error occurred while saving the entity changes. See the inner exception for details.
 ---> Microsoft.Data.Sqlite.SqliteException (0x80004005): SQLite Error 19: 'FOREIGN KEY constraint failed'.
   at Microsoft.Data.Sqlite.SqliteException.ThrowExceptionForRC(Int32 rc, sqlite3 db)
   at Microsoft.Data.Sqlite.SqliteDataReader.NextResult()
   at Microsoft.Data.Sqlite.SqliteCommand.ExecuteReader(CommandBehavior behavior)
   at Microsoft.Data.Sqlite.SqliteCommand.ExecuteReaderAsync(CommandBehavior behavior, CancellationToken cancellationToken)
   at Microsoft.Data.Sqlite.SqliteCommand.ExecuteDbDataReaderAsync(CommandBehavior behavior, CancellationToken cancellationToken)
   at Microsoft.EntityFrameworkCore.Storage.RelationalCommand.ExecuteReaderAsync(RelationalCommandParameterObject parameterObject, CancellationToken cancellationToken)
   at Microsoft.EntityFrameworkCore.Storage.RelationalCommand.ExecuteReaderAsync(RelationalCommandParameterObject parameterObject, CancellationToken cancellationToken)
   at Microsoft.EntityFrameworkCore.Update.ReaderModificationCommandBatch.ExecuteAsync(IRelationalConnection connection, CancellationToken cancellationToken)
   --- End of inner exception stack trace ---
   at Microsoft.EntityFrameworkCore.Update.ReaderModificationCommandBatch.ExecuteAsync(IRelationalConnection connection, CancellationToken cancellationToken)
   at Microsoft.EntityFrameworkCore.Update.Internal.BatchExecutor.ExecuteAsync(IEnumerable`1 commandBatches, IRelationalConnection connection, CancellationToken cancellationToken)
   at Microsoft.EntityFrameworkCore.Update.Internal.BatchExecutor.ExecuteAsync(IEnumerable`1 commandBatches, IRelationalConnection connection, CancellationToken cancellationToken)
   at Microsoft.EntityFrameworkCore.Update.Internal.BatchExecutor.ExecuteAsync(IEnumerable`1 commandBatches, IRelationalConnection connection, CancellationToken cancellationToken)
   at Microsoft.EntityFrameworkCore.ChangeTracking.Internal.StateManager.SaveChangesAsync(IList`1 entriesToSave, CancellationToken cancellationToken)
   at Microsoft.EntityFrameworkCore.ChangeTracking.Internal.StateManager.SaveChangesAsync(StateManager stateManager, Boolean acceptAllChangesOnSuccess, CancellationToken cancellationToken)
   at Microsoft.EntityFrameworkCore.DbContext.SaveChangesAsync(Boolean acceptAllChangesOnSuccess, CancellationToken cancellationToken)
2023-10-26 03:21:12.141 +02:00 [Error] [CommentRepository] comment creation failed for CommentID Comment { CommentId: 0, PostId: 0, UserName: "805346ca-3050-4d24-a87e-0a718dbb0f30", CommentDescription: "You heard me!", Post: null }, error message: "An error occurred while saving the entity changes. See the inner exception for details."
2023-10-26 03:21:12.141 +02:00 [Information] Executing RedirectResult, redirecting to "/Topic/TopicDetails/1".
2023-10-26 03:21:12.141 +02:00 [Information] Executed action "Forum.Controllers.PostController.CreatePost (Forum)" in 93.4783ms
2023-10-26 03:21:12.141 +02:00 [Information] Executed endpoint '"Forum.Controllers.PostController.CreatePost (Forum)"'
2023-10-26 03:21:12.142 +02:00 [Information] Request finished HTTP/2 POST https://localhost:7205/Post/Createpost?topicId=1 application/x-www-form-urlencoded 366 - 302 0 - 98.8024ms
2023-10-26 03:21:12.144 +02:00 [Information] Request starting HTTP/2 GET https://localhost:7205/Topic/TopicDetails/1 - -
2023-10-26 03:21:12.146 +02:00 [Information] Executing endpoint '"Forum.Controllers.TopicController.TopicDetails (Forum)"'
2023-10-26 03:21:12.146 +02:00 [Information] Route matched with "{action = \"TopicDetails\", controller = \"Topic\", page = \"\", area = \"\"}". Executing controller action with signature "System.Threading.Tasks.Task`1[Microsoft.AspNetCore.Mvc.IActionResult] TopicDetails(Int32)" on controller "Forum.Controllers.TopicController" ("Forum").
2023-10-26 03:21:12.148 +02:00 [Information] Executing ViewResult, running view "TopicDetails".
2023-10-26 03:21:12.158 +02:00 [Information] Executed ViewResult - view "TopicDetails" executed in 10.0799ms.
2023-10-26 03:21:12.158 +02:00 [Information] Executed action "Forum.Controllers.TopicController.TopicDetails (Forum)" in 12.0962ms
2023-10-26 03:21:12.159 +02:00 [Information] Executed endpoint '"Forum.Controllers.TopicController.TopicDetails (Forum)"'
2023-10-26 03:21:12.160 +02:00 [Information] Request finished HTTP/2 GET https://localhost:7205/Topic/TopicDetails/1 - - - 200 - text/html;+charset=utf-8 15.3941ms
2023-10-26 03:21:12.168 +02:00 [Information] Request starting HTTP/2 GET https://localhost:7205/Topic/TopicDetails/style.css - -
2023-10-26 03:21:12.168 +02:00 [Information] Request starting HTTP/2 GET https://localhost:7205/_framework/aspnetcore-browser-refresh.js - -
2023-10-26 03:21:12.168 +02:00 [Information] Request starting HTTP/2 GET https://localhost:7205/_vs/browserLink - -
2023-10-26 03:21:12.168 +02:00 [Information] Request finished HTTP/2 GET https://localhost:7205/_framework/aspnetcore-browser-refresh.js - - - 200 12342 application/javascript;+charset=utf-8 0.3103ms
2023-10-26 03:21:12.171 +02:00 [Information] Executing endpoint '"Forum.Controllers.TopicController.TopicDetails (Forum)"'
2023-10-26 03:21:12.171 +02:00 [Information] Route matched with "{action = \"TopicDetails\", controller = \"Topic\", page = \"\", area = \"\"}". Executing controller action with signature "System.Threading.Tasks.Task`1[Microsoft.AspNetCore.Mvc.IActionResult] TopicDetails(Int32)" on controller "Forum.Controllers.TopicController" ("Forum").
2023-10-26 03:21:12.171 +02:00 [Information] Request finished HTTP/2 GET https://localhost:7205/_vs/browserLink - - - 200 - text/javascript;+charset=UTF-8 3.3097ms
2023-10-26 03:21:12.174 +02:00 [Error] [TopicController] Topic not found for the TopicId 0000
2023-10-26 03:21:12.174 +02:00 [Information] Executing "NotFoundObjectResult", writing value of type '"System.String"'.
2023-10-26 03:21:12.174 +02:00 [Information] Executed action "Forum.Controllers.TopicController.TopicDetails (Forum)" in 3.4434ms
2023-10-26 03:21:12.174 +02:00 [Information] Executed endpoint '"Forum.Controllers.TopicController.TopicDetails (Forum)"'
2023-10-26 03:21:12.174 +02:00 [Information] Request finished HTTP/2 GET https://localhost:7205/Topic/TopicDetails/style.css - - - 404 - text/plain;+charset=utf-8 6.9003ms
