2023-10-24 12:20:47.256 +02:00 [Information] User profile is available. Using '"C:\Users\abdik\AppData\Local\ASP.NET\DataProtection-Keys"' as key repository and Windows DPAPI to encrypt keys at rest.
2023-10-24 12:20:47.635 +02:00 [Information] Now listening on: "https://localhost:7205"
2023-10-24 12:20:47.635 +02:00 [Information] Now listening on: "http://localhost:5112"
2023-10-24 12:20:47.638 +02:00 [Information] Application started. Press Ctrl+C to shut down.
2023-10-24 12:20:47.638 +02:00 [Information] Hosting environment: "Development"
2023-10-24 12:20:47.639 +02:00 [Information] Content root path: "C:\Users\abdik\Source\Repos\Forum\MyShop\"
2023-10-24 12:20:48.029 +02:00 [Information] Request starting HTTP/2 GET https://localhost:7205/ - -
2023-10-24 12:20:48.066 +02:00 [Information] Executing endpoint '"Forum.Controllers.HomeController.Index (Forum)"'
2023-10-24 12:20:48.073 +02:00 [Information] Route matched with "{action = \"Index\", controller = \"Home\", page = \"\", area = \"\"}". Executing controller action with signature "Microsoft.AspNetCore.Mvc.IActionResult Index()" on controller "Forum.Controllers.HomeController" ("Forum").
2023-10-24 12:20:48.077 +02:00 [Information] Executing ViewResult, running view "Index".
2023-10-24 12:20:48.177 +02:00 [Information] Executed ViewResult - view "Index" executed in 99.2905ms.
2023-10-24 12:20:48.178 +02:00 [Information] Executed action "Forum.Controllers.HomeController.Index (Forum)" in 105.4551ms
2023-10-24 12:20:48.179 +02:00 [Information] Executed endpoint '"Forum.Controllers.HomeController.Index (Forum)"'
2023-10-24 12:20:48.191 +02:00 [Information] Request finished HTTP/2 GET https://localhost:7205/ - - - 200 - text/html;+charset=utf-8 164.6408ms
2023-10-24 12:20:48.196 +02:00 [Information] Request starting HTTP/2 GET https://localhost:7205/style.css - -
2023-10-24 12:20:48.196 +02:00 [Information] Request starting HTTP/2 GET https://localhost:7205/lib/bootstrap/css/crtstyle.css - -
2023-10-24 12:20:48.198 +02:00 [Information] Request finished HTTP/2 GET https://localhost:7205/style.css - - - 404 0 - 2.1825ms
2023-10-24 12:20:48.204 +02:00 [Information] The file "/lib/bootstrap/css/crtstyle.css" was not modified
2023-10-24 12:20:48.205 +02:00 [Information] Request finished HTTP/2 GET https://localhost:7205/lib/bootstrap/css/crtstyle.css - - - 304 - text/css 8.7253ms
2023-10-24 12:20:48.236 +02:00 [Information] Request starting HTTP/2 GET https://localhost:7205/_framework/aspnetcore-browser-refresh.js - -
2023-10-24 12:20:48.238 +02:00 [Information] Request finished HTTP/2 GET https://localhost:7205/_framework/aspnetcore-browser-refresh.js - - - 200 12342 application/javascript;+charset=utf-8 1.6410ms
2023-10-24 12:20:48.252 +02:00 [Information] Request starting HTTP/2 GET https://localhost:7205/_vs/browserLink - -
2023-10-24 12:20:48.259 +02:00 [Information] Request finished HTTP/2 GET https://localhost:7205/_vs/browserLink - - - 200 - text/javascript;+charset=UTF-8 6.6482ms
