2023-10-14 13:25:15.871 +02:00 [Information] User profile is available. Using '"C:\Users\abdik\AppData\Local\ASP.NET\DataProtection-Keys"' as key repository and Windows DPAPI to encrypt keys at rest.
2023-10-14 13:25:16.281 +02:00 [Information] Now listening on: "https://localhost:7205"
2023-10-14 13:25:16.281 +02:00 [Information] Now listening on: "http://localhost:5112"
2023-10-14 13:25:16.284 +02:00 [Information] Application started. Press Ctrl+C to shut down.
2023-10-14 13:25:16.284 +02:00 [Information] Hosting environment: "Development"
2023-10-14 13:25:16.284 +02:00 [Information] Content root path: "C:\Users\abdik\source\repos\Riktig\MyShop\"
2023-10-14 13:25:16.791 +02:00 [Information] Request starting HTTP/2 POST https://localhost:7205/Room/CreateRoom application/x-www-form-urlencoded 248
2023-10-14 13:25:16.838 +02:00 [Information] Executing endpoint '"Forum.Controllers.RoomController.CreateRoom (Forum)"'
2023-10-14 13:25:16.857 +02:00 [Information] Route matched with "{action = \"CreateRoom\", controller = \"Room\", page = \"\", area = \"\"}". Executing controller action with signature "System.Threading.Tasks.Task`1[Microsoft.AspNetCore.Mvc.IActionResult] CreateRoom(Forum.Models.Room)" on controller "Forum.Controllers.RoomController" ("Forum").
2023-10-14 13:25:16.876 +02:00 [Error] [RoomController] Room creation failed  Room { RoomId: 0, RoomName: null, CategoryId: 1, Category: null, Topics: null }
2023-10-14 13:25:16.881 +02:00 [Information] Executing ViewResult, running view "CreateRoom".
2023-10-14 13:25:16.978 +02:00 [Information] Executed ViewResult - view "CreateRoom" executed in 96.8259ms.
2023-10-14 13:25:16.979 +02:00 [Information] Executed action "Forum.Controllers.RoomController.CreateRoom (Forum)" in 122.5673ms
2023-10-14 13:25:16.980 +02:00 [Information] Executed endpoint '"Forum.Controllers.RoomController.CreateRoom (Forum)"'
2023-10-14 13:25:16.991 +02:00 [Information] Request starting HTTP/2 GET https://localhost:7205/lib/bootstrap/js/bootstrap.js - -
2023-10-14 13:25:16.991 +02:00 [Information] Request starting HTTP/2 GET https://localhost:7205/lib/jquery/jquery.js - -
2023-10-14 13:25:16.991 +02:00 [Information] Request starting HTTP/2 GET https://localhost:7205/_framework/aspnetcore-browser-refresh.js - -
2023-10-14 13:25:16.991 +02:00 [Information] Request finished HTTP/2 POST https://localhost:7205/Room/CreateRoom application/x-www-form-urlencoded 248 - 200 - text/html;+charset=utf-8 202.7151ms
2023-10-14 13:25:16.993 +02:00 [Information] Request finished HTTP/2 GET https://localhost:7205/_framework/aspnetcore-browser-refresh.js - - - 200 12342 application/javascript;+charset=utf-8 1.9644ms
2023-10-14 13:25:17.000 +02:00 [Information] The file "/lib/jquery/jquery.js" was not modified
2023-10-14 13:25:17.000 +02:00 [Information] The file "/lib/bootstrap/js/bootstrap.js" was not modified
2023-10-14 13:25:17.000 +02:00 [Information] Request finished HTTP/2 GET https://localhost:7205/lib/jquery/jquery.js - - - 304 - application/javascript 9.5322ms
2023-10-14 13:25:17.000 +02:00 [Information] Request finished HTTP/2 GET https://localhost:7205/lib/bootstrap/js/bootstrap.js - - - 304 - application/javascript 9.5434ms
2023-10-14 13:25:17.007 +02:00 [Information] Request starting HTTP/2 GET https://localhost:7205/_vs/browserLink - -
2023-10-14 13:25:17.012 +02:00 [Information] Request finished HTTP/2 GET https://localhost:7205/_vs/browserLink - - - 200 - text/javascript;+charset=UTF-8 5.6099ms
2023-10-14 13:25:18.561 +02:00 [Information] Request starting HTTP/2 GET https://localhost:7205/Category/CategoryTable - -
2023-10-14 13:25:18.564 +02:00 [Information] Executing endpoint '"Forum.Controllers.CategoryController.CategoryTable (Forum)"'
2023-10-14 13:25:18.566 +02:00 [Information] Route matched with "{action = \"CategoryTable\", controller = \"Category\", page = \"\", area = \"\"}". Executing controller action with signature "System.Threading.Tasks.Task`1[Microsoft.AspNetCore.Mvc.IActionResult] CategoryTable()" on controller "Forum.Controllers.CategoryController" ("Forum").
2023-10-14 13:25:18.576 +02:00 [Information] Executing ViewResult, running view "CategoryTable".
2023-10-14 13:25:18.589 +02:00 [Information] Executed ViewResult - view "CategoryTable" executed in 13.4495ms.
2023-10-14 13:25:18.589 +02:00 [Information] Executed action "Forum.Controllers.CategoryController.CategoryTable (Forum)" in 22.7866ms
2023-10-14 13:25:18.589 +02:00 [Information] Executed endpoint '"Forum.Controllers.CategoryController.CategoryTable (Forum)"'
2023-10-14 13:25:18.590 +02:00 [Information] Request finished HTTP/2 GET https://localhost:7205/Category/CategoryTable - - - 200 - text/html;+charset=utf-8 29.1941ms
2023-10-14 13:25:18.598 +02:00 [Information] Request starting HTTP/2 GET https://localhost:7205/_vs/browserLink - -
2023-10-14 13:25:18.598 +02:00 [Information] Request starting HTTP/2 GET https://localhost:7205/_framework/aspnetcore-browser-refresh.js - -
2023-10-14 13:25:18.598 +02:00 [Information] Request finished HTTP/2 GET https://localhost:7205/_framework/aspnetcore-browser-refresh.js - - - 200 12342 application/javascript;+charset=utf-8 0.3437ms
2023-10-14 13:25:18.599 +02:00 [Information] Request finished HTTP/2 GET https://localhost:7205/_vs/browserLink - - - 200 - text/javascript;+charset=UTF-8 1.7625ms
2023-10-14 13:25:19.971 +02:00 [Information] Request starting HTTP/2 GET https://localhost:7205/Category/CreateCategory - -
2023-10-14 13:25:19.980 +02:00 [Information] Executing endpoint '"Forum.Controllers.CategoryController.CreateCategory (Forum)"'
2023-10-14 13:25:19.981 +02:00 [Information] Route matched with "{action = \"CreateCategory\", controller = \"Category\", page = \"\", area = \"\"}". Executing controller action with signature "Microsoft.AspNetCore.Mvc.IActionResult CreateCategory()" on controller "Forum.Controllers.CategoryController" ("Forum").
2023-10-14 13:25:19.981 +02:00 [Information] Executing ViewResult, running view "CreateCategory".
2023-10-14 13:25:19.988 +02:00 [Information] Executed ViewResult - view "CreateCategory" executed in 6.6931ms.
2023-10-14 13:25:19.988 +02:00 [Information] Executed action "Forum.Controllers.CategoryController.CreateCategory (Forum)" in 6.9207ms
2023-10-14 13:25:19.988 +02:00 [Information] Executed endpoint '"Forum.Controllers.CategoryController.CreateCategory (Forum)"'
2023-10-14 13:25:19.989 +02:00 [Information] Request finished HTTP/2 GET https://localhost:7205/Category/CreateCategory - - - 200 - text/html;+charset=utf-8 17.5921ms
2023-10-14 13:25:19.996 +02:00 [Information] Request starting HTTP/2 GET https://localhost:7205/_vs/browserLink - -
2023-10-14 13:25:19.996 +02:00 [Information] Request starting HTTP/2 GET https://localhost:7205/_framework/aspnetcore-browser-refresh.js - -
2023-10-14 13:25:19.996 +02:00 [Information] Request finished HTTP/2 GET https://localhost:7205/_framework/aspnetcore-browser-refresh.js - - - 200 12342 application/javascript;+charset=utf-8 0.1472ms
2023-10-14 13:25:19.997 +02:00 [Information] Request finished HTTP/2 GET https://localhost:7205/_vs/browserLink - - - 200 - text/javascript;+charset=UTF-8 1.8488ms
2023-10-14 13:25:20.835 +02:00 [Information] Request starting HTTP/2 POST https://localhost:7205/Category/CreateCategory application/x-www-form-urlencoded 231
2023-10-14 13:25:20.837 +02:00 [Information] Executing endpoint '"Forum.Controllers.CategoryController.CreateCategory (Forum)"'
2023-10-14 13:25:20.839 +02:00 [Information] Route matched with "{action = \"CreateCategory\", controller = \"Category\", page = \"\", area = \"\"}". Executing controller action with signature "System.Threading.Tasks.Task`1[Microsoft.AspNetCore.Mvc.IActionResult] CreateCategory(Forum.Models.Category)" on controller "Forum.Controllers.CategoryController" ("Forum").
2023-10-14 13:25:20.841 +02:00 [Warning] [CategoryController] Category creation failed Category { CategoryId: 0, Name: null, Rooms: null }
2023-10-14 13:25:20.841 +02:00 [Information] Executing ViewResult, running view "CreateCategory".
2023-10-14 13:25:20.843 +02:00 [Information] Executed ViewResult - view "CreateCategory" executed in 1.8259ms.
2023-10-14 13:25:20.843 +02:00 [Information] Executed action "Forum.Controllers.CategoryController.CreateCategory (Forum)" in 3.9329ms
2023-10-14 13:25:20.843 +02:00 [Information] Executed endpoint '"Forum.Controllers.CategoryController.CreateCategory (Forum)"'
2023-10-14 13:25:20.843 +02:00 [Information] Request finished HTTP/2 POST https://localhost:7205/Category/CreateCategory application/x-www-form-urlencoded 231 - 200 - text/html;+charset=utf-8 8.1062ms
2023-10-14 13:25:20.852 +02:00 [Information] Request starting HTTP/2 GET https://localhost:7205/_vs/browserLink - -
2023-10-14 13:25:20.852 +02:00 [Information] Request starting HTTP/2 GET https://localhost:7205/_framework/aspnetcore-browser-refresh.js - -
2023-10-14 13:25:20.852 +02:00 [Information] Request finished HTTP/2 GET https://localhost:7205/_framework/aspnetcore-browser-refresh.js - - - 200 12342 application/javascript;+charset=utf-8 0.1610ms
2023-10-14 13:25:20.854 +02:00 [Information] Request finished HTTP/2 GET https://localhost:7205/_vs/browserLink - - - 200 - text/javascript;+charset=UTF-8 1.7770ms
2023-10-14 13:25:21.715 +02:00 [Information] Request starting HTTP/2 POST https://localhost:7205/Category/CreateCategory application/x-www-form-urlencoded 231
2023-10-14 13:25:21.717 +02:00 [Information] Executing endpoint '"Forum.Controllers.CategoryController.CreateCategory (Forum)"'
2023-10-14 13:25:21.717 +02:00 [Information] Route matched with "{action = \"CreateCategory\", controller = \"Category\", page = \"\", area = \"\"}". Executing controller action with signature "System.Threading.Tasks.Task`1[Microsoft.AspNetCore.Mvc.IActionResult] CreateCategory(Forum.Models.Category)" on controller "Forum.Controllers.CategoryController" ("Forum").
2023-10-14 13:25:21.717 +02:00 [Warning] [CategoryController] Category creation failed Category { CategoryId: 0, Name: null, Rooms: null }
2023-10-14 13:25:21.717 +02:00 [Information] Executing ViewResult, running view "CreateCategory".
2023-10-14 13:25:21.719 +02:00 [Information] Executed ViewResult - view "CreateCategory" executed in 1.973ms.
2023-10-14 13:25:21.719 +02:00 [Information] Executed action "Forum.Controllers.CategoryController.CreateCategory (Forum)" in 2.4638ms
2023-10-14 13:25:21.719 +02:00 [Information] Executed endpoint '"Forum.Controllers.CategoryController.CreateCategory (Forum)"'
2023-10-14 13:25:21.720 +02:00 [Information] Request finished HTTP/2 POST https://localhost:7205/Category/CreateCategory application/x-www-form-urlencoded 231 - 200 - text/html;+charset=utf-8 4.6219ms
2023-10-14 13:25:21.726 +02:00 [Information] Request starting HTTP/2 GET https://localhost:7205/_vs/browserLink - -
2023-10-14 13:25:21.726 +02:00 [Information] Request starting HTTP/2 GET https://localhost:7205/_framework/aspnetcore-browser-refresh.js - -
2023-10-14 13:25:21.726 +02:00 [Information] Request finished HTTP/2 GET https://localhost:7205/_framework/aspnetcore-browser-refresh.js - - - 200 12342 application/javascript;+charset=utf-8 0.1623ms
2023-10-14 13:25:21.727 +02:00 [Information] Request finished HTTP/2 GET https://localhost:7205/_vs/browserLink - - - 200 - text/javascript;+charset=UTF-8 1.8276ms
2023-10-14 13:25:36.827 +02:00 [Information] Request starting HTTP/2 GET https://localhost:7205/ - -
2023-10-14 13:25:36.829 +02:00 [Information] Executing endpoint '"Forum.Controllers.HomeController.Index (Forum)"'
2023-10-14 13:25:36.829 +02:00 [Information] Route matched with "{action = \"Index\", controller = \"Home\", page = \"\", area = \"\"}". Executing controller action with signature "Microsoft.AspNetCore.Mvc.IActionResult Index()" on controller "Forum.Controllers.HomeController" ("Forum").
2023-10-14 13:25:36.830 +02:00 [Information] Executing ViewResult, running view "Index".
2023-10-14 13:25:36.835 +02:00 [Information] Executed ViewResult - view "Index" executed in 5.3852ms.
2023-10-14 13:25:36.835 +02:00 [Information] Executed action "Forum.Controllers.HomeController.Index (Forum)" in 5.6135ms
2023-10-14 13:25:36.835 +02:00 [Information] Executed endpoint '"Forum.Controllers.HomeController.Index (Forum)"'
2023-10-14 13:25:36.836 +02:00 [Information] Request finished HTTP/2 GET https://localhost:7205/ - - - 200 - text/html;+charset=utf-8 9.0017ms
2023-10-14 13:25:36.843 +02:00 [Information] Request starting HTTP/2 GET https://localhost:7205/_framework/aspnetcore-browser-refresh.js - -
2023-10-14 13:25:36.844 +02:00 [Information] Request finished HTTP/2 GET https://localhost:7205/_framework/aspnetcore-browser-refresh.js - - - 200 12342 application/javascript;+charset=utf-8 0.1773ms
2023-10-14 13:25:36.883 +02:00 [Information] Request starting HTTP/2 GET https://localhost:7205/_vs/browserLink - -
2023-10-14 13:25:36.885 +02:00 [Information] Request finished HTTP/2 GET https://localhost:7205/_vs/browserLink - - - 200 - text/javascript;+charset=UTF-8 1.7989ms
2023-10-14 13:25:38.318 +02:00 [Information] Request starting HTTP/2 GET https://localhost:7205/Category/CategoryTable - -
2023-10-14 13:25:38.320 +02:00 [Information] Executing endpoint '"Forum.Controllers.CategoryController.CategoryTable (Forum)"'
2023-10-14 13:25:38.320 +02:00 [Information] Route matched with "{action = \"CategoryTable\", controller = \"Category\", page = \"\", area = \"\"}". Executing controller action with signature "System.Threading.Tasks.Task`1[Microsoft.AspNetCore.Mvc.IActionResult] CategoryTable()" on controller "Forum.Controllers.CategoryController" ("Forum").
2023-10-14 13:25:38.320 +02:00 [Information] Executing ViewResult, running view "CategoryTable".
2023-10-14 13:25:38.322 +02:00 [Information] Executed ViewResult - view "CategoryTable" executed in 2.0146ms.
2023-10-14 13:25:38.322 +02:00 [Information] Executed action "Forum.Controllers.CategoryController.CategoryTable (Forum)" in 2.6093ms
2023-10-14 13:25:38.322 +02:00 [Information] Executed endpoint '"Forum.Controllers.CategoryController.CategoryTable (Forum)"'
2023-10-14 13:25:38.323 +02:00 [Information] Request finished HTTP/2 GET https://localhost:7205/Category/CategoryTable - - - 200 - text/html;+charset=utf-8 5.2170ms
2023-10-14 13:25:38.331 +02:00 [Information] Request starting HTTP/2 GET https://localhost:7205/_vs/browserLink - -
2023-10-14 13:25:38.332 +02:00 [Information] Request starting HTTP/2 GET https://localhost:7205/_framework/aspnetcore-browser-refresh.js - -
2023-10-14 13:25:38.332 +02:00 [Information] Request finished HTTP/2 GET https://localhost:7205/_framework/aspnetcore-browser-refresh.js - - - 200 12342 application/javascript;+charset=utf-8 0.1541ms
2023-10-14 13:25:38.333 +02:00 [Information] Request finished HTTP/2 GET https://localhost:7205/_vs/browserLink - - - 200 - text/javascript;+charset=UTF-8 1.7616ms
2023-10-14 13:25:39.161 +02:00 [Information] Request starting HTTP/2 GET https://localhost:7205/Category/CreateCategory - -
2023-10-14 13:25:39.163 +02:00 [Information] Executing endpoint '"Forum.Controllers.CategoryController.CreateCategory (Forum)"'
2023-10-14 13:25:39.163 +02:00 [Information] Route matched with "{action = \"CreateCategory\", controller = \"Category\", page = \"\", area = \"\"}". Executing controller action with signature "Microsoft.AspNetCore.Mvc.IActionResult CreateCategory()" on controller "Forum.Controllers.CategoryController" ("Forum").
2023-10-14 13:25:39.163 +02:00 [Information] Executing ViewResult, running view "CreateCategory".
2023-10-14 13:25:39.165 +02:00 [Information] Executed ViewResult - view "CreateCategory" executed in 1.6767ms.
2023-10-14 13:25:39.165 +02:00 [Information] Executed action "Forum.Controllers.CategoryController.CreateCategory (Forum)" in 1.7786ms
2023-10-14 13:25:39.165 +02:00 [Information] Executed endpoint '"Forum.Controllers.CategoryController.CreateCategory (Forum)"'
2023-10-14 13:25:39.165 +02:00 [Information] Request finished HTTP/2 GET https://localhost:7205/Category/CreateCategory - - - 200 - text/html;+charset=utf-8 3.9881ms
2023-10-14 13:25:39.173 +02:00 [Information] Request starting HTTP/2 GET https://localhost:7205/_vs/browserLink - -
2023-10-14 13:25:39.173 +02:00 [Information] Request starting HTTP/2 GET https://localhost:7205/_framework/aspnetcore-browser-refresh.js - -
2023-10-14 13:25:39.173 +02:00 [Information] Request finished HTTP/2 GET https://localhost:7205/_framework/aspnetcore-browser-refresh.js - - - 200 12342 application/javascript;+charset=utf-8 0.1752ms
2023-10-14 13:25:39.174 +02:00 [Information] Request finished HTTP/2 GET https://localhost:7205/_vs/browserLink - - - 200 - text/javascript;+charset=UTF-8 1.7077ms
2023-10-14 13:25:39.822 +02:00 [Information] Request starting HTTP/2 POST https://localhost:7205/Category/CreateCategory application/x-www-form-urlencoded 231
2023-10-14 13:25:39.824 +02:00 [Information] Executing endpoint '"Forum.Controllers.CategoryController.CreateCategory (Forum)"'
2023-10-14 13:25:39.824 +02:00 [Information] Route matched with "{action = \"CreateCategory\", controller = \"Category\", page = \"\", area = \"\"}". Executing controller action with signature "System.Threading.Tasks.Task`1[Microsoft.AspNetCore.Mvc.IActionResult] CreateCategory(Forum.Models.Category)" on controller "Forum.Controllers.CategoryController" ("Forum").
2023-10-14 13:25:39.824 +02:00 [Warning] [CategoryController] Category creation failed Category { CategoryId: 0, Name: null, Rooms: null }
2023-10-14 13:25:39.824 +02:00 [Information] Executing ViewResult, running view "CreateCategory".
2023-10-14 13:25:39.826 +02:00 [Information] Executed ViewResult - view "CreateCategory" executed in 1.8867ms.
2023-10-14 13:25:39.826 +02:00 [Information] Executed action "Forum.Controllers.CategoryController.CreateCategory (Forum)" in 2.3859ms
2023-10-14 13:25:39.826 +02:00 [Information] Executed endpoint '"Forum.Controllers.CategoryController.CreateCategory (Forum)"'
2023-10-14 13:25:39.827 +02:00 [Information] Request finished HTTP/2 POST https://localhost:7205/Category/CreateCategory application/x-www-form-urlencoded 231 - 200 - text/html;+charset=utf-8 4.6832ms
2023-10-14 13:25:39.834 +02:00 [Information] Request starting HTTP/2 GET https://localhost:7205/_vs/browserLink - -
2023-10-14 13:25:39.835 +02:00 [Information] Request starting HTTP/2 GET https://localhost:7205/_framework/aspnetcore-browser-refresh.js - -
2023-10-14 13:25:39.835 +02:00 [Information] Request finished HTTP/2 GET https://localhost:7205/_framework/aspnetcore-browser-refresh.js - - - 200 12342 application/javascript;+charset=utf-8 0.1275ms
2023-10-14 13:25:39.836 +02:00 [Information] Request finished HTTP/2 GET https://localhost:7205/_vs/browserLink - - - 200 - text/javascript;+charset=UTF-8 1.8423ms
2023-10-14 13:25:40.447 +02:00 [Information] Request starting HTTP/2 POST https://localhost:7205/Category/CreateCategory application/x-www-form-urlencoded 231
2023-10-14 13:25:40.448 +02:00 [Information] Executing endpoint '"Forum.Controllers.CategoryController.CreateCategory (Forum)"'
2023-10-14 13:25:40.448 +02:00 [Information] Route matched with "{action = \"CreateCategory\", controller = \"Category\", page = \"\", area = \"\"}". Executing controller action with signature "System.Threading.Tasks.Task`1[Microsoft.AspNetCore.Mvc.IActionResult] CreateCategory(Forum.Models.Category)" on controller "Forum.Controllers.CategoryController" ("Forum").
2023-10-14 13:25:40.448 +02:00 [Warning] [CategoryController] Category creation failed Category { CategoryId: 0, Name: null, Rooms: null }
2023-10-14 13:25:40.449 +02:00 [Information] Executing ViewResult, running view "CreateCategory".
2023-10-14 13:25:40.450 +02:00 [Information] Executed ViewResult - view "CreateCategory" executed in 1.6607ms.
2023-10-14 13:25:40.450 +02:00 [Information] Executed action "Forum.Controllers.CategoryController.CreateCategory (Forum)" in 2.1121ms
2023-10-14 13:25:40.450 +02:00 [Information] Executed endpoint '"Forum.Controllers.CategoryController.CreateCategory (Forum)"'
2023-10-14 13:25:40.451 +02:00 [Information] Request finished HTTP/2 POST https://localhost:7205/Category/CreateCategory application/x-www-form-urlencoded 231 - 200 - text/html;+charset=utf-8 4.2637ms
2023-10-14 13:25:40.457 +02:00 [Information] Request starting HTTP/2 GET https://localhost:7205/_vs/browserLink - -
2023-10-14 13:25:40.458 +02:00 [Information] Request starting HTTP/2 GET https://localhost:7205/_framework/aspnetcore-browser-refresh.js - -
2023-10-14 13:25:40.458 +02:00 [Information] Request finished HTTP/2 GET https://localhost:7205/_framework/aspnetcore-browser-refresh.js - - - 200 12342 application/javascript;+charset=utf-8 0.1270ms
2023-10-14 13:25:40.459 +02:00 [Information] Request finished HTTP/2 GET https://localhost:7205/_vs/browserLink - - - 200 - text/javascript;+charset=UTF-8 1.5558ms
2023-10-14 13:25:40.627 +02:00 [Information] Request starting HTTP/2 POST https://localhost:7205/Category/CreateCategory application/x-www-form-urlencoded 231
2023-10-14 13:25:40.628 +02:00 [Information] Executing endpoint '"Forum.Controllers.CategoryController.CreateCategory (Forum)"'
2023-10-14 13:25:40.629 +02:00 [Information] Route matched with "{action = \"CreateCategory\", controller = \"Category\", page = \"\", area = \"\"}". Executing controller action with signature "System.Threading.Tasks.Task`1[Microsoft.AspNetCore.Mvc.IActionResult] CreateCategory(Forum.Models.Category)" on controller "Forum.Controllers.CategoryController" ("Forum").
2023-10-14 13:25:40.629 +02:00 [Warning] [CategoryController] Category creation failed Category { CategoryId: 0, Name: null, Rooms: null }
2023-10-14 13:25:40.629 +02:00 [Information] Executing ViewResult, running view "CreateCategory".
2023-10-14 13:25:40.631 +02:00 [Information] Executed ViewResult - view "CreateCategory" executed in 1.5703ms.
2023-10-14 13:25:40.631 +02:00 [Information] Executed action "Forum.Controllers.CategoryController.CreateCategory (Forum)" in 2.1399ms
2023-10-14 13:25:40.631 +02:00 [Information] Executed endpoint '"Forum.Controllers.CategoryController.CreateCategory (Forum)"'
2023-10-14 13:25:40.631 +02:00 [Information] Request finished HTTP/2 POST https://localhost:7205/Category/CreateCategory application/x-www-form-urlencoded 231 - 200 - text/html;+charset=utf-8 4.1858ms
2023-10-14 13:25:40.638 +02:00 [Information] Request starting HTTP/2 GET https://localhost:7205/_vs/browserLink - -
2023-10-14 13:25:40.639 +02:00 [Information] Request starting HTTP/2 GET https://localhost:7205/_framework/aspnetcore-browser-refresh.js - -
2023-10-14 13:25:40.639 +02:00 [Information] Request finished HTTP/2 GET https://localhost:7205/_framework/aspnetcore-browser-refresh.js - - - 200 12342 application/javascript;+charset=utf-8 0.1292ms
2023-10-14 13:25:40.640 +02:00 [Information] Request finished HTTP/2 GET https://localhost:7205/_vs/browserLink - - - 200 - text/javascript;+charset=UTF-8 1.7559ms
2023-10-14 13:25:40.851 +02:00 [Information] Request starting HTTP/2 POST https://localhost:7205/Category/CreateCategory application/x-www-form-urlencoded 231
2023-10-14 13:25:40.852 +02:00 [Information] Executing endpoint '"Forum.Controllers.CategoryController.CreateCategory (Forum)"'
2023-10-14 13:25:40.852 +02:00 [Information] Route matched with "{action = \"CreateCategory\", controller = \"Category\", page = \"\", area = \"\"}". Executing controller action with signature "System.Threading.Tasks.Task`1[Microsoft.AspNetCore.Mvc.IActionResult] CreateCategory(Forum.Models.Category)" on controller "Forum.Controllers.CategoryController" ("Forum").
2023-10-14 13:25:40.853 +02:00 [Warning] [CategoryController] Category creation failed Category { CategoryId: 0, Name: null, Rooms: null }
2023-10-14 13:25:40.853 +02:00 [Information] Executing ViewResult, running view "CreateCategory".
2023-10-14 13:25:40.855 +02:00 [Information] Executed ViewResult - view "CreateCategory" executed in 1.7244ms.
2023-10-14 13:25:40.855 +02:00 [Information] Executed action "Forum.Controllers.CategoryController.CreateCategory (Forum)" in 2.2119ms
2023-10-14 13:25:40.855 +02:00 [Information] Executed endpoint '"Forum.Controllers.CategoryController.CreateCategory (Forum)"'
2023-10-14 13:25:40.855 +02:00 [Information] Request finished HTTP/2 POST https://localhost:7205/Category/CreateCategory application/x-www-form-urlencoded 231 - 200 - text/html;+charset=utf-8 4.2297ms
2023-10-14 13:25:40.862 +02:00 [Information] Request starting HTTP/2 GET https://localhost:7205/_vs/browserLink - -
2023-10-14 13:25:40.862 +02:00 [Information] Request starting HTTP/2 GET https://localhost:7205/_framework/aspnetcore-browser-refresh.js - -
2023-10-14 13:25:40.862 +02:00 [Information] Request finished HTTP/2 GET https://localhost:7205/_framework/aspnetcore-browser-refresh.js - - - 200 12342 application/javascript;+charset=utf-8 0.1184ms
2023-10-14 13:25:40.863 +02:00 [Information] Request finished HTTP/2 GET https://localhost:7205/_vs/browserLink - - - 200 - text/javascript;+charset=UTF-8 1.7212ms
