2023-10-30 18:05:38.411 +01:00 [Information] User profile is available. Using '"C:\Users\abdik\AppData\Local\ASP.NET\DataProtection-Keys"' as key repository and Windows DPAPI to encrypt keys at rest.
2023-10-30 18:05:38.867 +01:00 [Information] Now listening on: "https://localhost:7205"
2023-10-30 18:05:38.868 +01:00 [Information] Now listening on: "http://localhost:5112"
2023-10-30 18:05:38.870 +01:00 [Information] Application started. Press Ctrl+C to shut down.
2023-10-30 18:05:38.871 +01:00 [Information] Hosting environment: "Development"
2023-10-30 18:05:38.871 +01:00 [Information] Content root path: "C:\Users\abdik\Source\Repos\Forum\MyShop\"
2023-10-30 18:05:39.020 +01:00 [Information] Request starting HTTP/2 GET https://localhost:7205/Post/PostDetails/2 - -
2023-10-30 18:05:39.057 +01:00 [Information] Executing endpoint '"Forum.Controllers.PostController.PostDetails (Forum)"'
2023-10-30 18:05:39.072 +01:00 [Information] Route matched with "{action = \"PostDetails\", controller = \"Post\", page = \"\", area = \"\"}". Executing controller action with signature "System.Threading.Tasks.Task`1[Microsoft.AspNetCore.Mvc.IActionResult] PostDetails(Int32)" on controller "Forum.Controllers.PostController" ("Forum").
2023-10-30 18:05:39.117 +01:00 [Information] Executing ViewResult, running view "PostDetails".
2023-10-30 18:05:39.287 +01:00 [Information] Executed ViewResult - view "PostDetails" executed in 169.8567ms.
2023-10-30 18:05:39.289 +01:00 [Information] Executed action "Forum.Controllers.PostController.PostDetails (Forum)" in 217.0125ms
2023-10-30 18:05:39.289 +01:00 [Information] Executed endpoint '"Forum.Controllers.PostController.PostDetails (Forum)"'
2023-10-30 18:05:39.301 +01:00 [Information] Request finished HTTP/2 GET https://localhost:7205/Post/PostDetails/2 - - - 200 - text/html;+charset=utf-8 282.8548ms
2023-10-30 18:05:39.306 +01:00 [Information] Request starting HTTP/2 GET https://localhost:7205/_framework/aspnetcore-browser-refresh.js - -
2023-10-30 18:05:39.306 +01:00 [Information] Request starting HTTP/2 GET https://localhost:7205/css/style.css - -
2023-10-30 18:05:39.306 +01:00 [Information] Request starting HTTP/2 GET https://localhost:7205/css/style.css?v=7qXswWkwcHuhatYiXCkiEczRrR7WNwT7ifp5qa6kH28 - -
2023-10-30 18:05:39.308 +01:00 [Information] Request finished HTTP/2 GET https://localhost:7205/_framework/aspnetcore-browser-refresh.js - - - 200 12342 application/javascript;+charset=utf-8 2.0673ms
2023-10-30 18:05:39.309 +01:00 [Information] The file "/css/style.css" was not modified
2023-10-30 18:05:39.309 +01:00 [Information] The file "/css/style.css" was not modified
2023-10-30 18:05:39.309 +01:00 [Information] Request finished HTTP/2 GET https://localhost:7205/css/style.css - - - 304 - text/css 3.0919ms
2023-10-30 18:05:39.309 +01:00 [Information] Request finished HTTP/2 GET https://localhost:7205/css/style.css?v=7qXswWkwcHuhatYiXCkiEczRrR7WNwT7ifp5qa6kH28 - - - 304 - text/css 3.1189ms
2023-10-30 18:05:39.310 +01:00 [Information] Request starting HTTP/2 GET https://localhost:7205/_vs/browserLink - -
2023-10-30 18:05:39.316 +01:00 [Information] Request finished HTTP/2 GET https://localhost:7205/_vs/browserLink - - - 200 - text/javascript;+charset=UTF-8 5.7485ms
