2023-10-17 18:05:53.021 +02:00 [Information] User profile is available. Using '"C:\Users\abdik\AppData\Local\ASP.NET\DataProtection-Keys"' as key repository and Windows DPAPI to encrypt keys at rest.
2023-10-17 18:05:53.408 +02:00 [Information] Now listening on: "https://localhost:7205"
2023-10-17 18:05:53.408 +02:00 [Information] Now listening on: "http://localhost:5112"
2023-10-17 18:05:53.411 +02:00 [Information] Application started. Press Ctrl+C to shut down.
2023-10-17 18:05:53.411 +02:00 [Information] Hosting environment: "Development"
2023-10-17 18:05:53.411 +02:00 [Information] Content root path: "C:\Users\abdik\Source\Repos\Forum\MyShop\"
2023-10-17 18:05:53.884 +02:00 [Information] Request starting HTTP/2 GET https://localhost:7205/ - -
2023-10-17 18:05:53.924 +02:00 [Information] Executing endpoint '"Forum.Controllers.HomeController.Index (Forum)"'
2023-10-17 18:05:53.932 +02:00 [Information] Route matched with "{action = \"Index\", controller = \"Home\", page = \"\", area = \"\"}". Executing controller action with signature "Microsoft.AspNetCore.Mvc.IActionResult Index()" on controller "Forum.Controllers.HomeController" ("Forum").
2023-10-17 18:05:53.938 +02:00 [Information] Executing ViewResult, running view "Index".
2023-10-17 18:05:54.046 +02:00 [Information] Executed ViewResult - view "Index" executed in 108.7331ms.
2023-10-17 18:05:54.047 +02:00 [Information] Executed action "Forum.Controllers.HomeController.Index (Forum)" in 115.2277ms
2023-10-17 18:05:54.048 +02:00 [Information] Executed endpoint '"Forum.Controllers.HomeController.Index (Forum)"'
2023-10-17 18:05:54.066 +02:00 [Information] Request finished HTTP/2 GET https://localhost:7205/ - - - 200 - text/html;+charset=utf-8 184.4676ms
2023-10-17 18:05:54.071 +02:00 [Information] Request starting HTTP/2 GET https://localhost:7205/_framework/aspnetcore-browser-refresh.js - -
2023-10-17 18:05:54.072 +02:00 [Information] Request finished HTTP/2 GET https://localhost:7205/_framework/aspnetcore-browser-refresh.js - - - 200 12342 application/javascript;+charset=utf-8 1.7007ms
2023-10-17 18:05:54.109 +02:00 [Information] Request starting HTTP/2 GET https://localhost:7205/_vs/browserLink - -
2023-10-17 18:05:54.123 +02:00 [Information] Request finished HTTP/2 GET https://localhost:7205/_vs/browserLink - - - 200 - text/javascript;+charset=UTF-8 13.7546ms
2023-10-17 18:06:01.294 +02:00 [Information] Request starting HTTP/2 GET https://localhost:7205/Category/CategoryDetails/2 - -
2023-10-17 18:06:01.296 +02:00 [Information] Executing endpoint '"Forum.Controllers.CategoryController.CategoryDetails (Forum)"'
2023-10-17 18:06:01.304 +02:00 [Information] Route matched with "{action = \"CategoryDetails\", controller = \"Category\", page = \"\", area = \"\"}". Executing controller action with signature "System.Threading.Tasks.Task`1[Microsoft.AspNetCore.Mvc.IActionResult] CategoryDetails(Int32)" on controller "Forum.Controllers.CategoryController" ("Forum").
2023-10-17 18:06:01.316 +02:00 [Information] Executing ViewResult, running view "CategoryDetails".
2023-10-17 18:06:01.340 +02:00 [Information] Executed ViewResult - view "CategoryDetails" executed in 24.7297ms.
2023-10-17 18:06:01.341 +02:00 [Information] Executed action "Forum.Controllers.CategoryController.CategoryDetails (Forum)" in 36.0038ms
2023-10-17 18:06:01.341 +02:00 [Information] Executed endpoint '"Forum.Controllers.CategoryController.CategoryDetails (Forum)"'
2023-10-17 18:06:01.342 +02:00 [Information] Request finished HTTP/2 GET https://localhost:7205/Category/CategoryDetails/2 - - - 200 - text/html;+charset=utf-8 47.7914ms
2023-10-17 18:06:01.359 +02:00 [Information] Request starting HTTP/2 GET https://localhost:7205/_vs/browserLink - -
2023-10-17 18:06:01.359 +02:00 [Information] Request starting HTTP/2 GET https://localhost:7205/_framework/aspnetcore-browser-refresh.js - -
2023-10-17 18:06:01.359 +02:00 [Information] Request finished HTTP/2 GET https://localhost:7205/_framework/aspnetcore-browser-refresh.js - - - 200 12342 application/javascript;+charset=utf-8 0.3804ms
2023-10-17 18:06:01.361 +02:00 [Information] Request finished HTTP/2 GET https://localhost:7205/_vs/browserLink - - - 200 - text/javascript;+charset=UTF-8 2.0842ms
2023-10-17 18:06:03.016 +02:00 [Information] Request starting HTTP/2 GET https://localhost:7205/_framework/aspnetcore-browser-refresh.js - -
2023-10-17 18:06:03.016 +02:00 [Information] Request finished HTTP/2 GET https://localhost:7205/_framework/aspnetcore-browser-refresh.js - - - 200 12342 application/javascript;+charset=utf-8 0.3556ms
2023-10-17 18:06:04.312 +02:00 [Information] Request starting HTTP/2 GET https://localhost:7205/Category/CategoryDetails/1 - -
2023-10-17 18:06:04.314 +02:00 [Information] Executing endpoint '"Forum.Controllers.CategoryController.CategoryDetails (Forum)"'
2023-10-17 18:06:04.314 +02:00 [Information] Route matched with "{action = \"CategoryDetails\", controller = \"Category\", page = \"\", area = \"\"}". Executing controller action with signature "System.Threading.Tasks.Task`1[Microsoft.AspNetCore.Mvc.IActionResult] CategoryDetails(Int32)" on controller "Forum.Controllers.CategoryController" ("Forum").
2023-10-17 18:06:04.317 +02:00 [Information] Executing ViewResult, running view "CategoryDetails".
2023-10-17 18:06:04.322 +02:00 [Information] Executed ViewResult - view "CategoryDetails" executed in 4.9639ms.
2023-10-17 18:06:04.322 +02:00 [Information] Executed action "Forum.Controllers.CategoryController.CategoryDetails (Forum)" in 7.4098ms
2023-10-17 18:06:04.322 +02:00 [Information] Executed endpoint '"Forum.Controllers.CategoryController.CategoryDetails (Forum)"'
2023-10-17 18:06:04.322 +02:00 [Information] Request finished HTTP/2 GET https://localhost:7205/Category/CategoryDetails/1 - - - 200 - text/html;+charset=utf-8 10.6765ms
2023-10-17 18:06:04.336 +02:00 [Information] Request starting HTTP/2 GET https://localhost:7205/_framework/aspnetcore-browser-refresh.js - -
2023-10-17 18:06:04.336 +02:00 [Information] Request starting HTTP/2 GET https://localhost:7205/_vs/browserLink - -
2023-10-17 18:06:04.336 +02:00 [Information] Request finished HTTP/2 GET https://localhost:7205/_framework/aspnetcore-browser-refresh.js - - - 200 12342 application/javascript;+charset=utf-8 0.1842ms
2023-10-17 18:06:04.338 +02:00 [Information] Request finished HTTP/2 GET https://localhost:7205/_vs/browserLink - - - 200 - text/javascript;+charset=UTF-8 1.7895ms
2023-10-17 18:06:05.356 +02:00 [Information] Request starting HTTP/2 GET https://localhost:7205/_framework/aspnetcore-browser-refresh.js - -
2023-10-17 18:06:05.356 +02:00 [Information] Request finished HTTP/2 GET https://localhost:7205/_framework/aspnetcore-browser-refresh.js - - - 200 12342 application/javascript;+charset=utf-8 0.1575ms
2023-10-17 18:06:06.071 +02:00 [Information] Request starting HTTP/2 GET https://localhost:7205/Category/CategoryDetails/3 - -
2023-10-17 18:06:06.071 +02:00 [Information] Executing endpoint '"Forum.Controllers.CategoryController.CategoryDetails (Forum)"'
2023-10-17 18:06:06.071 +02:00 [Information] Route matched with "{action = \"CategoryDetails\", controller = \"Category\", page = \"\", area = \"\"}". Executing controller action with signature "System.Threading.Tasks.Task`1[Microsoft.AspNetCore.Mvc.IActionResult] CategoryDetails(Int32)" on controller "Forum.Controllers.CategoryController" ("Forum").
2023-10-17 18:06:06.074 +02:00 [Information] Executing ViewResult, running view "CategoryDetails".
2023-10-17 18:06:06.077 +02:00 [Information] Executed ViewResult - view "CategoryDetails" executed in 2.8986ms.
2023-10-17 18:06:06.077 +02:00 [Information] Executed action "Forum.Controllers.CategoryController.CategoryDetails (Forum)" in 5.4846ms
2023-10-17 18:06:06.077 +02:00 [Information] Executed endpoint '"Forum.Controllers.CategoryController.CategoryDetails (Forum)"'
2023-10-17 18:06:06.078 +02:00 [Information] Request finished HTTP/2 GET https://localhost:7205/Category/CategoryDetails/3 - - - 200 - text/html;+charset=utf-8 6.9582ms
2023-10-17 18:06:06.091 +02:00 [Information] Request starting HTTP/2 GET https://localhost:7205/_vs/browserLink - -
2023-10-17 18:06:06.092 +02:00 [Information] Request starting HTTP/2 GET https://localhost:7205/_framework/aspnetcore-browser-refresh.js - -
2023-10-17 18:06:06.092 +02:00 [Information] Request finished HTTP/2 GET https://localhost:7205/_framework/aspnetcore-browser-refresh.js - - - 200 12342 application/javascript;+charset=utf-8 0.2651ms
2023-10-17 18:06:06.095 +02:00 [Information] Request finished HTTP/2 GET https://localhost:7205/_vs/browserLink - - - 200 - text/javascript;+charset=UTF-8 3.5309ms
2023-10-17 18:06:07.707 +02:00 [Information] Request starting HTTP/2 GET https://localhost:7205/_framework/aspnetcore-browser-refresh.js - -
2023-10-17 18:06:07.707 +02:00 [Information] Request finished HTTP/2 GET https://localhost:7205/_framework/aspnetcore-browser-refresh.js - - - 200 12342 application/javascript;+charset=utf-8 0.1732ms
