2023-10-24 13:41:04.490 +02:00 [Information] User profile is available. Using '"C:\Users\abdik\AppData\Local\ASP.NET\DataProtection-Keys"' as key repository and Windows DPAPI to encrypt keys at rest.
2023-10-24 13:41:04.891 +02:00 [Information] Now listening on: "https://localhost:7205"
2023-10-24 13:41:04.891 +02:00 [Information] Now listening on: "http://localhost:5112"
2023-10-24 13:41:04.894 +02:00 [Information] Application started. Press Ctrl+C to shut down.
2023-10-24 13:41:04.894 +02:00 [Information] Hosting environment: "Development"
2023-10-24 13:41:04.894 +02:00 [Information] Content root path: "C:\Users\abdik\Source\Repos\Forum\MyShop\"
2023-10-24 13:41:05.238 +02:00 [Information] Request starting HTTP/2 GET https://localhost:7205/ - -
2023-10-24 13:41:05.277 +02:00 [Information] Executing endpoint '"Forum.Controllers.HomeController.Index (Forum)"'
2023-10-24 13:41:05.285 +02:00 [Information] Route matched with "{action = \"Index\", controller = \"Home\", page = \"\", area = \"\"}". Executing controller action with signature "Microsoft.AspNetCore.Mvc.IActionResult Index()" on controller "Forum.Controllers.HomeController" ("Forum").
2023-10-24 13:41:05.290 +02:00 [Information] Executing ViewResult, running view "Index".
2023-10-24 13:41:05.392 +02:00 [Information] Executed ViewResult - view "Index" executed in 100.4954ms.
2023-10-24 13:41:05.393 +02:00 [Information] Executed action "Forum.Controllers.HomeController.Index (Forum)" in 107.6797ms
2023-10-24 13:41:05.393 +02:00 [Information] Executed endpoint '"Forum.Controllers.HomeController.Index (Forum)"'
2023-10-24 13:41:05.406 +02:00 [Information] Request finished HTTP/2 GET https://localhost:7205/ - - - 200 - text/html;+charset=utf-8 169.9833ms
2023-10-24 13:41:05.413 +02:00 [Information] Request starting HTTP/2 GET https://localhost:7205/images/fotball.jpg - -
2023-10-24 13:41:05.413 +02:00 [Information] Request starting HTTP/2 GET https://localhost:7205/style.css - -
2023-10-24 13:41:05.415 +02:00 [Information] Request finished HTTP/2 GET https://localhost:7205/style.css - - - 404 0 - 2.5622ms
2023-10-24 13:41:05.420 +02:00 [Information] Request starting HTTP/2 GET https://localhost:7205/images/mosque.jpg - -
2023-10-24 13:41:05.422 +02:00 [Information] The file "/images/fotball.jpg" was not modified
2023-10-24 13:41:05.422 +02:00 [Information] The file "/images/mosque.jpg" was not modified
2023-10-24 13:41:05.422 +02:00 [Information] Request finished HTTP/2 GET https://localhost:7205/images/fotball.jpg - - - 304 - image/jpeg 9.7352ms
2023-10-24 13:41:05.422 +02:00 [Information] Request finished HTTP/2 GET https://localhost:7205/images/mosque.jpg - - - 304 - image/jpeg 2.2054ms
2023-10-24 13:41:05.429 +02:00 [Information] Request starting HTTP/2 GET https://localhost:7205/_framework/aspnetcore-browser-refresh.js - -
2023-10-24 13:41:05.431 +02:00 [Information] Request finished HTTP/2 GET https://localhost:7205/_framework/aspnetcore-browser-refresh.js - - - 200 12342 application/javascript;+charset=utf-8 1.9296ms
2023-10-24 13:41:05.433 +02:00 [Information] Request starting HTTP/2 GET https://localhost:7205/_vs/browserLink - -
2023-10-24 13:41:05.439 +02:00 [Information] Request finished HTTP/2 GET https://localhost:7205/_vs/browserLink - - - 200 - text/javascript;+charset=UTF-8 5.9986ms
2023-10-24 13:41:21.779 +02:00 [Information] Request starting HTTP/2 GET https://localhost:7205/Topic/TopicTable - -
2023-10-24 13:41:21.780 +02:00 [Information] Executing endpoint '"Forum.Controllers.TopicController.TopicTable (Forum)"'
2023-10-24 13:41:21.783 +02:00 [Information] Route matched with "{action = \"TopicTable\", controller = \"Topic\", page = \"\", area = \"\"}". Executing controller action with signature "System.Threading.Tasks.Task`1[Microsoft.AspNetCore.Mvc.IActionResult] TopicTable()" on controller "Forum.Controllers.TopicController" ("Forum").
2023-10-24 13:41:21.793 +02:00 [Information] Executing ViewResult, running view "TopicTable".
2023-10-24 13:41:21.807 +02:00 [Information] Executed ViewResult - view "TopicTable" executed in 14.0569ms.
2023-10-24 13:41:21.807 +02:00 [Information] Executed action "Forum.Controllers.TopicController.TopicTable (Forum)" in 23.9825ms
2023-10-24 13:41:21.807 +02:00 [Information] Executed endpoint '"Forum.Controllers.TopicController.TopicTable (Forum)"'
2023-10-24 13:41:21.808 +02:00 [Information] Request finished HTTP/2 GET https://localhost:7205/Topic/TopicTable - - - 200 - text/html;+charset=utf-8 28.8026ms
2023-10-24 13:41:21.826 +02:00 [Information] Request starting HTTP/2 GET https://localhost:7205/Topic/style.css - -
2023-10-24 13:41:21.826 +02:00 [Information] Request starting HTTP/2 GET https://localhost:7205/_framework/aspnetcore-browser-refresh.js - -
2023-10-24 13:41:21.826 +02:00 [Information] Request starting HTTP/2 GET https://localhost:7205/_vs/browserLink - -
2023-10-24 13:41:21.826 +02:00 [Information] Request finished HTTP/2 GET https://localhost:7205/_framework/aspnetcore-browser-refresh.js - - - 200 12342 application/javascript;+charset=utf-8 0.2439ms
2023-10-24 13:41:21.828 +02:00 [Information] Request finished HTTP/2 GET https://localhost:7205/Topic/style.css - - - 404 0 - 1.9215ms
2023-10-24 13:41:21.828 +02:00 [Information] Request finished HTTP/2 GET https://localhost:7205/_vs/browserLink - - - 200 - text/javascript;+charset=UTF-8 2.0392ms
2023-10-24 13:41:39.539 +02:00 [Information] Request starting HTTP/2 GET https://localhost:7205/Room/RoomTable - -
2023-10-24 13:41:39.540 +02:00 [Information] Executing endpoint '"Forum.Controllers.RoomController.RoomTable (Forum)"'
2023-10-24 13:41:39.542 +02:00 [Information] Route matched with "{action = \"RoomTable\", controller = \"Room\", page = \"\", area = \"\"}". Executing controller action with signature "System.Threading.Tasks.Task`1[Microsoft.AspNetCore.Mvc.IActionResult] RoomTable()" on controller "Forum.Controllers.RoomController" ("Forum").
2023-10-24 13:41:39.548 +02:00 [Information] Executing ViewResult, running view "RoomTable".
2023-10-24 13:41:39.557 +02:00 [Information] Executed ViewResult - view "RoomTable" executed in 9.3603ms.
2023-10-24 13:41:39.557 +02:00 [Information] Executed action "Forum.Controllers.RoomController.RoomTable (Forum)" in 15.3111ms
2023-10-24 13:41:39.557 +02:00 [Information] Executed endpoint '"Forum.Controllers.RoomController.RoomTable (Forum)"'
2023-10-24 13:41:39.558 +02:00 [Information] Request finished HTTP/2 GET https://localhost:7205/Room/RoomTable - - - 200 - text/html;+charset=utf-8 18.6394ms
2023-10-24 13:41:39.580 +02:00 [Information] Request starting HTTP/2 GET https://localhost:7205/Room/style.css - -
2023-10-24 13:41:39.580 +02:00 [Information] Request starting HTTP/2 GET https://localhost:7205/_framework/aspnetcore-browser-refresh.js - -
2023-10-24 13:41:39.580 +02:00 [Information] Request finished HTTP/2 GET https://localhost:7205/_framework/aspnetcore-browser-refresh.js - - - 200 12342 application/javascript;+charset=utf-8 0.2098ms
2023-10-24 13:41:39.581 +02:00 [Information] Request finished HTTP/2 GET https://localhost:7205/Room/style.css - - - 404 0 - 1.3655ms
2023-10-24 13:41:39.585 +02:00 [Information] Request starting HTTP/2 GET https://localhost:7205/_vs/browserLink - -
2023-10-24 13:41:39.586 +02:00 [Information] Request finished HTTP/2 GET https://localhost:7205/_vs/browserLink - - - 200 - text/javascript;+charset=UTF-8 1.6477ms
2023-10-24 13:41:44.997 +02:00 [Information] Request starting HTTP/2 GET https://localhost:7205/Room/RoomDetails/3 - -
2023-10-24 13:41:44.998 +02:00 [Information] Executing endpoint '"Forum.Controllers.RoomController.RoomDetails (Forum)"'
2023-10-24 13:41:45.006 +02:00 [Information] Route matched with "{action = \"RoomDetails\", controller = \"Room\", page = \"\", area = \"\"}". Executing controller action with signature "System.Threading.Tasks.Task`1[Microsoft.AspNetCore.Mvc.IActionResult] RoomDetails(Int32)" on controller "Forum.Controllers.RoomController" ("Forum").
2023-10-24 13:41:45.015 +02:00 [Information] Executing ViewResult, running view "RoomDetails".
2023-10-24 13:41:45.029 +02:00 [Information] Executed ViewResult - view "RoomDetails" executed in 14.4173ms.
2023-10-24 13:41:45.029 +02:00 [Information] Executed action "Forum.Controllers.RoomController.RoomDetails (Forum)" in 23.061ms
2023-10-24 13:41:45.029 +02:00 [Information] Executed endpoint '"Forum.Controllers.RoomController.RoomDetails (Forum)"'
2023-10-24 13:41:45.029 +02:00 [Information] Request finished HTTP/2 GET https://localhost:7205/Room/RoomDetails/3 - - - 200 - text/html;+charset=utf-8 32.0142ms
2023-10-24 13:41:45.045 +02:00 [Information] Request starting HTTP/2 GET https://localhost:7205/Room/RoomDetails/style.css - -
2023-10-24 13:41:45.046 +02:00 [Information] Executing endpoint '"Forum.Controllers.RoomController.RoomDetails (Forum)"'
2023-10-24 13:41:45.046 +02:00 [Information] Route matched with "{action = \"RoomDetails\", controller = \"Room\", page = \"\", area = \"\"}". Executing controller action with signature "System.Threading.Tasks.Task`1[Microsoft.AspNetCore.Mvc.IActionResult] RoomDetails(Int32)" on controller "Forum.Controllers.RoomController" ("Forum").
2023-10-24 13:41:45.046 +02:00 [Information] Request starting HTTP/2 GET https://localhost:7205/_vs/browserLink - -
2023-10-24 13:41:45.047 +02:00 [Information] Request starting HTTP/2 GET https://localhost:7205/_framework/aspnetcore-browser-refresh.js - -
2023-10-24 13:41:45.047 +02:00 [Information] Request finished HTTP/2 GET https://localhost:7205/_framework/aspnetcore-browser-refresh.js - - - 200 12342 application/javascript;+charset=utf-8 0.1346ms
2023-10-24 13:41:45.048 +02:00 [Information] Request finished HTTP/2 GET https://localhost:7205/_vs/browserLink - - - 200 - text/javascript;+charset=UTF-8 1.6502ms
2023-10-24 13:41:45.054 +02:00 [Error] Room with ID not found Room ID: 0
2023-10-24 13:41:45.057 +02:00 [Information] Executing StatusCodeResult, setting HTTP status code 404
2023-10-24 13:41:45.057 +02:00 [Information] Executed action "Forum.Controllers.RoomController.RoomDetails (Forum)" in 10.8534ms
2023-10-24 13:41:45.057 +02:00 [Information] Executed endpoint '"Forum.Controllers.RoomController.RoomDetails (Forum)"'
2023-10-24 13:41:45.057 +02:00 [Information] Request finished HTTP/2 GET https://localhost:7205/Room/RoomDetails/style.css - - - 404 0 - 11.4591ms
2023-10-24 13:41:50.305 +02:00 [Information] Request starting HTTP/2 GET https://localhost:7205/Topic/TopicDetails/3 - -
2023-10-24 13:41:50.305 +02:00 [Information] Executing endpoint '"Forum.Controllers.TopicController.TopicDetails (Forum)"'
2023-10-24 13:41:50.307 +02:00 [Information] Route matched with "{action = \"TopicDetails\", controller = \"Topic\", page = \"\", area = \"\"}". Executing controller action with signature "System.Threading.Tasks.Task`1[Microsoft.AspNetCore.Mvc.IActionResult] TopicDetails(Int32)" on controller "Forum.Controllers.TopicController" ("Forum").
2023-10-24 13:41:50.313 +02:00 [Information] Executing ViewResult, running view "TopicDetails".
2023-10-24 13:41:50.322 +02:00 [Information] Executed ViewResult - view "TopicDetails" executed in 10.0292ms.
2023-10-24 13:41:50.322 +02:00 [Information] Executed action "Forum.Controllers.TopicController.TopicDetails (Forum)" in 14.7806ms
2023-10-24 13:41:50.322 +02:00 [Information] Executed endpoint '"Forum.Controllers.TopicController.TopicDetails (Forum)"'
2023-10-24 13:41:50.323 +02:00 [Information] Request finished HTTP/2 GET https://localhost:7205/Topic/TopicDetails/3 - - - 200 - text/html;+charset=utf-8 18.2382ms
2023-10-24 13:41:50.341 +02:00 [Information] Request starting HTTP/2 GET https://localhost:7205/Topic/TopicDetails/style.css - -
2023-10-24 13:41:50.341 +02:00 [Information] Executing endpoint '"Forum.Controllers.TopicController.TopicDetails (Forum)"'
2023-10-24 13:41:50.341 +02:00 [Information] Route matched with "{action = \"TopicDetails\", controller = \"Topic\", page = \"\", area = \"\"}". Executing controller action with signature "System.Threading.Tasks.Task`1[Microsoft.AspNetCore.Mvc.IActionResult] TopicDetails(Int32)" on controller "Forum.Controllers.TopicController" ("Forum").
2023-10-24 13:41:50.341 +02:00 [Information] Request starting HTTP/2 GET https://localhost:7205/_vs/browserLink - -
2023-10-24 13:41:50.342 +02:00 [Information] Request starting HTTP/2 GET https://localhost:7205/_framework/aspnetcore-browser-refresh.js - -
2023-10-24 13:41:50.342 +02:00 [Information] Request finished HTTP/2 GET https://localhost:7205/_framework/aspnetcore-browser-refresh.js - - - 200 12342 application/javascript;+charset=utf-8 0.1305ms
2023-10-24 13:41:50.343 +02:00 [Information] Request finished HTTP/2 GET https://localhost:7205/_vs/browserLink - - - 200 - text/javascript;+charset=UTF-8 1.9640ms
2023-10-24 13:41:50.344 +02:00 [Error] [TopicController] Topic not found for the TopicId 0000
2023-10-24 13:41:50.348 +02:00 [Information] Executing "NotFoundObjectResult", writing value of type '"System.String"'.
2023-10-24 13:41:50.348 +02:00 [Information] Executed action "Forum.Controllers.TopicController.TopicDetails (Forum)" in 7.2875ms
2023-10-24 13:41:50.348 +02:00 [Information] Executed endpoint '"Forum.Controllers.TopicController.TopicDetails (Forum)"'
2023-10-24 13:41:50.349 +02:00 [Information] Request finished HTTP/2 GET https://localhost:7205/Topic/TopicDetails/style.css - - - 404 - text/plain;+charset=utf-8 7.8399ms
2023-10-24 13:41:52.357 +02:00 [Information] Request starting HTTP/2 GET https://localhost:7205/_framework/aspnetcore-browser-refresh.js - -
2023-10-24 13:41:52.357 +02:00 [Information] Request finished HTTP/2 GET https://localhost:7205/_framework/aspnetcore-browser-refresh.js - - - 200 12342 application/javascript;+charset=utf-8 0.1775ms
2023-10-24 13:42:05.230 +02:00 [Information] Request starting HTTP/2 GET https://localhost:7205/Topic/TopicTable - -
2023-10-24 13:42:05.231 +02:00 [Information] Executing endpoint '"Forum.Controllers.TopicController.TopicTable (Forum)"'
2023-10-24 13:42:05.231 +02:00 [Information] Route matched with "{action = \"TopicTable\", controller = \"Topic\", page = \"\", area = \"\"}". Executing controller action with signature "System.Threading.Tasks.Task`1[Microsoft.AspNetCore.Mvc.IActionResult] TopicTable()" on controller "Forum.Controllers.TopicController" ("Forum").
2023-10-24 13:42:05.232 +02:00 [Information] Executing ViewResult, running view "TopicTable".
2023-10-24 13:42:05.234 +02:00 [Information] Executed ViewResult - view "TopicTable" executed in 2.3157ms.
2023-10-24 13:42:05.235 +02:00 [Information] Executed action "Forum.Controllers.TopicController.TopicTable (Forum)" in 3.9236ms
2023-10-24 13:42:05.235 +02:00 [Information] Executed endpoint '"Forum.Controllers.TopicController.TopicTable (Forum)"'
2023-10-24 13:42:05.235 +02:00 [Information] Request finished HTTP/2 GET https://localhost:7205/Topic/TopicTable - - - 200 - text/html;+charset=utf-8 5.1513ms
2023-10-24 13:42:05.252 +02:00 [Information] Request starting HTTP/2 GET https://localhost:7205/Topic/style.css - -
2023-10-24 13:42:05.252 +02:00 [Information] Request starting HTTP/2 GET https://localhost:7205/_framework/aspnetcore-browser-refresh.js - -
2023-10-24 13:42:05.252 +02:00 [Information] Request starting HTTP/2 GET https://localhost:7205/_vs/browserLink - -
2023-10-24 13:42:05.252 +02:00 [Information] Request finished HTTP/2 GET https://localhost:7205/_framework/aspnetcore-browser-refresh.js - - - 200 12342 application/javascript;+charset=utf-8 0.1131ms
2023-10-24 13:42:05.252 +02:00 [Information] Request finished HTTP/2 GET https://localhost:7205/Topic/style.css - - - 404 0 - 0.5347ms
2023-10-24 13:42:05.254 +02:00 [Information] Request finished HTTP/2 GET https://localhost:7205/_vs/browserLink - - - 200 - text/javascript;+charset=UTF-8 1.7208ms
2023-10-24 13:44:31.747 +02:00 [Information] Request starting HTTP/2 GET https://localhost:7205/Topic/TopicDetails/3 - -
2023-10-24 13:44:31.748 +02:00 [Information] Executing endpoint '"Forum.Controllers.TopicController.TopicDetails (Forum)"'
2023-10-24 13:44:31.748 +02:00 [Information] Route matched with "{action = \"TopicDetails\", controller = \"Topic\", page = \"\", area = \"\"}". Executing controller action with signature "System.Threading.Tasks.Task`1[Microsoft.AspNetCore.Mvc.IActionResult] TopicDetails(Int32)" on controller "Forum.Controllers.TopicController" ("Forum").
2023-10-24 13:44:31.750 +02:00 [Information] Executing ViewResult, running view "TopicDetails".
2023-10-24 13:44:31.752 +02:00 [Information] Executed ViewResult - view "TopicDetails" executed in 2.5421ms.
2023-10-24 13:44:31.752 +02:00 [Information] Executed action "Forum.Controllers.TopicController.TopicDetails (Forum)" in 4.2925ms
2023-10-24 13:44:31.752 +02:00 [Information] Executed endpoint '"Forum.Controllers.TopicController.TopicDetails (Forum)"'
2023-10-24 13:44:31.753 +02:00 [Information] Request finished HTTP/2 GET https://localhost:7205/Topic/TopicDetails/3 - - - 200 - text/html;+charset=utf-8 5.6381ms
2023-10-24 13:44:31.771 +02:00 [Information] Request starting HTTP/2 GET https://localhost:7205/Topic/TopicDetails/style.css - -
2023-10-24 13:44:31.771 +02:00 [Information] Executing endpoint '"Forum.Controllers.TopicController.TopicDetails (Forum)"'
2023-10-24 13:44:31.771 +02:00 [Information] Request starting HTTP/2 GET https://localhost:7205/_framework/aspnetcore-browser-refresh.js - -
2023-10-24 13:44:31.772 +02:00 [Information] Route matched with "{action = \"TopicDetails\", controller = \"Topic\", page = \"\", area = \"\"}". Executing controller action with signature "System.Threading.Tasks.Task`1[Microsoft.AspNetCore.Mvc.IActionResult] TopicDetails(Int32)" on controller "Forum.Controllers.TopicController" ("Forum").
2023-10-24 13:44:31.772 +02:00 [Information] Request finished HTTP/2 GET https://localhost:7205/_framework/aspnetcore-browser-refresh.js - - - 200 12342 application/javascript;+charset=utf-8 0.1332ms
2023-10-24 13:44:31.774 +02:00 [Error] [TopicController] Topic not found for the TopicId 0000
2023-10-24 13:44:31.774 +02:00 [Information] Executing "NotFoundObjectResult", writing value of type '"System.String"'.
2023-10-24 13:44:31.774 +02:00 [Information] Executed action "Forum.Controllers.TopicController.TopicDetails (Forum)" in 2.3552ms
2023-10-24 13:44:31.774 +02:00 [Information] Executed endpoint '"Forum.Controllers.TopicController.TopicDetails (Forum)"'
2023-10-24 13:44:31.774 +02:00 [Information] Request finished HTTP/2 GET https://localhost:7205/Topic/TopicDetails/style.css - - - 404 - text/plain;+charset=utf-8 2.8408ms
2023-10-24 13:44:31.794 +02:00 [Information] Request starting HTTP/2 GET https://localhost:7205/_vs/browserLink - -
2023-10-24 13:44:31.796 +02:00 [Information] Request finished HTTP/2 GET https://localhost:7205/_vs/browserLink - - - 200 - text/javascript;+charset=UTF-8 1.5391ms
2023-10-24 13:44:38.675 +02:00 [Information] Request starting HTTP/2 GET https://localhost:7205/_framework/aspnetcore-browser-refresh.js - -
2023-10-24 13:44:38.675 +02:00 [Information] Request finished HTTP/2 GET https://localhost:7205/_framework/aspnetcore-browser-refresh.js - - - 200 12342 application/javascript;+charset=utf-8 0.1584ms
2023-10-24 13:44:41.644 +02:00 [Information] Request starting HTTP/2 GET https://localhost:7205/_framework/aspnetcore-browser-refresh.js - -
2023-10-24 13:44:41.644 +02:00 [Information] Request finished HTTP/2 GET https://localhost:7205/_framework/aspnetcore-browser-refresh.js - - - 200 12342 application/javascript;+charset=utf-8 0.1774ms
2023-10-24 13:44:43.407 +02:00 [Information] Request starting HTTP/2 GET https://localhost:7205/_framework/aspnetcore-browser-refresh.js - -
2023-10-24 13:44:43.407 +02:00 [Information] Request finished HTTP/2 GET https://localhost:7205/_framework/aspnetcore-browser-refresh.js - - - 200 12342 application/javascript;+charset=utf-8 0.2498ms
2023-10-24 13:45:02.592 +02:00 [Information] Request starting HTTP/2 GET https://localhost:7205/Room/RoomDetails/3 - -
2023-10-24 13:45:02.592 +02:00 [Information] Executing endpoint '"Forum.Controllers.RoomController.RoomDetails (Forum)"'
2023-10-24 13:45:02.592 +02:00 [Information] Route matched with "{action = \"RoomDetails\", controller = \"Room\", page = \"\", area = \"\"}". Executing controller action with signature "System.Threading.Tasks.Task`1[Microsoft.AspNetCore.Mvc.IActionResult] RoomDetails(Int32)" on controller "Forum.Controllers.RoomController" ("Forum").
2023-10-24 13:45:02.594 +02:00 [Information] Executing ViewResult, running view "RoomDetails".
2023-10-24 13:45:02.597 +02:00 [Information] Executed ViewResult - view "RoomDetails" executed in 2.4781ms.
2023-10-24 13:45:02.597 +02:00 [Information] Executed action "Forum.Controllers.RoomController.RoomDetails (Forum)" in 4.4302ms
2023-10-24 13:45:02.597 +02:00 [Information] Executed endpoint '"Forum.Controllers.RoomController.RoomDetails (Forum)"'
2023-10-24 13:45:02.598 +02:00 [Information] Request finished HTTP/2 GET https://localhost:7205/Room/RoomDetails/3 - - - 200 - text/html;+charset=utf-8 5.7853ms
2023-10-24 13:45:02.615 +02:00 [Information] Request starting HTTP/2 GET https://localhost:7205/Room/RoomDetails/style.css - -
2023-10-24 13:45:02.615 +02:00 [Information] Request starting HTTP/2 GET https://localhost:7205/_vs/browserLink - -
2023-10-24 13:45:02.615 +02:00 [Information] Request starting HTTP/2 GET https://localhost:7205/_framework/aspnetcore-browser-refresh.js - -
2023-10-24 13:45:02.615 +02:00 [Information] Request finished HTTP/2 GET https://localhost:7205/_framework/aspnetcore-browser-refresh.js - - - 200 12342 application/javascript;+charset=utf-8 0.2600ms
2023-10-24 13:45:02.615 +02:00 [Information] Executing endpoint '"Forum.Controllers.RoomController.RoomDetails (Forum)"'
2023-10-24 13:45:02.615 +02:00 [Information] Route matched with "{action = \"RoomDetails\", controller = \"Room\", page = \"\", area = \"\"}". Executing controller action with signature "System.Threading.Tasks.Task`1[Microsoft.AspNetCore.Mvc.IActionResult] RoomDetails(Int32)" on controller "Forum.Controllers.RoomController" ("Forum").
2023-10-24 13:45:02.617 +02:00 [Information] Request finished HTTP/2 GET https://localhost:7205/_vs/browserLink - - - 200 - text/javascript;+charset=UTF-8 2.2720ms
2023-10-24 13:45:02.618 +02:00 [Error] Room with ID not found Room ID: 0
2023-10-24 13:45:02.618 +02:00 [Information] Executing StatusCodeResult, setting HTTP status code 404
2023-10-24 13:45:02.618 +02:00 [Information] Executed action "Forum.Controllers.RoomController.RoomDetails (Forum)" in 2.9715ms
2023-10-24 13:45:02.618 +02:00 [Information] Executed endpoint '"Forum.Controllers.RoomController.RoomDetails (Forum)"'
2023-10-24 13:45:02.619 +02:00 [Information] Request finished HTTP/2 GET https://localhost:7205/Room/RoomDetails/style.css - - - 404 0 - 3.9386ms
