2023-10-30 14:29:26.168 +01:00 [Information] User profile is available. Using '"C:\Users\latif\AppData\Local\ASP.NET\DataProtection-Keys"' as key repository and Windows DPAPI to encrypt keys at rest.
2023-10-30 14:29:27.654 +01:00 [Information] Now listening on: "https://localhost:7205"
2023-10-30 14:29:27.657 +01:00 [Information] Now listening on: "http://localhost:5112"
2023-10-30 14:29:27.670 +01:00 [Information] Application started. Press Ctrl+C to shut down.
2023-10-30 14:29:27.674 +01:00 [Information] Hosting environment: "Development"
2023-10-30 14:29:27.676 +01:00 [Information] Content root path: "C:\Users\latif\source\repos\PROJECT_1WEB\Forum\MyShop\"
2023-10-30 14:29:28.430 +01:00 [Information] Request starting HTTP/2 GET https://localhost:7205/ - -
2023-10-30 14:29:28.642 +01:00 [Information] Executing endpoint '"Forum.Controllers.HomeController.Index (Forum)"'
2023-10-30 14:29:28.680 +01:00 [Information] Route matched with "{action = \"Index\", controller = \"Home\", page = \"\", area = \"\"}". Executing controller action with signature "System.Threading.Tasks.Task`1[Microsoft.AspNetCore.Mvc.IActionResult] Index()" on controller "Forum.Controllers.HomeController" ("Forum").
2023-10-30 14:29:28.798 +01:00 [Information] Executing action method "Forum.Controllers.HomeController.Index (Forum)" - Validation state: Valid
2023-10-30 14:29:28.945 +01:00 [Information] Executed action method "Forum.Controllers.HomeController.Index (Forum)", returned result "Microsoft.AspNetCore.Mvc.ViewResult" in 134.6911ms.
2023-10-30 14:29:28.962 +01:00 [Information] Executing ViewResult, running view "Index".
2023-10-30 14:29:29.652 +01:00 [Information] Executed ViewResult - view "Index" executed in 689.7336ms.
2023-10-30 14:29:29.663 +01:00 [Information] Executed action "Forum.Controllers.HomeController.Index (Forum)" in 982.7651ms
2023-10-30 14:29:29.665 +01:00 [Information] Executed endpoint '"Forum.Controllers.HomeController.Index (Forum)"'
2023-10-30 14:29:29.753 +01:00 [Information] Request starting HTTP/2 GET https://localhost:7205/css/style.css?v=YZHvHQi1YvXcAb8YnoQQep7vTkoy8hE56GdMiYZ6cP0 - -
2023-10-30 14:29:29.770 +01:00 [Information] Request finished HTTP/2 GET https://localhost:7205/ - - - 200 - text/html;+charset=utf-8 1348.5024ms
2023-10-30 14:29:29.800 +01:00 [Information] Request starting HTTP/2 GET https://localhost:7205/_vs/browserLink - -
2023-10-30 14:29:29.800 +01:00 [Information] Request starting HTTP/2 GET https://localhost:7205/_framework/aspnetcore-browser-refresh.js - -
2023-10-30 14:29:29.811 +01:00 [Information] Request finished HTTP/2 GET https://localhost:7205/_framework/aspnetcore-browser-refresh.js - - - 200 12342 application/javascript;+charset=utf-8 11.2775ms
2023-10-30 14:29:29.820 +01:00 [Information] Sending file. Request path: '"/css/style.css"'. Physical path: '"C:\Users\latif\source\repos\PROJECT_1WEB\Forum\MyShop\wwwroot\css\style.css"'
2023-10-30 14:29:29.820 +01:00 [Information] Request finished HTTP/2 GET https://localhost:7205/css/style.css?v=YZHvHQi1YvXcAb8YnoQQep7vTkoy8hE56GdMiYZ6cP0 - - - 200 11576 text/css 67.1782ms
2023-10-30 14:29:29.834 +01:00 [Information] Request finished HTTP/2 GET https://localhost:7205/_vs/browserLink - - - 200 - text/javascript;+charset=UTF-8 33.6394ms
2023-10-30 14:29:34.886 +01:00 [Information] Request starting HTTP/2 GET https://localhost:7205/css/style.css?v=YZHvHQi1YvXcAb8YnoQQep7vTkoy8hE56GdMiYZ6cP0 - -
2023-10-30 14:29:34.891 +01:00 [Information] The file "/css/style.css" was not modified
2023-10-30 14:29:34.891 +01:00 [Information] Request finished HTTP/2 GET https://localhost:7205/css/style.css?v=YZHvHQi1YvXcAb8YnoQQep7vTkoy8hE56GdMiYZ6cP0 - - - 304 - text/css 5.8655ms
2023-10-30 14:29:45.561 +01:00 [Information] Request starting HTTP/2 GET https://localhost:7205/Category/CategoryTable - -
2023-10-30 14:29:45.570 +01:00 [Information] Executing endpoint '"Forum.Controllers.CategoryController.CategoryTable (Forum)"'
2023-10-30 14:29:45.573 +01:00 [Information] Route matched with "{action = \"CategoryTable\", controller = \"Category\", page = \"\", area = \"\"}". Executing controller action with signature "System.Threading.Tasks.Task`1[Microsoft.AspNetCore.Mvc.IActionResult] CategoryTable()" on controller "Forum.Controllers.CategoryController" ("Forum").
2023-10-30 14:29:45.596 +01:00 [Information] Executing action method "Forum.Controllers.CategoryController.CategoryTable (Forum)" - Validation state: Valid
2023-10-30 14:29:45.626 +01:00 [Information] Executed action method "Forum.Controllers.CategoryController.CategoryTable (Forum)", returned result "Microsoft.AspNetCore.Mvc.ViewResult" in 29.2793ms.
2023-10-30 14:29:45.627 +01:00 [Information] Executing ViewResult, running view "CategoryTable".
2023-10-30 14:29:45.661 +01:00 [Information] Executed ViewResult - view "CategoryTable" executed in 35.2161ms.
2023-10-30 14:29:45.662 +01:00 [Information] Executed action "Forum.Controllers.CategoryController.CategoryTable (Forum)" in 87.8131ms
2023-10-30 14:29:45.662 +01:00 [Information] Executed endpoint '"Forum.Controllers.CategoryController.CategoryTable (Forum)"'
2023-10-30 14:29:45.666 +01:00 [Information] Request finished HTTP/2 GET https://localhost:7205/Category/CategoryTable - - - 200 - text/html;+charset=utf-8 104.5432ms
2023-10-30 14:29:45.674 +01:00 [Information] Request starting HTTP/2 GET https://localhost:7205/_framework/aspnetcore-browser-refresh.js - -
2023-10-30 14:29:45.675 +01:00 [Information] Request starting HTTP/2 GET https://localhost:7205/css/style.css?v=YZHvHQi1YvXcAb8YnoQQep7vTkoy8hE56GdMiYZ6cP0 - -
2023-10-30 14:29:45.675 +01:00 [Information] Request finished HTTP/2 GET https://localhost:7205/_framework/aspnetcore-browser-refresh.js - - - 200 12342 application/javascript;+charset=utf-8 0.5583ms
2023-10-30 14:29:45.675 +01:00 [Information] The file "/css/style.css" was not modified
2023-10-30 14:29:45.675 +01:00 [Information] Request finished HTTP/2 GET https://localhost:7205/css/style.css?v=YZHvHQi1YvXcAb8YnoQQep7vTkoy8hE56GdMiYZ6cP0 - - - 304 - text/css 0.7414ms
2023-10-30 14:29:45.685 +01:00 [Information] Request starting HTTP/2 GET https://localhost:7205/_vs/browserLink - -
2023-10-30 14:29:45.709 +01:00 [Information] Request finished HTTP/2 GET https://localhost:7205/_vs/browserLink - - - 200 - text/javascript;+charset=UTF-8 24.1665ms
2023-10-30 14:29:48.994 +01:00 [Information] Request starting HTTP/2 GET https://localhost:7205/Category/CategoryGrid - -
2023-10-30 14:29:49.018 +01:00 [Information] Executing endpoint '"Forum.Controllers.CategoryController.CategoryGrid (Forum)"'
2023-10-30 14:29:49.022 +01:00 [Information] Route matched with "{action = \"CategoryGrid\", controller = \"Category\", page = \"\", area = \"\"}". Executing controller action with signature "System.Threading.Tasks.Task`1[Microsoft.AspNetCore.Mvc.IActionResult] CategoryGrid()" on controller "Forum.Controllers.CategoryController" ("Forum").
2023-10-30 14:29:49.043 +01:00 [Information] Executing action method "Forum.Controllers.CategoryController.CategoryGrid (Forum)" - Validation state: Valid
2023-10-30 14:29:49.048 +01:00 [Information] Executed action method "Forum.Controllers.CategoryController.CategoryGrid (Forum)", returned result "Microsoft.AspNetCore.Mvc.ViewResult" in 4.9703ms.
2023-10-30 14:29:49.050 +01:00 [Information] Executing ViewResult, running view "CategoryGrid".
2023-10-30 14:29:49.075 +01:00 [Information] Executed ViewResult - view "CategoryGrid" executed in 26.443ms.
2023-10-30 14:29:49.075 +01:00 [Information] Executed action "Forum.Controllers.CategoryController.CategoryGrid (Forum)" in 52.7949ms
2023-10-30 14:29:49.075 +01:00 [Information] Executed endpoint '"Forum.Controllers.CategoryController.CategoryGrid (Forum)"'
2023-10-30 14:29:49.078 +01:00 [Information] Request finished HTTP/2 GET https://localhost:7205/Category/CategoryGrid - - - 200 - text/html;+charset=utf-8 84.1583ms
2023-10-30 14:29:49.083 +01:00 [Information] Request starting HTTP/2 GET https://localhost:7205/css/style.css?v=YZHvHQi1YvXcAb8YnoQQep7vTkoy8hE56GdMiYZ6cP0 - -
2023-10-30 14:29:49.083 +01:00 [Information] The file "/css/style.css" was not modified
2023-10-30 14:29:49.084 +01:00 [Information] Request finished HTTP/2 GET https://localhost:7205/css/style.css?v=YZHvHQi1YvXcAb8YnoQQep7vTkoy8hE56GdMiYZ6cP0 - - - 304 - text/css 0.7021ms
2023-10-30 14:29:49.094 +01:00 [Information] Request starting HTTP/2 GET https://localhost:7205/_framework/aspnetcore-browser-refresh.js - -
2023-10-30 14:29:49.095 +01:00 [Information] Request finished HTTP/2 GET https://localhost:7205/_framework/aspnetcore-browser-refresh.js - - - 200 12342 application/javascript;+charset=utf-8 0.4444ms
2023-10-30 14:29:49.096 +01:00 [Information] Request starting HTTP/2 GET https://localhost:7205/_vs/browserLink - -
2023-10-30 14:29:49.100 +01:00 [Information] Request finished HTTP/2 GET https://localhost:7205/_vs/browserLink - - - 200 - text/javascript;+charset=UTF-8 3.7489ms
2023-10-30 14:29:51.234 +01:00 [Information] Request starting HTTP/2 GET https://localhost:7205/Category/CategoryTable - -
2023-10-30 14:29:51.238 +01:00 [Information] Executing endpoint '"Forum.Controllers.CategoryController.CategoryTable (Forum)"'
2023-10-30 14:29:51.239 +01:00 [Information] Route matched with "{action = \"CategoryTable\", controller = \"Category\", page = \"\", area = \"\"}". Executing controller action with signature "System.Threading.Tasks.Task`1[Microsoft.AspNetCore.Mvc.IActionResult] CategoryTable()" on controller "Forum.Controllers.CategoryController" ("Forum").
2023-10-30 14:29:51.262 +01:00 [Information] Executing action method "Forum.Controllers.CategoryController.CategoryTable (Forum)" - Validation state: Valid
2023-10-30 14:29:51.266 +01:00 [Information] Executed action method "Forum.Controllers.CategoryController.CategoryTable (Forum)", returned result "Microsoft.AspNetCore.Mvc.ViewResult" in 3.3241ms.
2023-10-30 14:29:51.266 +01:00 [Information] Executing ViewResult, running view "CategoryTable".
2023-10-30 14:29:51.273 +01:00 [Information] Executed ViewResult - view "CategoryTable" executed in 6.9676ms.
2023-10-30 14:29:51.273 +01:00 [Information] Executed action "Forum.Controllers.CategoryController.CategoryTable (Forum)" in 34.3261ms
2023-10-30 14:29:51.273 +01:00 [Information] Executed endpoint '"Forum.Controllers.CategoryController.CategoryTable (Forum)"'
2023-10-30 14:29:51.276 +01:00 [Information] Request finished HTTP/2 GET https://localhost:7205/Category/CategoryTable - - - 200 - text/html;+charset=utf-8 42.0210ms
2023-10-30 14:29:51.280 +01:00 [Information] Request starting HTTP/2 GET https://localhost:7205/css/style.css?v=YZHvHQi1YvXcAb8YnoQQep7vTkoy8hE56GdMiYZ6cP0 - -
2023-10-30 14:29:51.280 +01:00 [Information] Request starting HTTP/2 GET https://localhost:7205/_framework/aspnetcore-browser-refresh.js - -
2023-10-30 14:29:51.281 +01:00 [Information] Request starting HTTP/2 GET https://localhost:7205/_vs/browserLink - -
2023-10-30 14:29:51.281 +01:00 [Information] The file "/css/style.css" was not modified
2023-10-30 14:29:51.281 +01:00 [Information] Request finished HTTP/2 GET https://localhost:7205/_framework/aspnetcore-browser-refresh.js - - - 200 12342 application/javascript;+charset=utf-8 0.7241ms
2023-10-30 14:29:51.281 +01:00 [Information] Request finished HTTP/2 GET https://localhost:7205/css/style.css?v=YZHvHQi1YvXcAb8YnoQQep7vTkoy8hE56GdMiYZ6cP0 - - - 304 - text/css 0.9057ms
2023-10-30 14:29:51.285 +01:00 [Information] Request finished HTTP/2 GET https://localhost:7205/_vs/browserLink - - - 200 - text/javascript;+charset=UTF-8 4.0033ms
2023-10-30 14:29:54.041 +01:00 [Information] Request starting HTTP/2 GET https://localhost:7205/Category/CreateCategory - -
2023-10-30 14:29:54.057 +01:00 [Information] Executing endpoint '"Forum.Controllers.CategoryController.CreateCategory (Forum)"'
2023-10-30 14:29:54.058 +01:00 [Information] Route matched with "{action = \"CreateCategory\", controller = \"Category\", page = \"\", area = \"\"}". Executing controller action with signature "Microsoft.AspNetCore.Mvc.IActionResult CreateCategory()" on controller "Forum.Controllers.CategoryController" ("Forum").
2023-10-30 14:29:54.081 +01:00 [Information] Executing action method "Forum.Controllers.CategoryController.CreateCategory (Forum)" - Validation state: Valid
2023-10-30 14:29:54.082 +01:00 [Information] Executed action method "Forum.Controllers.CategoryController.CreateCategory (Forum)", returned result "Microsoft.AspNetCore.Mvc.ViewResult" in 0.4414ms.
2023-10-30 14:29:54.083 +01:00 [Information] Executing ViewResult, running view "CreateCategory".
2023-10-30 14:29:54.127 +01:00 [Information] Executed ViewResult - view "CreateCategory" executed in 44.5516ms.
2023-10-30 14:29:54.127 +01:00 [Information] Executed action "Forum.Controllers.CategoryController.CreateCategory (Forum)" in 68.6493ms
2023-10-30 14:29:54.127 +01:00 [Information] Executed endpoint '"Forum.Controllers.CategoryController.CreateCategory (Forum)"'
2023-10-30 14:29:54.133 +01:00 [Information] Request finished HTTP/2 GET https://localhost:7205/Category/CreateCategory - - - 200 - text/html;+charset=utf-8 92.4211ms
2023-10-30 14:29:54.138 +01:00 [Information] Request starting HTTP/2 GET https://localhost:7205/css/style.css?v=YZHvHQi1YvXcAb8YnoQQep7vTkoy8hE56GdMiYZ6cP0 - -
2023-10-30 14:29:54.139 +01:00 [Information] Request starting HTTP/2 GET https://localhost:7205/_framework/aspnetcore-browser-refresh.js - -
2023-10-30 14:29:54.139 +01:00 [Information] The file "/css/style.css" was not modified
2023-10-30 14:29:54.139 +01:00 [Information] Request starting HTTP/2 GET https://localhost:7205/_vs/browserLink - -
2023-10-30 14:29:54.139 +01:00 [Information] Request finished HTTP/2 GET https://localhost:7205/_framework/aspnetcore-browser-refresh.js - - - 200 12342 application/javascript;+charset=utf-8 0.3589ms
2023-10-30 14:29:54.139 +01:00 [Information] Request finished HTTP/2 GET https://localhost:7205/css/style.css?v=YZHvHQi1YvXcAb8YnoQQep7vTkoy8hE56GdMiYZ6cP0 - - - 304 - text/css 1.2990ms
2023-10-30 14:29:54.142 +01:00 [Information] Request finished HTTP/2 GET https://localhost:7205/_vs/browserLink - - - 200 - text/javascript;+charset=UTF-8 3.4180ms
2023-10-30 14:30:00.337 +01:00 [Information] Request starting HTTP/2 GET https://localhost:7205/ - -
2023-10-30 14:30:00.341 +01:00 [Information] Executing endpoint '"Forum.Controllers.HomeController.Index (Forum)"'
2023-10-30 14:30:00.342 +01:00 [Information] Route matched with "{action = \"Index\", controller = \"Home\", page = \"\", area = \"\"}". Executing controller action with signature "System.Threading.Tasks.Task`1[Microsoft.AspNetCore.Mvc.IActionResult] Index()" on controller "Forum.Controllers.HomeController" ("Forum").
2023-10-30 14:30:00.368 +01:00 [Information] Executing action method "Forum.Controllers.HomeController.Index (Forum)" - Validation state: Valid
2023-10-30 14:30:00.371 +01:00 [Information] Executed action method "Forum.Controllers.HomeController.Index (Forum)", returned result "Microsoft.AspNetCore.Mvc.ViewResult" in 3.3975ms.
2023-10-30 14:30:00.372 +01:00 [Information] Executing ViewResult, running view "Index".
2023-10-30 14:30:00.429 +01:00 [Information] Executed ViewResult - view "Index" executed in 56.8947ms.
2023-10-30 14:30:00.429 +01:00 [Information] Executed action "Forum.Controllers.HomeController.Index (Forum)" in 87.2156ms
2023-10-30 14:30:00.429 +01:00 [Information] Executed endpoint '"Forum.Controllers.HomeController.Index (Forum)"'
2023-10-30 14:30:00.434 +01:00 [Information] Request finished HTTP/2 GET https://localhost:7205/ - - - 200 - text/html;+charset=utf-8 96.7267ms
2023-10-30 14:30:00.438 +01:00 [Information] Request starting HTTP/2 GET https://localhost:7205/css/style.css?v=YZHvHQi1YvXcAb8YnoQQep7vTkoy8hE56GdMiYZ6cP0 - -
2023-10-30 14:30:00.439 +01:00 [Information] The file "/css/style.css" was not modified
2023-10-30 14:30:00.439 +01:00 [Information] Request finished HTTP/2 GET https://localhost:7205/css/style.css?v=YZHvHQi1YvXcAb8YnoQQep7vTkoy8hE56GdMiYZ6cP0 - - - 304 - text/css 0.7759ms
2023-10-30 14:30:00.453 +01:00 [Information] Request starting HTTP/2 GET https://localhost:7205/_framework/aspnetcore-browser-refresh.js - -
2023-10-30 14:30:00.454 +01:00 [Information] Request starting HTTP/2 GET https://localhost:7205/_vs/browserLink - -
2023-10-30 14:30:00.454 +01:00 [Information] Request finished HTTP/2 GET https://localhost:7205/_framework/aspnetcore-browser-refresh.js - - - 200 12342 application/javascript;+charset=utf-8 0.7395ms
2023-10-30 14:30:00.458 +01:00 [Information] Request finished HTTP/2 GET https://localhost:7205/_vs/browserLink - - - 200 - text/javascript;+charset=UTF-8 4.4295ms
2023-10-30 14:30:07.986 +01:00 [Information] Request starting HTTP/2 GET https://localhost:7205/Category/CategoryTable - -
2023-10-30 14:30:07.991 +01:00 [Information] Executing endpoint '"Forum.Controllers.CategoryController.CategoryTable (Forum)"'
2023-10-30 14:30:07.992 +01:00 [Information] Route matched with "{action = \"CategoryTable\", controller = \"Category\", page = \"\", area = \"\"}". Executing controller action with signature "System.Threading.Tasks.Task`1[Microsoft.AspNetCore.Mvc.IActionResult] CategoryTable()" on controller "Forum.Controllers.CategoryController" ("Forum").
2023-10-30 14:30:08.012 +01:00 [Information] Executing action method "Forum.Controllers.CategoryController.CategoryTable (Forum)" - Validation state: Valid
2023-10-30 14:30:08.015 +01:00 [Information] Executed action method "Forum.Controllers.CategoryController.CategoryTable (Forum)", returned result "Microsoft.AspNetCore.Mvc.ViewResult" in 3.1986ms.
2023-10-30 14:30:08.015 +01:00 [Information] Executing ViewResult, running view "CategoryTable".
2023-10-30 14:30:08.031 +01:00 [Information] Executed ViewResult - view "CategoryTable" executed in 15.7303ms.
2023-10-30 14:30:08.031 +01:00 [Information] Executed action "Forum.Controllers.CategoryController.CategoryTable (Forum)" in 39.6712ms
2023-10-30 14:30:08.031 +01:00 [Information] Executed endpoint '"Forum.Controllers.CategoryController.CategoryTable (Forum)"'
2023-10-30 14:30:08.035 +01:00 [Information] Request finished HTTP/2 GET https://localhost:7205/Category/CategoryTable - - - 200 - text/html;+charset=utf-8 48.3743ms
2023-10-30 14:30:08.042 +01:00 [Information] Request starting HTTP/2 GET https://localhost:7205/_framework/aspnetcore-browser-refresh.js - -
2023-10-30 14:30:08.043 +01:00 [Information] Request starting HTTP/2 GET https://localhost:7205/css/style.css?v=YZHvHQi1YvXcAb8YnoQQep7vTkoy8hE56GdMiYZ6cP0 - -
2023-10-30 14:30:08.043 +01:00 [Information] Request starting HTTP/2 GET https://localhost:7205/_vs/browserLink - -
2023-10-30 14:30:08.043 +01:00 [Information] The file "/css/style.css" was not modified
2023-10-30 14:30:08.043 +01:00 [Information] Request finished HTTP/2 GET https://localhost:7205/css/style.css?v=YZHvHQi1YvXcAb8YnoQQep7vTkoy8hE56GdMiYZ6cP0 - - - 304 - text/css 1.0275ms
2023-10-30 14:30:08.044 +01:00 [Information] Request finished HTTP/2 GET https://localhost:7205/_framework/aspnetcore-browser-refresh.js - - - 200 12342 application/javascript;+charset=utf-8 1.2855ms
2023-10-30 14:30:08.074 +01:00 [Information] Request finished HTTP/2 GET https://localhost:7205/_vs/browserLink - - - 200 - text/javascript;+charset=UTF-8 31.0095ms
2023-10-30 14:30:10.229 +01:00 [Information] Request starting HTTP/2 POST https://localhost:7205/Identity/Account/Logout?returnUrl=%2F application/x-www-form-urlencoded 225
2023-10-30 14:30:10.236 +01:00 [Information] Executing endpoint '"/Account/Logout"'
2023-10-30 14:30:10.259 +01:00 [Information] Route matched with "{page = \"/Account/Logout\", area = \"Identity\", action = \"\", controller = \"\"}". Executing page "/Account/Logout"
2023-10-30 14:30:10.300 +01:00 [Information] Executing handler method "Forum.Areas.Identity.Pages.Account.LogoutModel.OnPost" - ModelState is Valid
2023-10-30 14:30:10.311 +01:00 [Information] AuthenticationScheme: "Identity.Application" signed out.
2023-10-30 14:30:10.313 +01:00 [Information] AuthenticationScheme: "Identity.External" signed out.
2023-10-30 14:30:10.313 +01:00 [Information] AuthenticationScheme: "Identity.TwoFactorUserId" signed out.
2023-10-30 14:30:10.316 +01:00 [Information] User logged out.
2023-10-30 14:30:10.318 +01:00 [Information] Executed handler method "OnPost", returned result "Microsoft.AspNetCore.Mvc.LocalRedirectResult".
2023-10-30 14:30:10.319 +01:00 [Information] Executing LocalRedirectResult, redirecting to "/".
2023-10-30 14:30:10.319 +01:00 [Information] Executed page "/Account/Logout" in 60.2461ms
2023-10-30 14:30:10.319 +01:00 [Information] Executed endpoint '"/Account/Logout"'
2023-10-30 14:30:10.320 +01:00 [Information] Request finished HTTP/2 POST https://localhost:7205/Identity/Account/Logout?returnUrl=%2F application/x-www-form-urlencoded 225 - 302 0 - 91.0432ms
2023-10-30 14:30:10.324 +01:00 [Information] Request starting HTTP/2 GET https://localhost:7205/ - -
2023-10-30 14:30:10.325 +01:00 [Information] Executing endpoint '"Forum.Controllers.HomeController.Index (Forum)"'
2023-10-30 14:30:10.325 +01:00 [Information] Route matched with "{action = \"Index\", controller = \"Home\", page = \"\", area = \"\"}". Executing controller action with signature "System.Threading.Tasks.Task`1[Microsoft.AspNetCore.Mvc.IActionResult] Index()" on controller "Forum.Controllers.HomeController" ("Forum").
2023-10-30 14:30:10.345 +01:00 [Information] Executing action method "Forum.Controllers.HomeController.Index (Forum)" - Validation state: Valid
2023-10-30 14:30:10.348 +01:00 [Information] Executed action method "Forum.Controllers.HomeController.Index (Forum)", returned result "Microsoft.AspNetCore.Mvc.ViewResult" in 2.8699ms.
2023-10-30 14:30:10.348 +01:00 [Information] Executing ViewResult, running view "Index".
2023-10-30 14:30:10.404 +01:00 [Information] Executed ViewResult - view "Index" executed in 55.7331ms.
2023-10-30 14:30:10.406 +01:00 [Information] Executed action "Forum.Controllers.HomeController.Index (Forum)" in 80.7157ms
2023-10-30 14:30:10.406 +01:00 [Information] Executed endpoint '"Forum.Controllers.HomeController.Index (Forum)"'
2023-10-30 14:30:10.410 +01:00 [Information] Request finished HTTP/2 GET https://localhost:7205/ - - - 200 - text/html;+charset=utf-8 86.0712ms
2023-10-30 14:30:10.415 +01:00 [Information] Request starting HTTP/2 GET https://localhost:7205/_vs/browserLink - -
2023-10-30 14:30:10.415 +01:00 [Information] Request starting HTTP/2 GET https://localhost:7205/_framework/aspnetcore-browser-refresh.js - -
2023-10-30 14:30:10.415 +01:00 [Information] Request finished HTTP/2 GET https://localhost:7205/_framework/aspnetcore-browser-refresh.js - - - 200 12342 application/javascript;+charset=utf-8 0.5527ms
2023-10-30 14:30:10.419 +01:00 [Information] Request finished HTTP/2 GET https://localhost:7205/_vs/browserLink - - - 200 - text/javascript;+charset=UTF-8 4.5525ms
2023-10-30 14:30:12.450 +01:00 [Information] Request starting HTTP/2 GET https://localhost:7205/Category/CategoryTable - -
2023-10-30 14:30:12.451 +01:00 [Information] Executing endpoint '"Forum.Controllers.CategoryController.CategoryTable (Forum)"'
2023-10-30 14:30:12.452 +01:00 [Information] Route matched with "{action = \"CategoryTable\", controller = \"Category\", page = \"\", area = \"\"}". Executing controller action with signature "System.Threading.Tasks.Task`1[Microsoft.AspNetCore.Mvc.IActionResult] CategoryTable()" on controller "Forum.Controllers.CategoryController" ("Forum").
2023-10-30 14:30:12.486 +01:00 [Information] Executing action method "Forum.Controllers.CategoryController.CategoryTable (Forum)" - Validation state: Valid
2023-10-30 14:30:12.490 +01:00 [Information] Executed action method "Forum.Controllers.CategoryController.CategoryTable (Forum)", returned result "Microsoft.AspNetCore.Mvc.ViewResult" in 3.7702ms.
2023-10-30 14:30:12.490 +01:00 [Information] Executing ViewResult, running view "CategoryTable".
2023-10-30 14:30:12.499 +01:00 [Information] Executed ViewResult - view "CategoryTable" executed in 8.8617ms.
2023-10-30 14:30:12.499 +01:00 [Information] Executed action "Forum.Controllers.CategoryController.CategoryTable (Forum)" in 47.4032ms
2023-10-30 14:30:12.499 +01:00 [Information] Executed endpoint '"Forum.Controllers.CategoryController.CategoryTable (Forum)"'
2023-10-30 14:30:12.504 +01:00 [Information] Request finished HTTP/2 GET https://localhost:7205/Category/CategoryTable - - - 200 - text/html;+charset=utf-8 54.4834ms
2023-10-30 14:30:12.509 +01:00 [Information] Request starting HTTP/2 GET https://localhost:7205/css/style.css?v=YZHvHQi1YvXcAb8YnoQQep7vTkoy8hE56GdMiYZ6cP0 - -
2023-10-30 14:30:12.510 +01:00 [Information] Request starting HTTP/2 GET https://localhost:7205/_vs/browserLink - -
2023-10-30 14:30:12.510 +01:00 [Information] Request starting HTTP/2 GET https://localhost:7205/_framework/aspnetcore-browser-refresh.js - -
2023-10-30 14:30:12.510 +01:00 [Information] The file "/css/style.css" was not modified
2023-10-30 14:30:12.510 +01:00 [Information] Request finished HTTP/2 GET https://localhost:7205/_framework/aspnetcore-browser-refresh.js - - - 200 12342 application/javascript;+charset=utf-8 0.7833ms
2023-10-30 14:30:12.511 +01:00 [Information] Request finished HTTP/2 GET https://localhost:7205/css/style.css?v=YZHvHQi1YvXcAb8YnoQQep7vTkoy8hE56GdMiYZ6cP0 - - - 304 - text/css 1.1333ms
2023-10-30 14:30:12.514 +01:00 [Information] Request finished HTTP/2 GET https://localhost:7205/_vs/browserLink - - - 200 - text/javascript;+charset=UTF-8 4.0390ms
2023-10-30 14:30:15.132 +01:00 [Information] Request starting HTTP/2 GET https://localhost:7205/Category/CategoryGrid - -
2023-10-30 14:30:15.133 +01:00 [Information] Executing endpoint '"Forum.Controllers.CategoryController.CategoryGrid (Forum)"'
2023-10-30 14:30:15.133 +01:00 [Information] Route matched with "{action = \"CategoryGrid\", controller = \"Category\", page = \"\", area = \"\"}". Executing controller action with signature "System.Threading.Tasks.Task`1[Microsoft.AspNetCore.Mvc.IActionResult] CategoryGrid()" on controller "Forum.Controllers.CategoryController" ("Forum").
2023-10-30 14:30:15.152 +01:00 [Information] Executing action method "Forum.Controllers.CategoryController.CategoryGrid (Forum)" - Validation state: Valid
2023-10-30 14:30:15.156 +01:00 [Information] Executed action method "Forum.Controllers.CategoryController.CategoryGrid (Forum)", returned result "Microsoft.AspNetCore.Mvc.ViewResult" in 3.2096ms.
2023-10-30 14:30:15.156 +01:00 [Information] Executing ViewResult, running view "CategoryGrid".
2023-10-30 14:30:15.162 +01:00 [Information] Executed ViewResult - view "CategoryGrid" executed in 6.483ms.
2023-10-30 14:30:15.162 +01:00 [Information] Executed action "Forum.Controllers.CategoryController.CategoryGrid (Forum)" in 29.6103ms
2023-10-30 14:30:15.163 +01:00 [Information] Executed endpoint '"Forum.Controllers.CategoryController.CategoryGrid (Forum)"'
2023-10-30 14:30:15.165 +01:00 [Information] Request finished HTTP/2 GET https://localhost:7205/Category/CategoryGrid - - - 200 - text/html;+charset=utf-8 33.6524ms
2023-10-30 14:30:15.172 +01:00 [Information] Request starting HTTP/2 GET https://localhost:7205/_framework/aspnetcore-browser-refresh.js - -
2023-10-30 14:30:15.172 +01:00 [Information] Request starting HTTP/2 GET https://localhost:7205/_vs/browserLink - -
2023-10-30 14:30:15.172 +01:00 [Information] Request finished HTTP/2 GET https://localhost:7205/_framework/aspnetcore-browser-refresh.js - - - 200 12342 application/javascript;+charset=utf-8 0.2986ms
2023-10-30 14:30:15.175 +01:00 [Information] Request finished HTTP/2 GET https://localhost:7205/_vs/browserLink - - - 200 - text/javascript;+charset=UTF-8 3.4900ms
2023-10-30 14:30:22.556 +01:00 [Information] Request starting HTTP/2 GET https://localhost:7205/Room/RoomTable - -
2023-10-30 14:30:22.558 +01:00 [Information] Request finished HTTP/2 GET https://localhost:7205/Room/RoomTable - - - 404 0 - 1.9212ms
2023-10-30 14:30:24.932 +01:00 [Information] Request starting HTTP/2 GET https://localhost:7205/_framework/aspnetcore-browser-refresh.js - -
2023-10-30 14:30:24.933 +01:00 [Information] Request finished HTTP/2 GET https://localhost:7205/_framework/aspnetcore-browser-refresh.js - - - 200 12342 application/javascript;+charset=utf-8 0.9138ms
2023-10-30 14:30:28.646 +01:00 [Information] Request starting HTTP/2 GET https://localhost:7205/Category/CategoryDetails/1 - -
2023-10-30 14:30:28.648 +01:00 [Information] Executing endpoint '"Forum.Controllers.CategoryController.CategoryDetails (Forum)"'
2023-10-30 14:30:28.652 +01:00 [Information] Route matched with "{action = \"CategoryDetails\", controller = \"Category\", page = \"\", area = \"\"}". Executing controller action with signature "System.Threading.Tasks.Task`1[Microsoft.AspNetCore.Mvc.IActionResult] CategoryDetails(Int32)" on controller "Forum.Controllers.CategoryController" ("Forum").
2023-10-30 14:30:28.682 +01:00 [Information] Executing action method "Forum.Controllers.CategoryController.CategoryDetails (Forum)" - Validation state: Valid
2023-10-30 14:30:28.687 +01:00 [Information] [CategoryController] Id passed to categorydetails: 1.
2023-10-30 14:30:28.691 +01:00 [Information] [CategoryRep] Getting the category with id: 1: 
2023-10-30 14:30:28.704 +01:00 [Information] Executed action method "Forum.Controllers.CategoryController.CategoryDetails (Forum)", returned result "Microsoft.AspNetCore.Mvc.ViewResult" in 22.3062ms.
2023-10-30 14:30:28.706 +01:00 [Information] Executing ViewResult, running view "CategoryDetails".
2023-10-30 14:30:28.774 +01:00 [Information] Executed ViewResult - view "CategoryDetails" executed in 69.0249ms.
2023-10-30 14:30:28.774 +01:00 [Information] Executed action "Forum.Controllers.CategoryController.CategoryDetails (Forum)" in 121.971ms
2023-10-30 14:30:28.774 +01:00 [Information] Executed endpoint '"Forum.Controllers.CategoryController.CategoryDetails (Forum)"'
2023-10-30 14:30:28.776 +01:00 [Information] Request finished HTTP/2 GET https://localhost:7205/Category/CategoryDetails/1 - - - 200 - text/html;+charset=utf-8 130.2621ms
2023-10-30 14:30:28.781 +01:00 [Information] Request starting HTTP/2 GET https://localhost:7205/css/style.css?v=YZHvHQi1YvXcAb8YnoQQep7vTkoy8hE56GdMiYZ6cP0 - -
2023-10-30 14:30:28.782 +01:00 [Information] Request starting HTTP/2 GET https://localhost:7205/_framework/aspnetcore-browser-refresh.js - -
2023-10-30 14:30:28.782 +01:00 [Information] Request starting HTTP/2 GET https://localhost:7205/_vs/browserLink - -
2023-10-30 14:30:28.782 +01:00 [Information] Request finished HTTP/2 GET https://localhost:7205/_framework/aspnetcore-browser-refresh.js - - - 200 12342 application/javascript;+charset=utf-8 0.2041ms
2023-10-30 14:30:28.782 +01:00 [Information] The file "/css/style.css" was not modified
2023-10-30 14:30:28.782 +01:00 [Information] Request finished HTTP/2 GET https://localhost:7205/css/style.css?v=YZHvHQi1YvXcAb8YnoQQep7vTkoy8hE56GdMiYZ6cP0 - - - 304 - text/css 0.9584ms
2023-10-30 14:30:28.785 +01:00 [Information] Request finished HTTP/2 GET https://localhost:7205/_vs/browserLink - - - 200 - text/javascript;+charset=UTF-8 4.0058ms
