2023-10-26 02:32:52.225 +02:00 [Information] User profile is available. Using '"C:\Users\Johan\AppData\Local\ASP.NET\DataProtection-Keys"' as key repository and Windows DPAPI to encrypt keys at rest.
2023-10-26 02:32:52.853 +02:00 [Information] Now listening on: "https://localhost:7205"
2023-10-26 02:32:52.854 +02:00 [Information] Now listening on: "http://localhost:5112"
2023-10-26 02:32:52.859 +02:00 [Information] Application started. Press Ctrl+C to shut down.
2023-10-26 02:32:52.860 +02:00 [Information] Hosting environment: "Development"
2023-10-26 02:32:52.861 +02:00 [Information] Content root path: "C:\Users\Johan\Source\Repos\N4h0\Forum\MyShop\"
2023-10-26 02:32:53.383 +02:00 [Information] Request starting HTTP/2 GET https://localhost:7205/ - -
2023-10-26 02:32:53.433 +02:00 [Information] Executing endpoint '"Forum.Controllers.HomeController.Index (Forum)"'
2023-10-26 02:32:53.443 +02:00 [Information] Route matched with "{action = \"Index\", controller = \"Home\", page = \"\", area = \"\"}". Executing controller action with signature "System.Threading.Tasks.Task`1[Microsoft.AspNetCore.Mvc.IActionResult] Index()" on controller "Forum.Controllers.HomeController" ("Forum").
2023-10-26 02:32:53.477 +02:00 [Information] Executing ViewResult, running view "Index".
2023-10-26 02:32:53.581 +02:00 [Information] Executed ViewResult - view "Index" executed in 104.1717ms.
2023-10-26 02:32:53.582 +02:00 [Information] Executed action "Forum.Controllers.HomeController.Index (Forum)" in 138.4685ms
2023-10-26 02:32:53.582 +02:00 [Information] Executed endpoint '"Forum.Controllers.HomeController.Index (Forum)"'
2023-10-26 02:32:53.593 +02:00 [Information] Request finished HTTP/2 GET https://localhost:7205/ - - - 200 - text/html;+charset=utf-8 212.6436ms
2023-10-26 02:32:53.605 +02:00 [Information] Request starting HTTP/2 GET https://localhost:7205/style.css - -
2023-10-26 02:32:53.609 +02:00 [Information] Request finished HTTP/2 GET https://localhost:7205/style.css - - - 404 0 - 4.2286ms
2023-10-26 02:32:53.683 +02:00 [Information] Request starting HTTP/2 GET https://localhost:7205/_framework/aspnetcore-browser-refresh.js - -
2023-10-26 02:32:53.685 +02:00 [Information] Request finished HTTP/2 GET https://localhost:7205/_framework/aspnetcore-browser-refresh.js - - - 200 12342 application/javascript;+charset=utf-8 2.3623ms
2023-10-26 02:32:54.873 +02:00 [Information] Request starting HTTP/2 GET https://localhost:7205/Identity/Account/Login - -
2023-10-26 02:32:54.875 +02:00 [Information] Executing endpoint '"/Account/Login"'
2023-10-26 02:32:54.888 +02:00 [Information] Route matched with "{page = \"/Account/Login\", area = \"Identity\", action = \"\", controller = \"\"}". Executing page "/Account/Login"
2023-10-26 02:32:54.905 +02:00 [Information] Executing handler method "Forum.Areas.Identity.Pages.Account.LoginModel.OnGetAsync" - ModelState is Valid
2023-10-26 02:32:54.909 +02:00 [Information] AuthenticationScheme: "Identity.External" signed out.
2023-10-26 02:32:54.910 +02:00 [Information] Executed handler method "OnGetAsync", returned result "".
2023-10-26 02:32:54.912 +02:00 [Information] Executing an implicit handler method - ModelState is Valid
2023-10-26 02:32:54.912 +02:00 [Information] Executed an implicit handler method, returned result "Microsoft.AspNetCore.Mvc.RazorPages.PageResult".
2023-10-26 02:32:54.937 +02:00 [Information] Executed page "/Account/Login" in 49.4272ms
2023-10-26 02:32:54.937 +02:00 [Information] Executed endpoint '"/Account/Login"'
2023-10-26 02:32:54.937 +02:00 [Information] Request finished HTTP/2 GET https://localhost:7205/Identity/Account/Login - - - 200 - text/html;+charset=utf-8 64.2244ms
2023-10-26 02:32:54.953 +02:00 [Information] Request starting HTTP/2 GET https://localhost:7205/Identity/Account/style.css - -
2023-10-26 02:32:54.954 +02:00 [Information] Request starting HTTP/2 GET https://localhost:7205/_framework/aspnetcore-browser-refresh.js - -
2023-10-26 02:32:54.955 +02:00 [Information] Request finished HTTP/2 GET https://localhost:7205/_framework/aspnetcore-browser-refresh.js - - - 200 12342 application/javascript;+charset=utf-8 0.2806ms
2023-10-26 02:32:54.957 +02:00 [Information] Request finished HTTP/2 GET https://localhost:7205/Identity/Account/style.css - - - 404 0 - 3.6137ms
2023-10-26 02:32:56.138 +02:00 [Information] Request starting HTTP/2 POST https://localhost:7205/Identity/Account/Login application/x-www-form-urlencoded 280
2023-10-26 02:32:56.138 +02:00 [Information] Executing endpoint '"/Account/Login"'
2023-10-26 02:32:56.138 +02:00 [Information] Route matched with "{page = \"/Account/Login\", area = \"Identity\", action = \"\", controller = \"\"}". Executing page "/Account/Login"
2023-10-26 02:32:56.152 +02:00 [Information] Executing handler method "Forum.Areas.Identity.Pages.Account.LoginModel.OnPostAsync" - ModelState is Valid
2023-10-26 02:32:56.231 +02:00 [Information] AuthenticationScheme: "Identity.Application" signed in.
2023-10-26 02:32:56.232 +02:00 [Information] User logged in.
2023-10-26 02:32:56.233 +02:00 [Information] Executed handler method "OnPostAsync", returned result "Microsoft.AspNetCore.Mvc.LocalRedirectResult".
2023-10-26 02:32:56.233 +02:00 [Information] Executing LocalRedirectResult, redirecting to "/".
2023-10-26 02:32:56.233 +02:00 [Information] Executed page "/Account/Login" in 94.9549ms
2023-10-26 02:32:56.233 +02:00 [Information] Executed endpoint '"/Account/Login"'
2023-10-26 02:32:56.234 +02:00 [Information] Request finished HTTP/2 POST https://localhost:7205/Identity/Account/Login application/x-www-form-urlencoded 280 - 302 0 - 95.8870ms
2023-10-26 02:32:56.237 +02:00 [Information] Request starting HTTP/2 GET https://localhost:7205/ - -
2023-10-26 02:32:56.240 +02:00 [Information] Executing endpoint '"Forum.Controllers.HomeController.Index (Forum)"'
2023-10-26 02:32:56.241 +02:00 [Information] Route matched with "{action = \"Index\", controller = \"Home\", page = \"\", area = \"\"}". Executing controller action with signature "System.Threading.Tasks.Task`1[Microsoft.AspNetCore.Mvc.IActionResult] Index()" on controller "Forum.Controllers.HomeController" ("Forum").
2023-10-26 02:32:56.242 +02:00 [Information] Executing ViewResult, running view "Index".
2023-10-26 02:32:56.244 +02:00 [Information] Executed ViewResult - view "Index" executed in 2.3759ms.
2023-10-26 02:32:56.244 +02:00 [Information] Executed action "Forum.Controllers.HomeController.Index (Forum)" in 3.8814ms
2023-10-26 02:32:56.244 +02:00 [Information] Executed endpoint '"Forum.Controllers.HomeController.Index (Forum)"'
2023-10-26 02:32:56.245 +02:00 [Information] Request finished HTTP/2 GET https://localhost:7205/ - - - 200 - text/html;+charset=utf-8 7.9942ms
2023-10-26 02:32:56.259 +02:00 [Information] Request starting HTTP/2 GET https://localhost:7205/_framework/aspnetcore-browser-refresh.js - -
2023-10-26 02:32:56.259 +02:00 [Information] Request starting HTTP/2 GET https://localhost:7205/style.css - -
2023-10-26 02:32:56.260 +02:00 [Information] Request finished HTTP/2 GET https://localhost:7205/_framework/aspnetcore-browser-refresh.js - - - 200 12342 application/javascript;+charset=utf-8 0.1880ms
2023-10-26 02:32:56.264 +02:00 [Information] Request finished HTTP/2 GET https://localhost:7205/style.css - - - 404 0 - 4.5641ms
2023-10-26 02:32:57.694 +02:00 [Information] Request starting HTTP/2 POST https://localhost:7205/Identity/Account/Logout?returnUrl=%2F application/x-www-form-urlencoded 225
2023-10-26 02:32:57.700 +02:00 [Information] Executing endpoint '"/Account/Logout"'
2023-10-26 02:32:57.702 +02:00 [Information] Route matched with "{page = \"/Account/Logout\", area = \"Identity\", action = \"\", controller = \"\"}". Executing page "/Account/Logout"
2023-10-26 02:32:57.705 +02:00 [Information] Executing handler method "Forum.Areas.Identity.Pages.Account.LogoutModel.OnPost" - ModelState is Valid
2023-10-26 02:32:57.706 +02:00 [Information] AuthenticationScheme: "Identity.Application" signed out.
2023-10-26 02:32:57.706 +02:00 [Information] AuthenticationScheme: "Identity.External" signed out.
2023-10-26 02:32:57.706 +02:00 [Information] AuthenticationScheme: "Identity.TwoFactorUserId" signed out.
2023-10-26 02:32:57.707 +02:00 [Information] User logged out.
2023-10-26 02:32:57.707 +02:00 [Information] Executed handler method "OnPost", returned result "Microsoft.AspNetCore.Mvc.LocalRedirectResult".
2023-10-26 02:32:57.707 +02:00 [Information] Executing LocalRedirectResult, redirecting to "/".
2023-10-26 02:32:57.707 +02:00 [Information] Executed page "/Account/Logout" in 5.2905ms
2023-10-26 02:32:57.707 +02:00 [Information] Executed endpoint '"/Account/Logout"'
2023-10-26 02:32:57.707 +02:00 [Information] Request finished HTTP/2 POST https://localhost:7205/Identity/Account/Logout?returnUrl=%2F application/x-www-form-urlencoded 225 - 302 0 - 13.6461ms
2023-10-26 02:32:57.709 +02:00 [Information] Request starting HTTP/2 GET https://localhost:7205/ - -
2023-10-26 02:32:57.710 +02:00 [Information] Executing endpoint '"Forum.Controllers.HomeController.Index (Forum)"'
2023-10-26 02:32:57.710 +02:00 [Information] Route matched with "{action = \"Index\", controller = \"Home\", page = \"\", area = \"\"}". Executing controller action with signature "System.Threading.Tasks.Task`1[Microsoft.AspNetCore.Mvc.IActionResult] Index()" on controller "Forum.Controllers.HomeController" ("Forum").
2023-10-26 02:32:57.713 +02:00 [Information] Executing ViewResult, running view "Index".
2023-10-26 02:32:57.714 +02:00 [Information] Executed ViewResult - view "Index" executed in 0.9881ms.
2023-10-26 02:32:57.714 +02:00 [Information] Executed action "Forum.Controllers.HomeController.Index (Forum)" in 4.2675ms
2023-10-26 02:32:57.714 +02:00 [Information] Executed endpoint '"Forum.Controllers.HomeController.Index (Forum)"'
2023-10-26 02:32:57.714 +02:00 [Information] Request finished HTTP/2 GET https://localhost:7205/ - - - 200 - text/html;+charset=utf-8 4.7005ms
2023-10-26 02:32:57.727 +02:00 [Information] Request starting HTTP/2 GET https://localhost:7205/_framework/aspnetcore-browser-refresh.js - -
2023-10-26 02:32:57.726 +02:00 [Information] Request starting HTTP/2 GET https://localhost:7205/style.css - -
2023-10-26 02:32:57.727 +02:00 [Information] Request finished HTTP/2 GET https://localhost:7205/_framework/aspnetcore-browser-refresh.js - - - 200 12342 application/javascript;+charset=utf-8 0.4030ms
2023-10-26 02:32:57.727 +02:00 [Information] Request finished HTTP/2 GET https://localhost:7205/style.css - - - 404 0 - 0.9475ms
