2023-10-26 03:04:59.638 +02:00 [Information] User profile is available. Using '"C:\Users\Johan\AppData\Local\ASP.NET\DataProtection-Keys"' as key repository and Windows DPAPI to encrypt keys at rest.
2023-10-26 03:05:00.269 +02:00 [Information] Now listening on: "https://localhost:7205"
2023-10-26 03:05:00.270 +02:00 [Information] Now listening on: "http://localhost:5112"
2023-10-26 03:05:00.275 +02:00 [Information] Application started. Press Ctrl+C to shut down.
2023-10-26 03:05:00.276 +02:00 [Information] Hosting environment: "Development"
2023-10-26 03:05:00.277 +02:00 [Information] Content root path: "C:\Users\Johan\Source\Repos\N4h0\Forum\MyShop\"
2023-10-26 03:05:00.783 +02:00 [Information] Request starting HTTP/2 GET https://localhost:7205/ - -
2023-10-26 03:05:00.849 +02:00 [Information] Executing endpoint '"Forum.Controllers.HomeController.Index (Forum)"'
2023-10-26 03:05:00.859 +02:00 [Information] Route matched with "{action = \"Index\", controller = \"Home\", page = \"\", area = \"\"}". Executing controller action with signature "System.Threading.Tasks.Task`1[Microsoft.AspNetCore.Mvc.IActionResult] Index()" on controller "Forum.Controllers.HomeController" ("Forum").
2023-10-26 03:05:00.889 +02:00 [Information] Executing ViewResult, running view "Index".
2023-10-26 03:05:00.969 +02:00 [Information] Executed ViewResult - view "Index" executed in 80.3908ms.
2023-10-26 03:05:00.970 +02:00 [Information] Executed action "Forum.Controllers.HomeController.Index (Forum)" in 110.6796ms
2023-10-26 03:05:00.970 +02:00 [Information] Executed endpoint '"Forum.Controllers.HomeController.Index (Forum)"'
2023-10-26 03:05:00.979 +02:00 [Information] Request finished HTTP/2 GET https://localhost:7205/ - - - 200 - text/html;+charset=utf-8 198.5699ms
2023-10-26 03:05:00.992 +02:00 [Information] Request starting HTTP/2 GET https://localhost:7205/lib/bootstrap/js/bootstrap.js - -
2023-10-26 03:05:00.992 +02:00 [Information] Request starting HTTP/2 GET https://localhost:7205/css/style.css?v=WdTnk-tLUSm3ZW2x6qLfHkgxmfnYuYrUv0OKJTfJWOw - -
2023-10-26 03:05:00.992 +02:00 [Information] Request starting HTTP/2 GET https://localhost:7205/lib/jquery/jquery.js - -
2023-10-26 03:05:00.992 +02:00 [Information] Request starting HTTP/2 GET https://localhost:7205/images/fotball.jpg - -
2023-10-26 03:05:00.992 +02:00 [Information] Request starting HTTP/2 GET https://localhost:7205/lib/bootstrap/css/crtstyle.css - -
2023-10-26 03:05:00.992 +02:00 [Information] Request starting HTTP/2 GET https://localhost:7205/style.css - -
2023-10-26 03:05:00.992 +02:00 [Information] Request starting HTTP/2 GET https://localhost:7205/images/formula1.jpg - -
2023-10-26 03:05:01.004 +02:00 [Information] Request finished HTTP/2 GET https://localhost:7205/style.css - - - 404 0 - 12.3171ms
2023-10-26 03:05:01.005 +02:00 [Information] The file "/lib/bootstrap/js/bootstrap.js" was not modified
2023-10-26 03:05:01.005 +02:00 [Information] The file "/lib/bootstrap/css/crtstyle.css" was not modified
2023-10-26 03:05:01.005 +02:00 [Information] The file "/lib/jquery/jquery.js" was not modified
2023-10-26 03:05:01.005 +02:00 [Information] The file "/css/style.css" was not modified
2023-10-26 03:05:01.005 +02:00 [Information] The file "/images/fotball.jpg" was not modified
2023-10-26 03:05:01.005 +02:00 [Information] The file "/images/formula1.jpg" was not modified
2023-10-26 03:05:01.006 +02:00 [Information] Request finished HTTP/2 GET https://localhost:7205/lib/bootstrap/js/bootstrap.js - - - 304 - application/javascript 14.2796ms
2023-10-26 03:05:01.006 +02:00 [Information] Request finished HTTP/2 GET https://localhost:7205/images/formula1.jpg - - - 304 - image/jpeg 13.9766ms
2023-10-26 03:05:01.006 +02:00 [Information] Request finished HTTP/2 GET https://localhost:7205/lib/jquery/jquery.js - - - 304 - application/javascript 14.3127ms
2023-10-26 03:05:01.006 +02:00 [Information] Request finished HTTP/2 GET https://localhost:7205/css/style.css?v=WdTnk-tLUSm3ZW2x6qLfHkgxmfnYuYrUv0OKJTfJWOw - - - 304 - text/css 14.4267ms
2023-10-26 03:05:01.006 +02:00 [Information] Request finished HTTP/2 GET https://localhost:7205/lib/bootstrap/css/crtstyle.css - - - 304 - text/css 14.4054ms
2023-10-26 03:05:01.006 +02:00 [Information] Request finished HTTP/2 GET https://localhost:7205/images/fotball.jpg - - - 304 - image/jpeg 14.0993ms
2023-10-26 03:05:01.041 +02:00 [Information] Request starting HTTP/2 GET https://localhost:7205/images/vacation.jpg - -
2023-10-26 03:05:01.041 +02:00 [Information] Request starting HTTP/2 GET https://localhost:7205/images/mosque.jpg - -
2023-10-26 03:05:01.041 +02:00 [Information] The file "/images/vacation.jpg" was not modified
2023-10-26 03:05:01.041 +02:00 [Information] The file "/images/mosque.jpg" was not modified
2023-10-26 03:05:01.041 +02:00 [Information] Request finished HTTP/2 GET https://localhost:7205/images/mosque.jpg - - - 304 - image/jpeg 0.8876ms
2023-10-26 03:05:01.041 +02:00 [Information] Request finished HTTP/2 GET https://localhost:7205/images/vacation.jpg - - - 304 - image/jpeg 0.9760ms
2023-10-26 03:05:01.048 +02:00 [Information] Request starting HTTP/2 GET https://localhost:7205/images/cyberS.jpg - -
2023-10-26 03:05:01.048 +02:00 [Information] The file "/images/cyberS.jpg" was not modified
2023-10-26 03:05:01.048 +02:00 [Information] Request finished HTTP/2 GET https://localhost:7205/images/cyberS.jpg - - - 304 - image/jpeg 0.2565ms
2023-10-26 03:05:01.063 +02:00 [Information] Request starting HTTP/2 GET https://localhost:7205/_framework/aspnetcore-browser-refresh.js - -
2023-10-26 03:05:01.066 +02:00 [Information] Request finished HTTP/2 GET https://localhost:7205/_framework/aspnetcore-browser-refresh.js - - - 200 12342 application/javascript;+charset=utf-8 2.5920ms
2023-10-26 03:05:01.074 +02:00 [Information] Request starting HTTP/2 GET https://localhost:7205/images/skiEquipments.jpg - -
2023-10-26 03:05:01.074 +02:00 [Information] The file "/images/skiEquipments.jpg" was not modified
2023-10-26 03:05:01.074 +02:00 [Information] Request finished HTTP/2 GET https://localhost:7205/images/skiEquipments.jpg - - - 304 - image/jpeg 0.3877ms
2023-10-26 03:05:02.740 +02:00 [Information] Request starting HTTP/2 GET https://localhost:7205/Room/RoomTable - -
2023-10-26 03:05:02.747 +02:00 [Information] Executing endpoint '"Forum.Controllers.RoomController.RoomTable (Forum)"'
2023-10-26 03:05:02.749 +02:00 [Information] Route matched with "{action = \"RoomTable\", controller = \"Room\", page = \"\", area = \"\"}". Executing controller action with signature "System.Threading.Tasks.Task`1[Microsoft.AspNetCore.Mvc.IActionResult] RoomTable()" on controller "Forum.Controllers.RoomController" ("Forum").
2023-10-26 03:05:02.759 +02:00 [Information] Executing ViewResult, running view "RoomTable".
2023-10-26 03:05:02.764 +02:00 [Information] Executed ViewResult - view "RoomTable" executed in 5.3869ms.
2023-10-26 03:05:02.764 +02:00 [Information] Executed action "Forum.Controllers.RoomController.RoomTable (Forum)" in 15.6338ms
2023-10-26 03:05:02.765 +02:00 [Information] Executed endpoint '"Forum.Controllers.RoomController.RoomTable (Forum)"'
2023-10-26 03:05:02.765 +02:00 [Information] Request finished HTTP/2 GET https://localhost:7205/Room/RoomTable - - - 200 - text/html;+charset=utf-8 24.5646ms
2023-10-26 03:05:02.776 +02:00 [Information] Request starting HTTP/2 GET https://localhost:7205/_framework/aspnetcore-browser-refresh.js - -
2023-10-26 03:05:02.776 +02:00 [Information] Request starting HTTP/2 GET https://localhost:7205/Room/style.css - -
2023-10-26 03:05:02.776 +02:00 [Information] Request finished HTTP/2 GET https://localhost:7205/_framework/aspnetcore-browser-refresh.js - - - 200 12342 application/javascript;+charset=utf-8 0.2624ms
2023-10-26 03:05:02.779 +02:00 [Information] Request finished HTTP/2 GET https://localhost:7205/Room/style.css - - - 404 0 - 2.9531ms
2023-10-26 03:05:04.284 +02:00 [Information] Request starting HTTP/2 GET https://localhost:7205/ - -
2023-10-26 03:05:04.285 +02:00 [Information] Executing endpoint '"Forum.Controllers.HomeController.Index (Forum)"'
2023-10-26 03:05:04.286 +02:00 [Information] Route matched with "{action = \"Index\", controller = \"Home\", page = \"\", area = \"\"}". Executing controller action with signature "System.Threading.Tasks.Task`1[Microsoft.AspNetCore.Mvc.IActionResult] Index()" on controller "Forum.Controllers.HomeController" ("Forum").
2023-10-26 03:05:04.287 +02:00 [Information] Executing ViewResult, running view "Index".
2023-10-26 03:05:04.288 +02:00 [Information] Executed ViewResult - view "Index" executed in 0.9521ms.
2023-10-26 03:05:04.288 +02:00 [Information] Executed action "Forum.Controllers.HomeController.Index (Forum)" in 2.0282ms
2023-10-26 03:05:04.288 +02:00 [Information] Executed endpoint '"Forum.Controllers.HomeController.Index (Forum)"'
2023-10-26 03:05:04.288 +02:00 [Information] Request finished HTTP/2 GET https://localhost:7205/ - - - 200 - text/html;+charset=utf-8 4.0441ms
2023-10-26 03:05:04.298 +02:00 [Information] Request starting HTTP/2 GET https://localhost:7205/_framework/aspnetcore-browser-refresh.js - -
2023-10-26 03:05:04.298 +02:00 [Information] Request starting HTTP/2 GET https://localhost:7205/style.css - -
2023-10-26 03:05:04.298 +02:00 [Information] Request finished HTTP/2 GET https://localhost:7205/_framework/aspnetcore-browser-refresh.js - - - 200 12342 application/javascript;+charset=utf-8 0.2667ms
2023-10-26 03:05:04.300 +02:00 [Information] Request finished HTTP/2 GET https://localhost:7205/style.css - - - 404 0 - 2.2230ms
2023-10-26 03:05:04.964 +02:00 [Information] Request starting HTTP/2 GET https://localhost:7205/Post/PostDetails/1 - -
2023-10-26 03:05:04.967 +02:00 [Information] Executing endpoint '"Forum.Controllers.PostController.PostDetails (Forum)"'
2023-10-26 03:05:04.975 +02:00 [Information] Route matched with "{action = \"PostDetails\", controller = \"Post\", page = \"\", area = \"\"}". Executing controller action with signature "System.Threading.Tasks.Task`1[Microsoft.AspNetCore.Mvc.IActionResult] PostDetails(Int32)" on controller "Forum.Controllers.PostController" ("Forum").
2023-10-26 03:05:04.985 +02:00 [Information] Executing ViewResult, running view "PostDetails".
2023-10-26 03:05:05.040 +02:00 [Information] Executed ViewResult - view "PostDetails" executed in 55.0343ms.
2023-10-26 03:05:05.040 +02:00 [Information] Executed action "Forum.Controllers.PostController.PostDetails (Forum)" in 65.5599ms
2023-10-26 03:05:05.040 +02:00 [Information] Executed endpoint '"Forum.Controllers.PostController.PostDetails (Forum)"'
2023-10-26 03:05:05.040 +02:00 [Information] Request finished HTTP/2 GET https://localhost:7205/Post/PostDetails/1 - - - 200 - text/html;+charset=utf-8 76.0277ms
2023-10-26 03:05:05.053 +02:00 [Information] Request starting HTTP/2 GET https://localhost:7205/_framework/aspnetcore-browser-refresh.js - -
2023-10-26 03:05:05.053 +02:00 [Information] Request starting HTTP/2 GET https://localhost:7205/Post/PostDetails/style.css - -
2023-10-26 03:05:05.053 +02:00 [Information] Request finished HTTP/2 GET https://localhost:7205/_framework/aspnetcore-browser-refresh.js - - - 200 12342 application/javascript;+charset=utf-8 0.2446ms
2023-10-26 03:05:05.055 +02:00 [Information] Executing endpoint '"Forum.Controllers.PostController.PostDetails (Forum)"'
2023-10-26 03:05:05.056 +02:00 [Information] Route matched with "{action = \"PostDetails\", controller = \"Post\", page = \"\", area = \"\"}". Executing controller action with signature "System.Threading.Tasks.Task`1[Microsoft.AspNetCore.Mvc.IActionResult] PostDetails(Int32)" on controller "Forum.Controllers.PostController" ("Forum").
2023-10-26 03:05:05.066 +02:00 [Error] [PostController] post not found for the TopicId 0000
2023-10-26 03:05:05.071 +02:00 [Information] Executing "NotFoundObjectResult", writing value of type '"System.String"'.
2023-10-26 03:05:05.072 +02:00 [Information] Executed action "Forum.Controllers.PostController.PostDetails (Forum)" in 16.2023ms
2023-10-26 03:05:05.072 +02:00 [Information] Executed endpoint '"Forum.Controllers.PostController.PostDetails (Forum)"'
2023-10-26 03:05:05.072 +02:00 [Information] Request finished HTTP/2 GET https://localhost:7205/Post/PostDetails/style.css - - - 404 - text/plain;+charset=utf-8 19.1452ms
2023-10-26 03:05:07.058 +02:00 [Information] Request starting HTTP/2 GET https://localhost:7205/ - -
2023-10-26 03:05:07.060 +02:00 [Information] Executing endpoint '"Forum.Controllers.HomeController.Index (Forum)"'
2023-10-26 03:05:07.060 +02:00 [Information] Route matched with "{action = \"Index\", controller = \"Home\", page = \"\", area = \"\"}". Executing controller action with signature "System.Threading.Tasks.Task`1[Microsoft.AspNetCore.Mvc.IActionResult] Index()" on controller "Forum.Controllers.HomeController" ("Forum").
2023-10-26 03:05:07.062 +02:00 [Information] Executing ViewResult, running view "Index".
2023-10-26 03:05:07.063 +02:00 [Information] Executed ViewResult - view "Index" executed in 1.0124ms.
2023-10-26 03:05:07.063 +02:00 [Information] Executed action "Forum.Controllers.HomeController.Index (Forum)" in 2.5626ms
2023-10-26 03:05:07.063 +02:00 [Information] Executed endpoint '"Forum.Controllers.HomeController.Index (Forum)"'
2023-10-26 03:05:07.063 +02:00 [Information] Request finished HTTP/2 GET https://localhost:7205/ - - - 200 - text/html;+charset=utf-8 5.0195ms
2023-10-26 03:05:07.073 +02:00 [Information] Request starting HTTP/2 GET https://localhost:7205/style.css - -
2023-10-26 03:05:07.073 +02:00 [Information] Request starting HTTP/2 GET https://localhost:7205/_framework/aspnetcore-browser-refresh.js - -
2023-10-26 03:05:07.074 +02:00 [Information] Request finished HTTP/2 GET https://localhost:7205/_framework/aspnetcore-browser-refresh.js - - - 200 12342 application/javascript;+charset=utf-8 0.8275ms
2023-10-26 03:05:07.075 +02:00 [Information] Request finished HTTP/2 GET https://localhost:7205/style.css - - - 404 0 - 2.1873ms
2023-10-26 03:05:15.903 +02:00 [Information] Request starting HTTP/2 GET https://localhost:7205/Post/PostDetails/1 - -
2023-10-26 03:05:15.905 +02:00 [Information] Executing endpoint '"Forum.Controllers.PostController.PostDetails (Forum)"'
2023-10-26 03:05:15.905 +02:00 [Information] Route matched with "{action = \"PostDetails\", controller = \"Post\", page = \"\", area = \"\"}". Executing controller action with signature "System.Threading.Tasks.Task`1[Microsoft.AspNetCore.Mvc.IActionResult] PostDetails(Int32)" on controller "Forum.Controllers.PostController" ("Forum").
2023-10-26 03:05:15.907 +02:00 [Information] Executing ViewResult, running view "PostDetails".
2023-10-26 03:05:15.914 +02:00 [Information] Executed ViewResult - view "PostDetails" executed in 6.5347ms.
2023-10-26 03:05:15.914 +02:00 [Information] Executed action "Forum.Controllers.PostController.PostDetails (Forum)" in 8.8174ms
2023-10-26 03:05:15.914 +02:00 [Information] Executed endpoint '"Forum.Controllers.PostController.PostDetails (Forum)"'
2023-10-26 03:05:15.914 +02:00 [Information] Request finished HTTP/2 GET https://localhost:7205/Post/PostDetails/1 - - - 200 - text/html;+charset=utf-8 11.1534ms
2023-10-26 03:05:15.925 +02:00 [Information] Request starting HTTP/2 GET https://localhost:7205/Post/PostDetails/style.css - -
2023-10-26 03:05:15.925 +02:00 [Information] Request starting HTTP/2 GET https://localhost:7205/_framework/aspnetcore-browser-refresh.js - -
2023-10-26 03:05:15.925 +02:00 [Information] Request finished HTTP/2 GET https://localhost:7205/_framework/aspnetcore-browser-refresh.js - - - 200 12342 application/javascript;+charset=utf-8 0.2290ms
2023-10-26 03:05:15.927 +02:00 [Information] Executing endpoint '"Forum.Controllers.PostController.PostDetails (Forum)"'
2023-10-26 03:05:15.927 +02:00 [Information] Route matched with "{action = \"PostDetails\", controller = \"Post\", page = \"\", area = \"\"}". Executing controller action with signature "System.Threading.Tasks.Task`1[Microsoft.AspNetCore.Mvc.IActionResult] PostDetails(Int32)" on controller "Forum.Controllers.PostController" ("Forum").
2023-10-26 03:05:15.930 +02:00 [Error] [PostController] post not found for the TopicId 0000
2023-10-26 03:05:15.930 +02:00 [Information] Executing "NotFoundObjectResult", writing value of type '"System.String"'.
2023-10-26 03:05:15.930 +02:00 [Information] Executed action "Forum.Controllers.PostController.PostDetails (Forum)" in 3.3783ms
2023-10-26 03:05:15.930 +02:00 [Information] Executed endpoint '"Forum.Controllers.PostController.PostDetails (Forum)"'
2023-10-26 03:05:15.930 +02:00 [Information] Request finished HTTP/2 GET https://localhost:7205/Post/PostDetails/style.css - - - 404 - text/plain;+charset=utf-8 5.5163ms
2023-10-26 03:05:17.499 +02:00 [Information] Request starting HTTP/2 GET https://localhost:7205/Topic/TopicDetails/1 - -
2023-10-26 03:05:17.501 +02:00 [Information] Executing endpoint '"Forum.Controllers.TopicController.TopicDetails (Forum)"'
2023-10-26 03:05:17.503 +02:00 [Information] Route matched with "{action = \"TopicDetails\", controller = \"Topic\", page = \"\", area = \"\"}". Executing controller action with signature "System.Threading.Tasks.Task`1[Microsoft.AspNetCore.Mvc.IActionResult] TopicDetails(Int32)" on controller "Forum.Controllers.TopicController" ("Forum").
2023-10-26 03:05:17.509 +02:00 [Information] Executing ViewResult, running view "TopicDetails".
2023-10-26 03:05:17.524 +02:00 [Information] Executed ViewResult - view "TopicDetails" executed in 15.9706ms.
2023-10-26 03:05:17.524 +02:00 [Information] Executed action "Forum.Controllers.TopicController.TopicDetails (Forum)" in 21.2225ms
2023-10-26 03:05:17.524 +02:00 [Information] Executed endpoint '"Forum.Controllers.TopicController.TopicDetails (Forum)"'
2023-10-26 03:05:17.524 +02:00 [Information] Request finished HTTP/2 GET https://localhost:7205/Topic/TopicDetails/1 - - - 200 - text/html;+charset=utf-8 25.5341ms
2023-10-26 03:05:17.537 +02:00 [Information] Request starting HTTP/2 GET https://localhost:7205/Topic/TopicDetails/style.css - -
2023-10-26 03:05:17.537 +02:00 [Information] Request starting HTTP/2 GET https://localhost:7205/_framework/aspnetcore-browser-refresh.js - -
2023-10-26 03:05:17.537 +02:00 [Information] Request finished HTTP/2 GET https://localhost:7205/_framework/aspnetcore-browser-refresh.js - - - 200 12342 application/javascript;+charset=utf-8 0.2407ms
2023-10-26 03:05:17.540 +02:00 [Information] Executing endpoint '"Forum.Controllers.TopicController.TopicDetails (Forum)"'
2023-10-26 03:05:17.540 +02:00 [Information] Route matched with "{action = \"TopicDetails\", controller = \"Topic\", page = \"\", area = \"\"}". Executing controller action with signature "System.Threading.Tasks.Task`1[Microsoft.AspNetCore.Mvc.IActionResult] TopicDetails(Int32)" on controller "Forum.Controllers.TopicController" ("Forum").
2023-10-26 03:05:17.544 +02:00 [Error] [TopicController] Topic not found for the TopicId 0000
2023-10-26 03:05:17.544 +02:00 [Information] Executing "NotFoundObjectResult", writing value of type '"System.String"'.
2023-10-26 03:05:17.544 +02:00 [Information] Executed action "Forum.Controllers.TopicController.TopicDetails (Forum)" in 4.0242ms
2023-10-26 03:05:17.544 +02:00 [Information] Executed endpoint '"Forum.Controllers.TopicController.TopicDetails (Forum)"'
2023-10-26 03:05:17.544 +02:00 [Information] Request finished HTTP/2 GET https://localhost:7205/Topic/TopicDetails/style.css - - - 404 - text/plain;+charset=utf-8 7.4664ms
