2023-10-24 16:27:05.900 +02:00 [Information] User profile is available. Using '"C:\Users\abdik\AppData\Local\ASP.NET\DataProtection-Keys"' as key repository and Windows DPAPI to encrypt keys at rest.
2023-10-24 16:27:06.314 +02:00 [Information] Now listening on: "https://localhost:7205"
2023-10-24 16:27:06.315 +02:00 [Information] Now listening on: "http://localhost:5112"
2023-10-24 16:27:06.317 +02:00 [Information] Application started. Press Ctrl+C to shut down.
2023-10-24 16:27:06.318 +02:00 [Information] Hosting environment: "Development"
2023-10-24 16:27:06.318 +02:00 [Information] Content root path: "C:\Users\abdik\Source\Repos\Forum\MyShop\"
2023-10-24 16:27:06.597 +02:00 [Information] Request starting HTTP/2 GET https://localhost:7205/ - -
2023-10-24 16:27:06.634 +02:00 [Information] Executing endpoint '"Forum.Controllers.HomeController.Index (Forum)"'
2023-10-24 16:27:06.645 +02:00 [Information] Route matched with "{action = \"Index\", controller = \"Home\", page = \"\", area = \"\"}". Executing controller action with signature "System.Threading.Tasks.Task`1[Microsoft.AspNetCore.Mvc.IActionResult] Index()" on controller "Forum.Controllers.HomeController" ("Forum").
2023-10-24 16:27:06.670 +02:00 [Information] Executing ViewResult, running view "Index".
2023-10-24 16:27:06.791 +02:00 [Information] Executed ViewResult - view "Index" executed in 120.8954ms.
2023-10-24 16:27:06.793 +02:00 [Information] Executed action "Forum.Controllers.HomeController.Index (Forum)" in 147.2036ms
2023-10-24 16:27:06.793 +02:00 [Information] Executed endpoint '"Forum.Controllers.HomeController.Index (Forum)"'
2023-10-24 16:27:06.805 +02:00 [Information] Request finished HTTP/2 GET https://localhost:7205/ - - - 200 - text/html;+charset=utf-8 210.8847ms
2023-10-24 16:27:06.814 +02:00 [Information] Request starting HTTP/2 GET https://localhost:7205/style.css - -
2023-10-24 16:27:06.817 +02:00 [Information] Request finished HTTP/2 GET https://localhost:7205/style.css - - - 404 0 - 2.8616ms
2023-10-24 16:27:06.870 +02:00 [Information] Request starting HTTP/2 GET https://localhost:7205/_framework/aspnetcore-browser-refresh.js - -
2023-10-24 16:27:06.872 +02:00 [Information] Request finished HTTP/2 GET https://localhost:7205/_framework/aspnetcore-browser-refresh.js - - - 200 12342 application/javascript;+charset=utf-8 2.2711ms
2023-10-24 16:27:06.886 +02:00 [Information] Request starting HTTP/2 GET https://localhost:7205/_vs/browserLink - -
2023-10-24 16:27:06.894 +02:00 [Information] Request finished HTTP/2 GET https://localhost:7205/_vs/browserLink - - - 200 - text/javascript;+charset=UTF-8 7.8091ms
