2023-10-28 01:41:42.650 +02:00 [Information] User profile is available. Using '"C:\Users\Johan\AppData\Local\ASP.NET\DataProtection-Keys"' as key repository and Windows DPAPI to encrypt keys at rest.
2023-10-28 01:41:43.194 +02:00 [Information] Now listening on: "https://localhost:7205"
2023-10-28 01:41:43.195 +02:00 [Information] Now listening on: "http://localhost:5112"
2023-10-28 01:41:43.199 +02:00 [Information] Application started. Press Ctrl+C to shut down.
2023-10-28 01:41:43.201 +02:00 [Information] Hosting environment: "Development"
2023-10-28 01:41:43.201 +02:00 [Information] Content root path: "C:\Users\Johan\Source\Repos\N4h0\Forum\MyShop\"
2023-10-28 01:41:43.493 +02:00 [Information] Request starting HTTP/2 GET https://localhost:7205/ - -
2023-10-28 01:41:43.552 +02:00 [Information] AuthenticationScheme: "Identity.Application" signed out.
2023-10-28 01:41:43.553 +02:00 [Information] AuthenticationScheme: "Identity.External" signed out.
2023-10-28 01:41:43.553 +02:00 [Information] AuthenticationScheme: "Identity.TwoFactorUserId" signed out.
2023-10-28 01:41:43.556 +02:00 [Information] "Identity.Application" was not authenticated. Failure message: "No principal."
2023-10-28 01:41:43.559 +02:00 [Information] Executing endpoint '"Forum.Controllers.HomeController.Index (Forum)"'
2023-10-28 01:41:43.568 +02:00 [Information] Route matched with "{action = \"Index\", controller = \"Home\", page = \"\", area = \"\"}". Executing controller action with signature "System.Threading.Tasks.Task`1[Microsoft.AspNetCore.Mvc.IActionResult] Index()" on controller "Forum.Controllers.HomeController" ("Forum").
2023-10-28 01:41:43.595 +02:00 [Information] Executing ViewResult, running view "Index".
2023-10-28 01:41:43.726 +02:00 [Information] Executed ViewResult - view "Index" executed in 130.7896ms.
2023-10-28 01:41:43.729 +02:00 [Information] Executed action "Forum.Controllers.HomeController.Index (Forum)" in 160.8764ms
2023-10-28 01:41:43.729 +02:00 [Information] Executed endpoint '"Forum.Controllers.HomeController.Index (Forum)"'
2023-10-28 01:41:43.747 +02:00 [Information] Request starting HTTP/2 GET https://localhost:7205/style.css - -
2023-10-28 01:41:43.750 +02:00 [Information] Request finished HTTP/2 GET https://localhost:7205/style.css - - - 404 0 - 2.5235ms
2023-10-28 01:41:43.754 +02:00 [Information] Request finished HTTP/2 GET https://localhost:7205/ - - - 200 - text/html;+charset=utf-8 263.7709ms
2023-10-28 01:41:43.785 +02:00 [Information] Request starting HTTP/2 GET https://localhost:7205/_framework/aspnetcore-browser-refresh.js - -
2023-10-28 01:41:43.788 +02:00 [Information] Request finished HTTP/2 GET https://localhost:7205/_framework/aspnetcore-browser-refresh.js - - - 200 12342 application/javascript;+charset=utf-8 2.9366ms
2023-10-28 01:41:43.792 +02:00 [Information] Request starting HTTP/2 GET https://localhost:7205/_vs/browserLink - -
2023-10-28 01:41:43.802 +02:00 [Information] Request finished HTTP/2 GET https://localhost:7205/_vs/browserLink - - - 200 - text/javascript;+charset=UTF-8 10.0744ms
2023-10-28 01:41:46.266 +02:00 [Information] Request starting HTTP/2 GET https://localhost:7205/Post/PostDetails/1 - -
2023-10-28 01:41:46.268 +02:00 [Information] Executing endpoint '"Forum.Controllers.PostController.PostDetails (Forum)"'
2023-10-28 01:41:46.275 +02:00 [Information] Route matched with "{action = \"PostDetails\", controller = \"Post\", page = \"\", area = \"\"}". Executing controller action with signature "System.Threading.Tasks.Task`1[Microsoft.AspNetCore.Mvc.IActionResult] PostDetails(Int32)" on controller "Forum.Controllers.PostController" ("Forum").
2023-10-28 01:41:46.288 +02:00 [Information] Executing ViewResult, running view "PostDetails".
2023-10-28 01:41:46.346 +02:00 [Information] Executed ViewResult - view "PostDetails" executed in 58.7302ms.
2023-10-28 01:41:46.347 +02:00 [Information] Executed action "Forum.Controllers.PostController.PostDetails (Forum)" in 71.7357ms
2023-10-28 01:41:46.347 +02:00 [Information] Executed endpoint '"Forum.Controllers.PostController.PostDetails (Forum)"'
2023-10-28 01:41:46.348 +02:00 [Information] Request finished HTTP/2 GET https://localhost:7205/Post/PostDetails/1 - - - 200 - text/html;+charset=utf-8 81.4021ms
2023-10-28 01:41:46.359 +02:00 [Information] Request starting HTTP/2 GET https://localhost:7205/_framework/aspnetcore-browser-refresh.js - -
2023-10-28 01:41:46.359 +02:00 [Information] Request starting HTTP/2 GET https://localhost:7205/_vs/browserLink - -
2023-10-28 01:41:46.359 +02:00 [Information] Request starting HTTP/2 GET https://localhost:7205/Post/PostDetails/style.css - -
2023-10-28 01:41:46.359 +02:00 [Information] Request finished HTTP/2 GET https://localhost:7205/_framework/aspnetcore-browser-refresh.js - - - 200 12342 application/javascript;+charset=utf-8 0.3954ms
2023-10-28 01:41:46.361 +02:00 [Information] Executing endpoint '"Forum.Controllers.PostController.PostDetails (Forum)"'
2023-10-28 01:41:46.361 +02:00 [Information] Route matched with "{action = \"PostDetails\", controller = \"Post\", page = \"\", area = \"\"}". Executing controller action with signature "System.Threading.Tasks.Task`1[Microsoft.AspNetCore.Mvc.IActionResult] PostDetails(Int32)" on controller "Forum.Controllers.PostController" ("Forum").
2023-10-28 01:41:46.361 +02:00 [Information] Request finished HTTP/2 GET https://localhost:7205/_vs/browserLink - - - 200 - text/javascript;+charset=UTF-8 2.3972ms
2023-10-28 01:41:46.373 +02:00 [Error] [PostController] post not found for the TopicId 0000
2023-10-28 01:41:46.375 +02:00 [Information] Executing "NotFoundObjectResult", writing value of type '"System.String"'.
2023-10-28 01:41:46.376 +02:00 [Information] Executed action "Forum.Controllers.PostController.PostDetails (Forum)" in 14.6549ms
2023-10-28 01:41:46.376 +02:00 [Information] Executed endpoint '"Forum.Controllers.PostController.PostDetails (Forum)"'
2023-10-28 01:41:46.376 +02:00 [Information] Request finished HTTP/2 GET https://localhost:7205/Post/PostDetails/style.css - - - 404 - text/plain;+charset=utf-8 17.2381ms
2023-10-28 01:41:47.622 +02:00 [Information] Request starting HTTP/2 GET https://localhost:7205/Topic/TopicDetails/1 - -
2023-10-28 01:41:47.623 +02:00 [Information] Executing endpoint '"Forum.Controllers.TopicController.TopicDetails (Forum)"'
2023-10-28 01:41:47.624 +02:00 [Information] Route matched with "{action = \"TopicDetails\", controller = \"Topic\", page = \"\", area = \"\"}". Executing controller action with signature "System.Threading.Tasks.Task`1[Microsoft.AspNetCore.Mvc.IActionResult] TopicDetails(Int32)" on controller "Forum.Controllers.TopicController" ("Forum").
2023-10-28 01:41:47.630 +02:00 [Information] Executing ViewResult, running view "TopicDetails".
2023-10-28 01:41:47.651 +02:00 [Information] Executed ViewResult - view "TopicDetails" executed in 21.0215ms.
2023-10-28 01:41:47.651 +02:00 [Information] Executed action "Forum.Controllers.TopicController.TopicDetails (Forum)" in 26.7356ms
2023-10-28 01:41:47.651 +02:00 [Information] Executed endpoint '"Forum.Controllers.TopicController.TopicDetails (Forum)"'
2023-10-28 01:41:47.652 +02:00 [Information] Request finished HTTP/2 GET https://localhost:7205/Topic/TopicDetails/1 - - - 200 - text/html;+charset=utf-8 29.9845ms
2023-10-28 01:41:47.659 +02:00 [Information] Request starting HTTP/2 GET https://localhost:7205/Topic/TopicDetails/style.css - -
2023-10-28 01:41:47.659 +02:00 [Information] Request starting HTTP/2 GET https://localhost:7205/_vs/browserLink - -
2023-10-28 01:41:47.659 +02:00 [Information] Request starting HTTP/2 GET https://localhost:7205/_framework/aspnetcore-browser-refresh.js - -
2023-10-28 01:41:47.659 +02:00 [Information] Request finished HTTP/2 GET https://localhost:7205/_framework/aspnetcore-browser-refresh.js - - - 200 12342 application/javascript;+charset=utf-8 0.4403ms
2023-10-28 01:41:47.662 +02:00 [Information] Executing endpoint '"Forum.Controllers.TopicController.TopicDetails (Forum)"'
2023-10-28 01:41:47.662 +02:00 [Information] Route matched with "{action = \"TopicDetails\", controller = \"Topic\", page = \"\", area = \"\"}". Executing controller action with signature "System.Threading.Tasks.Task`1[Microsoft.AspNetCore.Mvc.IActionResult] TopicDetails(Int32)" on controller "Forum.Controllers.TopicController" ("Forum").
2023-10-28 01:41:47.663 +02:00 [Information] Request finished HTTP/2 GET https://localhost:7205/_vs/browserLink - - - 200 - text/javascript;+charset=UTF-8 4.6204ms
2023-10-28 01:41:47.667 +02:00 [Error] [TopicController] Topic not found for the TopicId 0000
2023-10-28 01:41:47.668 +02:00 [Information] Executing "NotFoundObjectResult", writing value of type '"System.String"'.
2023-10-28 01:41:47.668 +02:00 [Information] Executed action "Forum.Controllers.TopicController.TopicDetails (Forum)" in 5.6731ms
2023-10-28 01:41:47.668 +02:00 [Information] Executed endpoint '"Forum.Controllers.TopicController.TopicDetails (Forum)"'
2023-10-28 01:41:47.668 +02:00 [Information] Request finished HTTP/2 GET https://localhost:7205/Topic/TopicDetails/style.css - - - 404 - text/plain;+charset=utf-8 9.2300ms
2023-10-28 01:41:49.736 +02:00 [Information] Request starting HTTP/2 GET https://localhost:7205/Room/RoomDetails/1 - -
2023-10-28 01:41:49.736 +02:00 [Information] Executing endpoint '"Forum.Controllers.RoomController.RoomDetails (Forum)"'
2023-10-28 01:41:49.738 +02:00 [Information] Route matched with "{action = \"RoomDetails\", controller = \"Room\", page = \"\", area = \"\"}". Executing controller action with signature "System.Threading.Tasks.Task`1[Microsoft.AspNetCore.Mvc.IActionResult] RoomDetails(Int32)" on controller "Forum.Controllers.RoomController" ("Forum").
2023-10-28 01:41:49.741 +02:00 [Information] RoomDetails called with Room ID: 1
2023-10-28 01:41:49.745 +02:00 [Information] Executing ViewResult, running view "RoomDetails".
2023-10-28 01:41:49.760 +02:00 [Information] Executed ViewResult - view "RoomDetails" executed in 14.9476ms.
2023-10-28 01:41:49.760 +02:00 [Information] Executed action "Forum.Controllers.RoomController.RoomDetails (Forum)" in 21.9511ms
2023-10-28 01:41:49.760 +02:00 [Information] Executed endpoint '"Forum.Controllers.RoomController.RoomDetails (Forum)"'
2023-10-28 01:41:49.761 +02:00 [Information] Request finished HTTP/2 GET https://localhost:7205/Room/RoomDetails/1 - - - 200 - text/html;+charset=utf-8 25.0198ms
2023-10-28 01:41:49.768 +02:00 [Information] Request starting HTTP/2 GET https://localhost:7205/_vs/browserLink - -
2023-10-28 01:41:49.768 +02:00 [Information] Request starting HTTP/2 GET https://localhost:7205/Room/RoomDetails/style.css - -
2023-10-28 01:41:49.768 +02:00 [Information] Request starting HTTP/2 GET https://localhost:7205/_framework/aspnetcore-browser-refresh.js - -
2023-10-28 01:41:49.768 +02:00 [Information] Request finished HTTP/2 GET https://localhost:7205/_framework/aspnetcore-browser-refresh.js - - - 200 12342 application/javascript;+charset=utf-8 0.2659ms
2023-10-28 01:41:49.771 +02:00 [Information] Executing endpoint '"Forum.Controllers.RoomController.RoomDetails (Forum)"'
2023-10-28 01:41:49.771 +02:00 [Information] Route matched with "{action = \"RoomDetails\", controller = \"Room\", page = \"\", area = \"\"}". Executing controller action with signature "System.Threading.Tasks.Task`1[Microsoft.AspNetCore.Mvc.IActionResult] RoomDetails(Int32)" on controller "Forum.Controllers.RoomController" ("Forum").
2023-10-28 01:41:49.772 +02:00 [Information] Request finished HTTP/2 GET https://localhost:7205/_vs/browserLink - - - 200 - text/javascript;+charset=UTF-8 4.5001ms
2023-10-28 01:41:49.775 +02:00 [Information] RoomDetails called with Room ID: 0
2023-10-28 01:41:49.778 +02:00 [Error] Room with ID not found Room ID: 0
2023-10-28 01:41:49.781 +02:00 [Information] Executing StatusCodeResult, setting HTTP status code 404
2023-10-28 01:41:49.781 +02:00 [Information] Executed action "Forum.Controllers.RoomController.RoomDetails (Forum)" in 9.8545ms
2023-10-28 01:41:49.781 +02:00 [Information] Executed endpoint '"Forum.Controllers.RoomController.RoomDetails (Forum)"'
2023-10-28 01:41:49.781 +02:00 [Information] Request finished HTTP/2 GET https://localhost:7205/Room/RoomDetails/style.css - - - 404 0 - 13.5063ms
2023-10-28 01:41:51.011 +02:00 [Information] Request starting HTTP/2 GET https://localhost:7205/Identity/Account/Login - -
2023-10-28 01:41:51.012 +02:00 [Information] Executing endpoint '"/Account/Login"'
2023-10-28 01:41:51.018 +02:00 [Information] Route matched with "{page = \"/Account/Login\", area = \"Identity\", action = \"\", controller = \"\"}". Executing page "/Account/Login"
2023-10-28 01:41:51.028 +02:00 [Information] Executing handler method "Forum.Areas.Identity.Pages.Account.LoginModel.OnGetAsync" - ModelState is Valid
2023-10-28 01:41:51.029 +02:00 [Information] AuthenticationScheme: "Identity.External" signed out.
2023-10-28 01:41:51.030 +02:00 [Information] Executed handler method "OnGetAsync", returned result "".
2023-10-28 01:41:51.033 +02:00 [Information] Executing an implicit handler method - ModelState is Valid
2023-10-28 01:41:51.033 +02:00 [Information] Executed an implicit handler method, returned result "Microsoft.AspNetCore.Mvc.RazorPages.PageResult".
2023-10-28 01:41:51.061 +02:00 [Information] Executed page "/Account/Login" in 42.6423ms
2023-10-28 01:41:51.061 +02:00 [Information] Executed endpoint '"/Account/Login"'
2023-10-28 01:41:51.062 +02:00 [Information] Request finished HTTP/2 GET https://localhost:7205/Identity/Account/Login - - - 200 - text/html;+charset=utf-8 50.8511ms
2023-10-28 01:41:51.070 +02:00 [Information] Request starting HTTP/2 GET https://localhost:7205/_framework/aspnetcore-browser-refresh.js - -
2023-10-28 01:41:51.070 +02:00 [Information] Request starting HTTP/2 GET https://localhost:7205/Identity/Account/style.css - -
2023-10-28 01:41:51.070 +02:00 [Information] Request finished HTTP/2 GET https://localhost:7205/_framework/aspnetcore-browser-refresh.js - - - 200 12342 application/javascript;+charset=utf-8 0.2812ms
2023-10-28 01:41:51.072 +02:00 [Information] Request finished HTTP/2 GET https://localhost:7205/Identity/Account/style.css - - - 404 0 - 2.2927ms
2023-10-28 01:41:51.077 +02:00 [Information] Request starting HTTP/2 GET https://localhost:7205/_vs/browserLink - -
2023-10-28 01:41:51.080 +02:00 [Information] Request finished HTTP/2 GET https://localhost:7205/_vs/browserLink - - - 200 - text/javascript;+charset=UTF-8 2.3247ms
2023-10-28 01:41:51.800 +02:00 [Information] Request starting HTTP/2 POST https://localhost:7205/Identity/Account/Login application/x-www-form-urlencoded 280
2023-10-28 01:41:51.801 +02:00 [Information] Executing endpoint '"/Account/Login"'
2023-10-28 01:41:51.801 +02:00 [Information] Route matched with "{page = \"/Account/Login\", area = \"Identity\", action = \"\", controller = \"\"}". Executing page "/Account/Login"
2023-10-28 01:41:51.815 +02:00 [Information] Executing handler method "Forum.Areas.Identity.Pages.Account.LoginModel.OnPostAsync" - ModelState is Valid
2023-10-28 01:41:51.892 +02:00 [Information] AuthenticationScheme: "Identity.Application" signed in.
2023-10-28 01:41:51.893 +02:00 [Information] User logged in.
2023-10-28 01:41:51.894 +02:00 [Information] Executed handler method "OnPostAsync", returned result "Microsoft.AspNetCore.Mvc.LocalRedirectResult".
2023-10-28 01:41:51.894 +02:00 [Information] Executing LocalRedirectResult, redirecting to "/".
2023-10-28 01:41:51.894 +02:00 [Information] Executed page "/Account/Login" in 92.982ms
2023-10-28 01:41:51.894 +02:00 [Information] Executed endpoint '"/Account/Login"'
2023-10-28 01:41:51.894 +02:00 [Information] Request finished HTTP/2 POST https://localhost:7205/Identity/Account/Login application/x-www-form-urlencoded 280 - 302 0 - 94.1433ms
2023-10-28 01:41:51.897 +02:00 [Information] Request starting HTTP/2 GET https://localhost:7205/ - -
2023-10-28 01:41:51.899 +02:00 [Information] Executing endpoint '"Forum.Controllers.HomeController.Index (Forum)"'
2023-10-28 01:41:51.899 +02:00 [Information] Route matched with "{action = \"Index\", controller = \"Home\", page = \"\", area = \"\"}". Executing controller action with signature "System.Threading.Tasks.Task`1[Microsoft.AspNetCore.Mvc.IActionResult] Index()" on controller "Forum.Controllers.HomeController" ("Forum").
2023-10-28 01:41:51.901 +02:00 [Information] Executing ViewResult, running view "Index".
2023-10-28 01:41:51.906 +02:00 [Information] Executed ViewResult - view "Index" executed in 5.5929ms.
2023-10-28 01:41:51.906 +02:00 [Information] Executed action "Forum.Controllers.HomeController.Index (Forum)" in 6.8963ms
2023-10-28 01:41:51.906 +02:00 [Information] Executed endpoint '"Forum.Controllers.HomeController.Index (Forum)"'
2023-10-28 01:41:51.909 +02:00 [Information] Request finished HTTP/2 GET https://localhost:7205/ - - - 200 - text/html;+charset=utf-8 11.7228ms
2023-10-28 01:41:51.918 +02:00 [Information] Request starting HTTP/2 GET https://localhost:7205/style.css - -
2023-10-28 01:41:51.918 +02:00 [Information] Request starting HTTP/2 GET https://localhost:7205/_framework/aspnetcore-browser-refresh.js - -
2023-10-28 01:41:51.918 +02:00 [Information] Request starting HTTP/2 GET https://localhost:7205/_vs/browserLink - -
2023-10-28 01:41:51.919 +02:00 [Information] Request finished HTTP/2 GET https://localhost:7205/_framework/aspnetcore-browser-refresh.js - - - 200 12342 application/javascript;+charset=utf-8 0.2700ms
2023-10-28 01:41:51.923 +02:00 [Information] Request finished HTTP/2 GET https://localhost:7205/_vs/browserLink - - - 200 - text/javascript;+charset=UTF-8 4.8093ms
2023-10-28 01:41:51.924 +02:00 [Information] Request finished HTTP/2 GET https://localhost:7205/style.css - - - 404 0 - 5.6056ms
2023-10-28 01:41:52.754 +02:00 [Information] Request starting HTTP/2 GET https://localhost:7205/Post/PostDetails/1 - -
2023-10-28 01:41:52.757 +02:00 [Information] Executing endpoint '"Forum.Controllers.PostController.PostDetails (Forum)"'
2023-10-28 01:41:52.757 +02:00 [Information] Route matched with "{action = \"PostDetails\", controller = \"Post\", page = \"\", area = \"\"}". Executing controller action with signature "System.Threading.Tasks.Task`1[Microsoft.AspNetCore.Mvc.IActionResult] PostDetails(Int32)" on controller "Forum.Controllers.PostController" ("Forum").
2023-10-28 01:41:52.759 +02:00 [Information] Executing ViewResult, running view "PostDetails".
2023-10-28 01:41:52.770 +02:00 [Information] Executed ViewResult - view "PostDetails" executed in 10.5708ms.
2023-10-28 01:41:52.770 +02:00 [Information] Executed action "Forum.Controllers.PostController.PostDetails (Forum)" in 12.7757ms
2023-10-28 01:41:52.770 +02:00 [Information] Executed endpoint '"Forum.Controllers.PostController.PostDetails (Forum)"'
2023-10-28 01:41:52.771 +02:00 [Information] Request finished HTTP/2 GET https://localhost:7205/Post/PostDetails/1 - - - 200 - text/html;+charset=utf-8 16.7041ms
2023-10-28 01:41:52.779 +02:00 [Information] Request starting HTTP/2 GET https://localhost:7205/_vs/browserLink - -
2023-10-28 01:41:52.779 +02:00 [Information] Request starting HTTP/2 GET https://localhost:7205/_framework/aspnetcore-browser-refresh.js - -
2023-10-28 01:41:52.779 +02:00 [Information] Request starting HTTP/2 GET https://localhost:7205/Post/PostDetails/style.css - -
2023-10-28 01:41:52.780 +02:00 [Information] Request finished HTTP/2 GET https://localhost:7205/_framework/aspnetcore-browser-refresh.js - - - 200 12342 application/javascript;+charset=utf-8 0.3772ms
2023-10-28 01:41:52.783 +02:00 [Information] Executing endpoint '"Forum.Controllers.PostController.PostDetails (Forum)"'
2023-10-28 01:41:52.783 +02:00 [Information] Route matched with "{action = \"PostDetails\", controller = \"Post\", page = \"\", area = \"\"}". Executing controller action with signature "System.Threading.Tasks.Task`1[Microsoft.AspNetCore.Mvc.IActionResult] PostDetails(Int32)" on controller "Forum.Controllers.PostController" ("Forum").
2023-10-28 01:41:52.783 +02:00 [Information] Request finished HTTP/2 GET https://localhost:7205/_vs/browserLink - - - 200 - text/javascript;+charset=UTF-8 3.6032ms
2023-10-28 01:41:52.786 +02:00 [Error] [PostController] post not found for the TopicId 0000
2023-10-28 01:41:52.786 +02:00 [Information] Executing "NotFoundObjectResult", writing value of type '"System.String"'.
2023-10-28 01:41:52.786 +02:00 [Information] Executed action "Forum.Controllers.PostController.PostDetails (Forum)" in 3.4638ms
2023-10-28 01:41:52.786 +02:00 [Information] Executed endpoint '"Forum.Controllers.PostController.PostDetails (Forum)"'
2023-10-28 01:41:52.786 +02:00 [Information] Request finished HTTP/2 GET https://localhost:7205/Post/PostDetails/style.css - - - 404 - text/plain;+charset=utf-8 6.9312ms
2023-10-28 01:41:54.551 +02:00 [Information] Request starting HTTP/2 GET https://localhost:7205/Comment/CreateComment?postId=1 - -
2023-10-28 01:41:54.556 +02:00 [Information] Executing endpoint '"Forum.Controllers.CommentController.CreateComment (Forum)"'
2023-10-28 01:41:54.557 +02:00 [Information] Route matched with "{action = \"CreateComment\", controller = \"Comment\", page = \"\", area = \"\"}". Executing controller action with signature "Microsoft.AspNetCore.Mvc.IActionResult CreateComment(Int32)" on controller "Forum.Controllers.CommentController" ("Forum").
2023-10-28 01:41:54.560 +02:00 [Information] Executing ViewResult, running view "CreateComment".
2023-10-28 01:41:54.571 +02:00 [Information] Executed ViewResult - view "CreateComment" executed in 11.0982ms.
2023-10-28 01:41:54.571 +02:00 [Information] Executed action "Forum.Controllers.CommentController.CreateComment (Forum)" in 14.0034ms
2023-10-28 01:41:54.571 +02:00 [Information] Executed endpoint '"Forum.Controllers.CommentController.CreateComment (Forum)"'
2023-10-28 01:41:54.574 +02:00 [Information] Request finished HTTP/2 GET https://localhost:7205/Comment/CreateComment?postId=1 - - - 200 - text/html;+charset=utf-8 23.1165ms
2023-10-28 01:41:54.580 +02:00 [Information] Request starting HTTP/2 GET https://localhost:7205/Comment/style.css - -
2023-10-28 01:41:54.580 +02:00 [Information] Request starting HTTP/2 GET https://localhost:7205/_framework/aspnetcore-browser-refresh.js - -
2023-10-28 01:41:54.580 +02:00 [Information] Request starting HTTP/2 GET https://localhost:7205/_vs/browserLink - -
2023-10-28 01:41:54.580 +02:00 [Information] Request finished HTTP/2 GET https://localhost:7205/_framework/aspnetcore-browser-refresh.js - - - 200 12342 application/javascript;+charset=utf-8 0.3908ms
2023-10-28 01:41:54.582 +02:00 [Information] Request finished HTTP/2 GET https://localhost:7205/_vs/browserLink - - - 200 - text/javascript;+charset=UTF-8 2.4388ms
2023-10-28 01:41:54.584 +02:00 [Information] Request finished HTTP/2 GET https://localhost:7205/Comment/style.css - - - 404 0 - 4.2863ms
2023-10-28 01:41:55.629 +02:00 [Information] Request starting HTTP/2 POST https://localhost:7205/Comment/CreateComment application/x-www-form-urlencoded 278
2023-10-28 01:41:55.631 +02:00 [Information] Executing endpoint '"Forum.Controllers.CommentController.CreateComment (Forum)"'
2023-10-28 01:41:55.635 +02:00 [Information] Route matched with "{action = \"CreateComment\", controller = \"Comment\", page = \"\", area = \"\"}". Executing controller action with signature "System.Threading.Tasks.Task`1[Microsoft.AspNetCore.Mvc.IActionResult] CreateComment(Forum.Models.Comment)" on controller "Forum.Controllers.CommentController" ("Forum").
2023-10-28 01:41:55.644 +02:00 [Information] Executing RedirectResult, redirecting to "/Post/PostDetails/1".
2023-10-28 01:41:55.644 +02:00 [Information] Executed action "Forum.Controllers.CommentController.CreateComment (Forum)" in 8.7585ms
2023-10-28 01:41:55.644 +02:00 [Information] Executed endpoint '"Forum.Controllers.CommentController.CreateComment (Forum)"'
2023-10-28 01:41:55.644 +02:00 [Information] Request finished HTTP/2 POST https://localhost:7205/Comment/CreateComment application/x-www-form-urlencoded 278 - 302 0 - 15.3622ms
2023-10-28 01:41:55.647 +02:00 [Information] Request starting HTTP/2 GET https://localhost:7205/Post/PostDetails/1 - -
2023-10-28 01:41:55.649 +02:00 [Information] Executing endpoint '"Forum.Controllers.PostController.PostDetails (Forum)"'
2023-10-28 01:41:55.649 +02:00 [Information] Route matched with "{action = \"PostDetails\", controller = \"Post\", page = \"\", area = \"\"}". Executing controller action with signature "System.Threading.Tasks.Task`1[Microsoft.AspNetCore.Mvc.IActionResult] PostDetails(Int32)" on controller "Forum.Controllers.PostController" ("Forum").
2023-10-28 01:41:55.651 +02:00 [Information] Executing ViewResult, running view "PostDetails".
2023-10-28 01:41:55.660 +02:00 [Information] Executed ViewResult - view "PostDetails" executed in 9.7666ms.
2023-10-28 01:41:55.661 +02:00 [Information] Executed action "Forum.Controllers.PostController.PostDetails (Forum)" in 11.3923ms
2023-10-28 01:41:55.661 +02:00 [Information] Executed endpoint '"Forum.Controllers.PostController.PostDetails (Forum)"'
2023-10-28 01:41:55.662 +02:00 [Information] Request finished HTTP/2 GET https://localhost:7205/Post/PostDetails/1 - - - 200 - text/html;+charset=utf-8 14.9203ms
2023-10-28 01:41:55.671 +02:00 [Information] Request starting HTTP/2 GET https://localhost:7205/_vs/browserLink - -
2023-10-28 01:41:55.671 +02:00 [Information] Request starting HTTP/2 GET https://localhost:7205/_framework/aspnetcore-browser-refresh.js - -
2023-10-28 01:41:55.671 +02:00 [Information] Request starting HTTP/2 GET https://localhost:7205/Post/PostDetails/style.css - -
2023-10-28 01:41:55.672 +02:00 [Information] Request finished HTTP/2 GET https://localhost:7205/_framework/aspnetcore-browser-refresh.js - - - 200 12342 application/javascript;+charset=utf-8 0.3706ms
2023-10-28 01:41:55.675 +02:00 [Information] Executing endpoint '"Forum.Controllers.PostController.PostDetails (Forum)"'
2023-10-28 01:41:55.675 +02:00 [Information] Route matched with "{action = \"PostDetails\", controller = \"Post\", page = \"\", area = \"\"}". Executing controller action with signature "System.Threading.Tasks.Task`1[Microsoft.AspNetCore.Mvc.IActionResult] PostDetails(Int32)" on controller "Forum.Controllers.PostController" ("Forum").
2023-10-28 01:41:55.675 +02:00 [Information] Request finished HTTP/2 GET https://localhost:7205/_vs/browserLink - - - 200 - text/javascript;+charset=UTF-8 3.3279ms
2023-10-28 01:41:55.678 +02:00 [Error] [PostController] post not found for the TopicId 0000
2023-10-28 01:41:55.678 +02:00 [Information] Executing "NotFoundObjectResult", writing value of type '"System.String"'.
2023-10-28 01:41:55.678 +02:00 [Information] Executed action "Forum.Controllers.PostController.PostDetails (Forum)" in 3.2105ms
2023-10-28 01:41:55.678 +02:00 [Information] Executed endpoint '"Forum.Controllers.PostController.PostDetails (Forum)"'
2023-10-28 01:41:55.678 +02:00 [Information] Request finished HTTP/2 GET https://localhost:7205/Post/PostDetails/style.css - - - 404 - text/plain;+charset=utf-8 6.6571ms
2023-10-28 01:42:02.816 +02:00 [Information] Request starting HTTP/2 GET https://localhost:7205/Topic/TopicDetails/1 - -
2023-10-28 01:42:02.818 +02:00 [Information] Executing endpoint '"Forum.Controllers.TopicController.TopicDetails (Forum)"'
2023-10-28 01:42:02.818 +02:00 [Information] Route matched with "{action = \"TopicDetails\", controller = \"Topic\", page = \"\", area = \"\"}". Executing controller action with signature "System.Threading.Tasks.Task`1[Microsoft.AspNetCore.Mvc.IActionResult] TopicDetails(Int32)" on controller "Forum.Controllers.TopicController" ("Forum").
2023-10-28 01:42:02.820 +02:00 [Information] Executing ViewResult, running view "TopicDetails".
2023-10-28 01:42:02.831 +02:00 [Information] Executed ViewResult - view "TopicDetails" executed in 11.1782ms.
2023-10-28 01:42:02.832 +02:00 [Information] Executed action "Forum.Controllers.TopicController.TopicDetails (Forum)" in 13.2743ms
2023-10-28 01:42:02.832 +02:00 [Information] Executed endpoint '"Forum.Controllers.TopicController.TopicDetails (Forum)"'
2023-10-28 01:42:02.832 +02:00 [Information] Request finished HTTP/2 GET https://localhost:7205/Topic/TopicDetails/1 - - - 200 - text/html;+charset=utf-8 17.0644ms
2023-10-28 01:42:02.839 +02:00 [Information] Request starting HTTP/2 GET https://localhost:7205/Topic/TopicDetails/style.css - -
2023-10-28 01:42:02.839 +02:00 [Information] Request starting HTTP/2 GET https://localhost:7205/_framework/aspnetcore-browser-refresh.js - -
2023-10-28 01:42:02.840 +02:00 [Information] Request starting HTTP/2 GET https://localhost:7205/_vs/browserLink - -
2023-10-28 01:42:02.840 +02:00 [Information] Request finished HTTP/2 GET https://localhost:7205/_framework/aspnetcore-browser-refresh.js - - - 200 12342 application/javascript;+charset=utf-8 0.3593ms
2023-10-28 01:42:02.843 +02:00 [Information] Executing endpoint '"Forum.Controllers.TopicController.TopicDetails (Forum)"'
2023-10-28 01:42:02.843 +02:00 [Information] Route matched with "{action = \"TopicDetails\", controller = \"Topic\", page = \"\", area = \"\"}". Executing controller action with signature "System.Threading.Tasks.Task`1[Microsoft.AspNetCore.Mvc.IActionResult] TopicDetails(Int32)" on controller "Forum.Controllers.TopicController" ("Forum").
2023-10-28 01:42:02.844 +02:00 [Information] Request finished HTTP/2 GET https://localhost:7205/_vs/browserLink - - - 200 - text/javascript;+charset=UTF-8 4.1736ms
2023-10-28 01:42:02.847 +02:00 [Error] [TopicController] Topic not found for the TopicId 0000
2023-10-28 01:42:02.847 +02:00 [Information] Executing "NotFoundObjectResult", writing value of type '"System.String"'.
2023-10-28 01:42:02.847 +02:00 [Information] Executed action "Forum.Controllers.TopicController.TopicDetails (Forum)" in 3.7785ms
2023-10-28 01:42:02.847 +02:00 [Information] Executed endpoint '"Forum.Controllers.TopicController.TopicDetails (Forum)"'
2023-10-28 01:42:02.847 +02:00 [Information] Request finished HTTP/2 GET https://localhost:7205/Topic/TopicDetails/style.css - - - 404 - text/plain;+charset=utf-8 7.6909ms
2023-10-28 01:42:07.170 +02:00 [Information] Request starting HTTP/2 GET https://localhost:7205/Post/CreatePost?topicId=1 - -
2023-10-28 01:42:07.173 +02:00 [Information] Executing endpoint '"Forum.Controllers.PostController.CreatePost (Forum)"'
2023-10-28 01:42:07.173 +02:00 [Information] Route matched with "{action = \"CreatePost\", controller = \"Post\", page = \"\", area = \"\"}". Executing controller action with signature "Microsoft.AspNetCore.Mvc.IActionResult CreatePost(Int32)" on controller "Forum.Controllers.PostController" ("Forum").
2023-10-28 01:42:07.174 +02:00 [Information] Executing ViewResult, running view "CreatePost".
2023-10-28 01:42:07.184 +02:00 [Information] Executed ViewResult - view "CreatePost" executed in 10.3578ms.
2023-10-28 01:42:07.184 +02:00 [Information] Executed action "Forum.Controllers.PostController.CreatePost (Forum)" in 10.9179ms
2023-10-28 01:42:07.184 +02:00 [Information] Executed endpoint '"Forum.Controllers.PostController.CreatePost (Forum)"'
2023-10-28 01:42:07.185 +02:00 [Information] Request finished HTTP/2 GET https://localhost:7205/Post/CreatePost?topicId=1 - - - 200 - text/html;+charset=utf-8 15.3839ms
2023-10-28 01:42:07.192 +02:00 [Information] Request starting HTTP/2 GET https://localhost:7205/Post/style.css - -
2023-10-28 01:42:07.193 +02:00 [Information] Request starting HTTP/2 GET https://localhost:7205/_vs/browserLink - -
2023-10-28 01:42:07.193 +02:00 [Information] Request starting HTTP/2 GET https://localhost:7205/_framework/aspnetcore-browser-refresh.js - -
2023-10-28 01:42:07.193 +02:00 [Information] Request finished HTTP/2 GET https://localhost:7205/_framework/aspnetcore-browser-refresh.js - - - 200 12342 application/javascript;+charset=utf-8 0.2404ms
2023-10-28 01:42:07.196 +02:00 [Information] Request finished HTTP/2 GET https://localhost:7205/Post/style.css - - - 404 0 - 3.5699ms
2023-10-28 01:42:07.196 +02:00 [Information] Request finished HTTP/2 GET https://localhost:7205/_vs/browserLink - - - 200 - text/javascript;+charset=UTF-8 3.5354ms
2023-10-28 01:42:08.698 +02:00 [Information] Request starting HTTP/2 POST https://localhost:7205/Post/Createpost?topicId=1 application/x-www-form-urlencoded 290
2023-10-28 01:42:08.700 +02:00 [Information] Executing endpoint '"Forum.Controllers.PostController.CreatePost (Forum)"'
2023-10-28 01:42:08.702 +02:00 [Information] Route matched with "{action = \"CreatePost\", controller = \"Post\", page = \"\", area = \"\"}". Executing controller action with signature "System.Threading.Tasks.Task`1[Microsoft.AspNetCore.Mvc.IActionResult] CreatePost(Forum.ViewModels.PostCommentViewModel)" on controller "Forum.Controllers.PostController" ("Forum").
2023-10-28 01:42:08.712 +02:00 [Error] Failed executing DbCommand ("1"ms) [Parameters=["@p0='?' (DbType = Int32), @p1='?' (DbType = DateTime), @p2='?' (Size = 3), @p3='?' (DbType = Int32), @p4='?' (Size = 10)"], CommandType='Text', CommandTimeout='30']"
""INSERT INTO \"Posts\" (\"PostId\", \"PostTime\", \"PostTitle\", \"TopicId\", \"UserName\")
VALUES (@p0, @p1, @p2, @p3, @p4);"
2023-10-28 01:42:08.740 +02:00 [Error] An exception occurred in the database while saving changes for context type '"Forum.Models.CategoryDbContext"'."
""Microsoft.EntityFrameworkCore.DbUpdateException: An error occurred while saving the entity changes. See the inner exception for details.
 ---> Microsoft.Data.Sqlite.SqliteException (0x80004005): SQLite Error 19: 'UNIQUE constraint failed: Posts.PostId'.
   at Microsoft.Data.Sqlite.SqliteException.ThrowExceptionForRC(Int32 rc, sqlite3 db)
   at Microsoft.Data.Sqlite.SqliteDataReader.NextResult()
   at Microsoft.Data.Sqlite.SqliteCommand.ExecuteReader(CommandBehavior behavior)
   at Microsoft.Data.Sqlite.SqliteCommand.ExecuteReaderAsync(CommandBehavior behavior, CancellationToken cancellationToken)
   at Microsoft.Data.Sqlite.SqliteCommand.ExecuteDbDataReaderAsync(CommandBehavior behavior, CancellationToken cancellationToken)
   at Microsoft.EntityFrameworkCore.Storage.RelationalCommand.ExecuteReaderAsync(RelationalCommandParameterObject parameterObject, CancellationToken cancellationToken)
   at Microsoft.EntityFrameworkCore.Storage.RelationalCommand.ExecuteReaderAsync(RelationalCommandParameterObject parameterObject, CancellationToken cancellationToken)
   at Microsoft.EntityFrameworkCore.Update.ReaderModificationCommandBatch.ExecuteAsync(IRelationalConnection connection, CancellationToken cancellationToken)
   --- End of inner exception stack trace ---
   at Microsoft.EntityFrameworkCore.Update.ReaderModificationCommandBatch.ExecuteAsync(IRelationalConnection connection, CancellationToken cancellationToken)
   at Microsoft.EntityFrameworkCore.Update.Internal.BatchExecutor.ExecuteAsync(IEnumerable`1 commandBatches, IRelationalConnection connection, CancellationToken cancellationToken)
   at Microsoft.EntityFrameworkCore.Update.Internal.BatchExecutor.ExecuteAsync(IEnumerable`1 commandBatches, IRelationalConnection connection, CancellationToken cancellationToken)
   at Microsoft.EntityFrameworkCore.Update.Internal.BatchExecutor.ExecuteAsync(IEnumerable`1 commandBatches, IRelationalConnection connection, CancellationToken cancellationToken)
   at Microsoft.EntityFrameworkCore.ChangeTracking.Internal.StateManager.SaveChangesAsync(IList`1 entriesToSave, CancellationToken cancellationToken)
   at Microsoft.EntityFrameworkCore.ChangeTracking.Internal.StateManager.SaveChangesAsync(StateManager stateManager, Boolean acceptAllChangesOnSuccess, CancellationToken cancellationToken)
   at Microsoft.EntityFrameworkCore.DbContext.SaveChangesAsync(Boolean acceptAllChangesOnSuccess, CancellationToken cancellationToken)"
Microsoft.EntityFrameworkCore.DbUpdateException: An error occurred while saving the entity changes. See the inner exception for details.
 ---> Microsoft.Data.Sqlite.SqliteException (0x80004005): SQLite Error 19: 'UNIQUE constraint failed: Posts.PostId'.
   at Microsoft.Data.Sqlite.SqliteException.ThrowExceptionForRC(Int32 rc, sqlite3 db)
   at Microsoft.Data.Sqlite.SqliteDataReader.NextResult()
   at Microsoft.Data.Sqlite.SqliteCommand.ExecuteReader(CommandBehavior behavior)
   at Microsoft.Data.Sqlite.SqliteCommand.ExecuteReaderAsync(CommandBehavior behavior, CancellationToken cancellationToken)
   at Microsoft.Data.Sqlite.SqliteCommand.ExecuteDbDataReaderAsync(CommandBehavior behavior, CancellationToken cancellationToken)
   at Microsoft.EntityFrameworkCore.Storage.RelationalCommand.ExecuteReaderAsync(RelationalCommandParameterObject parameterObject, CancellationToken cancellationToken)
   at Microsoft.EntityFrameworkCore.Storage.RelationalCommand.ExecuteReaderAsync(RelationalCommandParameterObject parameterObject, CancellationToken cancellationToken)
   at Microsoft.EntityFrameworkCore.Update.ReaderModificationCommandBatch.ExecuteAsync(IRelationalConnection connection, CancellationToken cancellationToken)
   --- End of inner exception stack trace ---
   at Microsoft.EntityFrameworkCore.Update.ReaderModificationCommandBatch.ExecuteAsync(IRelationalConnection connection, CancellationToken cancellationToken)
   at Microsoft.EntityFrameworkCore.Update.Internal.BatchExecutor.ExecuteAsync(IEnumerable`1 commandBatches, IRelationalConnection connection, CancellationToken cancellationToken)
   at Microsoft.EntityFrameworkCore.Update.Internal.BatchExecutor.ExecuteAsync(IEnumerable`1 commandBatches, IRelationalConnection connection, CancellationToken cancellationToken)
   at Microsoft.EntityFrameworkCore.Update.Internal.BatchExecutor.ExecuteAsync(IEnumerable`1 commandBatches, IRelationalConnection connection, CancellationToken cancellationToken)
   at Microsoft.EntityFrameworkCore.ChangeTracking.Internal.StateManager.SaveChangesAsync(IList`1 entriesToSave, CancellationToken cancellationToken)
   at Microsoft.EntityFrameworkCore.ChangeTracking.Internal.StateManager.SaveChangesAsync(StateManager stateManager, Boolean acceptAllChangesOnSuccess, CancellationToken cancellationToken)
   at Microsoft.EntityFrameworkCore.DbContext.SaveChangesAsync(Boolean acceptAllChangesOnSuccess, CancellationToken cancellationToken)
2023-10-28 01:42:08.768 +02:00 [Error] [PoatRepository] post creation failed for post Post { PostId: 8, TopicId: 1, UserName: "Superadmin", PostTitle: "jhg", PostTime: 10/28/2023 01:42:08, Topic: null, Comments: null, LatestComment: null }, error message: "An error occurred while saving the entity changes. See the inner exception for details."
2023-10-28 01:42:08.796 +02:00 [Information] Attempting to create a new post and comment with the following data: "{
  \"$id\": \"1\",
  \"Post\": {
    \"$id\": \"2\",
    \"PostId\": 8,
    \"TopicId\": 1,
    \"UserName\": \"Superadmin\",
    \"PostTitle\": \"jhg\",
    \"PostTime\": \"2023-10-28T01:42:08.7045634+02:00\",
    \"Topic\": null,
    \"Comments\": null,
    \"LatestComment\": null
  },
  \"Comment\": {
    \"$id\": \"3\",
    \"CommentId\": 0,
    \"PostId\": 8,
    \"UserName\": \"Superadmin\",
    \"CommentDescription\": \"jhg\",
    \"CommentTime\": \"2023-10-28T01:42:08.7045634+02:00\",
    \"Post\": null
  }
}"
2023-10-28 01:42:08.800 +02:00 [Error] Failed executing DbCommand ("0"ms) [Parameters=["@p0='?' (DbType = Int32), @p1='?' (DbType = DateTime), @p2='?' (Size = 3), @p3='?' (DbType = Int32), @p4='?' (Size = 10)"], CommandType='Text', CommandTimeout='30']"
""INSERT INTO \"Posts\" (\"PostId\", \"PostTime\", \"PostTitle\", \"TopicId\", \"UserName\")
VALUES (@p0, @p1, @p2, @p3, @p4);"
2023-10-28 01:42:08.806 +02:00 [Error] An exception occurred in the database while saving changes for context type '"Forum.Models.CategoryDbContext"'."
""Microsoft.EntityFrameworkCore.DbUpdateException: An error occurred while saving the entity changes. See the inner exception for details.
 ---> Microsoft.Data.Sqlite.SqliteException (0x80004005): SQLite Error 19: 'UNIQUE constraint failed: Posts.PostId'.
   at Microsoft.Data.Sqlite.SqliteException.ThrowExceptionForRC(Int32 rc, sqlite3 db)
   at Microsoft.Data.Sqlite.SqliteDataReader.NextResult()
   at Microsoft.Data.Sqlite.SqliteCommand.ExecuteReader(CommandBehavior behavior)
   at Microsoft.Data.Sqlite.SqliteCommand.ExecuteReaderAsync(CommandBehavior behavior, CancellationToken cancellationToken)
   at Microsoft.Data.Sqlite.SqliteCommand.ExecuteDbDataReaderAsync(CommandBehavior behavior, CancellationToken cancellationToken)
   at Microsoft.EntityFrameworkCore.Storage.RelationalCommand.ExecuteReaderAsync(RelationalCommandParameterObject parameterObject, CancellationToken cancellationToken)
   at Microsoft.EntityFrameworkCore.Storage.RelationalCommand.ExecuteReaderAsync(RelationalCommandParameterObject parameterObject, CancellationToken cancellationToken)
   at Microsoft.EntityFrameworkCore.Update.ReaderModificationCommandBatch.ExecuteAsync(IRelationalConnection connection, CancellationToken cancellationToken)
   --- End of inner exception stack trace ---
   at Microsoft.EntityFrameworkCore.Update.ReaderModificationCommandBatch.ExecuteAsync(IRelationalConnection connection, CancellationToken cancellationToken)
   at Microsoft.EntityFrameworkCore.Update.Internal.BatchExecutor.ExecuteAsync(IEnumerable`1 commandBatches, IRelationalConnection connection, CancellationToken cancellationToken)
   at Microsoft.EntityFrameworkCore.Update.Internal.BatchExecutor.ExecuteAsync(IEnumerable`1 commandBatches, IRelationalConnection connection, CancellationToken cancellationToken)
   at Microsoft.EntityFrameworkCore.Update.Internal.BatchExecutor.ExecuteAsync(IEnumerable`1 commandBatches, IRelationalConnection connection, CancellationToken cancellationToken)
   at Microsoft.EntityFrameworkCore.ChangeTracking.Internal.StateManager.SaveChangesAsync(IList`1 entriesToSave, CancellationToken cancellationToken)
   at Microsoft.EntityFrameworkCore.ChangeTracking.Internal.StateManager.SaveChangesAsync(StateManager stateManager, Boolean acceptAllChangesOnSuccess, CancellationToken cancellationToken)
   at Microsoft.EntityFrameworkCore.DbContext.SaveChangesAsync(Boolean acceptAllChangesOnSuccess, CancellationToken cancellationToken)"
Microsoft.EntityFrameworkCore.DbUpdateException: An error occurred while saving the entity changes. See the inner exception for details.
 ---> Microsoft.Data.Sqlite.SqliteException (0x80004005): SQLite Error 19: 'UNIQUE constraint failed: Posts.PostId'.
   at Microsoft.Data.Sqlite.SqliteException.ThrowExceptionForRC(Int32 rc, sqlite3 db)
   at Microsoft.Data.Sqlite.SqliteDataReader.NextResult()
   at Microsoft.Data.Sqlite.SqliteCommand.ExecuteReader(CommandBehavior behavior)
   at Microsoft.Data.Sqlite.SqliteCommand.ExecuteReaderAsync(CommandBehavior behavior, CancellationToken cancellationToken)
   at Microsoft.Data.Sqlite.SqliteCommand.ExecuteDbDataReaderAsync(CommandBehavior behavior, CancellationToken cancellationToken)
   at Microsoft.EntityFrameworkCore.Storage.RelationalCommand.ExecuteReaderAsync(RelationalCommandParameterObject parameterObject, CancellationToken cancellationToken)
   at Microsoft.EntityFrameworkCore.Storage.RelationalCommand.ExecuteReaderAsync(RelationalCommandParameterObject parameterObject, CancellationToken cancellationToken)
   at Microsoft.EntityFrameworkCore.Update.ReaderModificationCommandBatch.ExecuteAsync(IRelationalConnection connection, CancellationToken cancellationToken)
   --- End of inner exception stack trace ---
   at Microsoft.EntityFrameworkCore.Update.ReaderModificationCommandBatch.ExecuteAsync(IRelationalConnection connection, CancellationToken cancellationToken)
   at Microsoft.EntityFrameworkCore.Update.Internal.BatchExecutor.ExecuteAsync(IEnumerable`1 commandBatches, IRelationalConnection connection, CancellationToken cancellationToken)
   at Microsoft.EntityFrameworkCore.Update.Internal.BatchExecutor.ExecuteAsync(IEnumerable`1 commandBatches, IRelationalConnection connection, CancellationToken cancellationToken)
   at Microsoft.EntityFrameworkCore.Update.Internal.BatchExecutor.ExecuteAsync(IEnumerable`1 commandBatches, IRelationalConnection connection, CancellationToken cancellationToken)
   at Microsoft.EntityFrameworkCore.ChangeTracking.Internal.StateManager.SaveChangesAsync(IList`1 entriesToSave, CancellationToken cancellationToken)
   at Microsoft.EntityFrameworkCore.ChangeTracking.Internal.StateManager.SaveChangesAsync(StateManager stateManager, Boolean acceptAllChangesOnSuccess, CancellationToken cancellationToken)
   at Microsoft.EntityFrameworkCore.DbContext.SaveChangesAsync(Boolean acceptAllChangesOnSuccess, CancellationToken cancellationToken)
2023-10-28 01:42:08.820 +02:00 [Error] [CommentRepository] comment creation failed for CommentID Comment { CommentId: 0, PostId: 8, UserName: "Superadmin", CommentDescription: "jhg", CommentTime: 10/28/2023 01:42:08, Post: Post { PostId: 8, TopicId: 1, UserName: "Superadmin", PostTitle: "jhg", PostTime: 10/28/2023 01:42:08, Topic: null, Comments: [Comment { CommentId: 0, PostId: 8, UserName: "Superadmin", CommentDescription: "jhg", CommentTime: 10/28/2023 01:42:08, Post: Post { PostId: 8, TopicId: 1, UserName: "Superadmin", PostTitle: "jhg", PostTime: 10/28/2023 01:42:08, Topic: null, Comments: [Comment { CommentId: 0, PostId: 8, UserName: "Superadmin", CommentDescription: "jhg", CommentTime: 10/28/2023 01:42:08, Post: Post { PostId: 8, TopicId: 1, UserName: "Superadmin", PostTitle: "jhg", PostTime: 10/28/2023 01:42:08, Topic: null, Comments: [Comment { CommentId: null, PostId: null, UserName: null, CommentDescription: null, CommentTime: null, Post: null }], LatestComment: Comment { CommentId: 0, PostId: 8, UserName: "Superadmin", CommentDescription: "jhg", CommentTime: 10/28/2023 01:42:08, Post: Post { PostId: null, TopicId: null, UserName: null, PostTitle: null, PostTime: null, Topic: null, Comments: null, LatestComment: null } } } }], LatestComment: Comment { CommentId: 0, PostId: 8, UserName: "Superadmin", CommentDescription: "jhg", CommentTime: 10/28/2023 01:42:08, Post: Post { PostId: 8, TopicId: 1, UserName: "Superadmin", PostTitle: "jhg", PostTime: 10/28/2023 01:42:08, Topic: null, Comments: [Comment { CommentId: 0, PostId: 8, UserName: "Superadmin", CommentDescription: "jhg", CommentTime: 10/28/2023 01:42:08, Post: Post { PostId: null, TopicId: null, UserName: null, PostTitle: null, PostTime: null, Topic: null, Comments: null, LatestComment: null } }], LatestComment: Comment { CommentId: 0, PostId: 8, UserName: "Superadmin", CommentDescription: "jhg", CommentTime: 10/28/2023 01:42:08, Post: Post { PostId: 8, TopicId: 1, UserName: "Superadmin", PostTitle: "jhg", PostTime: 10/28/2023 01:42:08, Topic: null, Comments: [null], LatestComment: Comment { CommentId: null, PostId: null, UserName: null, CommentDescription: null, CommentTime: null, Post: null } } } } } } }], LatestComment: Comment { CommentId: 0, PostId: 8, UserName: "Superadmin", CommentDescription: "jhg", CommentTime: 10/28/2023 01:42:08, Post: Post { PostId: 8, TopicId: 1, UserName: "Superadmin", PostTitle: "jhg", PostTime: 10/28/2023 01:42:08, Topic: null, Comments: [Comment { CommentId: 0, PostId: 8, UserName: "Superadmin", CommentDescription: "jhg", CommentTime: 10/28/2023 01:42:08, Post: Post { PostId: 8, TopicId: 1, UserName: "Superadmin", PostTitle: "jhg", PostTime: 10/28/2023 01:42:08, Topic: null, Comments: [Comment { CommentId: 0, PostId: 8, UserName: "Superadmin", CommentDescription: "jhg", CommentTime: 10/28/2023 01:42:08, Post: Post { PostId: null, TopicId: null, UserName: null, PostTitle: null, PostTime: null, Topic: null, Comments: null, LatestComment: null } }], LatestComment: Comment { CommentId: 0, PostId: 8, UserName: "Superadmin", CommentDescription: "jhg", CommentTime: 10/28/2023 01:42:08, Post: Post { PostId: 8, TopicId: 1, UserName: "Superadmin", PostTitle: "jhg", PostTime: 10/28/2023 01:42:08, Topic: null, Comments: [null], LatestComment: Comment { CommentId: null, PostId: null, UserName: null, CommentDescription: null, CommentTime: null, Post: null } } } } }], LatestComment: Comment { CommentId: 0, PostId: 8, UserName: "Superadmin", CommentDescription: "jhg", CommentTime: 10/28/2023 01:42:08, Post: Post { PostId: 8, TopicId: 1, UserName: "Superadmin", PostTitle: "jhg", PostTime: 10/28/2023 01:42:08, Topic: null, Comments: [Comment { CommentId: 0, PostId: 8, UserName: "Superadmin", CommentDescription: "jhg", CommentTime: 10/28/2023 01:42:08, Post: Post { PostId: 8, TopicId: 1, UserName: "Superadmin", PostTitle: "jhg", PostTime: 10/28/2023 01:42:08, Topic: null, Comments: [null], LatestComment: Comment { CommentId: null, PostId: null, UserName: null, CommentDescription: null, CommentTime: null, Post: null } } }], LatestComment: Comment { CommentId: 0, PostId: 8, UserName: "Superadmin", CommentDescription: "jhg", CommentTime: 10/28/2023 01:42:08, Post: Post { PostId: 8, TopicId: 1, UserName: "Superadmin", PostTitle: "jhg", PostTime: 10/28/2023 01:42:08, Topic: null, Comments: [Comment { CommentId: null, PostId: null, UserName: null, CommentDescription: null, CommentTime: null, Post: null }], LatestComment: Comment { CommentId: 0, PostId: 8, UserName: "Superadmin", CommentDescription: "jhg", CommentTime: 10/28/2023 01:42:08, Post: Post { PostId: null, TopicId: null, UserName: null, PostTitle: null, PostTime: null, Topic: null, Comments: null, LatestComment: null } } } } } } } } } }, error message: "An error occurred while saving the entity changes. See the inner exception for details."
2023-10-28 01:42:08.821 +02:00 [Information] Executing RedirectResult, redirecting to "/Topic/TopicDetails/1".
2023-10-28 01:42:08.821 +02:00 [Information] Executed action "Forum.Controllers.PostController.CreatePost (Forum)" in 118.7425ms
2023-10-28 01:42:08.821 +02:00 [Information] Executed endpoint '"Forum.Controllers.PostController.CreatePost (Forum)"'
2023-10-28 01:42:08.821 +02:00 [Information] Request finished HTTP/2 POST https://localhost:7205/Post/Createpost?topicId=1 application/x-www-form-urlencoded 290 - 302 0 - 123.3458ms
2023-10-28 01:42:08.824 +02:00 [Information] Request starting HTTP/2 GET https://localhost:7205/Topic/TopicDetails/1 - -
2023-10-28 01:42:08.826 +02:00 [Information] Executing endpoint '"Forum.Controllers.TopicController.TopicDetails (Forum)"'
2023-10-28 01:42:08.826 +02:00 [Information] Route matched with "{action = \"TopicDetails\", controller = \"Topic\", page = \"\", area = \"\"}". Executing controller action with signature "System.Threading.Tasks.Task`1[Microsoft.AspNetCore.Mvc.IActionResult] TopicDetails(Int32)" on controller "Forum.Controllers.TopicController" ("Forum").
2023-10-28 01:42:08.828 +02:00 [Information] Executing ViewResult, running view "TopicDetails".
2023-10-28 01:42:08.839 +02:00 [Information] Executed ViewResult - view "TopicDetails" executed in 11.601ms.
2023-10-28 01:42:08.839 +02:00 [Information] Executed action "Forum.Controllers.TopicController.TopicDetails (Forum)" in 13.1602ms
2023-10-28 01:42:08.839 +02:00 [Information] Executed endpoint '"Forum.Controllers.TopicController.TopicDetails (Forum)"'
2023-10-28 01:42:08.841 +02:00 [Information] Request finished HTTP/2 GET https://localhost:7205/Topic/TopicDetails/1 - - - 200 - text/html;+charset=utf-8 16.4600ms
2023-10-28 01:42:08.850 +02:00 [Information] Request starting HTTP/2 GET https://localhost:7205/Topic/TopicDetails/style.css - -
2023-10-28 01:42:08.850 +02:00 [Information] Request starting HTTP/2 GET https://localhost:7205/_framework/aspnetcore-browser-refresh.js - -
2023-10-28 01:42:08.850 +02:00 [Information] Request starting HTTP/2 GET https://localhost:7205/_vs/browserLink - -
2023-10-28 01:42:08.850 +02:00 [Information] Request finished HTTP/2 GET https://localhost:7205/_framework/aspnetcore-browser-refresh.js - - - 200 12342 application/javascript;+charset=utf-8 0.3693ms
2023-10-28 01:42:08.853 +02:00 [Information] Executing endpoint '"Forum.Controllers.TopicController.TopicDetails (Forum)"'
2023-10-28 01:42:08.853 +02:00 [Information] Route matched with "{action = \"TopicDetails\", controller = \"Topic\", page = \"\", area = \"\"}". Executing controller action with signature "System.Threading.Tasks.Task`1[Microsoft.AspNetCore.Mvc.IActionResult] TopicDetails(Int32)" on controller "Forum.Controllers.TopicController" ("Forum").
2023-10-28 01:42:08.853 +02:00 [Information] Request finished HTTP/2 GET https://localhost:7205/_vs/browserLink - - - 200 - text/javascript;+charset=UTF-8 3.2411ms
2023-10-28 01:42:08.856 +02:00 [Error] [TopicController] Topic not found for the TopicId 0000
2023-10-28 01:42:08.856 +02:00 [Information] Executing "NotFoundObjectResult", writing value of type '"System.String"'.
2023-10-28 01:42:08.856 +02:00 [Information] Executed action "Forum.Controllers.TopicController.TopicDetails (Forum)" in 3.3177ms
2023-10-28 01:42:08.856 +02:00 [Information] Executed endpoint '"Forum.Controllers.TopicController.TopicDetails (Forum)"'
2023-10-28 01:42:08.856 +02:00 [Information] Request finished HTTP/2 GET https://localhost:7205/Topic/TopicDetails/style.css - - - 404 - text/plain;+charset=utf-8 6.4261ms
