2023-10-26 02:28:33.626 +02:00 [Information] User profile is available. Using '"C:\Users\Johan\AppData\Local\ASP.NET\DataProtection-Keys"' as key repository and Windows DPAPI to encrypt keys at rest.
2023-10-26 02:28:34.215 +02:00 [Information] Now listening on: "https://localhost:7205"
2023-10-26 02:28:34.216 +02:00 [Information] Now listening on: "http://localhost:5112"
2023-10-26 02:28:34.221 +02:00 [Information] Application started. Press Ctrl+C to shut down.
2023-10-26 02:28:34.222 +02:00 [Information] Hosting environment: "Development"
2023-10-26 02:28:34.223 +02:00 [Information] Content root path: "C:\Users\Johan\Source\Repos\N4h0\Forum\MyShop\"
2023-10-26 02:28:34.559 +02:00 [Information] Request starting HTTP/2 GET https://localhost:7205/ - -
2023-10-26 02:28:34.597 +02:00 [Information] Executing endpoint '"Forum.Controllers.HomeController.Index (Forum)"'
2023-10-26 02:28:34.606 +02:00 [Information] Route matched with "{action = \"Index\", controller = \"Home\", page = \"\", area = \"\"}". Executing controller action with signature "System.Threading.Tasks.Task`1[Microsoft.AspNetCore.Mvc.IActionResult] Index()" on controller "Forum.Controllers.HomeController" ("Forum").
2023-10-26 02:28:34.636 +02:00 [Information] Executing ViewResult, running view "Index".
2023-10-26 02:28:34.730 +02:00 [Information] Executed ViewResult - view "Index" executed in 94.9617ms.
2023-10-26 02:28:34.731 +02:00 [Information] Executed action "Forum.Controllers.HomeController.Index (Forum)" in 124.799ms
2023-10-26 02:28:34.731 +02:00 [Information] Executed endpoint '"Forum.Controllers.HomeController.Index (Forum)"'
2023-10-26 02:28:34.740 +02:00 [Information] Request finished HTTP/2 GET https://localhost:7205/ - - - 200 - text/html;+charset=utf-8 183.1647ms
2023-10-26 02:28:34.747 +02:00 [Information] Request starting HTTP/2 GET https://localhost:7205/style.css - -
2023-10-26 02:28:34.750 +02:00 [Information] Request finished HTTP/2 GET https://localhost:7205/style.css - - - 404 0 - 3.0355ms
2023-10-26 02:28:34.774 +02:00 [Information] Request starting HTTP/2 GET https://localhost:7205/_framework/aspnetcore-browser-refresh.js - -
2023-10-26 02:28:34.776 +02:00 [Information] Request finished HTTP/2 GET https://localhost:7205/_framework/aspnetcore-browser-refresh.js - - - 200 12342 application/javascript;+charset=utf-8 2.4420ms
2023-10-26 02:28:36.370 +02:00 [Information] Request starting HTTP/2 GET https://localhost:7205/Identity/Account/Login - -
2023-10-26 02:28:36.372 +02:00 [Information] Executing endpoint '"/Account/Login"'
2023-10-26 02:28:36.384 +02:00 [Information] Route matched with "{page = \"/Account/Login\", area = \"Identity\", action = \"\", controller = \"\"}". Executing page "/Account/Login"
2023-10-26 02:28:36.402 +02:00 [Information] Executing handler method "Forum.Areas.Identity.Pages.Account.LoginModel.OnGetAsync" - ModelState is Valid
2023-10-26 02:28:36.405 +02:00 [Information] AuthenticationScheme: "Identity.External" signed out.
2023-10-26 02:28:36.406 +02:00 [Information] Executed handler method "OnGetAsync", returned result "".
2023-10-26 02:28:36.408 +02:00 [Information] Executing an implicit handler method - ModelState is Valid
2023-10-26 02:28:36.409 +02:00 [Information] Executed an implicit handler method, returned result "Microsoft.AspNetCore.Mvc.RazorPages.PageResult".
2023-10-26 02:28:36.435 +02:00 [Information] Executed page "/Account/Login" in 50.1166ms
2023-10-26 02:28:36.435 +02:00 [Information] Executed endpoint '"/Account/Login"'
2023-10-26 02:28:36.435 +02:00 [Information] Request finished HTTP/2 GET https://localhost:7205/Identity/Account/Login - - - 200 - text/html;+charset=utf-8 64.3918ms
2023-10-26 02:28:36.450 +02:00 [Information] Request starting HTTP/2 GET https://localhost:7205/Identity/Account/style.css - -
2023-10-26 02:28:36.451 +02:00 [Information] Request starting HTTP/2 GET https://localhost:7205/_framework/aspnetcore-browser-refresh.js - -
2023-10-26 02:28:36.451 +02:00 [Information] Request finished HTTP/2 GET https://localhost:7205/_framework/aspnetcore-browser-refresh.js - - - 200 12342 application/javascript;+charset=utf-8 0.1942ms
2023-10-26 02:28:36.453 +02:00 [Information] Request finished HTTP/2 GET https://localhost:7205/Identity/Account/style.css - - - 404 0 - 3.0521ms
2023-10-26 02:28:37.869 +02:00 [Information] Request starting HTTP/2 POST https://localhost:7205/Identity/Account/Login application/x-www-form-urlencoded 280
2023-10-26 02:28:37.870 +02:00 [Information] Executing endpoint '"/Account/Login"'
2023-10-26 02:28:37.870 +02:00 [Information] Route matched with "{page = \"/Account/Login\", area = \"Identity\", action = \"\", controller = \"\"}". Executing page "/Account/Login"
2023-10-26 02:28:37.884 +02:00 [Information] Executing handler method "Forum.Areas.Identity.Pages.Account.LoginModel.OnPostAsync" - ModelState is Valid
2023-10-26 02:28:37.961 +02:00 [Information] AuthenticationScheme: "Identity.Application" signed in.
2023-10-26 02:28:37.962 +02:00 [Information] User logged in.
2023-10-26 02:28:37.962 +02:00 [Information] Executed handler method "OnPostAsync", returned result "Microsoft.AspNetCore.Mvc.LocalRedirectResult".
2023-10-26 02:28:37.962 +02:00 [Information] Executing LocalRedirectResult, redirecting to "/".
2023-10-26 02:28:37.962 +02:00 [Information] Executed page "/Account/Login" in 92.2954ms
2023-10-26 02:28:37.962 +02:00 [Information] Executed endpoint '"/Account/Login"'
2023-10-26 02:28:37.963 +02:00 [Information] Request finished HTTP/2 POST https://localhost:7205/Identity/Account/Login application/x-www-form-urlencoded 280 - 302 0 - 93.3226ms
2023-10-26 02:28:37.965 +02:00 [Information] Request starting HTTP/2 GET https://localhost:7205/ - -
2023-10-26 02:28:37.969 +02:00 [Information] Executing endpoint '"Forum.Controllers.HomeController.Index (Forum)"'
2023-10-26 02:28:37.969 +02:00 [Information] Route matched with "{action = \"Index\", controller = \"Home\", page = \"\", area = \"\"}". Executing controller action with signature "System.Threading.Tasks.Task`1[Microsoft.AspNetCore.Mvc.IActionResult] Index()" on controller "Forum.Controllers.HomeController" ("Forum").
2023-10-26 02:28:37.970 +02:00 [Information] Executing ViewResult, running view "Index".
2023-10-26 02:28:37.973 +02:00 [Information] Executed ViewResult - view "Index" executed in 2.5208ms.
2023-10-26 02:28:37.973 +02:00 [Information] Executed action "Forum.Controllers.HomeController.Index (Forum)" in 3.6853ms
2023-10-26 02:28:37.973 +02:00 [Information] Executed endpoint '"Forum.Controllers.HomeController.Index (Forum)"'
2023-10-26 02:28:37.973 +02:00 [Information] Request finished HTTP/2 GET https://localhost:7205/ - - - 200 - text/html;+charset=utf-8 7.4203ms
2023-10-26 02:28:37.986 +02:00 [Information] Request starting HTTP/2 GET https://localhost:7205/style.css - -
2023-10-26 02:28:37.986 +02:00 [Information] Request starting HTTP/2 GET https://localhost:7205/_framework/aspnetcore-browser-refresh.js - -
2023-10-26 02:28:37.986 +02:00 [Information] Request finished HTTP/2 GET https://localhost:7205/_framework/aspnetcore-browser-refresh.js - - - 200 12342 application/javascript;+charset=utf-8 0.2133ms
2023-10-26 02:28:37.988 +02:00 [Information] Request finished HTTP/2 GET https://localhost:7205/style.css - - - 404 0 - 2.3657ms
2023-10-26 02:28:39.633 +02:00 [Information] Request starting HTTP/2 POST https://localhost:7205/Identity/Account/Logout?returnUrl=%2F application/x-www-form-urlencoded 225
2023-10-26 02:28:39.639 +02:00 [Information] Executing endpoint '"/Account/Logout"'
2023-10-26 02:28:39.640 +02:00 [Information] Route matched with "{page = \"/Account/Logout\", area = \"Identity\", action = \"\", controller = \"\"}". Executing page "/Account/Logout"
2023-10-26 02:28:39.643 +02:00 [Information] Executing handler method "Forum.Areas.Identity.Pages.Account.LogoutModel.OnPost" - ModelState is Valid
2023-10-26 02:28:39.644 +02:00 [Information] AuthenticationScheme: "Identity.Application" signed out.
2023-10-26 02:28:39.644 +02:00 [Information] AuthenticationScheme: "Identity.External" signed out.
2023-10-26 02:28:39.644 +02:00 [Information] AuthenticationScheme: "Identity.TwoFactorUserId" signed out.
2023-10-26 02:28:39.646 +02:00 [Information] User logged out.
2023-10-26 02:28:39.646 +02:00 [Information] Executed handler method "OnPost", returned result "Microsoft.AspNetCore.Mvc.LocalRedirectResult".
2023-10-26 02:28:39.646 +02:00 [Information] Executing LocalRedirectResult, redirecting to "/".
2023-10-26 02:28:39.646 +02:00 [Information] Executed page "/Account/Logout" in 5.3391ms
2023-10-26 02:28:39.646 +02:00 [Information] Executed endpoint '"/Account/Logout"'
2023-10-26 02:28:39.646 +02:00 [Information] Request finished HTTP/2 POST https://localhost:7205/Identity/Account/Logout?returnUrl=%2F application/x-www-form-urlencoded 225 - 302 0 - 12.6343ms
2023-10-26 02:28:39.649 +02:00 [Information] Request starting HTTP/2 GET https://localhost:7205/ - -
2023-10-26 02:28:39.649 +02:00 [Information] Executing endpoint '"Forum.Controllers.HomeController.Index (Forum)"'
2023-10-26 02:28:39.649 +02:00 [Information] Route matched with "{action = \"Index\", controller = \"Home\", page = \"\", area = \"\"}". Executing controller action with signature "System.Threading.Tasks.Task`1[Microsoft.AspNetCore.Mvc.IActionResult] Index()" on controller "Forum.Controllers.HomeController" ("Forum").
2023-10-26 02:28:39.652 +02:00 [Information] Executing ViewResult, running view "Index".
2023-10-26 02:28:39.653 +02:00 [Information] Executed ViewResult - view "Index" executed in 0.9251ms.
2023-10-26 02:28:39.653 +02:00 [Information] Executed action "Forum.Controllers.HomeController.Index (Forum)" in 4.0398ms
2023-10-26 02:28:39.653 +02:00 [Information] Executed endpoint '"Forum.Controllers.HomeController.Index (Forum)"'
2023-10-26 02:28:39.653 +02:00 [Information] Request finished HTTP/2 GET https://localhost:7205/ - - - 200 - text/html;+charset=utf-8 4.4123ms
2023-10-26 02:28:39.665 +02:00 [Information] Request starting HTTP/2 GET https://localhost:7205/_framework/aspnetcore-browser-refresh.js - -
2023-10-26 02:28:39.665 +02:00 [Information] Request starting HTTP/2 GET https://localhost:7205/style.css - -
2023-10-26 02:28:39.665 +02:00 [Information] Request finished HTTP/2 GET https://localhost:7205/_framework/aspnetcore-browser-refresh.js - - - 200 12342 application/javascript;+charset=utf-8 0.3792ms
2023-10-26 02:28:39.665 +02:00 [Information] Request finished HTTP/2 GET https://localhost:7205/style.css - - - 404 0 - 0.6490ms
