2023-10-30 18:44:16.556 +01:00 [Information] User profile is available. Using '"C:\Users\abdik\AppData\Local\ASP.NET\DataProtection-Keys"' as key repository and Windows DPAPI to encrypt keys at rest.
2023-10-30 18:44:17.007 +01:00 [Information] Now listening on: "https://localhost:7205"
2023-10-30 18:44:17.007 +01:00 [Information] Now listening on: "http://localhost:5112"
2023-10-30 18:44:17.010 +01:00 [Information] Application started. Press Ctrl+C to shut down.
2023-10-30 18:44:17.010 +01:00 [Information] Hosting environment: "Development"
2023-10-30 18:44:17.010 +01:00 [Information] Content root path: "C:\Users\abdik\Source\Repos\Forum\MyShop\"
2023-10-30 18:44:17.139 +01:00 [Information] Request starting HTTP/2 GET https://localhost:7205/Post/PostDetails/2 - -
2023-10-30 18:44:17.179 +01:00 [Information] Executing endpoint '"Forum.Controllers.PostController.PostDetails (Forum)"'
2023-10-30 18:44:17.194 +01:00 [Information] Route matched with "{action = \"PostDetails\", controller = \"Post\", page = \"\", area = \"\"}". Executing controller action with signature "System.Threading.Tasks.Task`1[Microsoft.AspNetCore.Mvc.IActionResult] PostDetails(Int32)" on controller "Forum.Controllers.PostController" ("Forum").
2023-10-30 18:44:17.236 +01:00 [Information] Executing ViewResult, running view "PostDetails".
2023-10-30 18:44:17.412 +01:00 [Information] Executed ViewResult - view "PostDetails" executed in 174.8457ms.
2023-10-30 18:44:17.414 +01:00 [Information] Executed action "Forum.Controllers.PostController.PostDetails (Forum)" in 219.8426ms
2023-10-30 18:44:17.414 +01:00 [Information] Executed endpoint '"Forum.Controllers.PostController.PostDetails (Forum)"'
2023-10-30 18:44:17.425 +01:00 [Information] Request finished HTTP/2 GET https://localhost:7205/Post/PostDetails/2 - - - 200 - text/html;+charset=utf-8 288.8764ms
2023-10-30 18:44:17.426 +01:00 [Information] Request starting HTTP/2 GET https://localhost:7205/_framework/aspnetcore-browser-refresh.js - -
2023-10-30 18:44:17.426 +01:00 [Information] Request starting HTTP/2 GET https://localhost:7205/css/style.css?v=nIC6AvzxUAe-Mo2Dws7mAMANgmOmoKaid8GbFvGXaUo - -
2023-10-30 18:44:17.426 +01:00 [Information] Request starting HTTP/2 GET https://localhost:7205/css/style.css - -
2023-10-30 18:44:17.428 +01:00 [Information] Request finished HTTP/2 GET https://localhost:7205/_framework/aspnetcore-browser-refresh.js - - - 200 12342 application/javascript;+charset=utf-8 1.8366ms
2023-10-30 18:44:17.429 +01:00 [Information] The file "/css/style.css" was not modified
2023-10-30 18:44:17.429 +01:00 [Information] The file "/css/style.css" was not modified
2023-10-30 18:44:17.429 +01:00 [Information] Request finished HTTP/2 GET https://localhost:7205/css/style.css - - - 304 - text/css 3.0409ms
2023-10-30 18:44:17.429 +01:00 [Information] Request finished HTTP/2 GET https://localhost:7205/css/style.css?v=nIC6AvzxUAe-Mo2Dws7mAMANgmOmoKaid8GbFvGXaUo - - - 304 - text/css 3.0647ms
2023-10-30 18:44:17.436 +01:00 [Information] Request starting HTTP/2 GET https://localhost:7205/_vs/browserLink - -
2023-10-30 18:44:17.442 +01:00 [Information] Request finished HTTP/2 GET https://localhost:7205/_vs/browserLink - - - 200 - text/javascript;+charset=UTF-8 6.1928ms
