2023-10-24 13:59:32.739 +02:00 [Information] User profile is available. Using '"C:\Users\abdik\AppData\Local\ASP.NET\DataProtection-Keys"' as key repository and Windows DPAPI to encrypt keys at rest.
2023-10-24 13:59:33.149 +02:00 [Information] Now listening on: "https://localhost:7205"
2023-10-24 13:59:33.149 +02:00 [Information] Now listening on: "http://localhost:5112"
2023-10-24 13:59:33.152 +02:00 [Information] Application started. Press Ctrl+C to shut down.
2023-10-24 13:59:33.152 +02:00 [Information] Hosting environment: "Development"
2023-10-24 13:59:33.152 +02:00 [Information] Content root path: "C:\Users\abdik\Source\Repos\Forum\MyShop\"
2023-10-24 13:59:33.472 +02:00 [Information] Request starting HTTP/2 GET https://localhost:7205/ - -
2023-10-24 13:59:33.509 +02:00 [Information] Executing endpoint '"Forum.Controllers.HomeController.Index (Forum)"'
2023-10-24 13:59:33.516 +02:00 [Information] Route matched with "{action = \"Index\", controller = \"Home\", page = \"\", area = \"\"}". Executing controller action with signature "Microsoft.AspNetCore.Mvc.IActionResult Index()" on controller "Forum.Controllers.HomeController" ("Forum").
2023-10-24 13:59:33.521 +02:00 [Information] Executing ViewResult, running view "Index".
2023-10-24 13:59:33.625 +02:00 [Information] Executed ViewResult - view "Index" executed in 103.7015ms.
2023-10-24 13:59:33.627 +02:00 [Information] Executed action "Forum.Controllers.HomeController.Index (Forum)" in 110.4366ms
2023-10-24 13:59:33.627 +02:00 [Information] Executed endpoint '"Forum.Controllers.HomeController.Index (Forum)"'
2023-10-24 13:59:33.640 +02:00 [Information] Request finished HTTP/2 GET https://localhost:7205/ - - - 200 - text/html;+charset=utf-8 170.5955ms
2023-10-24 13:59:33.646 +02:00 [Information] Request starting HTTP/2 GET https://localhost:7205/css/style.css?v=9lVya84QUdHK81gQHnXo7ABNC7eZT7nB3-k5vXsZcDo - -
2023-10-24 13:59:33.646 +02:00 [Information] Request starting HTTP/2 GET https://localhost:7205/images/fotball.jpg - -
2023-10-24 13:59:33.646 +02:00 [Information] Request starting HTTP/2 GET https://localhost:7205/style.css - -
2023-10-24 13:59:33.646 +02:00 [Information] Request starting HTTP/2 GET https://localhost:7205/images/formula1.jpg - -
2023-10-24 13:59:33.646 +02:00 [Information] Request starting HTTP/2 GET https://localhost:7205/lib/bootstrap/css/crtstyle.css - -
2023-10-24 13:59:33.649 +02:00 [Information] Request finished HTTP/2 GET https://localhost:7205/style.css - - - 404 0 - 2.7736ms
2023-10-24 13:59:33.655 +02:00 [Information] The file "/lib/bootstrap/css/crtstyle.css" was not modified
2023-10-24 13:59:33.655 +02:00 [Information] The file "/images/fotball.jpg" was not modified
2023-10-24 13:59:33.655 +02:00 [Information] The file "/images/formula1.jpg" was not modified
2023-10-24 13:59:33.655 +02:00 [Information] The file "/css/style.css" was not modified
2023-10-24 13:59:33.655 +02:00 [Information] Request finished HTTP/2 GET https://localhost:7205/lib/bootstrap/css/crtstyle.css - - - 304 - text/css 9.2144ms
2023-10-24 13:59:33.655 +02:00 [Information] Request finished HTTP/2 GET https://localhost:7205/images/formula1.jpg - - - 304 - image/jpeg 9.2679ms
2023-10-24 13:59:33.655 +02:00 [Information] Request finished HTTP/2 GET https://localhost:7205/css/style.css?v=9lVya84QUdHK81gQHnXo7ABNC7eZT7nB3-k5vXsZcDo - - - 304 - text/css 9.2794ms
2023-10-24 13:59:33.655 +02:00 [Information] Request finished HTTP/2 GET https://localhost:7205/images/fotball.jpg - - - 304 - image/jpeg 9.2856ms
2023-10-24 13:59:33.669 +02:00 [Information] Request starting HTTP/2 GET https://localhost:7205/images/vacation.jpg - -
2023-10-24 13:59:33.669 +02:00 [Information] Request starting HTTP/2 GET https://localhost:7205/images/mosque.jpg - -
2023-10-24 13:59:33.670 +02:00 [Information] The file "/images/mosque.jpg" was not modified
2023-10-24 13:59:33.670 +02:00 [Information] The file "/images/vacation.jpg" was not modified
2023-10-24 13:59:33.670 +02:00 [Information] Request finished HTTP/2 GET https://localhost:7205/images/mosque.jpg - - - 304 - image/jpeg 1.0732ms
2023-10-24 13:59:33.670 +02:00 [Information] Request finished HTTP/2 GET https://localhost:7205/images/vacation.jpg - - - 304 - image/jpeg 1.4340ms
2023-10-24 13:59:33.674 +02:00 [Information] Request starting HTTP/2 GET https://localhost:7205/images/cyberS.jpg - -
2023-10-24 13:59:33.674 +02:00 [Information] The file "/images/cyberS.jpg" was not modified
2023-10-24 13:59:33.674 +02:00 [Information] Request finished HTTP/2 GET https://localhost:7205/images/cyberS.jpg - - - 304 - image/jpeg 0.3372ms
2023-10-24 13:59:33.679 +02:00 [Information] Request starting HTTP/2 GET https://localhost:7205/_framework/aspnetcore-browser-refresh.js - -
2023-10-24 13:59:33.680 +02:00 [Information] Request finished HTTP/2 GET https://localhost:7205/_framework/aspnetcore-browser-refresh.js - - - 200 12342 application/javascript;+charset=utf-8 1.6981ms
2023-10-24 13:59:33.692 +02:00 [Information] Request starting HTTP/2 GET https://localhost:7205/images/skiEquipments.jpg - -
2023-10-24 13:59:33.692 +02:00 [Information] Request starting HTTP/2 GET https://localhost:7205/_vs/browserLink - -
2023-10-24 13:59:33.693 +02:00 [Information] The file "/images/skiEquipments.jpg" was not modified
2023-10-24 13:59:33.693 +02:00 [Information] Request finished HTTP/2 GET https://localhost:7205/images/skiEquipments.jpg - - - 304 - image/jpeg 0.3837ms
2023-10-24 13:59:33.699 +02:00 [Information] Request finished HTTP/2 GET https://localhost:7205/_vs/browserLink - - - 200 - text/javascript;+charset=UTF-8 7.0244ms
