2023-10-30 17:26:44.795 +01:00 [Information] User profile is available. Using '"C:\Users\abdik\AppData\Local\ASP.NET\DataProtection-Keys"' as key repository and Windows DPAPI to encrypt keys at rest.
2023-10-30 17:26:45.243 +01:00 [Information] Now listening on: "https://localhost:7205"
2023-10-30 17:26:45.243 +01:00 [Information] Now listening on: "http://localhost:5112"
2023-10-30 17:26:45.246 +01:00 [Information] Application started. Press Ctrl+C to shut down.
2023-10-30 17:26:45.246 +01:00 [Information] Hosting environment: "Development"
2023-10-30 17:26:45.246 +01:00 [Information] Content root path: "C:\Users\abdik\Source\Repos\Forum\MyShop\"
2023-10-30 17:26:45.391 +01:00 [Information] Request starting HTTP/2 GET https://localhost:7205/Post/PostDetails/2 - -
2023-10-30 17:26:45.427 +01:00 [Information] Executing endpoint '"Forum.Controllers.PostController.PostDetails (Forum)"'
2023-10-30 17:26:45.441 +01:00 [Information] Route matched with "{action = \"PostDetails\", controller = \"Post\", page = \"\", area = \"\"}". Executing controller action with signature "System.Threading.Tasks.Task`1[Microsoft.AspNetCore.Mvc.IActionResult] PostDetails(Int32)" on controller "Forum.Controllers.PostController" ("Forum").
2023-10-30 17:26:45.482 +01:00 [Information] Executing ViewResult, running view "PostDetails".
2023-10-30 17:26:45.641 +01:00 [Information] Executed ViewResult - view "PostDetails" executed in 157.7855ms.
2023-10-30 17:26:45.642 +01:00 [Information] Executed action "Forum.Controllers.PostController.PostDetails (Forum)" in 200.8273ms
2023-10-30 17:26:45.642 +01:00 [Information] Executed endpoint '"Forum.Controllers.PostController.PostDetails (Forum)"'
2023-10-30 17:26:45.659 +01:00 [Information] Request finished HTTP/2 GET https://localhost:7205/Post/PostDetails/2 - - - 200 - text/html;+charset=utf-8 270.6625ms
2023-10-30 17:26:45.659 +01:00 [Information] Request starting HTTP/2 GET https://localhost:7205/lib/bootstrap/js/bootstrap.js - -
2023-10-30 17:26:45.659 +01:00 [Information] Request starting HTTP/2 GET https://localhost:7205/css/style.css?v=pwn5yn4O9Pe9SSgEj2lYRXwkiACD72H8PXTO92OBLZo - -
2023-10-30 17:26:45.659 +01:00 [Information] Request starting HTTP/2 GET https://localhost:7205/css/style.css - -
2023-10-30 17:26:45.659 +01:00 [Information] Request starting HTTP/2 GET https://localhost:7205/_framework/aspnetcore-browser-refresh.js - -
2023-10-30 17:26:45.659 +01:00 [Information] Request starting HTTP/2 GET https://localhost:7205/lib/jquery-validation-unobtrusive/jquery.validate.unobtrusive.js - -
2023-10-30 17:26:45.659 +01:00 [Information] Request starting HTTP/2 GET https://localhost:7205/lib/jquery-validate/jquery.validate.js - -
2023-10-30 17:26:45.661 +01:00 [Information] Request finished HTTP/2 GET https://localhost:7205/_framework/aspnetcore-browser-refresh.js - - - 200 12342 application/javascript;+charset=utf-8 1.9222ms
2023-10-30 17:26:45.667 +01:00 [Information] Sending file. Request path: '"/css/style.css"'. Physical path: '"C:\Users\abdik\Source\Repos\Forum\MyShop\wwwroot\css\style.css"'
2023-10-30 17:26:45.667 +01:00 [Information] Sending file. Request path: '"/css/style.css"'. Physical path: '"C:\Users\abdik\Source\Repos\Forum\MyShop\wwwroot\css\style.css"'
2023-10-30 17:26:45.667 +01:00 [Information] Request finished HTTP/2 GET https://localhost:7205/css/style.css - - - 200 12159 text/css 7.6772ms
2023-10-30 17:26:45.667 +01:00 [Information] Request finished HTTP/2 GET https://localhost:7205/css/style.css?v=pwn5yn4O9Pe9SSgEj2lYRXwkiACD72H8PXTO92OBLZo - - - 200 12159 text/css 7.7229ms
2023-10-30 17:26:45.677 +01:00 [Information] Sending file. Request path: '"/lib/jquery-validation-unobtrusive/jquery.validate.unobtrusive.js"'. Physical path: '"C:\Users\abdik\Source\Repos\Forum\MyShop\wwwroot\lib\jquery-validation-unobtrusive\jquery.validate.unobtrusive.js"'
2023-10-30 17:26:45.677 +01:00 [Information] Request finished HTTP/2 GET https://localhost:7205/lib/jquery-validation-unobtrusive/jquery.validate.unobtrusive.js - - - 200 19820 application/javascript 18.0610ms
2023-10-30 17:26:45.678 +01:00 [Information] Sending file. Request path: '"/lib/jquery-validate/jquery.validate.js"'. Physical path: '"C:\Users\abdik\Source\Repos\Forum\MyShop\wwwroot\lib\jquery-validate\jquery.validate.js"'
2023-10-30 17:26:45.678 +01:00 [Information] Request finished HTTP/2 GET https://localhost:7205/lib/jquery-validate/jquery.validate.js - - - 200 53841 application/javascript 18.4564ms
2023-10-30 17:26:45.682 +01:00 [Information] Request starting HTTP/2 GET https://localhost:7205/_vs/browserLink - -
2023-10-30 17:26:45.683 +01:00 [Information] Sending file. Request path: '"/lib/bootstrap/js/bootstrap.js"'. Physical path: '"C:\Users\abdik\Source\Repos\Forum\MyShop\wwwroot\lib\bootstrap\js\bootstrap.js"'
2023-10-30 17:26:45.683 +01:00 [Information] Request finished HTTP/2 GET https://localhost:7205/lib/bootstrap/js/bootstrap.js - - - 200 153194 application/javascript 23.7261ms
2023-10-30 17:26:45.688 +01:00 [Information] Request finished HTTP/2 GET https://localhost:7205/_vs/browserLink - - - 200 - text/javascript;+charset=UTF-8 6.3625ms
