2023-10-24 13:05:38.999 +02:00 [Information] User profile is available. Using '"C:\Users\abdik\AppData\Local\ASP.NET\DataProtection-Keys"' as key repository and Windows DPAPI to encrypt keys at rest.
2023-10-24 13:05:39.388 +02:00 [Information] Now listening on: "https://localhost:7205"
2023-10-24 13:05:39.388 +02:00 [Information] Now listening on: "http://localhost:5112"
2023-10-24 13:05:39.391 +02:00 [Information] Application started. Press Ctrl+C to shut down.
2023-10-24 13:05:39.391 +02:00 [Information] Hosting environment: "Development"
2023-10-24 13:05:39.391 +02:00 [Information] Content root path: "C:\Users\abdik\Source\Repos\Forum\MyShop\"
2023-10-24 13:05:39.857 +02:00 [Information] Request starting HTTP/2 GET https://localhost:7205/ - -
2023-10-24 13:05:39.895 +02:00 [Information] Executing endpoint '"Forum.Controllers.HomeController.Index (Forum)"'
2023-10-24 13:05:39.902 +02:00 [Information] Route matched with "{action = \"Index\", controller = \"Home\", page = \"\", area = \"\"}". Executing controller action with signature "Microsoft.AspNetCore.Mvc.IActionResult Index()" on controller "Forum.Controllers.HomeController" ("Forum").
2023-10-24 13:05:39.907 +02:00 [Information] Executing ViewResult, running view "Index".
2023-10-24 13:05:40.012 +02:00 [Information] Executed ViewResult - view "Index" executed in 104.8972ms.
2023-10-24 13:05:40.014 +02:00 [Information] Executed action "Forum.Controllers.HomeController.Index (Forum)" in 110.8851ms
2023-10-24 13:05:40.014 +02:00 [Information] Executed endpoint '"Forum.Controllers.HomeController.Index (Forum)"'
2023-10-24 13:05:40.026 +02:00 [Information] Request finished HTTP/2 GET https://localhost:7205/ - - - 200 - text/html;+charset=utf-8 171.8039ms
2023-10-24 13:05:40.034 +02:00 [Information] Request starting HTTP/2 GET https://localhost:7205/style.css - -
2023-10-24 13:05:40.037 +02:00 [Information] Request finished HTTP/2 GET https://localhost:7205/style.css - - - 404 0 - 2.9695ms
2023-10-24 13:05:40.039 +02:00 [Information] Request starting HTTP/2 GET https://localhost:7205/_framework/aspnetcore-browser-refresh.js - -
2023-10-24 13:05:40.041 +02:00 [Information] Request finished HTTP/2 GET https://localhost:7205/_framework/aspnetcore-browser-refresh.js - - - 200 12342 application/javascript;+charset=utf-8 1.4717ms
2023-10-24 13:05:40.050 +02:00 [Information] Request starting HTTP/2 GET https://localhost:7205/_vs/browserLink - -
2023-10-24 13:05:40.056 +02:00 [Information] Request finished HTTP/2 GET https://localhost:7205/_vs/browserLink - - - 200 - text/javascript;+charset=UTF-8 6.5167ms
