2023-10-24 12:13:33.429 +02:00 [Information] User profile is available. Using '"C:\Users\abdik\AppData\Local\ASP.NET\DataProtection-Keys"' as key repository and Windows DPAPI to encrypt keys at rest.
2023-10-24 12:13:33.825 +02:00 [Information] Now listening on: "https://localhost:7205"
2023-10-24 12:13:33.825 +02:00 [Information] Now listening on: "http://localhost:5112"
2023-10-24 12:13:33.828 +02:00 [Information] Application started. Press Ctrl+C to shut down.
2023-10-24 12:13:33.828 +02:00 [Information] Hosting environment: "Development"
2023-10-24 12:13:33.828 +02:00 [Information] Content root path: "C:\Users\abdik\Source\Repos\Forum\MyShop\"
2023-10-24 12:13:34.158 +02:00 [Information] Request starting HTTP/2 GET https://localhost:7205/ - -
2023-10-24 12:13:34.196 +02:00 [Information] Executing endpoint '"Forum.Controllers.HomeController.Index (Forum)"'
2023-10-24 12:13:34.203 +02:00 [Information] Route matched with "{action = \"Index\", controller = \"Home\", page = \"\", area = \"\"}". Executing controller action with signature "Microsoft.AspNetCore.Mvc.IActionResult Index()" on controller "Forum.Controllers.HomeController" ("Forum").
2023-10-24 12:13:34.207 +02:00 [Information] Executing ViewResult, running view "Index".
2023-10-24 12:13:34.310 +02:00 [Information] Executed ViewResult - view "Index" executed in 102.1548ms.
2023-10-24 12:13:34.312 +02:00 [Information] Executed action "Forum.Controllers.HomeController.Index (Forum)" in 108.9079ms
2023-10-24 12:13:34.312 +02:00 [Information] Executed endpoint '"Forum.Controllers.HomeController.Index (Forum)"'
2023-10-24 12:13:34.324 +02:00 [Information] Request finished HTTP/2 GET https://localhost:7205/ - - - 200 - text/html;+charset=utf-8 168.9578ms
2023-10-24 12:13:34.361 +02:00 [Information] Request starting HTTP/2 GET https://localhost:7205/lib/bootstrap/css/crtstyle.css - -
2023-10-24 12:13:34.361 +02:00 [Information] Request starting HTTP/2 GET https://localhost:7205/style.css - -
2023-10-24 12:13:34.364 +02:00 [Information] Request finished HTTP/2 GET https://localhost:7205/style.css - - - 404 0 - 2.4915ms
2023-10-24 12:13:34.369 +02:00 [Information] Request starting HTTP/2 GET https://localhost:7205/_framework/aspnetcore-browser-refresh.js - -
2023-10-24 12:13:34.371 +02:00 [Information] Request finished HTTP/2 GET https://localhost:7205/_framework/aspnetcore-browser-refresh.js - - - 200 12342 application/javascript;+charset=utf-8 1.7315ms
2023-10-24 12:13:34.371 +02:00 [Information] The file "/lib/bootstrap/css/crtstyle.css" was not modified
2023-10-24 12:13:34.372 +02:00 [Information] Request finished HTTP/2 GET https://localhost:7205/lib/bootstrap/css/crtstyle.css - - - 304 - text/css 10.4398ms
2023-10-24 12:13:34.386 +02:00 [Information] Request starting HTTP/2 GET https://localhost:7205/_vs/browserLink - -
2023-10-24 12:13:34.393 +02:00 [Information] Request finished HTTP/2 GET https://localhost:7205/_vs/browserLink - - - 200 - text/javascript;+charset=UTF-8 6.9611ms
