2023-10-30 02:39:49.844 +01:00 [Information] User profile is available. Using '"C:\Users\Johan\AppData\Local\ASP.NET\DataProtection-Keys"' as key repository and Windows DPAPI to encrypt keys at rest.
2023-10-30 02:39:50.398 +01:00 [Information] Now listening on: "https://localhost:7205"
2023-10-30 02:39:50.399 +01:00 [Information] Now listening on: "http://localhost:5112"
2023-10-30 02:39:50.404 +01:00 [Information] Application started. Press Ctrl+C to shut down.
2023-10-30 02:39:50.405 +01:00 [Information] Hosting environment: "Development"
2023-10-30 02:39:50.406 +01:00 [Information] Content root path: "C:\Users\Johan\Source\Repos\N4h0\Forum\MyShop\"
2023-10-30 02:39:51.004 +01:00 [Information] Request starting HTTP/2 GET https://localhost:7205/ - -
2023-10-30 02:39:51.052 +01:00 [Information] Executing endpoint '"Forum.Controllers.HomeController.Index (Forum)"'
2023-10-30 02:39:51.062 +01:00 [Information] Route matched with "{action = \"Index\", controller = \"Home\", page = \"\", area = \"\"}". Executing controller action with signature "System.Threading.Tasks.Task`1[Microsoft.AspNetCore.Mvc.IActionResult] Index()" on controller "Forum.Controllers.HomeController" ("Forum").
2023-10-30 02:39:51.093 +01:00 [Information] Executing ViewResult, running view "Index".
2023-10-30 02:39:51.260 +01:00 [Information] Executed ViewResult - view "Index" executed in 166.6318ms.
2023-10-30 02:39:51.263 +01:00 [Information] Executed action "Forum.Controllers.HomeController.Index (Forum)" in 200.4682ms
2023-10-30 02:39:51.263 +01:00 [Information] Executed endpoint '"Forum.Controllers.HomeController.Index (Forum)"'
2023-10-30 02:39:51.287 +01:00 [Information] Request finished HTTP/2 GET https://localhost:7205/ - - - 200 - text/html;+charset=utf-8 285.1201ms
2023-10-30 02:39:51.321 +01:00 [Information] Request starting HTTP/2 GET https://localhost:7205/_framework/aspnetcore-browser-refresh.js - -
2023-10-30 02:39:51.324 +01:00 [Information] Request finished HTTP/2 GET https://localhost:7205/_framework/aspnetcore-browser-refresh.js - - - 200 12342 application/javascript;+charset=utf-8 3.1210ms
2023-10-30 02:39:51.327 +01:00 [Information] Request starting HTTP/2 GET https://localhost:7205/_vs/browserLink - -
2023-10-30 02:39:51.337 +01:00 [Information] Request finished HTTP/2 GET https://localhost:7205/_vs/browserLink - - - 200 - text/javascript;+charset=UTF-8 10.0638ms
2023-10-30 02:39:53.121 +01:00 [Information] Request starting HTTP/2 GET https://localhost:7205/Post/PostDetails/8 - -
2023-10-30 02:39:53.123 +01:00 [Information] Executing endpoint '"Forum.Controllers.PostController.PostDetails (Forum)"'
2023-10-30 02:39:53.130 +01:00 [Information] Route matched with "{action = \"PostDetails\", controller = \"Post\", page = \"\", area = \"\"}". Executing controller action with signature "System.Threading.Tasks.Task`1[Microsoft.AspNetCore.Mvc.IActionResult] PostDetails(Int32)" on controller "Forum.Controllers.PostController" ("Forum").
2023-10-30 02:39:53.143 +01:00 [Information] Executing ViewResult, running view "PostDetails".
2023-10-30 02:39:53.186 +01:00 [Information] Executed ViewResult - view "PostDetails" executed in 42.8069ms.
2023-10-30 02:39:53.186 +01:00 [Information] Executed action "Forum.Controllers.PostController.PostDetails (Forum)" in 55.6356ms
2023-10-30 02:39:53.186 +01:00 [Information] Executed endpoint '"Forum.Controllers.PostController.PostDetails (Forum)"'
2023-10-30 02:39:53.187 +01:00 [Information] Request finished HTTP/2 GET https://localhost:7205/Post/PostDetails/8 - - - 200 - text/html;+charset=utf-8 65.7236ms
2023-10-30 02:39:53.194 +01:00 [Information] Request starting HTTP/2 GET https://localhost:7205/_vs/browserLink - -
2023-10-30 02:39:53.195 +01:00 [Information] Request starting HTTP/2 GET https://localhost:7205/_framework/aspnetcore-browser-refresh.js - -
2023-10-30 02:39:53.195 +01:00 [Information] Request finished HTTP/2 GET https://localhost:7205/_framework/aspnetcore-browser-refresh.js - - - 200 12342 application/javascript;+charset=utf-8 0.3301ms
2023-10-30 02:39:53.196 +01:00 [Information] Request finished HTTP/2 GET https://localhost:7205/_vs/browserLink - - - 200 - text/javascript;+charset=UTF-8 2.5664ms
2023-10-30 02:39:57.884 +01:00 [Information] Request starting HTTP/2 GET https://localhost:7205/Topic/TopicDetails/6 - -
2023-10-30 02:39:57.887 +01:00 [Information] Executing endpoint '"Forum.Controllers.TopicController.TopicDetails (Forum)"'
2023-10-30 02:39:57.888 +01:00 [Information] Route matched with "{action = \"TopicDetails\", controller = \"Topic\", page = \"\", area = \"\"}". Executing controller action with signature "System.Threading.Tasks.Task`1[Microsoft.AspNetCore.Mvc.IActionResult] TopicDetails(Int32)" on controller "Forum.Controllers.TopicController" ("Forum").
2023-10-30 02:39:57.895 +01:00 [Information] Executing ViewResult, running view "TopicDetails".
2023-10-30 02:39:57.916 +01:00 [Information] Executed ViewResult - view "TopicDetails" executed in 20.8897ms.
2023-10-30 02:39:57.916 +01:00 [Information] Executed action "Forum.Controllers.TopicController.TopicDetails (Forum)" in 27.5822ms
2023-10-30 02:39:57.916 +01:00 [Information] Executed endpoint '"Forum.Controllers.TopicController.TopicDetails (Forum)"'
2023-10-30 02:39:57.917 +01:00 [Information] Request finished HTTP/2 GET https://localhost:7205/Topic/TopicDetails/6 - - - 200 - text/html;+charset=utf-8 32.9236ms
2023-10-30 02:39:57.923 +01:00 [Information] Request starting HTTP/2 GET https://localhost:7205/_vs/browserLink - -
2023-10-30 02:39:57.923 +01:00 [Information] Request starting HTTP/2 GET https://localhost:7205/_framework/aspnetcore-browser-refresh.js - -
2023-10-30 02:39:57.923 +01:00 [Information] Request finished HTTP/2 GET https://localhost:7205/_framework/aspnetcore-browser-refresh.js - - - 200 12342 application/javascript;+charset=utf-8 0.2534ms
2023-10-30 02:39:57.925 +01:00 [Information] Request finished HTTP/2 GET https://localhost:7205/_vs/browserLink - - - 200 - text/javascript;+charset=UTF-8 2.6172ms
2023-10-30 02:41:47.307 +01:00 [Information] Request starting HTTP/2 GET https://localhost:7205/Post/PostDetails/8 - -
2023-10-30 02:41:47.313 +01:00 [Information] Executing endpoint '"Forum.Controllers.PostController.PostDetails (Forum)"'
2023-10-30 02:41:47.313 +01:00 [Information] Route matched with "{action = \"PostDetails\", controller = \"Post\", page = \"\", area = \"\"}". Executing controller action with signature "System.Threading.Tasks.Task`1[Microsoft.AspNetCore.Mvc.IActionResult] PostDetails(Int32)" on controller "Forum.Controllers.PostController" ("Forum").
2023-10-30 02:41:47.317 +01:00 [Information] Executing ViewResult, running view "PostDetails".
2023-10-30 02:41:47.330 +01:00 [Information] Executed ViewResult - view "PostDetails" executed in 13.1878ms.
2023-10-30 02:41:47.331 +01:00 [Information] Executed action "Forum.Controllers.PostController.PostDetails (Forum)" in 17.4745ms
2023-10-30 02:41:47.331 +01:00 [Information] Executed endpoint '"Forum.Controllers.PostController.PostDetails (Forum)"'
2023-10-30 02:41:47.332 +01:00 [Information] Request finished HTTP/2 GET https://localhost:7205/Post/PostDetails/8 - - - 200 - text/html;+charset=utf-8 24.9218ms
2023-10-30 02:41:47.341 +01:00 [Information] Request starting HTTP/2 GET https://localhost:7205/lib/jquery-validate/jquery.validate.js - -
2023-10-30 02:41:47.341 +01:00 [Information] Request starting HTTP/2 GET https://localhost:7205/_framework/aspnetcore-browser-refresh.js - -
2023-10-30 02:41:47.341 +01:00 [Information] Request starting HTTP/2 GET https://localhost:7205/lib/jquery-validation-unobtrusive/jquery.validate.unobtrusive.js - -
2023-10-30 02:41:47.341 +01:00 [Information] Request finished HTTP/2 GET https://localhost:7205/_framework/aspnetcore-browser-refresh.js - - - 200 12342 application/javascript;+charset=utf-8 0.6525ms
2023-10-30 02:41:47.342 +01:00 [Information] Request starting HTTP/2 GET https://localhost:7205/css/style.css?v=rYKnG-JB9M2x-H4nVgrp-vEkdVLuLY8MBOpZDywim-4 - -
2023-10-30 02:41:47.349 +01:00 [Information] The file "/css/style.css" was not modified
2023-10-30 02:41:47.349 +01:00 [Information] The file "/lib/jquery-validate/jquery.validate.js" was not modified
2023-10-30 02:41:47.349 +01:00 [Information] The file "/lib/jquery-validation-unobtrusive/jquery.validate.unobtrusive.js" was not modified
2023-10-30 02:41:47.349 +01:00 [Information] Request finished HTTP/2 GET https://localhost:7205/css/style.css?v=rYKnG-JB9M2x-H4nVgrp-vEkdVLuLY8MBOpZDywim-4 - - - 304 - text/css 7.2891ms
2023-10-30 02:41:47.349 +01:00 [Information] Request finished HTTP/2 GET https://localhost:7205/lib/jquery-validate/jquery.validate.js - - - 304 - application/javascript 8.6646ms
2023-10-30 02:41:47.349 +01:00 [Information] Request finished HTTP/2 GET https://localhost:7205/lib/jquery-validation-unobtrusive/jquery.validate.unobtrusive.js - - - 304 - application/javascript 8.5121ms
2023-10-30 02:41:47.352 +01:00 [Information] Request starting HTTP/2 GET https://localhost:7205/_vs/browserLink - -
2023-10-30 02:41:47.356 +01:00 [Information] Request finished HTTP/2 GET https://localhost:7205/_vs/browserLink - - - 200 - text/javascript;+charset=UTF-8 4.4002ms
2023-10-30 02:41:49.941 +01:00 [Information] Request starting HTTP/2 GET https://localhost:7205/Topic/TopicDetails/6 - -
2023-10-30 02:41:49.942 +01:00 [Information] Executing endpoint '"Forum.Controllers.TopicController.TopicDetails (Forum)"'
2023-10-30 02:41:49.942 +01:00 [Information] Route matched with "{action = \"TopicDetails\", controller = \"Topic\", page = \"\", area = \"\"}". Executing controller action with signature "System.Threading.Tasks.Task`1[Microsoft.AspNetCore.Mvc.IActionResult] TopicDetails(Int32)" on controller "Forum.Controllers.TopicController" ("Forum").
2023-10-30 02:41:49.945 +01:00 [Information] Executing ViewResult, running view "TopicDetails".
2023-10-30 02:41:49.955 +01:00 [Information] Executed ViewResult - view "TopicDetails" executed in 9.688ms.
2023-10-30 02:41:49.955 +01:00 [Information] Executed action "Forum.Controllers.TopicController.TopicDetails (Forum)" in 12.824ms
2023-10-30 02:41:49.955 +01:00 [Information] Executed endpoint '"Forum.Controllers.TopicController.TopicDetails (Forum)"'
2023-10-30 02:41:49.956 +01:00 [Information] Request finished HTTP/2 GET https://localhost:7205/Topic/TopicDetails/6 - - - 200 - text/html;+charset=utf-8 15.1858ms
2023-10-30 02:41:49.963 +01:00 [Information] Request starting HTTP/2 GET https://localhost:7205/_vs/browserLink - -
2023-10-30 02:41:49.963 +01:00 [Information] Request starting HTTP/2 GET https://localhost:7205/_framework/aspnetcore-browser-refresh.js - -
2023-10-30 02:41:49.964 +01:00 [Information] Request finished HTTP/2 GET https://localhost:7205/_framework/aspnetcore-browser-refresh.js - - - 200 12342 application/javascript;+charset=utf-8 0.2033ms
2023-10-30 02:41:49.966 +01:00 [Information] Request finished HTTP/2 GET https://localhost:7205/_vs/browserLink - - - 200 - text/javascript;+charset=UTF-8 2.3895ms
