2023-10-24 10:35:36.941 +02:00 [Information] User profile is available. Using '"C:\Users\abdik\AppData\Local\ASP.NET\DataProtection-Keys"' as key repository and Windows DPAPI to encrypt keys at rest.
2023-10-24 10:35:37.327 +02:00 [Information] Now listening on: "https://localhost:7205"
2023-10-24 10:35:37.327 +02:00 [Information] Now listening on: "http://localhost:5112"
2023-10-24 10:35:37.330 +02:00 [Information] Application started. Press Ctrl+C to shut down.
2023-10-24 10:35:37.330 +02:00 [Information] Hosting environment: "Development"
2023-10-24 10:35:37.330 +02:00 [Information] Content root path: "C:\Users\abdik\Source\Repos\Forum\MyShop\"
2023-10-24 10:35:37.643 +02:00 [Information] Request starting HTTP/2 GET https://localhost:7205/ - -
2023-10-24 10:35:37.681 +02:00 [Information] Executing endpoint '"Forum.Controllers.HomeController.Index (Forum)"'
2023-10-24 10:35:37.688 +02:00 [Information] Route matched with "{action = \"Index\", controller = \"Home\", page = \"\", area = \"\"}". Executing controller action with signature "Microsoft.AspNetCore.Mvc.IActionResult Index()" on controller "Forum.Controllers.HomeController" ("Forum").
2023-10-24 10:35:37.692 +02:00 [Information] Executing ViewResult, running view "Index".
2023-10-24 10:35:37.788 +02:00 [Information] Executed ViewResult - view "Index" executed in 95.2627ms.
2023-10-24 10:35:37.790 +02:00 [Information] Executed action "Forum.Controllers.HomeController.Index (Forum)" in 101.5516ms
2023-10-24 10:35:37.790 +02:00 [Information] Executed endpoint '"Forum.Controllers.HomeController.Index (Forum)"'
2023-10-24 10:35:37.803 +02:00 [Information] Request finished HTTP/2 GET https://localhost:7205/ - - - 200 - text/html;+charset=utf-8 162.2757ms
2023-10-24 10:35:37.812 +02:00 [Information] Request starting HTTP/2 GET https://localhost:7205/_framework/aspnetcore-browser-refresh.js - -
2023-10-24 10:35:37.812 +02:00 [Information] Request starting HTTP/2 GET https://localhost:7205/style.css - -
2023-10-24 10:35:37.812 +02:00 [Information] Request starting HTTP/2 GET https://localhost:7205/images/formula1.jpg - -
2023-10-24 10:35:37.814 +02:00 [Information] Request finished HTTP/2 GET https://localhost:7205/_framework/aspnetcore-browser-refresh.js - - - 200 12342 application/javascript;+charset=utf-8 1.9760ms
2023-10-24 10:35:37.815 +02:00 [Information] Request finished HTTP/2 GET https://localhost:7205/style.css - - - 404 0 - 2.5620ms
2023-10-24 10:35:37.824 +02:00 [Information] Request starting HTTP/2 GET https://localhost:7205/_vs/browserLink - -
2023-10-24 10:35:37.832 +02:00 [Information] Request finished HTTP/2 GET https://localhost:7205/_vs/browserLink - - - 200 - text/javascript;+charset=UTF-8 8.0003ms
2023-10-24 10:35:37.843 +02:00 [Information] Sending file. Request path: '"/images/formula1.jpg"'. Physical path: '"C:\Users\abdik\Source\Repos\Forum\MyShop\wwwroot\images\formula1.jpg"'
2023-10-24 10:35:37.843 +02:00 [Information] Request finished HTTP/2 GET https://localhost:7205/images/formula1.jpg - - - 200 2766842 image/jpeg 31.0824ms
2023-10-24 10:36:42.414 +02:00 [Information] Request starting HTTP/2 GET https://localhost:7205/ - -
2023-10-24 10:36:42.415 +02:00 [Information] Executing endpoint '"Forum.Controllers.HomeController.Index (Forum)"'
2023-10-24 10:36:42.415 +02:00 [Information] Route matched with "{action = \"Index\", controller = \"Home\", page = \"\", area = \"\"}". Executing controller action with signature "Microsoft.AspNetCore.Mvc.IActionResult Index()" on controller "Forum.Controllers.HomeController" ("Forum").
2023-10-24 10:36:42.416 +02:00 [Information] Executing ViewResult, running view "Index".
2023-10-24 10:36:42.425 +02:00 [Information] Executed ViewResult - view "Index" executed in 9.2495ms.
2023-10-24 10:36:42.425 +02:00 [Information] Executed action "Forum.Controllers.HomeController.Index (Forum)" in 9.8779ms
2023-10-24 10:36:42.425 +02:00 [Information] Executed endpoint '"Forum.Controllers.HomeController.Index (Forum)"'
2023-10-24 10:36:42.426 +02:00 [Information] Request finished HTTP/2 GET https://localhost:7205/ - - - 200 - text/html;+charset=utf-8 12.2411ms
2023-10-24 10:36:42.449 +02:00 [Information] Request starting HTTP/2 GET https://localhost:7205/style.css - -
2023-10-24 10:36:42.450 +02:00 [Information] Request finished HTTP/2 GET https://localhost:7205/style.css - - - 404 0 - 1.2952ms
2023-10-24 10:36:42.450 +02:00 [Information] Request starting HTTP/2 GET https://localhost:7205/_framework/aspnetcore-browser-refresh.js - -
2023-10-24 10:36:42.450 +02:00 [Information] Request starting HTTP/2 GET https://localhost:7205/images/formula1.jpg - -
2023-10-24 10:36:42.450 +02:00 [Information] Request finished HTTP/2 GET https://localhost:7205/_framework/aspnetcore-browser-refresh.js - - - 200 12342 application/javascript;+charset=utf-8 0.1884ms
2023-10-24 10:36:42.457 +02:00 [Information] Request starting HTTP/2 GET https://localhost:7205/_vs/browserLink - -
2023-10-24 10:36:42.460 +02:00 [Information] Request finished HTTP/2 GET https://localhost:7205/_vs/browserLink - - - 200 - text/javascript;+charset=UTF-8 2.3859ms
2023-10-24 10:36:42.474 +02:00 [Information] Sending file. Request path: '"/images/formula1.jpg"'. Physical path: '"C:\Users\abdik\Source\Repos\Forum\MyShop\wwwroot\images\formula1.jpg"'
2023-10-24 10:36:42.475 +02:00 [Information] Request finished HTTP/2 GET https://localhost:7205/images/formula1.jpg - - - 200 1574551 image/jpeg 24.7386ms
2023-10-24 10:37:53.944 +02:00 [Information] Request starting HTTP/2 GET https://localhost:7205/ - -
2023-10-24 10:37:53.944 +02:00 [Information] Executing endpoint '"Forum.Controllers.HomeController.Index (Forum)"'
2023-10-24 10:37:53.944 +02:00 [Information] Route matched with "{action = \"Index\", controller = \"Home\", page = \"\", area = \"\"}". Executing controller action with signature "Microsoft.AspNetCore.Mvc.IActionResult Index()" on controller "Forum.Controllers.HomeController" ("Forum").
2023-10-24 10:37:53.945 +02:00 [Information] Executing ViewResult, running view "Index".
2023-10-24 10:37:53.952 +02:00 [Information] Executed ViewResult - view "Index" executed in 7.3888ms.
2023-10-24 10:37:53.952 +02:00 [Information] Executed action "Forum.Controllers.HomeController.Index (Forum)" in 7.5312ms
2023-10-24 10:37:53.952 +02:00 [Information] Executed endpoint '"Forum.Controllers.HomeController.Index (Forum)"'
2023-10-24 10:37:53.953 +02:00 [Information] Request finished HTTP/2 GET https://localhost:7205/ - - - 200 - text/html;+charset=utf-8 9.2822ms
2023-10-24 10:37:53.972 +02:00 [Information] Request starting HTTP/2 GET https://localhost:7205/lib/bootstrap/css/crtstyle.css - -
2023-10-24 10:37:53.972 +02:00 [Information] Request starting HTTP/2 GET https://localhost:7205/lib/bootstrap/js/bootstrap.js - -
2023-10-24 10:37:53.972 +02:00 [Information] The file "/lib/bootstrap/js/bootstrap.js" was not modified
2023-10-24 10:37:53.972 +02:00 [Information] The file "/lib/bootstrap/css/crtstyle.css" was not modified
2023-10-24 10:37:53.972 +02:00 [Information] Request finished HTTP/2 GET https://localhost:7205/lib/bootstrap/js/bootstrap.js - - - 304 - application/javascript 0.5478ms
2023-10-24 10:37:53.972 +02:00 [Information] Request finished HTTP/2 GET https://localhost:7205/lib/bootstrap/css/crtstyle.css - - - 304 - text/css 0.7271ms
2023-10-24 10:37:53.973 +02:00 [Information] Request starting HTTP/2 GET https://localhost:7205/lib/jquery/jquery.js - -
2023-10-24 10:37:53.973 +02:00 [Information] The file "/lib/jquery/jquery.js" was not modified
2023-10-24 10:37:53.973 +02:00 [Information] Request finished HTTP/2 GET https://localhost:7205/lib/jquery/jquery.js - - - 304 - application/javascript 0.2621ms
2023-10-24 10:37:53.973 +02:00 [Information] Request starting HTTP/2 GET https://localhost:7205/css/style.css?v=35HH4RfJtST0sDq0rMotu1E2heftLFgWrkUbXojxluA - -
2023-10-24 10:37:53.973 +02:00 [Information] Request starting HTTP/2 GET https://localhost:7205/style.css - -
2023-10-24 10:37:53.973 +02:00 [Information] The file "/css/style.css" was not modified
2023-10-24 10:37:53.973 +02:00 [Information] Request finished HTTP/2 GET https://localhost:7205/css/style.css?v=35HH4RfJtST0sDq0rMotu1E2heftLFgWrkUbXojxluA - - - 304 - text/css 0.1924ms
2023-10-24 10:37:53.973 +02:00 [Information] Request finished HTTP/2 GET https://localhost:7205/style.css - - - 404 0 - 0.4152ms
2023-10-24 10:37:53.975 +02:00 [Information] Request starting HTTP/2 GET https://localhost:7205/_framework/aspnetcore-browser-refresh.js - -
2023-10-24 10:37:53.975 +02:00 [Information] Request finished HTTP/2 GET https://localhost:7205/_framework/aspnetcore-browser-refresh.js - - - 200 12342 application/javascript;+charset=utf-8 0.1135ms
2023-10-24 10:37:53.976 +02:00 [Information] Request starting HTTP/2 GET https://localhost:7205/images/formula1.jpg - -
2023-10-24 10:37:53.976 +02:00 [Information] The file "/images/formula1.jpg" was not modified
2023-10-24 10:37:53.976 +02:00 [Information] Request finished HTTP/2 GET https://localhost:7205/images/formula1.jpg - - - 304 - image/jpeg 0.2369ms
2023-10-24 10:37:53.985 +02:00 [Information] Request starting HTTP/2 GET https://localhost:7205/_vs/browserLink - -
2023-10-24 10:37:53.987 +02:00 [Information] Request finished HTTP/2 GET https://localhost:7205/_vs/browserLink - - - 200 - text/javascript;+charset=UTF-8 1.7334ms
