2023-10-24 16:45:19.968 +02:00 [Information] User profile is available. Using '"C:\Users\abdik\AppData\Local\ASP.NET\DataProtection-Keys"' as key repository and Windows DPAPI to encrypt keys at rest.
2023-10-24 16:45:20.351 +02:00 [Information] Now listening on: "https://localhost:7205"
2023-10-24 16:45:20.352 +02:00 [Information] Now listening on: "http://localhost:5112"
2023-10-24 16:45:20.355 +02:00 [Information] Application started. Press Ctrl+C to shut down.
2023-10-24 16:45:20.355 +02:00 [Information] Hosting environment: "Development"
2023-10-24 16:45:20.355 +02:00 [Information] Content root path: "C:\Users\abdik\Source\Repos\Forum\MyShop\"
2023-10-24 16:45:20.503 +02:00 [Information] Request starting HTTP/2 GET https://localhost:7205/ - -
2023-10-24 16:45:20.543 +02:00 [Information] Executing endpoint '"Forum.Controllers.HomeController.Index (Forum)"'
2023-10-24 16:45:20.551 +02:00 [Information] Route matched with "{action = \"Index\", controller = \"Home\", page = \"\", area = \"\"}". Executing controller action with signature "System.Threading.Tasks.Task`1[Microsoft.AspNetCore.Mvc.IActionResult] Index()" on controller "Forum.Controllers.HomeController" ("Forum").
2023-10-24 16:45:20.570 +02:00 [Information] Executing ViewResult, running view "Index".
2023-10-24 16:45:20.684 +02:00 [Information] Executed ViewResult - view "Index" executed in 114.5242ms.
2023-10-24 16:45:20.686 +02:00 [Information] Executed action "Forum.Controllers.HomeController.Index (Forum)" in 134.2126ms
2023-10-24 16:45:20.686 +02:00 [Information] Executed endpoint '"Forum.Controllers.HomeController.Index (Forum)"'
2023-10-24 16:45:20.698 +02:00 [Information] Request finished HTTP/2 GET https://localhost:7205/ - - - 200 - text/html;+charset=utf-8 197.4185ms
2023-10-24 16:45:20.729 +02:00 [Information] Request starting HTTP/2 GET https://localhost:7205/style.css - -
2023-10-24 16:45:20.729 +02:00 [Information] Request starting HTTP/2 GET https://localhost:7205/css/style.css?v=oQxviV2f08_WAZjjLlMJlnADhRWV0sZiQU6KkpQX-nk - -
2023-10-24 16:45:20.733 +02:00 [Information] Request finished HTTP/2 GET https://localhost:7205/style.css - - - 404 0 - 3.7503ms
2023-10-24 16:45:20.737 +02:00 [Information] Sending file. Request path: '"/css/style.css"'. Physical path: '"C:\Users\abdik\Source\Repos\Forum\MyShop\wwwroot\css\style.css"'
2023-10-24 16:45:20.737 +02:00 [Information] Request finished HTTP/2 GET https://localhost:7205/css/style.css?v=oQxviV2f08_WAZjjLlMJlnADhRWV0sZiQU6KkpQX-nk - - - 200 2811 text/css 8.4152ms
2023-10-24 16:45:20.743 +02:00 [Information] Request starting HTTP/2 GET https://localhost:7205/_framework/aspnetcore-browser-refresh.js - -
2023-10-24 16:45:20.743 +02:00 [Information] Request starting HTTP/2 GET https://localhost:7205/_vs/browserLink - -
2023-10-24 16:45:20.745 +02:00 [Information] Request finished HTTP/2 GET https://localhost:7205/_framework/aspnetcore-browser-refresh.js - - - 200 12342 application/javascript;+charset=utf-8 2.0942ms
2023-10-24 16:45:20.749 +02:00 [Information] Request finished HTTP/2 GET https://localhost:7205/_vs/browserLink - - - 200 - text/javascript;+charset=UTF-8 5.6611ms
2023-10-24 16:45:25.744 +02:00 [Information] Request starting HTTP/2 GET https://localhost:7205/_framework/clear-browser-cache - -
2023-10-24 16:45:25.744 +02:00 [Information] Request finished HTTP/2 GET https://localhost:7205/_framework/clear-browser-cache - - - 200 0 - 0.9441ms
2023-10-24 16:45:26.043 +02:00 [Information] Request starting HTTP/2 GET https://localhost:7205/ - -
2023-10-24 16:45:26.052 +02:00 [Information] Executing endpoint '"Forum.Controllers.HomeController.Index (Forum)"'
2023-10-24 16:45:26.053 +02:00 [Information] Route matched with "{action = \"Index\", controller = \"Home\", page = \"\", area = \"\"}". Executing controller action with signature "System.Threading.Tasks.Task`1[Microsoft.AspNetCore.Mvc.IActionResult] Index()" on controller "Forum.Controllers.HomeController" ("Forum").
2023-10-24 16:45:26.054 +02:00 [Information] Executing ViewResult, running view "Index".
2023-10-24 16:45:26.059 +02:00 [Information] Executed ViewResult - view "Index" executed in 5.3472ms.
2023-10-24 16:45:26.059 +02:00 [Information] Executed action "Forum.Controllers.HomeController.Index (Forum)" in 6.4559ms
2023-10-24 16:45:26.059 +02:00 [Information] Executed endpoint '"Forum.Controllers.HomeController.Index (Forum)"'
2023-10-24 16:45:26.060 +02:00 [Information] Request finished HTTP/2 GET https://localhost:7205/ - - - 200 - text/html;+charset=utf-8 17.7875ms
2023-10-24 16:45:26.080 +02:00 [Information] Request starting HTTP/2 GET https://localhost:7205/lib/bootstrap/css/crtstyle.css - -
2023-10-24 16:45:26.081 +02:00 [Information] Request starting HTTP/2 GET https://localhost:7205/lib/bootstrap/js/bootstrap.js - -
2023-10-24 16:45:26.082 +02:00 [Information] Sending file. Request path: '"/lib/bootstrap/css/crtstyle.css"'. Physical path: '"C:\Users\abdik\Source\Repos\Forum\MyShop\wwwroot\lib\bootstrap\css\crtStyle.css"'
2023-10-24 16:45:26.083 +02:00 [Information] Request finished HTTP/2 GET https://localhost:7205/lib/bootstrap/css/crtstyle.css - - - 200 1786 text/css 2.3103ms
2023-10-24 16:45:26.083 +02:00 [Information] Request starting HTTP/2 GET https://localhost:7205/lib/jquery/jquery.js - -
2023-10-24 16:45:26.084 +02:00 [Information] Request starting HTTP/2 GET https://localhost:7205/css/style.css?v=bffJ6nzvjxDzeuHtyUGxJ0K_JiTx2o0P-oYjnMUadRg - -
2023-10-24 16:45:26.084 +02:00 [Information] Request starting HTTP/2 GET https://localhost:7205/style.css - -
2023-10-24 16:45:26.085 +02:00 [Information] Request starting HTTP/2 GET https://localhost:7205/images/formula1.jpg - -
2023-10-24 16:45:26.085 +02:00 [Information] Request starting HTTP/2 GET https://localhost:7205/images/fotball.jpg - -
2023-10-24 16:45:26.089 +02:00 [Information] Request finished HTTP/2 GET https://localhost:7205/style.css - - - 404 0 - 5.5198ms
2023-10-24 16:45:26.090 +02:00 [Information] Sending file. Request path: '"/css/style.css"'. Physical path: '"C:\Users\abdik\Source\Repos\Forum\MyShop\wwwroot\css\style.css"'
2023-10-24 16:45:26.090 +02:00 [Information] Sending file. Request path: '"/lib/bootstrap/js/bootstrap.js"'. Physical path: '"C:\Users\abdik\Source\Repos\Forum\MyShop\wwwroot\lib\bootstrap\js\bootstrap.js"'
2023-10-24 16:45:26.090 +02:00 [Information] Request finished HTTP/2 GET https://localhost:7205/css/style.css?v=bffJ6nzvjxDzeuHtyUGxJ0K_JiTx2o0P-oYjnMUadRg - - - 200 3093 text/css 6.9131ms
2023-10-24 16:45:26.091 +02:00 [Information] Request finished HTTP/2 GET https://localhost:7205/lib/bootstrap/js/bootstrap.js - - - 200 153194 application/javascript 9.2621ms
2023-10-24 16:45:26.091 +02:00 [Information] Sending file. Request path: '"/lib/jquery/jquery.js"'. Physical path: '"C:\Users\abdik\Source\Repos\Forum\MyShop\wwwroot\lib\jquery\jquery.js"'
2023-10-24 16:45:26.091 +02:00 [Information] Request finished HTTP/2 GET https://localhost:7205/lib/jquery/jquery.js - - - 200 296030 application/javascript 8.3567ms
2023-10-24 16:45:26.097 +02:00 [Information] Sending file. Request path: '"/images/fotball.jpg"'. Physical path: '"C:\Users\abdik\Source\Repos\Forum\MyShop\wwwroot\images\fotball.jpg"'
2023-10-24 16:45:26.097 +02:00 [Information] Request finished HTTP/2 GET https://localhost:7205/images/fotball.jpg - - - 200 1588856 image/jpeg 11.8845ms
2023-10-24 16:45:26.097 +02:00 [Information] Sending file. Request path: '"/images/formula1.jpg"'. Physical path: '"C:\Users\abdik\Source\Repos\Forum\MyShop\wwwroot\images\formula1.jpg"'
2023-10-24 16:45:26.098 +02:00 [Information] Request finished HTTP/2 GET https://localhost:7205/images/formula1.jpg - - - 200 1574551 image/jpeg 12.1736ms
2023-10-24 16:45:26.107 +02:00 [Information] Request starting HTTP/2 GET https://localhost:7205/images/mosque.jpg - -
2023-10-24 16:45:26.107 +02:00 [Information] Request starting HTTP/2 GET https://localhost:7205/images/vacation.jpg - -
2023-10-24 16:45:26.108 +02:00 [Information] Request starting HTTP/2 GET https://localhost:7205/images/cyberS.jpg - -
2023-10-24 16:45:26.108 +02:00 [Information] Request starting HTTP/2 GET https://localhost:7205/_framework/aspnetcore-browser-refresh.js - -
2023-10-24 16:45:26.109 +02:00 [Information] Request finished HTTP/2 GET https://localhost:7205/_framework/aspnetcore-browser-refresh.js - - - 200 12342 application/javascript;+charset=utf-8 0.4533ms
2023-10-24 16:45:26.109 +02:00 [Information] Request starting HTTP/2 GET https://localhost:7205/images/skiEquipments.jpg - -
2023-10-24 16:45:26.109 +02:00 [Information] Request starting HTTP/2 GET https://localhost:7205/_vs/browserLink - -
2023-10-24 16:45:26.112 +02:00 [Information] Sending file. Request path: '"/images/vacation.jpg"'. Physical path: '"C:\Users\abdik\Source\Repos\Forum\MyShop\wwwroot\images\vacation.jpg"'
2023-10-24 16:45:26.112 +02:00 [Information] Request finished HTTP/2 GET https://localhost:7205/images/vacation.jpg - - - 200 617541 image/jpeg 5.2633ms
2023-10-24 16:45:26.114 +02:00 [Information] Request finished HTTP/2 GET https://localhost:7205/_vs/browserLink - - - 200 - text/javascript;+charset=UTF-8 4.8054ms
2023-10-24 16:45:26.122 +02:00 [Information] Sending file. Request path: '"/images/cyberS.jpg"'. Physical path: '"C:\Users\abdik\Source\Repos\Forum\MyShop\wwwroot\images\cyberS.jpg"'
2023-10-24 16:45:26.122 +02:00 [Information] Request finished HTTP/2 GET https://localhost:7205/images/cyberS.jpg - - - 200 1891447 image/jpeg 14.5864ms
2023-10-24 16:45:26.127 +02:00 [Information] Sending file. Request path: '"/images/skiEquipments.jpg"'. Physical path: '"C:\Users\abdik\Source\Repos\Forum\MyShop\wwwroot\images\skiEquipments.jpg"'
2023-10-24 16:45:26.127 +02:00 [Information] Request finished HTTP/2 GET https://localhost:7205/images/skiEquipments.jpg - - - 200 2293710 image/jpeg 17.6790ms
2023-10-24 16:45:26.129 +02:00 [Information] Sending file. Request path: '"/images/mosque.jpg"'. Physical path: '"C:\Users\abdik\Source\Repos\Forum\MyShop\wwwroot\images\mosque.jpg"'
2023-10-24 16:45:26.129 +02:00 [Information] Request finished HTTP/2 GET https://localhost:7205/images/mosque.jpg - - - 200 3633928 image/jpeg 21.8527ms
2023-10-24 16:45:31.706 +02:00 [Information] Request starting HTTP/2 GET https://localhost:7205/ - -
2023-10-24 16:45:31.708 +02:00 [Information] Executing endpoint '"Forum.Controllers.HomeController.Index (Forum)"'
2023-10-24 16:45:31.708 +02:00 [Information] Route matched with "{action = \"Index\", controller = \"Home\", page = \"\", area = \"\"}". Executing controller action with signature "System.Threading.Tasks.Task`1[Microsoft.AspNetCore.Mvc.IActionResult] Index()" on controller "Forum.Controllers.HomeController" ("Forum").
2023-10-24 16:45:31.709 +02:00 [Information] Executing ViewResult, running view "Index".
2023-10-24 16:45:31.712 +02:00 [Information] Executed ViewResult - view "Index" executed in 2.9452ms.
2023-10-24 16:45:31.712 +02:00 [Information] Executed action "Forum.Controllers.HomeController.Index (Forum)" in 4.1563ms
2023-10-24 16:45:31.712 +02:00 [Information] Executed endpoint '"Forum.Controllers.HomeController.Index (Forum)"'
2023-10-24 16:45:31.713 +02:00 [Information] Request finished HTTP/2 GET https://localhost:7205/ - - - 200 - text/html;+charset=utf-8 7.6511ms
2023-10-24 16:45:31.732 +02:00 [Information] Request starting HTTP/2 GET https://localhost:7205/css/style.css?v=bffJ6nzvjxDzeuHtyUGxJ0K_JiTx2o0P-oYjnMUadRg - -
2023-10-24 16:45:31.732 +02:00 [Information] Request starting HTTP/2 GET https://localhost:7205/style.css - -
2023-10-24 16:45:31.732 +02:00 [Information] Request starting HTTP/2 GET https://localhost:7205/_framework/aspnetcore-browser-refresh.js - -
2023-10-24 16:45:31.732 +02:00 [Information] Request finished HTTP/2 GET https://localhost:7205/_framework/aspnetcore-browser-refresh.js - - - 200 12342 application/javascript;+charset=utf-8 0.1360ms
2023-10-24 16:45:31.732 +02:00 [Information] The file "/css/style.css" was not modified
2023-10-24 16:45:31.733 +02:00 [Information] Request finished HTTP/2 GET https://localhost:7205/css/style.css?v=bffJ6nzvjxDzeuHtyUGxJ0K_JiTx2o0P-oYjnMUadRg - - - 304 - text/css 0.9831ms
2023-10-24 16:45:31.734 +02:00 [Information] Request finished HTTP/2 GET https://localhost:7205/style.css - - - 404 0 - 1.6007ms
2023-10-24 16:45:31.737 +02:00 [Information] Request starting HTTP/2 GET https://localhost:7205/_vs/browserLink - -
2023-10-24 16:45:31.738 +02:00 [Information] Request finished HTTP/2 GET https://localhost:7205/_vs/browserLink - - - 200 - text/javascript;+charset=UTF-8 1.5739ms
2023-10-24 16:45:32.379 +02:00 [Information] Request starting HTTP/2 GET https://localhost:7205/ - -
2023-10-24 16:45:32.380 +02:00 [Information] Executing endpoint '"Forum.Controllers.HomeController.Index (Forum)"'
2023-10-24 16:45:32.380 +02:00 [Information] Route matched with "{action = \"Index\", controller = \"Home\", page = \"\", area = \"\"}". Executing controller action with signature "System.Threading.Tasks.Task`1[Microsoft.AspNetCore.Mvc.IActionResult] Index()" on controller "Forum.Controllers.HomeController" ("Forum").
2023-10-24 16:45:32.381 +02:00 [Information] Executing ViewResult, running view "Index".
2023-10-24 16:45:32.383 +02:00 [Information] Executed ViewResult - view "Index" executed in 2.1326ms.
2023-10-24 16:45:32.383 +02:00 [Information] Executed action "Forum.Controllers.HomeController.Index (Forum)" in 2.7228ms
2023-10-24 16:45:32.383 +02:00 [Information] Executed endpoint '"Forum.Controllers.HomeController.Index (Forum)"'
2023-10-24 16:45:32.385 +02:00 [Information] Request finished HTTP/2 GET https://localhost:7205/ - - - 200 - text/html;+charset=utf-8 5.8377ms
2023-10-24 16:45:32.397 +02:00 [Information] Request starting HTTP/2 GET https://localhost:7205/css/style.css?v=bffJ6nzvjxDzeuHtyUGxJ0K_JiTx2o0P-oYjnMUadRg - -
2023-10-24 16:45:32.397 +02:00 [Information] Request starting HTTP/2 GET https://localhost:7205/style.css - -
2023-10-24 16:45:32.397 +02:00 [Information] The file "/css/style.css" was not modified
2023-10-24 16:45:32.397 +02:00 [Information] Request starting HTTP/2 GET https://localhost:7205/_framework/aspnetcore-browser-refresh.js - -
2023-10-24 16:45:32.397 +02:00 [Information] Request finished HTTP/2 GET https://localhost:7205/css/style.css?v=bffJ6nzvjxDzeuHtyUGxJ0K_JiTx2o0P-oYjnMUadRg - - - 304 - text/css 0.3953ms
2023-10-24 16:45:32.397 +02:00 [Information] Request finished HTTP/2 GET https://localhost:7205/_framework/aspnetcore-browser-refresh.js - - - 200 12342 application/javascript;+charset=utf-8 0.1211ms
2023-10-24 16:45:32.399 +02:00 [Information] Request finished HTTP/2 GET https://localhost:7205/style.css - - - 404 0 - 1.4856ms
2023-10-24 16:45:32.402 +02:00 [Information] Request starting HTTP/2 GET https://localhost:7205/_vs/browserLink - -
2023-10-24 16:45:32.403 +02:00 [Information] Request finished HTTP/2 GET https://localhost:7205/_vs/browserLink - - - 200 - text/javascript;+charset=UTF-8 1.6638ms
2023-10-24 16:45:32.927 +02:00 [Information] Request starting HTTP/2 GET https://localhost:7205/ - -
2023-10-24 16:45:32.929 +02:00 [Information] Executing endpoint '"Forum.Controllers.HomeController.Index (Forum)"'
2023-10-24 16:45:32.929 +02:00 [Information] Route matched with "{action = \"Index\", controller = \"Home\", page = \"\", area = \"\"}". Executing controller action with signature "System.Threading.Tasks.Task`1[Microsoft.AspNetCore.Mvc.IActionResult] Index()" on controller "Forum.Controllers.HomeController" ("Forum").
2023-10-24 16:45:32.929 +02:00 [Information] Executing ViewResult, running view "Index".
2023-10-24 16:45:32.931 +02:00 [Information] Executed ViewResult - view "Index" executed in 2.2569ms.
2023-10-24 16:45:32.932 +02:00 [Information] Executed action "Forum.Controllers.HomeController.Index (Forum)" in 2.9155ms
2023-10-24 16:45:32.932 +02:00 [Information] Executed endpoint '"Forum.Controllers.HomeController.Index (Forum)"'
2023-10-24 16:45:32.934 +02:00 [Information] Request finished HTTP/2 GET https://localhost:7205/ - - - 200 - text/html;+charset=utf-8 6.6580ms
2023-10-24 16:45:32.947 +02:00 [Information] Request starting HTTP/2 GET https://localhost:7205/style.css - -
2023-10-24 16:45:32.947 +02:00 [Information] Request starting HTTP/2 GET https://localhost:7205/_framework/aspnetcore-browser-refresh.js - -
2023-10-24 16:45:32.947 +02:00 [Information] Request starting HTTP/2 GET https://localhost:7205/css/style.css?v=bffJ6nzvjxDzeuHtyUGxJ0K_JiTx2o0P-oYjnMUadRg - -
2023-10-24 16:45:32.947 +02:00 [Information] Request finished HTTP/2 GET https://localhost:7205/_framework/aspnetcore-browser-refresh.js - - - 200 12342 application/javascript;+charset=utf-8 0.2551ms
2023-10-24 16:45:32.947 +02:00 [Information] The file "/css/style.css" was not modified
2023-10-24 16:45:32.947 +02:00 [Information] Request finished HTTP/2 GET https://localhost:7205/css/style.css?v=bffJ6nzvjxDzeuHtyUGxJ0K_JiTx2o0P-oYjnMUadRg - - - 304 - text/css 0.3948ms
2023-10-24 16:45:32.949 +02:00 [Information] Request finished HTTP/2 GET https://localhost:7205/style.css - - - 404 0 - 1.9059ms
2023-10-24 16:45:32.952 +02:00 [Information] Request starting HTTP/2 GET https://localhost:7205/_vs/browserLink - -
2023-10-24 16:45:32.954 +02:00 [Information] Request finished HTTP/2 GET https://localhost:7205/_vs/browserLink - - - 200 - text/javascript;+charset=UTF-8 1.6713ms
2023-10-24 16:45:33.912 +02:00 [Information] Request starting HTTP/2 GET https://localhost:7205/ - -
2023-10-24 16:45:33.913 +02:00 [Information] Executing endpoint '"Forum.Controllers.HomeController.Index (Forum)"'
2023-10-24 16:45:33.913 +02:00 [Information] Route matched with "{action = \"Index\", controller = \"Home\", page = \"\", area = \"\"}". Executing controller action with signature "System.Threading.Tasks.Task`1[Microsoft.AspNetCore.Mvc.IActionResult] Index()" on controller "Forum.Controllers.HomeController" ("Forum").
2023-10-24 16:45:33.914 +02:00 [Information] Executing ViewResult, running view "Index".
2023-10-24 16:45:33.916 +02:00 [Information] Executed ViewResult - view "Index" executed in 1.7768ms.
2023-10-24 16:45:33.916 +02:00 [Information] Executed action "Forum.Controllers.HomeController.Index (Forum)" in 2.306ms
2023-10-24 16:45:33.916 +02:00 [Information] Executed endpoint '"Forum.Controllers.HomeController.Index (Forum)"'
2023-10-24 16:45:33.917 +02:00 [Information] Request finished HTTP/2 GET https://localhost:7205/ - - - 200 - text/html;+charset=utf-8 5.4393ms
2023-10-24 16:45:33.931 +02:00 [Information] Request starting HTTP/2 GET https://localhost:7205/css/style.css?v=bffJ6nzvjxDzeuHtyUGxJ0K_JiTx2o0P-oYjnMUadRg - -
2023-10-24 16:45:33.931 +02:00 [Information] Request starting HTTP/2 GET https://localhost:7205/style.css - -
2023-10-24 16:45:33.931 +02:00 [Information] Request starting HTTP/2 GET https://localhost:7205/_framework/aspnetcore-browser-refresh.js - -
2023-10-24 16:45:33.931 +02:00 [Information] The file "/css/style.css" was not modified
2023-10-24 16:45:33.931 +02:00 [Information] Request finished HTTP/2 GET https://localhost:7205/css/style.css?v=bffJ6nzvjxDzeuHtyUGxJ0K_JiTx2o0P-oYjnMUadRg - - - 304 - text/css 0.4066ms
2023-10-24 16:45:33.931 +02:00 [Information] Request finished HTTP/2 GET https://localhost:7205/_framework/aspnetcore-browser-refresh.js - - - 200 12342 application/javascript;+charset=utf-8 0.1438ms
2023-10-24 16:45:33.933 +02:00 [Information] Request finished HTTP/2 GET https://localhost:7205/style.css - - - 404 0 - 1.5907ms
2023-10-24 16:45:33.935 +02:00 [Information] Request starting HTTP/2 GET https://localhost:7205/_vs/browserLink - -
2023-10-24 16:45:33.937 +02:00 [Information] Request finished HTTP/2 GET https://localhost:7205/_vs/browserLink - - - 200 - text/javascript;+charset=UTF-8 1.6161ms
2023-10-24 16:45:40.102 +02:00 [Information] Request starting HTTP/2 GET https://localhost:7205/_framework/clear-browser-cache - -
2023-10-24 16:45:40.102 +02:00 [Information] Request finished HTTP/2 GET https://localhost:7205/_framework/clear-browser-cache - - - 200 0 - 0.1240ms
2023-10-24 16:45:40.341 +02:00 [Information] Request starting HTTP/2 GET https://localhost:7205/ - -
2023-10-24 16:45:40.343 +02:00 [Information] Executing endpoint '"Forum.Controllers.HomeController.Index (Forum)"'
2023-10-24 16:45:40.343 +02:00 [Information] Route matched with "{action = \"Index\", controller = \"Home\", page = \"\", area = \"\"}". Executing controller action with signature "System.Threading.Tasks.Task`1[Microsoft.AspNetCore.Mvc.IActionResult] Index()" on controller "Forum.Controllers.HomeController" ("Forum").
2023-10-24 16:45:40.343 +02:00 [Information] Executing ViewResult, running view "Index".
2023-10-24 16:45:40.346 +02:00 [Information] Executed ViewResult - view "Index" executed in 2.2745ms.
2023-10-24 16:45:40.346 +02:00 [Information] Executed action "Forum.Controllers.HomeController.Index (Forum)" in 2.7686ms
2023-10-24 16:45:40.346 +02:00 [Information] Executed endpoint '"Forum.Controllers.HomeController.Index (Forum)"'
2023-10-24 16:45:40.347 +02:00 [Information] Request finished HTTP/2 GET https://localhost:7205/ - - - 200 - text/html;+charset=utf-8 5.6857ms
2023-10-24 16:45:40.364 +02:00 [Information] Request starting HTTP/2 GET https://localhost:7205/lib/bootstrap/css/crtstyle.css - -
2023-10-24 16:45:40.365 +02:00 [Information] Request starting HTTP/2 GET https://localhost:7205/lib/jquery/jquery.js - -
2023-10-24 16:45:40.365 +02:00 [Information] Request starting HTTP/2 GET https://localhost:7205/lib/bootstrap/js/bootstrap.js - -
2023-10-24 16:45:40.365 +02:00 [Information] Sending file. Request path: '"/lib/bootstrap/css/crtstyle.css"'. Physical path: '"C:\Users\abdik\Source\Repos\Forum\MyShop\wwwroot\lib\bootstrap\css\crtStyle.css"'
2023-10-24 16:45:40.365 +02:00 [Information] Request finished HTTP/2 GET https://localhost:7205/lib/bootstrap/css/crtstyle.css - - - 200 1786 text/css 0.8047ms
2023-10-24 16:45:40.365 +02:00 [Information] Request starting HTTP/2 GET https://localhost:7205/css/style.css?v=l5Iz_l9ngncCa7RBHFoGIqzK6IOAKT_ANwuQAZFFdAE - -
2023-10-24 16:45:40.365 +02:00 [Information] Request starting HTTP/2 GET https://localhost:7205/style.css - -
2023-10-24 16:45:40.366 +02:00 [Information] Sending file. Request path: '"/css/style.css"'. Physical path: '"C:\Users\abdik\Source\Repos\Forum\MyShop\wwwroot\css\style.css"'
2023-10-24 16:45:40.366 +02:00 [Information] Request finished HTTP/2 GET https://localhost:7205/css/style.css?v=l5Iz_l9ngncCa7RBHFoGIqzK6IOAKT_ANwuQAZFFdAE - - - 200 3535 text/css 0.6095ms
2023-10-24 16:45:40.366 +02:00 [Information] Sending file. Request path: '"/lib/bootstrap/js/bootstrap.js"'. Physical path: '"C:\Users\abdik\Source\Repos\Forum\MyShop\wwwroot\lib\bootstrap\js\bootstrap.js"'
2023-10-24 16:45:40.366 +02:00 [Information] Request finished HTTP/2 GET https://localhost:7205/lib/bootstrap/js/bootstrap.js - - - 200 153194 application/javascript 1.2973ms
2023-10-24 16:45:40.367 +02:00 [Information] Sending file. Request path: '"/lib/jquery/jquery.js"'. Physical path: '"C:\Users\abdik\Source\Repos\Forum\MyShop\wwwroot\lib\jquery\jquery.js"'
2023-10-24 16:45:40.367 +02:00 [Information] Request finished HTTP/2 GET https://localhost:7205/lib/jquery/jquery.js - - - 200 296030 application/javascript 2.8390ms
2023-10-24 16:45:40.367 +02:00 [Information] Request finished HTTP/2 GET https://localhost:7205/style.css - - - 404 0 - 2.2265ms
2023-10-24 16:45:40.369 +02:00 [Information] Request starting HTTP/2 GET https://localhost:7205/images/formula1.jpg - -
2023-10-24 16:45:40.369 +02:00 [Information] Request starting HTTP/2 GET https://localhost:7205/images/fotball.jpg - -
2023-10-24 16:45:40.375 +02:00 [Information] Sending file. Request path: '"/images/formula1.jpg"'. Physical path: '"C:\Users\abdik\Source\Repos\Forum\MyShop\wwwroot\images\formula1.jpg"'
2023-10-24 16:45:40.375 +02:00 [Information] Request finished HTTP/2 GET https://localhost:7205/images/formula1.jpg - - - 200 1574551 image/jpeg 6.6895ms
2023-10-24 16:45:40.376 +02:00 [Information] Sending file. Request path: '"/images/fotball.jpg"'. Physical path: '"C:\Users\abdik\Source\Repos\Forum\MyShop\wwwroot\images\fotball.jpg"'
2023-10-24 16:45:40.376 +02:00 [Information] Request finished HTTP/2 GET https://localhost:7205/images/fotball.jpg - - - 200 1588856 image/jpeg 6.6069ms
2023-10-24 16:45:40.383 +02:00 [Information] Request starting HTTP/2 GET https://localhost:7205/images/vacation.jpg - -
2023-10-24 16:45:40.383 +02:00 [Information] Request starting HTTP/2 GET https://localhost:7205/images/mosque.jpg - -
2023-10-24 16:45:40.383 +02:00 [Information] Request starting HTTP/2 GET https://localhost:7205/images/cyberS.jpg - -
2023-10-24 16:45:40.383 +02:00 [Information] Request starting HTTP/2 GET https://localhost:7205/_framework/aspnetcore-browser-refresh.js - -
2023-10-24 16:45:40.383 +02:00 [Information] Request finished HTTP/2 GET https://localhost:7205/_framework/aspnetcore-browser-refresh.js - - - 200 12342 application/javascript;+charset=utf-8 0.1392ms
2023-10-24 16:45:40.383 +02:00 [Information] Request starting HTTP/2 GET https://localhost:7205/images/skiEquipments.jpg - -
2023-10-24 16:45:40.383 +02:00 [Information] Request starting HTTP/2 GET https://localhost:7205/_vs/browserLink - -
2023-10-24 16:45:40.387 +02:00 [Information] Sending file. Request path: '"/images/vacation.jpg"'. Physical path: '"C:\Users\abdik\Source\Repos\Forum\MyShop\wwwroot\images\vacation.jpg"'
2023-10-24 16:45:40.388 +02:00 [Information] Request finished HTTP/2 GET https://localhost:7205/images/vacation.jpg - - - 200 617541 image/jpeg 4.8438ms
2023-10-24 16:45:40.389 +02:00 [Information] Request finished HTTP/2 GET https://localhost:7205/_vs/browserLink - - - 200 - text/javascript;+charset=UTF-8 5.6369ms
2023-10-24 16:45:40.395 +02:00 [Information] Sending file. Request path: '"/images/cyberS.jpg"'. Physical path: '"C:\Users\abdik\Source\Repos\Forum\MyShop\wwwroot\images\cyberS.jpg"'
2023-10-24 16:45:40.396 +02:00 [Information] Request finished HTTP/2 GET https://localhost:7205/images/cyberS.jpg - - - 200 1891447 image/jpeg 13.1633ms
2023-10-24 16:45:40.397 +02:00 [Information] Sending file. Request path: '"/images/skiEquipments.jpg"'. Physical path: '"C:\Users\abdik\Source\Repos\Forum\MyShop\wwwroot\images\skiEquipments.jpg"'
2023-10-24 16:45:40.397 +02:00 [Information] Request finished HTTP/2 GET https://localhost:7205/images/skiEquipments.jpg - - - 200 2293710 image/jpeg 14.0003ms
2023-10-24 16:45:40.400 +02:00 [Information] Sending file. Request path: '"/images/mosque.jpg"'. Physical path: '"C:\Users\abdik\Source\Repos\Forum\MyShop\wwwroot\images\mosque.jpg"'
2023-10-24 16:45:40.400 +02:00 [Information] Request finished HTTP/2 GET https://localhost:7205/images/mosque.jpg - - - 200 3633928 image/jpeg 16.8190ms
