2023-10-23 11:55:52.294 +02:00 [Information] User profile is available. Using '"C:\Users\Johan\AppData\Local\ASP.NET\DataProtection-Keys"' as key repository and Windows DPAPI to encrypt keys at rest.
2023-10-23 11:55:53.000 +02:00 [Information] Now listening on: "https://localhost:7205"
2023-10-23 11:55:53.001 +02:00 [Information] Now listening on: "http://localhost:5112"
2023-10-23 11:55:53.006 +02:00 [Information] Application started. Press Ctrl+C to shut down.
2023-10-23 11:55:53.007 +02:00 [Information] Hosting environment: "Development"
2023-10-23 11:55:53.008 +02:00 [Information] Content root path: "C:\Users\Johan\Source\Repos\N4h0\Forum\MyShop\"
2023-10-23 11:55:54.410 +02:00 [Information] Request starting HTTP/2 GET https://localhost:7205/ - -
2023-10-23 11:55:54.465 +02:00 [Information] Executing endpoint '"Forum.Controllers.HomeController.Index (Forum)"'
2023-10-23 11:55:54.473 +02:00 [Information] Route matched with "{action = \"Index\", controller = \"Home\", page = \"\", area = \"\"}". Executing controller action with signature "Microsoft.AspNetCore.Mvc.IActionResult Index()" on controller "Forum.Controllers.HomeController" ("Forum").
2023-10-23 11:55:54.479 +02:00 [Information] Executing ViewResult, running view "Index".
2023-10-23 11:55:54.594 +02:00 [Information] Executed ViewResult - view "Index" executed in 114.7255ms.
2023-10-23 11:55:54.597 +02:00 [Information] Executed action "Forum.Controllers.HomeController.Index (Forum)" in 123.8231ms
2023-10-23 11:55:54.598 +02:00 [Information] Executed endpoint '"Forum.Controllers.HomeController.Index (Forum)"'
2023-10-23 11:55:54.618 +02:00 [Information] Request starting HTTP/2 GET https://localhost:7205/_framework/aspnetcore-browser-refresh.js - -
2023-10-23 11:55:54.621 +02:00 [Information] Request finished HTTP/2 GET https://localhost:7205/ - - - 200 - text/html;+charset=utf-8 212.8621ms
2023-10-23 11:55:54.621 +02:00 [Information] Request finished HTTP/2 GET https://localhost:7205/_framework/aspnetcore-browser-refresh.js - - - 200 12342 application/javascript;+charset=utf-8 2.5608ms
2023-10-23 11:55:54.661 +02:00 [Information] Request starting HTTP/2 GET https://localhost:7205/_vs/browserLink - -
2023-10-23 11:55:54.670 +02:00 [Information] Request finished HTTP/2 GET https://localhost:7205/_vs/browserLink - - - 200 - text/javascript;+charset=UTF-8 9.4307ms
2023-10-23 11:55:57.604 +02:00 [Information] Request starting HTTP/2 GET https://localhost:7205/Topic/TopicTable - -
2023-10-23 11:55:57.610 +02:00 [Information] Executing endpoint '"Forum.Controllers.TopicController.TopicTable (Forum)"'
2023-10-23 11:55:57.611 +02:00 [Information] Route matched with "{action = \"TopicTable\", controller = \"Topic\", page = \"\", area = \"\"}". Executing controller action with signature "System.Threading.Tasks.Task`1[Microsoft.AspNetCore.Mvc.IActionResult] TopicTable()" on controller "Forum.Controllers.TopicController" ("Forum").
2023-10-23 11:55:57.637 +02:00 [Information] Executing ViewResult, running view "TopicTable".
2023-10-23 11:55:57.648 +02:00 [Information] Executed ViewResult - view "TopicTable" executed in 11.1461ms.
2023-10-23 11:55:57.648 +02:00 [Information] Executed action "Forum.Controllers.TopicController.TopicTable (Forum)" in 36.8642ms
2023-10-23 11:55:57.648 +02:00 [Information] Executed endpoint '"Forum.Controllers.TopicController.TopicTable (Forum)"'
2023-10-23 11:55:57.649 +02:00 [Information] Request finished HTTP/2 GET https://localhost:7205/Topic/TopicTable - - - 200 - text/html;+charset=utf-8 44.9370ms
2023-10-23 11:55:57.657 +02:00 [Information] Request starting HTTP/2 GET https://localhost:7205/_framework/aspnetcore-browser-refresh.js - -
2023-10-23 11:55:57.657 +02:00 [Information] Request starting HTTP/2 GET https://localhost:7205/_vs/browserLink - -
2023-10-23 11:55:57.657 +02:00 [Information] Request finished HTTP/2 GET https://localhost:7205/_framework/aspnetcore-browser-refresh.js - - - 200 12342 application/javascript;+charset=utf-8 0.4015ms
2023-10-23 11:55:57.662 +02:00 [Information] Request finished HTTP/2 GET https://localhost:7205/_vs/browserLink - - - 200 - text/javascript;+charset=UTF-8 5.6956ms
2023-10-23 11:55:58.510 +02:00 [Information] Request starting HTTP/2 GET https://localhost:7205/Topic/TopicDetails/2 - -
2023-10-23 11:55:58.518 +02:00 [Information] Executing endpoint '"Forum.Controllers.TopicController.TopicDetails (Forum)"'
2023-10-23 11:55:58.525 +02:00 [Information] Route matched with "{action = \"TopicDetails\", controller = \"Topic\", page = \"\", area = \"\"}". Executing controller action with signature "System.Threading.Tasks.Task`1[Microsoft.AspNetCore.Mvc.IActionResult] TopicDetails(Int32)" on controller "Forum.Controllers.TopicController" ("Forum").
2023-10-23 11:55:58.542 +02:00 [Information] Executing ViewResult, running view "TopicDetails".
2023-10-23 11:55:58.607 +02:00 [Information] Executed ViewResult - view "TopicDetails" executed in 64.5562ms.
2023-10-23 11:55:58.607 +02:00 [Information] Executed action "Forum.Controllers.TopicController.TopicDetails (Forum)" in 82.1074ms
2023-10-23 11:55:58.607 +02:00 [Information] Executed endpoint '"Forum.Controllers.TopicController.TopicDetails (Forum)"'
2023-10-23 11:55:58.608 +02:00 [Information] Request finished HTTP/2 GET https://localhost:7205/Topic/TopicDetails/2 - - - 200 - text/html;+charset=utf-8 98.0207ms
2023-10-23 11:55:58.614 +02:00 [Information] Request starting HTTP/2 GET https://localhost:7205/_framework/aspnetcore-browser-refresh.js - -
2023-10-23 11:55:58.614 +02:00 [Information] Request starting HTTP/2 GET https://localhost:7205/_vs/browserLink - -
2023-10-23 11:55:58.614 +02:00 [Information] Request finished HTTP/2 GET https://localhost:7205/_framework/aspnetcore-browser-refresh.js - - - 200 12342 application/javascript;+charset=utf-8 0.3026ms
2023-10-23 11:55:58.618 +02:00 [Information] Request finished HTTP/2 GET https://localhost:7205/_vs/browserLink - - - 200 - text/javascript;+charset=UTF-8 4.4403ms
2023-10-23 11:55:59.884 +02:00 [Information] Request starting HTTP/2 GET https://localhost:7205/Post/CreatePost?topicId=2 - -
2023-10-23 11:55:59.890 +02:00 [Information] Executing endpoint '"Forum.Controllers.PostController.CreatePost (Forum)"'
2023-10-23 11:55:59.891 +02:00 [Information] Route matched with "{action = \"CreatePost\", controller = \"Post\", page = \"\", area = \"\"}". Executing controller action with signature "Microsoft.AspNetCore.Mvc.IActionResult CreatePost(Int32)" on controller "Forum.Controllers.PostController" ("Forum").
2023-10-23 11:55:59.894 +02:00 [Information] Executing ViewResult, running view "CreatePost".
2023-10-23 11:55:59.919 +02:00 [Information] Executed ViewResult - view "CreatePost" executed in 25.4683ms.
2023-10-23 11:55:59.919 +02:00 [Information] Executed action "Forum.Controllers.PostController.CreatePost (Forum)" in 28.8515ms
2023-10-23 11:55:59.919 +02:00 [Information] Executed endpoint '"Forum.Controllers.PostController.CreatePost (Forum)"'
2023-10-23 11:55:59.921 +02:00 [Information] Request finished HTTP/2 GET https://localhost:7205/Post/CreatePost?topicId=2 - - - 200 - text/html;+charset=utf-8 37.4124ms
2023-10-23 11:55:59.932 +02:00 [Information] Request starting HTTP/2 GET https://localhost:7205/_vs/browserLink - -
2023-10-23 11:55:59.932 +02:00 [Information] Request starting HTTP/2 GET https://localhost:7205/_framework/aspnetcore-browser-refresh.js - -
2023-10-23 11:55:59.932 +02:00 [Information] Request finished HTTP/2 GET https://localhost:7205/_framework/aspnetcore-browser-refresh.js - - - 200 12342 application/javascript;+charset=utf-8 0.4219ms
2023-10-23 11:55:59.934 +02:00 [Information] Request finished HTTP/2 GET https://localhost:7205/_vs/browserLink - - - 200 - text/javascript;+charset=UTF-8 2.4851ms
2023-10-23 11:56:04.347 +02:00 [Information] Request starting HTTP/2 POST https://localhost:7205/Post/Createpost?topicId=2 application/x-www-form-urlencoded 381
2023-10-23 11:56:04.351 +02:00 [Information] Executing endpoint '"Forum.Controllers.PostController.CreatePost (Forum)"'
2023-10-23 11:56:04.356 +02:00 [Information] Route matched with "{action = \"CreatePost\", controller = \"Post\", page = \"\", area = \"\"}". Executing controller action with signature "System.Threading.Tasks.Task`1[Microsoft.AspNetCore.Mvc.IActionResult] CreatePost(Forum.ViewModels.PostCommentViewModel)" on controller "Forum.Controllers.PostController" ("Forum").
2023-10-23 11:56:04.478 +02:00 [Error] Failed executing DbCommand ("2"ms) [Parameters=["@p0='?' (DbType = Int32), @p1='?' (DbType = DateTime), @p2='?' (Size = 12), @p3='?' (DbType = Int32), @p4='?' (Size = 36)"], CommandType='Text', CommandTimeout='30']"
""INSERT INTO \"Posts\" (\"PostId\", \"PostTime\", \"PostTitle\", \"TopicId\", \"UserId\")
VALUES (@p0, @p1, @p2, @p3, @p4);"
2023-10-23 11:56:04.507 +02:00 [Error] An exception occurred in the database while saving changes for context type '"Forum.Models.CategoryDbContext"'."
""Microsoft.EntityFrameworkCore.DbUpdateException: An error occurred while saving the entity changes. See the inner exception for details.
 ---> Microsoft.Data.Sqlite.SqliteException (0x80004005): SQLite Error 19: 'UNIQUE constraint failed: Posts.PostId'.
   at Microsoft.Data.Sqlite.SqliteException.ThrowExceptionForRC(Int32 rc, sqlite3 db)
   at Microsoft.Data.Sqlite.SqliteDataReader.NextResult()
   at Microsoft.Data.Sqlite.SqliteCommand.ExecuteReader(CommandBehavior behavior)
   at Microsoft.Data.Sqlite.SqliteCommand.ExecuteReaderAsync(CommandBehavior behavior, CancellationToken cancellationToken)
   at Microsoft.Data.Sqlite.SqliteCommand.ExecuteDbDataReaderAsync(CommandBehavior behavior, CancellationToken cancellationToken)
   at Microsoft.EntityFrameworkCore.Storage.RelationalCommand.ExecuteReaderAsync(RelationalCommandParameterObject parameterObject, CancellationToken cancellationToken)
   at Microsoft.EntityFrameworkCore.Storage.RelationalCommand.ExecuteReaderAsync(RelationalCommandParameterObject parameterObject, CancellationToken cancellationToken)
   at Microsoft.EntityFrameworkCore.Update.ReaderModificationCommandBatch.ExecuteAsync(IRelationalConnection connection, CancellationToken cancellationToken)
   --- End of inner exception stack trace ---
   at Microsoft.EntityFrameworkCore.Update.ReaderModificationCommandBatch.ExecuteAsync(IRelationalConnection connection, CancellationToken cancellationToken)
   at Microsoft.EntityFrameworkCore.Update.Internal.BatchExecutor.ExecuteAsync(IEnumerable`1 commandBatches, IRelationalConnection connection, CancellationToken cancellationToken)
   at Microsoft.EntityFrameworkCore.Update.Internal.BatchExecutor.ExecuteAsync(IEnumerable`1 commandBatches, IRelationalConnection connection, CancellationToken cancellationToken)
   at Microsoft.EntityFrameworkCore.Update.Internal.BatchExecutor.ExecuteAsync(IEnumerable`1 commandBatches, IRelationalConnection connection, CancellationToken cancellationToken)
   at Microsoft.EntityFrameworkCore.ChangeTracking.Internal.StateManager.SaveChangesAsync(IList`1 entriesToSave, CancellationToken cancellationToken)
   at Microsoft.EntityFrameworkCore.ChangeTracking.Internal.StateManager.SaveChangesAsync(StateManager stateManager, Boolean acceptAllChangesOnSuccess, CancellationToken cancellationToken)
   at Microsoft.EntityFrameworkCore.DbContext.SaveChangesAsync(Boolean acceptAllChangesOnSuccess, CancellationToken cancellationToken)"
Microsoft.EntityFrameworkCore.DbUpdateException: An error occurred while saving the entity changes. See the inner exception for details.
 ---> Microsoft.Data.Sqlite.SqliteException (0x80004005): SQLite Error 19: 'UNIQUE constraint failed: Posts.PostId'.
   at Microsoft.Data.Sqlite.SqliteException.ThrowExceptionForRC(Int32 rc, sqlite3 db)
   at Microsoft.Data.Sqlite.SqliteDataReader.NextResult()
   at Microsoft.Data.Sqlite.SqliteCommand.ExecuteReader(CommandBehavior behavior)
   at Microsoft.Data.Sqlite.SqliteCommand.ExecuteReaderAsync(CommandBehavior behavior, CancellationToken cancellationToken)
   at Microsoft.Data.Sqlite.SqliteCommand.ExecuteDbDataReaderAsync(CommandBehavior behavior, CancellationToken cancellationToken)
   at Microsoft.EntityFrameworkCore.Storage.RelationalCommand.ExecuteReaderAsync(RelationalCommandParameterObject parameterObject, CancellationToken cancellationToken)
   at Microsoft.EntityFrameworkCore.Storage.RelationalCommand.ExecuteReaderAsync(RelationalCommandParameterObject parameterObject, CancellationToken cancellationToken)
   at Microsoft.EntityFrameworkCore.Update.ReaderModificationCommandBatch.ExecuteAsync(IRelationalConnection connection, CancellationToken cancellationToken)
   --- End of inner exception stack trace ---
   at Microsoft.EntityFrameworkCore.Update.ReaderModificationCommandBatch.ExecuteAsync(IRelationalConnection connection, CancellationToken cancellationToken)
   at Microsoft.EntityFrameworkCore.Update.Internal.BatchExecutor.ExecuteAsync(IEnumerable`1 commandBatches, IRelationalConnection connection, CancellationToken cancellationToken)
   at Microsoft.EntityFrameworkCore.Update.Internal.BatchExecutor.ExecuteAsync(IEnumerable`1 commandBatches, IRelationalConnection connection, CancellationToken cancellationToken)
   at Microsoft.EntityFrameworkCore.Update.Internal.BatchExecutor.ExecuteAsync(IEnumerable`1 commandBatches, IRelationalConnection connection, CancellationToken cancellationToken)
   at Microsoft.EntityFrameworkCore.ChangeTracking.Internal.StateManager.SaveChangesAsync(IList`1 entriesToSave, CancellationToken cancellationToken)
   at Microsoft.EntityFrameworkCore.ChangeTracking.Internal.StateManager.SaveChangesAsync(StateManager stateManager, Boolean acceptAllChangesOnSuccess, CancellationToken cancellationToken)
   at Microsoft.EntityFrameworkCore.DbContext.SaveChangesAsync(Boolean acceptAllChangesOnSuccess, CancellationToken cancellationToken)
2023-10-23 11:56:04.537 +02:00 [Error] [PoatRepository] post creation failed for post Post { PostId: 32, TopicId: 2, UserId: "8e536d43-e73a-456c-8311-4c8be16044bc", PostTitle: "000000000000", PostTime: 01/01/0001 00:00:00, Topic: null, Comments: null }, error message: "An error occurred while saving the entity changes. See the inner exception for details."
2023-10-23 11:56:04.558 +02:00 [Error] Failed executing DbCommand ("0"ms) [Parameters=["@p0='?' (DbType = Int32), @p1='?' (DbType = DateTime), @p2='?' (Size = 12), @p3='?' (DbType = Int32), @p4='?' (Size = 36)"], CommandType='Text', CommandTimeout='30']"
""INSERT INTO \"Posts\" (\"PostId\", \"PostTime\", \"PostTitle\", \"TopicId\", \"UserId\")
VALUES (@p0, @p1, @p2, @p3, @p4);"
2023-10-23 11:56:04.571 +02:00 [Error] An exception occurred in the database while saving changes for context type '"Forum.Models.CategoryDbContext"'."
""Microsoft.EntityFrameworkCore.DbUpdateException: An error occurred while saving the entity changes. See the inner exception for details.
 ---> Microsoft.Data.Sqlite.SqliteException (0x80004005): SQLite Error 19: 'UNIQUE constraint failed: Posts.PostId'.
   at Microsoft.Data.Sqlite.SqliteException.ThrowExceptionForRC(Int32 rc, sqlite3 db)
   at Microsoft.Data.Sqlite.SqliteDataReader.NextResult()
   at Microsoft.Data.Sqlite.SqliteCommand.ExecuteReader(CommandBehavior behavior)
   at Microsoft.Data.Sqlite.SqliteCommand.ExecuteReaderAsync(CommandBehavior behavior, CancellationToken cancellationToken)
   at Microsoft.Data.Sqlite.SqliteCommand.ExecuteDbDataReaderAsync(CommandBehavior behavior, CancellationToken cancellationToken)
   at Microsoft.EntityFrameworkCore.Storage.RelationalCommand.ExecuteReaderAsync(RelationalCommandParameterObject parameterObject, CancellationToken cancellationToken)
   at Microsoft.EntityFrameworkCore.Storage.RelationalCommand.ExecuteReaderAsync(RelationalCommandParameterObject parameterObject, CancellationToken cancellationToken)
   at Microsoft.EntityFrameworkCore.Update.ReaderModificationCommandBatch.ExecuteAsync(IRelationalConnection connection, CancellationToken cancellationToken)
   --- End of inner exception stack trace ---
   at Microsoft.EntityFrameworkCore.Update.ReaderModificationCommandBatch.ExecuteAsync(IRelationalConnection connection, CancellationToken cancellationToken)
   at Microsoft.EntityFrameworkCore.Update.Internal.BatchExecutor.ExecuteAsync(IEnumerable`1 commandBatches, IRelationalConnection connection, CancellationToken cancellationToken)
   at Microsoft.EntityFrameworkCore.Update.Internal.BatchExecutor.ExecuteAsync(IEnumerable`1 commandBatches, IRelationalConnection connection, CancellationToken cancellationToken)
   at Microsoft.EntityFrameworkCore.Update.Internal.BatchExecutor.ExecuteAsync(IEnumerable`1 commandBatches, IRelationalConnection connection, CancellationToken cancellationToken)
   at Microsoft.EntityFrameworkCore.ChangeTracking.Internal.StateManager.SaveChangesAsync(IList`1 entriesToSave, CancellationToken cancellationToken)
   at Microsoft.EntityFrameworkCore.ChangeTracking.Internal.StateManager.SaveChangesAsync(StateManager stateManager, Boolean acceptAllChangesOnSuccess, CancellationToken cancellationToken)
   at Microsoft.EntityFrameworkCore.DbContext.SaveChangesAsync(Boolean acceptAllChangesOnSuccess, CancellationToken cancellationToken)"
Microsoft.EntityFrameworkCore.DbUpdateException: An error occurred while saving the entity changes. See the inner exception for details.
 ---> Microsoft.Data.Sqlite.SqliteException (0x80004005): SQLite Error 19: 'UNIQUE constraint failed: Posts.PostId'.
   at Microsoft.Data.Sqlite.SqliteException.ThrowExceptionForRC(Int32 rc, sqlite3 db)
   at Microsoft.Data.Sqlite.SqliteDataReader.NextResult()
   at Microsoft.Data.Sqlite.SqliteCommand.ExecuteReader(CommandBehavior behavior)
   at Microsoft.Data.Sqlite.SqliteCommand.ExecuteReaderAsync(CommandBehavior behavior, CancellationToken cancellationToken)
   at Microsoft.Data.Sqlite.SqliteCommand.ExecuteDbDataReaderAsync(CommandBehavior behavior, CancellationToken cancellationToken)
   at Microsoft.EntityFrameworkCore.Storage.RelationalCommand.ExecuteReaderAsync(RelationalCommandParameterObject parameterObject, CancellationToken cancellationToken)
   at Microsoft.EntityFrameworkCore.Storage.RelationalCommand.ExecuteReaderAsync(RelationalCommandParameterObject parameterObject, CancellationToken cancellationToken)
   at Microsoft.EntityFrameworkCore.Update.ReaderModificationCommandBatch.ExecuteAsync(IRelationalConnection connection, CancellationToken cancellationToken)
   --- End of inner exception stack trace ---
   at Microsoft.EntityFrameworkCore.Update.ReaderModificationCommandBatch.ExecuteAsync(IRelationalConnection connection, CancellationToken cancellationToken)
   at Microsoft.EntityFrameworkCore.Update.Internal.BatchExecutor.ExecuteAsync(IEnumerable`1 commandBatches, IRelationalConnection connection, CancellationToken cancellationToken)
   at Microsoft.EntityFrameworkCore.Update.Internal.BatchExecutor.ExecuteAsync(IEnumerable`1 commandBatches, IRelationalConnection connection, CancellationToken cancellationToken)
   at Microsoft.EntityFrameworkCore.Update.Internal.BatchExecutor.ExecuteAsync(IEnumerable`1 commandBatches, IRelationalConnection connection, CancellationToken cancellationToken)
   at Microsoft.EntityFrameworkCore.ChangeTracking.Internal.StateManager.SaveChangesAsync(IList`1 entriesToSave, CancellationToken cancellationToken)
   at Microsoft.EntityFrameworkCore.ChangeTracking.Internal.StateManager.SaveChangesAsync(StateManager stateManager, Boolean acceptAllChangesOnSuccess, CancellationToken cancellationToken)
   at Microsoft.EntityFrameworkCore.DbContext.SaveChangesAsync(Boolean acceptAllChangesOnSuccess, CancellationToken cancellationToken)
2023-10-23 11:56:04.589 +02:00 [Error] [CommentRepository] comment creation failed for CommentID Comment { CommentId: 0, UserId: "8e536d43-e73a-456c-8311-4c8be16044bc", PostId: 32, CommentDescription: "000000000000000000000000000000000000", Post: Post { PostId: 32, TopicId: 2, UserId: "8e536d43-e73a-456c-8311-4c8be16044bc", PostTitle: "000000000000", PostTime: 01/01/0001 00:00:00, Topic: null, Comments: [Comment { CommentId: 0, UserId: "8e536d43-e73a-456c-8311-4c8be16044bc", PostId: 32, CommentDescription: "000000000000000000000000000000000000", Post: Post { PostId: 32, TopicId: 2, UserId: "8e536d43-e73a-456c-8311-4c8be16044bc", PostTitle: "000000000000", PostTime: 01/01/0001 00:00:00, Topic: null, Comments: [Comment { CommentId: 0, UserId: "8e536d43-e73a-456c-8311-4c8be16044bc", PostId: 32, CommentDescription: "000000000000000000000000000000000000", Post: Post { PostId: 32, TopicId: 2, UserId: "8e536d43-e73a-456c-8311-4c8be16044bc", PostTitle: "000000000000", PostTime: 01/01/0001 00:00:00, Topic: null, Comments: [Comment { CommentId: null, UserId: null, PostId: null, CommentDescription: null, Post: null }] } }] } }] } }, error message: "An error occurred while saving the entity changes. See the inner exception for details."
2023-10-23 11:56:04.590 +02:00 [Information] Executing RedirectResult, redirecting to "/Topic/TopicDetails/2".
2023-10-23 11:56:04.590 +02:00 [Information] Executed action "Forum.Controllers.PostController.CreatePost (Forum)" in 233.4866ms
2023-10-23 11:56:04.590 +02:00 [Information] Executed endpoint '"Forum.Controllers.PostController.CreatePost (Forum)"'
2023-10-23 11:56:04.590 +02:00 [Information] Request finished HTTP/2 POST https://localhost:7205/Post/Createpost?topicId=2 application/x-www-form-urlencoded 381 - 302 0 - 242.8691ms
2023-10-23 11:56:04.593 +02:00 [Information] Request starting HTTP/2 GET https://localhost:7205/Topic/TopicDetails/2 - -
2023-10-23 11:56:04.595 +02:00 [Information] Executing endpoint '"Forum.Controllers.TopicController.TopicDetails (Forum)"'
2023-10-23 11:56:04.595 +02:00 [Information] Route matched with "{action = \"TopicDetails\", controller = \"Topic\", page = \"\", area = \"\"}". Executing controller action with signature "System.Threading.Tasks.Task`1[Microsoft.AspNetCore.Mvc.IActionResult] TopicDetails(Int32)" on controller "Forum.Controllers.TopicController" ("Forum").
2023-10-23 11:56:04.598 +02:00 [Information] Executing ViewResult, running view "TopicDetails".
2023-10-23 11:56:04.604 +02:00 [Information] Executed ViewResult - view "TopicDetails" executed in 6.1483ms.
2023-10-23 11:56:04.604 +02:00 [Information] Executed action "Forum.Controllers.TopicController.TopicDetails (Forum)" in 8.9782ms
2023-10-23 11:56:04.604 +02:00 [Information] Executed endpoint '"Forum.Controllers.TopicController.TopicDetails (Forum)"'
2023-10-23 11:56:04.606 +02:00 [Information] Request finished HTTP/2 GET https://localhost:7205/Topic/TopicDetails/2 - - - 200 - text/html;+charset=utf-8 13.3043ms
2023-10-23 11:56:04.617 +02:00 [Information] Request starting HTTP/2 GET https://localhost:7205/_framework/aspnetcore-browser-refresh.js - -
2023-10-23 11:56:04.617 +02:00 [Information] Request starting HTTP/2 GET https://localhost:7205/_vs/browserLink - -
2023-10-23 11:56:04.617 +02:00 [Information] Request finished HTTP/2 GET https://localhost:7205/_framework/aspnetcore-browser-refresh.js - - - 200 12342 application/javascript;+charset=utf-8 0.2315ms
2023-10-23 11:56:04.619 +02:00 [Information] Request finished HTTP/2 GET https://localhost:7205/_vs/browserLink - - - 200 - text/javascript;+charset=UTF-8 2.5353ms
2023-10-23 11:56:05.679 +02:00 [Information] Request starting HTTP/2 GET https://localhost:7205/Post/PostDetails/32 - -
2023-10-23 11:56:05.681 +02:00 [Information] Executing endpoint '"Forum.Controllers.PostController.PostDetails (Forum)"'
2023-10-23 11:56:05.683 +02:00 [Information] Route matched with "{action = \"PostDetails\", controller = \"Post\", page = \"\", area = \"\"}". Executing controller action with signature "System.Threading.Tasks.Task`1[Microsoft.AspNetCore.Mvc.IActionResult] PostDetails(Int32)" on controller "Forum.Controllers.PostController" ("Forum").
2023-10-23 11:56:05.689 +02:00 [Information] Executing ViewResult, running view "PostDetails".
2023-10-23 11:56:05.705 +02:00 [Information] Executed ViewResult - view "PostDetails" executed in 17.1688ms.
2023-10-23 11:56:05.706 +02:00 [Information] Executed action "Forum.Controllers.PostController.PostDetails (Forum)" in 22.3944ms
2023-10-23 11:56:05.706 +02:00 [Information] Executed endpoint '"Forum.Controllers.PostController.PostDetails (Forum)"'
2023-10-23 11:56:05.707 +02:00 [Information] Request finished HTTP/2 GET https://localhost:7205/Post/PostDetails/32 - - - 200 - text/html;+charset=utf-8 27.5588ms
2023-10-23 11:56:05.714 +02:00 [Information] Request starting HTTP/2 GET https://localhost:7205/_framework/aspnetcore-browser-refresh.js - -
2023-10-23 11:56:05.714 +02:00 [Information] Request starting HTTP/2 GET https://localhost:7205/_vs/browserLink - -
2023-10-23 11:56:05.714 +02:00 [Information] Request finished HTTP/2 GET https://localhost:7205/_framework/aspnetcore-browser-refresh.js - - - 200 12342 application/javascript;+charset=utf-8 0.4796ms
2023-10-23 11:56:05.718 +02:00 [Information] Request finished HTTP/2 GET https://localhost:7205/_vs/browserLink - - - 200 - text/javascript;+charset=UTF-8 4.4019ms
2023-10-23 11:56:07.850 +02:00 [Information] Request starting HTTP/2 GET https://localhost:7205/lib/bootstrap/js/bootstrap.js.map - -
2023-10-23 11:56:07.854 +02:00 [Information] The file "/lib/bootstrap/js/bootstrap.js.map" was not modified
2023-10-23 11:56:07.854 +02:00 [Information] Request finished HTTP/2 GET https://localhost:7205/lib/bootstrap/js/bootstrap.js.map - - - 304 - text/plain 4.3618ms
2023-10-23 11:56:09.612 +02:00 [Information] Request starting HTTP/2 GET https://localhost:7205/Post/PostDetails/32 - -
2023-10-23 11:56:09.614 +02:00 [Information] Executing endpoint '"Forum.Controllers.PostController.PostDetails (Forum)"'
2023-10-23 11:56:09.615 +02:00 [Information] Route matched with "{action = \"PostDetails\", controller = \"Post\", page = \"\", area = \"\"}". Executing controller action with signature "System.Threading.Tasks.Task`1[Microsoft.AspNetCore.Mvc.IActionResult] PostDetails(Int32)" on controller "Forum.Controllers.PostController" ("Forum").
2023-10-23 11:56:09.616 +02:00 [Information] Executing ViewResult, running view "PostDetails".
2023-10-23 11:56:09.623 +02:00 [Information] Executed ViewResult - view "PostDetails" executed in 6.0543ms.
2023-10-23 11:56:09.623 +02:00 [Information] Executed action "Forum.Controllers.PostController.PostDetails (Forum)" in 8.1019ms
2023-10-23 11:56:09.623 +02:00 [Information] Executed endpoint '"Forum.Controllers.PostController.PostDetails (Forum)"'
2023-10-23 11:56:09.624 +02:00 [Information] Request finished HTTP/2 GET https://localhost:7205/Post/PostDetails/32 - - - 200 - text/html;+charset=utf-8 11.7317ms
2023-10-23 11:56:09.632 +02:00 [Information] Request starting HTTP/2 GET https://localhost:7205/_vs/browserLink - -
2023-10-23 11:56:09.632 +02:00 [Information] Request starting HTTP/2 GET https://localhost:7205/_framework/aspnetcore-browser-refresh.js - -
2023-10-23 11:56:09.632 +02:00 [Information] Request finished HTTP/2 GET https://localhost:7205/_framework/aspnetcore-browser-refresh.js - - - 200 12342 application/javascript;+charset=utf-8 0.3428ms
2023-10-23 11:56:09.635 +02:00 [Information] Request finished HTTP/2 GET https://localhost:7205/_vs/browserLink - - - 200 - text/javascript;+charset=UTF-8 2.6373ms
2023-10-23 11:56:13.433 +02:00 [Information] Request starting HTTP/2 GET https://localhost:7205/Topic/TopicDetails/2 - -
2023-10-23 11:56:13.435 +02:00 [Information] Executing endpoint '"Forum.Controllers.TopicController.TopicDetails (Forum)"'
2023-10-23 11:56:13.435 +02:00 [Information] Route matched with "{action = \"TopicDetails\", controller = \"Topic\", page = \"\", area = \"\"}". Executing controller action with signature "System.Threading.Tasks.Task`1[Microsoft.AspNetCore.Mvc.IActionResult] TopicDetails(Int32)" on controller "Forum.Controllers.TopicController" ("Forum").
2023-10-23 11:56:13.437 +02:00 [Information] Executing ViewResult, running view "TopicDetails".
2023-10-23 11:56:13.444 +02:00 [Information] Executed ViewResult - view "TopicDetails" executed in 6.7183ms.
2023-10-23 11:56:13.444 +02:00 [Information] Executed action "Forum.Controllers.TopicController.TopicDetails (Forum)" in 8.7945ms
2023-10-23 11:56:13.444 +02:00 [Information] Executed endpoint '"Forum.Controllers.TopicController.TopicDetails (Forum)"'
2023-10-23 11:56:13.446 +02:00 [Information] Request finished HTTP/2 GET https://localhost:7205/Topic/TopicDetails/2 - - - 200 - text/html;+charset=utf-8 12.8241ms
2023-10-23 11:56:13.454 +02:00 [Information] Request starting HTTP/2 GET https://localhost:7205/_framework/aspnetcore-browser-refresh.js - -
2023-10-23 11:56:13.454 +02:00 [Information] Request finished HTTP/2 GET https://localhost:7205/_framework/aspnetcore-browser-refresh.js - - - 200 12342 application/javascript;+charset=utf-8 0.2377ms
2023-10-23 11:56:14.518 +02:00 [Information] Request starting HTTP/2 GET https://localhost:7205/Post/CreatePost?topicId=2 - -
2023-10-23 11:56:14.520 +02:00 [Information] Executing endpoint '"Forum.Controllers.PostController.CreatePost (Forum)"'
2023-10-23 11:56:14.521 +02:00 [Information] Route matched with "{action = \"CreatePost\", controller = \"Post\", page = \"\", area = \"\"}". Executing controller action with signature "Microsoft.AspNetCore.Mvc.IActionResult CreatePost(Int32)" on controller "Forum.Controllers.PostController" ("Forum").
2023-10-23 11:56:14.521 +02:00 [Information] Executing ViewResult, running view "CreatePost".
2023-10-23 11:56:14.525 +02:00 [Information] Executed ViewResult - view "CreatePost" executed in 4.637ms.
2023-10-23 11:56:14.525 +02:00 [Information] Executed action "Forum.Controllers.PostController.CreatePost (Forum)" in 4.8506ms
2023-10-23 11:56:14.525 +02:00 [Information] Executed endpoint '"Forum.Controllers.PostController.CreatePost (Forum)"'
2023-10-23 11:56:14.527 +02:00 [Information] Request finished HTTP/2 GET https://localhost:7205/Post/CreatePost?topicId=2 - - - 200 - text/html;+charset=utf-8 9.1717ms
2023-10-23 11:56:14.537 +02:00 [Information] Request starting HTTP/2 GET https://localhost:7205/_framework/aspnetcore-browser-refresh.js - -
2023-10-23 11:56:14.537 +02:00 [Information] Request starting HTTP/2 GET https://localhost:7205/_vs/browserLink - -
2023-10-23 11:56:14.537 +02:00 [Information] Request finished HTTP/2 GET https://localhost:7205/_framework/aspnetcore-browser-refresh.js - - - 200 12342 application/javascript;+charset=utf-8 0.2715ms
2023-10-23 11:56:14.540 +02:00 [Information] Request finished HTTP/2 GET https://localhost:7205/_vs/browserLink - - - 200 - text/javascript;+charset=UTF-8 2.7874ms
2023-10-23 11:56:20.201 +02:00 [Information] Request starting HTTP/2 POST https://localhost:7205/Post/Createpost?topicId=2 application/x-www-form-urlencoded 385
2023-10-23 11:56:20.204 +02:00 [Information] Executing endpoint '"Forum.Controllers.PostController.CreatePost (Forum)"'
2023-10-23 11:56:20.204 +02:00 [Information] Route matched with "{action = \"CreatePost\", controller = \"Post\", page = \"\", area = \"\"}". Executing controller action with signature "System.Threading.Tasks.Task`1[Microsoft.AspNetCore.Mvc.IActionResult] CreatePost(Forum.ViewModels.PostCommentViewModel)" on controller "Forum.Controllers.PostController" ("Forum").
2023-10-23 11:56:20.213 +02:00 [Error] Failed executing DbCommand ("0"ms) [Parameters=["@p0='?' (DbType = Int32), @p1='?' (DbType = DateTime), @p2='?' (Size = 9), @p3='?' (DbType = Int32), @p4='?' (Size = 36)"], CommandType='Text', CommandTimeout='30']"
""INSERT INTO \"Posts\" (\"PostId\", \"PostTime\", \"PostTitle\", \"TopicId\", \"UserId\")
VALUES (@p0, @p1, @p2, @p3, @p4);"
2023-10-23 11:56:20.219 +02:00 [Error] An exception occurred in the database while saving changes for context type '"Forum.Models.CategoryDbContext"'."
""Microsoft.EntityFrameworkCore.DbUpdateException: An error occurred while saving the entity changes. See the inner exception for details.
 ---> Microsoft.Data.Sqlite.SqliteException (0x80004005): SQLite Error 19: 'UNIQUE constraint failed: Posts.PostId'.
   at Microsoft.Data.Sqlite.SqliteException.ThrowExceptionForRC(Int32 rc, sqlite3 db)
   at Microsoft.Data.Sqlite.SqliteDataReader.NextResult()
   at Microsoft.Data.Sqlite.SqliteCommand.ExecuteReader(CommandBehavior behavior)
   at Microsoft.Data.Sqlite.SqliteCommand.ExecuteReaderAsync(CommandBehavior behavior, CancellationToken cancellationToken)
   at Microsoft.Data.Sqlite.SqliteCommand.ExecuteDbDataReaderAsync(CommandBehavior behavior, CancellationToken cancellationToken)
   at Microsoft.EntityFrameworkCore.Storage.RelationalCommand.ExecuteReaderAsync(RelationalCommandParameterObject parameterObject, CancellationToken cancellationToken)
   at Microsoft.EntityFrameworkCore.Storage.RelationalCommand.ExecuteReaderAsync(RelationalCommandParameterObject parameterObject, CancellationToken cancellationToken)
   at Microsoft.EntityFrameworkCore.Update.ReaderModificationCommandBatch.ExecuteAsync(IRelationalConnection connection, CancellationToken cancellationToken)
   --- End of inner exception stack trace ---
   at Microsoft.EntityFrameworkCore.Update.ReaderModificationCommandBatch.ExecuteAsync(IRelationalConnection connection, CancellationToken cancellationToken)
   at Microsoft.EntityFrameworkCore.Update.Internal.BatchExecutor.ExecuteAsync(IEnumerable`1 commandBatches, IRelationalConnection connection, CancellationToken cancellationToken)
   at Microsoft.EntityFrameworkCore.Update.Internal.BatchExecutor.ExecuteAsync(IEnumerable`1 commandBatches, IRelationalConnection connection, CancellationToken cancellationToken)
   at Microsoft.EntityFrameworkCore.Update.Internal.BatchExecutor.ExecuteAsync(IEnumerable`1 commandBatches, IRelationalConnection connection, CancellationToken cancellationToken)
   at Microsoft.EntityFrameworkCore.ChangeTracking.Internal.StateManager.SaveChangesAsync(IList`1 entriesToSave, CancellationToken cancellationToken)
   at Microsoft.EntityFrameworkCore.ChangeTracking.Internal.StateManager.SaveChangesAsync(StateManager stateManager, Boolean acceptAllChangesOnSuccess, CancellationToken cancellationToken)
   at Microsoft.EntityFrameworkCore.DbContext.SaveChangesAsync(Boolean acceptAllChangesOnSuccess, CancellationToken cancellationToken)"
Microsoft.EntityFrameworkCore.DbUpdateException: An error occurred while saving the entity changes. See the inner exception for details.
 ---> Microsoft.Data.Sqlite.SqliteException (0x80004005): SQLite Error 19: 'UNIQUE constraint failed: Posts.PostId'.
   at Microsoft.Data.Sqlite.SqliteException.ThrowExceptionForRC(Int32 rc, sqlite3 db)
   at Microsoft.Data.Sqlite.SqliteDataReader.NextResult()
   at Microsoft.Data.Sqlite.SqliteCommand.ExecuteReader(CommandBehavior behavior)
   at Microsoft.Data.Sqlite.SqliteCommand.ExecuteReaderAsync(CommandBehavior behavior, CancellationToken cancellationToken)
   at Microsoft.Data.Sqlite.SqliteCommand.ExecuteDbDataReaderAsync(CommandBehavior behavior, CancellationToken cancellationToken)
   at Microsoft.EntityFrameworkCore.Storage.RelationalCommand.ExecuteReaderAsync(RelationalCommandParameterObject parameterObject, CancellationToken cancellationToken)
   at Microsoft.EntityFrameworkCore.Storage.RelationalCommand.ExecuteReaderAsync(RelationalCommandParameterObject parameterObject, CancellationToken cancellationToken)
   at Microsoft.EntityFrameworkCore.Update.ReaderModificationCommandBatch.ExecuteAsync(IRelationalConnection connection, CancellationToken cancellationToken)
   --- End of inner exception stack trace ---
   at Microsoft.EntityFrameworkCore.Update.ReaderModificationCommandBatch.ExecuteAsync(IRelationalConnection connection, CancellationToken cancellationToken)
   at Microsoft.EntityFrameworkCore.Update.Internal.BatchExecutor.ExecuteAsync(IEnumerable`1 commandBatches, IRelationalConnection connection, CancellationToken cancellationToken)
   at Microsoft.EntityFrameworkCore.Update.Internal.BatchExecutor.ExecuteAsync(IEnumerable`1 commandBatches, IRelationalConnection connection, CancellationToken cancellationToken)
   at Microsoft.EntityFrameworkCore.Update.Internal.BatchExecutor.ExecuteAsync(IEnumerable`1 commandBatches, IRelationalConnection connection, CancellationToken cancellationToken)
   at Microsoft.EntityFrameworkCore.ChangeTracking.Internal.StateManager.SaveChangesAsync(IList`1 entriesToSave, CancellationToken cancellationToken)
   at Microsoft.EntityFrameworkCore.ChangeTracking.Internal.StateManager.SaveChangesAsync(StateManager stateManager, Boolean acceptAllChangesOnSuccess, CancellationToken cancellationToken)
   at Microsoft.EntityFrameworkCore.DbContext.SaveChangesAsync(Boolean acceptAllChangesOnSuccess, CancellationToken cancellationToken)
2023-10-23 11:56:20.231 +02:00 [Error] [PoatRepository] post creation failed for post Post { PostId: 33, TopicId: 2, UserId: "8e536d43-e73a-456c-8311-4c8be16044bc", PostTitle: "222222222", PostTime: 01/01/0001 00:00:00, Topic: null, Comments: null }, error message: "An error occurred while saving the entity changes. See the inner exception for details."
2023-10-23 11:56:20.233 +02:00 [Error] Failed executing DbCommand ("0"ms) [Parameters=["@p0='?' (DbType = Int32), @p1='?' (DbType = DateTime), @p2='?' (Size = 9), @p3='?' (DbType = Int32), @p4='?' (Size = 36)"], CommandType='Text', CommandTimeout='30']"
""INSERT INTO \"Posts\" (\"PostId\", \"PostTime\", \"PostTitle\", \"TopicId\", \"UserId\")
VALUES (@p0, @p1, @p2, @p3, @p4);"
2023-10-23 11:56:20.240 +02:00 [Error] An exception occurred in the database while saving changes for context type '"Forum.Models.CategoryDbContext"'."
""Microsoft.EntityFrameworkCore.DbUpdateException: An error occurred while saving the entity changes. See the inner exception for details.
 ---> Microsoft.Data.Sqlite.SqliteException (0x80004005): SQLite Error 19: 'UNIQUE constraint failed: Posts.PostId'.
   at Microsoft.Data.Sqlite.SqliteException.ThrowExceptionForRC(Int32 rc, sqlite3 db)
   at Microsoft.Data.Sqlite.SqliteDataReader.NextResult()
   at Microsoft.Data.Sqlite.SqliteCommand.ExecuteReader(CommandBehavior behavior)
   at Microsoft.Data.Sqlite.SqliteCommand.ExecuteReaderAsync(CommandBehavior behavior, CancellationToken cancellationToken)
   at Microsoft.Data.Sqlite.SqliteCommand.ExecuteDbDataReaderAsync(CommandBehavior behavior, CancellationToken cancellationToken)
   at Microsoft.EntityFrameworkCore.Storage.RelationalCommand.ExecuteReaderAsync(RelationalCommandParameterObject parameterObject, CancellationToken cancellationToken)
   at Microsoft.EntityFrameworkCore.Storage.RelationalCommand.ExecuteReaderAsync(RelationalCommandParameterObject parameterObject, CancellationToken cancellationToken)
   at Microsoft.EntityFrameworkCore.Update.ReaderModificationCommandBatch.ExecuteAsync(IRelationalConnection connection, CancellationToken cancellationToken)
   --- End of inner exception stack trace ---
   at Microsoft.EntityFrameworkCore.Update.ReaderModificationCommandBatch.ExecuteAsync(IRelationalConnection connection, CancellationToken cancellationToken)
   at Microsoft.EntityFrameworkCore.Update.Internal.BatchExecutor.ExecuteAsync(IEnumerable`1 commandBatches, IRelationalConnection connection, CancellationToken cancellationToken)
   at Microsoft.EntityFrameworkCore.Update.Internal.BatchExecutor.ExecuteAsync(IEnumerable`1 commandBatches, IRelationalConnection connection, CancellationToken cancellationToken)
   at Microsoft.EntityFrameworkCore.Update.Internal.BatchExecutor.ExecuteAsync(IEnumerable`1 commandBatches, IRelationalConnection connection, CancellationToken cancellationToken)
   at Microsoft.EntityFrameworkCore.ChangeTracking.Internal.StateManager.SaveChangesAsync(IList`1 entriesToSave, CancellationToken cancellationToken)
   at Microsoft.EntityFrameworkCore.ChangeTracking.Internal.StateManager.SaveChangesAsync(StateManager stateManager, Boolean acceptAllChangesOnSuccess, CancellationToken cancellationToken)
   at Microsoft.EntityFrameworkCore.DbContext.SaveChangesAsync(Boolean acceptAllChangesOnSuccess, CancellationToken cancellationToken)"
Microsoft.EntityFrameworkCore.DbUpdateException: An error occurred while saving the entity changes. See the inner exception for details.
 ---> Microsoft.Data.Sqlite.SqliteException (0x80004005): SQLite Error 19: 'UNIQUE constraint failed: Posts.PostId'.
   at Microsoft.Data.Sqlite.SqliteException.ThrowExceptionForRC(Int32 rc, sqlite3 db)
   at Microsoft.Data.Sqlite.SqliteDataReader.NextResult()
   at Microsoft.Data.Sqlite.SqliteCommand.ExecuteReader(CommandBehavior behavior)
   at Microsoft.Data.Sqlite.SqliteCommand.ExecuteReaderAsync(CommandBehavior behavior, CancellationToken cancellationToken)
   at Microsoft.Data.Sqlite.SqliteCommand.ExecuteDbDataReaderAsync(CommandBehavior behavior, CancellationToken cancellationToken)
   at Microsoft.EntityFrameworkCore.Storage.RelationalCommand.ExecuteReaderAsync(RelationalCommandParameterObject parameterObject, CancellationToken cancellationToken)
   at Microsoft.EntityFrameworkCore.Storage.RelationalCommand.ExecuteReaderAsync(RelationalCommandParameterObject parameterObject, CancellationToken cancellationToken)
   at Microsoft.EntityFrameworkCore.Update.ReaderModificationCommandBatch.ExecuteAsync(IRelationalConnection connection, CancellationToken cancellationToken)
   --- End of inner exception stack trace ---
   at Microsoft.EntityFrameworkCore.Update.ReaderModificationCommandBatch.ExecuteAsync(IRelationalConnection connection, CancellationToken cancellationToken)
   at Microsoft.EntityFrameworkCore.Update.Internal.BatchExecutor.ExecuteAsync(IEnumerable`1 commandBatches, IRelationalConnection connection, CancellationToken cancellationToken)
   at Microsoft.EntityFrameworkCore.Update.Internal.BatchExecutor.ExecuteAsync(IEnumerable`1 commandBatches, IRelationalConnection connection, CancellationToken cancellationToken)
   at Microsoft.EntityFrameworkCore.Update.Internal.BatchExecutor.ExecuteAsync(IEnumerable`1 commandBatches, IRelationalConnection connection, CancellationToken cancellationToken)
   at Microsoft.EntityFrameworkCore.ChangeTracking.Internal.StateManager.SaveChangesAsync(IList`1 entriesToSave, CancellationToken cancellationToken)
   at Microsoft.EntityFrameworkCore.ChangeTracking.Internal.StateManager.SaveChangesAsync(StateManager stateManager, Boolean acceptAllChangesOnSuccess, CancellationToken cancellationToken)
   at Microsoft.EntityFrameworkCore.DbContext.SaveChangesAsync(Boolean acceptAllChangesOnSuccess, CancellationToken cancellationToken)
2023-10-23 11:56:20.251 +02:00 [Error] [CommentRepository] comment creation failed for CommentID Comment { CommentId: 0, UserId: "8e536d43-e73a-456c-8311-4c8be16044bc", PostId: 33, CommentDescription: "2222222222222222222222222222222222222222222", Post: Post { PostId: 33, TopicId: 2, UserId: "8e536d43-e73a-456c-8311-4c8be16044bc", PostTitle: "222222222", PostTime: 01/01/0001 00:00:00, Topic: null, Comments: [Comment { CommentId: 0, UserId: "8e536d43-e73a-456c-8311-4c8be16044bc", PostId: 33, CommentDescription: "2222222222222222222222222222222222222222222", Post: Post { PostId: 33, TopicId: 2, UserId: "8e536d43-e73a-456c-8311-4c8be16044bc", PostTitle: "222222222", PostTime: 01/01/0001 00:00:00, Topic: null, Comments: [Comment { CommentId: 0, UserId: "8e536d43-e73a-456c-8311-4c8be16044bc", PostId: 33, CommentDescription: "2222222222222222222222222222222222222222222", Post: Post { PostId: 33, TopicId: 2, UserId: "8e536d43-e73a-456c-8311-4c8be16044bc", PostTitle: "222222222", PostTime: 01/01/0001 00:00:00, Topic: null, Comments: [Comment { CommentId: null, UserId: null, PostId: null, CommentDescription: null, Post: null }] } }] } }] } }, error message: "An error occurred while saving the entity changes. See the inner exception for details."
2023-10-23 11:56:20.252 +02:00 [Information] Executing RedirectResult, redirecting to "/Topic/TopicDetails/2".
2023-10-23 11:56:20.252 +02:00 [Information] Executed action "Forum.Controllers.PostController.CreatePost (Forum)" in 47.2657ms
2023-10-23 11:56:20.252 +02:00 [Information] Executed endpoint '"Forum.Controllers.PostController.CreatePost (Forum)"'
2023-10-23 11:56:20.252 +02:00 [Information] Request finished HTTP/2 POST https://localhost:7205/Post/Createpost?topicId=2 application/x-www-form-urlencoded 385 - 302 0 - 50.5979ms
2023-10-23 11:56:20.255 +02:00 [Information] Request starting HTTP/2 GET https://localhost:7205/Topic/TopicDetails/2 - -
2023-10-23 11:56:20.257 +02:00 [Information] Executing endpoint '"Forum.Controllers.TopicController.TopicDetails (Forum)"'
2023-10-23 11:56:20.257 +02:00 [Information] Route matched with "{action = \"TopicDetails\", controller = \"Topic\", page = \"\", area = \"\"}". Executing controller action with signature "System.Threading.Tasks.Task`1[Microsoft.AspNetCore.Mvc.IActionResult] TopicDetails(Int32)" on controller "Forum.Controllers.TopicController" ("Forum").
2023-10-23 11:56:20.259 +02:00 [Information] Executing ViewResult, running view "TopicDetails".
2023-10-23 11:56:20.265 +02:00 [Information] Executed ViewResult - view "TopicDetails" executed in 6.023ms.
2023-10-23 11:56:20.265 +02:00 [Information] Executed action "Forum.Controllers.TopicController.TopicDetails (Forum)" in 8.0046ms
2023-10-23 11:56:20.265 +02:00 [Information] Executed endpoint '"Forum.Controllers.TopicController.TopicDetails (Forum)"'
2023-10-23 11:56:20.267 +02:00 [Information] Request finished HTTP/2 GET https://localhost:7205/Topic/TopicDetails/2 - - - 200 - text/html;+charset=utf-8 11.9472ms
2023-10-23 11:56:20.277 +02:00 [Information] Request starting HTTP/2 GET https://localhost:7205/_vs/browserLink - -
2023-10-23 11:56:20.277 +02:00 [Information] Request starting HTTP/2 GET https://localhost:7205/_framework/aspnetcore-browser-refresh.js - -
2023-10-23 11:56:20.278 +02:00 [Information] Request finished HTTP/2 GET https://localhost:7205/_framework/aspnetcore-browser-refresh.js - - - 200 12342 application/javascript;+charset=utf-8 0.3008ms
2023-10-23 11:56:20.280 +02:00 [Information] Request finished HTTP/2 GET https://localhost:7205/_vs/browserLink - - - 200 - text/javascript;+charset=UTF-8 2.5825ms
2023-10-23 11:56:26.467 +02:00 [Information] Request starting HTTP/2 GET https://localhost:7205/Post/PostDetails/33 - -
2023-10-23 11:56:26.469 +02:00 [Information] Executing endpoint '"Forum.Controllers.PostController.PostDetails (Forum)"'
2023-10-23 11:56:26.469 +02:00 [Information] Route matched with "{action = \"PostDetails\", controller = \"Post\", page = \"\", area = \"\"}". Executing controller action with signature "System.Threading.Tasks.Task`1[Microsoft.AspNetCore.Mvc.IActionResult] PostDetails(Int32)" on controller "Forum.Controllers.PostController" ("Forum").
2023-10-23 11:56:26.471 +02:00 [Information] Executing ViewResult, running view "PostDetails".
2023-10-23 11:56:26.477 +02:00 [Information] Executed ViewResult - view "PostDetails" executed in 5.7434ms.
2023-10-23 11:56:26.477 +02:00 [Information] Executed action "Forum.Controllers.PostController.PostDetails (Forum)" in 7.7527ms
2023-10-23 11:56:26.477 +02:00 [Information] Executed endpoint '"Forum.Controllers.PostController.PostDetails (Forum)"'
2023-10-23 11:56:26.478 +02:00 [Information] Request finished HTTP/2 GET https://localhost:7205/Post/PostDetails/33 - - - 200 - text/html;+charset=utf-8 11.3234ms
2023-10-23 11:56:26.489 +02:00 [Information] Request starting HTTP/2 GET https://localhost:7205/_vs/browserLink - -
2023-10-23 11:56:26.489 +02:00 [Information] Request starting HTTP/2 GET https://localhost:7205/_framework/aspnetcore-browser-refresh.js - -
2023-10-23 11:56:26.489 +02:00 [Information] Request finished HTTP/2 GET https://localhost:7205/_framework/aspnetcore-browser-refresh.js - - - 200 12342 application/javascript;+charset=utf-8 0.3670ms
2023-10-23 11:56:26.492 +02:00 [Information] Request finished HTTP/2 GET https://localhost:7205/_vs/browserLink - - - 200 - text/javascript;+charset=UTF-8 2.8303ms
2023-10-23 11:56:29.200 +02:00 [Information] Request starting HTTP/2 GET https://localhost:7205/Topic/TopicDetails/2 - -
2023-10-23 11:56:29.202 +02:00 [Information] Executing endpoint '"Forum.Controllers.TopicController.TopicDetails (Forum)"'
2023-10-23 11:56:29.202 +02:00 [Information] Route matched with "{action = \"TopicDetails\", controller = \"Topic\", page = \"\", area = \"\"}". Executing controller action with signature "System.Threading.Tasks.Task`1[Microsoft.AspNetCore.Mvc.IActionResult] TopicDetails(Int32)" on controller "Forum.Controllers.TopicController" ("Forum").
2023-10-23 11:56:29.204 +02:00 [Information] Executing ViewResult, running view "TopicDetails".
2023-10-23 11:56:29.210 +02:00 [Information] Executed ViewResult - view "TopicDetails" executed in 6.0117ms.
2023-10-23 11:56:29.211 +02:00 [Information] Executed action "Forum.Controllers.TopicController.TopicDetails (Forum)" in 8.1233ms
2023-10-23 11:56:29.211 +02:00 [Information] Executed endpoint '"Forum.Controllers.TopicController.TopicDetails (Forum)"'
2023-10-23 11:56:29.212 +02:00 [Information] Request finished HTTP/2 GET https://localhost:7205/Topic/TopicDetails/2 - - - 200 - text/html;+charset=utf-8 12.1763ms
2023-10-23 11:56:29.221 +02:00 [Information] Request starting HTTP/2 GET https://localhost:7205/_framework/aspnetcore-browser-refresh.js - -
2023-10-23 11:56:29.221 +02:00 [Information] Request finished HTTP/2 GET https://localhost:7205/_framework/aspnetcore-browser-refresh.js - - - 200 12342 application/javascript;+charset=utf-8 0.2225ms
