2023-10-29 22:13:51.968 +01:00 [Information] User profile is available. Using '"C:\Users\latif\AppData\Local\ASP.NET\DataProtection-Keys"' as key repository and Windows DPAPI to encrypt keys at rest.
2023-10-29 22:13:52.935 +01:00 [Information] Now listening on: "https://localhost:7205"
2023-10-29 22:13:52.937 +01:00 [Information] Now listening on: "http://localhost:5112"
2023-10-29 22:13:52.945 +01:00 [Information] Application started. Press Ctrl+C to shut down.
2023-10-29 22:13:52.947 +01:00 [Information] Hosting environment: "Development"
2023-10-29 22:13:52.949 +01:00 [Information] Content root path: "C:\Users\latif\source\repos\PROJECT_1WEB\Forum\MyShop\"
2023-10-29 22:13:53.540 +01:00 [Information] Request starting HTTP/2 GET https://localhost:7205/ - -
2023-10-29 22:13:53.625 +01:00 [Information] Executing endpoint '"Forum.Controllers.HomeController.Index (Forum)"'
2023-10-29 22:13:53.639 +01:00 [Information] Route matched with "{action = \"Index\", controller = \"Home\", page = \"\", area = \"\"}". Executing controller action with signature "System.Threading.Tasks.Task`1[Microsoft.AspNetCore.Mvc.IActionResult] Index()" on controller "Forum.Controllers.HomeController" ("Forum").
2023-10-29 22:13:53.746 +01:00 [Information] Executing action method "Forum.Controllers.HomeController.Index (Forum)" - Validation state: Valid
2023-10-29 22:13:53.812 +01:00 [Information] Executed action method "Forum.Controllers.HomeController.Index (Forum)", returned result "Microsoft.AspNetCore.Mvc.ViewResult" in 61.6702ms.
2023-10-29 22:13:53.821 +01:00 [Information] Executing ViewResult, running view "Index".
2023-10-29 22:13:54.188 +01:00 [Information] Executed ViewResult - view "Index" executed in 367.4366ms.
2023-10-29 22:13:54.193 +01:00 [Information] Executed action "Forum.Controllers.HomeController.Index (Forum)" in 553.0663ms
2023-10-29 22:13:54.193 +01:00 [Information] Executed endpoint '"Forum.Controllers.HomeController.Index (Forum)"'
2023-10-29 22:13:54.222 +01:00 [Information] Request starting HTTP/2 GET https://localhost:7205/css/style.css?v=rYKnG-JB9M2x-H4nVgrp-vEkdVLuLY8MBOpZDywim-4 - -
2023-10-29 22:13:54.238 +01:00 [Information] Request finished HTTP/2 GET https://localhost:7205/ - - - 200 - text/html;+charset=utf-8 700.8161ms
2023-10-29 22:13:54.253 +01:00 [Information] Sending file. Request path: '"/css/style.css"'. Physical path: '"C:\Users\latif\source\repos\PROJECT_1WEB\Forum\MyShop\wwwroot\css\style.css"'
2023-10-29 22:13:54.253 +01:00 [Information] Request finished HTTP/2 GET https://localhost:7205/css/style.css?v=rYKnG-JB9M2x-H4nVgrp-vEkdVLuLY8MBOpZDywim-4 - - - 200 7349 text/css 31.7662ms
2023-10-29 22:13:54.257 +01:00 [Information] Request starting HTTP/2 GET https://localhost:7205/_framework/aspnetcore-browser-refresh.js - -
2023-10-29 22:13:54.257 +01:00 [Information] Request starting HTTP/2 GET https://localhost:7205/_vs/browserLink - -
2023-10-29 22:13:54.261 +01:00 [Information] Request finished HTTP/2 GET https://localhost:7205/_framework/aspnetcore-browser-refresh.js - - - 200 12342 application/javascript;+charset=utf-8 3.7171ms
2023-10-29 22:13:54.278 +01:00 [Information] Request finished HTTP/2 GET https://localhost:7205/_vs/browserLink - - - 200 - text/javascript;+charset=UTF-8 21.0538ms
2023-10-29 22:13:54.368 +01:00 [Information] Request starting HTTP/2 GET https://localhost:7205/favicon.ico - -
2023-10-29 22:13:54.376 +01:00 [Information] Request finished HTTP/2 GET https://localhost:7205/favicon.ico - - - 404 0 - 7.5205ms
2023-10-29 22:13:56.335 +01:00 [Information] Request starting HTTP/2 GET https://localhost:7205/Category/CategoryTable - -
2023-10-29 22:13:56.340 +01:00 [Information] Executing endpoint '"Forum.Controllers.CategoryController.CategoryTable (Forum)"'
2023-10-29 22:13:56.347 +01:00 [Information] Route matched with "{action = \"CategoryTable\", controller = \"Category\", page = \"\", area = \"\"}". Executing controller action with signature "System.Threading.Tasks.Task`1[Microsoft.AspNetCore.Mvc.IActionResult] CategoryTable()" on controller "Forum.Controllers.CategoryController" ("Forum").
2023-10-29 22:13:56.387 +01:00 [Information] Executing action method "Forum.Controllers.CategoryController.CategoryTable (Forum)" - Validation state: Valid
2023-10-29 22:13:56.430 +01:00 [Information] Executed action method "Forum.Controllers.CategoryController.CategoryTable (Forum)", returned result "Microsoft.AspNetCore.Mvc.ViewResult" in 41.9623ms.
2023-10-29 22:13:56.431 +01:00 [Information] Executing ViewResult, running view "CategoryTable".
2023-10-29 22:13:56.497 +01:00 [Information] Executed ViewResult - view "CategoryTable" executed in 66.8891ms.
2023-10-29 22:13:56.497 +01:00 [Information] Executed action "Forum.Controllers.CategoryController.CategoryTable (Forum)" in 150.6581ms
2023-10-29 22:13:56.498 +01:00 [Information] Executed endpoint '"Forum.Controllers.CategoryController.CategoryTable (Forum)"'
2023-10-29 22:13:56.500 +01:00 [Information] Request finished HTTP/2 GET https://localhost:7205/Category/CategoryTable - - - 200 - text/html;+charset=utf-8 164.8953ms
2023-10-29 22:13:56.504 +01:00 [Information] Request starting HTTP/2 GET https://localhost:7205/_framework/aspnetcore-browser-refresh.js - -
2023-10-29 22:13:56.504 +01:00 [Information] Request starting HTTP/2 GET https://localhost:7205/_vs/browserLink - -
2023-10-29 22:13:56.504 +01:00 [Information] Request finished HTTP/2 GET https://localhost:7205/_framework/aspnetcore-browser-refresh.js - - - 200 12342 application/javascript;+charset=utf-8 0.7546ms
2023-10-29 22:13:56.511 +01:00 [Information] Request finished HTTP/2 GET https://localhost:7205/_vs/browserLink - - - 200 - text/javascript;+charset=UTF-8 7.9730ms
2023-10-29 22:13:57.627 +01:00 [Information] Request starting HTTP/2 GET https://localhost:7205/Room/RoomTable - -
2023-10-29 22:13:57.629 +01:00 [Information] Executing endpoint '"Forum.Controllers.RoomController.RoomTable (Forum)"'
2023-10-29 22:13:57.634 +01:00 [Information] Route matched with "{action = \"RoomTable\", controller = \"Room\", page = \"\", area = \"\"}". Executing controller action with signature "System.Threading.Tasks.Task`1[Microsoft.AspNetCore.Mvc.IActionResult] RoomTable()" on controller "Forum.Controllers.RoomController" ("Forum").
2023-10-29 22:13:57.667 +01:00 [Information] Executing action method "Forum.Controllers.RoomController.RoomTable (Forum)" - Validation state: Valid
2023-10-29 22:13:57.719 +01:00 [Information] Executed action method "Forum.Controllers.RoomController.RoomTable (Forum)", returned result "Microsoft.AspNetCore.Mvc.ViewResult" in 52.4402ms.
2023-10-29 22:13:57.721 +01:00 [Information] Executing ViewResult, running view "RoomTable".
2023-10-29 22:13:57.758 +01:00 [Information] Executed ViewResult - view "RoomTable" executed in 38.0787ms.
2023-10-29 22:13:57.758 +01:00 [Information] Executed action "Forum.Controllers.RoomController.RoomTable (Forum)" in 124.3219ms
2023-10-29 22:13:57.758 +01:00 [Information] Executed endpoint '"Forum.Controllers.RoomController.RoomTable (Forum)"'
2023-10-29 22:13:57.761 +01:00 [Information] Request finished HTTP/2 GET https://localhost:7205/Room/RoomTable - - - 200 - text/html;+charset=utf-8 133.7806ms
2023-10-29 22:13:57.772 +01:00 [Information] Request starting HTTP/2 GET https://localhost:7205/_framework/aspnetcore-browser-refresh.js - -
2023-10-29 22:13:57.773 +01:00 [Information] Request starting HTTP/2 GET https://localhost:7205/css/style.css?v=rYKnG-JB9M2x-H4nVgrp-vEkdVLuLY8MBOpZDywim-4 - -
2023-10-29 22:13:57.773 +01:00 [Information] Request starting HTTP/2 GET https://localhost:7205/_vs/browserLink - -
2023-10-29 22:13:57.773 +01:00 [Information] Request finished HTTP/2 GET https://localhost:7205/_framework/aspnetcore-browser-refresh.js - - - 200 12342 application/javascript;+charset=utf-8 0.8407ms
2023-10-29 22:13:57.791 +01:00 [Information] The file "/css/style.css" was not modified
2023-10-29 22:13:57.792 +01:00 [Information] Request finished HTTP/2 GET https://localhost:7205/css/style.css?v=rYKnG-JB9M2x-H4nVgrp-vEkdVLuLY8MBOpZDywim-4 - - - 304 - text/css 19.0943ms
2023-10-29 22:13:57.796 +01:00 [Information] Request finished HTTP/2 GET https://localhost:7205/_vs/browserLink - - - 200 - text/javascript;+charset=UTF-8 22.6823ms
2023-10-29 22:13:58.852 +01:00 [Information] Request starting HTTP/2 GET https://localhost:7205/Topic/TopicTable - -
2023-10-29 22:13:58.853 +01:00 [Information] Executing endpoint '"Forum.Controllers.TopicController.TopicTable (Forum)"'
2023-10-29 22:13:58.859 +01:00 [Information] Route matched with "{action = \"TopicTable\", controller = \"Topic\", page = \"\", area = \"\"}". Executing controller action with signature "System.Threading.Tasks.Task`1[Microsoft.AspNetCore.Mvc.IActionResult] TopicTable()" on controller "Forum.Controllers.TopicController" ("Forum").
2023-10-29 22:13:58.897 +01:00 [Information] Executing action method "Forum.Controllers.TopicController.TopicTable (Forum)" - Validation state: Valid
2023-10-29 22:13:58.951 +01:00 [Information] Executed action method "Forum.Controllers.TopicController.TopicTable (Forum)", returned result "Microsoft.AspNetCore.Mvc.ViewResult" in 53.2804ms.
2023-10-29 22:13:58.952 +01:00 [Information] Executing ViewResult, running view "TopicTable".
2023-10-29 22:13:59.014 +01:00 [Information] Executed ViewResult - view "TopicTable" executed in 62.8355ms.
2023-10-29 22:13:59.014 +01:00 [Information] Executed action "Forum.Controllers.TopicController.TopicTable (Forum)" in 154.393ms
2023-10-29 22:13:59.014 +01:00 [Information] Executed endpoint '"Forum.Controllers.TopicController.TopicTable (Forum)"'
2023-10-29 22:13:59.017 +01:00 [Information] Request finished HTTP/2 GET https://localhost:7205/Topic/TopicTable - - - 200 - text/html;+charset=utf-8 165.0302ms
2023-10-29 22:13:59.020 +01:00 [Information] Request starting HTTP/2 GET https://localhost:7205/_framework/aspnetcore-browser-refresh.js - -
2023-10-29 22:13:59.020 +01:00 [Information] Request starting HTTP/2 GET https://localhost:7205/_vs/browserLink - -
2023-10-29 22:13:59.021 +01:00 [Information] Request finished HTTP/2 GET https://localhost:7205/_framework/aspnetcore-browser-refresh.js - - - 200 12342 application/javascript;+charset=utf-8 0.4283ms
2023-10-29 22:13:59.051 +01:00 [Information] Request finished HTTP/2 GET https://localhost:7205/_vs/browserLink - - - 200 - text/javascript;+charset=UTF-8 30.4318ms
2023-10-29 22:14:02.532 +01:00 [Information] Request starting HTTP/2 GET https://localhost:7205/ - -
2023-10-29 22:14:02.533 +01:00 [Information] Executing endpoint '"Forum.Controllers.HomeController.Index (Forum)"'
2023-10-29 22:14:02.533 +01:00 [Information] Route matched with "{action = \"Index\", controller = \"Home\", page = \"\", area = \"\"}". Executing controller action with signature "System.Threading.Tasks.Task`1[Microsoft.AspNetCore.Mvc.IActionResult] Index()" on controller "Forum.Controllers.HomeController" ("Forum").
2023-10-29 22:14:02.567 +01:00 [Information] Executing action method "Forum.Controllers.HomeController.Index (Forum)" - Validation state: Valid
2023-10-29 22:14:02.573 +01:00 [Information] Executed action method "Forum.Controllers.HomeController.Index (Forum)", returned result "Microsoft.AspNetCore.Mvc.ViewResult" in 6.393ms.
2023-10-29 22:14:02.574 +01:00 [Information] Executing ViewResult, running view "Index".
2023-10-29 22:14:02.638 +01:00 [Information] Executed ViewResult - view "Index" executed in 64.2915ms.
2023-10-29 22:14:02.638 +01:00 [Information] Executed action "Forum.Controllers.HomeController.Index (Forum)" in 104.9009ms
2023-10-29 22:14:02.638 +01:00 [Information] Executed endpoint '"Forum.Controllers.HomeController.Index (Forum)"'
2023-10-29 22:14:02.643 +01:00 [Information] Request finished HTTP/2 GET https://localhost:7205/ - - - 200 - text/html;+charset=utf-8 111.2849ms
2023-10-29 22:14:02.656 +01:00 [Information] Request starting HTTP/2 GET https://localhost:7205/_vs/browserLink - -
2023-10-29 22:14:02.656 +01:00 [Information] Request starting HTTP/2 GET https://localhost:7205/css/style.css?v=rYKnG-JB9M2x-H4nVgrp-vEkdVLuLY8MBOpZDywim-4 - -
2023-10-29 22:14:02.656 +01:00 [Information] Request starting HTTP/2 GET https://localhost:7205/_framework/aspnetcore-browser-refresh.js - -
2023-10-29 22:14:02.656 +01:00 [Information] Request finished HTTP/2 GET https://localhost:7205/_framework/aspnetcore-browser-refresh.js - - - 200 12342 application/javascript;+charset=utf-8 1.1723ms
2023-10-29 22:14:02.656 +01:00 [Information] The file "/css/style.css" was not modified
2023-10-29 22:14:02.657 +01:00 [Information] Request finished HTTP/2 GET https://localhost:7205/css/style.css?v=rYKnG-JB9M2x-H4nVgrp-vEkdVLuLY8MBOpZDywim-4 - - - 304 - text/css 1.4487ms
2023-10-29 22:14:02.659 +01:00 [Information] Request finished HTTP/2 GET https://localhost:7205/_vs/browserLink - - - 200 - text/javascript;+charset=UTF-8 4.2818ms
2023-10-29 22:14:07.109 +01:00 [Information] Request starting HTTP/2 GET https://localhost:7205/Category/CategoryTable - -
2023-10-29 22:14:07.113 +01:00 [Information] Executing endpoint '"Forum.Controllers.CategoryController.CategoryTable (Forum)"'
2023-10-29 22:14:07.114 +01:00 [Information] Route matched with "{action = \"CategoryTable\", controller = \"Category\", page = \"\", area = \"\"}". Executing controller action with signature "System.Threading.Tasks.Task`1[Microsoft.AspNetCore.Mvc.IActionResult] CategoryTable()" on controller "Forum.Controllers.CategoryController" ("Forum").
2023-10-29 22:14:07.149 +01:00 [Information] Executing action method "Forum.Controllers.CategoryController.CategoryTable (Forum)" - Validation state: Valid
2023-10-29 22:14:07.155 +01:00 [Information] Executed action method "Forum.Controllers.CategoryController.CategoryTable (Forum)", returned result "Microsoft.AspNetCore.Mvc.ViewResult" in 5.7952ms.
2023-10-29 22:14:07.155 +01:00 [Information] Executing ViewResult, running view "CategoryTable".
2023-10-29 22:14:07.162 +01:00 [Information] Executed ViewResult - view "CategoryTable" executed in 7.3282ms.
2023-10-29 22:14:07.163 +01:00 [Information] Executed action "Forum.Controllers.CategoryController.CategoryTable (Forum)" in 49.0887ms
2023-10-29 22:14:07.163 +01:00 [Information] Executed endpoint '"Forum.Controllers.CategoryController.CategoryTable (Forum)"'
2023-10-29 22:14:07.165 +01:00 [Information] Request finished HTTP/2 GET https://localhost:7205/Category/CategoryTable - - - 200 - text/html;+charset=utf-8 56.5187ms
2023-10-29 22:14:07.168 +01:00 [Information] Request starting HTTP/2 GET https://localhost:7205/_vs/browserLink - -
2023-10-29 22:14:07.168 +01:00 [Information] Request starting HTTP/2 GET https://localhost:7205/css/style.css?v=rYKnG-JB9M2x-H4nVgrp-vEkdVLuLY8MBOpZDywim-4 - -
2023-10-29 22:14:07.168 +01:00 [Information] Request starting HTTP/2 GET https://localhost:7205/_framework/aspnetcore-browser-refresh.js - -
2023-10-29 22:14:07.169 +01:00 [Information] The file "/css/style.css" was not modified
2023-10-29 22:14:07.169 +01:00 [Information] Request finished HTTP/2 GET https://localhost:7205/css/style.css?v=rYKnG-JB9M2x-H4nVgrp-vEkdVLuLY8MBOpZDywim-4 - - - 304 - text/css 0.8567ms
2023-10-29 22:14:07.169 +01:00 [Information] Request finished HTTP/2 GET https://localhost:7205/_framework/aspnetcore-browser-refresh.js - - - 200 12342 application/javascript;+charset=utf-8 0.7068ms
2023-10-29 22:14:07.173 +01:00 [Information] Request finished HTTP/2 GET https://localhost:7205/_vs/browserLink - - - 200 - text/javascript;+charset=UTF-8 4.8936ms
2023-10-29 22:14:08.575 +01:00 [Information] Request starting HTTP/2 GET https://localhost:7205/Room/RoomTable - -
2023-10-29 22:14:08.580 +01:00 [Information] Executing endpoint '"Forum.Controllers.RoomController.RoomTable (Forum)"'
2023-10-29 22:14:08.580 +01:00 [Information] Route matched with "{action = \"RoomTable\", controller = \"Room\", page = \"\", area = \"\"}". Executing controller action with signature "System.Threading.Tasks.Task`1[Microsoft.AspNetCore.Mvc.IActionResult] RoomTable()" on controller "Forum.Controllers.RoomController" ("Forum").
2023-10-29 22:14:08.612 +01:00 [Information] Executing action method "Forum.Controllers.RoomController.RoomTable (Forum)" - Validation state: Valid
2023-10-29 22:14:08.616 +01:00 [Information] Executed action method "Forum.Controllers.RoomController.RoomTable (Forum)", returned result "Microsoft.AspNetCore.Mvc.ViewResult" in 4.2387ms.
2023-10-29 22:14:08.617 +01:00 [Information] Executing ViewResult, running view "RoomTable".
2023-10-29 22:14:08.624 +01:00 [Information] Executed ViewResult - view "RoomTable" executed in 7.4931ms.
2023-10-29 22:14:08.624 +01:00 [Information] Executed action "Forum.Controllers.RoomController.RoomTable (Forum)" in 43.9817ms
2023-10-29 22:14:08.624 +01:00 [Information] Executed endpoint '"Forum.Controllers.RoomController.RoomTable (Forum)"'
2023-10-29 22:14:08.626 +01:00 [Information] Request finished HTTP/2 GET https://localhost:7205/Room/RoomTable - - - 200 - text/html;+charset=utf-8 50.6349ms
2023-10-29 22:14:08.628 +01:00 [Information] Request starting HTTP/2 GET https://localhost:7205/_framework/aspnetcore-browser-refresh.js - -
2023-10-29 22:14:08.628 +01:00 [Information] Request starting HTTP/2 GET https://localhost:7205/_vs/browserLink - -
2023-10-29 22:14:08.629 +01:00 [Information] Request finished HTTP/2 GET https://localhost:7205/_framework/aspnetcore-browser-refresh.js - - - 200 12342 application/javascript;+charset=utf-8 0.4673ms
2023-10-29 22:14:08.632 +01:00 [Information] Request finished HTTP/2 GET https://localhost:7205/_vs/browserLink - - - 200 - text/javascript;+charset=UTF-8 3.3506ms
2023-10-29 22:14:09.692 +01:00 [Information] Request starting HTTP/2 GET https://localhost:7205/Topic/TopicTable - -
2023-10-29 22:14:09.696 +01:00 [Information] Executing endpoint '"Forum.Controllers.TopicController.TopicTable (Forum)"'
2023-10-29 22:14:09.696 +01:00 [Information] Route matched with "{action = \"TopicTable\", controller = \"Topic\", page = \"\", area = \"\"}". Executing controller action with signature "System.Threading.Tasks.Task`1[Microsoft.AspNetCore.Mvc.IActionResult] TopicTable()" on controller "Forum.Controllers.TopicController" ("Forum").
2023-10-29 22:14:09.729 +01:00 [Information] Executing action method "Forum.Controllers.TopicController.TopicTable (Forum)" - Validation state: Valid
2023-10-29 22:14:09.735 +01:00 [Information] Executed action method "Forum.Controllers.TopicController.TopicTable (Forum)", returned result "Microsoft.AspNetCore.Mvc.ViewResult" in 5.7069ms.
2023-10-29 22:14:09.736 +01:00 [Information] Executing ViewResult, running view "TopicTable".
2023-10-29 22:14:09.743 +01:00 [Information] Executed ViewResult - view "TopicTable" executed in 7.4505ms.
2023-10-29 22:14:09.743 +01:00 [Information] Executed action "Forum.Controllers.TopicController.TopicTable (Forum)" in 47.3199ms
2023-10-29 22:14:09.743 +01:00 [Information] Executed endpoint '"Forum.Controllers.TopicController.TopicTable (Forum)"'
2023-10-29 22:14:09.745 +01:00 [Information] Request finished HTTP/2 GET https://localhost:7205/Topic/TopicTable - - - 200 - text/html;+charset=utf-8 52.9516ms
2023-10-29 22:14:09.751 +01:00 [Information] Request starting HTTP/2 GET https://localhost:7205/_vs/browserLink - -
2023-10-29 22:14:09.751 +01:00 [Information] Request starting HTTP/2 GET https://localhost:7205/_framework/aspnetcore-browser-refresh.js - -
2023-10-29 22:14:09.751 +01:00 [Information] Request finished HTTP/2 GET https://localhost:7205/_framework/aspnetcore-browser-refresh.js - - - 200 12342 application/javascript;+charset=utf-8 0.6863ms
2023-10-29 22:14:09.756 +01:00 [Information] Request finished HTTP/2 GET https://localhost:7205/_vs/browserLink - - - 200 - text/javascript;+charset=UTF-8 5.4470ms
2023-10-29 22:14:13.989 +01:00 [Information] Request starting HTTP/2 GET https://localhost:7205/Category/CategoryTable - -
2023-10-29 22:14:13.990 +01:00 [Information] Executing endpoint '"Forum.Controllers.CategoryController.CategoryTable (Forum)"'
2023-10-29 22:14:13.990 +01:00 [Information] Route matched with "{action = \"CategoryTable\", controller = \"Category\", page = \"\", area = \"\"}". Executing controller action with signature "System.Threading.Tasks.Task`1[Microsoft.AspNetCore.Mvc.IActionResult] CategoryTable()" on controller "Forum.Controllers.CategoryController" ("Forum").
2023-10-29 22:14:14.027 +01:00 [Information] Executing action method "Forum.Controllers.CategoryController.CategoryTable (Forum)" - Validation state: Valid
2023-10-29 22:14:14.033 +01:00 [Information] Executed action method "Forum.Controllers.CategoryController.CategoryTable (Forum)", returned result "Microsoft.AspNetCore.Mvc.ViewResult" in 5.9767ms.
2023-10-29 22:14:14.033 +01:00 [Information] Executing ViewResult, running view "CategoryTable".
2023-10-29 22:14:14.043 +01:00 [Information] Executed ViewResult - view "CategoryTable" executed in 9.3734ms.
2023-10-29 22:14:14.043 +01:00 [Information] Executed action "Forum.Controllers.CategoryController.CategoryTable (Forum)" in 52.8302ms
2023-10-29 22:14:14.043 +01:00 [Information] Executed endpoint '"Forum.Controllers.CategoryController.CategoryTable (Forum)"'
2023-10-29 22:14:14.046 +01:00 [Information] Request finished HTTP/2 GET https://localhost:7205/Category/CategoryTable - - - 200 - text/html;+charset=utf-8 57.9682ms
2023-10-29 22:14:14.049 +01:00 [Information] Request starting HTTP/2 GET https://localhost:7205/_vs/browserLink - -
2023-10-29 22:14:14.049 +01:00 [Information] Request starting HTTP/2 GET https://localhost:7205/css/style.css?v=rYKnG-JB9M2x-H4nVgrp-vEkdVLuLY8MBOpZDywim-4 - -
2023-10-29 22:14:14.050 +01:00 [Information] Request starting HTTP/2 GET https://localhost:7205/_framework/aspnetcore-browser-refresh.js - -
2023-10-29 22:14:14.050 +01:00 [Information] The file "/css/style.css" was not modified
2023-10-29 22:14:14.050 +01:00 [Information] Request finished HTTP/2 GET https://localhost:7205/css/style.css?v=rYKnG-JB9M2x-H4nVgrp-vEkdVLuLY8MBOpZDywim-4 - - - 304 - text/css 0.8771ms
2023-10-29 22:14:14.050 +01:00 [Information] Request finished HTTP/2 GET https://localhost:7205/_framework/aspnetcore-browser-refresh.js - - - 200 12342 application/javascript;+charset=utf-8 0.5773ms
2023-10-29 22:14:14.053 +01:00 [Information] Request finished HTTP/2 GET https://localhost:7205/_vs/browserLink - - - 200 - text/javascript;+charset=UTF-8 4.2541ms
2023-10-29 22:14:19.641 +01:00 [Information] Request starting HTTP/2 GET https://localhost:7205/Identity/Account/Login - -
2023-10-29 22:14:19.643 +01:00 [Information] Executing endpoint '"/Account/Login"'
2023-10-29 22:14:19.683 +01:00 [Information] Route matched with "{page = \"/Account/Login\", area = \"Identity\", action = \"\", controller = \"\"}". Executing page "/Account/Login"
2023-10-29 22:14:19.731 +01:00 [Information] Executing handler method "Forum.Areas.Identity.Pages.Account.LoginModel.OnGetAsync" - ModelState is Valid
2023-10-29 22:14:19.747 +01:00 [Information] AuthenticationScheme: "Identity.External" signed out.
2023-10-29 22:14:19.749 +01:00 [Information] Executed handler method "OnGetAsync", returned result "".
2023-10-29 22:14:19.758 +01:00 [Information] Executing an implicit handler method - ModelState is Valid
2023-10-29 22:14:19.759 +01:00 [Information] Executed an implicit handler method, returned result "Microsoft.AspNetCore.Mvc.RazorPages.PageResult".
2023-10-29 22:14:19.892 +01:00 [Information] Executed page "/Account/Login" in 208.4053ms
2023-10-29 22:14:19.892 +01:00 [Information] Executed endpoint '"/Account/Login"'
2023-10-29 22:14:19.895 +01:00 [Information] Request finished HTTP/2 GET https://localhost:7205/Identity/Account/Login - - - 200 - text/html;+charset=utf-8 253.3310ms
2023-10-29 22:14:19.898 +01:00 [Information] Request starting HTTP/2 GET https://localhost:7205/_framework/aspnetcore-browser-refresh.js - -
2023-10-29 22:14:19.898 +01:00 [Information] Request finished HTTP/2 GET https://localhost:7205/_framework/aspnetcore-browser-refresh.js - - - 200 12342 application/javascript;+charset=utf-8 0.3888ms
2023-10-29 22:14:19.905 +01:00 [Information] Request starting HTTP/2 GET https://localhost:7205/_vs/browserLink - -
2023-10-29 22:14:19.910 +01:00 [Information] Request finished HTTP/2 GET https://localhost:7205/_vs/browserLink - - - 200 - text/javascript;+charset=UTF-8 4.3103ms
2023-10-29 22:14:21.662 +01:00 [Information] Request starting HTTP/2 POST https://localhost:7205/Identity/Account/Login application/x-www-form-urlencoded 280
2023-10-29 22:14:21.673 +01:00 [Information] Executing endpoint '"/Account/Login"'
2023-10-29 22:14:21.673 +01:00 [Information] Route matched with "{page = \"/Account/Login\", area = \"Identity\", action = \"\", controller = \"\"}". Executing page "/Account/Login"
2023-10-29 22:14:21.731 +01:00 [Information] Executing handler method "Forum.Areas.Identity.Pages.Account.LoginModel.OnPostAsync" - ModelState is Valid
2023-10-29 22:14:22.081 +01:00 [Information] AuthenticationScheme: "Identity.Application" signed in.
2023-10-29 22:14:22.087 +01:00 [Information] User logged in.
2023-10-29 22:14:22.089 +01:00 [Information] Executed handler method "OnPostAsync", returned result "Microsoft.AspNetCore.Mvc.LocalRedirectResult".
2023-10-29 22:14:22.091 +01:00 [Information] Executing LocalRedirectResult, redirecting to "/".
2023-10-29 22:14:22.091 +01:00 [Information] Executed page "/Account/Login" in 417.8531ms
2023-10-29 22:14:22.091 +01:00 [Information] Executed endpoint '"/Account/Login"'
2023-10-29 22:14:22.092 +01:00 [Information] Request finished HTTP/2 POST https://localhost:7205/Identity/Account/Login application/x-www-form-urlencoded 280 - 302 0 - 430.0137ms
2023-10-29 22:14:22.096 +01:00 [Information] Request starting HTTP/2 GET https://localhost:7205/ - -
2023-10-29 22:14:22.111 +01:00 [Information] Executing endpoint '"Forum.Controllers.HomeController.Index (Forum)"'
2023-10-29 22:14:22.111 +01:00 [Information] Route matched with "{action = \"Index\", controller = \"Home\", page = \"\", area = \"\"}". Executing controller action with signature "System.Threading.Tasks.Task`1[Microsoft.AspNetCore.Mvc.IActionResult] Index()" on controller "Forum.Controllers.HomeController" ("Forum").
2023-10-29 22:14:22.140 +01:00 [Information] Executing action method "Forum.Controllers.HomeController.Index (Forum)" - Validation state: Valid
2023-10-29 22:14:22.146 +01:00 [Information] Executed action method "Forum.Controllers.HomeController.Index (Forum)", returned result "Microsoft.AspNetCore.Mvc.ViewResult" in 5.4866ms.
2023-10-29 22:14:22.146 +01:00 [Information] Executing ViewResult, running view "Index".
2023-10-29 22:14:22.211 +01:00 [Information] Executed ViewResult - view "Index" executed in 64.8663ms.
2023-10-29 22:14:22.211 +01:00 [Information] Executed action "Forum.Controllers.HomeController.Index (Forum)" in 100.5721ms
2023-10-29 22:14:22.211 +01:00 [Information] Executed endpoint '"Forum.Controllers.HomeController.Index (Forum)"'
2023-10-29 22:14:22.219 +01:00 [Information] Request finished HTTP/2 GET https://localhost:7205/ - - - 200 - text/html;+charset=utf-8 122.2160ms
2023-10-29 22:14:22.221 +01:00 [Information] Request starting HTTP/2 GET https://localhost:7205/css/style.css?v=rYKnG-JB9M2x-H4nVgrp-vEkdVLuLY8MBOpZDywim-4 - -
2023-10-29 22:14:22.222 +01:00 [Information] Request starting HTTP/2 GET https://localhost:7205/_framework/aspnetcore-browser-refresh.js - -
2023-10-29 22:14:22.222 +01:00 [Information] The file "/css/style.css" was not modified
2023-10-29 22:14:22.222 +01:00 [Information] Request finished HTTP/2 GET https://localhost:7205/_framework/aspnetcore-browser-refresh.js - - - 200 12342 application/javascript;+charset=utf-8 0.7091ms
2023-10-29 22:14:22.223 +01:00 [Information] Request starting HTTP/2 GET https://localhost:7205/_vs/browserLink - -
2023-10-29 22:14:22.223 +01:00 [Information] Request finished HTTP/2 GET https://localhost:7205/css/style.css?v=rYKnG-JB9M2x-H4nVgrp-vEkdVLuLY8MBOpZDywim-4 - - - 304 - text/css 1.4093ms
2023-10-29 22:14:22.226 +01:00 [Information] Request finished HTTP/2 GET https://localhost:7205/_vs/browserLink - - - 200 - text/javascript;+charset=UTF-8 4.0257ms
2023-10-29 22:14:23.577 +01:00 [Information] Request starting HTTP/2 GET https://localhost:7205/Category/CategoryTable - -
2023-10-29 22:14:23.583 +01:00 [Information] Executing endpoint '"Forum.Controllers.CategoryController.CategoryTable (Forum)"'
2023-10-29 22:14:23.583 +01:00 [Information] Route matched with "{action = \"CategoryTable\", controller = \"Category\", page = \"\", area = \"\"}". Executing controller action with signature "System.Threading.Tasks.Task`1[Microsoft.AspNetCore.Mvc.IActionResult] CategoryTable()" on controller "Forum.Controllers.CategoryController" ("Forum").
2023-10-29 22:14:23.611 +01:00 [Information] Executing action method "Forum.Controllers.CategoryController.CategoryTable (Forum)" - Validation state: Valid
2023-10-29 22:14:23.618 +01:00 [Information] Executed action method "Forum.Controllers.CategoryController.CategoryTable (Forum)", returned result "Microsoft.AspNetCore.Mvc.ViewResult" in 5.9834ms.
2023-10-29 22:14:23.618 +01:00 [Information] Executing ViewResult, running view "CategoryTable".
2023-10-29 22:14:23.631 +01:00 [Information] Executed ViewResult - view "CategoryTable" executed in 12.9175ms.
2023-10-29 22:14:23.631 +01:00 [Information] Executed action "Forum.Controllers.CategoryController.CategoryTable (Forum)" in 47.8178ms
2023-10-29 22:14:23.631 +01:00 [Information] Executed endpoint '"Forum.Controllers.CategoryController.CategoryTable (Forum)"'
2023-10-29 22:14:23.635 +01:00 [Information] Request finished HTTP/2 GET https://localhost:7205/Category/CategoryTable - - - 200 - text/html;+charset=utf-8 57.9609ms
2023-10-29 22:14:23.638 +01:00 [Information] Request starting HTTP/2 GET https://localhost:7205/_vs/browserLink - -
2023-10-29 22:14:23.638 +01:00 [Information] Request starting HTTP/2 GET https://localhost:7205/_framework/aspnetcore-browser-refresh.js - -
2023-10-29 22:14:23.638 +01:00 [Information] Request finished HTTP/2 GET https://localhost:7205/_framework/aspnetcore-browser-refresh.js - - - 200 12342 application/javascript;+charset=utf-8 0.6015ms
2023-10-29 22:14:23.642 +01:00 [Information] Request finished HTTP/2 GET https://localhost:7205/_vs/browserLink - - - 200 - text/javascript;+charset=UTF-8 4.3030ms
2023-10-29 22:14:24.762 +01:00 [Information] Request starting HTTP/2 GET https://localhost:7205/Room/RoomTable - -
2023-10-29 22:14:24.769 +01:00 [Information] Executing endpoint '"Forum.Controllers.RoomController.RoomTable (Forum)"'
2023-10-29 22:14:24.770 +01:00 [Information] Route matched with "{action = \"RoomTable\", controller = \"Room\", page = \"\", area = \"\"}". Executing controller action with signature "System.Threading.Tasks.Task`1[Microsoft.AspNetCore.Mvc.IActionResult] RoomTable()" on controller "Forum.Controllers.RoomController" ("Forum").
2023-10-29 22:14:24.798 +01:00 [Information] Executing action method "Forum.Controllers.RoomController.RoomTable (Forum)" - Validation state: Valid
2023-10-29 22:14:24.804 +01:00 [Information] Executed action method "Forum.Controllers.RoomController.RoomTable (Forum)", returned result "Microsoft.AspNetCore.Mvc.ViewResult" in 5.5817ms.
2023-10-29 22:14:24.804 +01:00 [Information] Executing ViewResult, running view "RoomTable".
2023-10-29 22:14:24.818 +01:00 [Information] Executed ViewResult - view "RoomTable" executed in 13.5713ms.
2023-10-29 22:14:24.818 +01:00 [Information] Executed action "Forum.Controllers.RoomController.RoomTable (Forum)" in 47.7776ms
2023-10-29 22:14:24.818 +01:00 [Information] Executed endpoint '"Forum.Controllers.RoomController.RoomTable (Forum)"'
2023-10-29 22:14:24.821 +01:00 [Information] Request finished HTTP/2 GET https://localhost:7205/Room/RoomTable - - - 200 - text/html;+charset=utf-8 59.4834ms
2023-10-29 22:14:24.824 +01:00 [Information] Request starting HTTP/2 GET https://localhost:7205/_vs/browserLink - -
2023-10-29 22:14:24.824 +01:00 [Information] Request starting HTTP/2 GET https://localhost:7205/_framework/aspnetcore-browser-refresh.js - -
2023-10-29 22:14:24.825 +01:00 [Information] Request finished HTTP/2 GET https://localhost:7205/_framework/aspnetcore-browser-refresh.js - - - 200 12342 application/javascript;+charset=utf-8 0.6999ms
2023-10-29 22:14:24.827 +01:00 [Information] Request finished HTTP/2 GET https://localhost:7205/_vs/browserLink - - - 200 - text/javascript;+charset=UTF-8 3.6075ms
2023-10-29 22:14:25.989 +01:00 [Information] Request starting HTTP/2 GET https://localhost:7205/Topic/TopicTable - -
2023-10-29 22:14:25.994 +01:00 [Information] Executing endpoint '"Forum.Controllers.TopicController.TopicTable (Forum)"'
2023-10-29 22:14:25.995 +01:00 [Information] Route matched with "{action = \"TopicTable\", controller = \"Topic\", page = \"\", area = \"\"}". Executing controller action with signature "System.Threading.Tasks.Task`1[Microsoft.AspNetCore.Mvc.IActionResult] TopicTable()" on controller "Forum.Controllers.TopicController" ("Forum").
2023-10-29 22:14:26.021 +01:00 [Information] Executing action method "Forum.Controllers.TopicController.TopicTable (Forum)" - Validation state: Valid
2023-10-29 22:14:26.027 +01:00 [Information] Executed action method "Forum.Controllers.TopicController.TopicTable (Forum)", returned result "Microsoft.AspNetCore.Mvc.ViewResult" in 5.7457ms.
2023-10-29 22:14:26.028 +01:00 [Information] Executing ViewResult, running view "TopicTable".
2023-10-29 22:14:26.040 +01:00 [Information] Executed ViewResult - view "TopicTable" executed in 12.7704ms.
2023-10-29 22:14:26.041 +01:00 [Information] Executed action "Forum.Controllers.TopicController.TopicTable (Forum)" in 45.8663ms
2023-10-29 22:14:26.041 +01:00 [Information] Executed endpoint '"Forum.Controllers.TopicController.TopicTable (Forum)"'
2023-10-29 22:14:26.043 +01:00 [Information] Request finished HTTP/2 GET https://localhost:7205/Topic/TopicTable - - - 200 - text/html;+charset=utf-8 54.6141ms
2023-10-29 22:14:26.046 +01:00 [Information] Request starting HTTP/2 GET https://localhost:7205/_vs/browserLink - -
2023-10-29 22:14:26.046 +01:00 [Information] Request starting HTTP/2 GET https://localhost:7205/_framework/aspnetcore-browser-refresh.js - -
2023-10-29 22:14:26.046 +01:00 [Information] Request finished HTTP/2 GET https://localhost:7205/_framework/aspnetcore-browser-refresh.js - - - 200 12342 application/javascript;+charset=utf-8 0.7736ms
2023-10-29 22:14:26.049 +01:00 [Information] Request finished HTTP/2 GET https://localhost:7205/_vs/browserLink - - - 200 - text/javascript;+charset=UTF-8 3.0618ms
2023-10-29 22:14:31.290 +01:00 [Information] Request starting HTTP/2 GET https://localhost:7205/Category/CategoryTable - -
2023-10-29 22:14:31.295 +01:00 [Information] Executing endpoint '"Forum.Controllers.CategoryController.CategoryTable (Forum)"'
2023-10-29 22:14:31.295 +01:00 [Information] Route matched with "{action = \"CategoryTable\", controller = \"Category\", page = \"\", area = \"\"}". Executing controller action with signature "System.Threading.Tasks.Task`1[Microsoft.AspNetCore.Mvc.IActionResult] CategoryTable()" on controller "Forum.Controllers.CategoryController" ("Forum").
2023-10-29 22:14:31.323 +01:00 [Information] Executing action method "Forum.Controllers.CategoryController.CategoryTable (Forum)" - Validation state: Valid
2023-10-29 22:14:31.329 +01:00 [Information] Executed action method "Forum.Controllers.CategoryController.CategoryTable (Forum)", returned result "Microsoft.AspNetCore.Mvc.ViewResult" in 5.391ms.
2023-10-29 22:14:31.329 +01:00 [Information] Executing ViewResult, running view "CategoryTable".
2023-10-29 22:14:31.337 +01:00 [Information] Executed ViewResult - view "CategoryTable" executed in 8.3088ms.
2023-10-29 22:14:31.337 +01:00 [Information] Executed action "Forum.Controllers.CategoryController.CategoryTable (Forum)" in 41.6741ms
2023-10-29 22:14:31.337 +01:00 [Information] Executed endpoint '"Forum.Controllers.CategoryController.CategoryTable (Forum)"'
2023-10-29 22:14:31.340 +01:00 [Information] Request finished HTTP/2 GET https://localhost:7205/Category/CategoryTable - - - 200 - text/html;+charset=utf-8 50.0309ms
2023-10-29 22:14:31.343 +01:00 [Information] Request starting HTTP/2 GET https://localhost:7205/_vs/browserLink - -
2023-10-29 22:14:31.343 +01:00 [Information] Request starting HTTP/2 GET https://localhost:7205/_framework/aspnetcore-browser-refresh.js - -
2023-10-29 22:14:31.343 +01:00 [Information] Request starting HTTP/2 GET https://localhost:7205/css/style.css?v=rYKnG-JB9M2x-H4nVgrp-vEkdVLuLY8MBOpZDywim-4 - -
2023-10-29 22:14:31.344 +01:00 [Information] Request finished HTTP/2 GET https://localhost:7205/_framework/aspnetcore-browser-refresh.js - - - 200 12342 application/javascript;+charset=utf-8 0.2625ms
2023-10-29 22:14:31.344 +01:00 [Information] The file "/css/style.css" was not modified
2023-10-29 22:14:31.345 +01:00 [Information] Request finished HTTP/2 GET https://localhost:7205/css/style.css?v=rYKnG-JB9M2x-H4nVgrp-vEkdVLuLY8MBOpZDywim-4 - - - 304 - text/css 1.2524ms
2023-10-29 22:14:31.347 +01:00 [Information] Request finished HTTP/2 GET https://localhost:7205/_vs/browserLink - - - 200 - text/javascript;+charset=UTF-8 3.3442ms
2023-10-29 22:14:33.307 +01:00 [Information] Request starting HTTP/2 GET https://localhost:7205/Category/CreateCategory - -
2023-10-29 22:14:33.329 +01:00 [Information] Executing endpoint '"Forum.Controllers.CategoryController.CreateCategory (Forum)"'
2023-10-29 22:14:33.332 +01:00 [Information] Route matched with "{action = \"CreateCategory\", controller = \"Category\", page = \"\", area = \"\"}". Executing controller action with signature "Microsoft.AspNetCore.Mvc.IActionResult CreateCategory()" on controller "Forum.Controllers.CategoryController" ("Forum").
2023-10-29 22:14:33.365 +01:00 [Information] Executing action method "Forum.Controllers.CategoryController.CreateCategory (Forum)" - Validation state: Valid
2023-10-29 22:14:33.366 +01:00 [Information] Executed action method "Forum.Controllers.CategoryController.CreateCategory (Forum)", returned result "Microsoft.AspNetCore.Mvc.ViewResult" in 0.49ms.
2023-10-29 22:14:33.367 +01:00 [Information] Executing ViewResult, running view "CreateCategory".
2023-10-29 22:14:33.392 +01:00 [Information] Executed ViewResult - view "CreateCategory" executed in 25.3512ms.
2023-10-29 22:14:33.392 +01:00 [Information] Executed action "Forum.Controllers.CategoryController.CreateCategory (Forum)" in 59.685ms
2023-10-29 22:14:33.392 +01:00 [Information] Executed endpoint '"Forum.Controllers.CategoryController.CreateCategory (Forum)"'
2023-10-29 22:14:33.400 +01:00 [Information] Request finished HTTP/2 GET https://localhost:7205/Category/CreateCategory - - - 200 - text/html;+charset=utf-8 92.2106ms
2023-10-29 22:14:33.402 +01:00 [Information] Request starting HTTP/2 GET https://localhost:7205/_framework/aspnetcore-browser-refresh.js - -
2023-10-29 22:14:33.403 +01:00 [Information] Request starting HTTP/2 GET https://localhost:7205/_vs/browserLink - -
2023-10-29 22:14:33.403 +01:00 [Information] Request finished HTTP/2 GET https://localhost:7205/_framework/aspnetcore-browser-refresh.js - - - 200 12342 application/javascript;+charset=utf-8 0.8557ms
2023-10-29 22:14:33.407 +01:00 [Information] Request finished HTTP/2 GET https://localhost:7205/_vs/browserLink - - - 200 - text/javascript;+charset=UTF-8 4.5993ms
