2023-10-30 13:51:38.400 +01:00 [Information] User profile is available. Using '"C:\Users\latif\AppData\Local\ASP.NET\DataProtection-Keys"' as key repository and Windows DPAPI to encrypt keys at rest.
2023-10-30 13:51:39.482 +01:00 [Information] Now listening on: "https://localhost:7205"
2023-10-30 13:51:39.484 +01:00 [Information] Now listening on: "http://localhost:5112"
2023-10-30 13:51:39.492 +01:00 [Information] Application started. Press Ctrl+C to shut down.
2023-10-30 13:51:39.495 +01:00 [Information] Hosting environment: "Development"
2023-10-30 13:51:39.496 +01:00 [Information] Content root path: "C:\Users\latif\source\repos\PROJECT_1WEB\Forum\MyShop\"
2023-10-30 13:51:40.001 +01:00 [Information] Request starting HTTP/2 GET https://localhost:7205/ - -
2023-10-30 13:51:40.197 +01:00 [Information] Executing endpoint '"Forum.Controllers.HomeController.Index (Forum)"'
2023-10-30 13:51:40.245 +01:00 [Information] Route matched with "{action = \"Index\", controller = \"Home\", page = \"\", area = \"\"}". Executing controller action with signature "System.Threading.Tasks.Task`1[Microsoft.AspNetCore.Mvc.IActionResult] Index()" on controller "Forum.Controllers.HomeController" ("Forum").
2023-10-30 13:51:40.398 +01:00 [Information] Executing action method "Forum.Controllers.HomeController.Index (Forum)" - Validation state: Valid
2023-10-30 13:51:40.569 +01:00 [Information] Executed action method "Forum.Controllers.HomeController.Index (Forum)", returned result "Microsoft.AspNetCore.Mvc.ViewResult" in 158.2218ms.
2023-10-30 13:51:40.590 +01:00 [Information] Executing ViewResult, running view "Index".
2023-10-30 13:51:41.517 +01:00 [Information] Executed ViewResult - view "Index" executed in 927.6677ms.
2023-10-30 13:51:41.532 +01:00 [Information] Executed action "Forum.Controllers.HomeController.Index (Forum)" in 1285.5419ms
2023-10-30 13:51:41.535 +01:00 [Information] Executed endpoint '"Forum.Controllers.HomeController.Index (Forum)"'
2023-10-30 13:51:41.596 +01:00 [Information] Request starting HTTP/2 GET https://localhost:7205/css/style.css?v=K9_3ozWCWmIQ7TTCkMUepIsfiWXUq63N5o27Kfgiy64 - -
2023-10-30 13:51:41.623 +01:00 [Information] Request starting HTTP/2 GET https://localhost:7205/_framework/aspnetcore-browser-refresh.js - -
2023-10-30 13:51:41.629 +01:00 [Information] Request starting HTTP/2 GET https://localhost:7205/_vs/browserLink - -
2023-10-30 13:51:41.632 +01:00 [Information] Request finished HTTP/2 GET https://localhost:7205/ - - - 200 - text/html;+charset=utf-8 1635.9527ms
2023-10-30 13:51:41.634 +01:00 [Information] Request finished HTTP/2 GET https://localhost:7205/_framework/aspnetcore-browser-refresh.js - - - 200 12342 application/javascript;+charset=utf-8 8.8610ms
2023-10-30 13:51:41.672 +01:00 [Information] Sending file. Request path: '"/css/style.css"'. Physical path: '"C:\Users\latif\source\repos\PROJECT_1WEB\Forum\MyShop\wwwroot\css\style.css"'
2023-10-30 13:51:41.673 +01:00 [Information] Request finished HTTP/2 GET https://localhost:7205/css/style.css?v=K9_3ozWCWmIQ7TTCkMUepIsfiWXUq63N5o27Kfgiy64 - - - 200 10967 text/css 76.6614ms
2023-10-30 13:51:41.679 +01:00 [Information] Request finished HTTP/2 GET https://localhost:7205/_vs/browserLink - - - 200 - text/javascript;+charset=UTF-8 49.9696ms
2023-10-30 13:51:43.371 +01:00 [Information] Request starting HTTP/2 GET https://localhost:7205/Room/RoomTable - -
2023-10-30 13:51:43.375 +01:00 [Information] Request finished HTTP/2 GET https://localhost:7205/Room/RoomTable - - - 404 0 - 4.6771ms
2023-10-30 13:51:45.255 +01:00 [Information] Request starting HTTP/2 GET https://localhost:7205/_framework/aspnetcore-browser-refresh.js - -
2023-10-30 13:51:45.256 +01:00 [Information] Request finished HTTP/2 GET https://localhost:7205/_framework/aspnetcore-browser-refresh.js - - - 200 12342 application/javascript;+charset=utf-8 0.6346ms
2023-10-30 13:51:47.089 +01:00 [Information] Request starting HTTP/2 GET https://localhost:7205/Category/CategoryTable - -
2023-10-30 13:51:47.091 +01:00 [Information] Executing endpoint '"Forum.Controllers.CategoryController.CategoryTable (Forum)"'
2023-10-30 13:51:47.096 +01:00 [Information] Route matched with "{action = \"CategoryTable\", controller = \"Category\", page = \"\", area = \"\"}". Executing controller action with signature "System.Threading.Tasks.Task`1[Microsoft.AspNetCore.Mvc.IActionResult] CategoryTable()" on controller "Forum.Controllers.CategoryController" ("Forum").
2023-10-30 13:51:47.133 +01:00 [Information] Executing action method "Forum.Controllers.CategoryController.CategoryTable (Forum)" - Validation state: Valid
2023-10-30 13:51:47.182 +01:00 [Information] Executed action method "Forum.Controllers.CategoryController.CategoryTable (Forum)", returned result "Microsoft.AspNetCore.Mvc.ViewResult" in 48.6307ms.
2023-10-30 13:51:47.184 +01:00 [Information] Executing ViewResult, running view "CategoryTable".
2023-10-30 13:51:47.248 +01:00 [Information] Executed ViewResult - view "CategoryTable" executed in 65.2218ms.
2023-10-30 13:51:47.248 +01:00 [Information] Executed action "Forum.Controllers.CategoryController.CategoryTable (Forum)" in 151.6877ms
2023-10-30 13:51:47.248 +01:00 [Information] Executed endpoint '"Forum.Controllers.CategoryController.CategoryTable (Forum)"'
2023-10-30 13:51:47.251 +01:00 [Information] Request finished HTTP/2 GET https://localhost:7205/Category/CategoryTable - - - 200 - text/html;+charset=utf-8 162.3973ms
2023-10-30 13:51:47.254 +01:00 [Information] Request starting HTTP/2 GET https://localhost:7205/_framework/aspnetcore-browser-refresh.js - -
2023-10-30 13:51:47.254 +01:00 [Information] Request starting HTTP/2 GET https://localhost:7205/css/style.css?v=K9_3ozWCWmIQ7TTCkMUepIsfiWXUq63N5o27Kfgiy64 - -
2023-10-30 13:51:47.254 +01:00 [Information] Request starting HTTP/2 GET https://localhost:7205/_vs/browserLink - -
2023-10-30 13:51:47.254 +01:00 [Information] Request finished HTTP/2 GET https://localhost:7205/_framework/aspnetcore-browser-refresh.js - - - 200 12342 application/javascript;+charset=utf-8 0.6822ms
2023-10-30 13:51:47.265 +01:00 [Information] The file "/css/style.css" was not modified
2023-10-30 13:51:47.265 +01:00 [Information] Request finished HTTP/2 GET https://localhost:7205/css/style.css?v=K9_3ozWCWmIQ7TTCkMUepIsfiWXUq63N5o27Kfgiy64 - - - 304 - text/css 11.6213ms
2023-10-30 13:51:47.298 +01:00 [Information] Request finished HTTP/2 GET https://localhost:7205/_vs/browserLink - - - 200 - text/javascript;+charset=UTF-8 44.0380ms
2023-10-30 13:51:49.089 +01:00 [Information] Request starting HTTP/2 GET https://localhost:7205/Category/CategoryDetails/1 - -
2023-10-30 13:51:49.093 +01:00 [Information] Executing endpoint '"Forum.Controllers.CategoryController.CategoryDetails (Forum)"'
2023-10-30 13:51:49.123 +01:00 [Information] Route matched with "{action = \"CategoryDetails\", controller = \"Category\", page = \"\", area = \"\"}". Executing controller action with signature "System.Threading.Tasks.Task`1[Microsoft.AspNetCore.Mvc.IActionResult] CategoryDetails(Int32)" on controller "Forum.Controllers.CategoryController" ("Forum").
2023-10-30 13:51:49.177 +01:00 [Information] Executing action method "Forum.Controllers.CategoryController.CategoryDetails (Forum)" - Validation state: Valid
2023-10-30 13:51:49.183 +01:00 [Information] [CategoryController] Id passed to categorydetails: 1.
2023-10-30 13:51:49.190 +01:00 [Information] [CategoryRep] Getting the category with id: 1: 
2023-10-30 13:51:49.210 +01:00 [Information] Executed action method "Forum.Controllers.CategoryController.CategoryDetails (Forum)", returned result "Microsoft.AspNetCore.Mvc.ViewResult" in 32.2815ms.
2023-10-30 13:51:49.212 +01:00 [Information] Executing ViewResult, running view "CategoryDetails".
2023-10-30 13:51:49.313 +01:00 [Information] Executed ViewResult - view "CategoryDetails" executed in 103.1058ms.
2023-10-30 13:51:49.314 +01:00 [Information] Executed action "Forum.Controllers.CategoryController.CategoryDetails (Forum)" in 190.4371ms
2023-10-30 13:51:49.314 +01:00 [Information] Executed endpoint '"Forum.Controllers.CategoryController.CategoryDetails (Forum)"'
2023-10-30 13:51:49.316 +01:00 [Information] Request finished HTTP/2 GET https://localhost:7205/Category/CategoryDetails/1 - - - 200 - text/html;+charset=utf-8 227.3580ms
2023-10-30 13:51:49.319 +01:00 [Information] Request starting HTTP/2 GET https://localhost:7205/_vs/browserLink - -
2023-10-30 13:51:49.319 +01:00 [Information] Request starting HTTP/2 GET https://localhost:7205/_framework/aspnetcore-browser-refresh.js - -
2023-10-30 13:51:49.319 +01:00 [Information] Request starting HTTP/2 GET https://localhost:7205/css/style.css?v=K9_3ozWCWmIQ7TTCkMUepIsfiWXUq63N5o27Kfgiy64 - -
2023-10-30 13:51:49.320 +01:00 [Information] Request finished HTTP/2 GET https://localhost:7205/_framework/aspnetcore-browser-refresh.js - - - 200 12342 application/javascript;+charset=utf-8 0.8148ms
2023-10-30 13:51:49.320 +01:00 [Information] The file "/css/style.css" was not modified
2023-10-30 13:51:49.320 +01:00 [Information] Request finished HTTP/2 GET https://localhost:7205/css/style.css?v=K9_3ozWCWmIQ7TTCkMUepIsfiWXUq63N5o27Kfgiy64 - - - 304 - text/css 1.1743ms
2023-10-30 13:51:49.331 +01:00 [Information] Request finished HTTP/2 GET https://localhost:7205/_vs/browserLink - - - 200 - text/javascript;+charset=UTF-8 11.9357ms
2023-10-30 13:51:53.424 +01:00 [Information] Request starting HTTP/2 GET https://localhost:7205/css/style.css?v=K9_3ozWCWmIQ7TTCkMUepIsfiWXUq63N5o27Kfgiy64 - -
2023-10-30 13:51:53.424 +01:00 [Information] The file "/css/style.css" was not modified
2023-10-30 13:51:53.424 +01:00 [Information] Request finished HTTP/2 GET https://localhost:7205/css/style.css?v=K9_3ozWCWmIQ7TTCkMUepIsfiWXUq63N5o27Kfgiy64 - - - 304 - text/css 1.3237ms
2023-10-30 13:52:03.047 +01:00 [Information] Request starting HTTP/2 GET https://localhost:7205/Identity/Account/Login - -
2023-10-30 13:52:03.049 +01:00 [Information] Executing endpoint '"/Account/Login"'
2023-10-30 13:52:03.069 +01:00 [Information] Route matched with "{page = \"/Account/Login\", area = \"Identity\", action = \"\", controller = \"\"}". Executing page "/Account/Login"
2023-10-30 13:52:03.098 +01:00 [Information] Executing handler method "Forum.Areas.Identity.Pages.Account.LoginModel.OnGetAsync" - ModelState is Valid
2023-10-30 13:52:03.117 +01:00 [Information] AuthenticationScheme: "Identity.External" signed out.
2023-10-30 13:52:03.121 +01:00 [Information] Executed handler method "OnGetAsync", returned result "".
2023-10-30 13:52:03.132 +01:00 [Information] Executing an implicit handler method - ModelState is Valid
2023-10-30 13:52:03.132 +01:00 [Information] Executed an implicit handler method, returned result "Microsoft.AspNetCore.Mvc.RazorPages.PageResult".
2023-10-30 13:52:03.266 +01:00 [Information] Executed page "/Account/Login" in 196.0797ms
2023-10-30 13:52:03.267 +01:00 [Information] Executed endpoint '"/Account/Login"'
2023-10-30 13:52:03.269 +01:00 [Information] Request finished HTTP/2 GET https://localhost:7205/Identity/Account/Login - - - 200 - text/html;+charset=utf-8 222.2162ms
2023-10-30 13:52:03.276 +01:00 [Information] Request starting HTTP/2 GET https://localhost:7205/_framework/aspnetcore-browser-refresh.js - -
2023-10-30 13:52:03.277 +01:00 [Information] Request finished HTTP/2 GET https://localhost:7205/_framework/aspnetcore-browser-refresh.js - - - 200 12342 application/javascript;+charset=utf-8 0.3734ms
2023-10-30 13:52:03.277 +01:00 [Information] Request starting HTTP/2 GET https://localhost:7205/css/style.css?v=K9_3ozWCWmIQ7TTCkMUepIsfiWXUq63N5o27Kfgiy64 - -
2023-10-30 13:52:03.278 +01:00 [Information] The file "/css/style.css" was not modified
2023-10-30 13:52:03.278 +01:00 [Information] Request finished HTTP/2 GET https://localhost:7205/css/style.css?v=K9_3ozWCWmIQ7TTCkMUepIsfiWXUq63N5o27Kfgiy64 - - - 304 - text/css 1.4759ms
2023-10-30 13:52:03.287 +01:00 [Information] Request starting HTTP/2 GET https://localhost:7205/_vs/browserLink - -
2023-10-30 13:52:03.291 +01:00 [Information] Request finished HTTP/2 GET https://localhost:7205/_vs/browserLink - - - 200 - text/javascript;+charset=UTF-8 3.4325ms
2023-10-30 13:52:06.180 +01:00 [Information] Request starting HTTP/2 POST https://localhost:7205/Identity/Account/Login application/x-www-form-urlencoded 280
2023-10-30 13:52:06.188 +01:00 [Information] Executing endpoint '"/Account/Login"'
2023-10-30 13:52:06.189 +01:00 [Information] Route matched with "{page = \"/Account/Login\", area = \"Identity\", action = \"\", controller = \"\"}". Executing page "/Account/Login"
2023-10-30 13:52:06.252 +01:00 [Information] Executing handler method "Forum.Areas.Identity.Pages.Account.LoginModel.OnPostAsync" - ModelState is Valid
2023-10-30 13:52:06.661 +01:00 [Information] AuthenticationScheme: "Identity.Application" signed in.
2023-10-30 13:52:06.666 +01:00 [Information] User logged in.
2023-10-30 13:52:06.668 +01:00 [Information] Executed handler method "OnPostAsync", returned result "Microsoft.AspNetCore.Mvc.LocalRedirectResult".
2023-10-30 13:52:06.669 +01:00 [Information] Executing LocalRedirectResult, redirecting to "/".
2023-10-30 13:52:06.669 +01:00 [Information] Executed page "/Account/Login" in 480.2161ms
2023-10-30 13:52:06.670 +01:00 [Information] Executed endpoint '"/Account/Login"'
2023-10-30 13:52:06.670 +01:00 [Information] Request finished HTTP/2 POST https://localhost:7205/Identity/Account/Login application/x-www-form-urlencoded 280 - 302 0 - 490.5810ms
2023-10-30 13:52:06.675 +01:00 [Information] Request starting HTTP/2 GET https://localhost:7205/ - -
2023-10-30 13:52:06.690 +01:00 [Information] Executing endpoint '"Forum.Controllers.HomeController.Index (Forum)"'
2023-10-30 13:52:06.691 +01:00 [Information] Route matched with "{action = \"Index\", controller = \"Home\", page = \"\", area = \"\"}". Executing controller action with signature "System.Threading.Tasks.Task`1[Microsoft.AspNetCore.Mvc.IActionResult] Index()" on controller "Forum.Controllers.HomeController" ("Forum").
2023-10-30 13:52:06.721 +01:00 [Information] Executing action method "Forum.Controllers.HomeController.Index (Forum)" - Validation state: Valid
2023-10-30 13:52:06.726 +01:00 [Information] Executed action method "Forum.Controllers.HomeController.Index (Forum)", returned result "Microsoft.AspNetCore.Mvc.ViewResult" in 5.3057ms.
2023-10-30 13:52:06.726 +01:00 [Information] Executing ViewResult, running view "Index".
2023-10-30 13:52:06.809 +01:00 [Information] Executed ViewResult - view "Index" executed in 82.201ms.
2023-10-30 13:52:06.809 +01:00 [Information] Executed action "Forum.Controllers.HomeController.Index (Forum)" in 118.4648ms
2023-10-30 13:52:06.809 +01:00 [Information] Executed endpoint '"Forum.Controllers.HomeController.Index (Forum)"'
2023-10-30 13:52:06.814 +01:00 [Information] Request finished HTTP/2 GET https://localhost:7205/ - - - 200 - text/html;+charset=utf-8 138.8444ms
2023-10-30 13:52:06.818 +01:00 [Information] Request starting HTTP/2 GET https://localhost:7205/css/style.css?v=K9_3ozWCWmIQ7TTCkMUepIsfiWXUq63N5o27Kfgiy64 - -
2023-10-30 13:52:06.819 +01:00 [Information] The file "/css/style.css" was not modified
2023-10-30 13:52:06.819 +01:00 [Information] Request finished HTTP/2 GET https://localhost:7205/css/style.css?v=K9_3ozWCWmIQ7TTCkMUepIsfiWXUq63N5o27Kfgiy64 - - - 304 - text/css 0.4501ms
2023-10-30 13:52:06.843 +01:00 [Information] Request starting HTTP/2 GET https://localhost:7205/_framework/aspnetcore-browser-refresh.js - -
2023-10-30 13:52:06.844 +01:00 [Information] Request finished HTTP/2 GET https://localhost:7205/_framework/aspnetcore-browser-refresh.js - - - 200 12342 application/javascript;+charset=utf-8 0.3821ms
2023-10-30 13:52:06.852 +01:00 [Information] Request starting HTTP/2 GET https://localhost:7205/_vs/browserLink - -
2023-10-30 13:52:06.855 +01:00 [Information] Request finished HTTP/2 GET https://localhost:7205/_vs/browserLink - - - 200 - text/javascript;+charset=UTF-8 3.1552ms
2023-10-30 13:52:10.310 +01:00 [Information] Request starting HTTP/2 GET https://localhost:7205/Category/CategoryTable - -
2023-10-30 13:52:10.317 +01:00 [Information] Executing endpoint '"Forum.Controllers.CategoryController.CategoryTable (Forum)"'
2023-10-30 13:52:10.317 +01:00 [Information] Route matched with "{action = \"CategoryTable\", controller = \"Category\", page = \"\", area = \"\"}". Executing controller action with signature "System.Threading.Tasks.Task`1[Microsoft.AspNetCore.Mvc.IActionResult] CategoryTable()" on controller "Forum.Controllers.CategoryController" ("Forum").
2023-10-30 13:52:10.349 +01:00 [Information] Executing action method "Forum.Controllers.CategoryController.CategoryTable (Forum)" - Validation state: Valid
2023-10-30 13:52:10.355 +01:00 [Information] Executed action method "Forum.Controllers.CategoryController.CategoryTable (Forum)", returned result "Microsoft.AspNetCore.Mvc.ViewResult" in 5.7077ms.
2023-10-30 13:52:10.355 +01:00 [Information] Executing ViewResult, running view "CategoryTable".
2023-10-30 13:52:10.369 +01:00 [Information] Executed ViewResult - view "CategoryTable" executed in 13.515ms.
2023-10-30 13:52:10.369 +01:00 [Information] Executed action "Forum.Controllers.CategoryController.CategoryTable (Forum)" in 52.0748ms
2023-10-30 13:52:10.369 +01:00 [Information] Executed endpoint '"Forum.Controllers.CategoryController.CategoryTable (Forum)"'
2023-10-30 13:52:10.372 +01:00 [Information] Request finished HTTP/2 GET https://localhost:7205/Category/CategoryTable - - - 200 - text/html;+charset=utf-8 61.5338ms
2023-10-30 13:52:10.376 +01:00 [Information] Request starting HTTP/2 GET https://localhost:7205/_framework/aspnetcore-browser-refresh.js - -
2023-10-30 13:52:10.377 +01:00 [Information] Request starting HTTP/2 GET https://localhost:7205/_vs/browserLink - -
2023-10-30 13:52:10.377 +01:00 [Information] Request finished HTTP/2 GET https://localhost:7205/_framework/aspnetcore-browser-refresh.js - - - 200 12342 application/javascript;+charset=utf-8 0.5759ms
2023-10-30 13:52:10.377 +01:00 [Information] Request starting HTTP/2 GET https://localhost:7205/css/style.css?v=K9_3ozWCWmIQ7TTCkMUepIsfiWXUq63N5o27Kfgiy64 - -
2023-10-30 13:52:10.379 +01:00 [Information] The file "/css/style.css" was not modified
2023-10-30 13:52:10.388 +01:00 [Information] Request finished HTTP/2 GET https://localhost:7205/css/style.css?v=K9_3ozWCWmIQ7TTCkMUepIsfiWXUq63N5o27Kfgiy64 - - - 304 - text/css 3.1414ms
2023-10-30 13:52:10.390 +01:00 [Information] Request finished HTTP/2 GET https://localhost:7205/_vs/browserLink - - - 200 - text/javascript;+charset=UTF-8 13.5500ms
2023-10-30 13:52:14.390 +01:00 [Information] Request starting HTTP/2 GET https://localhost:7205/Room/RoomTable - -
2023-10-30 13:52:14.400 +01:00 [Information] Request finished HTTP/2 GET https://localhost:7205/Room/RoomTable - - - 404 0 - 9.7831ms
2023-10-30 13:52:16.386 +01:00 [Information] Request starting HTTP/2 GET https://localhost:7205/Category/CategoryTable - -
2023-10-30 13:52:16.393 +01:00 [Information] Executing endpoint '"Forum.Controllers.CategoryController.CategoryTable (Forum)"'
2023-10-30 13:52:16.394 +01:00 [Information] Route matched with "{action = \"CategoryTable\", controller = \"Category\", page = \"\", area = \"\"}". Executing controller action with signature "System.Threading.Tasks.Task`1[Microsoft.AspNetCore.Mvc.IActionResult] CategoryTable()" on controller "Forum.Controllers.CategoryController" ("Forum").
2023-10-30 13:52:16.422 +01:00 [Information] Executing action method "Forum.Controllers.CategoryController.CategoryTable (Forum)" - Validation state: Valid
2023-10-30 13:52:16.427 +01:00 [Information] Executed action method "Forum.Controllers.CategoryController.CategoryTable (Forum)", returned result "Microsoft.AspNetCore.Mvc.ViewResult" in 4.9219ms.
2023-10-30 13:52:16.427 +01:00 [Information] Executing ViewResult, running view "CategoryTable".
2023-10-30 13:52:16.436 +01:00 [Information] Executed ViewResult - view "CategoryTable" executed in 9.2144ms.
2023-10-30 13:52:16.436 +01:00 [Information] Executed action "Forum.Controllers.CategoryController.CategoryTable (Forum)" in 42.7603ms
2023-10-30 13:52:16.437 +01:00 [Information] Executed endpoint '"Forum.Controllers.CategoryController.CategoryTable (Forum)"'
2023-10-30 13:52:16.441 +01:00 [Information] Request finished HTTP/2 GET https://localhost:7205/Category/CategoryTable - - - 200 - text/html;+charset=utf-8 54.3074ms
2023-10-30 13:52:16.465 +01:00 [Information] Request starting HTTP/2 GET https://localhost:7205/_framework/aspnetcore-browser-refresh.js - -
2023-10-30 13:52:16.466 +01:00 [Information] Request finished HTTP/2 GET https://localhost:7205/_framework/aspnetcore-browser-refresh.js - - - 200 12342 application/javascript;+charset=utf-8 0.6383ms
2023-10-30 13:52:19.473 +01:00 [Information] Request starting HTTP/2 GET https://localhost:7205/Topic/TopicTable - -
2023-10-30 13:52:19.482 +01:00 [Information] Request finished HTTP/2 GET https://localhost:7205/Topic/TopicTable - - - 404 0 - 9.6481ms
2023-10-30 13:52:21.710 +01:00 [Information] Request starting HTTP/2 GET https://localhost:7205/Category/CategoryTable - -
2023-10-30 13:52:21.717 +01:00 [Information] Executing endpoint '"Forum.Controllers.CategoryController.CategoryTable (Forum)"'
2023-10-30 13:52:21.717 +01:00 [Information] Route matched with "{action = \"CategoryTable\", controller = \"Category\", page = \"\", area = \"\"}". Executing controller action with signature "System.Threading.Tasks.Task`1[Microsoft.AspNetCore.Mvc.IActionResult] CategoryTable()" on controller "Forum.Controllers.CategoryController" ("Forum").
2023-10-30 13:52:21.745 +01:00 [Information] Executing action method "Forum.Controllers.CategoryController.CategoryTable (Forum)" - Validation state: Valid
2023-10-30 13:52:21.751 +01:00 [Information] Executed action method "Forum.Controllers.CategoryController.CategoryTable (Forum)", returned result "Microsoft.AspNetCore.Mvc.ViewResult" in 5.3587ms.
2023-10-30 13:52:21.751 +01:00 [Information] Executing ViewResult, running view "CategoryTable".
2023-10-30 13:52:21.759 +01:00 [Information] Executed ViewResult - view "CategoryTable" executed in 7.541ms.
2023-10-30 13:52:21.759 +01:00 [Information] Executed action "Forum.Controllers.CategoryController.CategoryTable (Forum)" in 42.2476ms
2023-10-30 13:52:21.759 +01:00 [Information] Executed endpoint '"Forum.Controllers.CategoryController.CategoryTable (Forum)"'
2023-10-30 13:52:21.763 +01:00 [Information] Request finished HTTP/2 GET https://localhost:7205/Category/CategoryTable - - - 200 - text/html;+charset=utf-8 52.3979ms
2023-10-30 13:52:21.769 +01:00 [Information] Request starting HTTP/2 GET https://localhost:7205/_framework/aspnetcore-browser-refresh.js - -
2023-10-30 13:52:21.769 +01:00 [Information] Request finished HTTP/2 GET https://localhost:7205/_framework/aspnetcore-browser-refresh.js - - - 200 12342 application/javascript;+charset=utf-8 0.2865ms
2023-10-30 13:52:23.975 +01:00 [Information] Request starting HTTP/2 GET https://localhost:7205/Category/CategoryTable - -
2023-10-30 13:52:23.984 +01:00 [Information] Executing endpoint '"Forum.Controllers.CategoryController.CategoryTable (Forum)"'
2023-10-30 13:52:23.984 +01:00 [Information] Route matched with "{action = \"CategoryTable\", controller = \"Category\", page = \"\", area = \"\"}". Executing controller action with signature "System.Threading.Tasks.Task`1[Microsoft.AspNetCore.Mvc.IActionResult] CategoryTable()" on controller "Forum.Controllers.CategoryController" ("Forum").
2023-10-30 13:52:24.014 +01:00 [Information] Executing action method "Forum.Controllers.CategoryController.CategoryTable (Forum)" - Validation state: Valid
2023-10-30 13:52:24.020 +01:00 [Information] Executed action method "Forum.Controllers.CategoryController.CategoryTable (Forum)", returned result "Microsoft.AspNetCore.Mvc.ViewResult" in 5.028ms.
2023-10-30 13:52:24.020 +01:00 [Information] Executing ViewResult, running view "CategoryTable".
2023-10-30 13:52:24.030 +01:00 [Information] Executed ViewResult - view "CategoryTable" executed in 10.5264ms.
2023-10-30 13:52:24.031 +01:00 [Information] Executed action "Forum.Controllers.CategoryController.CategoryTable (Forum)" in 46.3363ms
2023-10-30 13:52:24.031 +01:00 [Information] Executed endpoint '"Forum.Controllers.CategoryController.CategoryTable (Forum)"'
2023-10-30 13:52:24.034 +01:00 [Information] Request finished HTTP/2 GET https://localhost:7205/Category/CategoryTable - - - 200 - text/html;+charset=utf-8 58.8673ms
2023-10-30 13:52:24.038 +01:00 [Information] Request starting HTTP/2 GET https://localhost:7205/css/style.css?v=K9_3ozWCWmIQ7TTCkMUepIsfiWXUq63N5o27Kfgiy64 - -
2023-10-30 13:52:24.038 +01:00 [Information] Request starting HTTP/2 GET https://localhost:7205/_framework/aspnetcore-browser-refresh.js - -
2023-10-30 13:52:24.038 +01:00 [Information] Request starting HTTP/2 GET https://localhost:7205/_vs/browserLink - -
2023-10-30 13:52:24.038 +01:00 [Information] The file "/css/style.css" was not modified
2023-10-30 13:52:24.039 +01:00 [Information] Request finished HTTP/2 GET https://localhost:7205/css/style.css?v=K9_3ozWCWmIQ7TTCkMUepIsfiWXUq63N5o27Kfgiy64 - - - 304 - text/css 1.3896ms
2023-10-30 13:52:24.041 +01:00 [Information] Request finished HTTP/2 GET https://localhost:7205/_framework/aspnetcore-browser-refresh.js - - - 200 12342 application/javascript;+charset=utf-8 0.3893ms
2023-10-30 13:52:24.045 +01:00 [Information] Request finished HTTP/2 GET https://localhost:7205/_vs/browserLink - - - 200 - text/javascript;+charset=UTF-8 6.9911ms
2023-10-30 13:52:32.644 +01:00 [Information] Request starting HTTP/2 GET https://localhost:7205/Category/CategoryTable - -
2023-10-30 13:52:32.650 +01:00 [Information] Executing endpoint '"Forum.Controllers.CategoryController.CategoryTable (Forum)"'
2023-10-30 13:52:32.650 +01:00 [Information] Route matched with "{action = \"CategoryTable\", controller = \"Category\", page = \"\", area = \"\"}". Executing controller action with signature "System.Threading.Tasks.Task`1[Microsoft.AspNetCore.Mvc.IActionResult] CategoryTable()" on controller "Forum.Controllers.CategoryController" ("Forum").
2023-10-30 13:52:32.679 +01:00 [Information] Executing action method "Forum.Controllers.CategoryController.CategoryTable (Forum)" - Validation state: Valid
2023-10-30 13:52:32.684 +01:00 [Information] Executed action method "Forum.Controllers.CategoryController.CategoryTable (Forum)", returned result "Microsoft.AspNetCore.Mvc.ViewResult" in 5.0058ms.
2023-10-30 13:52:32.685 +01:00 [Information] Executing ViewResult, running view "CategoryTable".
2023-10-30 13:52:32.694 +01:00 [Information] Executed ViewResult - view "CategoryTable" executed in 9.5117ms.
2023-10-30 13:52:32.695 +01:00 [Information] Executed action "Forum.Controllers.CategoryController.CategoryTable (Forum)" in 44.4927ms
2023-10-30 13:52:32.695 +01:00 [Information] Executed endpoint '"Forum.Controllers.CategoryController.CategoryTable (Forum)"'
2023-10-30 13:52:32.698 +01:00 [Information] Request finished HTTP/2 GET https://localhost:7205/Category/CategoryTable - - - 200 - text/html;+charset=utf-8 53.9152ms
2023-10-30 13:52:32.702 +01:00 [Information] Request starting HTTP/2 GET https://localhost:7205/css/style.css?v=K9_3ozWCWmIQ7TTCkMUepIsfiWXUq63N5o27Kfgiy64 - -
2023-10-30 13:52:32.702 +01:00 [Information] Request starting HTTP/2 GET https://localhost:7205/_vs/browserLink - -
2023-10-30 13:52:32.702 +01:00 [Information] Request starting HTTP/2 GET https://localhost:7205/_framework/aspnetcore-browser-refresh.js - -
2023-10-30 13:52:32.703 +01:00 [Information] The file "/css/style.css" was not modified
2023-10-30 13:52:32.703 +01:00 [Information] Request finished HTTP/2 GET https://localhost:7205/css/style.css?v=K9_3ozWCWmIQ7TTCkMUepIsfiWXUq63N5o27Kfgiy64 - - - 304 - text/css 1.2960ms
2023-10-30 13:52:32.703 +01:00 [Information] Request finished HTTP/2 GET https://localhost:7205/_framework/aspnetcore-browser-refresh.js - - - 200 12342 application/javascript;+charset=utf-8 0.8737ms
2023-10-30 13:52:32.710 +01:00 [Information] Request finished HTTP/2 GET https://localhost:7205/_vs/browserLink - - - 200 - text/javascript;+charset=UTF-8 7.4998ms
2023-10-30 13:52:36.051 +01:00 [Information] Request starting HTTP/2 GET https://localhost:7205/Category/CategoryGrid - -
2023-10-30 13:52:36.058 +01:00 [Information] Executing endpoint '"Forum.Controllers.CategoryController.CategoryGrid (Forum)"'
2023-10-30 13:52:36.063 +01:00 [Information] Route matched with "{action = \"CategoryGrid\", controller = \"Category\", page = \"\", area = \"\"}". Executing controller action with signature "System.Threading.Tasks.Task`1[Microsoft.AspNetCore.Mvc.IActionResult] CategoryGrid()" on controller "Forum.Controllers.CategoryController" ("Forum").
2023-10-30 13:52:36.092 +01:00 [Information] Executing action method "Forum.Controllers.CategoryController.CategoryGrid (Forum)" - Validation state: Valid
2023-10-30 13:52:36.101 +01:00 [Information] Executed action method "Forum.Controllers.CategoryController.CategoryGrid (Forum)", returned result "Microsoft.AspNetCore.Mvc.ViewResult" in 8.344ms.
2023-10-30 13:52:36.102 +01:00 [Information] Executing ViewResult, running view "CategoryGrid".
2023-10-30 13:52:36.122 +01:00 [Information] Executed ViewResult - view "CategoryGrid" executed in 20.8092ms.
2023-10-30 13:52:36.122 +01:00 [Information] Executed action "Forum.Controllers.CategoryController.CategoryGrid (Forum)" in 58.3343ms
2023-10-30 13:52:36.122 +01:00 [Information] Executed endpoint '"Forum.Controllers.CategoryController.CategoryGrid (Forum)"'
2023-10-30 13:52:36.125 +01:00 [Information] Request finished HTTP/2 GET https://localhost:7205/Category/CategoryGrid - - - 200 - text/html;+charset=utf-8 73.5355ms
2023-10-30 13:52:36.136 +01:00 [Information] Request starting HTTP/2 GET https://localhost:7205/_framework/aspnetcore-browser-refresh.js - -
2023-10-30 13:52:36.137 +01:00 [Information] Request finished HTTP/2 GET https://localhost:7205/_framework/aspnetcore-browser-refresh.js - - - 200 12342 application/javascript;+charset=utf-8 1.1754ms
2023-10-30 13:52:36.138 +01:00 [Information] Request starting HTTP/2 GET https://localhost:7205/_vs/browserLink - -
2023-10-30 13:52:36.143 +01:00 [Information] Request finished HTTP/2 GET https://localhost:7205/_vs/browserLink - - - 200 - text/javascript;+charset=UTF-8 5.2968ms
