2023-10-30 03:42:05.255 +01:00 [Information] User profile is available. Using '"C:\Users\Johan\AppData\Local\ASP.NET\DataProtection-Keys"' as key repository and Windows DPAPI to encrypt keys at rest.
2023-10-30 03:42:05.880 +01:00 [Information] Now listening on: "https://localhost:7205"
2023-10-30 03:42:05.881 +01:00 [Information] Now listening on: "http://localhost:5112"
2023-10-30 03:42:05.886 +01:00 [Information] Application started. Press Ctrl+C to shut down.
2023-10-30 03:42:05.887 +01:00 [Information] Hosting environment: "Development"
2023-10-30 03:42:05.888 +01:00 [Information] Content root path: "C:\Users\Johan\Source\Repos\N4h0\Forum\MyShop\"
2023-10-30 03:42:06.494 +01:00 [Information] Request starting HTTP/2 GET https://localhost:7205/ - -
2023-10-30 03:42:06.546 +01:00 [Information] Executing endpoint '"Forum.Controllers.HomeController.Index (Forum)"'
2023-10-30 03:42:06.555 +01:00 [Information] Route matched with "{action = \"Index\", controller = \"Home\", page = \"\", area = \"\"}". Executing controller action with signature "System.Threading.Tasks.Task`1[Microsoft.AspNetCore.Mvc.IActionResult] Index()" on controller "Forum.Controllers.HomeController" ("Forum").
2023-10-30 03:42:06.595 +01:00 [Information] Executing ViewResult, running view "Index".
2023-10-30 03:42:06.787 +01:00 [Information] Executed ViewResult - view "Index" executed in 191.7911ms.
2023-10-30 03:42:06.791 +01:00 [Information] Executed action "Forum.Controllers.HomeController.Index (Forum)" in 234.9679ms
2023-10-30 03:42:06.791 +01:00 [Information] Executed endpoint '"Forum.Controllers.HomeController.Index (Forum)"'
2023-10-30 03:42:06.815 +01:00 [Information] Request finished HTTP/2 GET https://localhost:7205/ - - - 200 - text/html;+charset=utf-8 323.2223ms
2023-10-30 03:42:06.853 +01:00 [Information] Request starting HTTP/2 GET https://localhost:7205/_framework/aspnetcore-browser-refresh.js - -
2023-10-30 03:42:06.856 +01:00 [Information] Request finished HTTP/2 GET https://localhost:7205/_framework/aspnetcore-browser-refresh.js - - - 200 12342 application/javascript;+charset=utf-8 2.9415ms
2023-10-30 03:42:06.859 +01:00 [Information] Request starting HTTP/2 GET https://localhost:7205/_vs/browserLink - -
2023-10-30 03:42:06.868 +01:00 [Information] Request finished HTTP/2 GET https://localhost:7205/_vs/browserLink - - - 200 - text/javascript;+charset=UTF-8 9.0215ms
2023-10-30 03:42:07.777 +01:00 [Information] Request starting HTTP/2 GET https://localhost:7205/Post/PostDetails/2 - -
2023-10-30 03:42:07.783 +01:00 [Information] Executing endpoint '"Forum.Controllers.PostController.PostDetails (Forum)"'
2023-10-30 03:42:07.790 +01:00 [Information] Route matched with "{action = \"PostDetails\", controller = \"Post\", page = \"\", area = \"\"}". Executing controller action with signature "System.Threading.Tasks.Task`1[Microsoft.AspNetCore.Mvc.IActionResult] PostDetails(Int32)" on controller "Forum.Controllers.PostController" ("Forum").
2023-10-30 03:42:07.800 +01:00 [Information] Executing ViewResult, running view "PostDetails".
2023-10-30 03:42:07.861 +01:00 [Information] Executed ViewResult - view "PostDetails" executed in 61.4458ms.
2023-10-30 03:42:07.861 +01:00 [Information] Executed action "Forum.Controllers.PostController.PostDetails (Forum)" in 71.5633ms
2023-10-30 03:42:07.861 +01:00 [Information] Executed endpoint '"Forum.Controllers.PostController.PostDetails (Forum)"'
2023-10-30 03:42:07.862 +01:00 [Information] Request finished HTTP/2 GET https://localhost:7205/Post/PostDetails/2 - - - 200 - text/html;+charset=utf-8 85.1187ms
2023-10-30 03:42:07.868 +01:00 [Information] Request starting HTTP/2 GET https://localhost:7205/_framework/aspnetcore-browser-refresh.js - -
2023-10-30 03:42:07.869 +01:00 [Information] Request starting HTTP/2 GET https://localhost:7205/_vs/browserLink - -
2023-10-30 03:42:07.869 +01:00 [Information] Request finished HTTP/2 GET https://localhost:7205/_framework/aspnetcore-browser-refresh.js - - - 200 12342 application/javascript;+charset=utf-8 0.5975ms
2023-10-30 03:42:07.872 +01:00 [Information] Request finished HTTP/2 GET https://localhost:7205/_vs/browserLink - - - 200 - text/javascript;+charset=UTF-8 3.6440ms
