2023-10-24 11:44:48.039 +02:00 [Information] User profile is available. Using '"C:\Users\abdik\AppData\Local\ASP.NET\DataProtection-Keys"' as key repository and Windows DPAPI to encrypt keys at rest.
2023-10-24 11:44:48.415 +02:00 [Information] Now listening on: "https://localhost:7205"
2023-10-24 11:44:48.415 +02:00 [Information] Now listening on: "http://localhost:5112"
2023-10-24 11:44:48.418 +02:00 [Information] Application started. Press Ctrl+C to shut down.
2023-10-24 11:44:48.418 +02:00 [Information] Hosting environment: "Development"
2023-10-24 11:44:48.418 +02:00 [Information] Content root path: "C:\Users\abdik\Source\Repos\Forum\MyShop\"
2023-10-24 11:44:48.676 +02:00 [Information] Request starting HTTP/2 GET https://localhost:7205/ - -
2023-10-24 11:44:48.710 +02:00 [Information] Executing endpoint '"Forum.Controllers.HomeController.Index (Forum)"'
2023-10-24 11:44:48.717 +02:00 [Information] Route matched with "{action = \"Index\", controller = \"Home\", page = \"\", area = \"\"}". Executing controller action with signature "Microsoft.AspNetCore.Mvc.IActionResult Index()" on controller "Forum.Controllers.HomeController" ("Forum").
2023-10-24 11:44:48.721 +02:00 [Information] Executing ViewResult, running view "Index".
2023-10-24 11:44:48.817 +02:00 [Information] Executed ViewResult - view "Index" executed in 94.612ms.
2023-10-24 11:44:48.819 +02:00 [Information] Executed action "Forum.Controllers.HomeController.Index (Forum)" in 101.3933ms
2023-10-24 11:44:48.819 +02:00 [Information] Executed endpoint '"Forum.Controllers.HomeController.Index (Forum)"'
2023-10-24 11:44:48.837 +02:00 [Information] Request finished HTTP/2 GET https://localhost:7205/ - - - 200 - text/html;+charset=utf-8 164.0733ms
2023-10-24 11:44:48.857 +02:00 [Information] Request starting HTTP/2 GET https://localhost:7205/style.css - -
2023-10-24 11:44:48.860 +02:00 [Information] Request finished HTTP/2 GET https://localhost:7205/style.css - - - 404 0 - 3.0989ms
2023-10-24 11:44:48.863 +02:00 [Information] Request starting HTTP/2 GET https://localhost:7205/images/vacation.jpg - -
2023-10-24 11:44:48.863 +02:00 [Information] Request starting HTTP/2 GET https://localhost:7205/_framework/aspnetcore-browser-refresh.js - -
2023-10-24 11:44:48.865 +02:00 [Information] Request finished HTTP/2 GET https://localhost:7205/_framework/aspnetcore-browser-refresh.js - - - 200 12342 application/javascript;+charset=utf-8 1.7403ms
2023-10-24 11:44:48.869 +02:00 [Information] Request starting HTTP/2 GET https://localhost:7205/_vs/browserLink - -
2023-10-24 11:44:48.871 +02:00 [Information] The file "/images/vacation.jpg" was not modified
2023-10-24 11:44:48.872 +02:00 [Information] Request finished HTTP/2 GET https://localhost:7205/images/vacation.jpg - - - 304 - image/jpeg 8.8953ms
2023-10-24 11:44:48.876 +02:00 [Information] Request finished HTTP/2 GET https://localhost:7205/_vs/browserLink - - - 200 - text/javascript;+charset=UTF-8 6.4317ms
