2023-10-25 17:38:43.032 +02:00 [Information] User profile is available. Using '"C:\Users\Johan\AppData\Local\ASP.NET\DataProtection-Keys"' as key repository and Windows DPAPI to encrypt keys at rest.
2023-10-25 17:38:43.641 +02:00 [Information] Now listening on: "https://localhost:7205"
2023-10-25 17:38:43.642 +02:00 [Information] Now listening on: "http://localhost:5112"
2023-10-25 17:38:43.647 +02:00 [Information] Application started. Press Ctrl+C to shut down.
2023-10-25 17:38:43.649 +02:00 [Information] Hosting environment: "Development"
2023-10-25 17:38:43.650 +02:00 [Information] Content root path: "C:\Users\Johan\Source\Repos\N4h0\Forum\MyShop\"
2023-10-25 17:38:44.499 +02:00 [Information] Request starting HTTP/2 GET https://localhost:7205/ - -
2023-10-25 17:38:44.540 +02:00 [Information] Executing endpoint '"Forum.Controllers.HomeController.Index (Forum)"'
2023-10-25 17:38:44.551 +02:00 [Information] Route matched with "{action = \"Index\", controller = \"Home\", page = \"\", area = \"\"}". Executing controller action with signature "System.Threading.Tasks.Task`1[Microsoft.AspNetCore.Mvc.IActionResult] Index()" on controller "Forum.Controllers.HomeController" ("Forum").
2023-10-25 17:38:44.585 +02:00 [Information] Executing ViewResult, running view "Index".
2023-10-25 17:38:44.685 +02:00 [Information] Executed ViewResult - view "Index" executed in 101.9246ms.
2023-10-25 17:38:44.686 +02:00 [Information] Executed action "Forum.Controllers.HomeController.Index (Forum)" in 134.6406ms
2023-10-25 17:38:44.686 +02:00 [Information] Executed endpoint '"Forum.Controllers.HomeController.Index (Forum)"'
2023-10-25 17:38:44.695 +02:00 [Information] Request finished HTTP/2 GET https://localhost:7205/ - - - 200 - text/html;+charset=utf-8 198.0279ms
2023-10-25 17:38:44.703 +02:00 [Information] Request starting HTTP/2 GET https://localhost:7205/style.css - -
2023-10-25 17:38:44.706 +02:00 [Information] Request finished HTTP/2 GET https://localhost:7205/style.css - - - 404 0 - 3.6093ms
2023-10-25 17:38:44.729 +02:00 [Information] Request starting HTTP/2 GET https://localhost:7205/_framework/aspnetcore-browser-refresh.js - -
2023-10-25 17:38:44.731 +02:00 [Information] Request finished HTTP/2 GET https://localhost:7205/_framework/aspnetcore-browser-refresh.js - - - 200 12342 application/javascript;+charset=utf-8 2.5558ms
2023-10-25 17:38:50.785 +02:00 [Information] Request starting HTTP/2 GET https://localhost:7205/Category/CategoryDetails/3 - -
2023-10-25 17:38:50.786 +02:00 [Information] Executing endpoint '"Forum.Controllers.CategoryController.CategoryDetails (Forum)"'
2023-10-25 17:38:50.793 +02:00 [Information] Route matched with "{action = \"CategoryDetails\", controller = \"Category\", page = \"\", area = \"\"}". Executing controller action with signature "System.Threading.Tasks.Task`1[Microsoft.AspNetCore.Mvc.IActionResult] CategoryDetails(Int32)" on controller "Forum.Controllers.CategoryController" ("Forum").
2023-10-25 17:38:50.802 +02:00 [Information] [CategoryController] ID passed to CategoryController: 3.
2023-10-25 17:38:50.804 +02:00 [Information] [CategoryRep] Getting the category with id: 3: 
2023-10-25 17:38:50.813 +02:00 [Information] [CategoryController] ID passed to GetCategoryById: 3.
2023-10-25 17:38:50.814 +02:00 [Information] Executing ViewResult, running view "CategoryDetails".
2023-10-25 17:38:50.848 +02:00 [Information] Executed ViewResult - view "CategoryDetails" executed in 34.5182ms.
2023-10-25 17:38:50.848 +02:00 [Information] Executed action "Forum.Controllers.CategoryController.CategoryDetails (Forum)" in 54.6053ms
2023-10-25 17:38:50.848 +02:00 [Information] Executed endpoint '"Forum.Controllers.CategoryController.CategoryDetails (Forum)"'
2023-10-25 17:38:50.848 +02:00 [Information] Request finished HTTP/2 GET https://localhost:7205/Category/CategoryDetails/3 - - - 200 - text/html;+charset=utf-8 63.3296ms
2023-10-25 17:38:50.862 +02:00 [Information] Request starting HTTP/2 GET https://localhost:7205/_framework/aspnetcore-browser-refresh.js - -
2023-10-25 17:38:50.862 +02:00 [Information] Request starting HTTP/2 GET https://localhost:7205/Category/CategoryDetails/style.css - -
2023-10-25 17:38:50.862 +02:00 [Information] Request finished HTTP/2 GET https://localhost:7205/_framework/aspnetcore-browser-refresh.js - - - 200 12342 application/javascript;+charset=utf-8 0.3116ms
2023-10-25 17:38:50.863 +02:00 [Information] Executing endpoint '"Forum.Controllers.CategoryController.CategoryDetails (Forum)"'
2023-10-25 17:38:50.864 +02:00 [Information] Route matched with "{action = \"CategoryDetails\", controller = \"Category\", page = \"\", area = \"\"}". Executing controller action with signature "System.Threading.Tasks.Task`1[Microsoft.AspNetCore.Mvc.IActionResult] CategoryDetails(Int32)" on controller "Forum.Controllers.CategoryController" ("Forum").
2023-10-25 17:38:50.869 +02:00 [Information] [CategoryController] ID passed to CategoryController: 0.
2023-10-25 17:38:50.870 +02:00 [Information] [CategoryRep] Getting the category with id: 0: 
2023-10-25 17:38:50.873 +02:00 [Information] [CategoryController] ID passed to GetCategoryById: 0.
2023-10-25 17:38:50.879 +02:00 [Error] [CategoryController] Category not found for the categoryId 0.
2023-10-25 17:38:50.886 +02:00 [Information] Executing "NotFoundObjectResult", writing value of type '"System.String"'.
2023-10-25 17:38:50.887 +02:00 [Information] Executed action "Forum.Controllers.CategoryController.CategoryDetails (Forum)" in 23.2372ms
2023-10-25 17:38:50.887 +02:00 [Information] Executed endpoint '"Forum.Controllers.CategoryController.CategoryDetails (Forum)"'
2023-10-25 17:38:50.887 +02:00 [Information] Request finished HTTP/2 GET https://localhost:7205/Category/CategoryDetails/style.css - - - 404 - text/plain;+charset=utf-8 25.0277ms
2023-10-25 17:42:32.542 +02:00 [Information] Request starting HTTP/2 GET https://localhost:7205/Category/CategoryDetails/style.css - -
2023-10-25 17:42:32.543 +02:00 [Information] Executing endpoint '"Forum.Controllers.CategoryController.CategoryDetails (Forum)"'
2023-10-25 17:42:32.545 +02:00 [Information] Route matched with "{action = \"CategoryDetails\", controller = \"Category\", page = \"\", area = \"\"}". Executing controller action with signature "System.Threading.Tasks.Task`1[Microsoft.AspNetCore.Mvc.IActionResult] CategoryDetails(Int32)" on controller "Forum.Controllers.CategoryController" ("Forum").
2023-10-25 17:42:32.551 +02:00 [Information] [CategoryController] ID passed to CategoryController: 0.
2023-10-25 17:42:32.551 +02:00 [Information] [CategoryRep] Getting the category with id: 0: 
2023-10-25 17:42:32.554 +02:00 [Information] [CategoryController] ID passed to GetCategoryById: 0.
2023-10-25 17:42:32.555 +02:00 [Error] [CategoryController] Category not found for the categoryId 0.
2023-10-25 17:42:32.555 +02:00 [Information] Executing "NotFoundObjectResult", writing value of type '"System.String"'.
2023-10-25 17:42:32.555 +02:00 [Information] Executed action "Forum.Controllers.CategoryController.CategoryDetails (Forum)" in 10.2168ms
2023-10-25 17:42:32.556 +02:00 [Information] Executed endpoint '"Forum.Controllers.CategoryController.CategoryDetails (Forum)"'
2023-10-25 17:42:32.556 +02:00 [Information] Request finished HTTP/2 GET https://localhost:7205/Category/CategoryDetails/style.css - - - 404 - text/plain;+charset=utf-8 13.5629ms
2023-10-25 17:42:32.594 +02:00 [Information] Request starting HTTP/2 GET https://localhost:7205/lib/bootstrap/js/bootstrap.js.map - -
2023-10-25 17:42:32.611 +02:00 [Information] Sending file. Request path: '"/lib/bootstrap/js/bootstrap.js.map"'. Physical path: '"C:\Users\Johan\Source\Repos\N4h0\Forum\MyShop\wwwroot\lib\bootstrap\js\bootstrap.js.map"'
2023-10-25 17:42:32.612 +02:00 [Information] Request finished HTTP/2 GET https://localhost:7205/lib/bootstrap/js/bootstrap.js.map - - - 200 289522 text/plain 18.7898ms
2023-10-25 17:42:52.831 +02:00 [Information] Request starting HTTP/2 GET https://localhost:7205/Room/RoomDetails/5 - -
2023-10-25 17:42:52.834 +02:00 [Information] Executing endpoint '"Forum.Controllers.RoomController.RoomDetails (Forum)"'
2023-10-25 17:42:52.836 +02:00 [Information] Route matched with "{action = \"RoomDetails\", controller = \"Room\", page = \"\", area = \"\"}". Executing controller action with signature "System.Threading.Tasks.Task`1[Microsoft.AspNetCore.Mvc.IActionResult] RoomDetails(Int32)" on controller "Forum.Controllers.RoomController" ("Forum").
2023-10-25 17:42:52.843 +02:00 [Information] Executing ViewResult, running view "RoomDetails".
2023-10-25 17:42:52.860 +02:00 [Information] Executed ViewResult - view "RoomDetails" executed in 17.233ms.
2023-10-25 17:42:52.860 +02:00 [Information] Executed action "Forum.Controllers.RoomController.RoomDetails (Forum)" in 24.2113ms
2023-10-25 17:42:52.860 +02:00 [Information] Executed endpoint '"Forum.Controllers.RoomController.RoomDetails (Forum)"'
2023-10-25 17:42:52.860 +02:00 [Information] Request finished HTTP/2 GET https://localhost:7205/Room/RoomDetails/5 - - - 200 - text/html;+charset=utf-8 28.6229ms
2023-10-25 17:42:52.871 +02:00 [Information] Request starting HTTP/2 GET https://localhost:7205/Room/RoomDetails/style.css - -
2023-10-25 17:42:52.872 +02:00 [Information] Request starting HTTP/2 GET https://localhost:7205/_framework/aspnetcore-browser-refresh.js - -
2023-10-25 17:42:52.872 +02:00 [Information] Request finished HTTP/2 GET https://localhost:7205/_framework/aspnetcore-browser-refresh.js - - - 200 12342 application/javascript;+charset=utf-8 0.1207ms
2023-10-25 17:42:52.873 +02:00 [Information] Executing endpoint '"Forum.Controllers.RoomController.RoomDetails (Forum)"'
2023-10-25 17:42:52.873 +02:00 [Information] Route matched with "{action = \"RoomDetails\", controller = \"Room\", page = \"\", area = \"\"}". Executing controller action with signature "System.Threading.Tasks.Task`1[Microsoft.AspNetCore.Mvc.IActionResult] RoomDetails(Int32)" on controller "Forum.Controllers.RoomController" ("Forum").
2023-10-25 17:42:52.905 +02:00 [Error] Room with ID not found Room ID: 0
2023-10-25 17:42:52.908 +02:00 [Information] Executing StatusCodeResult, setting HTTP status code 404
2023-10-25 17:42:52.908 +02:00 [Information] Executed action "Forum.Controllers.RoomController.RoomDetails (Forum)" in 35.198ms
2023-10-25 17:42:52.908 +02:00 [Information] Executed endpoint '"Forum.Controllers.RoomController.RoomDetails (Forum)"'
2023-10-25 17:42:52.908 +02:00 [Information] Request finished HTTP/2 GET https://localhost:7205/Room/RoomDetails/style.css - - - 404 0 - 36.7323ms
2023-10-25 17:43:04.806 +02:00 [Information] Request starting HTTP/2 GET https://localhost:7205/Room/RoomDetails/5 - -
2023-10-25 17:43:04.806 +02:00 [Information] Executing endpoint '"Forum.Controllers.RoomController.RoomDetails (Forum)"'
2023-10-25 17:43:04.806 +02:00 [Information] Route matched with "{action = \"RoomDetails\", controller = \"Room\", page = \"\", area = \"\"}". Executing controller action with signature "System.Threading.Tasks.Task`1[Microsoft.AspNetCore.Mvc.IActionResult] RoomDetails(Int32)" on controller "Forum.Controllers.RoomController" ("Forum").
2023-10-25 17:43:04.810 +02:00 [Information] Executing ViewResult, running view "RoomDetails".
2023-10-25 17:43:04.812 +02:00 [Information] Executed ViewResult - view "RoomDetails" executed in 2.1519ms.
2023-10-25 17:43:04.812 +02:00 [Information] Executed action "Forum.Controllers.RoomController.RoomDetails (Forum)" in 5.8827ms
2023-10-25 17:43:04.812 +02:00 [Information] Executed endpoint '"Forum.Controllers.RoomController.RoomDetails (Forum)"'
2023-10-25 17:43:04.812 +02:00 [Information] Request finished HTTP/2 GET https://localhost:7205/Room/RoomDetails/5 - - - 200 - text/html;+charset=utf-8 6.3363ms
2023-10-25 17:43:04.835 +02:00 [Information] Request starting HTTP/2 GET https://localhost:7205/_framework/aspnetcore-browser-refresh.js - -
2023-10-25 17:43:04.835 +02:00 [Information] Request starting HTTP/2 GET https://localhost:7205/Room/RoomDetails/style.css - -
2023-10-25 17:43:04.835 +02:00 [Information] Request finished HTTP/2 GET https://localhost:7205/_framework/aspnetcore-browser-refresh.js - - - 200 12342 application/javascript;+charset=utf-8 0.4157ms
2023-10-25 17:43:04.835 +02:00 [Information] Executing endpoint '"Forum.Controllers.RoomController.RoomDetails (Forum)"'
2023-10-25 17:43:04.835 +02:00 [Information] Route matched with "{action = \"RoomDetails\", controller = \"Room\", page = \"\", area = \"\"}". Executing controller action with signature "System.Threading.Tasks.Task`1[Microsoft.AspNetCore.Mvc.IActionResult] RoomDetails(Int32)" on controller "Forum.Controllers.RoomController" ("Forum").
2023-10-25 17:43:04.840 +02:00 [Error] Room with ID not found Room ID: 0
2023-10-25 17:43:04.840 +02:00 [Information] Executing StatusCodeResult, setting HTTP status code 404
2023-10-25 17:43:04.840 +02:00 [Information] Executed action "Forum.Controllers.RoomController.RoomDetails (Forum)" in 4.8406ms
2023-10-25 17:43:04.840 +02:00 [Information] Executed endpoint '"Forum.Controllers.RoomController.RoomDetails (Forum)"'
2023-10-25 17:43:04.840 +02:00 [Information] Request finished HTTP/2 GET https://localhost:7205/Room/RoomDetails/style.css - - - 404 0 - 5.4651ms
2023-10-25 17:43:12.074 +02:00 [Information] Request starting HTTP/2 GET https://localhost:7205/Room/RoomDetails/5 - -
2023-10-25 17:43:12.074 +02:00 [Information] Executing endpoint '"Forum.Controllers.RoomController.RoomDetails (Forum)"'
2023-10-25 17:43:12.074 +02:00 [Information] Route matched with "{action = \"RoomDetails\", controller = \"Room\", page = \"\", area = \"\"}". Executing controller action with signature "System.Threading.Tasks.Task`1[Microsoft.AspNetCore.Mvc.IActionResult] RoomDetails(Int32)" on controller "Forum.Controllers.RoomController" ("Forum").
2023-10-25 17:43:12.077 +02:00 [Information] Executing ViewResult, running view "RoomDetails".
2023-10-25 17:43:12.080 +02:00 [Information] Executed ViewResult - view "RoomDetails" executed in 2.5971ms.
2023-10-25 17:43:12.080 +02:00 [Information] Executed action "Forum.Controllers.RoomController.RoomDetails (Forum)" in 5.5638ms
2023-10-25 17:43:12.080 +02:00 [Information] Executed endpoint '"Forum.Controllers.RoomController.RoomDetails (Forum)"'
2023-10-25 17:43:12.080 +02:00 [Information] Request finished HTTP/2 GET https://localhost:7205/Room/RoomDetails/5 - - - 200 - text/html;+charset=utf-8 6.0086ms
2023-10-25 17:43:12.102 +02:00 [Information] Request starting HTTP/2 GET https://localhost:7205/Room/RoomDetails/style.css - -
2023-10-25 17:43:12.102 +02:00 [Information] Request starting HTTP/2 GET https://localhost:7205/_framework/aspnetcore-browser-refresh.js - -
2023-10-25 17:43:12.102 +02:00 [Information] Request finished HTTP/2 GET https://localhost:7205/_framework/aspnetcore-browser-refresh.js - - - 200 12342 application/javascript;+charset=utf-8 0.3333ms
2023-10-25 17:43:12.102 +02:00 [Information] Executing endpoint '"Forum.Controllers.RoomController.RoomDetails (Forum)"'
2023-10-25 17:43:12.102 +02:00 [Information] Route matched with "{action = \"RoomDetails\", controller = \"Room\", page = \"\", area = \"\"}". Executing controller action with signature "System.Threading.Tasks.Task`1[Microsoft.AspNetCore.Mvc.IActionResult] RoomDetails(Int32)" on controller "Forum.Controllers.RoomController" ("Forum").
2023-10-25 17:43:12.107 +02:00 [Error] Room with ID not found Room ID: 0
2023-10-25 17:43:12.107 +02:00 [Information] Executing StatusCodeResult, setting HTTP status code 404
2023-10-25 17:43:12.107 +02:00 [Information] Executed action "Forum.Controllers.RoomController.RoomDetails (Forum)" in 4.8625ms
2023-10-25 17:43:12.107 +02:00 [Information] Executed endpoint '"Forum.Controllers.RoomController.RoomDetails (Forum)"'
2023-10-25 17:43:12.107 +02:00 [Information] Request finished HTTP/2 GET https://localhost:7205/Room/RoomDetails/style.css - - - 404 0 - 5.4550ms
