2023-10-27 02:46:06.322 +02:00 [Information] User profile is available. Using '"C:\Users\Johan\AppData\Local\ASP.NET\DataProtection-Keys"' as key repository and Windows DPAPI to encrypt keys at rest.
2023-10-27 02:46:06.923 +02:00 [Information] Now listening on: "https://localhost:7205"
2023-10-27 02:46:06.924 +02:00 [Information] Now listening on: "http://localhost:5112"
2023-10-27 02:46:06.929 +02:00 [Information] Application started. Press Ctrl+C to shut down.
2023-10-27 02:46:06.930 +02:00 [Information] Hosting environment: "Development"
2023-10-27 02:46:06.931 +02:00 [Information] Content root path: "C:\Users\Johan\Source\Repos\N4h0\Forum\MyShop\"
2023-10-27 02:46:07.512 +02:00 [Information] Request starting HTTP/2 GET https://localhost:7205/ - -
2023-10-27 02:46:07.557 +02:00 [Information] Executing endpoint '"Forum.Controllers.HomeController.Index (Forum)"'
2023-10-27 02:46:07.566 +02:00 [Information] Route matched with "{action = \"Index\", controller = \"Home\", page = \"\", area = \"\"}". Executing controller action with signature "System.Threading.Tasks.Task`1[Microsoft.AspNetCore.Mvc.IActionResult] Index()" on controller "Forum.Controllers.HomeController" ("Forum").
2023-10-27 02:46:07.598 +02:00 [Information] Executing ViewResult, running view "Index".
2023-10-27 02:46:07.747 +02:00 [Information] Executed ViewResult - view "Index" executed in 149.4243ms.
2023-10-27 02:46:07.750 +02:00 [Information] Executed action "Forum.Controllers.HomeController.Index (Forum)" in 183.5448ms
2023-10-27 02:46:07.750 +02:00 [Information] Executed endpoint '"Forum.Controllers.HomeController.Index (Forum)"'
2023-10-27 02:46:07.771 +02:00 [Information] Request starting HTTP/2 GET https://localhost:7205/style.css - -
2023-10-27 02:46:07.773 +02:00 [Information] Request finished HTTP/2 GET https://localhost:7205/ - - - 200 - text/html;+charset=utf-8 263.0824ms
2023-10-27 02:46:07.773 +02:00 [Information] Request finished HTTP/2 GET https://localhost:7205/style.css - - - 404 0 - 2.4150ms
2023-10-27 02:46:07.808 +02:00 [Information] Request starting HTTP/2 GET https://localhost:7205/_framework/aspnetcore-browser-refresh.js - -
2023-10-27 02:46:07.811 +02:00 [Information] Request finished HTTP/2 GET https://localhost:7205/_framework/aspnetcore-browser-refresh.js - - - 200 12342 application/javascript;+charset=utf-8 3.2141ms
2023-10-27 02:46:07.816 +02:00 [Information] Request starting HTTP/2 GET https://localhost:7205/_vs/browserLink - -
2023-10-27 02:46:07.826 +02:00 [Information] Request finished HTTP/2 GET https://localhost:7205/_vs/browserLink - - - 200 - text/javascript;+charset=UTF-8 10.0615ms
2023-10-27 02:46:09.747 +02:00 [Information] Request starting HTTP/2 GET https://localhost:7205/Post/PostDetails/1 - -
2023-10-27 02:46:09.749 +02:00 [Information] Executing endpoint '"Forum.Controllers.PostController.PostDetails (Forum)"'
2023-10-27 02:46:09.756 +02:00 [Information] Route matched with "{action = \"PostDetails\", controller = \"Post\", page = \"\", area = \"\"}". Executing controller action with signature "System.Threading.Tasks.Task`1[Microsoft.AspNetCore.Mvc.IActionResult] PostDetails(Int32)" on controller "Forum.Controllers.PostController" ("Forum").
2023-10-27 02:46:09.769 +02:00 [Information] Executing ViewResult, running view "PostDetails".
2023-10-27 02:46:09.835 +02:00 [Information] Executed ViewResult - view "PostDetails" executed in 66.0152ms.
2023-10-27 02:46:09.835 +02:00 [Information] Executed action "Forum.Controllers.PostController.PostDetails (Forum)" in 79.1614ms
2023-10-27 02:46:09.835 +02:00 [Information] Executed endpoint '"Forum.Controllers.PostController.PostDetails (Forum)"'
2023-10-27 02:46:09.836 +02:00 [Information] Request finished HTTP/2 GET https://localhost:7205/Post/PostDetails/1 - - - 200 - text/html;+charset=utf-8 89.4276ms
2023-10-27 02:46:09.843 +02:00 [Information] Request starting HTTP/2 GET https://localhost:7205/Post/PostDetails/style.css - -
2023-10-27 02:46:09.844 +02:00 [Information] Request starting HTTP/2 GET https://localhost:7205/_vs/browserLink - -
2023-10-27 02:46:09.844 +02:00 [Information] Request starting HTTP/2 GET https://localhost:7205/_framework/aspnetcore-browser-refresh.js - -
2023-10-27 02:46:09.844 +02:00 [Information] Request finished HTTP/2 GET https://localhost:7205/_framework/aspnetcore-browser-refresh.js - - - 200 12342 application/javascript;+charset=utf-8 0.2995ms
2023-10-27 02:46:09.846 +02:00 [Information] Executing endpoint '"Forum.Controllers.PostController.PostDetails (Forum)"'
2023-10-27 02:46:09.846 +02:00 [Information] Route matched with "{action = \"PostDetails\", controller = \"Post\", page = \"\", area = \"\"}". Executing controller action with signature "System.Threading.Tasks.Task`1[Microsoft.AspNetCore.Mvc.IActionResult] PostDetails(Int32)" on controller "Forum.Controllers.PostController" ("Forum").
2023-10-27 02:46:09.848 +02:00 [Information] Request finished HTTP/2 GET https://localhost:7205/_vs/browserLink - - - 200 - text/javascript;+charset=UTF-8 4.8245ms
2023-10-27 02:46:09.860 +02:00 [Error] [PostController] post not found for the TopicId 0000
2023-10-27 02:46:09.865 +02:00 [Information] Executing "NotFoundObjectResult", writing value of type '"System.String"'.
2023-10-27 02:46:09.866 +02:00 [Information] Executed action "Forum.Controllers.PostController.PostDetails (Forum)" in 19.8248ms
2023-10-27 02:46:09.866 +02:00 [Information] Executed endpoint '"Forum.Controllers.PostController.PostDetails (Forum)"'
2023-10-27 02:46:09.866 +02:00 [Information] Request finished HTTP/2 GET https://localhost:7205/Post/PostDetails/style.css - - - 404 - text/plain;+charset=utf-8 22.7067ms
2023-10-27 02:46:11.414 +02:00 [Information] Request starting HTTP/2 GET https://localhost:7205/Topic/TopicDetails/1 - -
2023-10-27 02:46:11.414 +02:00 [Information] Executing endpoint '"Forum.Controllers.TopicController.TopicDetails (Forum)"'
2023-10-27 02:46:11.416 +02:00 [Information] Route matched with "{action = \"TopicDetails\", controller = \"Topic\", page = \"\", area = \"\"}". Executing controller action with signature "System.Threading.Tasks.Task`1[Microsoft.AspNetCore.Mvc.IActionResult] TopicDetails(Int32)" on controller "Forum.Controllers.TopicController" ("Forum").
2023-10-27 02:46:11.422 +02:00 [Information] Executing ViewResult, running view "TopicDetails".
2023-10-27 02:46:11.439 +02:00 [Information] Executed ViewResult - view "TopicDetails" executed in 17.4004ms.
2023-10-27 02:46:11.439 +02:00 [Information] Executed action "Forum.Controllers.TopicController.TopicDetails (Forum)" in 22.95ms
2023-10-27 02:46:11.439 +02:00 [Information] Executed endpoint '"Forum.Controllers.TopicController.TopicDetails (Forum)"'
2023-10-27 02:46:11.440 +02:00 [Information] Request finished HTTP/2 GET https://localhost:7205/Topic/TopicDetails/1 - - - 200 - text/html;+charset=utf-8 26.1897ms
2023-10-27 02:46:11.449 +02:00 [Information] Request starting HTTP/2 GET https://localhost:7205/Topic/TopicDetails/style.css - -
2023-10-27 02:46:11.449 +02:00 [Information] Request starting HTTP/2 GET https://localhost:7205/_vs/browserLink - -
2023-10-27 02:46:11.449 +02:00 [Information] Request starting HTTP/2 GET https://localhost:7205/_framework/aspnetcore-browser-refresh.js - -
2023-10-27 02:46:11.449 +02:00 [Information] Request finished HTTP/2 GET https://localhost:7205/_framework/aspnetcore-browser-refresh.js - - - 200 12342 application/javascript;+charset=utf-8 0.2190ms
2023-10-27 02:46:11.450 +02:00 [Information] Executing endpoint '"Forum.Controllers.TopicController.TopicDetails (Forum)"'
2023-10-27 02:46:11.451 +02:00 [Information] Route matched with "{action = \"TopicDetails\", controller = \"Topic\", page = \"\", area = \"\"}". Executing controller action with signature "System.Threading.Tasks.Task`1[Microsoft.AspNetCore.Mvc.IActionResult] TopicDetails(Int32)" on controller "Forum.Controllers.TopicController" ("Forum").
2023-10-27 02:46:11.451 +02:00 [Information] Request finished HTTP/2 GET https://localhost:7205/_vs/browserLink - - - 200 - text/javascript;+charset=UTF-8 2.8786ms
2023-10-27 02:46:11.456 +02:00 [Error] [TopicController] Topic not found for the TopicId 0000
2023-10-27 02:46:11.456 +02:00 [Information] Executing "NotFoundObjectResult", writing value of type '"System.String"'.
2023-10-27 02:46:11.457 +02:00 [Information] Executed action "Forum.Controllers.TopicController.TopicDetails (Forum)" in 5.7785ms
2023-10-27 02:46:11.457 +02:00 [Information] Executed endpoint '"Forum.Controllers.TopicController.TopicDetails (Forum)"'
2023-10-27 02:46:11.457 +02:00 [Information] Request finished HTTP/2 GET https://localhost:7205/Topic/TopicDetails/style.css - - - 404 - text/plain;+charset=utf-8 8.1474ms
