2023-10-24 12:41:59.723 +02:00 [Information] User profile is available. Using '"C:\Users\abdik\AppData\Local\ASP.NET\DataProtection-Keys"' as key repository and Windows DPAPI to encrypt keys at rest.
2023-10-24 12:42:00.128 +02:00 [Information] Now listening on: "https://localhost:7205"
2023-10-24 12:42:00.129 +02:00 [Information] Now listening on: "http://localhost:5112"
2023-10-24 12:42:00.132 +02:00 [Information] Application started. Press Ctrl+C to shut down.
2023-10-24 12:42:00.132 +02:00 [Information] Hosting environment: "Development"
2023-10-24 12:42:00.132 +02:00 [Information] Content root path: "C:\Users\abdik\Source\Repos\Forum\MyShop\"
2023-10-24 12:42:00.527 +02:00 [Information] Request starting HTTP/2 GET https://localhost:7205/ - -
2023-10-24 12:42:00.564 +02:00 [Information] Executing endpoint '"Forum.Controllers.HomeController.Index (Forum)"'
2023-10-24 12:42:00.572 +02:00 [Information] Route matched with "{action = \"Index\", controller = \"Home\", page = \"\", area = \"\"}". Executing controller action with signature "Microsoft.AspNetCore.Mvc.IActionResult Index()" on controller "Forum.Controllers.HomeController" ("Forum").
2023-10-24 12:42:00.576 +02:00 [Information] Executing ViewResult, running view "Index".
2023-10-24 12:42:00.676 +02:00 [Information] Executed ViewResult - view "Index" executed in 99.7823ms.
2023-10-24 12:42:00.678 +02:00 [Information] Executed action "Forum.Controllers.HomeController.Index (Forum)" in 106.1667ms
2023-10-24 12:42:00.678 +02:00 [Information] Executed endpoint '"Forum.Controllers.HomeController.Index (Forum)"'
2023-10-24 12:42:00.690 +02:00 [Information] Request finished HTTP/2 GET https://localhost:7205/ - - - 200 - text/html;+charset=utf-8 166.1427ms
2023-10-24 12:42:00.700 +02:00 [Information] Request starting HTTP/2 GET https://localhost:7205/lib/bootstrap/css/crtstyle.css - -
2023-10-24 12:42:00.700 +02:00 [Information] Request starting HTTP/2 GET https://localhost:7205/style.css - -
2023-10-24 12:42:00.700 +02:00 [Information] Request starting HTTP/2 GET https://localhost:7205/css/style.css?v=9lVya84QUdHK81gQHnXo7ABNC7eZT7nB3-k5vXsZcDo - -
2023-10-24 12:42:00.700 +02:00 [Information] Request starting HTTP/2 GET https://localhost:7205/lib/jquery/jquery.js - -
2023-10-24 12:42:00.700 +02:00 [Information] Request starting HTTP/2 GET https://localhost:7205/lib/bootstrap/js/bootstrap.js - -
2023-10-24 12:42:00.700 +02:00 [Information] Request starting HTTP/2 GET https://localhost:7205/images/formula1.jpg - -
2023-10-24 12:42:00.703 +02:00 [Information] Request finished HTTP/2 GET https://localhost:7205/style.css - - - 404 0 - 2.5461ms
2023-10-24 12:42:00.710 +02:00 [Information] The file "/lib/bootstrap/css/crtstyle.css" was not modified
2023-10-24 12:42:00.710 +02:00 [Information] The file "/css/style.css" was not modified
2023-10-24 12:42:00.710 +02:00 [Information] The file "/images/formula1.jpg" was not modified
2023-10-24 12:42:00.710 +02:00 [Information] The file "/lib/jquery/jquery.js" was not modified
2023-10-24 12:42:00.710 +02:00 [Information] The file "/lib/bootstrap/js/bootstrap.js" was not modified
2023-10-24 12:42:00.710 +02:00 [Information] Request finished HTTP/2 GET https://localhost:7205/lib/jquery/jquery.js - - - 304 - application/javascript 9.7087ms
2023-10-24 12:42:00.710 +02:00 [Information] Request finished HTTP/2 GET https://localhost:7205/images/formula1.jpg - - - 304 - image/jpeg 9.7339ms
2023-10-24 12:42:00.710 +02:00 [Information] Request finished HTTP/2 GET https://localhost:7205/lib/bootstrap/css/crtstyle.css - - - 304 - text/css 9.7366ms
2023-10-24 12:42:00.710 +02:00 [Information] Request finished HTTP/2 GET https://localhost:7205/lib/bootstrap/js/bootstrap.js - - - 304 - application/javascript 9.7635ms
2023-10-24 12:42:00.710 +02:00 [Information] Request finished HTTP/2 GET https://localhost:7205/css/style.css?v=9lVya84QUdHK81gQHnXo7ABNC7eZT7nB3-k5vXsZcDo - - - 304 - text/css 9.7571ms
2023-10-24 12:42:00.738 +02:00 [Information] Request starting HTTP/2 GET https://localhost:7205/_framework/aspnetcore-browser-refresh.js - -
2023-10-24 12:42:00.740 +02:00 [Information] Request finished HTTP/2 GET https://localhost:7205/_framework/aspnetcore-browser-refresh.js - - - 200 12342 application/javascript;+charset=utf-8 1.9379ms
2023-10-24 12:42:00.748 +02:00 [Information] Request starting HTTP/2 GET https://localhost:7205/_vs/browserLink - -
2023-10-24 12:42:00.750 +02:00 [Information] Request starting HTTP/2 GET https://localhost:7205/lib/bootstrap/js/bootstrap.js.map - -
2023-10-24 12:42:00.751 +02:00 [Information] The file "/lib/bootstrap/js/bootstrap.js.map" was not modified
2023-10-24 12:42:00.751 +02:00 [Information] Request finished HTTP/2 GET https://localhost:7205/lib/bootstrap/js/bootstrap.js.map - - - 304 - text/plain 1.0045ms
2023-10-24 12:42:00.754 +02:00 [Information] Request finished HTTP/2 GET https://localhost:7205/_vs/browserLink - - - 200 - text/javascript;+charset=UTF-8 6.0931ms
