2023-10-24 12:35:58.972 +02:00 [Information] User profile is available. Using '"C:\Users\abdik\AppData\Local\ASP.NET\DataProtection-Keys"' as key repository and Windows DPAPI to encrypt keys at rest.
2023-10-24 12:35:59.355 +02:00 [Information] Now listening on: "https://localhost:7205"
2023-10-24 12:35:59.355 +02:00 [Information] Now listening on: "http://localhost:5112"
2023-10-24 12:35:59.359 +02:00 [Information] Application started. Press Ctrl+C to shut down.
2023-10-24 12:35:59.359 +02:00 [Information] Hosting environment: "Development"
2023-10-24 12:35:59.359 +02:00 [Information] Content root path: "C:\Users\abdik\Source\Repos\Forum\MyShop\"
2023-10-24 12:35:59.685 +02:00 [Information] Request starting HTTP/2 GET https://localhost:7205/ - -
2023-10-24 12:35:59.725 +02:00 [Information] Executing endpoint '"Forum.Controllers.HomeController.Index (Forum)"'
2023-10-24 12:35:59.734 +02:00 [Information] Route matched with "{action = \"Index\", controller = \"Home\", page = \"\", area = \"\"}". Executing controller action with signature "Microsoft.AspNetCore.Mvc.IActionResult Index()" on controller "Forum.Controllers.HomeController" ("Forum").
2023-10-24 12:35:59.738 +02:00 [Information] Executing ViewResult, running view "Index".
2023-10-24 12:35:59.840 +02:00 [Information] Executed ViewResult - view "Index" executed in 100.4729ms.
2023-10-24 12:35:59.841 +02:00 [Information] Executed action "Forum.Controllers.HomeController.Index (Forum)" in 107.2351ms
2023-10-24 12:35:59.841 +02:00 [Information] Executed endpoint '"Forum.Controllers.HomeController.Index (Forum)"'
2023-10-24 12:35:59.853 +02:00 [Information] Request finished HTTP/2 GET https://localhost:7205/ - - - 200 - text/html;+charset=utf-8 170.7873ms
2023-10-24 12:35:59.884 +02:00 [Information] Request starting HTTP/2 GET https://localhost:7205/style.css - -
2023-10-24 12:35:59.886 +02:00 [Information] Request finished HTTP/2 GET https://localhost:7205/style.css - - - 404 0 - 2.4646ms
2023-10-24 12:35:59.898 +02:00 [Information] Request starting HTTP/2 GET https://localhost:7205/_framework/aspnetcore-browser-refresh.js - -
2023-10-24 12:35:59.900 +02:00 [Information] Request finished HTTP/2 GET https://localhost:7205/_framework/aspnetcore-browser-refresh.js - - - 200 12342 application/javascript;+charset=utf-8 1.7481ms
2023-10-24 12:35:59.911 +02:00 [Information] Request starting HTTP/2 GET https://localhost:7205/_vs/browserLink - -
2023-10-24 12:35:59.918 +02:00 [Information] Request finished HTTP/2 GET https://localhost:7205/_vs/browserLink - - - 200 - text/javascript;+charset=UTF-8 6.4734ms
2023-10-24 12:36:14.943 +02:00 [Information] Request starting HTTP/2 GET https://localhost:7205/ - -
2023-10-24 12:36:14.944 +02:00 [Information] Executing endpoint '"Forum.Controllers.HomeController.Index (Forum)"'
2023-10-24 12:36:14.945 +02:00 [Information] Route matched with "{action = \"Index\", controller = \"Home\", page = \"\", area = \"\"}". Executing controller action with signature "Microsoft.AspNetCore.Mvc.IActionResult Index()" on controller "Forum.Controllers.HomeController" ("Forum").
2023-10-24 12:36:14.945 +02:00 [Information] Executing ViewResult, running view "Index".
2023-10-24 12:36:14.955 +02:00 [Information] Executed ViewResult - view "Index" executed in 10.1762ms.
2023-10-24 12:36:14.955 +02:00 [Information] Executed action "Forum.Controllers.HomeController.Index (Forum)" in 10.5903ms
2023-10-24 12:36:14.955 +02:00 [Information] Executed endpoint '"Forum.Controllers.HomeController.Index (Forum)"'
2023-10-24 12:36:14.957 +02:00 [Information] Request finished HTTP/2 GET https://localhost:7205/ - - - 200 - text/html;+charset=utf-8 13.2974ms
2023-10-24 12:36:14.974 +02:00 [Information] Request starting HTTP/2 GET https://localhost:7205/lib/bootstrap/css/crtstyle.css - -
2023-10-24 12:36:14.974 +02:00 [Information] Request starting HTTP/2 GET https://localhost:7205/_framework/aspnetcore-browser-refresh.js - -
2023-10-24 12:36:14.974 +02:00 [Information] Request starting HTTP/2 GET https://localhost:7205/style.css - -
2023-10-24 12:36:14.974 +02:00 [Information] Request finished HTTP/2 GET https://localhost:7205/_framework/aspnetcore-browser-refresh.js - - - 200 12342 application/javascript;+charset=utf-8 0.4234ms
2023-10-24 12:36:14.975 +02:00 [Information] Request finished HTTP/2 GET https://localhost:7205/style.css - - - 404 0 - 1.3820ms
2023-10-24 12:36:14.986 +02:00 [Information] The file "/lib/bootstrap/css/crtstyle.css" was not modified
2023-10-24 12:36:14.986 +02:00 [Information] Request finished HTTP/2 GET https://localhost:7205/lib/bootstrap/css/crtstyle.css - - - 304 - text/css 12.5645ms
2023-10-24 12:36:15.020 +02:00 [Information] Request starting HTTP/2 GET https://localhost:7205/_vs/browserLink - -
2023-10-24 12:36:15.022 +02:00 [Information] Request finished HTTP/2 GET https://localhost:7205/_vs/browserLink - - - 200 - text/javascript;+charset=UTF-8 2.3920ms
