2023-10-30 17:23:27.726 +01:00 [Information] User profile is available. Using '"C:\Users\abdik\AppData\Local\ASP.NET\DataProtection-Keys"' as key repository and Windows DPAPI to encrypt keys at rest.
2023-10-30 17:23:28.211 +01:00 [Information] Now listening on: "https://localhost:7205"
2023-10-30 17:23:28.211 +01:00 [Information] Now listening on: "http://localhost:5112"
2023-10-30 17:23:28.214 +01:00 [Information] Application started. Press Ctrl+C to shut down.
2023-10-30 17:23:28.215 +01:00 [Information] Hosting environment: "Development"
2023-10-30 17:23:28.215 +01:00 [Information] Content root path: "C:\Users\abdik\Source\Repos\Forum\MyShop\"
2023-10-30 17:23:28.759 +01:00 [Information] Request starting HTTP/2 GET https://localhost:7205/Post/PostDetails/2 - -
2023-10-30 17:23:28.795 +01:00 [Information] Executing endpoint '"Forum.Controllers.PostController.PostDetails (Forum)"'
2023-10-30 17:23:28.810 +01:00 [Information] Route matched with "{action = \"PostDetails\", controller = \"Post\", page = \"\", area = \"\"}". Executing controller action with signature "System.Threading.Tasks.Task`1[Microsoft.AspNetCore.Mvc.IActionResult] PostDetails(Int32)" on controller "Forum.Controllers.PostController" ("Forum").
2023-10-30 17:23:28.853 +01:00 [Information] Executing ViewResult, running view "PostDetails".
2023-10-30 17:23:29.020 +01:00 [Information] Executed ViewResult - view "PostDetails" executed in 165.6114ms.
2023-10-30 17:23:29.021 +01:00 [Information] Executed action "Forum.Controllers.PostController.PostDetails (Forum)" in 210.8801ms
2023-10-30 17:23:29.021 +01:00 [Information] Executed endpoint '"Forum.Controllers.PostController.PostDetails (Forum)"'
2023-10-30 17:23:29.033 +01:00 [Information] Request finished HTTP/2 GET https://localhost:7205/Post/PostDetails/2 - - - 200 - text/html;+charset=utf-8 276.3265ms
2023-10-30 17:23:29.033 +01:00 [Information] Request starting HTTP/2 GET https://localhost:7205/_framework/aspnetcore-browser-refresh.js - -
2023-10-30 17:23:29.033 +01:00 [Information] Request starting HTTP/2 GET https://localhost:7205/_vs/browserLink - -
2023-10-30 17:23:29.035 +01:00 [Information] Request finished HTTP/2 GET https://localhost:7205/_framework/aspnetcore-browser-refresh.js - - - 200 12342 application/javascript;+charset=utf-8 1.6842ms
2023-10-30 17:23:29.040 +01:00 [Information] Request finished HTTP/2 GET https://localhost:7205/_vs/browserLink - - - 200 - text/javascript;+charset=UTF-8 6.4911ms
2023-10-30 17:23:33.111 +01:00 [Information] Request starting HTTP/2 GET https://localhost:7205/Topic/TopicDetails/1 - -
2023-10-30 17:23:33.112 +01:00 [Information] Executing endpoint '"Forum.Controllers.TopicController.TopicDetails (Forum)"'
2023-10-30 17:23:33.114 +01:00 [Information] Route matched with "{action = \"TopicDetails\", controller = \"Topic\", page = \"\", area = \"\"}". Executing controller action with signature "System.Threading.Tasks.Task`1[Microsoft.AspNetCore.Mvc.IActionResult] TopicDetails(Int32)" on controller "Forum.Controllers.TopicController" ("Forum").
2023-10-30 17:23:33.120 +01:00 [Information] Executing ViewResult, running view "TopicDetails".
2023-10-30 17:23:33.143 +01:00 [Information] Executed ViewResult - view "TopicDetails" executed in 23.1239ms.
2023-10-30 17:23:33.143 +01:00 [Information] Executed action "Forum.Controllers.TopicController.TopicDetails (Forum)" in 29.0415ms
2023-10-30 17:23:33.143 +01:00 [Information] Executed endpoint '"Forum.Controllers.TopicController.TopicDetails (Forum)"'
2023-10-30 17:23:33.145 +01:00 [Information] Request finished HTTP/2 GET https://localhost:7205/Topic/TopicDetails/1 - - - 200 - text/html;+charset=utf-8 34.0916ms
2023-10-30 17:23:33.156 +01:00 [Information] Request starting HTTP/2 GET https://localhost:7205/_framework/aspnetcore-browser-refresh.js - -
2023-10-30 17:23:33.156 +01:00 [Information] Request starting HTTP/2 GET https://localhost:7205/_vs/browserLink - -
2023-10-30 17:23:33.157 +01:00 [Information] Request finished HTTP/2 GET https://localhost:7205/_framework/aspnetcore-browser-refresh.js - - - 200 12342 application/javascript;+charset=utf-8 0.2904ms
2023-10-30 17:23:33.158 +01:00 [Information] Request finished HTTP/2 GET https://localhost:7205/_vs/browserLink - - - 200 - text/javascript;+charset=UTF-8 1.9613ms
