2023-10-24 17:22:50.845 +02:00 [Information] User profile is available. Using '"C:\Users\abdik\AppData\Local\ASP.NET\DataProtection-Keys"' as key repository and Windows DPAPI to encrypt keys at rest.
2023-10-24 17:22:51.254 +02:00 [Information] Now listening on: "https://localhost:7205"
2023-10-24 17:22:51.254 +02:00 [Information] Now listening on: "http://localhost:5112"
2023-10-24 17:22:51.257 +02:00 [Information] Application started. Press Ctrl+C to shut down.
2023-10-24 17:22:51.258 +02:00 [Information] Hosting environment: "Development"
2023-10-24 17:22:51.258 +02:00 [Information] Content root path: "C:\Users\abdik\Source\Repos\Forum\MyShop\"
2023-10-24 17:22:51.590 +02:00 [Information] Request starting HTTP/2 GET https://localhost:7205/ - -
2023-10-24 17:22:51.628 +02:00 [Information] Executing endpoint '"Forum.Controllers.HomeController.Index (Forum)"'
2023-10-24 17:22:51.637 +02:00 [Information] Route matched with "{action = \"Index\", controller = \"Home\", page = \"\", area = \"\"}". Executing controller action with signature "System.Threading.Tasks.Task`1[Microsoft.AspNetCore.Mvc.IActionResult] Index()" on controller "Forum.Controllers.HomeController" ("Forum").
2023-10-24 17:22:51.660 +02:00 [Information] Executing ViewResult, running view "Index".
2023-10-24 17:22:51.770 +02:00 [Information] Executed ViewResult - view "Index" executed in 109.6343ms.
2023-10-24 17:22:51.771 +02:00 [Information] Executed action "Forum.Controllers.HomeController.Index (Forum)" in 133.5661ms
2023-10-24 17:22:51.771 +02:00 [Information] Executed endpoint '"Forum.Controllers.HomeController.Index (Forum)"'
2023-10-24 17:22:51.785 +02:00 [Information] Request finished HTTP/2 GET https://localhost:7205/ - - - 200 - text/html;+charset=utf-8 197.2996ms
2023-10-24 17:22:51.792 +02:00 [Information] Request starting HTTP/2 GET https://localhost:7205/css/style.css?v=GIITMtfwAO94GzTd_O0hWmj2Vhp3Hb-uVTko2pkBIzQ - -
2023-10-24 17:22:51.792 +02:00 [Information] Request starting HTTP/2 GET https://localhost:7205/style.css - -
2023-10-24 17:22:51.795 +02:00 [Information] Request finished HTTP/2 GET https://localhost:7205/style.css - - - 404 0 - 3.0001ms
2023-10-24 17:22:51.795 +02:00 [Information] The file "/css/style.css" was not modified
2023-10-24 17:22:51.796 +02:00 [Information] Request finished HTTP/2 GET https://localhost:7205/css/style.css?v=GIITMtfwAO94GzTd_O0hWmj2Vhp3Hb-uVTko2pkBIzQ - - - 304 - text/css 3.3835ms
2023-10-24 17:22:51.809 +02:00 [Information] Request starting HTTP/2 GET https://localhost:7205/_framework/aspnetcore-browser-refresh.js - -
2023-10-24 17:22:51.810 +02:00 [Information] Request finished HTTP/2 GET https://localhost:7205/_framework/aspnetcore-browser-refresh.js - - - 200 12342 application/javascript;+charset=utf-8 1.7806ms
2023-10-24 17:22:51.817 +02:00 [Information] Request starting HTTP/2 GET https://localhost:7205/_vs/browserLink - -
2023-10-24 17:22:51.824 +02:00 [Information] Request finished HTTP/2 GET https://localhost:7205/_vs/browserLink - - - 200 - text/javascript;+charset=UTF-8 6.7747ms
