2023-10-23 18:37:15.553 +02:00 [Information] User profile is available. Using '"C:\Users\abdik\AppData\Local\ASP.NET\DataProtection-Keys"' as key repository and Windows DPAPI to encrypt keys at rest.
2023-10-23 18:37:15.967 +02:00 [Information] Now listening on: "https://localhost:7205"
2023-10-23 18:37:15.967 +02:00 [Information] Now listening on: "http://localhost:5112"
2023-10-23 18:37:15.970 +02:00 [Information] Application started. Press Ctrl+C to shut down.
2023-10-23 18:37:15.970 +02:00 [Information] Hosting environment: "Development"
2023-10-23 18:37:15.970 +02:00 [Information] Content root path: "C:\Users\abdik\Source\Repos\Forum\MyShop\"
2023-10-23 18:37:16.518 +02:00 [Information] Request starting HTTP/2 GET https://localhost:7205/ - -
2023-10-23 18:37:16.555 +02:00 [Information] Executing endpoint '"Forum.Controllers.HomeController.Index (Forum)"'
2023-10-23 18:37:16.563 +02:00 [Information] Route matched with "{action = \"Index\", controller = \"Home\", page = \"\", area = \"\"}". Executing controller action with signature "Microsoft.AspNetCore.Mvc.IActionResult Index()" on controller "Forum.Controllers.HomeController" ("Forum").
2023-10-23 18:37:16.568 +02:00 [Information] Executing ViewResult, running view "Index".
2023-10-23 18:37:16.663 +02:00 [Information] Executed ViewResult - view "Index" executed in 93.8418ms.
2023-10-23 18:37:16.664 +02:00 [Information] Executed action "Forum.Controllers.HomeController.Index (Forum)" in 100.5608ms
2023-10-23 18:37:16.664 +02:00 [Information] Executed endpoint '"Forum.Controllers.HomeController.Index (Forum)"'
2023-10-23 18:37:16.676 +02:00 [Information] Request starting HTTP/2 GET https://localhost:7205/style.css - -
2023-10-23 18:37:16.676 +02:00 [Information] Request starting HTTP/2 GET https://localhost:7205/css/style.css?v=GnikK2H98wctm5Ubs6lb4mz5RxX2-RwSTOuYmgekITI - -
2023-10-23 18:37:16.676 +02:00 [Information] Request starting HTTP/2 GET https://localhost:7205/_framework/aspnetcore-browser-refresh.js - -
2023-10-23 18:37:16.676 +02:00 [Information] Request finished HTTP/2 GET https://localhost:7205/ - - - 200 - text/html;+charset=utf-8 161.4232ms
2023-10-23 18:37:16.678 +02:00 [Information] Request finished HTTP/2 GET https://localhost:7205/_framework/aspnetcore-browser-refresh.js - - - 200 12342 application/javascript;+charset=utf-8 2.2002ms
2023-10-23 18:37:16.679 +02:00 [Information] Request finished HTTP/2 GET https://localhost:7205/style.css - - - 404 0 - 3.0004ms
2023-10-23 18:37:16.687 +02:00 [Information] The file "/css/style.css" was not modified
2023-10-23 18:37:16.687 +02:00 [Information] Request finished HTTP/2 GET https://localhost:7205/css/style.css?v=GnikK2H98wctm5Ubs6lb4mz5RxX2-RwSTOuYmgekITI - - - 304 - text/css 10.9789ms
2023-10-23 18:37:16.693 +02:00 [Information] Request starting HTTP/2 GET https://localhost:7205/_vs/browserLink - -
2023-10-23 18:37:16.702 +02:00 [Information] Request finished HTTP/2 GET https://localhost:7205/_vs/browserLink - - - 200 - text/javascript;+charset=UTF-8 8.4089ms
