2023-10-24 10:04:19.746 +02:00 [Information] User profile is available. Using '"C:\Users\abdik\AppData\Local\ASP.NET\DataProtection-Keys"' as key repository and Windows DPAPI to encrypt keys at rest.
2023-10-24 10:04:20.141 +02:00 [Information] Now listening on: "https://localhost:7205"
2023-10-24 10:04:20.142 +02:00 [Information] Now listening on: "http://localhost:5112"
2023-10-24 10:04:20.144 +02:00 [Information] Application started. Press Ctrl+C to shut down.
2023-10-24 10:04:20.145 +02:00 [Information] Hosting environment: "Development"
2023-10-24 10:04:20.145 +02:00 [Information] Content root path: "C:\Users\abdik\Source\Repos\Forum\MyShop\"
2023-10-24 10:04:20.475 +02:00 [Information] Request starting HTTP/2 GET https://localhost:7205/ - -
2023-10-24 10:04:20.512 +02:00 [Information] Executing endpoint '"Forum.Controllers.HomeController.Index (Forum)"'
2023-10-24 10:04:20.519 +02:00 [Information] Route matched with "{action = \"Index\", controller = \"Home\", page = \"\", area = \"\"}". Executing controller action with signature "Microsoft.AspNetCore.Mvc.IActionResult Index()" on controller "Forum.Controllers.HomeController" ("Forum").
2023-10-24 10:04:20.523 +02:00 [Information] Executing ViewResult, running view "Index".
2023-10-24 10:04:20.617 +02:00 [Information] Executed ViewResult - view "Index" executed in 93.3019ms.
2023-10-24 10:04:20.619 +02:00 [Information] Executed action "Forum.Controllers.HomeController.Index (Forum)" in 99.3558ms
2023-10-24 10:04:20.619 +02:00 [Information] Executed endpoint '"Forum.Controllers.HomeController.Index (Forum)"'
2023-10-24 10:04:20.630 +02:00 [Information] Request finished HTTP/2 GET https://localhost:7205/ - - - 200 - text/html;+charset=utf-8 157.7712ms
2023-10-24 10:04:20.631 +02:00 [Information] Request starting HTTP/2 GET https://localhost:7205/style.css - -
2023-10-24 10:04:20.631 +02:00 [Information] Request starting HTTP/2 GET https://localhost:7205/... - -
2023-10-24 10:04:20.631 +02:00 [Information] Request starting HTTP/2 GET https://localhost:7205/_framework/aspnetcore-browser-refresh.js - -
2023-10-24 10:04:20.633 +02:00 [Information] Request finished HTTP/2 GET https://localhost:7205/_framework/aspnetcore-browser-refresh.js - - - 200 12342 application/javascript;+charset=utf-8 1.8403ms
2023-10-24 10:04:20.635 +02:00 [Information] Request finished HTTP/2 GET https://localhost:7205/... - - - 404 0 - 3.6257ms
2023-10-24 10:04:20.641 +02:00 [Information] Request finished HTTP/2 GET https://localhost:7205/style.css - - - 404 0 - 9.6085ms
2023-10-24 10:04:20.646 +02:00 [Information] Request starting HTTP/2 GET https://localhost:7205/_vs/browserLink - -
2023-10-24 10:04:20.650 +02:00 [Information] Request starting HTTP/2 GET https://localhost:7205/... - -
2023-10-24 10:04:20.653 +02:00 [Information] Request finished HTTP/2 GET https://localhost:7205/_vs/browserLink - - - 200 - text/javascript;+charset=UTF-8 6.6184ms
2023-10-24 10:04:20.662 +02:00 [Information] Request finished HTTP/2 GET https://localhost:7205/... - - - 404 0 - 11.3349ms
