2023-10-24 16:57:35.571 +02:00 [Information] User profile is available. Using '"C:\Users\abdik\AppData\Local\ASP.NET\DataProtection-Keys"' as key repository and Windows DPAPI to encrypt keys at rest.
2023-10-24 16:57:35.990 +02:00 [Information] Now listening on: "https://localhost:7205"
2023-10-24 16:57:35.990 +02:00 [Information] Now listening on: "http://localhost:5112"
2023-10-24 16:57:35.993 +02:00 [Information] Application started. Press Ctrl+C to shut down.
2023-10-24 16:57:35.993 +02:00 [Information] Hosting environment: "Development"
2023-10-24 16:57:35.993 +02:00 [Information] Content root path: "C:\Users\abdik\Source\Repos\Forum\MyShop\"
2023-10-24 16:57:36.530 +02:00 [Information] Request starting HTTP/2 GET https://localhost:7205/ - -
2023-10-24 16:57:36.567 +02:00 [Information] Executing endpoint '"Forum.Controllers.HomeController.Index (Forum)"'
2023-10-24 16:57:36.576 +02:00 [Information] Route matched with "{action = \"Index\", controller = \"Home\", page = \"\", area = \"\"}". Executing controller action with signature "System.Threading.Tasks.Task`1[Microsoft.AspNetCore.Mvc.IActionResult] Index()" on controller "Forum.Controllers.HomeController" ("Forum").
2023-10-24 16:57:36.596 +02:00 [Information] Executing ViewResult, running view "Index".
2023-10-24 16:57:36.705 +02:00 [Information] Executed ViewResult - view "Index" executed in 108.1024ms.
2023-10-24 16:57:36.706 +02:00 [Information] Executed action "Forum.Controllers.HomeController.Index (Forum)" in 129.7119ms
2023-10-24 16:57:36.706 +02:00 [Information] Executed endpoint '"Forum.Controllers.HomeController.Index (Forum)"'
2023-10-24 16:57:36.720 +02:00 [Information] Request finished HTTP/2 GET https://localhost:7205/ - - - 200 - text/html;+charset=utf-8 191.8120ms
2023-10-24 16:57:36.740 +02:00 [Information] Request starting HTTP/2 GET https://localhost:7205/_vs/browserLink - -
2023-10-24 16:57:36.740 +02:00 [Information] Request starting HTTP/2 GET https://localhost:7205/css/style.css?v=GIITMtfwAO94GzTd_O0hWmj2Vhp3Hb-uVTko2pkBIzQ - -
2023-10-24 16:57:36.740 +02:00 [Information] Request starting HTTP/2 GET https://localhost:7205/_framework/aspnetcore-browser-refresh.js - -
2023-10-24 16:57:36.740 +02:00 [Information] Request starting HTTP/2 GET https://localhost:7205/style.css - -
2023-10-24 16:57:36.742 +02:00 [Information] Request finished HTTP/2 GET https://localhost:7205/_framework/aspnetcore-browser-refresh.js - - - 200 12342 application/javascript;+charset=utf-8 1.8041ms
2023-10-24 16:57:36.742 +02:00 [Information] Request finished HTTP/2 GET https://localhost:7205/style.css - - - 404 0 - 2.3834ms
2023-10-24 16:57:36.743 +02:00 [Information] The file "/css/style.css" was not modified
2023-10-24 16:57:36.743 +02:00 [Information] Request finished HTTP/2 GET https://localhost:7205/css/style.css?v=GIITMtfwAO94GzTd_O0hWmj2Vhp3Hb-uVTko2pkBIzQ - - - 304 - text/css 3.0434ms
2023-10-24 16:57:36.746 +02:00 [Information] Request finished HTTP/2 GET https://localhost:7205/_vs/browserLink - - - 200 - text/javascript;+charset=UTF-8 6.1367ms
2023-10-24 16:57:45.464 +02:00 [Information] Request starting HTTP/2 GET https://localhost:7205/Identity/Account/Login - -
2023-10-24 16:57:45.466 +02:00 [Information] Executing endpoint '"/Account/Login"'
2023-10-24 16:57:45.479 +02:00 [Information] Route matched with "{page = \"/Account/Login\", area = \"Identity\", action = \"\", controller = \"\"}". Executing page "/Account/Login"
2023-10-24 16:57:45.488 +02:00 [Information] Executing handler method "Forum.Areas.Identity.Pages.Account.LoginModel.OnGetAsync" - ModelState is Valid
2023-10-24 16:57:45.490 +02:00 [Information] AuthenticationScheme: "Identity.External" signed out.
2023-10-24 16:57:45.491 +02:00 [Information] Executed handler method "OnGetAsync", returned result "".
2023-10-24 16:57:45.493 +02:00 [Information] Executing an implicit handler method - ModelState is Valid
2023-10-24 16:57:45.493 +02:00 [Information] Executed an implicit handler method, returned result "Microsoft.AspNetCore.Mvc.RazorPages.PageResult".
2023-10-24 16:57:45.524 +02:00 [Information] Executed page "/Account/Login" in 44.8464ms
2023-10-24 16:57:45.524 +02:00 [Information] Executed endpoint '"/Account/Login"'
2023-10-24 16:57:45.525 +02:00 [Information] Request finished HTTP/2 GET https://localhost:7205/Identity/Account/Login - - - 200 - text/html;+charset=utf-8 60.3510ms
2023-10-24 16:57:45.545 +02:00 [Information] Request starting HTTP/2 GET https://localhost:7205/Identity/lib/jquery-validation-unobtrusive/jquery.validate.unobtrusive.js - -
2023-10-24 16:57:45.545 +02:00 [Information] Request starting HTTP/2 GET https://localhost:7205/css/style.css?v=GIITMtfwAO94GzTd_O0hWmj2Vhp3Hb-uVTko2pkBIzQ - -
2023-10-24 16:57:45.545 +02:00 [Information] Request starting HTTP/2 GET https://localhost:7205/Identity/lib/jquery-validation/dist/jquery.validate.js - -
2023-10-24 16:57:45.545 +02:00 [Information] Request starting HTTP/2 GET https://localhost:7205/Identity/Account/style.css - -
2023-10-24 16:57:45.545 +02:00 [Information] Request starting HTTP/2 GET https://localhost:7205/_framework/aspnetcore-browser-refresh.js - -
2023-10-24 16:57:45.546 +02:00 [Information] The file "/css/style.css" was not modified
2023-10-24 16:57:45.546 +02:00 [Information] Request finished HTTP/2 GET https://localhost:7205/_framework/aspnetcore-browser-refresh.js - - - 200 12342 application/javascript;+charset=utf-8 0.3616ms
2023-10-24 16:57:45.546 +02:00 [Information] Request finished HTTP/2 GET https://localhost:7205/css/style.css?v=GIITMtfwAO94GzTd_O0hWmj2Vhp3Hb-uVTko2pkBIzQ - - - 304 - text/css 0.6774ms
2023-10-24 16:57:45.549 +02:00 [Information] Request finished HTTP/2 GET https://localhost:7205/Identity/Account/style.css - - - 404 0 - 3.8817ms
2023-10-24 16:57:45.550 +02:00 [Information] Sending file. Request path: '"/Identity/lib/jquery-validation/dist/jquery.validate.js"'. Physical path: '"C:\Users\abdik\.nuget\packages\microsoft.aspnetcore.identity.ui\6.0.20\staticwebassets\V5\lib\jquery-validation\dist\jquery.validate.js"'
2023-10-24 16:57:45.550 +02:00 [Information] Sending file. Request path: '"/Identity/lib/jquery-validation-unobtrusive/jquery.validate.unobtrusive.js"'. Physical path: '"C:\Users\abdik\.nuget\packages\microsoft.aspnetcore.identity.ui\6.0.20\staticwebassets\V5\lib\jquery-validation-unobtrusive\jquery.validate.unobtrusive.js"'
2023-10-24 16:57:45.550 +02:00 [Information] Request finished HTTP/2 GET https://localhost:7205/Identity/lib/jquery-validation/dist/jquery.validate.js - - - 200 48676 application/javascript 4.9687ms
2023-10-24 16:57:45.550 +02:00 [Information] Request finished HTTP/2 GET https://localhost:7205/Identity/lib/jquery-validation-unobtrusive/jquery.validate.unobtrusive.js - - - 200 19366 application/javascript 4.9838ms
2023-10-24 16:57:45.555 +02:00 [Information] Request starting HTTP/2 GET https://localhost:7205/_vs/browserLink - -
2023-10-24 16:57:45.557 +02:00 [Information] Request finished HTTP/2 GET https://localhost:7205/_vs/browserLink - - - 200 - text/javascript;+charset=UTF-8 1.8766ms
2023-10-24 16:57:46.717 +02:00 [Information] Request starting HTTP/2 POST https://localhost:7205/Identity/Account/Login application/x-www-form-urlencoded 280
2023-10-24 16:57:46.718 +02:00 [Information] Executing endpoint '"/Account/Login"'
2023-10-24 16:57:46.718 +02:00 [Information] Route matched with "{page = \"/Account/Login\", area = \"Identity\", action = \"\", controller = \"\"}". Executing page "/Account/Login"
2023-10-24 16:57:46.733 +02:00 [Information] Executing handler method "Forum.Areas.Identity.Pages.Account.LoginModel.OnPostAsync" - ModelState is Valid
2023-10-24 16:57:46.782 +02:00 [Information] AuthenticationScheme: "Identity.Application" signed in.
2023-10-24 16:57:46.783 +02:00 [Information] User logged in.
2023-10-24 16:57:46.783 +02:00 [Information] Executed handler method "OnPostAsync", returned result "Microsoft.AspNetCore.Mvc.LocalRedirectResult".
2023-10-24 16:57:46.783 +02:00 [Information] Executing LocalRedirectResult, redirecting to "/".
2023-10-24 16:57:46.783 +02:00 [Information] Executed page "/Account/Login" in 65.0001ms
2023-10-24 16:57:46.783 +02:00 [Information] Executed endpoint '"/Account/Login"'
2023-10-24 16:57:46.783 +02:00 [Information] Request finished HTTP/2 POST https://localhost:7205/Identity/Account/Login application/x-www-form-urlencoded 280 - 302 0 - 66.2178ms
2023-10-24 16:57:46.787 +02:00 [Information] Request starting HTTP/2 GET https://localhost:7205/ - -
2023-10-24 16:57:46.789 +02:00 [Information] Executing endpoint '"Forum.Controllers.HomeController.Index (Forum)"'
2023-10-24 16:57:46.789 +02:00 [Information] Route matched with "{action = \"Index\", controller = \"Home\", page = \"\", area = \"\"}". Executing controller action with signature "System.Threading.Tasks.Task`1[Microsoft.AspNetCore.Mvc.IActionResult] Index()" on controller "Forum.Controllers.HomeController" ("Forum").
2023-10-24 16:57:46.790 +02:00 [Information] Executing ViewResult, running view "Index".
2023-10-24 16:57:46.794 +02:00 [Information] Executed ViewResult - view "Index" executed in 4.2692ms.
2023-10-24 16:57:46.795 +02:00 [Information] Executed action "Forum.Controllers.HomeController.Index (Forum)" in 5.1062ms
2023-10-24 16:57:46.795 +02:00 [Information] Executed endpoint '"Forum.Controllers.HomeController.Index (Forum)"'
2023-10-24 16:57:46.796 +02:00 [Information] Request finished HTTP/2 GET https://localhost:7205/ - - - 200 - text/html;+charset=utf-8 9.4438ms
2023-10-24 16:57:46.814 +02:00 [Information] Request starting HTTP/2 GET https://localhost:7205/style.css - -
2023-10-24 16:57:46.816 +02:00 [Information] Request finished HTTP/2 GET https://localhost:7205/style.css - - - 404 0 - 1.9754ms
2023-10-24 16:57:46.823 +02:00 [Information] Request starting HTTP/2 GET https://localhost:7205/_framework/aspnetcore-browser-refresh.js - -
2023-10-24 16:57:46.823 +02:00 [Information] Request finished HTTP/2 GET https://localhost:7205/_framework/aspnetcore-browser-refresh.js - - - 200 12342 application/javascript;+charset=utf-8 0.2768ms
2023-10-24 16:57:46.824 +02:00 [Information] Request starting HTTP/2 GET https://localhost:7205/_vs/browserLink - -
2023-10-24 16:57:46.826 +02:00 [Information] Request finished HTTP/2 GET https://localhost:7205/_vs/browserLink - - - 200 - text/javascript;+charset=UTF-8 1.7224ms
2023-10-24 16:57:47.734 +02:00 [Information] Request starting HTTP/2 GET https://localhost:7205/Room/RoomTable - -
2023-10-24 16:57:47.736 +02:00 [Information] Executing endpoint '"Forum.Controllers.RoomController.RoomTable (Forum)"'
2023-10-24 16:57:47.737 +02:00 [Information] Route matched with "{action = \"RoomTable\", controller = \"Room\", page = \"\", area = \"\"}". Executing controller action with signature "System.Threading.Tasks.Task`1[Microsoft.AspNetCore.Mvc.IActionResult] RoomTable()" on controller "Forum.Controllers.RoomController" ("Forum").
2023-10-24 16:57:47.743 +02:00 [Information] Executing ViewResult, running view "RoomTable".
2023-10-24 16:57:47.750 +02:00 [Information] Executed ViewResult - view "RoomTable" executed in 7.1722ms.
2023-10-24 16:57:47.750 +02:00 [Information] Executed action "Forum.Controllers.RoomController.RoomTable (Forum)" in 12.304ms
2023-10-24 16:57:47.750 +02:00 [Information] Executed endpoint '"Forum.Controllers.RoomController.RoomTable (Forum)"'
2023-10-24 16:57:47.751 +02:00 [Information] Request finished HTTP/2 GET https://localhost:7205/Room/RoomTable - - - 200 - text/html;+charset=utf-8 17.1129ms
2023-10-24 16:57:47.767 +02:00 [Information] Request starting HTTP/2 GET https://localhost:7205/css/style.css?v=GIITMtfwAO94GzTd_O0hWmj2Vhp3Hb-uVTko2pkBIzQ - -
2023-10-24 16:57:47.767 +02:00 [Information] The file "/css/style.css" was not modified
2023-10-24 16:57:47.767 +02:00 [Information] Request finished HTTP/2 GET https://localhost:7205/css/style.css?v=GIITMtfwAO94GzTd_O0hWmj2Vhp3Hb-uVTko2pkBIzQ - - - 304 - text/css 0.3483ms
2023-10-24 16:57:47.767 +02:00 [Information] Request starting HTTP/2 GET https://localhost:7205/Room/style.css - -
2023-10-24 16:57:47.768 +02:00 [Information] Request starting HTTP/2 GET https://localhost:7205/_framework/aspnetcore-browser-refresh.js - -
2023-10-24 16:57:47.768 +02:00 [Information] Request finished HTTP/2 GET https://localhost:7205/_framework/aspnetcore-browser-refresh.js - - - 200 12342 application/javascript;+charset=utf-8 0.2144ms
2023-10-24 16:57:47.770 +02:00 [Information] Request starting HTTP/2 GET https://localhost:7205/_vs/browserLink - -
2023-10-24 16:57:47.770 +02:00 [Information] Request finished HTTP/2 GET https://localhost:7205/Room/style.css - - - 404 0 - 2.5685ms
2023-10-24 16:57:47.771 +02:00 [Information] Request finished HTTP/2 GET https://localhost:7205/_vs/browserLink - - - 200 - text/javascript;+charset=UTF-8 1.7375ms
2023-10-24 16:57:49.113 +02:00 [Information] Request starting HTTP/2 GET https://localhost:7205/Room/RoomDetails/1 - -
2023-10-24 16:57:49.115 +02:00 [Information] Executing endpoint '"Forum.Controllers.RoomController.RoomDetails (Forum)"'
2023-10-24 16:57:49.117 +02:00 [Information] Route matched with "{action = \"RoomDetails\", controller = \"Room\", page = \"\", area = \"\"}". Executing controller action with signature "System.Threading.Tasks.Task`1[Microsoft.AspNetCore.Mvc.IActionResult] RoomDetails(Int32)" on controller "Forum.Controllers.RoomController" ("Forum").
2023-10-24 16:57:49.122 +02:00 [Information] Executing ViewResult, running view "RoomDetails".
2023-10-24 16:57:49.141 +02:00 [Information] Executed ViewResult - view "RoomDetails" executed in 19.6558ms.
2023-10-24 16:57:49.141 +02:00 [Information] Executed action "Forum.Controllers.RoomController.RoomDetails (Forum)" in 24.0529ms
2023-10-24 16:57:49.141 +02:00 [Information] Executed endpoint '"Forum.Controllers.RoomController.RoomDetails (Forum)"'
2023-10-24 16:57:49.142 +02:00 [Information] Request finished HTTP/2 GET https://localhost:7205/Room/RoomDetails/1 - - - 200 - text/html;+charset=utf-8 28.7422ms
2023-10-24 16:57:49.159 +02:00 [Information] Request starting HTTP/2 GET https://localhost:7205/Room/RoomDetails/style.css - -
2023-10-24 16:57:49.159 +02:00 [Information] Request starting HTTP/2 GET https://localhost:7205/_vs/browserLink - -
2023-10-24 16:57:49.160 +02:00 [Information] Request starting HTTP/2 GET https://localhost:7205/_framework/aspnetcore-browser-refresh.js - -
2023-10-24 16:57:49.160 +02:00 [Information] Request finished HTTP/2 GET https://localhost:7205/_framework/aspnetcore-browser-refresh.js - - - 200 12342 application/javascript;+charset=utf-8 0.1454ms
2023-10-24 16:57:49.160 +02:00 [Information] Executing endpoint '"Forum.Controllers.RoomController.RoomDetails (Forum)"'
2023-10-24 16:57:49.161 +02:00 [Information] Route matched with "{action = \"RoomDetails\", controller = \"Room\", page = \"\", area = \"\"}". Executing controller action with signature "System.Threading.Tasks.Task`1[Microsoft.AspNetCore.Mvc.IActionResult] RoomDetails(Int32)" on controller "Forum.Controllers.RoomController" ("Forum").
2023-10-24 16:57:49.161 +02:00 [Information] Request finished HTTP/2 GET https://localhost:7205/_vs/browserLink - - - 200 - text/javascript;+charset=UTF-8 1.7676ms
2023-10-24 16:57:49.169 +02:00 [Error] Room with ID not found Room ID: 0
2023-10-24 16:57:49.172 +02:00 [Information] Executing StatusCodeResult, setting HTTP status code 404
2023-10-24 16:57:49.172 +02:00 [Information] Executed action "Forum.Controllers.RoomController.RoomDetails (Forum)" in 11.325ms
2023-10-24 16:57:49.172 +02:00 [Information] Executed endpoint '"Forum.Controllers.RoomController.RoomDetails (Forum)"'
2023-10-24 16:57:49.172 +02:00 [Information] Request finished HTTP/2 GET https://localhost:7205/Room/RoomDetails/style.css - - - 404 0 - 13.3939ms
2023-10-24 16:57:50.463 +02:00 [Information] Request starting HTTP/2 GET https://localhost:7205/Topic/TopicDetails/1 - -
2023-10-24 16:57:50.464 +02:00 [Information] Executing endpoint '"Forum.Controllers.TopicController.TopicDetails (Forum)"'
2023-10-24 16:57:50.466 +02:00 [Information] Route matched with "{action = \"TopicDetails\", controller = \"Topic\", page = \"\", area = \"\"}". Executing controller action with signature "System.Threading.Tasks.Task`1[Microsoft.AspNetCore.Mvc.IActionResult] TopicDetails(Int32)" on controller "Forum.Controllers.TopicController" ("Forum").
2023-10-24 16:57:50.470 +02:00 [Information] Executing ViewResult, running view "TopicDetails".
2023-10-24 16:57:50.481 +02:00 [Information] Executed ViewResult - view "TopicDetails" executed in 10.5746ms.
2023-10-24 16:57:50.481 +02:00 [Information] Executed action "Forum.Controllers.TopicController.TopicDetails (Forum)" in 14.4678ms
2023-10-24 16:57:50.481 +02:00 [Information] Executed endpoint '"Forum.Controllers.TopicController.TopicDetails (Forum)"'
2023-10-24 16:57:50.482 +02:00 [Information] Request finished HTTP/2 GET https://localhost:7205/Topic/TopicDetails/1 - - - 200 - text/html;+charset=utf-8 18.8722ms
2023-10-24 16:57:50.496 +02:00 [Information] Request starting HTTP/2 GET https://localhost:7205/css/style.css?v=GIITMtfwAO94GzTd_O0hWmj2Vhp3Hb-uVTko2pkBIzQ - -
2023-10-24 16:57:50.496 +02:00 [Information] Request starting HTTP/2 GET https://localhost:7205/Topic/TopicDetails/style.css - -
2023-10-24 16:57:50.496 +02:00 [Information] The file "/css/style.css" was not modified
2023-10-24 16:57:50.497 +02:00 [Information] Request starting HTTP/2 GET https://localhost:7205/_framework/aspnetcore-browser-refresh.js - -
2023-10-24 16:57:50.497 +02:00 [Information] Request finished HTTP/2 GET https://localhost:7205/css/style.css?v=GIITMtfwAO94GzTd_O0hWmj2Vhp3Hb-uVTko2pkBIzQ - - - 304 - text/css 0.3925ms
2023-10-24 16:57:50.497 +02:00 [Information] Request finished HTTP/2 GET https://localhost:7205/_framework/aspnetcore-browser-refresh.js - - - 200 12342 application/javascript;+charset=utf-8 0.1312ms
2023-10-24 16:57:50.499 +02:00 [Information] Executing endpoint '"Forum.Controllers.TopicController.TopicDetails (Forum)"'
2023-10-24 16:57:50.499 +02:00 [Information] Route matched with "{action = \"TopicDetails\", controller = \"Topic\", page = \"\", area = \"\"}". Executing controller action with signature "System.Threading.Tasks.Task`1[Microsoft.AspNetCore.Mvc.IActionResult] TopicDetails(Int32)" on controller "Forum.Controllers.TopicController" ("Forum").
2023-10-24 16:57:50.500 +02:00 [Error] [TopicController] Topic not found for the TopicId 0000
2023-10-24 16:57:50.501 +02:00 [Information] Request starting HTTP/2 GET https://localhost:7205/_vs/browserLink - -
2023-10-24 16:57:50.501 +02:00 [Information] Executing "NotFoundObjectResult", writing value of type '"System.String"'.
2023-10-24 16:57:50.502 +02:00 [Information] Executed action "Forum.Controllers.TopicController.TopicDetails (Forum)" in 3.1525ms
2023-10-24 16:57:50.502 +02:00 [Information] Executed endpoint '"Forum.Controllers.TopicController.TopicDetails (Forum)"'
2023-10-24 16:57:50.502 +02:00 [Information] Request finished HTTP/2 GET https://localhost:7205/Topic/TopicDetails/style.css - - - 404 - text/plain;+charset=utf-8 5.8064ms
2023-10-24 16:57:50.503 +02:00 [Information] Request finished HTTP/2 GET https://localhost:7205/_vs/browserLink - - - 200 - text/javascript;+charset=UTF-8 1.8175ms
2023-10-24 16:57:50.969 +02:00 [Information] Request starting HTTP/2 GET https://localhost:7205/Post/CreatePost?topicId=1 - -
2023-10-24 16:57:50.973 +02:00 [Information] Executing endpoint '"Forum.Controllers.PostController.CreatePost (Forum)"'
2023-10-24 16:57:50.974 +02:00 [Information] Route matched with "{action = \"CreatePost\", controller = \"Post\", page = \"\", area = \"\"}". Executing controller action with signature "Microsoft.AspNetCore.Mvc.IActionResult CreatePost(Int32)" on controller "Forum.Controllers.PostController" ("Forum").
2023-10-24 16:57:50.978 +02:00 [Information] Executing ViewResult, running view "CreatePost".
2023-10-24 16:57:50.993 +02:00 [Information] Executed ViewResult - view "CreatePost" executed in 15.088ms.
2023-10-24 16:57:50.993 +02:00 [Information] Executed action "Forum.Controllers.PostController.CreatePost (Forum)" in 19.0294ms
2023-10-24 16:57:50.993 +02:00 [Information] Executed endpoint '"Forum.Controllers.PostController.CreatePost (Forum)"'
2023-10-24 16:57:50.995 +02:00 [Information] Request finished HTTP/2 GET https://localhost:7205/Post/CreatePost?topicId=1 - - - 200 - text/html;+charset=utf-8 25.3912ms
2023-10-24 16:57:51.011 +02:00 [Information] Request starting HTTP/2 GET https://localhost:7205/Post/style.css - -
2023-10-24 16:57:51.013 +02:00 [Information] Request starting HTTP/2 GET https://localhost:7205/_vs/browserLink - -
2023-10-24 16:57:51.013 +02:00 [Information] Request starting HTTP/2 GET https://localhost:7205/_framework/aspnetcore-browser-refresh.js - -
2023-10-24 16:57:51.013 +02:00 [Information] Request finished HTTP/2 GET https://localhost:7205/_framework/aspnetcore-browser-refresh.js - - - 200 12342 application/javascript;+charset=utf-8 0.1993ms
2023-10-24 16:57:51.014 +02:00 [Information] Request finished HTTP/2 GET https://localhost:7205/Post/style.css - - - 404 0 - 2.5138ms
2023-10-24 16:57:51.014 +02:00 [Information] Request finished HTTP/2 GET https://localhost:7205/_vs/browserLink - - - 200 - text/javascript;+charset=UTF-8 1.7542ms
2023-10-24 16:57:55.607 +02:00 [Information] Request starting HTTP/2 POST https://localhost:7205/Post/Createpost?topicId=1 application/x-www-form-urlencoded 361
2023-10-24 16:57:55.609 +02:00 [Information] Executing endpoint '"Forum.Controllers.PostController.CreatePost (Forum)"'
2023-10-24 16:57:55.613 +02:00 [Information] Route matched with "{action = \"CreatePost\", controller = \"Post\", page = \"\", area = \"\"}". Executing controller action with signature "System.Threading.Tasks.Task`1[Microsoft.AspNetCore.Mvc.IActionResult] CreatePost(Forum.ViewModels.PostCommentViewModel)" on controller "Forum.Controllers.PostController" ("Forum").
2023-10-24 16:57:55.622 +02:00 [Error] Failed executing DbCommand ("0"ms) [Parameters=["@p0='?' (DbType = Int32), @p1='?' (DbType = DateTime), @p2='?' (Size = 15), @p3='?' (DbType = Int32), @p4='?' (Size = 36)"], CommandType='Text', CommandTimeout='30']"
""INSERT INTO \"Posts\" (\"PostId\", \"PostTime\", \"PostTitle\", \"TopicId\", \"UserId\")
VALUES (@p0, @p1, @p2, @p3, @p4);"
2023-10-24 16:57:55.639 +02:00 [Error] An exception occurred in the database while saving changes for context type '"Forum.Models.CategoryDbContext"'."
""Microsoft.EntityFrameworkCore.DbUpdateException: An error occurred while saving the entity changes. See the inner exception for details.
 ---> Microsoft.Data.Sqlite.SqliteException (0x80004005): SQLite Error 19: 'UNIQUE constraint failed: Posts.PostId'.
   at Microsoft.Data.Sqlite.SqliteException.ThrowExceptionForRC(Int32 rc, sqlite3 db)
   at Microsoft.Data.Sqlite.SqliteDataReader.NextResult()
   at Microsoft.Data.Sqlite.SqliteCommand.ExecuteReader(CommandBehavior behavior)
   at Microsoft.Data.Sqlite.SqliteCommand.ExecuteReaderAsync(CommandBehavior behavior, CancellationToken cancellationToken)
   at Microsoft.Data.Sqlite.SqliteCommand.ExecuteDbDataReaderAsync(CommandBehavior behavior, CancellationToken cancellationToken)
   at Microsoft.EntityFrameworkCore.Storage.RelationalCommand.ExecuteReaderAsync(RelationalCommandParameterObject parameterObject, CancellationToken cancellationToken)
   at Microsoft.EntityFrameworkCore.Storage.RelationalCommand.ExecuteReaderAsync(RelationalCommandParameterObject parameterObject, CancellationToken cancellationToken)
   at Microsoft.EntityFrameworkCore.Update.ReaderModificationCommandBatch.ExecuteAsync(IRelationalConnection connection, CancellationToken cancellationToken)
   --- End of inner exception stack trace ---
   at Microsoft.EntityFrameworkCore.Update.ReaderModificationCommandBatch.ExecuteAsync(IRelationalConnection connection, CancellationToken cancellationToken)
   at Microsoft.EntityFrameworkCore.Update.Internal.BatchExecutor.ExecuteAsync(IEnumerable`1 commandBatches, IRelationalConnection connection, CancellationToken cancellationToken)
   at Microsoft.EntityFrameworkCore.Update.Internal.BatchExecutor.ExecuteAsync(IEnumerable`1 commandBatches, IRelationalConnection connection, CancellationToken cancellationToken)
   at Microsoft.EntityFrameworkCore.Update.Internal.BatchExecutor.ExecuteAsync(IEnumerable`1 commandBatches, IRelationalConnection connection, CancellationToken cancellationToken)
   at Microsoft.EntityFrameworkCore.ChangeTracking.Internal.StateManager.SaveChangesAsync(IList`1 entriesToSave, CancellationToken cancellationToken)
   at Microsoft.EntityFrameworkCore.ChangeTracking.Internal.StateManager.SaveChangesAsync(StateManager stateManager, Boolean acceptAllChangesOnSuccess, CancellationToken cancellationToken)
   at Microsoft.EntityFrameworkCore.DbContext.SaveChangesAsync(Boolean acceptAllChangesOnSuccess, CancellationToken cancellationToken)"
Microsoft.EntityFrameworkCore.DbUpdateException: An error occurred while saving the entity changes. See the inner exception for details.
 ---> Microsoft.Data.Sqlite.SqliteException (0x80004005): SQLite Error 19: 'UNIQUE constraint failed: Posts.PostId'.
   at Microsoft.Data.Sqlite.SqliteException.ThrowExceptionForRC(Int32 rc, sqlite3 db)
   at Microsoft.Data.Sqlite.SqliteDataReader.NextResult()
   at Microsoft.Data.Sqlite.SqliteCommand.ExecuteReader(CommandBehavior behavior)
   at Microsoft.Data.Sqlite.SqliteCommand.ExecuteReaderAsync(CommandBehavior behavior, CancellationToken cancellationToken)
   at Microsoft.Data.Sqlite.SqliteCommand.ExecuteDbDataReaderAsync(CommandBehavior behavior, CancellationToken cancellationToken)
   at Microsoft.EntityFrameworkCore.Storage.RelationalCommand.ExecuteReaderAsync(RelationalCommandParameterObject parameterObject, CancellationToken cancellationToken)
   at Microsoft.EntityFrameworkCore.Storage.RelationalCommand.ExecuteReaderAsync(RelationalCommandParameterObject parameterObject, CancellationToken cancellationToken)
   at Microsoft.EntityFrameworkCore.Update.ReaderModificationCommandBatch.ExecuteAsync(IRelationalConnection connection, CancellationToken cancellationToken)
   --- End of inner exception stack trace ---
   at Microsoft.EntityFrameworkCore.Update.ReaderModificationCommandBatch.ExecuteAsync(IRelationalConnection connection, CancellationToken cancellationToken)
   at Microsoft.EntityFrameworkCore.Update.Internal.BatchExecutor.ExecuteAsync(IEnumerable`1 commandBatches, IRelationalConnection connection, CancellationToken cancellationToken)
   at Microsoft.EntityFrameworkCore.Update.Internal.BatchExecutor.ExecuteAsync(IEnumerable`1 commandBatches, IRelationalConnection connection, CancellationToken cancellationToken)
   at Microsoft.EntityFrameworkCore.Update.Internal.BatchExecutor.ExecuteAsync(IEnumerable`1 commandBatches, IRelationalConnection connection, CancellationToken cancellationToken)
   at Microsoft.EntityFrameworkCore.ChangeTracking.Internal.StateManager.SaveChangesAsync(IList`1 entriesToSave, CancellationToken cancellationToken)
   at Microsoft.EntityFrameworkCore.ChangeTracking.Internal.StateManager.SaveChangesAsync(StateManager stateManager, Boolean acceptAllChangesOnSuccess, CancellationToken cancellationToken)
   at Microsoft.EntityFrameworkCore.DbContext.SaveChangesAsync(Boolean acceptAllChangesOnSuccess, CancellationToken cancellationToken)
2023-10-24 16:57:55.642 +02:00 [Error] [PoatRepository] post creation failed for post Post { PostId: 8, TopicId: 1, UserId: "8d7039d6-e1a8-4474-aa2b-0606a244840e", PostTitle: "United er bedre", PostTime: 10/24/2023 16:57:55, Topic: null, Comments: null }, error message: "An error occurred while saving the entity changes. See the inner exception for details."
2023-10-24 16:57:55.642 +02:00 [Error] We're here
2023-10-24 16:57:55.645 +02:00 [Error] Failed executing DbCommand ("0"ms) [Parameters=["@p0='?' (DbType = Int32), @p1='?' (DbType = DateTime), @p2='?' (Size = 15), @p3='?' (DbType = Int32), @p4='?' (Size = 36)"], CommandType='Text', CommandTimeout='30']"
""INSERT INTO \"Posts\" (\"PostId\", \"PostTime\", \"PostTitle\", \"TopicId\", \"UserId\")
VALUES (@p0, @p1, @p2, @p3, @p4);"
2023-10-24 16:57:55.647 +02:00 [Error] An exception occurred in the database while saving changes for context type '"Forum.Models.CategoryDbContext"'."
""Microsoft.EntityFrameworkCore.DbUpdateException: An error occurred while saving the entity changes. See the inner exception for details.
 ---> Microsoft.Data.Sqlite.SqliteException (0x80004005): SQLite Error 19: 'UNIQUE constraint failed: Posts.PostId'.
   at Microsoft.Data.Sqlite.SqliteException.ThrowExceptionForRC(Int32 rc, sqlite3 db)
   at Microsoft.Data.Sqlite.SqliteDataReader.NextResult()
   at Microsoft.Data.Sqlite.SqliteCommand.ExecuteReader(CommandBehavior behavior)
   at Microsoft.Data.Sqlite.SqliteCommand.ExecuteReaderAsync(CommandBehavior behavior, CancellationToken cancellationToken)
   at Microsoft.Data.Sqlite.SqliteCommand.ExecuteDbDataReaderAsync(CommandBehavior behavior, CancellationToken cancellationToken)
   at Microsoft.EntityFrameworkCore.Storage.RelationalCommand.ExecuteReaderAsync(RelationalCommandParameterObject parameterObject, CancellationToken cancellationToken)
   at Microsoft.EntityFrameworkCore.Storage.RelationalCommand.ExecuteReaderAsync(RelationalCommandParameterObject parameterObject, CancellationToken cancellationToken)
   at Microsoft.EntityFrameworkCore.Update.ReaderModificationCommandBatch.ExecuteAsync(IRelationalConnection connection, CancellationToken cancellationToken)
   --- End of inner exception stack trace ---
   at Microsoft.EntityFrameworkCore.Update.ReaderModificationCommandBatch.ExecuteAsync(IRelationalConnection connection, CancellationToken cancellationToken)
   at Microsoft.EntityFrameworkCore.Update.Internal.BatchExecutor.ExecuteAsync(IEnumerable`1 commandBatches, IRelationalConnection connection, CancellationToken cancellationToken)
   at Microsoft.EntityFrameworkCore.Update.Internal.BatchExecutor.ExecuteAsync(IEnumerable`1 commandBatches, IRelationalConnection connection, CancellationToken cancellationToken)
   at Microsoft.EntityFrameworkCore.Update.Internal.BatchExecutor.ExecuteAsync(IEnumerable`1 commandBatches, IRelationalConnection connection, CancellationToken cancellationToken)
   at Microsoft.EntityFrameworkCore.ChangeTracking.Internal.StateManager.SaveChangesAsync(IList`1 entriesToSave, CancellationToken cancellationToken)
   at Microsoft.EntityFrameworkCore.ChangeTracking.Internal.StateManager.SaveChangesAsync(StateManager stateManager, Boolean acceptAllChangesOnSuccess, CancellationToken cancellationToken)
   at Microsoft.EntityFrameworkCore.DbContext.SaveChangesAsync(Boolean acceptAllChangesOnSuccess, CancellationToken cancellationToken)"
Microsoft.EntityFrameworkCore.DbUpdateException: An error occurred while saving the entity changes. See the inner exception for details.
 ---> Microsoft.Data.Sqlite.SqliteException (0x80004005): SQLite Error 19: 'UNIQUE constraint failed: Posts.PostId'.
   at Microsoft.Data.Sqlite.SqliteException.ThrowExceptionForRC(Int32 rc, sqlite3 db)
   at Microsoft.Data.Sqlite.SqliteDataReader.NextResult()
   at Microsoft.Data.Sqlite.SqliteCommand.ExecuteReader(CommandBehavior behavior)
   at Microsoft.Data.Sqlite.SqliteCommand.ExecuteReaderAsync(CommandBehavior behavior, CancellationToken cancellationToken)
   at Microsoft.Data.Sqlite.SqliteCommand.ExecuteDbDataReaderAsync(CommandBehavior behavior, CancellationToken cancellationToken)
   at Microsoft.EntityFrameworkCore.Storage.RelationalCommand.ExecuteReaderAsync(RelationalCommandParameterObject parameterObject, CancellationToken cancellationToken)
   at Microsoft.EntityFrameworkCore.Storage.RelationalCommand.ExecuteReaderAsync(RelationalCommandParameterObject parameterObject, CancellationToken cancellationToken)
   at Microsoft.EntityFrameworkCore.Update.ReaderModificationCommandBatch.ExecuteAsync(IRelationalConnection connection, CancellationToken cancellationToken)
   --- End of inner exception stack trace ---
   at Microsoft.EntityFrameworkCore.Update.ReaderModificationCommandBatch.ExecuteAsync(IRelationalConnection connection, CancellationToken cancellationToken)
   at Microsoft.EntityFrameworkCore.Update.Internal.BatchExecutor.ExecuteAsync(IEnumerable`1 commandBatches, IRelationalConnection connection, CancellationToken cancellationToken)
   at Microsoft.EntityFrameworkCore.Update.Internal.BatchExecutor.ExecuteAsync(IEnumerable`1 commandBatches, IRelationalConnection connection, CancellationToken cancellationToken)
   at Microsoft.EntityFrameworkCore.Update.Internal.BatchExecutor.ExecuteAsync(IEnumerable`1 commandBatches, IRelationalConnection connection, CancellationToken cancellationToken)
   at Microsoft.EntityFrameworkCore.ChangeTracking.Internal.StateManager.SaveChangesAsync(IList`1 entriesToSave, CancellationToken cancellationToken)
   at Microsoft.EntityFrameworkCore.ChangeTracking.Internal.StateManager.SaveChangesAsync(StateManager stateManager, Boolean acceptAllChangesOnSuccess, CancellationToken cancellationToken)
   at Microsoft.EntityFrameworkCore.DbContext.SaveChangesAsync(Boolean acceptAllChangesOnSuccess, CancellationToken cancellationToken)
2023-10-24 16:57:55.649 +02:00 [Error] [CommentRepository] comment creation failed for CommentID Comment { CommentId: 0, PostId: 8, UserId: "8d7039d6-e1a8-4474-aa2b-0606a244840e", CommentDescription: "United er mye", Post: Post { PostId: 8, TopicId: 1, UserId: "8d7039d6-e1a8-4474-aa2b-0606a244840e", PostTitle: "United er bedre", PostTime: 10/24/2023 16:57:55, Topic: null, Comments: [Comment { CommentId: 0, PostId: 8, UserId: "8d7039d6-e1a8-4474-aa2b-0606a244840e", CommentDescription: "United er mye", Post: Post { PostId: 8, TopicId: 1, UserId: "8d7039d6-e1a8-4474-aa2b-0606a244840e", PostTitle: "United er bedre", PostTime: 10/24/2023 16:57:55, Topic: null, Comments: [Comment { CommentId: 0, PostId: 8, UserId: "8d7039d6-e1a8-4474-aa2b-0606a244840e", CommentDescription: "United er mye", Post: Post { PostId: 8, TopicId: 1, UserId: "8d7039d6-e1a8-4474-aa2b-0606a244840e", PostTitle: "United er bedre", PostTime: 10/24/2023 16:57:55, Topic: null, Comments: [Comment { CommentId: null, PostId: null, UserId: null, CommentDescription: null, Post: null }] } }] } }] } }, error message: "An error occurred while saving the entity changes. See the inner exception for details."
2023-10-24 16:57:55.650 +02:00 [Error] We're here
2023-10-24 16:57:55.650 +02:00 [Information] Executing RedirectResult, redirecting to "/Topic/TopicDetails/1".
2023-10-24 16:57:55.650 +02:00 [Information] Executed action "Forum.Controllers.PostController.CreatePost (Forum)" in 36.825ms
2023-10-24 16:57:55.650 +02:00 [Information] Executed endpoint '"Forum.Controllers.PostController.CreatePost (Forum)"'
2023-10-24 16:57:55.650 +02:00 [Information] Request finished HTTP/2 POST https://localhost:7205/Post/Createpost?topicId=1 application/x-www-form-urlencoded 361 - 302 0 - 43.3677ms
2023-10-24 16:57:55.653 +02:00 [Information] Request starting HTTP/2 GET https://localhost:7205/Topic/TopicDetails/1 - -
2023-10-24 16:57:55.655 +02:00 [Information] Executing endpoint '"Forum.Controllers.TopicController.TopicDetails (Forum)"'
2023-10-24 16:57:55.655 +02:00 [Information] Route matched with "{action = \"TopicDetails\", controller = \"Topic\", page = \"\", area = \"\"}". Executing controller action with signature "System.Threading.Tasks.Task`1[Microsoft.AspNetCore.Mvc.IActionResult] TopicDetails(Int32)" on controller "Forum.Controllers.TopicController" ("Forum").
2023-10-24 16:57:55.656 +02:00 [Information] Executing ViewResult, running view "TopicDetails".
2023-10-24 16:57:55.658 +02:00 [Information] Executed ViewResult - view "TopicDetails" executed in 2.5455ms.
2023-10-24 16:57:55.658 +02:00 [Information] Executed action "Forum.Controllers.TopicController.TopicDetails (Forum)" in 3.5909ms
2023-10-24 16:57:55.659 +02:00 [Information] Executed endpoint '"Forum.Controllers.TopicController.TopicDetails (Forum)"'
2023-10-24 16:57:55.659 +02:00 [Information] Request finished HTTP/2 GET https://localhost:7205/Topic/TopicDetails/1 - - - 200 - text/html;+charset=utf-8 6.0015ms
2023-10-24 16:57:55.681 +02:00 [Information] Request starting HTTP/2 GET https://localhost:7205/css/style.css?v=GIITMtfwAO94GzTd_O0hWmj2Vhp3Hb-uVTko2pkBIzQ - -
2023-10-24 16:57:55.681 +02:00 [Information] Request starting HTTP/2 GET https://localhost:7205/Topic/TopicDetails/style.css - -
2023-10-24 16:57:55.681 +02:00 [Information] Request starting HTTP/2 GET https://localhost:7205/_framework/aspnetcore-browser-refresh.js - -
2023-10-24 16:57:55.682 +02:00 [Information] The file "/css/style.css" was not modified
2023-10-24 16:57:55.682 +02:00 [Information] Request finished HTTP/2 GET https://localhost:7205/_framework/aspnetcore-browser-refresh.js - - - 200 12342 application/javascript;+charset=utf-8 0.1321ms
2023-10-24 16:57:55.682 +02:00 [Information] Request finished HTTP/2 GET https://localhost:7205/css/style.css?v=GIITMtfwAO94GzTd_O0hWmj2Vhp3Hb-uVTko2pkBIzQ - - - 304 - text/css 0.4490ms
2023-10-24 16:57:55.683 +02:00 [Information] Executing endpoint '"Forum.Controllers.TopicController.TopicDetails (Forum)"'
2023-10-24 16:57:55.683 +02:00 [Information] Route matched with "{action = \"TopicDetails\", controller = \"Topic\", page = \"\", area = \"\"}". Executing controller action with signature "System.Threading.Tasks.Task`1[Microsoft.AspNetCore.Mvc.IActionResult] TopicDetails(Int32)" on controller "Forum.Controllers.TopicController" ("Forum").
2023-10-24 16:57:55.684 +02:00 [Error] [TopicController] Topic not found for the TopicId 0000
2023-10-24 16:57:55.684 +02:00 [Information] Executing "NotFoundObjectResult", writing value of type '"System.String"'.
2023-10-24 16:57:55.684 +02:00 [Information] Executed action "Forum.Controllers.TopicController.TopicDetails (Forum)" in 1.4124ms
2023-10-24 16:57:55.684 +02:00 [Information] Executed endpoint '"Forum.Controllers.TopicController.TopicDetails (Forum)"'
2023-10-24 16:57:55.684 +02:00 [Information] Request finished HTTP/2 GET https://localhost:7205/Topic/TopicDetails/style.css - - - 404 - text/plain;+charset=utf-8 2.8743ms
2023-10-24 16:57:55.692 +02:00 [Information] Request starting HTTP/2 GET https://localhost:7205/_vs/browserLink - -
2023-10-24 16:57:55.694 +02:00 [Information] Request finished HTTP/2 GET https://localhost:7205/_vs/browserLink - - - 200 - text/javascript;+charset=UTF-8 1.5901ms
2023-10-24 16:57:58.725 +02:00 [Information] Request starting HTTP/2 GET https://localhost:7205/ - -
2023-10-24 16:57:58.727 +02:00 [Information] Executing endpoint '"Forum.Controllers.HomeController.Index (Forum)"'
2023-10-24 16:57:58.727 +02:00 [Information] Route matched with "{action = \"Index\", controller = \"Home\", page = \"\", area = \"\"}". Executing controller action with signature "System.Threading.Tasks.Task`1[Microsoft.AspNetCore.Mvc.IActionResult] Index()" on controller "Forum.Controllers.HomeController" ("Forum").
2023-10-24 16:57:58.727 +02:00 [Information] Executing ViewResult, running view "Index".
2023-10-24 16:57:58.729 +02:00 [Information] Executed ViewResult - view "Index" executed in 2.1867ms.
2023-10-24 16:57:58.730 +02:00 [Information] Executed action "Forum.Controllers.HomeController.Index (Forum)" in 2.7197ms
2023-10-24 16:57:58.730 +02:00 [Information] Executed endpoint '"Forum.Controllers.HomeController.Index (Forum)"'
2023-10-24 16:57:58.731 +02:00 [Information] Request finished HTTP/2 GET https://localhost:7205/ - - - 200 - text/html;+charset=utf-8 6.0417ms
2023-10-24 16:57:58.747 +02:00 [Information] Request starting HTTP/2 GET https://localhost:7205/css/style.css?v=GIITMtfwAO94GzTd_O0hWmj2Vhp3Hb-uVTko2pkBIzQ - -
2023-10-24 16:57:58.747 +02:00 [Information] The file "/css/style.css" was not modified
2023-10-24 16:57:58.747 +02:00 [Information] Request finished HTTP/2 GET https://localhost:7205/css/style.css?v=GIITMtfwAO94GzTd_O0hWmj2Vhp3Hb-uVTko2pkBIzQ - - - 304 - text/css 0.3264ms
2023-10-24 16:57:58.748 +02:00 [Information] Request starting HTTP/2 GET https://localhost:7205/style.css - -
2023-10-24 16:57:58.749 +02:00 [Information] Request finished HTTP/2 GET https://localhost:7205/style.css - - - 404 0 - 1.2228ms
2023-10-24 16:57:58.754 +02:00 [Information] Request starting HTTP/2 GET https://localhost:7205/_framework/aspnetcore-browser-refresh.js - -
2023-10-24 16:57:58.754 +02:00 [Information] Request finished HTTP/2 GET https://localhost:7205/_framework/aspnetcore-browser-refresh.js - - - 200 12342 application/javascript;+charset=utf-8 0.1248ms
2023-10-24 16:57:58.755 +02:00 [Information] Request starting HTTP/2 GET https://localhost:7205/_vs/browserLink - -
2023-10-24 16:57:58.757 +02:00 [Information] Request finished HTTP/2 GET https://localhost:7205/_vs/browserLink - - - 200 - text/javascript;+charset=UTF-8 1.7497ms
2023-10-24 17:07:28.978 +02:00 [Information] Request starting HTTP/2 POST https://localhost:7205/Identity/Account/Logout?returnUrl=%2F application/x-www-form-urlencoded 225
2023-10-24 17:07:28.980 +02:00 [Information] Executing endpoint '"/Account/Logout"'
2023-10-24 17:07:28.982 +02:00 [Information] Route matched with "{page = \"/Account/Logout\", area = \"Identity\", action = \"\", controller = \"\"}". Executing page "/Account/Logout"
2023-10-24 17:07:28.982 +02:00 [Information] Executing handler method "Forum.Areas.Identity.Pages.Account.LogoutModel.OnPost" - ModelState is Valid
2023-10-24 17:07:28.983 +02:00 [Information] AuthenticationScheme: "Identity.Application" signed out.
2023-10-24 17:07:28.983 +02:00 [Information] AuthenticationScheme: "Identity.External" signed out.
2023-10-24 17:07:28.984 +02:00 [Information] AuthenticationScheme: "Identity.TwoFactorUserId" signed out.
2023-10-24 17:07:28.984 +02:00 [Information] User logged out.
2023-10-24 17:07:28.984 +02:00 [Information] Executed handler method "OnPost", returned result "Microsoft.AspNetCore.Mvc.LocalRedirectResult".
2023-10-24 17:07:28.984 +02:00 [Information] Executing LocalRedirectResult, redirecting to "/".
2023-10-24 17:07:28.984 +02:00 [Information] Executed page "/Account/Logout" in 2.0364ms
2023-10-24 17:07:28.984 +02:00 [Information] Executed endpoint '"/Account/Logout"'
2023-10-24 17:07:28.984 +02:00 [Information] Request finished HTTP/2 POST https://localhost:7205/Identity/Account/Logout?returnUrl=%2F application/x-www-form-urlencoded 225 - 302 0 - 6.5752ms
2023-10-24 17:07:28.987 +02:00 [Information] Request starting HTTP/2 GET https://localhost:7205/ - -
2023-10-24 17:07:28.987 +02:00 [Information] Executing endpoint '"Forum.Controllers.HomeController.Index (Forum)"'
2023-10-24 17:07:28.987 +02:00 [Information] Route matched with "{action = \"Index\", controller = \"Home\", page = \"\", area = \"\"}". Executing controller action with signature "System.Threading.Tasks.Task`1[Microsoft.AspNetCore.Mvc.IActionResult] Index()" on controller "Forum.Controllers.HomeController" ("Forum").
2023-10-24 17:07:28.988 +02:00 [Information] Executing ViewResult, running view "Index".
2023-10-24 17:07:28.990 +02:00 [Information] Executed ViewResult - view "Index" executed in 2.0262ms.
2023-10-24 17:07:28.990 +02:00 [Information] Executed action "Forum.Controllers.HomeController.Index (Forum)" in 3.0454ms
2023-10-24 17:07:28.990 +02:00 [Information] Executed endpoint '"Forum.Controllers.HomeController.Index (Forum)"'
2023-10-24 17:07:28.992 +02:00 [Information] Request finished HTTP/2 GET https://localhost:7205/ - - - 200 - text/html;+charset=utf-8 4.7573ms
2023-10-24 17:07:29.013 +02:00 [Information] Request starting HTTP/2 GET https://localhost:7205/css/style.css?v=GIITMtfwAO94GzTd_O0hWmj2Vhp3Hb-uVTko2pkBIzQ - -
2023-10-24 17:07:29.013 +02:00 [Information] Request starting HTTP/2 GET https://localhost:7205/style.css - -
2023-10-24 17:07:29.013 +02:00 [Information] The file "/css/style.css" was not modified
2023-10-24 17:07:29.013 +02:00 [Information] Request finished HTTP/2 GET https://localhost:7205/css/style.css?v=GIITMtfwAO94GzTd_O0hWmj2Vhp3Hb-uVTko2pkBIzQ - - - 304 - text/css 0.3282ms
2023-10-24 17:07:29.013 +02:00 [Information] Request finished HTTP/2 GET https://localhost:7205/style.css - - - 404 0 - 0.3770ms
2023-10-24 17:07:29.038 +02:00 [Information] Request starting HTTP/2 GET https://localhost:7205/_framework/aspnetcore-browser-refresh.js - -
2023-10-24 17:07:29.038 +02:00 [Information] Request finished HTTP/2 GET https://localhost:7205/_framework/aspnetcore-browser-refresh.js - - - 200 12342 application/javascript;+charset=utf-8 0.2551ms
2023-10-24 17:07:29.045 +02:00 [Information] Request starting HTTP/2 GET https://localhost:7205/_vs/browserLink - -
2023-10-24 17:07:29.047 +02:00 [Information] Request finished HTTP/2 GET https://localhost:7205/_vs/browserLink - - - 200 - text/javascript;+charset=UTF-8 1.7898ms
2023-10-24 17:08:57.466 +02:00 [Information] Request starting HTTP/2 GET https://localhost:7205/Search/Search?search=uni - -
2023-10-24 17:08:57.467 +02:00 [Information] Executing endpoint '"Forum.Controllers.SearchController.Search (Forum)"'
2023-10-24 17:08:57.468 +02:00 [Information] Route matched with "{action = \"Search\", controller = \"Search\", page = \"\", area = \"\"}". Executing controller action with signature "Microsoft.AspNetCore.Mvc.IActionResult Search(System.String)" on controller "Forum.Controllers.SearchController" ("Forum").
2023-10-24 17:08:57.483 +02:00 [Information] Executing ViewResult, running view "Search".
2023-10-24 17:08:57.488 +02:00 [Information] Executed ViewResult - view "Search" executed in 5.6708ms.
2023-10-24 17:08:57.489 +02:00 [Information] Executed action "Forum.Controllers.SearchController.Search (Forum)" in 20.5998ms
2023-10-24 17:08:57.489 +02:00 [Information] Executed endpoint '"Forum.Controllers.SearchController.Search (Forum)"'
2023-10-24 17:08:57.489 +02:00 [Information] Request finished HTTP/2 GET https://localhost:7205/Search/Search?search=uni - - - 200 - text/html;+charset=utf-8 22.9030ms
2023-10-24 17:08:57.512 +02:00 [Information] Request starting HTTP/2 GET https://localhost:7205/Search/style.css - -
2023-10-24 17:08:57.513 +02:00 [Information] Request finished HTTP/2 GET https://localhost:7205/Search/style.css - - - 404 0 - 0.3951ms
2023-10-24 17:08:57.513 +02:00 [Information] Request starting HTTP/2 GET https://localhost:7205/css/style.css?v=GIITMtfwAO94GzTd_O0hWmj2Vhp3Hb-uVTko2pkBIzQ - -
2023-10-24 17:08:57.513 +02:00 [Information] Request starting HTTP/2 GET https://localhost:7205/_framework/aspnetcore-browser-refresh.js - -
2023-10-24 17:08:57.513 +02:00 [Information] Request finished HTTP/2 GET https://localhost:7205/_framework/aspnetcore-browser-refresh.js - - - 200 12342 application/javascript;+charset=utf-8 0.0951ms
2023-10-24 17:08:57.513 +02:00 [Information] The file "/css/style.css" was not modified
2023-10-24 17:08:57.513 +02:00 [Information] Request finished HTTP/2 GET https://localhost:7205/css/style.css?v=GIITMtfwAO94GzTd_O0hWmj2Vhp3Hb-uVTko2pkBIzQ - - - 304 - text/css 0.1937ms
2023-10-24 17:08:57.520 +02:00 [Information] Request starting HTTP/2 GET https://localhost:7205/_vs/browserLink - -
2023-10-24 17:08:57.522 +02:00 [Information] Request finished HTTP/2 GET https://localhost:7205/_vs/browserLink - - - 200 - text/javascript;+charset=UTF-8 1.7883ms
2023-10-24 17:09:03.609 +02:00 [Information] Request starting HTTP/2 GET https://localhost:7205/Search/Search?search=Liverpool - -
2023-10-24 17:09:03.609 +02:00 [Information] Executing endpoint '"Forum.Controllers.SearchController.Search (Forum)"'
2023-10-24 17:09:03.609 +02:00 [Information] Route matched with "{action = \"Search\", controller = \"Search\", page = \"\", area = \"\"}". Executing controller action with signature "Microsoft.AspNetCore.Mvc.IActionResult Search(System.String)" on controller "Forum.Controllers.SearchController" ("Forum").
2023-10-24 17:09:03.612 +02:00 [Information] Executing ViewResult, running view "Search".
2023-10-24 17:09:03.613 +02:00 [Information] Executed ViewResult - view "Search" executed in 1.7363ms.
2023-10-24 17:09:03.613 +02:00 [Information] Executed action "Forum.Controllers.SearchController.Search (Forum)" in 4.1682ms
2023-10-24 17:09:03.613 +02:00 [Information] Executed endpoint '"Forum.Controllers.SearchController.Search (Forum)"'
2023-10-24 17:09:03.614 +02:00 [Information] Request finished HTTP/2 GET https://localhost:7205/Search/Search?search=Liverpool - - - 200 - text/html;+charset=utf-8 5.5196ms
2023-10-24 17:09:03.633 +02:00 [Information] Request starting HTTP/2 GET https://localhost:7205/_vs/browserLink - -
2023-10-24 17:09:03.633 +02:00 [Information] Request starting HTTP/2 GET https://localhost:7205/Search/style.css - -
2023-10-24 17:09:03.634 +02:00 [Information] Request starting HTTP/2 GET https://localhost:7205/_framework/aspnetcore-browser-refresh.js - -
2023-10-24 17:09:03.634 +02:00 [Information] Request finished HTTP/2 GET https://localhost:7205/_framework/aspnetcore-browser-refresh.js - - - 200 12342 application/javascript;+charset=utf-8 0.1010ms
2023-10-24 17:09:03.634 +02:00 [Information] Request finished HTTP/2 GET https://localhost:7205/Search/style.css - - - 404 0 - 0.4358ms
2023-10-24 17:09:03.635 +02:00 [Information] Request finished HTTP/2 GET https://localhost:7205/_vs/browserLink - - - 200 - text/javascript;+charset=UTF-8 1.5669ms
2023-10-24 17:09:10.621 +02:00 [Information] Request starting HTTP/2 GET https://localhost:7205/ - -
2023-10-24 17:09:10.622 +02:00 [Information] Executing endpoint '"Forum.Controllers.HomeController.Index (Forum)"'
2023-10-24 17:09:10.622 +02:00 [Information] Route matched with "{action = \"Index\", controller = \"Home\", page = \"\", area = \"\"}". Executing controller action with signature "System.Threading.Tasks.Task`1[Microsoft.AspNetCore.Mvc.IActionResult] Index()" on controller "Forum.Controllers.HomeController" ("Forum").
2023-10-24 17:09:10.623 +02:00 [Information] Executing ViewResult, running view "Index".
2023-10-24 17:09:10.625 +02:00 [Information] Executed ViewResult - view "Index" executed in 2.0268ms.
2023-10-24 17:09:10.625 +02:00 [Information] Executed action "Forum.Controllers.HomeController.Index (Forum)" in 3.3338ms
2023-10-24 17:09:10.625 +02:00 [Information] Executed endpoint '"Forum.Controllers.HomeController.Index (Forum)"'
2023-10-24 17:09:10.627 +02:00 [Information] Request finished HTTP/2 GET https://localhost:7205/ - - - 200 - text/html;+charset=utf-8 5.3560ms
2023-10-24 17:09:10.646 +02:00 [Information] Request starting HTTP/2 GET https://localhost:7205/style.css - -
2023-10-24 17:09:10.646 +02:00 [Information] Request finished HTTP/2 GET https://localhost:7205/style.css - - - 404 0 - 0.3738ms
2023-10-24 17:09:10.648 +02:00 [Information] Request starting HTTP/2 GET https://localhost:7205/_framework/aspnetcore-browser-refresh.js - -
2023-10-24 17:09:10.648 +02:00 [Information] Request finished HTTP/2 GET https://localhost:7205/_framework/aspnetcore-browser-refresh.js - - - 200 12342 application/javascript;+charset=utf-8 0.1400ms
2023-10-24 17:09:10.649 +02:00 [Information] Request starting HTTP/2 GET https://localhost:7205/_vs/browserLink - -
2023-10-24 17:09:10.652 +02:00 [Information] Request finished HTTP/2 GET https://localhost:7205/_vs/browserLink - - - 200 - text/javascript;+charset=UTF-8 2.4936ms
2023-10-24 17:11:54.447 +02:00 [Information] Request starting HTTP/2 GET https://localhost:7205/Post/PostDetails/8 - -
2023-10-24 17:11:54.448 +02:00 [Information] Executing endpoint '"Forum.Controllers.PostController.PostDetails (Forum)"'
2023-10-24 17:11:54.450 +02:00 [Information] Route matched with "{action = \"PostDetails\", controller = \"Post\", page = \"\", area = \"\"}". Executing controller action with signature "System.Threading.Tasks.Task`1[Microsoft.AspNetCore.Mvc.IActionResult] PostDetails(Int32)" on controller "Forum.Controllers.PostController" ("Forum").
2023-10-24 17:11:54.455 +02:00 [Information] Executing ViewResult, running view "PostDetails".
2023-10-24 17:11:54.463 +02:00 [Information] Executed ViewResult - view "PostDetails" executed in 8.0294ms.
2023-10-24 17:11:54.463 +02:00 [Information] Executed action "Forum.Controllers.PostController.PostDetails (Forum)" in 13.1864ms
2023-10-24 17:11:54.463 +02:00 [Information] Executed endpoint '"Forum.Controllers.PostController.PostDetails (Forum)"'
2023-10-24 17:11:54.464 +02:00 [Information] Request finished HTTP/2 GET https://localhost:7205/Post/PostDetails/8 - - - 200 - text/html;+charset=utf-8 16.4020ms
2023-10-24 17:11:54.485 +02:00 [Information] Request starting HTTP/2 GET https://localhost:7205/Post/PostDetails/style.css - -
2023-10-24 17:11:54.485 +02:00 [Information] Request starting HTTP/2 GET https://localhost:7205/css/style.css?v=GIITMtfwAO94GzTd_O0hWmj2Vhp3Hb-uVTko2pkBIzQ - -
2023-10-24 17:11:54.485 +02:00 [Information] Request starting HTTP/2 GET https://localhost:7205/_framework/aspnetcore-browser-refresh.js - -
2023-10-24 17:11:54.485 +02:00 [Information] Executing endpoint '"Forum.Controllers.PostController.PostDetails (Forum)"'
2023-10-24 17:11:54.485 +02:00 [Information] The file "/css/style.css" was not modified
2023-10-24 17:11:54.485 +02:00 [Information] Route matched with "{action = \"PostDetails\", controller = \"Post\", page = \"\", area = \"\"}". Executing controller action with signature "System.Threading.Tasks.Task`1[Microsoft.AspNetCore.Mvc.IActionResult] PostDetails(Int32)" on controller "Forum.Controllers.PostController" ("Forum").
2023-10-24 17:11:54.485 +02:00 [Information] Request finished HTTP/2 GET https://localhost:7205/_framework/aspnetcore-browser-refresh.js - - - 200 12342 application/javascript;+charset=utf-8 0.1202ms
2023-10-24 17:11:54.485 +02:00 [Information] Request finished HTTP/2 GET https://localhost:7205/css/style.css?v=GIITMtfwAO94GzTd_O0hWmj2Vhp3Hb-uVTko2pkBIzQ - - - 304 - text/css 0.3528ms
2023-10-24 17:11:54.487 +02:00 [Error] [PostController] post not found for the TopicId 0000
2023-10-24 17:11:54.488 +02:00 [Information] Executing "NotFoundObjectResult", writing value of type '"System.String"'.
2023-10-24 17:11:54.488 +02:00 [Information] Executed action "Forum.Controllers.PostController.PostDetails (Forum)" in 2.6447ms
2023-10-24 17:11:54.488 +02:00 [Information] Executed endpoint '"Forum.Controllers.PostController.PostDetails (Forum)"'
2023-10-24 17:11:54.488 +02:00 [Information] Request finished HTTP/2 GET https://localhost:7205/Post/PostDetails/style.css - - - 404 - text/plain;+charset=utf-8 3.1142ms
2023-10-24 17:11:54.509 +02:00 [Information] Request starting HTTP/2 GET https://localhost:7205/_vs/browserLink - -
2023-10-24 17:11:54.510 +02:00 [Information] Request finished HTTP/2 GET https://localhost:7205/_vs/browserLink - - - 200 - text/javascript;+charset=UTF-8 1.6747ms
2023-10-24 17:11:57.114 +02:00 [Information] Request starting HTTP/2 GET https://localhost:7205/_framework/aspnetcore-browser-refresh.js - -
2023-10-24 17:11:57.115 +02:00 [Information] Request finished HTTP/2 GET https://localhost:7205/_framework/aspnetcore-browser-refresh.js - - - 200 12342 application/javascript;+charset=utf-8 0.1778ms
2023-10-24 17:12:58.715 +02:00 [Information] Request starting HTTP/2 GET https://localhost:7205/Topic/TopicTable - -
2023-10-24 17:12:58.715 +02:00 [Information] Executing endpoint '"Forum.Controllers.TopicController.TopicTable (Forum)"'
2023-10-24 17:12:58.717 +02:00 [Information] Route matched with "{action = \"TopicTable\", controller = \"Topic\", page = \"\", area = \"\"}". Executing controller action with signature "System.Threading.Tasks.Task`1[Microsoft.AspNetCore.Mvc.IActionResult] TopicTable()" on controller "Forum.Controllers.TopicController" ("Forum").
2023-10-24 17:12:58.721 +02:00 [Information] Executing ViewResult, running view "TopicTable".
2023-10-24 17:12:58.724 +02:00 [Information] Executed ViewResult - view "TopicTable" executed in 3.6691ms.
2023-10-24 17:12:58.724 +02:00 [Information] Executed action "Forum.Controllers.TopicController.TopicTable (Forum)" in 7.4668ms
2023-10-24 17:12:58.724 +02:00 [Information] Executed endpoint '"Forum.Controllers.TopicController.TopicTable (Forum)"'
2023-10-24 17:12:58.725 +02:00 [Information] Request finished HTTP/2 GET https://localhost:7205/Topic/TopicTable - - - 200 - text/html;+charset=utf-8 10.4241ms
2023-10-24 17:12:58.749 +02:00 [Information] Request starting HTTP/2 GET https://localhost:7205/Topic/style.css - -
2023-10-24 17:12:58.750 +02:00 [Information] Request finished HTTP/2 GET https://localhost:7205/Topic/style.css - - - 404 0 - 0.3657ms
2023-10-24 17:12:58.751 +02:00 [Information] Request starting HTTP/2 GET https://localhost:7205/_framework/aspnetcore-browser-refresh.js - -
2023-10-24 17:12:58.751 +02:00 [Information] Request finished HTTP/2 GET https://localhost:7205/_framework/aspnetcore-browser-refresh.js - - - 200 12342 application/javascript;+charset=utf-8 0.1290ms
2023-10-24 17:12:58.756 +02:00 [Information] Request starting HTTP/2 GET https://localhost:7205/_vs/browserLink - -
2023-10-24 17:12:58.757 +02:00 [Information] Request finished HTTP/2 GET https://localhost:7205/_vs/browserLink - - - 200 - text/javascript;+charset=UTF-8 1.6195ms
2023-10-24 17:13:05.078 +02:00 [Information] Request starting HTTP/2 GET https://localhost:7205/ - -
2023-10-24 17:13:05.078 +02:00 [Information] Executing endpoint '"Forum.Controllers.HomeController.Index (Forum)"'
2023-10-24 17:13:05.078 +02:00 [Information] Route matched with "{action = \"Index\", controller = \"Home\", page = \"\", area = \"\"}". Executing controller action with signature "System.Threading.Tasks.Task`1[Microsoft.AspNetCore.Mvc.IActionResult] Index()" on controller "Forum.Controllers.HomeController" ("Forum").
2023-10-24 17:13:05.080 +02:00 [Information] Executing ViewResult, running view "Index".
2023-10-24 17:13:05.081 +02:00 [Information] Executed ViewResult - view "Index" executed in 1.8607ms.
2023-10-24 17:13:05.081 +02:00 [Information] Executed action "Forum.Controllers.HomeController.Index (Forum)" in 3.1177ms
2023-10-24 17:13:05.081 +02:00 [Information] Executed endpoint '"Forum.Controllers.HomeController.Index (Forum)"'
2023-10-24 17:13:05.083 +02:00 [Information] Request finished HTTP/2 GET https://localhost:7205/ - - - 200 - text/html;+charset=utf-8 5.1679ms
2023-10-24 17:13:05.101 +02:00 [Information] Request starting HTTP/2 GET https://localhost:7205/style.css - -
2023-10-24 17:13:05.101 +02:00 [Information] Request finished HTTP/2 GET https://localhost:7205/style.css - - - 404 0 - 0.4576ms
2023-10-24 17:13:05.108 +02:00 [Information] Request starting HTTP/2 GET https://localhost:7205/_framework/aspnetcore-browser-refresh.js - -
2023-10-24 17:13:05.109 +02:00 [Information] Request finished HTTP/2 GET https://localhost:7205/_framework/aspnetcore-browser-refresh.js - - - 200 12342 application/javascript;+charset=utf-8 0.1620ms
2023-10-24 17:13:05.109 +02:00 [Information] Request starting HTTP/2 GET https://localhost:7205/_vs/browserLink - -
2023-10-24 17:13:05.111 +02:00 [Information] Request finished HTTP/2 GET https://localhost:7205/_vs/browserLink - - - 200 - text/javascript;+charset=UTF-8 1.6099ms
