2023-10-24 12:29:58.203 +02:00 [Information] User profile is available. Using '"C:\Users\abdik\AppData\Local\ASP.NET\DataProtection-Keys"' as key repository and Windows DPAPI to encrypt keys at rest.
2023-10-24 12:29:58.631 +02:00 [Information] Now listening on: "https://localhost:7205"
2023-10-24 12:29:58.631 +02:00 [Information] Now listening on: "http://localhost:5112"
2023-10-24 12:29:58.634 +02:00 [Information] Application started. Press Ctrl+C to shut down.
2023-10-24 12:29:58.634 +02:00 [Information] Hosting environment: "Development"
2023-10-24 12:29:58.634 +02:00 [Information] Content root path: "C:\Users\abdik\Source\Repos\Forum\MyShop\"
2023-10-24 12:29:59.162 +02:00 [Information] Request starting HTTP/2 GET https://localhost:7205/ - -
2023-10-24 12:29:59.197 +02:00 [Information] Executing endpoint '"Forum.Controllers.HomeController.Index (Forum)"'
2023-10-24 12:29:59.204 +02:00 [Information] Route matched with "{action = \"Index\", controller = \"Home\", page = \"\", area = \"\"}". Executing controller action with signature "Microsoft.AspNetCore.Mvc.IActionResult Index()" on controller "Forum.Controllers.HomeController" ("Forum").
2023-10-24 12:29:59.209 +02:00 [Information] Executing ViewResult, running view "Index".
2023-10-24 12:29:59.328 +02:00 [Information] Executed ViewResult - view "Index" executed in 118.6342ms.
2023-10-24 12:29:59.329 +02:00 [Information] Executed action "Forum.Controllers.HomeController.Index (Forum)" in 124.6619ms
2023-10-24 12:29:59.329 +02:00 [Information] Executed endpoint '"Forum.Controllers.HomeController.Index (Forum)"'
2023-10-24 12:29:59.342 +02:00 [Information] Request finished HTTP/2 GET https://localhost:7205/ - - - 200 - text/html;+charset=utf-8 182.6697ms
2023-10-24 12:29:59.351 +02:00 [Information] Request starting HTTP/2 GET https://localhost:7205/style.css - -
2023-10-24 12:29:59.354 +02:00 [Information] Request finished HTTP/2 GET https://localhost:7205/style.css - - - 404 0 - 3.1227ms
2023-10-24 12:29:59.394 +02:00 [Information] Request starting HTTP/2 GET https://localhost:7205/_framework/aspnetcore-browser-refresh.js - -
2023-10-24 12:29:59.395 +02:00 [Information] Request finished HTTP/2 GET https://localhost:7205/_framework/aspnetcore-browser-refresh.js - - - 200 12342 application/javascript;+charset=utf-8 1.6087ms
2023-10-24 12:29:59.408 +02:00 [Information] Request starting HTTP/2 GET https://localhost:7205/_vs/browserLink - -
2023-10-24 12:29:59.415 +02:00 [Information] Request finished HTTP/2 GET https://localhost:7205/_vs/browserLink - - - 200 - text/javascript;+charset=UTF-8 6.6617ms
