2023-10-14 13:36:46.813 +02:00 [Information] User profile is available. Using '"C:\Users\abdik\AppData\Local\ASP.NET\DataProtection-Keys"' as key repository and Windows DPAPI to encrypt keys at rest.
2023-10-14 13:36:47.223 +02:00 [Information] Now listening on: "https://localhost:7205"
2023-10-14 13:36:47.224 +02:00 [Information] Now listening on: "http://localhost:5112"
2023-10-14 13:36:47.226 +02:00 [Information] Application started. Press Ctrl+C to shut down.
2023-10-14 13:36:47.227 +02:00 [Information] Hosting environment: "Development"
2023-10-14 13:36:47.227 +02:00 [Information] Content root path: "C:\Users\abdik\source\repos\Riktig\MyShop\"
2023-10-14 13:36:47.327 +02:00 [Information] Request starting HTTP/2 POST https://localhost:7205/Category/CreateCategory application/x-www-form-urlencoded 231
2023-10-14 13:36:47.367 +02:00 [Information] Executing endpoint '"Forum.Controllers.CategoryController.CreateCategory (Forum)"'
2023-10-14 13:36:47.387 +02:00 [Information] Route matched with "{action = \"CreateCategory\", controller = \"Category\", page = \"\", area = \"\"}". Executing controller action with signature "System.Threading.Tasks.Task`1[Microsoft.AspNetCore.Mvc.IActionResult] CreateCategory(Forum.Models.Category)" on controller "Forum.Controllers.CategoryController" ("Forum").
2023-10-14 13:36:47.406 +02:00 [Warning] [CategoryController] Category creation failed Category { CategoryId: 0, Name: null, Rooms: null }
2023-10-14 13:36:47.410 +02:00 [Information] Executing ViewResult, running view "CreateCategory".
2023-10-14 13:36:47.502 +02:00 [Information] Executed ViewResult - view "CreateCategory" executed in 92.0672ms.
2023-10-14 13:36:47.504 +02:00 [Information] Executed action "Forum.Controllers.CategoryController.CreateCategory (Forum)" in 116.7369ms
2023-10-14 13:36:47.504 +02:00 [Information] Executed endpoint '"Forum.Controllers.CategoryController.CreateCategory (Forum)"'
2023-10-14 13:36:47.515 +02:00 [Information] Request finished HTTP/2 POST https://localhost:7205/Category/CreateCategory application/x-www-form-urlencoded 231 - 200 - text/html;+charset=utf-8 190.4947ms
2023-10-14 13:36:47.515 +02:00 [Information] Request starting HTTP/2 GET https://localhost:7205/_framework/aspnetcore-browser-refresh.js - -
2023-10-14 13:36:47.517 +02:00 [Information] Request finished HTTP/2 GET https://localhost:7205/_framework/aspnetcore-browser-refresh.js - - - 200 12342 application/javascript;+charset=utf-8 1.4438ms
2023-10-14 13:36:47.529 +02:00 [Information] Request starting HTTP/2 GET https://localhost:7205/_vs/browserLink - -
2023-10-14 13:36:47.535 +02:00 [Information] Request finished HTTP/2 GET https://localhost:7205/_vs/browserLink - - - 200 - text/javascript;+charset=UTF-8 5.7915ms
2023-10-14 13:36:49.270 +02:00 [Information] Request starting HTTP/2 GET https://localhost:7205/Room/RoomTable - -
2023-10-14 13:36:49.274 +02:00 [Information] Executing endpoint '"Forum.Controllers.RoomController.RoomTable (Forum)"'
2023-10-14 13:36:49.276 +02:00 [Information] Route matched with "{action = \"RoomTable\", controller = \"Room\", page = \"\", area = \"\"}". Executing controller action with signature "System.Threading.Tasks.Task`1[Microsoft.AspNetCore.Mvc.IActionResult] RoomTable()" on controller "Forum.Controllers.RoomController" ("Forum").
2023-10-14 13:36:49.285 +02:00 [Information] Executing ViewResult, running view "RoomTable".
2023-10-14 13:36:49.295 +02:00 [Information] Executed ViewResult - view "RoomTable" executed in 10.45ms.
2023-10-14 13:36:49.295 +02:00 [Information] Executed action "Forum.Controllers.RoomController.RoomTable (Forum)" in 19.1013ms
2023-10-14 13:36:49.295 +02:00 [Information] Executed endpoint '"Forum.Controllers.RoomController.RoomTable (Forum)"'
2023-10-14 13:36:49.296 +02:00 [Information] Request finished HTTP/2 GET https://localhost:7205/Room/RoomTable - - - 200 - text/html;+charset=utf-8 26.0648ms
2023-10-14 13:36:49.302 +02:00 [Information] Request starting HTTP/2 GET https://localhost:7205/_vs/browserLink - -
2023-10-14 13:36:49.304 +02:00 [Information] Request starting HTTP/2 GET https://localhost:7205/_framework/aspnetcore-browser-refresh.js - -
2023-10-14 13:36:49.304 +02:00 [Information] Request finished HTTP/2 GET https://localhost:7205/_framework/aspnetcore-browser-refresh.js - - - 200 12342 application/javascript;+charset=utf-8 0.3372ms
2023-10-14 13:36:49.305 +02:00 [Information] Request finished HTTP/2 GET https://localhost:7205/_vs/browserLink - - - 200 - text/javascript;+charset=UTF-8 2.3252ms
2023-10-14 13:36:49.728 +02:00 [Information] Request starting HTTP/2 GET https://localhost:7205/Category/CategoryTable - -
2023-10-14 13:36:49.736 +02:00 [Information] Executing endpoint '"Forum.Controllers.CategoryController.CategoryTable (Forum)"'
2023-10-14 13:36:49.738 +02:00 [Information] Route matched with "{action = \"CategoryTable\", controller = \"Category\", page = \"\", area = \"\"}". Executing controller action with signature "System.Threading.Tasks.Task`1[Microsoft.AspNetCore.Mvc.IActionResult] CategoryTable()" on controller "Forum.Controllers.CategoryController" ("Forum").
2023-10-14 13:36:49.743 +02:00 [Information] Executing ViewResult, running view "CategoryTable".
2023-10-14 13:36:49.751 +02:00 [Information] Executed ViewResult - view "CategoryTable" executed in 8.6227ms.
2023-10-14 13:36:49.752 +02:00 [Information] Executed action "Forum.Controllers.CategoryController.CategoryTable (Forum)" in 13.4329ms
2023-10-14 13:36:49.752 +02:00 [Information] Executed endpoint '"Forum.Controllers.CategoryController.CategoryTable (Forum)"'
2023-10-14 13:36:49.753 +02:00 [Information] Request finished HTTP/2 GET https://localhost:7205/Category/CategoryTable - - - 200 - text/html;+charset=utf-8 24.5544ms
2023-10-14 13:36:49.759 +02:00 [Information] Request starting HTTP/2 GET https://localhost:7205/_vs/browserLink - -
2023-10-14 13:36:49.760 +02:00 [Information] Request starting HTTP/2 GET https://localhost:7205/_framework/aspnetcore-browser-refresh.js - -
2023-10-14 13:36:49.760 +02:00 [Information] Request finished HTTP/2 GET https://localhost:7205/_framework/aspnetcore-browser-refresh.js - - - 200 12342 application/javascript;+charset=utf-8 0.1554ms
2023-10-14 13:36:49.761 +02:00 [Information] Request finished HTTP/2 GET https://localhost:7205/_vs/browserLink - - - 200 - text/javascript;+charset=UTF-8 1.7825ms
2023-10-14 13:36:50.379 +02:00 [Information] Request starting HTTP/2 GET https://localhost:7205/Category/CategoryDetails/1 - -
2023-10-14 13:36:50.380 +02:00 [Information] Executing endpoint '"Forum.Controllers.CategoryController.CategoryDetails (Forum)"'
2023-10-14 13:36:50.382 +02:00 [Information] Route matched with "{action = \"CategoryDetails\", controller = \"Category\", page = \"\", area = \"\"}". Executing controller action with signature "System.Threading.Tasks.Task`1[Microsoft.AspNetCore.Mvc.IActionResult] CategoryDetails(Int32)" on controller "Forum.Controllers.CategoryController" ("Forum").
2023-10-14 13:36:50.387 +02:00 [Information] Executing ViewResult, running view "CategoryDetails".
2023-10-14 13:36:50.401 +02:00 [Information] Executed ViewResult - view "CategoryDetails" executed in 14.1234ms.
2023-10-14 13:36:50.401 +02:00 [Information] Executed action "Forum.Controllers.CategoryController.CategoryDetails (Forum)" in 18.9141ms
2023-10-14 13:36:50.401 +02:00 [Information] Executed endpoint '"Forum.Controllers.CategoryController.CategoryDetails (Forum)"'
2023-10-14 13:36:50.402 +02:00 [Information] Request finished HTTP/2 GET https://localhost:7205/Category/CategoryDetails/1 - - - 200 - text/html;+charset=utf-8 23.1683ms
2023-10-14 13:36:50.408 +02:00 [Information] Request starting HTTP/2 GET https://localhost:7205/_vs/browserLink - -
2023-10-14 13:36:50.408 +02:00 [Information] Request starting HTTP/2 GET https://localhost:7205/_framework/aspnetcore-browser-refresh.js - -
2023-10-14 13:36:50.409 +02:00 [Information] Request finished HTTP/2 GET https://localhost:7205/_framework/aspnetcore-browser-refresh.js - - - 200 12342 application/javascript;+charset=utf-8 0.1873ms
2023-10-14 13:36:50.410 +02:00 [Information] Request finished HTTP/2 GET https://localhost:7205/_vs/browserLink - - - 200 - text/javascript;+charset=UTF-8 1.9276ms
2023-10-14 13:36:51.264 +02:00 [Information] Request starting HTTP/2 GET https://localhost:7205/Room/CreateRoom?categoryId=1 - -
2023-10-14 13:36:51.266 +02:00 [Information] Executing endpoint '"Forum.Controllers.RoomController.CreateRoom (Forum)"'
2023-10-14 13:36:51.267 +02:00 [Information] Route matched with "{action = \"CreateRoom\", controller = \"Room\", page = \"\", area = \"\"}". Executing controller action with signature "Microsoft.AspNetCore.Mvc.IActionResult CreateRoom(Int32)" on controller "Forum.Controllers.RoomController" ("Forum").
2023-10-14 13:36:51.271 +02:00 [Information] Executing ViewResult, running view "CreateRoom".
2023-10-14 13:36:51.279 +02:00 [Information] Executed ViewResult - view "CreateRoom" executed in 8.8971ms.
2023-10-14 13:36:51.279 +02:00 [Information] Executed action "Forum.Controllers.RoomController.CreateRoom (Forum)" in 12.1262ms
2023-10-14 13:36:51.279 +02:00 [Information] Executed endpoint '"Forum.Controllers.RoomController.CreateRoom (Forum)"'
2023-10-14 13:36:51.280 +02:00 [Information] Request finished HTTP/2 GET https://localhost:7205/Room/CreateRoom?categoryId=1 - - - 200 - text/html;+charset=utf-8 16.0232ms
2023-10-14 13:36:51.287 +02:00 [Information] Request starting HTTP/2 GET https://localhost:7205/_vs/browserLink - -
2023-10-14 13:36:51.288 +02:00 [Information] Request starting HTTP/2 GET https://localhost:7205/_framework/aspnetcore-browser-refresh.js - -
2023-10-14 13:36:51.288 +02:00 [Information] Request finished HTTP/2 GET https://localhost:7205/_framework/aspnetcore-browser-refresh.js - - - 200 12342 application/javascript;+charset=utf-8 0.1399ms
2023-10-14 13:36:51.289 +02:00 [Information] Request finished HTTP/2 GET https://localhost:7205/_vs/browserLink - - - 200 - text/javascript;+charset=UTF-8 1.9065ms
2023-10-14 13:36:52.439 +02:00 [Information] Request starting HTTP/2 GET https://localhost:7205/Category/CategoryTable - -
2023-10-14 13:36:52.441 +02:00 [Information] Executing endpoint '"Forum.Controllers.CategoryController.CategoryTable (Forum)"'
2023-10-14 13:36:52.441 +02:00 [Information] Route matched with "{action = \"CategoryTable\", controller = \"Category\", page = \"\", area = \"\"}". Executing controller action with signature "System.Threading.Tasks.Task`1[Microsoft.AspNetCore.Mvc.IActionResult] CategoryTable()" on controller "Forum.Controllers.CategoryController" ("Forum").
2023-10-14 13:36:52.441 +02:00 [Information] Executing ViewResult, running view "CategoryTable".
2023-10-14 13:36:52.443 +02:00 [Information] Executed ViewResult - view "CategoryTable" executed in 1.8304ms.
2023-10-14 13:36:52.443 +02:00 [Information] Executed action "Forum.Controllers.CategoryController.CategoryTable (Forum)" in 2.3806ms
2023-10-14 13:36:52.443 +02:00 [Information] Executed endpoint '"Forum.Controllers.CategoryController.CategoryTable (Forum)"'
2023-10-14 13:36:52.444 +02:00 [Information] Request finished HTTP/2 GET https://localhost:7205/Category/CategoryTable - - - 200 - text/html;+charset=utf-8 4.8367ms
2023-10-14 13:36:52.452 +02:00 [Information] Request starting HTTP/2 GET https://localhost:7205/_vs/browserLink - -
2023-10-14 13:36:52.452 +02:00 [Information] Request starting HTTP/2 GET https://localhost:7205/_framework/aspnetcore-browser-refresh.js - -
2023-10-14 13:36:52.452 +02:00 [Information] Request finished HTTP/2 GET https://localhost:7205/_framework/aspnetcore-browser-refresh.js - - - 200 12342 application/javascript;+charset=utf-8 0.1229ms
2023-10-14 13:36:52.454 +02:00 [Information] Request finished HTTP/2 GET https://localhost:7205/_vs/browserLink - - - 200 - text/javascript;+charset=UTF-8 1.7573ms
2023-10-14 13:36:53.414 +02:00 [Information] Request starting HTTP/2 GET https://localhost:7205/Category/CreateCategory - -
2023-10-14 13:36:53.416 +02:00 [Information] Executing endpoint '"Forum.Controllers.CategoryController.CreateCategory (Forum)"'
2023-10-14 13:36:53.416 +02:00 [Information] Route matched with "{action = \"CreateCategory\", controller = \"Category\", page = \"\", area = \"\"}". Executing controller action with signature "Microsoft.AspNetCore.Mvc.IActionResult CreateCategory()" on controller "Forum.Controllers.CategoryController" ("Forum").
2023-10-14 13:36:53.416 +02:00 [Information] Executing ViewResult, running view "CreateCategory".
2023-10-14 13:36:53.419 +02:00 [Information] Executed ViewResult - view "CreateCategory" executed in 2.2147ms.
2023-10-14 13:36:53.419 +02:00 [Information] Executed action "Forum.Controllers.CategoryController.CreateCategory (Forum)" in 2.3725ms
2023-10-14 13:36:53.419 +02:00 [Information] Executed endpoint '"Forum.Controllers.CategoryController.CreateCategory (Forum)"'
2023-10-14 13:36:53.419 +02:00 [Information] Request finished HTTP/2 GET https://localhost:7205/Category/CreateCategory - - - 200 - text/html;+charset=utf-8 5.1772ms
2023-10-14 13:36:53.427 +02:00 [Information] Request starting HTTP/2 GET https://localhost:7205/_vs/browserLink - -
2023-10-14 13:36:53.427 +02:00 [Information] Request starting HTTP/2 GET https://localhost:7205/_framework/aspnetcore-browser-refresh.js - -
2023-10-14 13:36:53.427 +02:00 [Information] Request finished HTTP/2 GET https://localhost:7205/_framework/aspnetcore-browser-refresh.js - - - 200 12342 application/javascript;+charset=utf-8 0.1375ms
2023-10-14 13:36:53.429 +02:00 [Information] Request finished HTTP/2 GET https://localhost:7205/_vs/browserLink - - - 200 - text/javascript;+charset=UTF-8 1.7916ms
2023-10-14 13:36:54.019 +02:00 [Information] Request starting HTTP/2 POST https://localhost:7205/Category/CreateCategory application/x-www-form-urlencoded 231
2023-10-14 13:36:54.021 +02:00 [Information] Executing endpoint '"Forum.Controllers.CategoryController.CreateCategory (Forum)"'
2023-10-14 13:36:54.021 +02:00 [Information] Route matched with "{action = \"CreateCategory\", controller = \"Category\", page = \"\", area = \"\"}". Executing controller action with signature "System.Threading.Tasks.Task`1[Microsoft.AspNetCore.Mvc.IActionResult] CreateCategory(Forum.Models.Category)" on controller "Forum.Controllers.CategoryController" ("Forum").
2023-10-14 13:36:54.022 +02:00 [Warning] [CategoryController] Category creation failed Category { CategoryId: 0, Name: null, Rooms: null }
2023-10-14 13:36:54.022 +02:00 [Information] Executing ViewResult, running view "CreateCategory".
2023-10-14 13:36:54.024 +02:00 [Information] Executed ViewResult - view "CreateCategory" executed in 1.6091ms.
2023-10-14 13:36:54.024 +02:00 [Information] Executed action "Forum.Controllers.CategoryController.CreateCategory (Forum)" in 2.5831ms
2023-10-14 13:36:54.024 +02:00 [Information] Executed endpoint '"Forum.Controllers.CategoryController.CreateCategory (Forum)"'
2023-10-14 13:36:54.024 +02:00 [Information] Request finished HTTP/2 POST https://localhost:7205/Category/CreateCategory application/x-www-form-urlencoded 231 - 200 - text/html;+charset=utf-8 5.2416ms
2023-10-14 13:36:54.033 +02:00 [Information] Request starting HTTP/2 GET https://localhost:7205/_vs/browserLink - -
2023-10-14 13:36:54.033 +02:00 [Information] Request starting HTTP/2 GET https://localhost:7205/_framework/aspnetcore-browser-refresh.js - -
2023-10-14 13:36:54.033 +02:00 [Information] Request finished HTTP/2 GET https://localhost:7205/_framework/aspnetcore-browser-refresh.js - - - 200 12342 application/javascript;+charset=utf-8 0.1268ms
2023-10-14 13:36:54.035 +02:00 [Information] Request finished HTTP/2 GET https://localhost:7205/_vs/browserLink - - - 200 - text/javascript;+charset=UTF-8 1.7834ms
