2023-10-23 10:38:19.805 +02:00 [Information] User profile is available. Using '"C:\Users\Johan\AppData\Local\ASP.NET\DataProtection-Keys"' as key repository and Windows DPAPI to encrypt keys at rest.
2023-10-23 10:38:20.437 +02:00 [Information] Now listening on: "https://localhost:7205"
2023-10-23 10:38:20.438 +02:00 [Information] Now listening on: "http://localhost:5112"
2023-10-23 10:38:20.443 +02:00 [Information] Application started. Press Ctrl+C to shut down.
2023-10-23 10:38:20.444 +02:00 [Information] Hosting environment: "Development"
2023-10-23 10:38:20.445 +02:00 [Information] Content root path: "C:\Users\Johan\Source\Repos\N4h0\Forum\MyShop\"
2023-10-23 10:38:22.152 +02:00 [Information] Request starting HTTP/2 GET https://localhost:7205/ - -
2023-10-23 10:38:22.206 +02:00 [Information] Executing endpoint '"Forum.Controllers.HomeController.Index (Forum)"'
2023-10-23 10:38:22.216 +02:00 [Information] Route matched with "{action = \"Index\", controller = \"Home\", page = \"\", area = \"\"}". Executing controller action with signature "Microsoft.AspNetCore.Mvc.IActionResult Index()" on controller "Forum.Controllers.HomeController" ("Forum").
2023-10-23 10:38:22.225 +02:00 [Information] Executing ViewResult, running view "Index".
2023-10-23 10:38:22.353 +02:00 [Information] Executed ViewResult - view "Index" executed in 130.2453ms.
2023-10-23 10:38:22.357 +02:00 [Information] Executed action "Forum.Controllers.HomeController.Index (Forum)" in 140.5464ms
2023-10-23 10:38:22.357 +02:00 [Information] Executed endpoint '"Forum.Controllers.HomeController.Index (Forum)"'
2023-10-23 10:38:22.380 +02:00 [Information] Request starting HTTP/2 GET https://localhost:7205/_framework/aspnetcore-browser-refresh.js - -
2023-10-23 10:38:22.381 +02:00 [Information] Request finished HTTP/2 GET https://localhost:7205/ - - - 200 - text/html;+charset=utf-8 230.6443ms
2023-10-23 10:38:22.385 +02:00 [Information] Request finished HTTP/2 GET https://localhost:7205/_framework/aspnetcore-browser-refresh.js - - - 200 12342 application/javascript;+charset=utf-8 5.1061ms
2023-10-23 10:38:22.413 +02:00 [Information] Request starting HTTP/2 GET https://localhost:7205/_vs/browserLink - -
2023-10-23 10:38:22.423 +02:00 [Information] Request finished HTTP/2 GET https://localhost:7205/_vs/browserLink - - - 200 - text/javascript;+charset=UTF-8 9.6593ms
2023-10-23 10:38:22.474 +02:00 [Information] Request starting HTTP/2 GET https://localhost:7205/favicon.ico - -
2023-10-23 10:38:22.477 +02:00 [Information] Request finished HTTP/2 GET https://localhost:7205/favicon.ico - - - 404 0 - 3.3036ms
