2023-10-24 16:22:32.376 +02:00 [Information] User profile is available. Using '"C:\Users\abdik\AppData\Local\ASP.NET\DataProtection-Keys"' as key repository and Windows DPAPI to encrypt keys at rest.
2023-10-24 16:22:32.768 +02:00 [Information] Now listening on: "https://localhost:7205"
2023-10-24 16:22:32.768 +02:00 [Information] Now listening on: "http://localhost:5112"
2023-10-24 16:22:32.771 +02:00 [Information] Application started. Press Ctrl+C to shut down.
2023-10-24 16:22:32.772 +02:00 [Information] Hosting environment: "Development"
2023-10-24 16:22:32.772 +02:00 [Information] Content root path: "C:\Users\abdik\Source\Repos\Forum\MyShop\"
2023-10-24 16:22:33.080 +02:00 [Information] Request starting HTTP/2 GET https://localhost:7205/ - -
2023-10-24 16:22:33.119 +02:00 [Information] Executing endpoint '"Forum.Controllers.HomeController.Index (Forum)"'
2023-10-24 16:22:33.129 +02:00 [Information] Route matched with "{action = \"Index\", controller = \"Home\", page = \"\", area = \"\"}". Executing controller action with signature "System.Threading.Tasks.Task`1[Microsoft.AspNetCore.Mvc.IActionResult] Index()" on controller "Forum.Controllers.HomeController" ("Forum").
2023-10-24 16:22:33.149 +02:00 [Information] Executing ViewResult, running view "Index".
2023-10-24 16:22:33.261 +02:00 [Information] Executed ViewResult - view "Index" executed in 111.7043ms.
2023-10-24 16:22:33.263 +02:00 [Information] Executed action "Forum.Controllers.HomeController.Index (Forum)" in 133.9121ms
2023-10-24 16:22:33.263 +02:00 [Information] Executed endpoint '"Forum.Controllers.HomeController.Index (Forum)"'
2023-10-24 16:22:33.276 +02:00 [Information] Request finished HTTP/2 GET https://localhost:7205/ - - - 200 - text/html;+charset=utf-8 198.3909ms
2023-10-24 16:22:33.283 +02:00 [Information] Request starting HTTP/2 GET https://localhost:7205/style.css - -
2023-10-24 16:22:33.286 +02:00 [Information] Request finished HTTP/2 GET https://localhost:7205/style.css - - - 404 0 - 3.3524ms
2023-10-24 16:22:33.297 +02:00 [Information] Request starting HTTP/2 GET https://localhost:7205/_framework/aspnetcore-browser-refresh.js - -
2023-10-24 16:22:33.298 +02:00 [Information] Request finished HTTP/2 GET https://localhost:7205/_framework/aspnetcore-browser-refresh.js - - - 200 12342 application/javascript;+charset=utf-8 1.8029ms
2023-10-24 16:22:33.304 +02:00 [Information] Request starting HTTP/2 GET https://localhost:7205/_vs/browserLink - -
2023-10-24 16:22:33.311 +02:00 [Information] Request finished HTTP/2 GET https://localhost:7205/_vs/browserLink - - - 200 - text/javascript;+charset=UTF-8 6.7321ms
