2023-10-24 17:26:32.071 +02:00 [Information] User profile is available. Using '"C:\Users\abdik\AppData\Local\ASP.NET\DataProtection-Keys"' as key repository and Windows DPAPI to encrypt keys at rest.
2023-10-24 17:26:32.472 +02:00 [Information] Now listening on: "https://localhost:7205"
2023-10-24 17:26:32.472 +02:00 [Information] Now listening on: "http://localhost:5112"
2023-10-24 17:26:32.475 +02:00 [Information] Application started. Press Ctrl+C to shut down.
2023-10-24 17:26:32.476 +02:00 [Information] Hosting environment: "Development"
2023-10-24 17:26:32.476 +02:00 [Information] Content root path: "C:\Users\abdik\Source\Repos\Forum\MyShop\"
2023-10-24 17:26:32.847 +02:00 [Information] Request starting HTTP/2 GET https://localhost:7205/ - -
2023-10-24 17:26:32.885 +02:00 [Information] Executing endpoint '"Forum.Controllers.HomeController.Index (Forum)"'
2023-10-24 17:26:32.894 +02:00 [Information] Route matched with "{action = \"Index\", controller = \"Home\", page = \"\", area = \"\"}". Executing controller action with signature "System.Threading.Tasks.Task`1[Microsoft.AspNetCore.Mvc.IActionResult] Index()" on controller "Forum.Controllers.HomeController" ("Forum").
2023-10-24 17:26:32.917 +02:00 [Information] Executing ViewResult, running view "Index".
2023-10-24 17:26:33.021 +02:00 [Information] Executed ViewResult - view "Index" executed in 104.1726ms.
2023-10-24 17:26:33.023 +02:00 [Information] Executed action "Forum.Controllers.HomeController.Index (Forum)" in 127.8162ms
2023-10-24 17:26:33.023 +02:00 [Information] Executed endpoint '"Forum.Controllers.HomeController.Index (Forum)"'
2023-10-24 17:26:33.034 +02:00 [Information] Request finished HTTP/2 GET https://localhost:7205/ - - - 200 - text/html;+charset=utf-8 190.2094ms
2023-10-24 17:26:33.064 +02:00 [Information] Request starting HTTP/2 GET https://localhost:7205/lib/bootstrap/css/crtstyle.css - -
2023-10-24 17:26:33.064 +02:00 [Information] Request starting HTTP/2 GET https://localhost:7205/style.css - -
2023-10-24 17:26:33.064 +02:00 [Information] Request starting HTTP/2 GET https://localhost:7205/_framework/aspnetcore-browser-refresh.js - -
2023-10-24 17:26:33.067 +02:00 [Information] Request finished HTTP/2 GET https://localhost:7205/_framework/aspnetcore-browser-refresh.js - - - 200 12342 application/javascript;+charset=utf-8 2.4062ms
2023-10-24 17:26:33.067 +02:00 [Information] The file "/lib/bootstrap/css/crtstyle.css" was not modified
2023-10-24 17:26:33.067 +02:00 [Information] Request finished HTTP/2 GET https://localhost:7205/style.css - - - 404 0 - 2.8383ms
2023-10-24 17:26:33.067 +02:00 [Information] Request finished HTTP/2 GET https://localhost:7205/lib/bootstrap/css/crtstyle.css - - - 304 - text/css 3.0210ms
2023-10-24 17:26:33.083 +02:00 [Information] Request starting HTTP/2 GET https://localhost:7205/_vs/browserLink - -
2023-10-24 17:26:33.089 +02:00 [Information] Request finished HTTP/2 GET https://localhost:7205/_vs/browserLink - - - 200 - text/javascript;+charset=UTF-8 5.5646ms
