2023-10-24 17:29:48.851 +02:00 [Information] User profile is available. Using '"C:\Users\abdik\AppData\Local\ASP.NET\DataProtection-Keys"' as key repository and Windows DPAPI to encrypt keys at rest.
2023-10-24 17:29:49.246 +02:00 [Information] Now listening on: "https://localhost:7205"
2023-10-24 17:29:49.246 +02:00 [Information] Now listening on: "http://localhost:5112"
2023-10-24 17:29:49.249 +02:00 [Information] Application started. Press Ctrl+C to shut down.
2023-10-24 17:29:49.250 +02:00 [Information] Hosting environment: "Development"
2023-10-24 17:29:49.250 +02:00 [Information] Content root path: "C:\Users\abdik\Source\Repos\Forum\MyShop\"
2023-10-24 17:29:49.584 +02:00 [Information] Request starting HTTP/2 GET https://localhost:7205/ - -
2023-10-24 17:29:49.623 +02:00 [Information] Executing endpoint '"Forum.Controllers.HomeController.Index (Forum)"'
2023-10-24 17:29:49.633 +02:00 [Information] Route matched with "{action = \"Index\", controller = \"Home\", page = \"\", area = \"\"}". Executing controller action with signature "System.Threading.Tasks.Task`1[Microsoft.AspNetCore.Mvc.IActionResult] Index()" on controller "Forum.Controllers.HomeController" ("Forum").
2023-10-24 17:29:49.654 +02:00 [Information] Executing ViewResult, running view "Index".
2023-10-24 17:29:49.775 +02:00 [Information] Executed ViewResult - view "Index" executed in 119.3325ms.
2023-10-24 17:29:49.777 +02:00 [Information] Executed action "Forum.Controllers.HomeController.Index (Forum)" in 143.642ms
2023-10-24 17:29:49.777 +02:00 [Information] Executed endpoint '"Forum.Controllers.HomeController.Index (Forum)"'
2023-10-24 17:29:49.791 +02:00 [Information] Request finished HTTP/2 GET https://localhost:7205/ - - - 200 - text/html;+charset=utf-8 208.8211ms
2023-10-24 17:29:49.796 +02:00 [Information] Request starting HTTP/2 GET https://localhost:7205/_framework/aspnetcore-browser-refresh.js - -
2023-10-24 17:29:49.796 +02:00 [Information] Request starting HTTP/2 GET https://localhost:7205/style.css - -
2023-10-24 17:29:49.798 +02:00 [Information] Request finished HTTP/2 GET https://localhost:7205/_framework/aspnetcore-browser-refresh.js - - - 200 12342 application/javascript;+charset=utf-8 1.7673ms
2023-10-24 17:29:49.798 +02:00 [Information] Request finished HTTP/2 GET https://localhost:7205/style.css - - - 404 0 - 2.1628ms
2023-10-24 17:29:49.836 +02:00 [Information] Request starting HTTP/2 GET https://localhost:7205/_vs/browserLink - -
2023-10-24 17:29:49.842 +02:00 [Information] Request finished HTTP/2 GET https://localhost:7205/_vs/browserLink - - - 200 - text/javascript;+charset=UTF-8 5.8955ms
