2023-10-24 10:31:44.334 +02:00 [Information] User profile is available. Using '"C:\Users\abdik\AppData\Local\ASP.NET\DataProtection-Keys"' as key repository and Windows DPAPI to encrypt keys at rest.
2023-10-24 10:31:44.716 +02:00 [Information] Now listening on: "https://localhost:7205"
2023-10-24 10:31:44.716 +02:00 [Information] Now listening on: "http://localhost:5112"
2023-10-24 10:31:44.719 +02:00 [Information] Application started. Press Ctrl+C to shut down.
2023-10-24 10:31:44.719 +02:00 [Information] Hosting environment: "Development"
2023-10-24 10:31:44.719 +02:00 [Information] Content root path: "C:\Users\abdik\Source\Repos\Forum\MyShop\"
2023-10-24 10:31:45.032 +02:00 [Information] Request starting HTTP/2 GET https://localhost:7205/ - -
2023-10-24 10:31:45.068 +02:00 [Information] Executing endpoint '"Forum.Controllers.HomeController.Index (Forum)"'
2023-10-24 10:31:45.076 +02:00 [Information] Route matched with "{action = \"Index\", controller = \"Home\", page = \"\", area = \"\"}". Executing controller action with signature "Microsoft.AspNetCore.Mvc.IActionResult Index()" on controller "Forum.Controllers.HomeController" ("Forum").
2023-10-24 10:31:45.080 +02:00 [Information] Executing ViewResult, running view "Index".
2023-10-24 10:31:45.178 +02:00 [Information] Executed ViewResult - view "Index" executed in 97.0798ms.
2023-10-24 10:31:45.179 +02:00 [Information] Executed action "Forum.Controllers.HomeController.Index (Forum)" in 103.0791ms
2023-10-24 10:31:45.179 +02:00 [Information] Executed endpoint '"Forum.Controllers.HomeController.Index (Forum)"'
2023-10-24 10:31:45.192 +02:00 [Information] Request finished HTTP/2 GET https://localhost:7205/ - - - 200 - text/html;+charset=utf-8 162.9941ms
2023-10-24 10:31:45.196 +02:00 [Information] Request starting HTTP/2 GET https://localhost:7205/style.css - -
2023-10-24 10:31:45.196 +02:00 [Information] Request starting HTTP/2 GET https://localhost:7205/lib/bootstrap/css/crtstyle.css - -
2023-10-24 10:31:45.196 +02:00 [Information] Request starting HTTP/2 GET https://localhost:7205/_framework/aspnetcore-browser-refresh.js - -
2023-10-24 10:31:45.196 +02:00 [Information] Request starting HTTP/2 GET https://localhost:7205/lib/bootstrap/js/bootstrap.js - -
2023-10-24 10:31:45.196 +02:00 [Information] Request starting HTTP/2 GET https://localhost:7205/lib/jquery/jquery.js - -
2023-10-24 10:31:45.196 +02:00 [Information] Request starting HTTP/2 GET https://localhost:7205/css/style.css?v=35HH4RfJtST0sDq0rMotu1E2heftLFgWrkUbXojxluA - -
2023-10-24 10:31:45.198 +02:00 [Information] Request finished HTTP/2 GET https://localhost:7205/_framework/aspnetcore-browser-refresh.js - - - 200 12342 application/javascript;+charset=utf-8 1.9037ms
2023-10-24 10:31:45.199 +02:00 [Information] Request finished HTTP/2 GET https://localhost:7205/style.css - - - 404 0 - 2.7288ms
2023-10-24 10:31:45.206 +02:00 [Information] The file "/lib/bootstrap/js/bootstrap.js" was not modified
2023-10-24 10:31:45.206 +02:00 [Information] The file "/lib/jquery/jquery.js" was not modified
2023-10-24 10:31:45.206 +02:00 [Information] The file "/lib/bootstrap/css/crtstyle.css" was not modified
2023-10-24 10:31:45.206 +02:00 [Information] The file "/css/style.css" was not modified
2023-10-24 10:31:45.206 +02:00 [Information] Request finished HTTP/2 GET https://localhost:7205/lib/bootstrap/js/bootstrap.js - - - 304 - application/javascript 10.1421ms
2023-10-24 10:31:45.206 +02:00 [Information] Request finished HTTP/2 GET https://localhost:7205/lib/jquery/jquery.js - - - 304 - application/javascript 10.1707ms
2023-10-24 10:31:45.206 +02:00 [Information] Request finished HTTP/2 GET https://localhost:7205/css/style.css?v=35HH4RfJtST0sDq0rMotu1E2heftLFgWrkUbXojxluA - - - 304 - text/css 10.1722ms
2023-10-24 10:31:45.206 +02:00 [Information] Request finished HTTP/2 GET https://localhost:7205/lib/bootstrap/css/crtstyle.css - - - 304 - text/css 10.2109ms
2023-10-24 10:31:45.231 +02:00 [Information] Request starting HTTP/2 GET https://localhost:7205/_vs/browserLink - -
2023-10-24 10:31:45.237 +02:00 [Information] Request finished HTTP/2 GET https://localhost:7205/_vs/browserLink - - - 200 - text/javascript;+charset=UTF-8 5.8477ms
