2023-10-24 12:23:41.017 +02:00 [Information] User profile is available. Using '"C:\Users\abdik\AppData\Local\ASP.NET\DataProtection-Keys"' as key repository and Windows DPAPI to encrypt keys at rest.
2023-10-24 12:23:41.418 +02:00 [Information] Now listening on: "https://localhost:7205"
2023-10-24 12:23:41.418 +02:00 [Information] Now listening on: "http://localhost:5112"
2023-10-24 12:23:41.421 +02:00 [Information] Application started. Press Ctrl+C to shut down.
2023-10-24 12:23:41.422 +02:00 [Information] Hosting environment: "Development"
2023-10-24 12:23:41.422 +02:00 [Information] Content root path: "C:\Users\abdik\Source\Repos\Forum\MyShop\"
2023-10-24 12:23:41.755 +02:00 [Information] Request starting HTTP/2 GET https://localhost:7205/ - -
2023-10-24 12:23:41.791 +02:00 [Information] Executing endpoint '"Forum.Controllers.HomeController.Index (Forum)"'
2023-10-24 12:23:41.799 +02:00 [Information] Route matched with "{action = \"Index\", controller = \"Home\", page = \"\", area = \"\"}". Executing controller action with signature "Microsoft.AspNetCore.Mvc.IActionResult Index()" on controller "Forum.Controllers.HomeController" ("Forum").
2023-10-24 12:23:41.804 +02:00 [Information] Executing ViewResult, running view "Index".
2023-10-24 12:23:41.905 +02:00 [Information] Executed ViewResult - view "Index" executed in 100.899ms.
2023-10-24 12:23:41.906 +02:00 [Information] Executed action "Forum.Controllers.HomeController.Index (Forum)" in 107.2152ms
2023-10-24 12:23:41.907 +02:00 [Information] Executed endpoint '"Forum.Controllers.HomeController.Index (Forum)"'
2023-10-24 12:23:41.919 +02:00 [Information] Request finished HTTP/2 GET https://localhost:7205/ - - - 200 - text/html;+charset=utf-8 166.6790ms
2023-10-24 12:23:41.937 +02:00 [Information] Request starting HTTP/2 GET https://localhost:7205/lib/bootstrap/css/crtstyle.css - -
2023-10-24 12:23:41.937 +02:00 [Information] Request starting HTTP/2 GET https://localhost:7205/images/fotball.jpg - -
2023-10-24 12:23:41.937 +02:00 [Information] Request starting HTTP/2 GET https://localhost:7205/style.css - -
2023-10-24 12:23:41.939 +02:00 [Information] Request finished HTTP/2 GET https://localhost:7205/style.css - - - 404 0 - 2.6572ms
2023-10-24 12:23:41.945 +02:00 [Information] The file "/images/fotball.jpg" was not modified
2023-10-24 12:23:41.945 +02:00 [Information] The file "/lib/bootstrap/css/crtstyle.css" was not modified
2023-10-24 12:23:41.946 +02:00 [Information] Request finished HTTP/2 GET https://localhost:7205/lib/bootstrap/css/crtstyle.css - - - 304 - text/css 8.9654ms
2023-10-24 12:23:41.946 +02:00 [Information] Request finished HTTP/2 GET https://localhost:7205/images/fotball.jpg - - - 304 - image/jpeg 8.9841ms
2023-10-24 12:23:41.965 +02:00 [Information] Request starting HTTP/2 GET https://localhost:7205/_framework/aspnetcore-browser-refresh.js - -
2023-10-24 12:23:41.967 +02:00 [Information] Request finished HTTP/2 GET https://localhost:7205/_framework/aspnetcore-browser-refresh.js - - - 200 12342 application/javascript;+charset=utf-8 1.9127ms
2023-10-24 12:23:41.977 +02:00 [Information] Request starting HTTP/2 GET https://localhost:7205/lib/bootstrap/js/bootstrap.js.map - -
2023-10-24 12:23:41.977 +02:00 [Information] Request starting HTTP/2 GET https://localhost:7205/_vs/browserLink - -
2023-10-24 12:23:41.978 +02:00 [Information] The file "/lib/bootstrap/js/bootstrap.js.map" was not modified
2023-10-24 12:23:41.978 +02:00 [Information] Request finished HTTP/2 GET https://localhost:7205/lib/bootstrap/js/bootstrap.js.map - - - 304 - text/plain 1.4648ms
2023-10-24 12:23:41.983 +02:00 [Information] Request finished HTTP/2 GET https://localhost:7205/_vs/browserLink - - - 200 - text/javascript;+charset=UTF-8 6.0084ms
