2023-10-24 13:01:47.757 +02:00 [Information] User profile is available. Using '"C:\Users\abdik\AppData\Local\ASP.NET\DataProtection-Keys"' as key repository and Windows DPAPI to encrypt keys at rest.
2023-10-24 13:01:48.149 +02:00 [Information] Now listening on: "https://localhost:7205"
2023-10-24 13:01:48.149 +02:00 [Information] Now listening on: "http://localhost:5112"
2023-10-24 13:01:48.152 +02:00 [Information] Application started. Press Ctrl+C to shut down.
2023-10-24 13:01:48.152 +02:00 [Information] Hosting environment: "Development"
2023-10-24 13:01:48.152 +02:00 [Information] Content root path: "C:\Users\abdik\Source\Repos\Forum\MyShop\"
2023-10-24 13:01:48.505 +02:00 [Information] Request starting HTTP/2 GET https://localhost:7205/ - -
2023-10-24 13:01:48.540 +02:00 [Information] Executing endpoint '"Forum.Controllers.HomeController.Index (Forum)"'
2023-10-24 13:01:48.547 +02:00 [Information] Route matched with "{action = \"Index\", controller = \"Home\", page = \"\", area = \"\"}". Executing controller action with signature "Microsoft.AspNetCore.Mvc.IActionResult Index()" on controller "Forum.Controllers.HomeController" ("Forum").
2023-10-24 13:01:48.551 +02:00 [Information] Executing ViewResult, running view "Index".
2023-10-24 13:01:48.650 +02:00 [Information] Executed ViewResult - view "Index" executed in 97.9647ms.
2023-10-24 13:01:48.652 +02:00 [Information] Executed action "Forum.Controllers.HomeController.Index (Forum)" in 104.2275ms
2023-10-24 13:01:48.652 +02:00 [Information] Executed endpoint '"Forum.Controllers.HomeController.Index (Forum)"'
2023-10-24 13:01:48.664 +02:00 [Information] Request finished HTTP/2 GET https://localhost:7205/ - - - 200 - text/html;+charset=utf-8 160.9259ms
2023-10-24 13:01:48.678 +02:00 [Information] Request starting HTTP/2 GET https://localhost:7205/style.css - -
2023-10-24 13:01:48.680 +02:00 [Information] Request finished HTTP/2 GET https://localhost:7205/style.css - - - 404 0 - 2.5488ms
2023-10-24 13:01:48.690 +02:00 [Information] Request starting HTTP/2 GET https://localhost:7205/_framework/aspnetcore-browser-refresh.js - -
2023-10-24 13:01:48.691 +02:00 [Information] Request starting HTTP/2 GET https://localhost:7205/_vs/browserLink - -
2023-10-24 13:01:48.692 +02:00 [Information] Request finished HTTP/2 GET https://localhost:7205/_framework/aspnetcore-browser-refresh.js - - - 200 12342 application/javascript;+charset=utf-8 1.9544ms
2023-10-24 13:01:48.697 +02:00 [Information] Request finished HTTP/2 GET https://localhost:7205/_vs/browserLink - - - 200 - text/javascript;+charset=UTF-8 5.9736ms
