2023-10-29 15:24:41.155 +01:00 [Information] User profile is available. Using '"C:\Users\abdik\AppData\Local\ASP.NET\DataProtection-Keys"' as key repository and Windows DPAPI to encrypt keys at rest.
2023-10-29 15:24:41.558 +01:00 [Information] Now listening on: "https://localhost:7205"
2023-10-29 15:24:41.559 +01:00 [Information] Now listening on: "http://localhost:5112"
2023-10-29 15:24:41.561 +01:00 [Information] Application started. Press Ctrl+C to shut down.
2023-10-29 15:24:41.562 +01:00 [Information] Hosting environment: "Development"
2023-10-29 15:24:41.562 +01:00 [Information] Content root path: "C:\Users\abdik\Source\Repos\Forum\MyShop\"
2023-10-29 15:24:42.157 +01:00 [Information] Request starting HTTP/2 POST https://localhost:7205/Post/Createpost?topicId=1 application/x-www-form-urlencoded 364
2023-10-29 15:24:42.199 +01:00 [Information] Executing endpoint '"Forum.Controllers.PostController.CreatePost (Forum)"'
2023-10-29 15:24:42.219 +01:00 [Information] Route matched with "{action = \"CreatePost\", controller = \"Post\", page = \"\", area = \"\"}". Executing controller action with signature "System.Threading.Tasks.Task`1[Microsoft.AspNetCore.Mvc.IActionResult] CreatePost(Forum.ViewModels.PostCommentViewModel)" on controller "Forum.Controllers.PostController" ("Forum").
2023-10-29 15:24:42.243 +01:00 [Warning] [PostController] Post creation failed Post { PostId: 0, TopicId: 1, UserName: null, PostTitle: "United er mye bedre enn Liverpool", PostTime: 10/29/2023 15:24:42, Topic: null, Comments: null, LatestComment: null }
2023-10-29 15:24:42.247 +01:00 [Information] Executing ViewResult, running view "CreatePost".
2023-10-29 15:24:42.354 +01:00 [Information] Executed ViewResult - view "CreatePost" executed in 106.8783ms.
2023-10-29 15:24:42.355 +01:00 [Information] Executed action "Forum.Controllers.PostController.CreatePost (Forum)" in 136.2697ms
2023-10-29 15:24:42.356 +01:00 [Information] Executed endpoint '"Forum.Controllers.PostController.CreatePost (Forum)"'
2023-10-29 15:24:42.367 +01:00 [Information] Request finished HTTP/2 POST https://localhost:7205/Post/Createpost?topicId=1 application/x-www-form-urlencoded 364 - 200 - text/html;+charset=utf-8 212.9036ms
2023-10-29 15:24:42.368 +01:00 [Information] Request starting HTTP/2 GET https://localhost:7205/_framework/aspnetcore-browser-refresh.js - -
2023-10-29 15:24:42.368 +01:00 [Information] Request starting HTTP/2 GET https://localhost:7205/_vs/browserLink - -
2023-10-29 15:24:42.370 +01:00 [Information] Request finished HTTP/2 GET https://localhost:7205/_framework/aspnetcore-browser-refresh.js - - - 200 12342 application/javascript;+charset=utf-8 1.9460ms
2023-10-29 15:24:42.375 +01:00 [Information] Request finished HTTP/2 GET https://localhost:7205/_vs/browserLink - - - 200 - text/javascript;+charset=UTF-8 6.2583ms
2023-10-29 15:24:46.135 +01:00 [Information] Request starting HTTP/2 POST https://localhost:7205/Post/Createpost?topicId=1 application/x-www-form-urlencoded 364
2023-10-29 15:24:46.139 +01:00 [Information] Executing endpoint '"Forum.Controllers.PostController.CreatePost (Forum)"'
2023-10-29 15:24:46.139 +01:00 [Information] Route matched with "{action = \"CreatePost\", controller = \"Post\", page = \"\", area = \"\"}". Executing controller action with signature "System.Threading.Tasks.Task`1[Microsoft.AspNetCore.Mvc.IActionResult] CreatePost(Forum.ViewModels.PostCommentViewModel)" on controller "Forum.Controllers.PostController" ("Forum").
2023-10-29 15:24:46.140 +01:00 [Warning] [PostController] Post creation failed Post { PostId: 0, TopicId: 1, UserName: null, PostTitle: "United er mye bedre enn Liverpool", PostTime: 10/29/2023 15:24:46, Topic: null, Comments: null, LatestComment: null }
2023-10-29 15:24:46.140 +01:00 [Information] Executing ViewResult, running view "CreatePost".
2023-10-29 15:24:46.146 +01:00 [Information] Executed ViewResult - view "CreatePost" executed in 5.9071ms.
2023-10-29 15:24:46.146 +01:00 [Information] Executed action "Forum.Controllers.PostController.CreatePost (Forum)" in 7.1994ms
2023-10-29 15:24:46.146 +01:00 [Information] Executed endpoint '"Forum.Controllers.PostController.CreatePost (Forum)"'
2023-10-29 15:24:46.147 +01:00 [Information] Request finished HTTP/2 POST https://localhost:7205/Post/Createpost?topicId=1 application/x-www-form-urlencoded 364 - 200 - text/html;+charset=utf-8 12.7140ms
2023-10-29 15:24:46.163 +01:00 [Information] Request starting HTTP/2 GET https://localhost:7205/_vs/browserLink - -
2023-10-29 15:24:46.163 +01:00 [Information] Request starting HTTP/2 GET https://localhost:7205/_framework/aspnetcore-browser-refresh.js - -
2023-10-29 15:24:46.163 +01:00 [Information] Request finished HTTP/2 GET https://localhost:7205/_framework/aspnetcore-browser-refresh.js - - - 200 12342 application/javascript;+charset=utf-8 0.3553ms
2023-10-29 15:24:46.165 +01:00 [Information] Request finished HTTP/2 GET https://localhost:7205/_vs/browserLink - - - 200 - text/javascript;+charset=UTF-8 2.1366ms
