2023-10-25 16:16:52.917 +02:00 [Information] User profile is available. Using '"C:\Users\Johan\AppData\Local\ASP.NET\DataProtection-Keys"' as key repository and Windows DPAPI to encrypt keys at rest.
2023-10-25 16:16:53.550 +02:00 [Information] Now listening on: "https://localhost:7205"
2023-10-25 16:16:53.550 +02:00 [Information] Now listening on: "http://localhost:5112"
2023-10-25 16:16:53.555 +02:00 [Information] Application started. Press Ctrl+C to shut down.
2023-10-25 16:16:53.556 +02:00 [Information] Hosting environment: "Development"
2023-10-25 16:16:53.557 +02:00 [Information] Content root path: "C:\Users\Johan\Source\Repos\N4h0\Forum\MyShop\"
2023-10-25 16:16:54.351 +02:00 [Information] Request starting HTTP/2 GET https://localhost:7205/ - -
2023-10-25 16:16:54.397 +02:00 [Information] Executing endpoint '"Forum.Controllers.HomeController.Index (Forum)"'
2023-10-25 16:16:54.411 +02:00 [Information] Route matched with "{action = \"Index\", controller = \"Home\", page = \"\", area = \"\"}". Executing controller action with signature "System.Threading.Tasks.Task`1[Microsoft.AspNetCore.Mvc.IActionResult] Index()" on controller "Forum.Controllers.HomeController" ("Forum").
2023-10-25 16:16:54.447 +02:00 [Information] Executing ViewResult, running view "Index".
2023-10-25 16:16:54.569 +02:00 [Information] Executed ViewResult - view "Index" executed in 122.8475ms.
2023-10-25 16:16:54.570 +02:00 [Information] Executed action "Forum.Controllers.HomeController.Index (Forum)" in 158.6496ms
2023-10-25 16:16:54.570 +02:00 [Information] Executed endpoint '"Forum.Controllers.HomeController.Index (Forum)"'
2023-10-25 16:16:54.581 +02:00 [Information] Request finished HTTP/2 GET https://localhost:7205/ - - - 200 - text/html;+charset=utf-8 232.5383ms
2023-10-25 16:16:54.591 +02:00 [Information] Request starting HTTP/2 GET https://localhost:7205/style.css - -
2023-10-25 16:16:54.596 +02:00 [Information] Request finished HTTP/2 GET https://localhost:7205/style.css - - - 404 0 - 4.9017ms
2023-10-25 16:16:54.673 +02:00 [Information] Request starting HTTP/2 GET https://localhost:7205/_framework/aspnetcore-browser-refresh.js - -
2023-10-25 16:16:54.676 +02:00 [Information] Request finished HTTP/2 GET https://localhost:7205/_framework/aspnetcore-browser-refresh.js - - - 200 12342 application/javascript;+charset=utf-8 2.8820ms
2023-10-25 16:16:57.618 +02:00 [Information] Request starting HTTP/2 GET https://localhost:7205/Category/CategoryDetails/3 - -
2023-10-25 16:16:57.620 +02:00 [Information] Executing endpoint '"Forum.Controllers.CategoryController.CategoryDetails (Forum)"'
2023-10-25 16:16:57.628 +02:00 [Information] Route matched with "{action = \"CategoryDetails\", controller = \"Category\", page = \"\", area = \"\"}". Executing controller action with signature "System.Threading.Tasks.Task`1[Microsoft.AspNetCore.Mvc.IActionResult] CategoryDetails(Int32)" on controller "Forum.Controllers.CategoryController" ("Forum").
2023-10-25 16:16:57.639 +02:00 [Information] [CategoryController] ID passed to CategoryController: 3.
2023-10-25 16:16:57.649 +02:00 [Information] Executing ViewResult, running view "CategoryDetails".
2023-10-25 16:16:57.683 +02:00 [Information] Executed ViewResult - view "CategoryDetails" executed in 35.079ms.
2023-10-25 16:16:57.683 +02:00 [Information] Executed action "Forum.Controllers.CategoryController.CategoryDetails (Forum)" in 55.649ms
2023-10-25 16:16:57.684 +02:00 [Information] Executed endpoint '"Forum.Controllers.CategoryController.CategoryDetails (Forum)"'
2023-10-25 16:16:57.684 +02:00 [Information] Request finished HTTP/2 GET https://localhost:7205/Category/CategoryDetails/3 - - - 200 - text/html;+charset=utf-8 65.1393ms
2023-10-25 16:16:57.698 +02:00 [Information] Request starting HTTP/2 GET https://localhost:7205/Category/CategoryDetails/style.css - -
2023-10-25 16:16:57.699 +02:00 [Information] Request starting HTTP/2 GET https://localhost:7205/_framework/aspnetcore-browser-refresh.js - -
2023-10-25 16:16:57.699 +02:00 [Information] Request finished HTTP/2 GET https://localhost:7205/_framework/aspnetcore-browser-refresh.js - - - 200 12342 application/javascript;+charset=utf-8 0.2575ms
2023-10-25 16:16:57.700 +02:00 [Information] Executing endpoint '"Forum.Controllers.CategoryController.CategoryDetails (Forum)"'
2023-10-25 16:16:57.700 +02:00 [Information] Route matched with "{action = \"CategoryDetails\", controller = \"Category\", page = \"\", area = \"\"}". Executing controller action with signature "System.Threading.Tasks.Task`1[Microsoft.AspNetCore.Mvc.IActionResult] CategoryDetails(Int32)" on controller "Forum.Controllers.CategoryController" ("Forum").
2023-10-25 16:16:57.709 +02:00 [Information] [CategoryController] ID passed to CategoryController: 0.
2023-10-25 16:16:57.717 +02:00 [Error] [CategoryController] Category not found for the categoryId 0.
2023-10-25 16:16:57.722 +02:00 [Information] Executing "NotFoundObjectResult", writing value of type '"System.String"'.
2023-10-25 16:16:57.722 +02:00 [Information] Executed action "Forum.Controllers.CategoryController.CategoryDetails (Forum)" in 21.8799ms
2023-10-25 16:16:57.722 +02:00 [Information] Executed endpoint '"Forum.Controllers.CategoryController.CategoryDetails (Forum)"'
2023-10-25 16:16:57.722 +02:00 [Information] Request finished HTTP/2 GET https://localhost:7205/Category/CategoryDetails/style.css - - - 404 - text/plain;+charset=utf-8 24.4494ms
