2023-10-24 16:33:07.280 +02:00 [Information] User profile is available. Using '"C:\Users\abdik\AppData\Local\ASP.NET\DataProtection-Keys"' as key repository and Windows DPAPI to encrypt keys at rest.
2023-10-24 16:33:07.676 +02:00 [Information] Now listening on: "https://localhost:7205"
2023-10-24 16:33:07.676 +02:00 [Information] Now listening on: "http://localhost:5112"
2023-10-24 16:33:07.679 +02:00 [Information] Application started. Press Ctrl+C to shut down.
2023-10-24 16:33:07.680 +02:00 [Information] Hosting environment: "Development"
2023-10-24 16:33:07.680 +02:00 [Information] Content root path: "C:\Users\abdik\Source\Repos\Forum\MyShop\"
2023-10-24 16:33:08.029 +02:00 [Information] Request starting HTTP/2 GET https://localhost:7205/ - -
2023-10-24 16:33:08.070 +02:00 [Information] Executing endpoint '"Forum.Controllers.HomeController.Index (Forum)"'
2023-10-24 16:33:08.079 +02:00 [Information] Route matched with "{action = \"Index\", controller = \"Home\", page = \"\", area = \"\"}". Executing controller action with signature "System.Threading.Tasks.Task`1[Microsoft.AspNetCore.Mvc.IActionResult] Index()" on controller "Forum.Controllers.HomeController" ("Forum").
2023-10-24 16:33:08.101 +02:00 [Information] Executing ViewResult, running view "Index".
2023-10-24 16:33:08.211 +02:00 [Information] Executed ViewResult - view "Index" executed in 110.5234ms.
2023-10-24 16:33:08.213 +02:00 [Information] Executed action "Forum.Controllers.HomeController.Index (Forum)" in 133.3212ms
2023-10-24 16:33:08.213 +02:00 [Information] Executed endpoint '"Forum.Controllers.HomeController.Index (Forum)"'
2023-10-24 16:33:08.226 +02:00 [Information] Request finished HTTP/2 GET https://localhost:7205/ - - - 200 - text/html;+charset=utf-8 199.2084ms
2023-10-24 16:33:08.232 +02:00 [Information] Request starting HTTP/2 GET https://localhost:7205/style.css - -
2023-10-24 16:33:08.236 +02:00 [Information] Request finished HTTP/2 GET https://localhost:7205/style.css - - - 404 0 - 4.0640ms
2023-10-24 16:33:08.270 +02:00 [Information] Request starting HTTP/2 GET https://localhost:7205/images/vacation.jpg - -
2023-10-24 16:33:08.274 +02:00 [Information] The file "/images/vacation.jpg" was not modified
2023-10-24 16:33:08.274 +02:00 [Information] Request finished HTTP/2 GET https://localhost:7205/images/vacation.jpg - - - 304 - image/jpeg 4.0988ms
2023-10-24 16:33:08.281 +02:00 [Information] Request starting HTTP/2 GET https://localhost:7205/_framework/aspnetcore-browser-refresh.js - -
2023-10-24 16:33:08.283 +02:00 [Information] Request finished HTTP/2 GET https://localhost:7205/_framework/aspnetcore-browser-refresh.js - - - 200 12342 application/javascript;+charset=utf-8 1.6331ms
2023-10-24 16:33:08.310 +02:00 [Information] Request starting HTTP/2 GET https://localhost:7205/images/skiEquipments.jpg - -
2023-10-24 16:33:08.310 +02:00 [Information] Request starting HTTP/2 GET https://localhost:7205/_vs/browserLink - -
2023-10-24 16:33:08.310 +02:00 [Information] The file "/images/skiEquipments.jpg" was not modified
2023-10-24 16:33:08.311 +02:00 [Information] Request finished HTTP/2 GET https://localhost:7205/images/skiEquipments.jpg - - - 304 - image/jpeg 0.5635ms
2023-10-24 16:33:08.316 +02:00 [Information] Request finished HTTP/2 GET https://localhost:7205/_vs/browserLink - - - 200 - text/javascript;+charset=UTF-8 6.2517ms
