2023-10-24 10:08:16.323 +02:00 [Information] User profile is available. Using '"C:\Users\abdik\AppData\Local\ASP.NET\DataProtection-Keys"' as key repository and Windows DPAPI to encrypt keys at rest.
2023-10-24 10:08:16.710 +02:00 [Information] Now listening on: "https://localhost:7205"
2023-10-24 10:08:16.710 +02:00 [Information] Now listening on: "http://localhost:5112"
2023-10-24 10:08:16.713 +02:00 [Information] Application started. Press Ctrl+C to shut down.
2023-10-24 10:08:16.714 +02:00 [Information] Hosting environment: "Development"
2023-10-24 10:08:16.714 +02:00 [Information] Content root path: "C:\Users\abdik\Source\Repos\Forum\MyShop\"
2023-10-24 10:08:17.037 +02:00 [Information] Request starting HTTP/2 GET https://localhost:7205/ - -
2023-10-24 10:08:17.079 +02:00 [Information] Executing endpoint '"Forum.Controllers.HomeController.Index (Forum)"'
2023-10-24 10:08:17.087 +02:00 [Information] Route matched with "{action = \"Index\", controller = \"Home\", page = \"\", area = \"\"}". Executing controller action with signature "Microsoft.AspNetCore.Mvc.IActionResult Index()" on controller "Forum.Controllers.HomeController" ("Forum").
2023-10-24 10:08:17.092 +02:00 [Information] Executing ViewResult, running view "Index".
2023-10-24 10:08:17.193 +02:00 [Information] Executed ViewResult - view "Index" executed in 99.48ms.
2023-10-24 10:08:17.194 +02:00 [Information] Executed action "Forum.Controllers.HomeController.Index (Forum)" in 106.2407ms
2023-10-24 10:08:17.194 +02:00 [Information] Executed endpoint '"Forum.Controllers.HomeController.Index (Forum)"'
2023-10-24 10:08:17.207 +02:00 [Information] Request finished HTTP/2 GET https://localhost:7205/ - - - 200 - text/html;+charset=utf-8 171.8062ms
2023-10-24 10:08:17.212 +02:00 [Information] Request starting HTTP/2 GET https://localhost:7205/lib/bootstrap/css/crtstyle.css - -
2023-10-24 10:08:17.212 +02:00 [Information] Request starting HTTP/2 GET https://localhost:7205/css/style.css?v=35HH4RfJtST0sDq0rMotu1E2heftLFgWrkUbXojxluA - -
2023-10-24 10:08:17.212 +02:00 [Information] Request starting HTTP/2 GET https://localhost:7205/lib/bootstrap/js/bootstrap.js - -
2023-10-24 10:08:17.212 +02:00 [Information] Request starting HTTP/2 GET https://localhost:7205/... - -
2023-10-24 10:08:17.212 +02:00 [Information] Request starting HTTP/2 GET https://localhost:7205/style.css - -
2023-10-24 10:08:17.212 +02:00 [Information] Request starting HTTP/2 GET https://localhost:7205/_framework/aspnetcore-browser-refresh.js - -
2023-10-24 10:08:17.212 +02:00 [Information] Request starting HTTP/2 GET https://localhost:7205/lib/jquery/jquery.js - -
2023-10-24 10:08:17.214 +02:00 [Information] Request finished HTTP/2 GET https://localhost:7205/_framework/aspnetcore-browser-refresh.js - - - 200 12342 application/javascript;+charset=utf-8 2.1943ms
2023-10-24 10:08:17.216 +02:00 [Information] Request finished HTTP/2 GET https://localhost:7205/... - - - 404 0 - 4.3878ms
2023-10-24 10:08:17.222 +02:00 [Information] Request finished HTTP/2 GET https://localhost:7205/style.css - - - 404 0 - 10.1250ms
2023-10-24 10:08:17.222 +02:00 [Information] The file "/lib/bootstrap/css/crtstyle.css" was not modified
2023-10-24 10:08:17.222 +02:00 [Information] The file "/lib/jquery/jquery.js" was not modified
2023-10-24 10:08:17.222 +02:00 [Information] The file "/css/style.css" was not modified
2023-10-24 10:08:17.222 +02:00 [Information] The file "/lib/bootstrap/js/bootstrap.js" was not modified
2023-10-24 10:08:17.223 +02:00 [Information] Request finished HTTP/2 GET https://localhost:7205/lib/bootstrap/css/crtstyle.css - - - 304 - text/css 11.0301ms
2023-10-24 10:08:17.223 +02:00 [Information] Request finished HTTP/2 GET https://localhost:7205/lib/jquery/jquery.js - - - 304 - application/javascript 10.6599ms
2023-10-24 10:08:17.223 +02:00 [Information] Request finished HTTP/2 GET https://localhost:7205/lib/bootstrap/js/bootstrap.js - - - 304 - application/javascript 11.0901ms
2023-10-24 10:08:17.223 +02:00 [Information] Request finished HTTP/2 GET https://localhost:7205/css/style.css?v=35HH4RfJtST0sDq0rMotu1E2heftLFgWrkUbXojxluA - - - 304 - text/css 11.0654ms
2023-10-24 10:08:17.229 +02:00 [Information] Request starting HTTP/2 GET https://localhost:7205/_vs/browserLink - -
2023-10-24 10:08:17.234 +02:00 [Information] Request finished HTTP/2 GET https://localhost:7205/_vs/browserLink - - - 200 - text/javascript;+charset=UTF-8 5.7663ms
2023-10-24 10:08:17.238 +02:00 [Information] Request starting HTTP/2 GET https://localhost:7205/... - -
2023-10-24 10:08:17.248 +02:00 [Information] Request finished HTTP/2 GET https://localhost:7205/... - - - 404 0 - 9.9321ms
