2023-10-23 11:09:14.938 +02:00 [Information] User profile is available. Using '"C:\Users\Johan\AppData\Local\ASP.NET\DataProtection-Keys"' as key repository and Windows DPAPI to encrypt keys at rest.
2023-10-23 11:09:15.568 +02:00 [Information] Now listening on: "https://localhost:7205"
2023-10-23 11:09:15.569 +02:00 [Information] Now listening on: "http://localhost:5112"
2023-10-23 11:09:15.574 +02:00 [Information] Application started. Press Ctrl+C to shut down.
2023-10-23 11:09:15.576 +02:00 [Information] Hosting environment: "Development"
2023-10-23 11:09:15.577 +02:00 [Information] Content root path: "C:\Users\Johan\Source\Repos\N4h0\Forum\MyShop\"
2023-10-23 11:09:15.984 +02:00 [Information] Request starting HTTP/2 GET https://localhost:7205/ - -
2023-10-23 11:09:16.040 +02:00 [Information] Executing endpoint '"Forum.Controllers.HomeController.Index (Forum)"'
2023-10-23 11:09:16.048 +02:00 [Information] Route matched with "{action = \"Index\", controller = \"Home\", page = \"\", area = \"\"}". Executing controller action with signature "Microsoft.AspNetCore.Mvc.IActionResult Index()" on controller "Forum.Controllers.HomeController" ("Forum").
2023-10-23 11:09:16.054 +02:00 [Information] Executing ViewResult, running view "Index".
2023-10-23 11:09:16.166 +02:00 [Information] Executed ViewResult - view "Index" executed in 112.6661ms.
2023-10-23 11:09:16.169 +02:00 [Information] Executed action "Forum.Controllers.HomeController.Index (Forum)" in 121.1985ms
2023-10-23 11:09:16.170 +02:00 [Information] Executed endpoint '"Forum.Controllers.HomeController.Index (Forum)"'
2023-10-23 11:09:16.188 +02:00 [Information] Request starting HTTP/2 GET https://localhost:7205/_framework/aspnetcore-browser-refresh.js - -
2023-10-23 11:09:16.188 +02:00 [Information] Request starting HTTP/2 GET https://localhost:7205/lib/bootstrap/css/crtstyle.css - -
2023-10-23 11:09:16.192 +02:00 [Information] Request finished HTTP/2 GET https://localhost:7205/_framework/aspnetcore-browser-refresh.js - - - 200 12342 application/javascript;+charset=utf-8 2.9443ms
2023-10-23 11:09:16.192 +02:00 [Information] Request finished HTTP/2 GET https://localhost:7205/ - - - 200 - text/html;+charset=utf-8 210.8422ms
2023-10-23 11:09:16.200 +02:00 [Information] The file "/lib/bootstrap/css/crtstyle.css" was not modified
2023-10-23 11:09:16.200 +02:00 [Information] Request finished HTTP/2 GET https://localhost:7205/lib/bootstrap/css/crtstyle.css - - - 304 - text/css 11.5691ms
2023-10-23 11:09:16.227 +02:00 [Information] Request starting HTTP/2 GET https://localhost:7205/_vs/browserLink - -
2023-10-23 11:09:16.235 +02:00 [Information] Request finished HTTP/2 GET https://localhost:7205/_vs/browserLink - - - 200 - text/javascript;+charset=UTF-8 8.0602ms
2023-10-23 11:09:19.569 +02:00 [Information] Request starting HTTP/2 GET https://localhost:7205/Room/RoomTable - -
2023-10-23 11:09:19.573 +02:00 [Information] Executing endpoint '"Forum.Controllers.RoomController.RoomTable (Forum)"'
2023-10-23 11:09:19.575 +02:00 [Information] Route matched with "{action = \"RoomTable\", controller = \"Room\", page = \"\", area = \"\"}". Executing controller action with signature "System.Threading.Tasks.Task`1[Microsoft.AspNetCore.Mvc.IActionResult] RoomTable()" on controller "Forum.Controllers.RoomController" ("Forum").
2023-10-23 11:09:19.601 +02:00 [Information] Executing ViewResult, running view "RoomTable".
2023-10-23 11:09:19.613 +02:00 [Information] Executed ViewResult - view "RoomTable" executed in 12.9011ms.
2023-10-23 11:09:19.613 +02:00 [Information] Executed action "Forum.Controllers.RoomController.RoomTable (Forum)" in 37.9903ms
2023-10-23 11:09:19.613 +02:00 [Information] Executed endpoint '"Forum.Controllers.RoomController.RoomTable (Forum)"'
2023-10-23 11:09:19.615 +02:00 [Information] Request finished HTTP/2 GET https://localhost:7205/Room/RoomTable - - - 200 - text/html;+charset=utf-8 45.4580ms
2023-10-23 11:09:19.619 +02:00 [Information] Request starting HTTP/2 GET https://localhost:7205/_vs/browserLink - -
2023-10-23 11:09:19.619 +02:00 [Information] Request starting HTTP/2 GET https://localhost:7205/_framework/aspnetcore-browser-refresh.js - -
2023-10-23 11:09:19.620 +02:00 [Information] Request finished HTTP/2 GET https://localhost:7205/_framework/aspnetcore-browser-refresh.js - - - 200 12342 application/javascript;+charset=utf-8 0.3013ms
2023-10-23 11:09:19.625 +02:00 [Information] Request finished HTTP/2 GET https://localhost:7205/_vs/browserLink - - - 200 - text/javascript;+charset=UTF-8 5.5677ms
2023-10-23 11:09:20.726 +02:00 [Information] Request starting HTTP/2 GET https://localhost:7205/Topic/TopicTable - -
2023-10-23 11:09:20.733 +02:00 [Information] Executing endpoint '"Forum.Controllers.TopicController.TopicTable (Forum)"'
2023-10-23 11:09:20.734 +02:00 [Information] Route matched with "{action = \"TopicTable\", controller = \"Topic\", page = \"\", area = \"\"}". Executing controller action with signature "System.Threading.Tasks.Task`1[Microsoft.AspNetCore.Mvc.IActionResult] TopicTable()" on controller "Forum.Controllers.TopicController" ("Forum").
2023-10-23 11:09:20.748 +02:00 [Information] Executing ViewResult, running view "TopicTable".
2023-10-23 11:09:20.756 +02:00 [Information] Executed ViewResult - view "TopicTable" executed in 8.1452ms.
2023-10-23 11:09:20.756 +02:00 [Information] Executed action "Forum.Controllers.TopicController.TopicTable (Forum)" in 21.697ms
2023-10-23 11:09:20.756 +02:00 [Information] Executed endpoint '"Forum.Controllers.TopicController.TopicTable (Forum)"'
2023-10-23 11:09:20.757 +02:00 [Information] Request finished HTTP/2 GET https://localhost:7205/Topic/TopicTable - - - 200 - text/html;+charset=utf-8 31.5506ms
2023-10-23 11:09:20.765 +02:00 [Information] Request starting HTTP/2 GET https://localhost:7205/_vs/browserLink - -
2023-10-23 11:09:20.765 +02:00 [Information] Request starting HTTP/2 GET https://localhost:7205/_framework/aspnetcore-browser-refresh.js - -
2023-10-23 11:09:20.766 +02:00 [Information] Request finished HTTP/2 GET https://localhost:7205/_framework/aspnetcore-browser-refresh.js - - - 200 12342 application/javascript;+charset=utf-8 0.4234ms
2023-10-23 11:09:20.768 +02:00 [Information] Request finished HTTP/2 GET https://localhost:7205/_vs/browserLink - - - 200 - text/javascript;+charset=UTF-8 2.4782ms
2023-10-23 11:09:21.681 +02:00 [Information] Request starting HTTP/2 GET https://localhost:7205/Topic/TopicDetails/1 - -
2023-10-23 11:09:21.684 +02:00 [Information] Executing endpoint '"Forum.Controllers.TopicController.TopicDetails (Forum)"'
2023-10-23 11:09:21.693 +02:00 [Information] Route matched with "{action = \"TopicDetails\", controller = \"Topic\", page = \"\", area = \"\"}". Executing controller action with signature "System.Threading.Tasks.Task`1[Microsoft.AspNetCore.Mvc.IActionResult] TopicDetails(Int32)" on controller "Forum.Controllers.TopicController" ("Forum").
2023-10-23 11:09:21.712 +02:00 [Information] Executing ViewResult, running view "TopicDetails".
2023-10-23 11:09:21.770 +02:00 [Information] Executed ViewResult - view "TopicDetails" executed in 58.7549ms.
2023-10-23 11:09:21.770 +02:00 [Information] Executed action "Forum.Controllers.TopicController.TopicDetails (Forum)" in 77.7704ms
2023-10-23 11:09:21.770 +02:00 [Information] Executed endpoint '"Forum.Controllers.TopicController.TopicDetails (Forum)"'
2023-10-23 11:09:21.771 +02:00 [Information] Request finished HTTP/2 GET https://localhost:7205/Topic/TopicDetails/1 - - - 200 - text/html;+charset=utf-8 90.3267ms
2023-10-23 11:09:21.779 +02:00 [Information] Request starting HTTP/2 GET https://localhost:7205/_framework/aspnetcore-browser-refresh.js - -
2023-10-23 11:09:21.779 +02:00 [Information] Request starting HTTP/2 GET https://localhost:7205/_vs/browserLink - -
2023-10-23 11:09:21.779 +02:00 [Information] Request finished HTTP/2 GET https://localhost:7205/_framework/aspnetcore-browser-refresh.js - - - 200 12342 application/javascript;+charset=utf-8 0.2949ms
2023-10-23 11:09:21.783 +02:00 [Information] Request finished HTTP/2 GET https://localhost:7205/_vs/browserLink - - - 200 - text/javascript;+charset=UTF-8 4.4347ms
2023-10-23 11:09:22.574 +02:00 [Information] Request starting HTTP/2 GET https://localhost:7205/Post/CreatePost?topicId=1 - -
2023-10-23 11:09:22.580 +02:00 [Information] Executing endpoint '"Forum.Controllers.PostController.CreatePost (Forum)"'
2023-10-23 11:09:22.580 +02:00 [Information] Route matched with "{action = \"CreatePost\", controller = \"Post\", page = \"\", area = \"\"}". Executing controller action with signature "Microsoft.AspNetCore.Mvc.IActionResult CreatePost(Int32)" on controller "Forum.Controllers.PostController" ("Forum").
2023-10-23 11:09:22.584 +02:00 [Information] Executing ViewResult, running view "CreatePost".
2023-10-23 11:09:22.609 +02:00 [Information] Executed ViewResult - view "CreatePost" executed in 25.2966ms.
2023-10-23 11:09:22.609 +02:00 [Information] Executed action "Forum.Controllers.PostController.CreatePost (Forum)" in 28.5872ms
2023-10-23 11:09:22.609 +02:00 [Information] Executed endpoint '"Forum.Controllers.PostController.CreatePost (Forum)"'
2023-10-23 11:09:22.611 +02:00 [Information] Request finished HTTP/2 GET https://localhost:7205/Post/CreatePost?topicId=1 - - - 200 - text/html;+charset=utf-8 36.7417ms
2023-10-23 11:09:22.616 +02:00 [Information] Request starting HTTP/2 GET https://localhost:7205/_vs/browserLink - -
2023-10-23 11:09:22.616 +02:00 [Information] Request starting HTTP/2 GET https://localhost:7205/_framework/aspnetcore-browser-refresh.js - -
2023-10-23 11:09:22.616 +02:00 [Information] Request finished HTTP/2 GET https://localhost:7205/_framework/aspnetcore-browser-refresh.js - - - 200 12342 application/javascript;+charset=utf-8 0.3493ms
2023-10-23 11:09:22.619 +02:00 [Information] Request finished HTTP/2 GET https://localhost:7205/_vs/browserLink - - - 200 - text/javascript;+charset=UTF-8 2.5388ms
2023-10-23 11:09:33.132 +02:00 [Information] Request starting HTTP/2 POST https://localhost:7205/Post/Createpost?topicId=1 application/x-www-form-urlencoded 362
2023-10-23 11:09:33.136 +02:00 [Information] Executing endpoint '"Forum.Controllers.PostController.CreatePost (Forum)"'
2023-10-23 11:09:33.141 +02:00 [Information] Route matched with "{action = \"CreatePost\", controller = \"Post\", page = \"\", area = \"\"}". Executing controller action with signature "System.Threading.Tasks.Task`1[Microsoft.AspNetCore.Mvc.IActionResult] CreatePost(Forum.ViewModels.PostCommentViewModel)" on controller "Forum.Controllers.PostController" ("Forum").
2023-10-23 11:09:33.263 +02:00 [Error] Failed executing DbCommand ("2"ms) [Parameters=["@p0='?' (DbType = Int32), @p1='?' (DbType = DateTime), @p2='?' (Size = 32), @p3='?' (DbType = Int32), @p4='?' (Size = 25)"], CommandType='Text', CommandTimeout='30']"
""INSERT INTO \"Posts\" (\"PostId\", \"PostTime\", \"PostTitle\", \"TopicId\", \"UserId\")
VALUES (@p0, @p1, @p2, @p3, @p4);"
2023-10-23 11:09:33.293 +02:00 [Error] An exception occurred in the database while saving changes for context type '"Forum.Models.CategoryDbContext"'."
""Microsoft.EntityFrameworkCore.DbUpdateException: An error occurred while saving the entity changes. See the inner exception for details.
 ---> Microsoft.Data.Sqlite.SqliteException (0x80004005): SQLite Error 19: 'UNIQUE constraint failed: Posts.PostId'.
   at Microsoft.Data.Sqlite.SqliteException.ThrowExceptionForRC(Int32 rc, sqlite3 db)
   at Microsoft.Data.Sqlite.SqliteDataReader.NextResult()
   at Microsoft.Data.Sqlite.SqliteCommand.ExecuteReader(CommandBehavior behavior)
   at Microsoft.Data.Sqlite.SqliteCommand.ExecuteReaderAsync(CommandBehavior behavior, CancellationToken cancellationToken)
   at Microsoft.Data.Sqlite.SqliteCommand.ExecuteDbDataReaderAsync(CommandBehavior behavior, CancellationToken cancellationToken)
   at Microsoft.EntityFrameworkCore.Storage.RelationalCommand.ExecuteReaderAsync(RelationalCommandParameterObject parameterObject, CancellationToken cancellationToken)
   at Microsoft.EntityFrameworkCore.Storage.RelationalCommand.ExecuteReaderAsync(RelationalCommandParameterObject parameterObject, CancellationToken cancellationToken)
   at Microsoft.EntityFrameworkCore.Update.ReaderModificationCommandBatch.ExecuteAsync(IRelationalConnection connection, CancellationToken cancellationToken)
   --- End of inner exception stack trace ---
   at Microsoft.EntityFrameworkCore.Update.ReaderModificationCommandBatch.ExecuteAsync(IRelationalConnection connection, CancellationToken cancellationToken)
   at Microsoft.EntityFrameworkCore.Update.Internal.BatchExecutor.ExecuteAsync(IEnumerable`1 commandBatches, IRelationalConnection connection, CancellationToken cancellationToken)
   at Microsoft.EntityFrameworkCore.Update.Internal.BatchExecutor.ExecuteAsync(IEnumerable`1 commandBatches, IRelationalConnection connection, CancellationToken cancellationToken)
   at Microsoft.EntityFrameworkCore.Update.Internal.BatchExecutor.ExecuteAsync(IEnumerable`1 commandBatches, IRelationalConnection connection, CancellationToken cancellationToken)
   at Microsoft.EntityFrameworkCore.ChangeTracking.Internal.StateManager.SaveChangesAsync(IList`1 entriesToSave, CancellationToken cancellationToken)
   at Microsoft.EntityFrameworkCore.ChangeTracking.Internal.StateManager.SaveChangesAsync(StateManager stateManager, Boolean acceptAllChangesOnSuccess, CancellationToken cancellationToken)
   at Microsoft.EntityFrameworkCore.DbContext.SaveChangesAsync(Boolean acceptAllChangesOnSuccess, CancellationToken cancellationToken)"
Microsoft.EntityFrameworkCore.DbUpdateException: An error occurred while saving the entity changes. See the inner exception for details.
 ---> Microsoft.Data.Sqlite.SqliteException (0x80004005): SQLite Error 19: 'UNIQUE constraint failed: Posts.PostId'.
   at Microsoft.Data.Sqlite.SqliteException.ThrowExceptionForRC(Int32 rc, sqlite3 db)
   at Microsoft.Data.Sqlite.SqliteDataReader.NextResult()
   at Microsoft.Data.Sqlite.SqliteCommand.ExecuteReader(CommandBehavior behavior)
   at Microsoft.Data.Sqlite.SqliteCommand.ExecuteReaderAsync(CommandBehavior behavior, CancellationToken cancellationToken)
   at Microsoft.Data.Sqlite.SqliteCommand.ExecuteDbDataReaderAsync(CommandBehavior behavior, CancellationToken cancellationToken)
   at Microsoft.EntityFrameworkCore.Storage.RelationalCommand.ExecuteReaderAsync(RelationalCommandParameterObject parameterObject, CancellationToken cancellationToken)
   at Microsoft.EntityFrameworkCore.Storage.RelationalCommand.ExecuteReaderAsync(RelationalCommandParameterObject parameterObject, CancellationToken cancellationToken)
   at Microsoft.EntityFrameworkCore.Update.ReaderModificationCommandBatch.ExecuteAsync(IRelationalConnection connection, CancellationToken cancellationToken)
   --- End of inner exception stack trace ---
   at Microsoft.EntityFrameworkCore.Update.ReaderModificationCommandBatch.ExecuteAsync(IRelationalConnection connection, CancellationToken cancellationToken)
   at Microsoft.EntityFrameworkCore.Update.Internal.BatchExecutor.ExecuteAsync(IEnumerable`1 commandBatches, IRelationalConnection connection, CancellationToken cancellationToken)
   at Microsoft.EntityFrameworkCore.Update.Internal.BatchExecutor.ExecuteAsync(IEnumerable`1 commandBatches, IRelationalConnection connection, CancellationToken cancellationToken)
   at Microsoft.EntityFrameworkCore.Update.Internal.BatchExecutor.ExecuteAsync(IEnumerable`1 commandBatches, IRelationalConnection connection, CancellationToken cancellationToken)
   at Microsoft.EntityFrameworkCore.ChangeTracking.Internal.StateManager.SaveChangesAsync(IList`1 entriesToSave, CancellationToken cancellationToken)
   at Microsoft.EntityFrameworkCore.ChangeTracking.Internal.StateManager.SaveChangesAsync(StateManager stateManager, Boolean acceptAllChangesOnSuccess, CancellationToken cancellationToken)
   at Microsoft.EntityFrameworkCore.DbContext.SaveChangesAsync(Boolean acceptAllChangesOnSuccess, CancellationToken cancellationToken)
2023-10-23 11:09:33.328 +02:00 [Error] [PoatRepository] post creation failed for post Post { PostId: 8, TopicId: 1, UserId: "superAdmin@superAdmin.com", PostTitle: "Something generic about football", PostTime: 01/01/0001 00:00:00, Topic: null, Comments: null }, error message: "An error occurred while saving the entity changes. See the inner exception for details."
2023-10-23 11:09:33.350 +02:00 [Error] Failed executing DbCommand ("0"ms) [Parameters=["@p0='?' (DbType = Int32), @p1='?' (DbType = DateTime), @p2='?' (Size = 32), @p3='?' (DbType = Int32), @p4='?' (Size = 25)"], CommandType='Text', CommandTimeout='30']"
""INSERT INTO \"Posts\" (\"PostId\", \"PostTime\", \"PostTitle\", \"TopicId\", \"UserId\")
VALUES (@p0, @p1, @p2, @p3, @p4);"
2023-10-23 11:09:33.362 +02:00 [Error] An exception occurred in the database while saving changes for context type '"Forum.Models.CategoryDbContext"'."
""Microsoft.EntityFrameworkCore.DbUpdateException: An error occurred while saving the entity changes. See the inner exception for details.
 ---> Microsoft.Data.Sqlite.SqliteException (0x80004005): SQLite Error 19: 'UNIQUE constraint failed: Posts.PostId'.
   at Microsoft.Data.Sqlite.SqliteException.ThrowExceptionForRC(Int32 rc, sqlite3 db)
   at Microsoft.Data.Sqlite.SqliteDataReader.NextResult()
   at Microsoft.Data.Sqlite.SqliteCommand.ExecuteReader(CommandBehavior behavior)
   at Microsoft.Data.Sqlite.SqliteCommand.ExecuteReaderAsync(CommandBehavior behavior, CancellationToken cancellationToken)
   at Microsoft.Data.Sqlite.SqliteCommand.ExecuteDbDataReaderAsync(CommandBehavior behavior, CancellationToken cancellationToken)
   at Microsoft.EntityFrameworkCore.Storage.RelationalCommand.ExecuteReaderAsync(RelationalCommandParameterObject parameterObject, CancellationToken cancellationToken)
   at Microsoft.EntityFrameworkCore.Storage.RelationalCommand.ExecuteReaderAsync(RelationalCommandParameterObject parameterObject, CancellationToken cancellationToken)
   at Microsoft.EntityFrameworkCore.Update.ReaderModificationCommandBatch.ExecuteAsync(IRelationalConnection connection, CancellationToken cancellationToken)
   --- End of inner exception stack trace ---
   at Microsoft.EntityFrameworkCore.Update.ReaderModificationCommandBatch.ExecuteAsync(IRelationalConnection connection, CancellationToken cancellationToken)
   at Microsoft.EntityFrameworkCore.Update.Internal.BatchExecutor.ExecuteAsync(IEnumerable`1 commandBatches, IRelationalConnection connection, CancellationToken cancellationToken)
   at Microsoft.EntityFrameworkCore.Update.Internal.BatchExecutor.ExecuteAsync(IEnumerable`1 commandBatches, IRelationalConnection connection, CancellationToken cancellationToken)
   at Microsoft.EntityFrameworkCore.Update.Internal.BatchExecutor.ExecuteAsync(IEnumerable`1 commandBatches, IRelationalConnection connection, CancellationToken cancellationToken)
   at Microsoft.EntityFrameworkCore.ChangeTracking.Internal.StateManager.SaveChangesAsync(IList`1 entriesToSave, CancellationToken cancellationToken)
   at Microsoft.EntityFrameworkCore.ChangeTracking.Internal.StateManager.SaveChangesAsync(StateManager stateManager, Boolean acceptAllChangesOnSuccess, CancellationToken cancellationToken)
   at Microsoft.EntityFrameworkCore.DbContext.SaveChangesAsync(Boolean acceptAllChangesOnSuccess, CancellationToken cancellationToken)"
Microsoft.EntityFrameworkCore.DbUpdateException: An error occurred while saving the entity changes. See the inner exception for details.
 ---> Microsoft.Data.Sqlite.SqliteException (0x80004005): SQLite Error 19: 'UNIQUE constraint failed: Posts.PostId'.
   at Microsoft.Data.Sqlite.SqliteException.ThrowExceptionForRC(Int32 rc, sqlite3 db)
   at Microsoft.Data.Sqlite.SqliteDataReader.NextResult()
   at Microsoft.Data.Sqlite.SqliteCommand.ExecuteReader(CommandBehavior behavior)
   at Microsoft.Data.Sqlite.SqliteCommand.ExecuteReaderAsync(CommandBehavior behavior, CancellationToken cancellationToken)
   at Microsoft.Data.Sqlite.SqliteCommand.ExecuteDbDataReaderAsync(CommandBehavior behavior, CancellationToken cancellationToken)
   at Microsoft.EntityFrameworkCore.Storage.RelationalCommand.ExecuteReaderAsync(RelationalCommandParameterObject parameterObject, CancellationToken cancellationToken)
   at Microsoft.EntityFrameworkCore.Storage.RelationalCommand.ExecuteReaderAsync(RelationalCommandParameterObject parameterObject, CancellationToken cancellationToken)
   at Microsoft.EntityFrameworkCore.Update.ReaderModificationCommandBatch.ExecuteAsync(IRelationalConnection connection, CancellationToken cancellationToken)
   --- End of inner exception stack trace ---
   at Microsoft.EntityFrameworkCore.Update.ReaderModificationCommandBatch.ExecuteAsync(IRelationalConnection connection, CancellationToken cancellationToken)
   at Microsoft.EntityFrameworkCore.Update.Internal.BatchExecutor.ExecuteAsync(IEnumerable`1 commandBatches, IRelationalConnection connection, CancellationToken cancellationToken)
   at Microsoft.EntityFrameworkCore.Update.Internal.BatchExecutor.ExecuteAsync(IEnumerable`1 commandBatches, IRelationalConnection connection, CancellationToken cancellationToken)
   at Microsoft.EntityFrameworkCore.Update.Internal.BatchExecutor.ExecuteAsync(IEnumerable`1 commandBatches, IRelationalConnection connection, CancellationToken cancellationToken)
   at Microsoft.EntityFrameworkCore.ChangeTracking.Internal.StateManager.SaveChangesAsync(IList`1 entriesToSave, CancellationToken cancellationToken)
   at Microsoft.EntityFrameworkCore.ChangeTracking.Internal.StateManager.SaveChangesAsync(StateManager stateManager, Boolean acceptAllChangesOnSuccess, CancellationToken cancellationToken)
   at Microsoft.EntityFrameworkCore.DbContext.SaveChangesAsync(Boolean acceptAllChangesOnSuccess, CancellationToken cancellationToken)
2023-10-23 11:09:33.376 +02:00 [Error] [CommentRepository] comment creation failed for CommentID Comment { CommentId: 0, UserId: null, PostId: 8, CommentDescription: "Jajaja", Post: Post { PostId: 8, TopicId: 1, UserId: "superAdmin@superAdmin.com", PostTitle: "Something generic about football", PostTime: 01/01/0001 00:00:00, Topic: null, Comments: [Comment { CommentId: 0, UserId: null, PostId: 8, CommentDescription: "Jajaja", Post: Post { PostId: 8, TopicId: 1, UserId: "superAdmin@superAdmin.com", PostTitle: "Something generic about football", PostTime: 01/01/0001 00:00:00, Topic: null, Comments: [Comment { CommentId: 0, UserId: null, PostId: 8, CommentDescription: "Jajaja", Post: Post { PostId: 8, TopicId: 1, UserId: "superAdmin@superAdmin.com", PostTitle: "Something generic about football", PostTime: 01/01/0001 00:00:00, Topic: null, Comments: [Comment { CommentId: null, UserId: null, PostId: null, CommentDescription: null, Post: null }] } }] } }] } }, error message: "An error occurred while saving the entity changes. See the inner exception for details."
2023-10-23 11:09:33.377 +02:00 [Information] Executing RedirectResult, redirecting to "/Topic/TopicDetails/1".
2023-10-23 11:09:33.377 +02:00 [Information] Executed action "Forum.Controllers.PostController.CreatePost (Forum)" in 235.7785ms
2023-10-23 11:09:33.377 +02:00 [Information] Executed endpoint '"Forum.Controllers.PostController.CreatePost (Forum)"'
2023-10-23 11:09:33.377 +02:00 [Information] Request finished HTTP/2 POST https://localhost:7205/Post/Createpost?topicId=1 application/x-www-form-urlencoded 362 - 302 0 - 244.9849ms
2023-10-23 11:09:33.380 +02:00 [Information] Request starting HTTP/2 GET https://localhost:7205/Topic/TopicDetails/1 - -
2023-10-23 11:09:33.382 +02:00 [Information] Executing endpoint '"Forum.Controllers.TopicController.TopicDetails (Forum)"'
2023-10-23 11:09:33.382 +02:00 [Information] Route matched with "{action = \"TopicDetails\", controller = \"Topic\", page = \"\", area = \"\"}". Executing controller action with signature "System.Threading.Tasks.Task`1[Microsoft.AspNetCore.Mvc.IActionResult] TopicDetails(Int32)" on controller "Forum.Controllers.TopicController" ("Forum").
2023-10-23 11:09:33.384 +02:00 [Information] Executing ViewResult, running view "TopicDetails".
2023-10-23 11:09:33.390 +02:00 [Information] Executed ViewResult - view "TopicDetails" executed in 6.2343ms.
2023-10-23 11:09:33.390 +02:00 [Information] Executed action "Forum.Controllers.TopicController.TopicDetails (Forum)" in 8.3498ms
2023-10-23 11:09:33.390 +02:00 [Information] Executed endpoint '"Forum.Controllers.TopicController.TopicDetails (Forum)"'
2023-10-23 11:09:33.391 +02:00 [Information] Request finished HTTP/2 GET https://localhost:7205/Topic/TopicDetails/1 - - - 200 - text/html;+charset=utf-8 11.8874ms
2023-10-23 11:09:33.401 +02:00 [Information] Request starting HTTP/2 GET https://localhost:7205/_framework/aspnetcore-browser-refresh.js - -
2023-10-23 11:09:33.401 +02:00 [Information] Request starting HTTP/2 GET https://localhost:7205/_vs/browserLink - -
2023-10-23 11:09:33.401 +02:00 [Information] Request finished HTTP/2 GET https://localhost:7205/_framework/aspnetcore-browser-refresh.js - - - 200 12342 application/javascript;+charset=utf-8 0.3362ms
2023-10-23 11:09:33.405 +02:00 [Information] Request finished HTTP/2 GET https://localhost:7205/_vs/browserLink - - - 200 - text/javascript;+charset=UTF-8 4.7353ms
2023-10-23 11:09:35.279 +02:00 [Information] Request starting HTTP/2 GET https://localhost:7205/Post/PostDetails/8 - -
2023-10-23 11:09:35.281 +02:00 [Information] Executing endpoint '"Forum.Controllers.PostController.PostDetails (Forum)"'
2023-10-23 11:09:35.283 +02:00 [Information] Route matched with "{action = \"PostDetails\", controller = \"Post\", page = \"\", area = \"\"}". Executing controller action with signature "System.Threading.Tasks.Task`1[Microsoft.AspNetCore.Mvc.IActionResult] PostDetails(Int32)" on controller "Forum.Controllers.PostController" ("Forum").
2023-10-23 11:09:35.288 +02:00 [Information] Executing ViewResult, running view "PostDetails".
2023-10-23 11:09:35.304 +02:00 [Information] Executed ViewResult - view "PostDetails" executed in 15.8238ms.
2023-10-23 11:09:35.304 +02:00 [Information] Executed action "Forum.Controllers.PostController.PostDetails (Forum)" in 20.608ms
2023-10-23 11:09:35.304 +02:00 [Information] Executed endpoint '"Forum.Controllers.PostController.PostDetails (Forum)"'
2023-10-23 11:09:35.305 +02:00 [Information] Request finished HTTP/2 GET https://localhost:7205/Post/PostDetails/8 - - - 200 - text/html;+charset=utf-8 25.6628ms
2023-10-23 11:09:35.314 +02:00 [Information] Request starting HTTP/2 GET https://localhost:7205/_vs/browserLink - -
2023-10-23 11:09:35.314 +02:00 [Information] Request starting HTTP/2 GET https://localhost:7205/_framework/aspnetcore-browser-refresh.js - -
2023-10-23 11:09:35.314 +02:00 [Information] Request finished HTTP/2 GET https://localhost:7205/_framework/aspnetcore-browser-refresh.js - - - 200 12342 application/javascript;+charset=utf-8 0.2753ms
2023-10-23 11:09:35.316 +02:00 [Information] Request finished HTTP/2 GET https://localhost:7205/_vs/browserLink - - - 200 - text/javascript;+charset=UTF-8 2.3265ms
2023-10-23 11:09:38.499 +02:00 [Information] Request starting HTTP/2 GET https://localhost:7205/Topic/TopicDetails/1 - -
2023-10-23 11:09:38.502 +02:00 [Information] Executing endpoint '"Forum.Controllers.TopicController.TopicDetails (Forum)"'
2023-10-23 11:09:38.502 +02:00 [Information] Route matched with "{action = \"TopicDetails\", controller = \"Topic\", page = \"\", area = \"\"}". Executing controller action with signature "System.Threading.Tasks.Task`1[Microsoft.AspNetCore.Mvc.IActionResult] TopicDetails(Int32)" on controller "Forum.Controllers.TopicController" ("Forum").
2023-10-23 11:09:38.504 +02:00 [Information] Executing ViewResult, running view "TopicDetails".
2023-10-23 11:09:38.510 +02:00 [Information] Executed ViewResult - view "TopicDetails" executed in 6.5464ms.
2023-10-23 11:09:38.510 +02:00 [Information] Executed action "Forum.Controllers.TopicController.TopicDetails (Forum)" in 8.7043ms
2023-10-23 11:09:38.510 +02:00 [Information] Executed endpoint '"Forum.Controllers.TopicController.TopicDetails (Forum)"'
2023-10-23 11:09:38.511 +02:00 [Information] Request finished HTTP/2 GET https://localhost:7205/Topic/TopicDetails/1 - - - 200 - text/html;+charset=utf-8 12.4143ms
2023-10-23 11:09:38.520 +02:00 [Information] Request starting HTTP/2 GET https://localhost:7205/_framework/aspnetcore-browser-refresh.js - -
2023-10-23 11:09:38.521 +02:00 [Information] Request finished HTTP/2 GET https://localhost:7205/_framework/aspnetcore-browser-refresh.js - - - 200 12342 application/javascript;+charset=utf-8 0.3375ms
2023-10-23 11:09:41.007 +02:00 [Information] Request starting HTTP/2 GET https://localhost:7205/Post/PostDetails/8 - -
2023-10-23 11:09:41.009 +02:00 [Information] Executing endpoint '"Forum.Controllers.PostController.PostDetails (Forum)"'
2023-10-23 11:09:41.009 +02:00 [Information] Route matched with "{action = \"PostDetails\", controller = \"Post\", page = \"\", area = \"\"}". Executing controller action with signature "System.Threading.Tasks.Task`1[Microsoft.AspNetCore.Mvc.IActionResult] PostDetails(Int32)" on controller "Forum.Controllers.PostController" ("Forum").
2023-10-23 11:09:41.011 +02:00 [Information] Executing ViewResult, running view "PostDetails".
2023-10-23 11:09:41.017 +02:00 [Information] Executed ViewResult - view "PostDetails" executed in 5.5673ms.
2023-10-23 11:09:41.017 +02:00 [Information] Executed action "Forum.Controllers.PostController.PostDetails (Forum)" in 7.634ms
2023-10-23 11:09:41.017 +02:00 [Information] Executed endpoint '"Forum.Controllers.PostController.PostDetails (Forum)"'
2023-10-23 11:09:41.018 +02:00 [Information] Request finished HTTP/2 GET https://localhost:7205/Post/PostDetails/8 - - - 200 - text/html;+charset=utf-8 10.9147ms
2023-10-23 11:09:41.025 +02:00 [Information] Request starting HTTP/2 GET https://localhost:7205/_framework/aspnetcore-browser-refresh.js - -
2023-10-23 11:09:41.025 +02:00 [Information] Request starting HTTP/2 GET https://localhost:7205/_vs/browserLink - -
2023-10-23 11:09:41.025 +02:00 [Information] Request finished HTTP/2 GET https://localhost:7205/_framework/aspnetcore-browser-refresh.js - - - 200 12342 application/javascript;+charset=utf-8 0.3245ms
2023-10-23 11:09:41.028 +02:00 [Information] Request finished HTTP/2 GET https://localhost:7205/_vs/browserLink - - - 200 - text/javascript;+charset=UTF-8 2.5210ms
2023-10-23 11:09:44.520 +02:00 [Information] Request starting HTTP/2 GET https://localhost:7205/Topic/TopicDetails/1 - -
2023-10-23 11:09:44.522 +02:00 [Information] Executing endpoint '"Forum.Controllers.TopicController.TopicDetails (Forum)"'
2023-10-23 11:09:44.523 +02:00 [Information] Route matched with "{action = \"TopicDetails\", controller = \"Topic\", page = \"\", area = \"\"}". Executing controller action with signature "System.Threading.Tasks.Task`1[Microsoft.AspNetCore.Mvc.IActionResult] TopicDetails(Int32)" on controller "Forum.Controllers.TopicController" ("Forum").
2023-10-23 11:09:44.525 +02:00 [Information] Executing ViewResult, running view "TopicDetails".
2023-10-23 11:09:44.530 +02:00 [Information] Executed ViewResult - view "TopicDetails" executed in 5.9864ms.
2023-10-23 11:09:44.531 +02:00 [Information] Executed action "Forum.Controllers.TopicController.TopicDetails (Forum)" in 8.0209ms
2023-10-23 11:09:44.531 +02:00 [Information] Executed endpoint '"Forum.Controllers.TopicController.TopicDetails (Forum)"'
2023-10-23 11:09:44.532 +02:00 [Information] Request finished HTTP/2 GET https://localhost:7205/Topic/TopicDetails/1 - - - 200 - text/html;+charset=utf-8 11.4242ms
2023-10-23 11:09:44.538 +02:00 [Information] Request starting HTTP/2 GET https://localhost:7205/_framework/aspnetcore-browser-refresh.js - -
2023-10-23 11:09:44.539 +02:00 [Information] Request finished HTTP/2 GET https://localhost:7205/_framework/aspnetcore-browser-refresh.js - - - 200 12342 application/javascript;+charset=utf-8 0.2085ms
2023-10-23 11:09:46.579 +02:00 [Information] Request starting HTTP/2 GET https://localhost:7205/Post/PostDetails/2 - -
2023-10-23 11:09:46.581 +02:00 [Information] Executing endpoint '"Forum.Controllers.PostController.PostDetails (Forum)"'
2023-10-23 11:09:46.581 +02:00 [Information] Route matched with "{action = \"PostDetails\", controller = \"Post\", page = \"\", area = \"\"}". Executing controller action with signature "System.Threading.Tasks.Task`1[Microsoft.AspNetCore.Mvc.IActionResult] PostDetails(Int32)" on controller "Forum.Controllers.PostController" ("Forum").
2023-10-23 11:09:46.583 +02:00 [Information] Executing ViewResult, running view "PostDetails".
2023-10-23 11:09:46.590 +02:00 [Information] Executed ViewResult - view "PostDetails" executed in 7.1333ms.
2023-10-23 11:09:46.591 +02:00 [Information] Executed action "Forum.Controllers.PostController.PostDetails (Forum)" in 9.1206ms
2023-10-23 11:09:46.591 +02:00 [Information] Executed endpoint '"Forum.Controllers.PostController.PostDetails (Forum)"'
2023-10-23 11:09:46.592 +02:00 [Information] Request finished HTTP/2 GET https://localhost:7205/Post/PostDetails/2 - - - 200 - text/html;+charset=utf-8 12.8550ms
2023-10-23 11:09:46.599 +02:00 [Information] Request starting HTTP/2 GET https://localhost:7205/_vs/browserLink - -
2023-10-23 11:09:46.599 +02:00 [Information] Request starting HTTP/2 GET https://localhost:7205/_framework/aspnetcore-browser-refresh.js - -
2023-10-23 11:09:46.599 +02:00 [Information] Request finished HTTP/2 GET https://localhost:7205/_framework/aspnetcore-browser-refresh.js - - - 200 12342 application/javascript;+charset=utf-8 0.2931ms
2023-10-23 11:09:46.603 +02:00 [Information] Request finished HTTP/2 GET https://localhost:7205/_vs/browserLink - - - 200 - text/javascript;+charset=UTF-8 4.9283ms
2023-10-23 11:09:47.774 +02:00 [Information] Request starting HTTP/2 GET https://localhost:7205/Topic/TopicDetails/1 - -
2023-10-23 11:09:47.776 +02:00 [Information] Executing endpoint '"Forum.Controllers.TopicController.TopicDetails (Forum)"'
2023-10-23 11:09:47.776 +02:00 [Information] Route matched with "{action = \"TopicDetails\", controller = \"Topic\", page = \"\", area = \"\"}". Executing controller action with signature "System.Threading.Tasks.Task`1[Microsoft.AspNetCore.Mvc.IActionResult] TopicDetails(Int32)" on controller "Forum.Controllers.TopicController" ("Forum").
2023-10-23 11:09:47.778 +02:00 [Information] Executing ViewResult, running view "TopicDetails".
2023-10-23 11:09:47.784 +02:00 [Information] Executed ViewResult - view "TopicDetails" executed in 5.5438ms.
2023-10-23 11:09:47.784 +02:00 [Information] Executed action "Forum.Controllers.TopicController.TopicDetails (Forum)" in 7.5655ms
2023-10-23 11:09:47.784 +02:00 [Information] Executed endpoint '"Forum.Controllers.TopicController.TopicDetails (Forum)"'
2023-10-23 11:09:47.785 +02:00 [Information] Request finished HTTP/2 GET https://localhost:7205/Topic/TopicDetails/1 - - - 200 - text/html;+charset=utf-8 10.7825ms
2023-10-23 11:09:47.792 +02:00 [Information] Request starting HTTP/2 GET https://localhost:7205/_framework/aspnetcore-browser-refresh.js - -
2023-10-23 11:09:47.793 +02:00 [Information] Request finished HTTP/2 GET https://localhost:7205/_framework/aspnetcore-browser-refresh.js - - - 200 12342 application/javascript;+charset=utf-8 0.2387ms
2023-10-23 11:09:49.326 +02:00 [Information] Request starting HTTP/2 GET https://localhost:7205/Post/PostDetails/8 - -
2023-10-23 11:09:49.328 +02:00 [Information] Executing endpoint '"Forum.Controllers.PostController.PostDetails (Forum)"'
2023-10-23 11:09:49.328 +02:00 [Information] Route matched with "{action = \"PostDetails\", controller = \"Post\", page = \"\", area = \"\"}". Executing controller action with signature "System.Threading.Tasks.Task`1[Microsoft.AspNetCore.Mvc.IActionResult] PostDetails(Int32)" on controller "Forum.Controllers.PostController" ("Forum").
2023-10-23 11:09:49.330 +02:00 [Information] Executing ViewResult, running view "PostDetails".
2023-10-23 11:09:49.335 +02:00 [Information] Executed ViewResult - view "PostDetails" executed in 5.1441ms.
2023-10-23 11:09:49.335 +02:00 [Information] Executed action "Forum.Controllers.PostController.PostDetails (Forum)" in 7.1429ms
2023-10-23 11:09:49.335 +02:00 [Information] Executed endpoint '"Forum.Controllers.PostController.PostDetails (Forum)"'
2023-10-23 11:09:49.336 +02:00 [Information] Request finished HTTP/2 GET https://localhost:7205/Post/PostDetails/8 - - - 200 - text/html;+charset=utf-8 10.4033ms
2023-10-23 11:09:49.344 +02:00 [Information] Request starting HTTP/2 GET https://localhost:7205/_vs/browserLink - -
2023-10-23 11:09:49.344 +02:00 [Information] Request starting HTTP/2 GET https://localhost:7205/_framework/aspnetcore-browser-refresh.js - -
2023-10-23 11:09:49.344 +02:00 [Information] Request finished HTTP/2 GET https://localhost:7205/_framework/aspnetcore-browser-refresh.js - - - 200 12342 application/javascript;+charset=utf-8 0.3608ms
2023-10-23 11:09:49.346 +02:00 [Information] Request finished HTTP/2 GET https://localhost:7205/_vs/browserLink - - - 200 - text/javascript;+charset=UTF-8 2.5545ms
2023-10-23 11:09:55.429 +02:00 [Information] Request starting HTTP/2 GET https://localhost:7205/Topic/TopicDetails/1 - -
2023-10-23 11:09:55.431 +02:00 [Information] Executing endpoint '"Forum.Controllers.TopicController.TopicDetails (Forum)"'
2023-10-23 11:09:55.431 +02:00 [Information] Route matched with "{action = \"TopicDetails\", controller = \"Topic\", page = \"\", area = \"\"}". Executing controller action with signature "System.Threading.Tasks.Task`1[Microsoft.AspNetCore.Mvc.IActionResult] TopicDetails(Int32)" on controller "Forum.Controllers.TopicController" ("Forum").
2023-10-23 11:09:55.433 +02:00 [Information] Executing ViewResult, running view "TopicDetails".
2023-10-23 11:09:55.439 +02:00 [Information] Executed ViewResult - view "TopicDetails" executed in 5.7208ms.
2023-10-23 11:09:55.439 +02:00 [Information] Executed action "Forum.Controllers.TopicController.TopicDetails (Forum)" in 7.7681ms
2023-10-23 11:09:55.439 +02:00 [Information] Executed endpoint '"Forum.Controllers.TopicController.TopicDetails (Forum)"'
2023-10-23 11:09:55.440 +02:00 [Information] Request finished HTTP/2 GET https://localhost:7205/Topic/TopicDetails/1 - - - 200 - text/html;+charset=utf-8 11.5244ms
2023-10-23 11:09:55.447 +02:00 [Information] Request starting HTTP/2 GET https://localhost:7205/_framework/aspnetcore-browser-refresh.js - -
2023-10-23 11:09:55.447 +02:00 [Information] Request finished HTTP/2 GET https://localhost:7205/_framework/aspnetcore-browser-refresh.js - - - 200 12342 application/javascript;+charset=utf-8 0.1823ms
2023-10-23 11:09:56.276 +02:00 [Information] Request starting HTTP/2 GET https://localhost:7205/Post/CreatePost?topicId=1 - -
2023-10-23 11:09:56.279 +02:00 [Information] Executing endpoint '"Forum.Controllers.PostController.CreatePost (Forum)"'
2023-10-23 11:09:56.279 +02:00 [Information] Route matched with "{action = \"CreatePost\", controller = \"Post\", page = \"\", area = \"\"}". Executing controller action with signature "Microsoft.AspNetCore.Mvc.IActionResult CreatePost(Int32)" on controller "Forum.Controllers.PostController" ("Forum").
2023-10-23 11:09:56.280 +02:00 [Information] Executing ViewResult, running view "CreatePost".
2023-10-23 11:09:56.285 +02:00 [Information] Executed ViewResult - view "CreatePost" executed in 4.9482ms.
2023-10-23 11:09:56.285 +02:00 [Information] Executed action "Forum.Controllers.PostController.CreatePost (Forum)" in 5.3317ms
2023-10-23 11:09:56.285 +02:00 [Information] Executed endpoint '"Forum.Controllers.PostController.CreatePost (Forum)"'
2023-10-23 11:09:56.286 +02:00 [Information] Request finished HTTP/2 GET https://localhost:7205/Post/CreatePost?topicId=1 - - - 200 - text/html;+charset=utf-8 10.2282ms
2023-10-23 11:09:56.293 +02:00 [Information] Request starting HTTP/2 GET https://localhost:7205/_framework/aspnetcore-browser-refresh.js - -
2023-10-23 11:09:56.293 +02:00 [Information] Request starting HTTP/2 GET https://localhost:7205/_vs/browserLink - -
2023-10-23 11:09:56.293 +02:00 [Information] Request finished HTTP/2 GET https://localhost:7205/_framework/aspnetcore-browser-refresh.js - - - 200 12342 application/javascript;+charset=utf-8 0.3575ms
2023-10-23 11:09:56.295 +02:00 [Information] Request finished HTTP/2 GET https://localhost:7205/_vs/browserLink - - - 200 - text/javascript;+charset=UTF-8 2.8375ms
2023-10-23 11:09:58.522 +02:00 [Information] Request starting HTTP/2 POST https://localhost:7205/Post/Createpost?topicId=1 application/x-www-form-urlencoded 332
2023-10-23 11:09:58.526 +02:00 [Information] Executing endpoint '"Forum.Controllers.PostController.CreatePost (Forum)"'
2023-10-23 11:09:58.526 +02:00 [Information] Route matched with "{action = \"CreatePost\", controller = \"Post\", page = \"\", area = \"\"}". Executing controller action with signature "System.Threading.Tasks.Task`1[Microsoft.AspNetCore.Mvc.IActionResult] CreatePost(Forum.ViewModels.PostCommentViewModel)" on controller "Forum.Controllers.PostController" ("Forum").
2023-10-23 11:09:58.532 +02:00 [Error] Failed executing DbCommand ("1"ms) [Parameters=["@p0='?' (DbType = Int32), @p1='?' (DbType = DateTime), @p2='?' (Size = 4), @p3='?' (DbType = Int32), @p4='?' (Size = 25)"], CommandType='Text', CommandTimeout='30']"
""INSERT INTO \"Posts\" (\"PostId\", \"PostTime\", \"PostTitle\", \"TopicId\", \"UserId\")
VALUES (@p0, @p1, @p2, @p3, @p4);"
2023-10-23 11:09:58.540 +02:00 [Error] An exception occurred in the database while saving changes for context type '"Forum.Models.CategoryDbContext"'."
""Microsoft.EntityFrameworkCore.DbUpdateException: An error occurred while saving the entity changes. See the inner exception for details.
 ---> Microsoft.Data.Sqlite.SqliteException (0x80004005): SQLite Error 19: 'UNIQUE constraint failed: Posts.PostId'.
   at Microsoft.Data.Sqlite.SqliteException.ThrowExceptionForRC(Int32 rc, sqlite3 db)
   at Microsoft.Data.Sqlite.SqliteDataReader.NextResult()
   at Microsoft.Data.Sqlite.SqliteCommand.ExecuteReader(CommandBehavior behavior)
   at Microsoft.Data.Sqlite.SqliteCommand.ExecuteReaderAsync(CommandBehavior behavior, CancellationToken cancellationToken)
   at Microsoft.Data.Sqlite.SqliteCommand.ExecuteDbDataReaderAsync(CommandBehavior behavior, CancellationToken cancellationToken)
   at Microsoft.EntityFrameworkCore.Storage.RelationalCommand.ExecuteReaderAsync(RelationalCommandParameterObject parameterObject, CancellationToken cancellationToken)
   at Microsoft.EntityFrameworkCore.Storage.RelationalCommand.ExecuteReaderAsync(RelationalCommandParameterObject parameterObject, CancellationToken cancellationToken)
   at Microsoft.EntityFrameworkCore.Update.ReaderModificationCommandBatch.ExecuteAsync(IRelationalConnection connection, CancellationToken cancellationToken)
   --- End of inner exception stack trace ---
   at Microsoft.EntityFrameworkCore.Update.ReaderModificationCommandBatch.ExecuteAsync(IRelationalConnection connection, CancellationToken cancellationToken)
   at Microsoft.EntityFrameworkCore.Update.Internal.BatchExecutor.ExecuteAsync(IEnumerable`1 commandBatches, IRelationalConnection connection, CancellationToken cancellationToken)
   at Microsoft.EntityFrameworkCore.Update.Internal.BatchExecutor.ExecuteAsync(IEnumerable`1 commandBatches, IRelationalConnection connection, CancellationToken cancellationToken)
   at Microsoft.EntityFrameworkCore.Update.Internal.BatchExecutor.ExecuteAsync(IEnumerable`1 commandBatches, IRelationalConnection connection, CancellationToken cancellationToken)
   at Microsoft.EntityFrameworkCore.ChangeTracking.Internal.StateManager.SaveChangesAsync(IList`1 entriesToSave, CancellationToken cancellationToken)
   at Microsoft.EntityFrameworkCore.ChangeTracking.Internal.StateManager.SaveChangesAsync(StateManager stateManager, Boolean acceptAllChangesOnSuccess, CancellationToken cancellationToken)
   at Microsoft.EntityFrameworkCore.DbContext.SaveChangesAsync(Boolean acceptAllChangesOnSuccess, CancellationToken cancellationToken)"
Microsoft.EntityFrameworkCore.DbUpdateException: An error occurred while saving the entity changes. See the inner exception for details.
 ---> Microsoft.Data.Sqlite.SqliteException (0x80004005): SQLite Error 19: 'UNIQUE constraint failed: Posts.PostId'.
   at Microsoft.Data.Sqlite.SqliteException.ThrowExceptionForRC(Int32 rc, sqlite3 db)
   at Microsoft.Data.Sqlite.SqliteDataReader.NextResult()
   at Microsoft.Data.Sqlite.SqliteCommand.ExecuteReader(CommandBehavior behavior)
   at Microsoft.Data.Sqlite.SqliteCommand.ExecuteReaderAsync(CommandBehavior behavior, CancellationToken cancellationToken)
   at Microsoft.Data.Sqlite.SqliteCommand.ExecuteDbDataReaderAsync(CommandBehavior behavior, CancellationToken cancellationToken)
   at Microsoft.EntityFrameworkCore.Storage.RelationalCommand.ExecuteReaderAsync(RelationalCommandParameterObject parameterObject, CancellationToken cancellationToken)
   at Microsoft.EntityFrameworkCore.Storage.RelationalCommand.ExecuteReaderAsync(RelationalCommandParameterObject parameterObject, CancellationToken cancellationToken)
   at Microsoft.EntityFrameworkCore.Update.ReaderModificationCommandBatch.ExecuteAsync(IRelationalConnection connection, CancellationToken cancellationToken)
   --- End of inner exception stack trace ---
   at Microsoft.EntityFrameworkCore.Update.ReaderModificationCommandBatch.ExecuteAsync(IRelationalConnection connection, CancellationToken cancellationToken)
   at Microsoft.EntityFrameworkCore.Update.Internal.BatchExecutor.ExecuteAsync(IEnumerable`1 commandBatches, IRelationalConnection connection, CancellationToken cancellationToken)
   at Microsoft.EntityFrameworkCore.Update.Internal.BatchExecutor.ExecuteAsync(IEnumerable`1 commandBatches, IRelationalConnection connection, CancellationToken cancellationToken)
   at Microsoft.EntityFrameworkCore.Update.Internal.BatchExecutor.ExecuteAsync(IEnumerable`1 commandBatches, IRelationalConnection connection, CancellationToken cancellationToken)
   at Microsoft.EntityFrameworkCore.ChangeTracking.Internal.StateManager.SaveChangesAsync(IList`1 entriesToSave, CancellationToken cancellationToken)
   at Microsoft.EntityFrameworkCore.ChangeTracking.Internal.StateManager.SaveChangesAsync(StateManager stateManager, Boolean acceptAllChangesOnSuccess, CancellationToken cancellationToken)
   at Microsoft.EntityFrameworkCore.DbContext.SaveChangesAsync(Boolean acceptAllChangesOnSuccess, CancellationToken cancellationToken)
2023-10-23 11:09:58.551 +02:00 [Error] [PoatRepository] post creation failed for post Post { PostId: 9, TopicId: 1, UserId: "superAdmin@superAdmin.com", PostTitle: "test", PostTime: 01/01/0001 00:00:00, Topic: null, Comments: null }, error message: "An error occurred while saving the entity changes. See the inner exception for details."
2023-10-23 11:09:58.554 +02:00 [Error] Failed executing DbCommand ("0"ms) [Parameters=["@p0='?' (DbType = Int32), @p1='?' (DbType = DateTime), @p2='?' (Size = 4), @p3='?' (DbType = Int32), @p4='?' (Size = 25)"], CommandType='Text', CommandTimeout='30']"
""INSERT INTO \"Posts\" (\"PostId\", \"PostTime\", \"PostTitle\", \"TopicId\", \"UserId\")
VALUES (@p0, @p1, @p2, @p3, @p4);"
2023-10-23 11:09:58.560 +02:00 [Error] An exception occurred in the database while saving changes for context type '"Forum.Models.CategoryDbContext"'."
""Microsoft.EntityFrameworkCore.DbUpdateException: An error occurred while saving the entity changes. See the inner exception for details.
 ---> Microsoft.Data.Sqlite.SqliteException (0x80004005): SQLite Error 19: 'UNIQUE constraint failed: Posts.PostId'.
   at Microsoft.Data.Sqlite.SqliteException.ThrowExceptionForRC(Int32 rc, sqlite3 db)
   at Microsoft.Data.Sqlite.SqliteDataReader.NextResult()
   at Microsoft.Data.Sqlite.SqliteCommand.ExecuteReader(CommandBehavior behavior)
   at Microsoft.Data.Sqlite.SqliteCommand.ExecuteReaderAsync(CommandBehavior behavior, CancellationToken cancellationToken)
   at Microsoft.Data.Sqlite.SqliteCommand.ExecuteDbDataReaderAsync(CommandBehavior behavior, CancellationToken cancellationToken)
   at Microsoft.EntityFrameworkCore.Storage.RelationalCommand.ExecuteReaderAsync(RelationalCommandParameterObject parameterObject, CancellationToken cancellationToken)
   at Microsoft.EntityFrameworkCore.Storage.RelationalCommand.ExecuteReaderAsync(RelationalCommandParameterObject parameterObject, CancellationToken cancellationToken)
   at Microsoft.EntityFrameworkCore.Update.ReaderModificationCommandBatch.ExecuteAsync(IRelationalConnection connection, CancellationToken cancellationToken)
   --- End of inner exception stack trace ---
   at Microsoft.EntityFrameworkCore.Update.ReaderModificationCommandBatch.ExecuteAsync(IRelationalConnection connection, CancellationToken cancellationToken)
   at Microsoft.EntityFrameworkCore.Update.Internal.BatchExecutor.ExecuteAsync(IEnumerable`1 commandBatches, IRelationalConnection connection, CancellationToken cancellationToken)
   at Microsoft.EntityFrameworkCore.Update.Internal.BatchExecutor.ExecuteAsync(IEnumerable`1 commandBatches, IRelationalConnection connection, CancellationToken cancellationToken)
   at Microsoft.EntityFrameworkCore.Update.Internal.BatchExecutor.ExecuteAsync(IEnumerable`1 commandBatches, IRelationalConnection connection, CancellationToken cancellationToken)
   at Microsoft.EntityFrameworkCore.ChangeTracking.Internal.StateManager.SaveChangesAsync(IList`1 entriesToSave, CancellationToken cancellationToken)
   at Microsoft.EntityFrameworkCore.ChangeTracking.Internal.StateManager.SaveChangesAsync(StateManager stateManager, Boolean acceptAllChangesOnSuccess, CancellationToken cancellationToken)
   at Microsoft.EntityFrameworkCore.DbContext.SaveChangesAsync(Boolean acceptAllChangesOnSuccess, CancellationToken cancellationToken)"
Microsoft.EntityFrameworkCore.DbUpdateException: An error occurred while saving the entity changes. See the inner exception for details.
 ---> Microsoft.Data.Sqlite.SqliteException (0x80004005): SQLite Error 19: 'UNIQUE constraint failed: Posts.PostId'.
   at Microsoft.Data.Sqlite.SqliteException.ThrowExceptionForRC(Int32 rc, sqlite3 db)
   at Microsoft.Data.Sqlite.SqliteDataReader.NextResult()
   at Microsoft.Data.Sqlite.SqliteCommand.ExecuteReader(CommandBehavior behavior)
   at Microsoft.Data.Sqlite.SqliteCommand.ExecuteReaderAsync(CommandBehavior behavior, CancellationToken cancellationToken)
   at Microsoft.Data.Sqlite.SqliteCommand.ExecuteDbDataReaderAsync(CommandBehavior behavior, CancellationToken cancellationToken)
   at Microsoft.EntityFrameworkCore.Storage.RelationalCommand.ExecuteReaderAsync(RelationalCommandParameterObject parameterObject, CancellationToken cancellationToken)
   at Microsoft.EntityFrameworkCore.Storage.RelationalCommand.ExecuteReaderAsync(RelationalCommandParameterObject parameterObject, CancellationToken cancellationToken)
   at Microsoft.EntityFrameworkCore.Update.ReaderModificationCommandBatch.ExecuteAsync(IRelationalConnection connection, CancellationToken cancellationToken)
   --- End of inner exception stack trace ---
   at Microsoft.EntityFrameworkCore.Update.ReaderModificationCommandBatch.ExecuteAsync(IRelationalConnection connection, CancellationToken cancellationToken)
   at Microsoft.EntityFrameworkCore.Update.Internal.BatchExecutor.ExecuteAsync(IEnumerable`1 commandBatches, IRelationalConnection connection, CancellationToken cancellationToken)
   at Microsoft.EntityFrameworkCore.Update.Internal.BatchExecutor.ExecuteAsync(IEnumerable`1 commandBatches, IRelationalConnection connection, CancellationToken cancellationToken)
   at Microsoft.EntityFrameworkCore.Update.Internal.BatchExecutor.ExecuteAsync(IEnumerable`1 commandBatches, IRelationalConnection connection, CancellationToken cancellationToken)
   at Microsoft.EntityFrameworkCore.ChangeTracking.Internal.StateManager.SaveChangesAsync(IList`1 entriesToSave, CancellationToken cancellationToken)
   at Microsoft.EntityFrameworkCore.ChangeTracking.Internal.StateManager.SaveChangesAsync(StateManager stateManager, Boolean acceptAllChangesOnSuccess, CancellationToken cancellationToken)
   at Microsoft.EntityFrameworkCore.DbContext.SaveChangesAsync(Boolean acceptAllChangesOnSuccess, CancellationToken cancellationToken)
2023-10-23 11:09:58.571 +02:00 [Error] [CommentRepository] comment creation failed for CommentID Comment { CommentId: 0, UserId: null, PostId: 9, CommentDescription: "test", Post: Post { PostId: 9, TopicId: 1, UserId: "superAdmin@superAdmin.com", PostTitle: "test", PostTime: 01/01/0001 00:00:00, Topic: null, Comments: [Comment { CommentId: 0, UserId: null, PostId: 9, CommentDescription: "test", Post: Post { PostId: 9, TopicId: 1, UserId: "superAdmin@superAdmin.com", PostTitle: "test", PostTime: 01/01/0001 00:00:00, Topic: null, Comments: [Comment { CommentId: 0, UserId: null, PostId: 9, CommentDescription: "test", Post: Post { PostId: 9, TopicId: 1, UserId: "superAdmin@superAdmin.com", PostTitle: "test", PostTime: 01/01/0001 00:00:00, Topic: null, Comments: [Comment { CommentId: null, UserId: null, PostId: null, CommentDescription: null, Post: null }] } }] } }] } }, error message: "An error occurred while saving the entity changes. See the inner exception for details."
2023-10-23 11:09:58.572 +02:00 [Information] Executing RedirectResult, redirecting to "/Topic/TopicDetails/1".
2023-10-23 11:09:58.572 +02:00 [Information] Executed action "Forum.Controllers.PostController.CreatePost (Forum)" in 45.844ms
2023-10-23 11:09:58.572 +02:00 [Information] Executed endpoint '"Forum.Controllers.PostController.CreatePost (Forum)"'
2023-10-23 11:09:58.572 +02:00 [Information] Request finished HTTP/2 POST https://localhost:7205/Post/Createpost?topicId=1 application/x-www-form-urlencoded 332 - 302 0 - 49.5963ms
2023-10-23 11:09:58.574 +02:00 [Information] Request starting HTTP/2 GET https://localhost:7205/Topic/TopicDetails/1 - -
2023-10-23 11:09:58.576 +02:00 [Information] Executing endpoint '"Forum.Controllers.TopicController.TopicDetails (Forum)"'
2023-10-23 11:09:58.576 +02:00 [Information] Route matched with "{action = \"TopicDetails\", controller = \"Topic\", page = \"\", area = \"\"}". Executing controller action with signature "System.Threading.Tasks.Task`1[Microsoft.AspNetCore.Mvc.IActionResult] TopicDetails(Int32)" on controller "Forum.Controllers.TopicController" ("Forum").
2023-10-23 11:09:58.578 +02:00 [Information] Executing ViewResult, running view "TopicDetails".
2023-10-23 11:09:58.584 +02:00 [Information] Executed ViewResult - view "TopicDetails" executed in 5.4449ms.
2023-10-23 11:09:58.584 +02:00 [Information] Executed action "Forum.Controllers.TopicController.TopicDetails (Forum)" in 7.2915ms
2023-10-23 11:09:58.584 +02:00 [Information] Executed endpoint '"Forum.Controllers.TopicController.TopicDetails (Forum)"'
2023-10-23 11:09:58.584 +02:00 [Information] Request finished HTTP/2 GET https://localhost:7205/Topic/TopicDetails/1 - - - 200 - text/html;+charset=utf-8 10.3053ms
2023-10-23 11:09:58.593 +02:00 [Information] Request starting HTTP/2 GET https://localhost:7205/_vs/browserLink - -
2023-10-23 11:09:58.593 +02:00 [Information] Request starting HTTP/2 GET https://localhost:7205/_framework/aspnetcore-browser-refresh.js - -
2023-10-23 11:09:58.594 +02:00 [Information] Request finished HTTP/2 GET https://localhost:7205/_framework/aspnetcore-browser-refresh.js - - - 200 12342 application/javascript;+charset=utf-8 0.2808ms
2023-10-23 11:09:58.596 +02:00 [Information] Request finished HTTP/2 GET https://localhost:7205/_vs/browserLink - - - 200 - text/javascript;+charset=UTF-8 2.3406ms
2023-10-23 11:09:59.480 +02:00 [Information] Request starting HTTP/2 GET https://localhost:7205/Post/PostDetails/9 - -
2023-10-23 11:09:59.483 +02:00 [Information] Executing endpoint '"Forum.Controllers.PostController.PostDetails (Forum)"'
2023-10-23 11:09:59.483 +02:00 [Information] Route matched with "{action = \"PostDetails\", controller = \"Post\", page = \"\", area = \"\"}". Executing controller action with signature "System.Threading.Tasks.Task`1[Microsoft.AspNetCore.Mvc.IActionResult] PostDetails(Int32)" on controller "Forum.Controllers.PostController" ("Forum").
2023-10-23 11:09:59.485 +02:00 [Information] Executing ViewResult, running view "PostDetails".
2023-10-23 11:09:59.490 +02:00 [Information] Executed ViewResult - view "PostDetails" executed in 5.5763ms.
2023-10-23 11:09:59.490 +02:00 [Information] Executed action "Forum.Controllers.PostController.PostDetails (Forum)" in 7.5552ms
2023-10-23 11:09:59.490 +02:00 [Information] Executed endpoint '"Forum.Controllers.PostController.PostDetails (Forum)"'
2023-10-23 11:09:59.492 +02:00 [Information] Request finished HTTP/2 GET https://localhost:7205/Post/PostDetails/9 - - - 200 - text/html;+charset=utf-8 11.5637ms
2023-10-23 11:09:59.498 +02:00 [Information] Request starting HTTP/2 GET https://localhost:7205/_framework/aspnetcore-browser-refresh.js - -
2023-10-23 11:09:59.498 +02:00 [Information] Request starting HTTP/2 GET https://localhost:7205/_vs/browserLink - -
2023-10-23 11:09:59.499 +02:00 [Information] Request finished HTTP/2 GET https://localhost:7205/_framework/aspnetcore-browser-refresh.js - - - 200 12342 application/javascript;+charset=utf-8 0.3103ms
2023-10-23 11:09:59.501 +02:00 [Information] Request finished HTTP/2 GET https://localhost:7205/_vs/browserLink - - - 200 - text/javascript;+charset=UTF-8 2.8561ms
2023-10-23 11:10:00.605 +02:00 [Information] Request starting HTTP/2 GET https://localhost:7205/Topic/TopicDetails/1 - -
2023-10-23 11:10:00.607 +02:00 [Information] Executing endpoint '"Forum.Controllers.TopicController.TopicDetails (Forum)"'
2023-10-23 11:10:00.607 +02:00 [Information] Route matched with "{action = \"TopicDetails\", controller = \"Topic\", page = \"\", area = \"\"}". Executing controller action with signature "System.Threading.Tasks.Task`1[Microsoft.AspNetCore.Mvc.IActionResult] TopicDetails(Int32)" on controller "Forum.Controllers.TopicController" ("Forum").
2023-10-23 11:10:00.609 +02:00 [Information] Executing ViewResult, running view "TopicDetails".
2023-10-23 11:10:00.615 +02:00 [Information] Executed ViewResult - view "TopicDetails" executed in 5.6746ms.
2023-10-23 11:10:00.615 +02:00 [Information] Executed action "Forum.Controllers.TopicController.TopicDetails (Forum)" in 7.6144ms
2023-10-23 11:10:00.615 +02:00 [Information] Executed endpoint '"Forum.Controllers.TopicController.TopicDetails (Forum)"'
2023-10-23 11:10:00.616 +02:00 [Information] Request finished HTTP/2 GET https://localhost:7205/Topic/TopicDetails/1 - - - 200 - text/html;+charset=utf-8 11.1629ms
2023-10-23 11:10:00.623 +02:00 [Information] Request starting HTTP/2 GET https://localhost:7205/_framework/aspnetcore-browser-refresh.js - -
2023-10-23 11:10:00.624 +02:00 [Information] Request finished HTTP/2 GET https://localhost:7205/_framework/aspnetcore-browser-refresh.js - - - 200 12342 application/javascript;+charset=utf-8 0.1776ms
2023-10-23 11:10:14.006 +02:00 [Information] Request starting HTTP/2 GET https://localhost:7205/ - -
2023-10-23 11:10:14.008 +02:00 [Information] Executing endpoint '"Forum.Controllers.HomeController.Index (Forum)"'
2023-10-23 11:10:14.008 +02:00 [Information] Route matched with "{action = \"Index\", controller = \"Home\", page = \"\", area = \"\"}". Executing controller action with signature "Microsoft.AspNetCore.Mvc.IActionResult Index()" on controller "Forum.Controllers.HomeController" ("Forum").
2023-10-23 11:10:14.008 +02:00 [Information] Executing ViewResult, running view "Index".
2023-10-23 11:10:14.013 +02:00 [Information] Executed ViewResult - view "Index" executed in 4.1904ms.
2023-10-23 11:10:14.013 +02:00 [Information] Executed action "Forum.Controllers.HomeController.Index (Forum)" in 4.3842ms
2023-10-23 11:10:14.013 +02:00 [Information] Executed endpoint '"Forum.Controllers.HomeController.Index (Forum)"'
2023-10-23 11:10:14.014 +02:00 [Information] Request finished HTTP/2 GET https://localhost:7205/ - - - 200 - text/html;+charset=utf-8 8.4833ms
2023-10-23 11:10:14.053 +02:00 [Information] Request starting HTTP/2 GET https://localhost:7205/_framework/aspnetcore-browser-refresh.js - -
2023-10-23 11:10:14.053 +02:00 [Information] Request finished HTTP/2 GET https://localhost:7205/_framework/aspnetcore-browser-refresh.js - - - 200 12342 application/javascript;+charset=utf-8 0.3323ms
2023-10-23 11:10:14.056 +02:00 [Information] Request starting HTTP/2 GET https://localhost:7205/_vs/browserLink - -
2023-10-23 11:10:14.058 +02:00 [Information] Request finished HTTP/2 GET https://localhost:7205/_vs/browserLink - - - 200 - text/javascript;+charset=UTF-8 2.2843ms
