2023-10-29 23:07:54.264 +01:00 [Information] User profile is available. Using '"C:\Users\latif\AppData\Local\ASP.NET\DataProtection-Keys"' as key repository and Windows DPAPI to encrypt keys at rest.
2023-10-29 23:07:55.507 +01:00 [Information] Now listening on: "https://localhost:7205"
2023-10-29 23:07:55.509 +01:00 [Information] Now listening on: "http://localhost:5112"
2023-10-29 23:07:55.524 +01:00 [Information] Application started. Press Ctrl+C to shut down.
2023-10-29 23:07:55.529 +01:00 [Information] Hosting environment: "Development"
2023-10-29 23:07:55.532 +01:00 [Information] Content root path: "C:\Users\latif\source\repos\PROJECT_1WEB\Forum\MyShop\"
2023-10-29 23:07:56.324 +01:00 [Information] Request starting HTTP/2 GET https://localhost:7205/ - -
2023-10-29 23:07:56.565 +01:00 [Information] Executing endpoint '"Forum.Controllers.HomeController.Index (Forum)"'
2023-10-29 23:07:56.605 +01:00 [Information] Route matched with "{action = \"Index\", controller = \"Home\", page = \"\", area = \"\"}". Executing controller action with signature "System.Threading.Tasks.Task`1[Microsoft.AspNetCore.Mvc.IActionResult] Index()" on controller "Forum.Controllers.HomeController" ("Forum").
2023-10-29 23:07:56.719 +01:00 [Information] Executing action method "Forum.Controllers.HomeController.Index (Forum)" - Validation state: Valid
2023-10-29 23:07:56.820 +01:00 [Information] Executed action method "Forum.Controllers.HomeController.Index (Forum)", returned result "Microsoft.AspNetCore.Mvc.ViewResult" in 91.0473ms.
2023-10-29 23:07:56.845 +01:00 [Information] Executing ViewResult, running view "Index".
2023-10-29 23:07:57.481 +01:00 [Information] Executed ViewResult - view "Index" executed in 639.6791ms.
2023-10-29 23:07:57.502 +01:00 [Information] Executed action "Forum.Controllers.HomeController.Index (Forum)" in 894.7301ms
2023-10-29 23:07:57.506 +01:00 [Information] Executed endpoint '"Forum.Controllers.HomeController.Index (Forum)"'
2023-10-29 23:07:57.601 +01:00 [Information] Request finished HTTP/2 GET https://localhost:7205/ - - - 200 - text/html;+charset=utf-8 1291.3348ms
2023-10-29 23:07:57.634 +01:00 [Information] Request starting HTTP/2 GET https://localhost:7205/_vs/browserLink - -
2023-10-29 23:07:57.634 +01:00 [Information] Request starting HTTP/2 GET https://localhost:7205/_framework/aspnetcore-browser-refresh.js - -
2023-10-29 23:07:57.654 +01:00 [Information] Request finished HTTP/2 GET https://localhost:7205/_framework/aspnetcore-browser-refresh.js - - - 200 12342 application/javascript;+charset=utf-8 20.0891ms
2023-10-29 23:07:57.679 +01:00 [Information] Request finished HTTP/2 GET https://localhost:7205/_vs/browserLink - - - 200 - text/javascript;+charset=UTF-8 44.7046ms
2023-10-29 23:07:57.771 +01:00 [Information] Request starting HTTP/2 GET https://localhost:7205/favicon.ico - -
2023-10-29 23:07:57.777 +01:00 [Information] Request finished HTTP/2 GET https://localhost:7205/favicon.ico - - - 404 0 - 5.5293ms
2023-10-29 23:08:00.627 +01:00 [Information] Request starting HTTP/2 GET https://localhost:7205/Identity/Account/Login - -
2023-10-29 23:08:00.643 +01:00 [Information] Executing endpoint '"/Account/Login"'
2023-10-29 23:08:00.675 +01:00 [Information] Route matched with "{page = \"/Account/Login\", area = \"Identity\", action = \"\", controller = \"\"}". Executing page "/Account/Login"
2023-10-29 23:08:00.732 +01:00 [Information] Executing handler method "Forum.Areas.Identity.Pages.Account.LoginModel.OnGetAsync" - ModelState is Valid
2023-10-29 23:08:00.746 +01:00 [Information] AuthenticationScheme: "Identity.External" signed out.
2023-10-29 23:08:00.749 +01:00 [Information] Executed handler method "OnGetAsync", returned result "".
2023-10-29 23:08:00.759 +01:00 [Information] Executing an implicit handler method - ModelState is Valid
2023-10-29 23:08:00.759 +01:00 [Information] Executed an implicit handler method, returned result "Microsoft.AspNetCore.Mvc.RazorPages.PageResult".
2023-10-29 23:08:00.899 +01:00 [Information] Executed page "/Account/Login" in 224.3872ms
2023-10-29 23:08:00.900 +01:00 [Information] Executed endpoint '"/Account/Login"'
2023-10-29 23:08:00.902 +01:00 [Information] Request finished HTTP/2 GET https://localhost:7205/Identity/Account/Login - - - 200 - text/html;+charset=utf-8 275.4193ms
2023-10-29 23:08:00.906 +01:00 [Information] Request starting HTTP/2 GET https://localhost:7205/_framework/aspnetcore-browser-refresh.js - -
2023-10-29 23:08:00.906 +01:00 [Information] Request finished HTTP/2 GET https://localhost:7205/_framework/aspnetcore-browser-refresh.js - - - 200 12342 application/javascript;+charset=utf-8 0.4702ms
2023-10-29 23:08:00.918 +01:00 [Information] Request starting HTTP/2 GET https://localhost:7205/_vs/browserLink - -
2023-10-29 23:08:00.922 +01:00 [Information] Request finished HTTP/2 GET https://localhost:7205/_vs/browserLink - - - 200 - text/javascript;+charset=UTF-8 3.6388ms
2023-10-29 23:08:02.177 +01:00 [Information] Request starting HTTP/2 POST https://localhost:7205/Identity/Account/Login application/x-www-form-urlencoded 280
2023-10-29 23:08:02.185 +01:00 [Information] Executing endpoint '"/Account/Login"'
2023-10-29 23:08:02.186 +01:00 [Information] Route matched with "{page = \"/Account/Login\", area = \"Identity\", action = \"\", controller = \"\"}". Executing page "/Account/Login"
2023-10-29 23:08:02.241 +01:00 [Information] Executing handler method "Forum.Areas.Identity.Pages.Account.LoginModel.OnPostAsync" - ModelState is Valid
2023-10-29 23:08:02.542 +01:00 [Information] AuthenticationScheme: "Identity.Application" signed in.
2023-10-29 23:08:02.545 +01:00 [Information] User logged in.
2023-10-29 23:08:02.546 +01:00 [Information] Executed handler method "OnPostAsync", returned result "Microsoft.AspNetCore.Mvc.LocalRedirectResult".
2023-10-29 23:08:02.547 +01:00 [Information] Executing LocalRedirectResult, redirecting to "/".
2023-10-29 23:08:02.547 +01:00 [Information] Executed page "/Account/Login" in 361.062ms
2023-10-29 23:08:02.547 +01:00 [Information] Executed endpoint '"/Account/Login"'
2023-10-29 23:08:02.547 +01:00 [Information] Request finished HTTP/2 POST https://localhost:7205/Identity/Account/Login application/x-www-form-urlencoded 280 - 302 0 - 370.7730ms
2023-10-29 23:08:02.551 +01:00 [Information] Request starting HTTP/2 GET https://localhost:7205/ - -
2023-10-29 23:08:02.560 +01:00 [Information] Executing endpoint '"Forum.Controllers.HomeController.Index (Forum)"'
2023-10-29 23:08:02.560 +01:00 [Information] Route matched with "{action = \"Index\", controller = \"Home\", page = \"\", area = \"\"}". Executing controller action with signature "System.Threading.Tasks.Task`1[Microsoft.AspNetCore.Mvc.IActionResult] Index()" on controller "Forum.Controllers.HomeController" ("Forum").
2023-10-29 23:08:02.577 +01:00 [Information] Executing action method "Forum.Controllers.HomeController.Index (Forum)" - Validation state: Valid
2023-10-29 23:08:02.579 +01:00 [Information] Executed action method "Forum.Controllers.HomeController.Index (Forum)", returned result "Microsoft.AspNetCore.Mvc.ViewResult" in 2.6781ms.
2023-10-29 23:08:02.580 +01:00 [Information] Executing ViewResult, running view "Index".
2023-10-29 23:08:02.620 +01:00 [Information] Executed ViewResult - view "Index" executed in 40.6955ms.
2023-10-29 23:08:02.621 +01:00 [Information] Executed action "Forum.Controllers.HomeController.Index (Forum)" in 60.0592ms
2023-10-29 23:08:02.621 +01:00 [Information] Executed endpoint '"Forum.Controllers.HomeController.Index (Forum)"'
2023-10-29 23:08:02.624 +01:00 [Information] Request finished HTTP/2 GET https://localhost:7205/ - - - 200 - text/html;+charset=utf-8 73.5988ms
2023-10-29 23:08:02.628 +01:00 [Information] Request starting HTTP/2 GET https://localhost:7205/_framework/aspnetcore-browser-refresh.js - -
2023-10-29 23:08:02.629 +01:00 [Information] Request starting HTTP/2 GET https://localhost:7205/_vs/browserLink - -
2023-10-29 23:08:02.629 +01:00 [Information] Request finished HTTP/2 GET https://localhost:7205/_framework/aspnetcore-browser-refresh.js - - - 200 12342 application/javascript;+charset=utf-8 0.5422ms
2023-10-29 23:08:02.632 +01:00 [Information] Request finished HTTP/2 GET https://localhost:7205/_vs/browserLink - - - 200 - text/javascript;+charset=UTF-8 3.4804ms
2023-10-29 23:08:04.002 +01:00 [Information] Request starting HTTP/2 GET https://localhost:7205/Category/CategoryTable - -
2023-10-29 23:08:04.009 +01:00 [Information] Executing endpoint '"Forum.Controllers.CategoryController.CategoryTable (Forum)"'
2023-10-29 23:08:04.014 +01:00 [Information] Route matched with "{action = \"CategoryTable\", controller = \"Category\", page = \"\", area = \"\"}". Executing controller action with signature "System.Threading.Tasks.Task`1[Microsoft.AspNetCore.Mvc.IActionResult] CategoryTable()" on controller "Forum.Controllers.CategoryController" ("Forum").
2023-10-29 23:08:04.034 +01:00 [Information] Executing action method "Forum.Controllers.CategoryController.CategoryTable (Forum)" - Validation state: Valid
2023-10-29 23:08:04.063 +01:00 [Information] Executed action method "Forum.Controllers.CategoryController.CategoryTable (Forum)", returned result "Microsoft.AspNetCore.Mvc.ViewResult" in 29.3386ms.
2023-10-29 23:08:04.064 +01:00 [Information] Executing ViewResult, running view "CategoryTable".
2023-10-29 23:08:04.091 +01:00 [Information] Executed ViewResult - view "CategoryTable" executed in 27.438ms.
2023-10-29 23:08:04.091 +01:00 [Information] Executed action "Forum.Controllers.CategoryController.CategoryTable (Forum)" in 76.317ms
2023-10-29 23:08:04.091 +01:00 [Information] Executed endpoint '"Forum.Controllers.CategoryController.CategoryTable (Forum)"'
2023-10-29 23:08:04.094 +01:00 [Information] Request finished HTTP/2 GET https://localhost:7205/Category/CategoryTable - - - 200 - text/html;+charset=utf-8 91.9604ms
2023-10-29 23:08:04.097 +01:00 [Information] Request starting HTTP/2 GET https://localhost:7205/_vs/browserLink - -
2023-10-29 23:08:04.097 +01:00 [Information] Request starting HTTP/2 GET https://localhost:7205/_framework/aspnetcore-browser-refresh.js - -
2023-10-29 23:08:04.097 +01:00 [Information] Request finished HTTP/2 GET https://localhost:7205/_framework/aspnetcore-browser-refresh.js - - - 200 12342 application/javascript;+charset=utf-8 0.6948ms
2023-10-29 23:08:04.101 +01:00 [Information] Request finished HTTP/2 GET https://localhost:7205/_vs/browserLink - - - 200 - text/javascript;+charset=UTF-8 4.4490ms
2023-10-29 23:08:05.708 +01:00 [Information] Request starting HTTP/2 GET https://localhost:7205/Category/CreateCategory - -
2023-10-29 23:08:05.730 +01:00 [Information] Executing endpoint '"Forum.Controllers.CategoryController.CreateCategory (Forum)"'
2023-10-29 23:08:05.731 +01:00 [Information] Route matched with "{action = \"CreateCategory\", controller = \"Category\", page = \"\", area = \"\"}". Executing controller action with signature "Microsoft.AspNetCore.Mvc.IActionResult CreateCategory()" on controller "Forum.Controllers.CategoryController" ("Forum").
2023-10-29 23:08:05.749 +01:00 [Information] Executing action method "Forum.Controllers.CategoryController.CreateCategory (Forum)" - Validation state: Valid
2023-10-29 23:08:05.751 +01:00 [Information] Executed action method "Forum.Controllers.CategoryController.CreateCategory (Forum)", returned result "Microsoft.AspNetCore.Mvc.ViewResult" in 0.7861ms.
2023-10-29 23:08:05.752 +01:00 [Information] Executing ViewResult, running view "CreateCategory".
2023-10-29 23:08:05.772 +01:00 [Information] Executed ViewResult - view "CreateCategory" executed in 20.972ms.
2023-10-29 23:08:05.772 +01:00 [Information] Executed action "Forum.Controllers.CategoryController.CreateCategory (Forum)" in 40.4814ms
2023-10-29 23:08:05.772 +01:00 [Information] Executed endpoint '"Forum.Controllers.CategoryController.CreateCategory (Forum)"'
2023-10-29 23:08:05.776 +01:00 [Information] Request finished HTTP/2 GET https://localhost:7205/Category/CreateCategory - - - 200 - text/html;+charset=utf-8 67.9891ms
2023-10-29 23:08:05.779 +01:00 [Information] Request starting HTTP/2 GET https://localhost:7205/_vs/browserLink - -
2023-10-29 23:08:05.779 +01:00 [Information] Request starting HTTP/2 GET https://localhost:7205/_framework/aspnetcore-browser-refresh.js - -
2023-10-29 23:08:05.779 +01:00 [Information] Request finished HTTP/2 GET https://localhost:7205/_framework/aspnetcore-browser-refresh.js - - - 200 12342 application/javascript;+charset=utf-8 0.4500ms
2023-10-29 23:08:05.782 +01:00 [Information] Request finished HTTP/2 GET https://localhost:7205/_vs/browserLink - - - 200 - text/javascript;+charset=UTF-8 3.3166ms
2023-10-29 23:08:07.489 +01:00 [Information] Request starting HTTP/2 GET https://localhost:7205/Room/RoomTable - -
2023-10-29 23:08:07.493 +01:00 [Information] Executing endpoint '"Forum.Controllers.RoomController.RoomTable (Forum)"'
2023-10-29 23:08:07.496 +01:00 [Information] Route matched with "{action = \"RoomTable\", controller = \"Room\", page = \"\", area = \"\"}". Executing controller action with signature "System.Threading.Tasks.Task`1[Microsoft.AspNetCore.Mvc.IActionResult] RoomTable()" on controller "Forum.Controllers.RoomController" ("Forum").
2023-10-29 23:08:07.512 +01:00 [Information] Executing action method "Forum.Controllers.RoomController.RoomTable (Forum)" - Validation state: Valid
2023-10-29 23:08:07.541 +01:00 [Information] Executed action method "Forum.Controllers.RoomController.RoomTable (Forum)", returned result "Microsoft.AspNetCore.Mvc.ViewResult" in 28.8769ms.
2023-10-29 23:08:07.541 +01:00 [Information] Executing ViewResult, running view "RoomTable".
2023-10-29 23:08:07.567 +01:00 [Information] Executed ViewResult - view "RoomTable" executed in 26.2207ms.
2023-10-29 23:08:07.567 +01:00 [Information] Executed action "Forum.Controllers.RoomController.RoomTable (Forum)" in 71.4599ms
2023-10-29 23:08:07.567 +01:00 [Information] Executed endpoint '"Forum.Controllers.RoomController.RoomTable (Forum)"'
2023-10-29 23:08:07.570 +01:00 [Information] Request finished HTTP/2 GET https://localhost:7205/Room/RoomTable - - - 200 - text/html;+charset=utf-8 80.9934ms
2023-10-29 23:08:07.573 +01:00 [Information] Request starting HTTP/2 GET https://localhost:7205/_framework/aspnetcore-browser-refresh.js - -
2023-10-29 23:08:07.573 +01:00 [Information] Request starting HTTP/2 GET https://localhost:7205/_vs/browserLink - -
2023-10-29 23:08:07.573 +01:00 [Information] Request finished HTTP/2 GET https://localhost:7205/_framework/aspnetcore-browser-refresh.js - - - 200 12342 application/javascript;+charset=utf-8 0.4004ms
2023-10-29 23:08:07.586 +01:00 [Information] Request finished HTTP/2 GET https://localhost:7205/_vs/browserLink - - - 200 - text/javascript;+charset=UTF-8 12.8896ms
2023-10-29 23:08:08.890 +01:00 [Information] Request starting HTTP/2 GET https://localhost:7205/Room/RoomDetails/1 - -
2023-10-29 23:08:08.899 +01:00 [Information] Executing endpoint '"Forum.Controllers.RoomController.RoomDetails (Forum)"'
2023-10-29 23:08:08.903 +01:00 [Information] Route matched with "{action = \"RoomDetails\", controller = \"Room\", page = \"\", area = \"\"}". Executing controller action with signature "System.Threading.Tasks.Task`1[Microsoft.AspNetCore.Mvc.IActionResult] RoomDetails(Int32)" on controller "Forum.Controllers.RoomController" ("Forum").
2023-10-29 23:08:08.920 +01:00 [Information] Executing action method "Forum.Controllers.RoomController.RoomDetails (Forum)" - Validation state: Valid
2023-10-29 23:08:08.923 +01:00 [Information] RoomDetails called with Room ID: 1
2023-10-29 23:08:08.933 +01:00 [Information] Executed action method "Forum.Controllers.RoomController.RoomDetails (Forum)", returned result "Microsoft.AspNetCore.Mvc.ViewResult" in 13.6524ms.
2023-10-29 23:08:08.934 +01:00 [Information] Executing ViewResult, running view "RoomDetails".
2023-10-29 23:08:09.006 +01:00 [Information] Executed ViewResult - view "RoomDetails" executed in 72.5885ms.
2023-10-29 23:08:09.007 +01:00 [Information] Executed action "Forum.Controllers.RoomController.RoomDetails (Forum)" in 103.2799ms
2023-10-29 23:08:09.007 +01:00 [Information] Executed endpoint '"Forum.Controllers.RoomController.RoomDetails (Forum)"'
2023-10-29 23:08:09.008 +01:00 [Information] Request finished HTTP/2 GET https://localhost:7205/Room/RoomDetails/1 - - - 200 - text/html;+charset=utf-8 118.5890ms
2023-10-29 23:08:09.011 +01:00 [Information] Request starting HTTP/2 GET https://localhost:7205/_vs/browserLink - -
2023-10-29 23:08:09.011 +01:00 [Information] Request starting HTTP/2 GET https://localhost:7205/_framework/aspnetcore-browser-refresh.js - -
2023-10-29 23:08:09.012 +01:00 [Information] Request finished HTTP/2 GET https://localhost:7205/_framework/aspnetcore-browser-refresh.js - - - 200 12342 application/javascript;+charset=utf-8 0.3759ms
2023-10-29 23:08:09.026 +01:00 [Information] Request finished HTTP/2 GET https://localhost:7205/_vs/browserLink - - - 200 - text/javascript;+charset=UTF-8 14.2382ms
2023-10-29 23:08:10.277 +01:00 [Information] Request starting HTTP/2 GET https://localhost:7205/Topic/CreateTopic?roomId=1 - -
2023-10-29 23:08:10.283 +01:00 [Information] Executing endpoint '"Forum.Controllers.TopicController.CreateTopic (Forum)"'
2023-10-29 23:08:10.285 +01:00 [Information] Route matched with "{action = \"CreateTopic\", controller = \"Topic\", page = \"\", area = \"\"}". Executing controller action with signature "Microsoft.AspNetCore.Mvc.IActionResult CreateTopic(Int32)" on controller "Forum.Controllers.TopicController" ("Forum").
2023-10-29 23:08:10.309 +01:00 [Information] Executing action method "Forum.Controllers.TopicController.CreateTopic (Forum)" - Validation state: Valid
2023-10-29 23:08:10.310 +01:00 [Information] Executed action method "Forum.Controllers.TopicController.CreateTopic (Forum)", returned result "Microsoft.AspNetCore.Mvc.ViewResult" in 0.4595ms.
2023-10-29 23:08:10.311 +01:00 [Information] Executing ViewResult, running view "CreateTopic".
2023-10-29 23:08:10.339 +01:00 [Information] Executed ViewResult - view "CreateTopic" executed in 28.6983ms.
2023-10-29 23:08:10.339 +01:00 [Information] Executed action "Forum.Controllers.TopicController.CreateTopic (Forum)" in 53.4589ms
2023-10-29 23:08:10.339 +01:00 [Information] Executed endpoint '"Forum.Controllers.TopicController.CreateTopic (Forum)"'
2023-10-29 23:08:10.341 +01:00 [Information] Request finished HTTP/2 GET https://localhost:7205/Topic/CreateTopic?roomId=1 - - - 200 - text/html;+charset=utf-8 64.3461ms
2023-10-29 23:08:10.345 +01:00 [Information] Request starting HTTP/2 GET https://localhost:7205/_framework/aspnetcore-browser-refresh.js - -
2023-10-29 23:08:10.345 +01:00 [Information] Request starting HTTP/2 GET https://localhost:7205/_vs/browserLink - -
2023-10-29 23:08:10.345 +01:00 [Information] Request finished HTTP/2 GET https://localhost:7205/_framework/aspnetcore-browser-refresh.js - - - 200 12342 application/javascript;+charset=utf-8 0.2763ms
2023-10-29 23:08:10.348 +01:00 [Information] Request finished HTTP/2 GET https://localhost:7205/_vs/browserLink - - - 200 - text/javascript;+charset=UTF-8 3.1206ms
2023-10-29 23:08:12.182 +01:00 [Information] Request starting HTTP/2 GET https://localhost:7205/Category/CategoryTable - -
2023-10-29 23:08:12.188 +01:00 [Information] Executing endpoint '"Forum.Controllers.CategoryController.CategoryTable (Forum)"'
2023-10-29 23:08:12.188 +01:00 [Information] Route matched with "{action = \"CategoryTable\", controller = \"Category\", page = \"\", area = \"\"}". Executing controller action with signature "System.Threading.Tasks.Task`1[Microsoft.AspNetCore.Mvc.IActionResult] CategoryTable()" on controller "Forum.Controllers.CategoryController" ("Forum").
2023-10-29 23:08:12.205 +01:00 [Information] Executing action method "Forum.Controllers.CategoryController.CategoryTable (Forum)" - Validation state: Valid
2023-10-29 23:08:12.208 +01:00 [Information] Executed action method "Forum.Controllers.CategoryController.CategoryTable (Forum)", returned result "Microsoft.AspNetCore.Mvc.ViewResult" in 2.6695ms.
2023-10-29 23:08:12.208 +01:00 [Information] Executing ViewResult, running view "CategoryTable".
2023-10-29 23:08:12.213 +01:00 [Information] Executed ViewResult - view "CategoryTable" executed in 5.5395ms.
2023-10-29 23:08:12.214 +01:00 [Information] Executed action "Forum.Controllers.CategoryController.CategoryTable (Forum)" in 25.6111ms
2023-10-29 23:08:12.214 +01:00 [Information] Executed endpoint '"Forum.Controllers.CategoryController.CategoryTable (Forum)"'
2023-10-29 23:08:12.216 +01:00 [Information] Request finished HTTP/2 GET https://localhost:7205/Category/CategoryTable - - - 200 - text/html;+charset=utf-8 33.6059ms
2023-10-29 23:08:12.219 +01:00 [Information] Request starting HTTP/2 GET https://localhost:7205/_framework/aspnetcore-browser-refresh.js - -
2023-10-29 23:08:12.219 +01:00 [Information] Request starting HTTP/2 GET https://localhost:7205/_vs/browserLink - -
2023-10-29 23:08:12.219 +01:00 [Information] Request finished HTTP/2 GET https://localhost:7205/_framework/aspnetcore-browser-refresh.js - - - 200 12342 application/javascript;+charset=utf-8 0.4882ms
2023-10-29 23:08:12.222 +01:00 [Information] Request finished HTTP/2 GET https://localhost:7205/_vs/browserLink - - - 200 - text/javascript;+charset=UTF-8 3.4114ms
2023-10-29 23:08:13.562 +01:00 [Information] Request starting HTTP/2 GET https://localhost:7205/Category/CategoryDetails/1 - -
2023-10-29 23:08:13.568 +01:00 [Information] Executing endpoint '"Forum.Controllers.CategoryController.CategoryDetails (Forum)"'
2023-10-29 23:08:13.573 +01:00 [Information] Route matched with "{action = \"CategoryDetails\", controller = \"Category\", page = \"\", area = \"\"}". Executing controller action with signature "System.Threading.Tasks.Task`1[Microsoft.AspNetCore.Mvc.IActionResult] CategoryDetails(Int32)" on controller "Forum.Controllers.CategoryController" ("Forum").
2023-10-29 23:08:13.588 +01:00 [Information] Executing action method "Forum.Controllers.CategoryController.CategoryDetails (Forum)" - Validation state: Valid
2023-10-29 23:08:13.592 +01:00 [Information] [CategoryController] ID: 1.
2023-10-29 23:08:13.596 +01:00 [Information] [CategoryRep] Getting the category with id: 1: 
2023-10-29 23:08:13.605 +01:00 [Information] [CategoryController] ID passed to CategoryController after database operation: 1.
2023-10-29 23:08:13.606 +01:00 [Information] Executed action method "Forum.Controllers.CategoryController.CategoryDetails (Forum)", returned result "Microsoft.AspNetCore.Mvc.ViewResult" in 17.231ms.
2023-10-29 23:08:13.606 +01:00 [Information] Executing ViewResult, running view "CategoryDetails".
2023-10-29 23:08:13.628 +01:00 [Information] Executed ViewResult - view "CategoryDetails" executed in 21.9008ms.
2023-10-29 23:08:13.628 +01:00 [Information] Executed action "Forum.Controllers.CategoryController.CategoryDetails (Forum)" in 54.7421ms
2023-10-29 23:08:13.628 +01:00 [Information] Executed endpoint '"Forum.Controllers.CategoryController.CategoryDetails (Forum)"'
2023-10-29 23:08:13.630 +01:00 [Information] Request finished HTTP/2 GET https://localhost:7205/Category/CategoryDetails/1 - - - 200 - text/html;+charset=utf-8 67.7472ms
2023-10-29 23:08:13.634 +01:00 [Information] Request starting HTTP/2 GET https://localhost:7205/_framework/aspnetcore-browser-refresh.js - -
2023-10-29 23:08:13.634 +01:00 [Information] Request starting HTTP/2 GET https://localhost:7205/_vs/browserLink - -
2023-10-29 23:08:13.634 +01:00 [Information] Request finished HTTP/2 GET https://localhost:7205/_framework/aspnetcore-browser-refresh.js - - - 200 12342 application/javascript;+charset=utf-8 0.5757ms
2023-10-29 23:08:13.638 +01:00 [Information] Request finished HTTP/2 GET https://localhost:7205/_vs/browserLink - - - 200 - text/javascript;+charset=UTF-8 3.7404ms
2023-10-29 23:08:14.879 +01:00 [Information] Request starting HTTP/2 GET https://localhost:7205/Room/CreateRoom?categoryId=1 - -
2023-10-29 23:08:14.884 +01:00 [Information] Executing endpoint '"Forum.Controllers.RoomController.CreateRoom (Forum)"'
2023-10-29 23:08:14.885 +01:00 [Information] Route matched with "{action = \"CreateRoom\", controller = \"Room\", page = \"\", area = \"\"}". Executing controller action with signature "Microsoft.AspNetCore.Mvc.IActionResult CreateRoom(Int32)" on controller "Forum.Controllers.RoomController" ("Forum").
2023-10-29 23:08:14.905 +01:00 [Information] Executing action method "Forum.Controllers.RoomController.CreateRoom (Forum)" - Validation state: Valid
2023-10-29 23:08:14.906 +01:00 [Information] Executed action method "Forum.Controllers.RoomController.CreateRoom (Forum)", returned result "Microsoft.AspNetCore.Mvc.ViewResult" in 0.3579ms.
2023-10-29 23:08:14.907 +01:00 [Information] Executing ViewResult, running view "CreateRoom".
2023-10-29 23:08:14.926 +01:00 [Information] Executed ViewResult - view "CreateRoom" executed in 20.368ms.
2023-10-29 23:08:14.926 +01:00 [Information] Executed action "Forum.Controllers.RoomController.CreateRoom (Forum)" in 41.2326ms
2023-10-29 23:08:14.927 +01:00 [Information] Executed endpoint '"Forum.Controllers.RoomController.CreateRoom (Forum)"'
2023-10-29 23:08:14.929 +01:00 [Information] Request finished HTTP/2 GET https://localhost:7205/Room/CreateRoom?categoryId=1 - - - 200 - text/html;+charset=utf-8 49.6628ms
2023-10-29 23:08:14.932 +01:00 [Information] Request starting HTTP/2 GET https://localhost:7205/_vs/browserLink - -
2023-10-29 23:08:14.932 +01:00 [Information] Request starting HTTP/2 GET https://localhost:7205/_framework/aspnetcore-browser-refresh.js - -
2023-10-29 23:08:14.933 +01:00 [Information] Request finished HTTP/2 GET https://localhost:7205/_framework/aspnetcore-browser-refresh.js - - - 200 12342 application/javascript;+charset=utf-8 0.4843ms
2023-10-29 23:08:14.936 +01:00 [Information] Request finished HTTP/2 GET https://localhost:7205/_vs/browserLink - - - 200 - text/javascript;+charset=UTF-8 3.5702ms
