2023-10-24 13:08:10.812 +02:00 [Information] User profile is available. Using '"C:\Users\abdik\AppData\Local\ASP.NET\DataProtection-Keys"' as key repository and Windows DPAPI to encrypt keys at rest.
2023-10-24 13:08:11.197 +02:00 [Information] Now listening on: "https://localhost:7205"
2023-10-24 13:08:11.197 +02:00 [Information] Now listening on: "http://localhost:5112"
2023-10-24 13:08:11.200 +02:00 [Information] Application started. Press Ctrl+C to shut down.
2023-10-24 13:08:11.200 +02:00 [Information] Hosting environment: "Development"
2023-10-24 13:08:11.200 +02:00 [Information] Content root path: "C:\Users\abdik\Source\Repos\Forum\MyShop\"
2023-10-24 13:08:11.543 +02:00 [Information] Request starting HTTP/2 GET https://localhost:7205/ - -
2023-10-24 13:08:11.579 +02:00 [Information] Executing endpoint '"Forum.Controllers.HomeController.Index (Forum)"'
2023-10-24 13:08:11.586 +02:00 [Information] Route matched with "{action = \"Index\", controller = \"Home\", page = \"\", area = \"\"}". Executing controller action with signature "Microsoft.AspNetCore.Mvc.IActionResult Index()" on controller "Forum.Controllers.HomeController" ("Forum").
2023-10-24 13:08:11.591 +02:00 [Information] Executing ViewResult, running view "Index".
2023-10-24 13:08:11.689 +02:00 [Information] Executed ViewResult - view "Index" executed in 97.5466ms.
2023-10-24 13:08:11.690 +02:00 [Information] Executed action "Forum.Controllers.HomeController.Index (Forum)" in 103.774ms
2023-10-24 13:08:11.691 +02:00 [Information] Executed endpoint '"Forum.Controllers.HomeController.Index (Forum)"'
2023-10-24 13:08:11.703 +02:00 [Information] Request finished HTTP/2 GET https://localhost:7205/ - - - 200 - text/html;+charset=utf-8 161.5042ms
2023-10-24 13:08:11.708 +02:00 [Information] Request starting HTTP/2 GET https://localhost:7205/_framework/aspnetcore-browser-refresh.js - -
2023-10-24 13:08:11.708 +02:00 [Information] Request starting HTTP/2 GET https://localhost:7205/style.css - -
2023-10-24 13:08:11.710 +02:00 [Information] Request finished HTTP/2 GET https://localhost:7205/_framework/aspnetcore-browser-refresh.js - - - 200 12342 application/javascript;+charset=utf-8 2.2539ms
2023-10-24 13:08:11.711 +02:00 [Information] Request finished HTTP/2 GET https://localhost:7205/style.css - - - 404 0 - 3.0534ms
2023-10-24 13:08:11.716 +02:00 [Information] Request starting HTTP/2 GET https://localhost:7205/_vs/browserLink - -
2023-10-24 13:08:11.722 +02:00 [Information] Request finished HTTP/2 GET https://localhost:7205/_vs/browserLink - - - 200 - text/javascript;+charset=UTF-8 5.9879ms
