2023-10-23 09:34:38.146 +02:00 [Information] User profile is available. Using '"C:\Users\Pette\AppData\Local\ASP.NET\DataProtection-Keys"' as key repository and Windows DPAPI to encrypt keys at rest.
2023-10-23 09:34:38.883 +02:00 [Information] Now listening on: "https://localhost:7205"
2023-10-23 09:34:38.885 +02:00 [Information] Now listening on: "http://localhost:5112"
2023-10-23 09:34:38.892 +02:00 [Information] Application started. Press Ctrl+C to shut down.
2023-10-23 09:34:38.894 +02:00 [Information] Hosting environment: "Development"
2023-10-23 09:34:38.895 +02:00 [Information] Content root path: "C:\Users\Pette\source\repos\Forum\MyShop\"
2023-10-23 09:34:39.626 +02:00 [Information] Request starting HTTP/2 GET https://localhost:7205/ - -
2023-10-23 09:34:39.709 +02:00 [Information] Executing endpoint '"Forum.Controllers.HomeController.Index (Forum)"'
2023-10-23 09:34:39.727 +02:00 [Information] Route matched with "{action = \"Index\", controller = \"Home\", page = \"\", area = \"\"}". Executing controller action with signature "Microsoft.AspNetCore.Mvc.IActionResult Index()" on controller "Forum.Controllers.HomeController" ("Forum").
2023-10-23 09:34:39.741 +02:00 [Information] Executing ViewResult, running view "Index".
2023-10-23 09:34:39.952 +02:00 [Information] Executed ViewResult - view "Index" executed in 215.017ms.
2023-10-23 09:34:39.957 +02:00 [Information] Executed action "Forum.Controllers.HomeController.Index (Forum)" in 229.3088ms
2023-10-23 09:34:39.957 +02:00 [Information] Executed endpoint '"Forum.Controllers.HomeController.Index (Forum)"'
2023-10-23 09:34:39.987 +02:00 [Information] Request starting HTTP/2 GET https://localhost:7205/_framework/aspnetcore-browser-refresh.js - -
2023-10-23 09:34:39.987 +02:00 [Information] Request starting HTTP/2 GET https://localhost:7205/lib/bootstrap/css/crtstyle.css - -
2023-10-23 09:34:39.994 +02:00 [Information] Request finished HTTP/2 GET https://localhost:7205/ - - - 200 - text/html;+charset=utf-8 371.5195ms
2023-10-23 09:34:39.994 +02:00 [Information] Request finished HTTP/2 GET https://localhost:7205/_framework/aspnetcore-browser-refresh.js - - - 200 12342 application/javascript;+charset=utf-8 6.7980ms
2023-10-23 09:34:40.007 +02:00 [Information] The file "/lib/bootstrap/css/crtstyle.css" was not modified
2023-10-23 09:34:40.008 +02:00 [Information] Request finished HTTP/2 GET https://localhost:7205/lib/bootstrap/css/crtstyle.css - - - 304 - text/css 21.9949ms
2023-10-23 09:34:40.022 +02:00 [Information] Request starting HTTP/2 GET https://localhost:7205/_vs/browserLink - -
2023-10-23 09:34:40.040 +02:00 [Information] Request finished HTTP/2 GET https://localhost:7205/_vs/browserLink - - - 200 - text/javascript;+charset=UTF-8 17.8440ms
2023-10-23 09:34:40.217 +02:00 [Information] Request starting HTTP/2 GET https://localhost:7205/favicon.ico - -
2023-10-23 09:34:40.221 +02:00 [Information] Request finished HTTP/2 GET https://localhost:7205/favicon.ico - - - 404 0 - 3.7795ms
2023-10-23 09:34:41.514 +02:00 [Information] Request starting HTTP/2 GET https://localhost:7205/Identity/Account/Login - -
2023-10-23 09:34:41.515 +02:00 [Information] Executing endpoint '"/Account/Login"'
2023-10-23 09:34:41.534 +02:00 [Information] Route matched with "{page = \"/Account/Login\", area = \"Identity\", action = \"\", controller = \"\"}". Executing page "/Account/Login"
2023-10-23 09:34:41.552 +02:00 [Information] Executing handler method "Forum.Areas.Identity.Pages.Account.LoginModel.OnGetAsync" - ModelState is Valid
2023-10-23 09:34:41.558 +02:00 [Information] AuthenticationScheme: "Identity.External" signed out.
2023-10-23 09:34:41.559 +02:00 [Information] Executed handler method "OnGetAsync", returned result "".
2023-10-23 09:34:41.562 +02:00 [Information] Executing an implicit handler method - ModelState is Valid
2023-10-23 09:34:41.562 +02:00 [Information] Executed an implicit handler method, returned result "Microsoft.AspNetCore.Mvc.RazorPages.PageResult".
2023-10-23 09:34:41.608 +02:00 [Information] Executed page "/Account/Login" in 73.9786ms
2023-10-23 09:34:41.608 +02:00 [Information] Executed endpoint '"/Account/Login"'
2023-10-23 09:34:41.610 +02:00 [Information] Request finished HTTP/2 GET https://localhost:7205/Identity/Account/Login - - - 200 - text/html;+charset=utf-8 96.4403ms
2023-10-23 09:34:41.617 +02:00 [Information] Request starting HTTP/2 GET https://localhost:7205/_framework/aspnetcore-browser-refresh.js - -
2023-10-23 09:34:41.618 +02:00 [Information] Request finished HTTP/2 GET https://localhost:7205/_framework/aspnetcore-browser-refresh.js - - - 200 12342 application/javascript;+charset=utf-8 0.5935ms
2023-10-23 09:34:41.626 +02:00 [Information] Request starting HTTP/2 GET https://localhost:7205/_vs/browserLink - -
2023-10-23 09:34:41.632 +02:00 [Information] Request finished HTTP/2 GET https://localhost:7205/_vs/browserLink - - - 200 - text/javascript;+charset=UTF-8 6.9294ms
2023-10-23 09:34:42.703 +02:00 [Information] Request starting HTTP/2 GET https://localhost:7205/Identity/Account/Register - -
2023-10-23 09:34:42.706 +02:00 [Information] Executing endpoint '"/Account/Register"'
2023-10-23 09:34:42.709 +02:00 [Information] Route matched with "{page = \"/Account/Register\", area = \"Identity\", action = \"\", controller = \"\"}". Executing page "/Account/Register"
2023-10-23 09:34:42.717 +02:00 [Information] Executing handler method "Forum.Areas.Identity.Pages.Account.RegisterModel.OnGetAsync" - ModelState is Valid
2023-10-23 09:34:42.718 +02:00 [Information] Executed handler method "OnGetAsync", returned result "".
2023-10-23 09:34:42.718 +02:00 [Information] Executing an implicit handler method - ModelState is Valid
2023-10-23 09:34:42.718 +02:00 [Information] Executed an implicit handler method, returned result "Microsoft.AspNetCore.Mvc.RazorPages.PageResult".
2023-10-23 09:34:42.732 +02:00 [Information] Executed page "/Account/Register" in 23.1812ms
2023-10-23 09:34:42.732 +02:00 [Information] Executed endpoint '"/Account/Register"'
2023-10-23 09:34:42.734 +02:00 [Information] Request finished HTTP/2 GET https://localhost:7205/Identity/Account/Register - - - 200 - text/html;+charset=utf-8 30.9871ms
2023-10-23 09:34:42.742 +02:00 [Information] Request starting HTTP/2 GET https://localhost:7205/_vs/browserLink - -
2023-10-23 09:34:42.742 +02:00 [Information] Request starting HTTP/2 GET https://localhost:7205/_framework/aspnetcore-browser-refresh.js - -
2023-10-23 09:34:42.743 +02:00 [Information] Request finished HTTP/2 GET https://localhost:7205/_framework/aspnetcore-browser-refresh.js - - - 200 12342 application/javascript;+charset=utf-8 0.2204ms
2023-10-23 09:34:42.748 +02:00 [Information] Request finished HTTP/2 GET https://localhost:7205/_vs/browserLink - - - 200 - text/javascript;+charset=UTF-8 6.6632ms
2023-10-23 09:35:05.734 +02:00 [Information] Request starting HTTP/2 GET https://localhost:7205/Identity/Account/Login - -
2023-10-23 09:35:05.735 +02:00 [Information] Executing endpoint '"/Account/Login"'
2023-10-23 09:35:05.736 +02:00 [Information] Route matched with "{page = \"/Account/Login\", area = \"Identity\", action = \"\", controller = \"\"}". Executing page "/Account/Login"
2023-10-23 09:35:05.739 +02:00 [Information] Executing handler method "Forum.Areas.Identity.Pages.Account.LoginModel.OnGetAsync" - ModelState is Valid
2023-10-23 09:35:05.740 +02:00 [Information] AuthenticationScheme: "Identity.External" signed out.
2023-10-23 09:35:05.740 +02:00 [Information] Executed handler method "OnGetAsync", returned result "".
2023-10-23 09:35:05.740 +02:00 [Information] Executing an implicit handler method - ModelState is Valid
2023-10-23 09:35:05.740 +02:00 [Information] Executed an implicit handler method, returned result "Microsoft.AspNetCore.Mvc.RazorPages.PageResult".
2023-10-23 09:35:05.754 +02:00 [Information] Executed page "/Account/Login" in 18.1616ms
2023-10-23 09:35:05.754 +02:00 [Information] Executed endpoint '"/Account/Login"'
2023-10-23 09:35:05.756 +02:00 [Information] Request finished HTTP/2 GET https://localhost:7205/Identity/Account/Login - - - 200 - text/html;+charset=utf-8 21.8326ms
2023-10-23 09:35:05.759 +02:00 [Information] Request starting HTTP/2 GET https://localhost:7205/_vs/browserLink - -
2023-10-23 09:35:05.758 +02:00 [Information] Request starting HTTP/2 GET https://localhost:7205/_framework/aspnetcore-browser-refresh.js - -
2023-10-23 09:35:05.759 +02:00 [Information] Request finished HTTP/2 GET https://localhost:7205/_framework/aspnetcore-browser-refresh.js - - - 200 12342 application/javascript;+charset=utf-8 0.5739ms
2023-10-23 09:35:05.765 +02:00 [Information] Request finished HTTP/2 GET https://localhost:7205/_vs/browserLink - - - 200 - text/javascript;+charset=UTF-8 6.6088ms
2023-10-23 09:35:07.358 +02:00 [Information] Request starting HTTP/2 GET https://localhost:7205/Identity/Account/Register - -
2023-10-23 09:35:07.359 +02:00 [Information] Executing endpoint '"/Account/Register"'
2023-10-23 09:35:07.359 +02:00 [Information] Route matched with "{page = \"/Account/Register\", area = \"Identity\", action = \"\", controller = \"\"}". Executing page "/Account/Register"
2023-10-23 09:35:07.363 +02:00 [Information] Executing handler method "Forum.Areas.Identity.Pages.Account.RegisterModel.OnGetAsync" - ModelState is Valid
2023-10-23 09:35:07.363 +02:00 [Information] Executed handler method "OnGetAsync", returned result "".
2023-10-23 09:35:07.363 +02:00 [Information] Executing an implicit handler method - ModelState is Valid
2023-10-23 09:35:07.363 +02:00 [Information] Executed an implicit handler method, returned result "Microsoft.AspNetCore.Mvc.RazorPages.PageResult".
2023-10-23 09:35:07.371 +02:00 [Information] Executed page "/Account/Register" in 11.9324ms
2023-10-23 09:35:07.371 +02:00 [Information] Executed endpoint '"/Account/Register"'
2023-10-23 09:35:07.373 +02:00 [Information] Request finished HTTP/2 GET https://localhost:7205/Identity/Account/Register - - - 200 - text/html;+charset=utf-8 14.9453ms
2023-10-23 09:35:07.378 +02:00 [Information] Request starting HTTP/2 GET https://localhost:7205/_vs/browserLink - -
2023-10-23 09:35:07.379 +02:00 [Information] Request starting HTTP/2 GET https://localhost:7205/_framework/aspnetcore-browser-refresh.js - -
2023-10-23 09:35:07.380 +02:00 [Information] Request finished HTTP/2 GET https://localhost:7205/_framework/aspnetcore-browser-refresh.js - - - 200 12342 application/javascript;+charset=utf-8 0.9997ms
2023-10-23 09:35:07.381 +02:00 [Information] Request finished HTTP/2 GET https://localhost:7205/_vs/browserLink - - - 200 - text/javascript;+charset=UTF-8 3.6515ms
