2023-10-24 13:29:28.606 +02:00 [Information] User profile is available. Using '"C:\Users\abdik\AppData\Local\ASP.NET\DataProtection-Keys"' as key repository and Windows DPAPI to encrypt keys at rest.
2023-10-24 13:29:29.014 +02:00 [Information] Now listening on: "https://localhost:7205"
2023-10-24 13:29:29.014 +02:00 [Information] Now listening on: "http://localhost:5112"
2023-10-24 13:29:29.016 +02:00 [Information] Application started. Press Ctrl+C to shut down.
2023-10-24 13:29:29.017 +02:00 [Information] Hosting environment: "Development"
2023-10-24 13:29:29.017 +02:00 [Information] Content root path: "C:\Users\abdik\Source\Repos\Forum\MyShop\"
2023-10-24 13:29:29.351 +02:00 [Information] Request starting HTTP/2 GET https://localhost:7205/ - -
2023-10-24 13:29:29.388 +02:00 [Information] Executing endpoint '"Forum.Controllers.HomeController.Index (Forum)"'
2023-10-24 13:29:29.396 +02:00 [Information] Route matched with "{action = \"Index\", controller = \"Home\", page = \"\", area = \"\"}". Executing controller action with signature "Microsoft.AspNetCore.Mvc.IActionResult Index()" on controller "Forum.Controllers.HomeController" ("Forum").
2023-10-24 13:29:29.400 +02:00 [Information] Executing ViewResult, running view "Index".
2023-10-24 13:29:29.505 +02:00 [Information] Executed ViewResult - view "Index" executed in 104.8114ms.
2023-10-24 13:29:29.507 +02:00 [Information] Executed action "Forum.Controllers.HomeController.Index (Forum)" in 110.866ms
2023-10-24 13:29:29.507 +02:00 [Information] Executed endpoint '"Forum.Controllers.HomeController.Index (Forum)"'
2023-10-24 13:29:29.520 +02:00 [Information] Request finished HTTP/2 GET https://localhost:7205/ - - - 200 - text/html;+charset=utf-8 171.6749ms
2023-10-24 13:29:29.532 +02:00 [Information] Request starting HTTP/2 GET https://localhost:7205/lib/bootstrap/css/crtstyle.css - -
2023-10-24 13:29:29.532 +02:00 [Information] Request starting HTTP/2 GET https://localhost:7205/images/formula1.jpg - -
2023-10-24 13:29:29.532 +02:00 [Information] Request starting HTTP/2 GET https://localhost:7205/style.css - -
2023-10-24 13:29:29.535 +02:00 [Information] Request finished HTTP/2 GET https://localhost:7205/style.css - - - 404 0 - 3.1250ms
2023-10-24 13:29:29.537 +02:00 [Information] Request starting HTTP/2 GET https://localhost:7205/images/vacation.jpg - -
2023-10-24 13:29:29.542 +02:00 [Information] The file "/images/formula1.jpg" was not modified
2023-10-24 13:29:29.542 +02:00 [Information] The file "/lib/bootstrap/css/crtstyle.css" was not modified
2023-10-24 13:29:29.542 +02:00 [Information] The file "/images/vacation.jpg" was not modified
2023-10-24 13:29:29.542 +02:00 [Information] Request finished HTTP/2 GET https://localhost:7205/lib/bootstrap/css/crtstyle.css - - - 304 - text/css 10.4856ms
2023-10-24 13:29:29.542 +02:00 [Information] Request finished HTTP/2 GET https://localhost:7205/images/vacation.jpg - - - 304 - image/jpeg 5.1121ms
2023-10-24 13:29:29.542 +02:00 [Information] Request finished HTTP/2 GET https://localhost:7205/images/formula1.jpg - - - 304 - image/jpeg 10.5201ms
2023-10-24 13:29:29.546 +02:00 [Information] Request starting HTTP/2 GET https://localhost:7205/images/alAqsa.jpg - -
2023-10-24 13:29:29.547 +02:00 [Information] The file "/images/alAqsa.jpg" was not modified
2023-10-24 13:29:29.547 +02:00 [Information] Request finished HTTP/2 GET https://localhost:7205/images/alAqsa.jpg - - - 304 - image/jpeg 1.0687ms
2023-10-24 13:29:29.547 +02:00 [Information] Request starting HTTP/2 GET https://localhost:7205/images/cyberS.jpg - -
2023-10-24 13:29:29.551 +02:00 [Information] Request starting HTTP/2 GET https://localhost:7205/_framework/aspnetcore-browser-refresh.js - -
2023-10-24 13:29:29.551 +02:00 [Information] Request starting HTTP/2 GET https://localhost:7205/_vs/browserLink - -
2023-10-24 13:29:29.553 +02:00 [Information] Request finished HTTP/2 GET https://localhost:7205/_framework/aspnetcore-browser-refresh.js - - - 200 12342 application/javascript;+charset=utf-8 1.9145ms
2023-10-24 13:29:29.558 +02:00 [Information] Request finished HTTP/2 GET https://localhost:7205/_vs/browserLink - - - 200 - text/javascript;+charset=UTF-8 7.0459ms
2023-10-24 13:29:29.574 +02:00 [Information] Sending file. Request path: '"/images/cyberS.jpg"'. Physical path: '"C:\Users\abdik\Source\Repos\Forum\MyShop\wwwroot\images\cyberS.jpg"'
2023-10-24 13:29:29.575 +02:00 [Information] Request finished HTTP/2 GET https://localhost:7205/images/cyberS.jpg - - - 200 1891447 image/jpeg 27.2030ms
