2023-10-24 10:47:20.713 +02:00 [Information] User profile is available. Using '"C:\Users\abdik\AppData\Local\ASP.NET\DataProtection-Keys"' as key repository and Windows DPAPI to encrypt keys at rest.
2023-10-24 10:47:21.111 +02:00 [Information] Now listening on: "https://localhost:7205"
2023-10-24 10:47:21.111 +02:00 [Information] Now listening on: "http://localhost:5112"
2023-10-24 10:47:21.115 +02:00 [Information] Application started. Press Ctrl+C to shut down.
2023-10-24 10:47:21.115 +02:00 [Information] Hosting environment: "Development"
2023-10-24 10:47:21.115 +02:00 [Information] Content root path: "C:\Users\abdik\Source\Repos\Forum\MyShop\"
2023-10-24 10:47:21.322 +02:00 [Information] Request starting HTTP/2 GET https://localhost:7205/ - -
2023-10-24 10:47:21.364 +02:00 [Information] Executing endpoint '"Forum.Controllers.HomeController.Index (Forum)"'
2023-10-24 10:47:21.371 +02:00 [Information] Route matched with "{action = \"Index\", controller = \"Home\", page = \"\", area = \"\"}". Executing controller action with signature "Microsoft.AspNetCore.Mvc.IActionResult Index()" on controller "Forum.Controllers.HomeController" ("Forum").
2023-10-24 10:47:21.375 +02:00 [Information] Executing ViewResult, running view "Index".
2023-10-24 10:47:21.470 +02:00 [Information] Executed ViewResult - view "Index" executed in 93.5746ms.
2023-10-24 10:47:21.471 +02:00 [Information] Executed action "Forum.Controllers.HomeController.Index (Forum)" in 100.1121ms
2023-10-24 10:47:21.471 +02:00 [Information] Executed endpoint '"Forum.Controllers.HomeController.Index (Forum)"'
2023-10-24 10:47:21.484 +02:00 [Information] Request finished HTTP/2 GET https://localhost:7205/ - - - 200 - text/html;+charset=utf-8 164.0868ms
2023-10-24 10:47:21.490 +02:00 [Information] Request starting HTTP/2 GET https://localhost:7205/images/formula1.jpg - -
2023-10-24 10:47:21.490 +02:00 [Information] Request starting HTTP/2 GET https://localhost:7205/images/fotball.jpg - -
2023-10-24 10:47:21.490 +02:00 [Information] Request starting HTTP/2 GET https://localhost:7205/style.css - -
2023-10-24 10:47:21.493 +02:00 [Information] Request finished HTTP/2 GET https://localhost:7205/style.css - - - 404 0 - 2.5328ms
2023-10-24 10:47:21.500 +02:00 [Information] The file "/images/formula1.jpg" was not modified
2023-10-24 10:47:21.500 +02:00 [Information] The file "/images/fotball.jpg" was not modified
2023-10-24 10:47:21.500 +02:00 [Information] Request finished HTTP/2 GET https://localhost:7205/images/fotball.jpg - - - 304 - image/jpeg 10.1542ms
2023-10-24 10:47:21.500 +02:00 [Information] Request finished HTTP/2 GET https://localhost:7205/images/formula1.jpg - - - 304 - image/jpeg 10.1649ms
2023-10-24 10:47:21.502 +02:00 [Information] Request starting HTTP/2 GET https://localhost:7205/_framework/aspnetcore-browser-refresh.js - -
2023-10-24 10:47:21.502 +02:00 [Information] Request starting HTTP/2 GET https://localhost:7205/images/vacation.jpg - -
2023-10-24 10:47:21.502 +02:00 [Information] Request starting HTTP/2 GET https://localhost:7205/_vs/browserLink - -
2023-10-24 10:47:21.503 +02:00 [Information] The file "/images/vacation.jpg" was not modified
2023-10-24 10:47:21.503 +02:00 [Information] Request finished HTTP/2 GET https://localhost:7205/images/vacation.jpg - - - 304 - image/jpeg 1.1686ms
2023-10-24 10:47:21.504 +02:00 [Information] Request finished HTTP/2 GET https://localhost:7205/_framework/aspnetcore-browser-refresh.js - - - 200 12342 application/javascript;+charset=utf-8 1.8966ms
2023-10-24 10:47:21.508 +02:00 [Information] Request finished HTTP/2 GET https://localhost:7205/_vs/browserLink - - - 200 - text/javascript;+charset=UTF-8 6.1555ms
