2023-10-19 02:22:49.535 +02:00 [Information] User profile is available. Using '"C:\Users\latif\AppData\Local\ASP.NET\DataProtection-Keys"' as key repository and Windows DPAPI to encrypt keys at rest.
2023-10-19 02:22:50.469 +02:00 [Information] Now listening on: "https://localhost:7205"
2023-10-19 02:22:50.473 +02:00 [Information] Now listening on: "http://localhost:5112"
2023-10-19 02:22:50.482 +02:00 [Information] Application started. Press Ctrl+C to shut down.
2023-10-19 02:22:50.485 +02:00 [Information] Hosting environment: "Development"
2023-10-19 02:22:50.488 +02:00 [Information] Content root path: "C:\Users\latif\source\repos\PROJECT_1WEB\Forum\MyShop\"
2023-10-19 02:22:51.038 +02:00 [Information] Request starting HTTP/2 GET https://localhost:7205/ - -
2023-10-19 02:22:51.117 +02:00 [Information] Executing endpoint '"Forum.Controllers.HomeController.Index (Forum)"'
2023-10-19 02:22:51.130 +02:00 [Information] Route matched with "{action = \"Index\", controller = \"Home\", page = \"\", area = \"\"}". Executing controller action with signature "Microsoft.AspNetCore.Mvc.IActionResult Index()" on controller "Forum.Controllers.HomeController" ("Forum").
2023-10-19 02:22:51.188 +02:00 [Information] Executing action method "Forum.Controllers.HomeController.Index (Forum)" - Validation state: Valid
2023-10-19 02:22:51.194 +02:00 [Information] Executed action method "Forum.Controllers.HomeController.Index (Forum)", returned result "Microsoft.AspNetCore.Mvc.ViewResult" in 0.6019ms.
2023-10-19 02:22:51.203 +02:00 [Information] Executing ViewResult, running view "Index".
2023-10-19 02:22:51.396 +02:00 [Information] Executed ViewResult - view "Index" executed in 192.3478ms.
2023-10-19 02:22:51.404 +02:00 [Information] Executed action "Forum.Controllers.HomeController.Index (Forum)" in 272.8269ms
2023-10-19 02:22:51.405 +02:00 [Information] Executed endpoint '"Forum.Controllers.HomeController.Index (Forum)"'
2023-10-19 02:22:51.431 +02:00 [Information] Request starting HTTP/2 GET https://localhost:7205/lib/bootstrap/css/crtstyle.css - -
2023-10-19 02:22:51.432 +02:00 [Information] Request starting HTTP/2 GET https://localhost:7205/_framework/aspnetcore-browser-refresh.js - -
2023-10-19 02:22:51.439 +02:00 [Information] Request finished HTTP/2 GET https://localhost:7205/_framework/aspnetcore-browser-refresh.js - - - 200 12342 application/javascript;+charset=utf-8 5.7307ms
2023-10-19 02:22:51.452 +02:00 [Information] Request starting HTTP/2 GET https://localhost:7205/_vs/browserLink - -
2023-10-19 02:22:51.457 +02:00 [Information] The file "/lib/bootstrap/css/crtstyle.css" was not modified
2023-10-19 02:22:51.462 +02:00 [Information] Request finished HTTP/2 GET https://localhost:7205/lib/bootstrap/css/crtstyle.css - - - 304 - text/css 31.0212ms
2023-10-19 02:22:51.462 +02:00 [Information] Request finished HTTP/2 GET https://localhost:7205/ - - - 200 - text/html;+charset=utf-8 428.1338ms
2023-10-19 02:22:51.471 +02:00 [Information] Request finished HTTP/2 GET https://localhost:7205/_vs/browserLink - - - 200 - text/javascript;+charset=UTF-8 19.0621ms
2023-10-19 02:22:53.860 +02:00 [Information] Request starting HTTP/2 GET https://localhost:7205/Category/CategoryTable - -
2023-10-19 02:22:53.867 +02:00 [Information] Executing endpoint '"Forum.Controllers.CategoryController.CategoryTable (Forum)"'
2023-10-19 02:22:53.874 +02:00 [Information] Route matched with "{action = \"CategoryTable\", controller = \"Category\", page = \"\", area = \"\"}". Executing controller action with signature "System.Threading.Tasks.Task`1[Microsoft.AspNetCore.Mvc.IActionResult] CategoryTable()" on controller "Forum.Controllers.CategoryController" ("Forum").
2023-10-19 02:22:53.891 +02:00 [Information] Executing action method "Forum.Controllers.CategoryController.CategoryTable (Forum)" - Validation state: Valid
2023-10-19 02:22:53.936 +02:00 [Information] Executed action method "Forum.Controllers.CategoryController.CategoryTable (Forum)", returned result "Microsoft.AspNetCore.Mvc.ViewResult" in 44.8025ms.
2023-10-19 02:22:53.937 +02:00 [Information] Executing ViewResult, running view "CategoryTable".
2023-10-19 02:22:53.989 +02:00 [Information] Executed ViewResult - view "CategoryTable" executed in 53.1628ms.
2023-10-19 02:22:53.990 +02:00 [Information] Executed action "Forum.Controllers.CategoryController.CategoryTable (Forum)" in 116.2558ms
2023-10-19 02:22:53.990 +02:00 [Information] Executed endpoint '"Forum.Controllers.CategoryController.CategoryTable (Forum)"'
2023-10-19 02:22:53.993 +02:00 [Information] Request finished HTTP/2 GET https://localhost:7205/Category/CategoryTable - - - 200 - text/html;+charset=utf-8 133.4546ms
2023-10-19 02:22:54.005 +02:00 [Information] Request starting HTTP/2 GET https://localhost:7205/_vs/browserLink - -
2023-10-19 02:22:54.005 +02:00 [Information] Request starting HTTP/2 GET https://localhost:7205/_framework/aspnetcore-browser-refresh.js - -
2023-10-19 02:22:54.005 +02:00 [Information] Request finished HTTP/2 GET https://localhost:7205/_framework/aspnetcore-browser-refresh.js - - - 200 12342 application/javascript;+charset=utf-8 0.5444ms
2023-10-19 02:22:54.009 +02:00 [Information] Request finished HTTP/2 GET https://localhost:7205/_vs/browserLink - - - 200 - text/javascript;+charset=UTF-8 4.3096ms
2023-10-19 02:22:58.397 +02:00 [Information] Request starting HTTP/2 GET https://localhost:7205/Room/RoomTable - -
2023-10-19 02:22:58.399 +02:00 [Information] Executing endpoint '"Forum.Controllers.RoomController.RoomTable (Forum)"'
2023-10-19 02:22:58.404 +02:00 [Information] Route matched with "{action = \"RoomTable\", controller = \"Room\", page = \"\", area = \"\"}". Executing controller action with signature "System.Threading.Tasks.Task`1[Microsoft.AspNetCore.Mvc.IActionResult] RoomTable()" on controller "Forum.Controllers.RoomController" ("Forum").
2023-10-19 02:22:58.435 +02:00 [Information] Executing action method "Forum.Controllers.RoomController.RoomTable (Forum)" - Validation state: Valid
2023-10-19 02:22:58.482 +02:00 [Information] Executed action method "Forum.Controllers.RoomController.RoomTable (Forum)", returned result "Microsoft.AspNetCore.Mvc.ViewResult" in 47.0664ms.
2023-10-19 02:22:58.483 +02:00 [Information] Executing ViewResult, running view "RoomTable".
2023-10-19 02:22:58.517 +02:00 [Information] Executed ViewResult - view "RoomTable" executed in 34.6808ms.
2023-10-19 02:22:58.517 +02:00 [Information] Executed action "Forum.Controllers.RoomController.RoomTable (Forum)" in 113.0431ms
2023-10-19 02:22:58.518 +02:00 [Information] Executed endpoint '"Forum.Controllers.RoomController.RoomTable (Forum)"'
2023-10-19 02:22:58.520 +02:00 [Information] Request finished HTTP/2 GET https://localhost:7205/Room/RoomTable - - - 200 - text/html;+charset=utf-8 122.8193ms
2023-10-19 02:22:58.531 +02:00 [Information] Request starting HTTP/2 GET https://localhost:7205/_framework/aspnetcore-browser-refresh.js - -
2023-10-19 02:22:58.531 +02:00 [Information] Request starting HTTP/2 GET https://localhost:7205/_vs/browserLink - -
2023-10-19 02:22:58.531 +02:00 [Information] Request finished HTTP/2 GET https://localhost:7205/_framework/aspnetcore-browser-refresh.js - - - 200 12342 application/javascript;+charset=utf-8 0.2474ms
2023-10-19 02:22:58.545 +02:00 [Information] Request finished HTTP/2 GET https://localhost:7205/_vs/browserLink - - - 200 - text/javascript;+charset=UTF-8 14.3977ms
2023-10-19 02:23:00.041 +02:00 [Information] Request starting HTTP/2 GET https://localhost:7205/Topic/TopicTable - -
2023-10-19 02:23:00.043 +02:00 [Information] Executing endpoint '"Forum.Controllers.TopicController.TopicTable (Forum)"'
2023-10-19 02:23:00.047 +02:00 [Information] Route matched with "{action = \"TopicTable\", controller = \"Topic\", page = \"\", area = \"\"}". Executing controller action with signature "System.Threading.Tasks.Task`1[Microsoft.AspNetCore.Mvc.IActionResult] TopicTable()" on controller "Forum.Controllers.TopicController" ("Forum").
2023-10-19 02:23:00.082 +02:00 [Information] Executing action method "Forum.Controllers.TopicController.TopicTable (Forum)" - Validation state: Valid
2023-10-19 02:23:00.134 +02:00 [Information] Executed action method "Forum.Controllers.TopicController.TopicTable (Forum)", returned result "Microsoft.AspNetCore.Mvc.ViewResult" in 51.7523ms.
2023-10-19 02:23:00.135 +02:00 [Information] Executing ViewResult, running view "TopicTable".
2023-10-19 02:23:00.158 +02:00 [Information] Executed ViewResult - view "TopicTable" executed in 24.0042ms.
2023-10-19 02:23:00.158 +02:00 [Information] Executed action "Forum.Controllers.TopicController.TopicTable (Forum)" in 110.9983ms
2023-10-19 02:23:00.158 +02:00 [Information] Executed endpoint '"Forum.Controllers.TopicController.TopicTable (Forum)"'
2023-10-19 02:23:00.161 +02:00 [Information] Request finished HTTP/2 GET https://localhost:7205/Topic/TopicTable - - - 200 - text/html;+charset=utf-8 119.5784ms
2023-10-19 02:23:00.173 +02:00 [Information] Request starting HTTP/2 GET https://localhost:7205/_framework/aspnetcore-browser-refresh.js - -
2023-10-19 02:23:00.173 +02:00 [Information] Request starting HTTP/2 GET https://localhost:7205/_vs/browserLink - -
2023-10-19 02:23:00.173 +02:00 [Information] Request finished HTTP/2 GET https://localhost:7205/_framework/aspnetcore-browser-refresh.js - - - 200 12342 application/javascript;+charset=utf-8 0.5307ms
2023-10-19 02:23:00.179 +02:00 [Information] Request finished HTTP/2 GET https://localhost:7205/_vs/browserLink - - - 200 - text/javascript;+charset=UTF-8 6.3877ms
2023-10-19 02:23:01.595 +02:00 [Information] Request starting HTTP/2 GET https://localhost:7205/Category/CategoryTable - -
2023-10-19 02:23:01.600 +02:00 [Information] Executing endpoint '"Forum.Controllers.CategoryController.CategoryTable (Forum)"'
2023-10-19 02:23:01.601 +02:00 [Information] Route matched with "{action = \"CategoryTable\", controller = \"Category\", page = \"\", area = \"\"}". Executing controller action with signature "System.Threading.Tasks.Task`1[Microsoft.AspNetCore.Mvc.IActionResult] CategoryTable()" on controller "Forum.Controllers.CategoryController" ("Forum").
2023-10-19 02:23:01.633 +02:00 [Information] Executing action method "Forum.Controllers.CategoryController.CategoryTable (Forum)" - Validation state: Valid
2023-10-19 02:23:01.640 +02:00 [Information] Executed action method "Forum.Controllers.CategoryController.CategoryTable (Forum)", returned result "Microsoft.AspNetCore.Mvc.ViewResult" in 6.7287ms.
2023-10-19 02:23:01.640 +02:00 [Information] Executing ViewResult, running view "CategoryTable".
2023-10-19 02:23:01.649 +02:00 [Information] Executed ViewResult - view "CategoryTable" executed in 8.677ms.
2023-10-19 02:23:01.649 +02:00 [Information] Executed action "Forum.Controllers.CategoryController.CategoryTable (Forum)" in 47.602ms
2023-10-19 02:23:01.649 +02:00 [Information] Executed endpoint '"Forum.Controllers.CategoryController.CategoryTable (Forum)"'
2023-10-19 02:23:01.651 +02:00 [Information] Request finished HTTP/2 GET https://localhost:7205/Category/CategoryTable - - - 200 - text/html;+charset=utf-8 56.6841ms
2023-10-19 02:23:01.655 +02:00 [Information] Request starting HTTP/2 GET https://localhost:7205/_framework/aspnetcore-browser-refresh.js - -
2023-10-19 02:23:01.655 +02:00 [Information] Request starting HTTP/2 GET https://localhost:7205/_vs/browserLink - -
2023-10-19 02:23:01.655 +02:00 [Information] Request finished HTTP/2 GET https://localhost:7205/_framework/aspnetcore-browser-refresh.js - - - 200 12342 application/javascript;+charset=utf-8 0.9822ms
2023-10-19 02:23:01.659 +02:00 [Information] Request finished HTTP/2 GET https://localhost:7205/_vs/browserLink - - - 200 - text/javascript;+charset=UTF-8 4.1635ms
2023-10-19 02:23:04.088 +02:00 [Information] Request starting HTTP/2 GET https://localhost:7205/Category/CategoryGrid - -
2023-10-19 02:23:04.089 +02:00 [Information] Executing endpoint '"Forum.Controllers.CategoryController.CategoryGrid (Forum)"'
2023-10-19 02:23:04.094 +02:00 [Information] Route matched with "{action = \"CategoryGrid\", controller = \"Category\", page = \"\", area = \"\"}". Executing controller action with signature "System.Threading.Tasks.Task`1[Microsoft.AspNetCore.Mvc.IActionResult] CategoryGrid()" on controller "Forum.Controllers.CategoryController" ("Forum").
2023-10-19 02:23:04.128 +02:00 [Information] Executing action method "Forum.Controllers.CategoryController.CategoryGrid (Forum)" - Validation state: Valid
2023-10-19 02:23:04.135 +02:00 [Information] Executed action method "Forum.Controllers.CategoryController.CategoryGrid (Forum)", returned result "Microsoft.AspNetCore.Mvc.ViewResult" in 6.5536ms.
2023-10-19 02:23:04.136 +02:00 [Information] Executing ViewResult, running view "CategoryGrid".
2023-10-19 02:23:04.156 +02:00 [Information] Executed ViewResult - view "CategoryGrid" executed in 21.5557ms.
2023-10-19 02:23:04.157 +02:00 [Information] Executed action "Forum.Controllers.CategoryController.CategoryGrid (Forum)" in 62.4956ms
2023-10-19 02:23:04.157 +02:00 [Information] Executed endpoint '"Forum.Controllers.CategoryController.CategoryGrid (Forum)"'
2023-10-19 02:23:04.159 +02:00 [Information] Request finished HTTP/2 GET https://localhost:7205/Category/CategoryGrid - - - 200 - text/html;+charset=utf-8 71.0884ms
2023-10-19 02:23:04.167 +02:00 [Information] Request starting HTTP/2 GET https://localhost:7205/_framework/aspnetcore-browser-refresh.js - -
2023-10-19 02:23:04.167 +02:00 [Information] Request finished HTTP/2 GET https://localhost:7205/_framework/aspnetcore-browser-refresh.js - - - 200 12342 application/javascript;+charset=utf-8 0.3193ms
2023-10-19 02:23:04.169 +02:00 [Information] Request starting HTTP/2 GET https://localhost:7205/_vs/browserLink - -
2023-10-19 02:23:04.173 +02:00 [Information] Request finished HTTP/2 GET https://localhost:7205/_vs/browserLink - - - 200 - text/javascript;+charset=UTF-8 4.8389ms
2023-10-19 02:23:07.987 +02:00 [Information] Request starting HTTP/2 GET https://localhost:7205/Identity/Account/Login - -
2023-10-19 02:23:07.989 +02:00 [Information] Executing endpoint '"/Account/Login"'
2023-10-19 02:23:08.035 +02:00 [Information] Route matched with "{page = \"/Account/Login\", area = \"Identity\", action = \"\", controller = \"\"}". Executing page "/Account/Login"
2023-10-19 02:23:08.077 +02:00 [Information] Executing handler method "Forum.Areas.Identity.Pages.Account.LoginModel.OnGetAsync" - ModelState is Valid
2023-10-19 02:23:08.093 +02:00 [Information] AuthenticationScheme: "Identity.External" signed out.
2023-10-19 02:23:08.095 +02:00 [Information] Executed handler method "OnGetAsync", returned result "".
2023-10-19 02:23:08.104 +02:00 [Information] Executing an implicit handler method - ModelState is Valid
2023-10-19 02:23:08.105 +02:00 [Information] Executed an implicit handler method, returned result "Microsoft.AspNetCore.Mvc.RazorPages.PageResult".
2023-10-19 02:23:08.212 +02:00 [Information] Executed page "/Account/Login" in 175.6302ms
2023-10-19 02:23:08.212 +02:00 [Information] Executed endpoint '"/Account/Login"'
2023-10-19 02:23:08.214 +02:00 [Information] Request finished HTTP/2 GET https://localhost:7205/Identity/Account/Login - - - 200 - text/html;+charset=utf-8 227.4952ms
2023-10-19 02:23:08.217 +02:00 [Information] Request starting HTTP/2 GET https://localhost:7205/_framework/aspnetcore-browser-refresh.js - -
2023-10-19 02:23:08.217 +02:00 [Information] Request finished HTTP/2 GET https://localhost:7205/_framework/aspnetcore-browser-refresh.js - - - 200 12342 application/javascript;+charset=utf-8 0.3527ms
2023-10-19 02:23:08.222 +02:00 [Information] Request starting HTTP/2 GET https://localhost:7205/_vs/browserLink - -
2023-10-19 02:23:08.226 +02:00 [Information] Request finished HTTP/2 GET https://localhost:7205/_vs/browserLink - - - 200 - text/javascript;+charset=UTF-8 4.2231ms
2023-10-19 02:23:09.683 +02:00 [Information] Request starting HTTP/2 POST https://localhost:7205/Identity/Account/Login application/x-www-form-urlencoded 280
2023-10-19 02:23:09.691 +02:00 [Information] Executing endpoint '"/Account/Login"'
2023-10-19 02:23:09.691 +02:00 [Information] Route matched with "{page = \"/Account/Login\", area = \"Identity\", action = \"\", controller = \"\"}". Executing page "/Account/Login"
2023-10-19 02:23:09.747 +02:00 [Information] Executing handler method "Forum.Areas.Identity.Pages.Account.LoginModel.OnPostAsync" - ModelState is Valid
2023-10-19 02:23:10.089 +02:00 [Information] AuthenticationScheme: "Identity.Application" signed in.
2023-10-19 02:23:10.094 +02:00 [Information] User logged in.
2023-10-19 02:23:10.096 +02:00 [Information] Executed handler method "OnPostAsync", returned result "Microsoft.AspNetCore.Mvc.LocalRedirectResult".
2023-10-19 02:23:10.097 +02:00 [Information] Executing LocalRedirectResult, redirecting to "/".
2023-10-19 02:23:10.098 +02:00 [Information] Executed page "/Account/Login" in 406.1449ms
2023-10-19 02:23:10.098 +02:00 [Information] Executed endpoint '"/Account/Login"'
2023-10-19 02:23:10.098 +02:00 [Information] Request finished HTTP/2 POST https://localhost:7205/Identity/Account/Login application/x-www-form-urlencoded 280 - 302 0 - 415.6794ms
2023-10-19 02:23:10.102 +02:00 [Information] Request starting HTTP/2 GET https://localhost:7205/ - -
2023-10-19 02:23:10.116 +02:00 [Information] Executing endpoint '"Forum.Controllers.HomeController.Index (Forum)"'
2023-10-19 02:23:10.116 +02:00 [Information] Route matched with "{action = \"Index\", controller = \"Home\", page = \"\", area = \"\"}". Executing controller action with signature "Microsoft.AspNetCore.Mvc.IActionResult Index()" on controller "Forum.Controllers.HomeController" ("Forum").
2023-10-19 02:23:10.143 +02:00 [Information] Executing action method "Forum.Controllers.HomeController.Index (Forum)" - Validation state: Valid
2023-10-19 02:23:10.144 +02:00 [Information] Executed action method "Forum.Controllers.HomeController.Index (Forum)", returned result "Microsoft.AspNetCore.Mvc.ViewResult" in 0.028ms.
2023-10-19 02:23:10.144 +02:00 [Information] Executing ViewResult, running view "Index".
2023-10-19 02:23:10.158 +02:00 [Information] Executed ViewResult - view "Index" executed in 14.6709ms.
2023-10-19 02:23:10.159 +02:00 [Information] Executed action "Forum.Controllers.HomeController.Index (Forum)" in 42.1943ms
2023-10-19 02:23:10.159 +02:00 [Information] Executed endpoint '"Forum.Controllers.HomeController.Index (Forum)"'
2023-10-19 02:23:10.161 +02:00 [Information] Request finished HTTP/2 GET https://localhost:7205/ - - - 200 - text/html;+charset=utf-8 58.7903ms
2023-10-19 02:23:10.164 +02:00 [Information] Request starting HTTP/2 GET https://localhost:7205/_framework/aspnetcore-browser-refresh.js - -
2023-10-19 02:23:10.164 +02:00 [Information] Request starting HTTP/2 GET https://localhost:7205/_vs/browserLink - -
2023-10-19 02:23:10.165 +02:00 [Information] Request finished HTTP/2 GET https://localhost:7205/_framework/aspnetcore-browser-refresh.js - - - 200 12342 application/javascript;+charset=utf-8 0.8754ms
2023-10-19 02:23:10.169 +02:00 [Information] Request finished HTTP/2 GET https://localhost:7205/_vs/browserLink - - - 200 - text/javascript;+charset=UTF-8 5.0239ms
2023-10-19 02:23:11.576 +02:00 [Information] Request starting HTTP/2 GET https://localhost:7205/Category/CategoryTable - -
2023-10-19 02:23:11.585 +02:00 [Information] Executing endpoint '"Forum.Controllers.CategoryController.CategoryTable (Forum)"'
2023-10-19 02:23:11.585 +02:00 [Information] Route matched with "{action = \"CategoryTable\", controller = \"Category\", page = \"\", area = \"\"}". Executing controller action with signature "System.Threading.Tasks.Task`1[Microsoft.AspNetCore.Mvc.IActionResult] CategoryTable()" on controller "Forum.Controllers.CategoryController" ("Forum").
2023-10-19 02:23:11.610 +02:00 [Information] Executing action method "Forum.Controllers.CategoryController.CategoryTable (Forum)" - Validation state: Valid
2023-10-19 02:23:11.615 +02:00 [Information] Executed action method "Forum.Controllers.CategoryController.CategoryTable (Forum)", returned result "Microsoft.AspNetCore.Mvc.ViewResult" in 5.5895ms.
2023-10-19 02:23:11.616 +02:00 [Information] Executing ViewResult, running view "CategoryTable".
2023-10-19 02:23:11.628 +02:00 [Information] Executed ViewResult - view "CategoryTable" executed in 12.2683ms.
2023-10-19 02:23:11.628 +02:00 [Information] Executed action "Forum.Controllers.CategoryController.CategoryTable (Forum)" in 42.6432ms
2023-10-19 02:23:11.628 +02:00 [Information] Executed endpoint '"Forum.Controllers.CategoryController.CategoryTable (Forum)"'
2023-10-19 02:23:11.632 +02:00 [Information] Request finished HTTP/2 GET https://localhost:7205/Category/CategoryTable - - - 200 - text/html;+charset=utf-8 56.3102ms
2023-10-19 02:23:11.635 +02:00 [Information] Request starting HTTP/2 GET https://localhost:7205/_vs/browserLink - -
2023-10-19 02:23:11.635 +02:00 [Information] Request starting HTTP/2 GET https://localhost:7205/_framework/aspnetcore-browser-refresh.js - -
2023-10-19 02:23:11.636 +02:00 [Information] Request finished HTTP/2 GET https://localhost:7205/_framework/aspnetcore-browser-refresh.js - - - 200 12342 application/javascript;+charset=utf-8 0.8086ms
2023-10-19 02:23:11.639 +02:00 [Information] Request finished HTTP/2 GET https://localhost:7205/_vs/browserLink - - - 200 - text/javascript;+charset=UTF-8 4.4573ms
2023-10-19 02:23:16.537 +02:00 [Information] Request starting HTTP/2 GET https://localhost:7205/Room/RoomTable - -
2023-10-19 02:23:16.548 +02:00 [Information] Executing endpoint '"Forum.Controllers.RoomController.RoomTable (Forum)"'
2023-10-19 02:23:16.548 +02:00 [Information] Route matched with "{action = \"RoomTable\", controller = \"Room\", page = \"\", area = \"\"}". Executing controller action with signature "System.Threading.Tasks.Task`1[Microsoft.AspNetCore.Mvc.IActionResult] RoomTable()" on controller "Forum.Controllers.RoomController" ("Forum").
2023-10-19 02:23:16.574 +02:00 [Information] Executing action method "Forum.Controllers.RoomController.RoomTable (Forum)" - Validation state: Valid
2023-10-19 02:23:16.579 +02:00 [Information] Executed action method "Forum.Controllers.RoomController.RoomTable (Forum)", returned result "Microsoft.AspNetCore.Mvc.ViewResult" in 4.7132ms.
2023-10-19 02:23:16.579 +02:00 [Information] Executing ViewResult, running view "RoomTable".
2023-10-19 02:23:16.588 +02:00 [Information] Executed ViewResult - view "RoomTable" executed in 8.9534ms.
2023-10-19 02:23:16.588 +02:00 [Information] Executed action "Forum.Controllers.RoomController.RoomTable (Forum)" in 39.9889ms
2023-10-19 02:23:16.588 +02:00 [Information] Executed endpoint '"Forum.Controllers.RoomController.RoomTable (Forum)"'
2023-10-19 02:23:16.591 +02:00 [Information] Request finished HTTP/2 GET https://localhost:7205/Room/RoomTable - - - 200 - text/html;+charset=utf-8 53.8417ms
2023-10-19 02:23:16.594 +02:00 [Information] Request starting HTTP/2 GET https://localhost:7205/_framework/aspnetcore-browser-refresh.js - -
2023-10-19 02:23:16.594 +02:00 [Information] Request starting HTTP/2 GET https://localhost:7205/_vs/browserLink - -
2023-10-19 02:23:16.594 +02:00 [Information] Request finished HTTP/2 GET https://localhost:7205/_framework/aspnetcore-browser-refresh.js - - - 200 12342 application/javascript;+charset=utf-8 0.5819ms
2023-10-19 02:23:16.599 +02:00 [Information] Request finished HTTP/2 GET https://localhost:7205/_vs/browserLink - - - 200 - text/javascript;+charset=UTF-8 4.8415ms
2023-10-19 02:23:18.123 +02:00 [Information] Request starting HTTP/2 GET https://localhost:7205/Topic/TopicTable - -
2023-10-19 02:23:18.133 +02:00 [Information] Executing endpoint '"Forum.Controllers.TopicController.TopicTable (Forum)"'
2023-10-19 02:23:18.133 +02:00 [Information] Route matched with "{action = \"TopicTable\", controller = \"Topic\", page = \"\", area = \"\"}". Executing controller action with signature "System.Threading.Tasks.Task`1[Microsoft.AspNetCore.Mvc.IActionResult] TopicTable()" on controller "Forum.Controllers.TopicController" ("Forum").
2023-10-19 02:23:18.151 +02:00 [Information] Executing action method "Forum.Controllers.TopicController.TopicTable (Forum)" - Validation state: Valid
2023-10-19 02:23:18.156 +02:00 [Information] Executed action method "Forum.Controllers.TopicController.TopicTable (Forum)", returned result "Microsoft.AspNetCore.Mvc.ViewResult" in 4.9474ms.
2023-10-19 02:23:18.156 +02:00 [Information] Executing ViewResult, running view "TopicTable".
2023-10-19 02:23:18.166 +02:00 [Information] Executed ViewResult - view "TopicTable" executed in 9.6024ms.
2023-10-19 02:23:18.166 +02:00 [Information] Executed action "Forum.Controllers.TopicController.TopicTable (Forum)" in 32.9023ms
2023-10-19 02:23:18.166 +02:00 [Information] Executed endpoint '"Forum.Controllers.TopicController.TopicTable (Forum)"'
2023-10-19 02:23:18.168 +02:00 [Information] Request finished HTTP/2 GET https://localhost:7205/Topic/TopicTable - - - 200 - text/html;+charset=utf-8 44.8457ms
2023-10-19 02:23:18.170 +02:00 [Information] Request starting HTTP/2 GET https://localhost:7205/_vs/browserLink - -
2023-10-19 02:23:18.170 +02:00 [Information] Request starting HTTP/2 GET https://localhost:7205/_framework/aspnetcore-browser-refresh.js - -
2023-10-19 02:23:18.170 +02:00 [Information] Request finished HTTP/2 GET https://localhost:7205/_framework/aspnetcore-browser-refresh.js - - - 200 12342 application/javascript;+charset=utf-8 0.3196ms
2023-10-19 02:23:18.179 +02:00 [Information] Request finished HTTP/2 GET https://localhost:7205/_vs/browserLink - - - 200 - text/javascript;+charset=UTF-8 9.8590ms
2023-10-19 02:23:19.454 +02:00 [Information] Request starting HTTP/2 GET https://localhost:7205/Category/CategoryTable - -
2023-10-19 02:23:19.461 +02:00 [Information] Executing endpoint '"Forum.Controllers.CategoryController.CategoryTable (Forum)"'
2023-10-19 02:23:19.461 +02:00 [Information] Route matched with "{action = \"CategoryTable\", controller = \"Category\", page = \"\", area = \"\"}". Executing controller action with signature "System.Threading.Tasks.Task`1[Microsoft.AspNetCore.Mvc.IActionResult] CategoryTable()" on controller "Forum.Controllers.CategoryController" ("Forum").
2023-10-19 02:23:19.491 +02:00 [Information] Executing action method "Forum.Controllers.CategoryController.CategoryTable (Forum)" - Validation state: Valid
2023-10-19 02:23:19.496 +02:00 [Information] Executed action method "Forum.Controllers.CategoryController.CategoryTable (Forum)", returned result "Microsoft.AspNetCore.Mvc.ViewResult" in 5.6749ms.
2023-10-19 02:23:19.497 +02:00 [Information] Executing ViewResult, running view "CategoryTable".
2023-10-19 02:23:19.505 +02:00 [Information] Executed ViewResult - view "CategoryTable" executed in 8.329ms.
2023-10-19 02:23:19.505 +02:00 [Information] Executed action "Forum.Controllers.CategoryController.CategoryTable (Forum)" in 44.1496ms
2023-10-19 02:23:19.505 +02:00 [Information] Executed endpoint '"Forum.Controllers.CategoryController.CategoryTable (Forum)"'
2023-10-19 02:23:19.508 +02:00 [Information] Request finished HTTP/2 GET https://localhost:7205/Category/CategoryTable - - - 200 - text/html;+charset=utf-8 54.1671ms
2023-10-19 02:23:19.511 +02:00 [Information] Request starting HTTP/2 GET https://localhost:7205/_vs/browserLink - -
2023-10-19 02:23:19.511 +02:00 [Information] Request starting HTTP/2 GET https://localhost:7205/_framework/aspnetcore-browser-refresh.js - -
2023-10-19 02:23:19.512 +02:00 [Information] Request finished HTTP/2 GET https://localhost:7205/_framework/aspnetcore-browser-refresh.js - - - 200 12342 application/javascript;+charset=utf-8 0.7998ms
2023-10-19 02:23:19.515 +02:00 [Information] Request finished HTTP/2 GET https://localhost:7205/_vs/browserLink - - - 200 - text/javascript;+charset=UTF-8 4.6167ms
2023-10-19 02:23:43.589 +02:00 [Information] Request starting HTTP/2 GET https://localhost:7205/Category/CategoryDetails/1 - -
2023-10-19 02:23:43.617 +02:00 [Information] Executing endpoint '"Forum.Controllers.CategoryController.CategoryDetails (Forum)"'
2023-10-19 02:23:43.623 +02:00 [Information] Route matched with "{action = \"CategoryDetails\", controller = \"Category\", page = \"\", area = \"\"}". Executing controller action with signature "System.Threading.Tasks.Task`1[Microsoft.AspNetCore.Mvc.IActionResult] CategoryDetails(Int32)" on controller "Forum.Controllers.CategoryController" ("Forum").
2023-10-19 02:23:43.651 +02:00 [Information] Executing action method "Forum.Controllers.CategoryController.CategoryDetails (Forum)" - Validation state: Valid
2023-10-19 02:23:43.668 +02:00 [Information] Executed action method "Forum.Controllers.CategoryController.CategoryDetails (Forum)", returned result "Microsoft.AspNetCore.Mvc.ViewResult" in 16.0041ms.
2023-10-19 02:23:43.669 +02:00 [Information] Executing ViewResult, running view "CategoryDetails".
2023-10-19 02:23:43.757 +02:00 [Information] Executed ViewResult - view "CategoryDetails" executed in 89.2599ms.
2023-10-19 02:23:43.757 +02:00 [Information] Executed action "Forum.Controllers.CategoryController.CategoryDetails (Forum)" in 134.0644ms
2023-10-19 02:23:43.757 +02:00 [Information] Executed endpoint '"Forum.Controllers.CategoryController.CategoryDetails (Forum)"'
2023-10-19 02:23:43.761 +02:00 [Information] Request finished HTTP/2 GET https://localhost:7205/Category/CategoryDetails/1 - - - 200 - text/html;+charset=utf-8 171.3411ms
2023-10-19 02:23:43.789 +02:00 [Information] Request starting HTTP/2 GET https://localhost:7205/_framework/aspnetcore-browser-refresh.js - -
2023-10-19 02:23:43.789 +02:00 [Information] Request starting HTTP/2 GET https://localhost:7205/_vs/browserLink - -
2023-10-19 02:23:43.789 +02:00 [Information] Request finished HTTP/2 GET https://localhost:7205/_framework/aspnetcore-browser-refresh.js - - - 200 12342 application/javascript;+charset=utf-8 0.9173ms
2023-10-19 02:23:43.809 +02:00 [Information] Request finished HTTP/2 GET https://localhost:7205/_vs/browserLink - - - 200 - text/javascript;+charset=UTF-8 20.4943ms
2023-10-19 02:23:49.031 +02:00 [Information] Request starting HTTP/2 GET https://localhost:7205/Room/RoomDetails/1 - -
2023-10-19 02:23:49.042 +02:00 [Information] Executing endpoint '"Forum.Controllers.RoomController.RoomDetails (Forum)"'
2023-10-19 02:23:49.048 +02:00 [Information] Route matched with "{action = \"RoomDetails\", controller = \"Room\", page = \"\", area = \"\"}". Executing controller action with signature "System.Threading.Tasks.Task`1[Microsoft.AspNetCore.Mvc.IActionResult] RoomDetails(Int32)" on controller "Forum.Controllers.RoomController" ("Forum").
2023-10-19 02:23:49.077 +02:00 [Information] Executing action method "Forum.Controllers.RoomController.RoomDetails (Forum)" - Validation state: Valid
2023-10-19 02:23:49.092 +02:00 [Information] Executed action method "Forum.Controllers.RoomController.RoomDetails (Forum)", returned result "Microsoft.AspNetCore.Mvc.ViewResult" in 14.8406ms.
2023-10-19 02:23:49.094 +02:00 [Information] Executing ViewResult, running view "RoomDetails".
2023-10-19 02:23:49.128 +02:00 [Information] Executed ViewResult - view "RoomDetails" executed in 35.7794ms.
2023-10-19 02:23:49.128 +02:00 [Information] Executed action "Forum.Controllers.RoomController.RoomDetails (Forum)" in 79.9164ms
2023-10-19 02:23:49.129 +02:00 [Information] Executed endpoint '"Forum.Controllers.RoomController.RoomDetails (Forum)"'
2023-10-19 02:23:49.132 +02:00 [Information] Request finished HTTP/2 GET https://localhost:7205/Room/RoomDetails/1 - - - 200 - text/html;+charset=utf-8 100.5724ms
2023-10-19 02:23:49.138 +02:00 [Information] Request starting HTTP/2 GET https://localhost:7205/_framework/aspnetcore-browser-refresh.js - -
2023-10-19 02:23:49.138 +02:00 [Information] Request starting HTTP/2 GET https://localhost:7205/_vs/browserLink - -
2023-10-19 02:23:49.138 +02:00 [Information] Request finished HTTP/2 GET https://localhost:7205/_framework/aspnetcore-browser-refresh.js - - - 200 12342 application/javascript;+charset=utf-8 1.0749ms
2023-10-19 02:23:49.144 +02:00 [Information] Request finished HTTP/2 GET https://localhost:7205/_vs/browserLink - - - 200 - text/javascript;+charset=UTF-8 6.5704ms
2023-10-19 02:23:51.336 +02:00 [Information] Request starting HTTP/2 GET https://localhost:7205/Topic/TopicDetails/1 - -
2023-10-19 02:23:51.343 +02:00 [Information] Executing endpoint '"Forum.Controllers.TopicController.TopicDetails (Forum)"'
2023-10-19 02:23:51.348 +02:00 [Information] Route matched with "{action = \"TopicDetails\", controller = \"Topic\", page = \"\", area = \"\"}". Executing controller action with signature "System.Threading.Tasks.Task`1[Microsoft.AspNetCore.Mvc.IActionResult] TopicDetails(Int32)" on controller "Forum.Controllers.TopicController" ("Forum").
2023-10-19 02:23:51.371 +02:00 [Information] Executing action method "Forum.Controllers.TopicController.TopicDetails (Forum)" - Validation state: Valid
2023-10-19 02:23:51.386 +02:00 [Information] Executed action method "Forum.Controllers.TopicController.TopicDetails (Forum)", returned result "Microsoft.AspNetCore.Mvc.ViewResult" in 14.7456ms.
2023-10-19 02:23:51.388 +02:00 [Information] Executing ViewResult, running view "TopicDetails".
2023-10-19 02:23:51.476 +02:00 [Information] Executed ViewResult - view "TopicDetails" executed in 89.37ms.
2023-10-19 02:23:51.476 +02:00 [Information] Executed action "Forum.Controllers.TopicController.TopicDetails (Forum)" in 127.9973ms
2023-10-19 02:23:51.476 +02:00 [Information] Executed endpoint '"Forum.Controllers.TopicController.TopicDetails (Forum)"'
2023-10-19 02:23:51.478 +02:00 [Information] Request finished HTTP/2 GET https://localhost:7205/Topic/TopicDetails/1 - - - 200 - text/html;+charset=utf-8 142.1640ms
2023-10-19 02:23:51.482 +02:00 [Information] Request starting HTTP/2 GET https://localhost:7205/_framework/aspnetcore-browser-refresh.js - -
2023-10-19 02:23:51.482 +02:00 [Information] Request starting HTTP/2 GET https://localhost:7205/_vs/browserLink - -
2023-10-19 02:23:51.482 +02:00 [Information] Request finished HTTP/2 GET https://localhost:7205/_framework/aspnetcore-browser-refresh.js - - - 200 12342 application/javascript;+charset=utf-8 0.6238ms
2023-10-19 02:23:51.487 +02:00 [Information] Request finished HTTP/2 GET https://localhost:7205/_vs/browserLink - - - 200 - text/javascript;+charset=UTF-8 5.8153ms
2023-10-19 02:23:53.898 +02:00 [Information] Request starting HTTP/2 GET https://localhost:7205/Room/RoomTable - -
2023-10-19 02:23:53.904 +02:00 [Information] Executing endpoint '"Forum.Controllers.RoomController.RoomTable (Forum)"'
2023-10-19 02:23:53.905 +02:00 [Information] Route matched with "{action = \"RoomTable\", controller = \"Room\", page = \"\", area = \"\"}". Executing controller action with signature "System.Threading.Tasks.Task`1[Microsoft.AspNetCore.Mvc.IActionResult] RoomTable()" on controller "Forum.Controllers.RoomController" ("Forum").
2023-10-19 02:23:53.932 +02:00 [Information] Executing action method "Forum.Controllers.RoomController.RoomTable (Forum)" - Validation state: Valid
2023-10-19 02:23:53.937 +02:00 [Information] Executed action method "Forum.Controllers.RoomController.RoomTable (Forum)", returned result "Microsoft.AspNetCore.Mvc.ViewResult" in 4.8588ms.
2023-10-19 02:23:53.937 +02:00 [Information] Executing ViewResult, running view "RoomTable".
2023-10-19 02:23:53.946 +02:00 [Information] Executed ViewResult - view "RoomTable" executed in 9.1187ms.
2023-10-19 02:23:53.947 +02:00 [Information] Executed action "Forum.Controllers.RoomController.RoomTable (Forum)" in 41.4392ms
2023-10-19 02:23:53.947 +02:00 [Information] Executed endpoint '"Forum.Controllers.RoomController.RoomTable (Forum)"'
2023-10-19 02:23:53.949 +02:00 [Information] Request finished HTTP/2 GET https://localhost:7205/Room/RoomTable - - - 200 - text/html;+charset=utf-8 50.6141ms
2023-10-19 02:23:53.951 +02:00 [Information] Request starting HTTP/2 GET https://localhost:7205/_framework/aspnetcore-browser-refresh.js - -
2023-10-19 02:23:53.951 +02:00 [Information] Request starting HTTP/2 GET https://localhost:7205/_vs/browserLink - -
2023-10-19 02:23:53.951 +02:00 [Information] Request finished HTTP/2 GET https://localhost:7205/_framework/aspnetcore-browser-refresh.js - - - 200 12342 application/javascript;+charset=utf-8 0.5359ms
2023-10-19 02:23:53.956 +02:00 [Information] Request finished HTTP/2 GET https://localhost:7205/_vs/browserLink - - - 200 - text/javascript;+charset=UTF-8 4.6570ms
2023-10-19 02:23:54.947 +02:00 [Information] Request starting HTTP/2 GET https://localhost:7205/Category/CategoryTable - -
2023-10-19 02:23:54.954 +02:00 [Information] Executing endpoint '"Forum.Controllers.CategoryController.CategoryTable (Forum)"'
2023-10-19 02:23:54.954 +02:00 [Information] Route matched with "{action = \"CategoryTable\", controller = \"Category\", page = \"\", area = \"\"}". Executing controller action with signature "System.Threading.Tasks.Task`1[Microsoft.AspNetCore.Mvc.IActionResult] CategoryTable()" on controller "Forum.Controllers.CategoryController" ("Forum").
2023-10-19 02:23:54.981 +02:00 [Information] Executing action method "Forum.Controllers.CategoryController.CategoryTable (Forum)" - Validation state: Valid
2023-10-19 02:23:54.987 +02:00 [Information] Executed action method "Forum.Controllers.CategoryController.CategoryTable (Forum)", returned result "Microsoft.AspNetCore.Mvc.ViewResult" in 6.0663ms.
2023-10-19 02:23:54.987 +02:00 [Information] Executing ViewResult, running view "CategoryTable".
2023-10-19 02:23:54.995 +02:00 [Information] Executed ViewResult - view "CategoryTable" executed in 7.9696ms.
2023-10-19 02:23:54.995 +02:00 [Information] Executed action "Forum.Controllers.CategoryController.CategoryTable (Forum)" in 41.5925ms
2023-10-19 02:23:54.995 +02:00 [Information] Executed endpoint '"Forum.Controllers.CategoryController.CategoryTable (Forum)"'
2023-10-19 02:23:54.998 +02:00 [Information] Request finished HTTP/2 GET https://localhost:7205/Category/CategoryTable - - - 200 - text/html;+charset=utf-8 51.2963ms
2023-10-19 02:23:55.014 +02:00 [Information] Request starting HTTP/2 GET https://localhost:7205/_vs/browserLink - -
2023-10-19 02:23:55.014 +02:00 [Information] Request starting HTTP/2 GET https://localhost:7205/_framework/aspnetcore-browser-refresh.js - -
2023-10-19 02:23:55.014 +02:00 [Information] Request finished HTTP/2 GET https://localhost:7205/_framework/aspnetcore-browser-refresh.js - - - 200 12342 application/javascript;+charset=utf-8 0.3186ms
2023-10-19 02:23:55.038 +02:00 [Information] Request finished HTTP/2 GET https://localhost:7205/_vs/browserLink - - - 200 - text/javascript;+charset=UTF-8 23.7846ms
2023-10-19 02:23:58.575 +02:00 [Information] Request starting HTTP/2 POST https://localhost:7205/Identity/Account/Logout?returnUrl=%2F application/x-www-form-urlencoded 225
2023-10-19 02:23:58.594 +02:00 [Information] Executing endpoint '"/Account/Logout"'
2023-10-19 02:23:58.601 +02:00 [Information] Route matched with "{page = \"/Account/Logout\", area = \"Identity\", action = \"\", controller = \"\"}". Executing page "/Account/Logout"
2023-10-19 02:23:58.612 +02:00 [Information] Executing handler method "Forum.Areas.Identity.Pages.Account.LogoutModel.OnPost" - ModelState is Valid
2023-10-19 02:23:58.616 +02:00 [Information] AuthenticationScheme: "Identity.Application" signed out.
2023-10-19 02:23:58.616 +02:00 [Information] AuthenticationScheme: "Identity.External" signed out.
2023-10-19 02:23:58.616 +02:00 [Information] AuthenticationScheme: "Identity.TwoFactorUserId" signed out.
2023-10-19 02:23:58.622 +02:00 [Information] User logged out.
2023-10-19 02:23:58.622 +02:00 [Information] Executed handler method "OnPost", returned result "Microsoft.AspNetCore.Mvc.LocalRedirectResult".
2023-10-19 02:23:58.622 +02:00 [Information] Executing LocalRedirectResult, redirecting to "/".
2023-10-19 02:23:58.622 +02:00 [Information] Executed page "/Account/Logout" in 21.179ms
2023-10-19 02:23:58.622 +02:00 [Information] Executed endpoint '"/Account/Logout"'
2023-10-19 02:23:58.623 +02:00 [Information] Request finished HTTP/2 POST https://localhost:7205/Identity/Account/Logout?returnUrl=%2F application/x-www-form-urlencoded 225 - 302 0 - 47.8893ms
2023-10-19 02:23:58.627 +02:00 [Information] Request starting HTTP/2 GET https://localhost:7205/ - -
2023-10-19 02:23:58.628 +02:00 [Information] Executing endpoint '"Forum.Controllers.HomeController.Index (Forum)"'
2023-10-19 02:23:58.628 +02:00 [Information] Route matched with "{action = \"Index\", controller = \"Home\", page = \"\", area = \"\"}". Executing controller action with signature "Microsoft.AspNetCore.Mvc.IActionResult Index()" on controller "Forum.Controllers.HomeController" ("Forum").
2023-10-19 02:23:58.655 +02:00 [Information] Executing action method "Forum.Controllers.HomeController.Index (Forum)" - Validation state: Valid
2023-10-19 02:23:58.655 +02:00 [Information] Executed action method "Forum.Controllers.HomeController.Index (Forum)", returned result "Microsoft.AspNetCore.Mvc.ViewResult" in 0.0227ms.
2023-10-19 02:23:58.655 +02:00 [Information] Executing ViewResult, running view "Index".
2023-10-19 02:23:58.670 +02:00 [Information] Executed ViewResult - view "Index" executed in 15.0654ms.
2023-10-19 02:23:58.670 +02:00 [Information] Executed action "Forum.Controllers.HomeController.Index (Forum)" in 42.3858ms
2023-10-19 02:23:58.670 +02:00 [Information] Executed endpoint '"Forum.Controllers.HomeController.Index (Forum)"'
2023-10-19 02:23:58.673 +02:00 [Information] Request finished HTTP/2 GET https://localhost:7205/ - - - 200 - text/html;+charset=utf-8 45.9966ms
2023-10-19 02:23:58.675 +02:00 [Information] Request starting HTTP/2 GET https://localhost:7205/_framework/aspnetcore-browser-refresh.js - -
2023-10-19 02:23:58.676 +02:00 [Information] Request starting HTTP/2 GET https://localhost:7205/_vs/browserLink - -
2023-10-19 02:23:58.677 +02:00 [Information] Request finished HTTP/2 GET https://localhost:7205/_framework/aspnetcore-browser-refresh.js - - - 200 12342 application/javascript;+charset=utf-8 0.1930ms
2023-10-19 02:23:58.691 +02:00 [Information] Request finished HTTP/2 GET https://localhost:7205/_vs/browserLink - - - 200 - text/javascript;+charset=UTF-8 14.9690ms
2023-10-19 02:24:00.654 +02:00 [Information] Request starting HTTP/2 GET https://localhost:7205/Category/CategoryTable - -
2023-10-19 02:24:00.655 +02:00 [Information] Executing endpoint '"Forum.Controllers.CategoryController.CategoryTable (Forum)"'
2023-10-19 02:24:00.655 +02:00 [Information] Route matched with "{action = \"CategoryTable\", controller = \"Category\", page = \"\", area = \"\"}". Executing controller action with signature "System.Threading.Tasks.Task`1[Microsoft.AspNetCore.Mvc.IActionResult] CategoryTable()" on controller "Forum.Controllers.CategoryController" ("Forum").
2023-10-19 02:24:00.688 +02:00 [Information] Executing action method "Forum.Controllers.CategoryController.CategoryTable (Forum)" - Validation state: Valid
2023-10-19 02:24:00.694 +02:00 [Information] Executed action method "Forum.Controllers.CategoryController.CategoryTable (Forum)", returned result "Microsoft.AspNetCore.Mvc.ViewResult" in 5.3229ms.
2023-10-19 02:24:00.694 +02:00 [Information] Executing ViewResult, running view "CategoryTable".
2023-10-19 02:24:00.703 +02:00 [Information] Executed ViewResult - view "CategoryTable" executed in 9.0768ms.
2023-10-19 02:24:00.703 +02:00 [Information] Executed action "Forum.Controllers.CategoryController.CategoryTable (Forum)" in 47.9562ms
2023-10-19 02:24:00.703 +02:00 [Information] Executed endpoint '"Forum.Controllers.CategoryController.CategoryTable (Forum)"'
2023-10-19 02:24:00.707 +02:00 [Information] Request finished HTTP/2 GET https://localhost:7205/Category/CategoryTable - - - 200 - text/html;+charset=utf-8 53.2432ms
2023-10-19 02:24:00.710 +02:00 [Information] Request starting HTTP/2 GET https://localhost:7205/_vs/browserLink - -
2023-10-19 02:24:00.710 +02:00 [Information] Request starting HTTP/2 GET https://localhost:7205/_framework/aspnetcore-browser-refresh.js - -
2023-10-19 02:24:00.710 +02:00 [Information] Request finished HTTP/2 GET https://localhost:7205/_framework/aspnetcore-browser-refresh.js - - - 200 12342 application/javascript;+charset=utf-8 0.7156ms
2023-10-19 02:24:00.716 +02:00 [Information] Request finished HTTP/2 GET https://localhost:7205/_vs/browserLink - - - 200 - text/javascript;+charset=UTF-8 6.1670ms
2023-10-19 02:24:02.772 +02:00 [Information] Request starting HTTP/2 GET https://localhost:7205/Room/RoomTable - -
2023-10-19 02:24:02.773 +02:00 [Information] Executing endpoint '"Forum.Controllers.RoomController.RoomTable (Forum)"'
2023-10-19 02:24:02.773 +02:00 [Information] Route matched with "{action = \"RoomTable\", controller = \"Room\", page = \"\", area = \"\"}". Executing controller action with signature "System.Threading.Tasks.Task`1[Microsoft.AspNetCore.Mvc.IActionResult] RoomTable()" on controller "Forum.Controllers.RoomController" ("Forum").
2023-10-19 02:24:02.805 +02:00 [Information] Executing action method "Forum.Controllers.RoomController.RoomTable (Forum)" - Validation state: Valid
2023-10-19 02:24:02.811 +02:00 [Information] Executed action method "Forum.Controllers.RoomController.RoomTable (Forum)", returned result "Microsoft.AspNetCore.Mvc.ViewResult" in 5.7322ms.
2023-10-19 02:24:02.811 +02:00 [Information] Executing ViewResult, running view "RoomTable".
2023-10-19 02:24:02.819 +02:00 [Information] Executed ViewResult - view "RoomTable" executed in 7.7563ms.
2023-10-19 02:24:02.819 +02:00 [Information] Executed action "Forum.Controllers.RoomController.RoomTable (Forum)" in 46.1988ms
2023-10-19 02:24:02.819 +02:00 [Information] Executed endpoint '"Forum.Controllers.RoomController.RoomTable (Forum)"'
2023-10-19 02:24:02.822 +02:00 [Information] Request finished HTTP/2 GET https://localhost:7205/Room/RoomTable - - - 200 - text/html;+charset=utf-8 50.5854ms
2023-10-19 02:24:02.825 +02:00 [Information] Request starting HTTP/2 GET https://localhost:7205/_framework/aspnetcore-browser-refresh.js - -
2023-10-19 02:24:02.825 +02:00 [Information] Request starting HTTP/2 GET https://localhost:7205/_vs/browserLink - -
2023-10-19 02:24:02.826 +02:00 [Information] Request finished HTTP/2 GET https://localhost:7205/_framework/aspnetcore-browser-refresh.js - - - 200 12342 application/javascript;+charset=utf-8 0.5773ms
2023-10-19 02:24:02.831 +02:00 [Information] Request finished HTTP/2 GET https://localhost:7205/_vs/browserLink - - - 200 - text/javascript;+charset=UTF-8 6.0212ms
2023-10-19 02:24:04.281 +02:00 [Information] Request starting HTTP/2 GET https://localhost:7205/Topic/TopicTable - -
2023-10-19 02:24:04.316 +02:00 [Information] Executing endpoint '"Forum.Controllers.TopicController.TopicTable (Forum)"'
2023-10-19 02:24:04.316 +02:00 [Information] Route matched with "{action = \"TopicTable\", controller = \"Topic\", page = \"\", area = \"\"}". Executing controller action with signature "System.Threading.Tasks.Task`1[Microsoft.AspNetCore.Mvc.IActionResult] TopicTable()" on controller "Forum.Controllers.TopicController" ("Forum").
2023-10-19 02:24:04.352 +02:00 [Information] Executing action method "Forum.Controllers.TopicController.TopicTable (Forum)" - Validation state: Valid
2023-10-19 02:24:04.358 +02:00 [Information] Executed action method "Forum.Controllers.TopicController.TopicTable (Forum)", returned result "Microsoft.AspNetCore.Mvc.ViewResult" in 5.4114ms.
2023-10-19 02:24:04.358 +02:00 [Information] Executing ViewResult, running view "TopicTable".
2023-10-19 02:24:04.367 +02:00 [Information] Executed ViewResult - view "TopicTable" executed in 8.6917ms.
2023-10-19 02:24:04.367 +02:00 [Information] Executed action "Forum.Controllers.TopicController.TopicTable (Forum)" in 50.6223ms
2023-10-19 02:24:04.367 +02:00 [Information] Executed endpoint '"Forum.Controllers.TopicController.TopicTable (Forum)"'
2023-10-19 02:24:04.370 +02:00 [Information] Request finished HTTP/2 GET https://localhost:7205/Topic/TopicTable - - - 200 - text/html;+charset=utf-8 89.4091ms
2023-10-19 02:24:04.372 +02:00 [Information] Request starting HTTP/2 GET https://localhost:7205/lib/bootstrap/css/crtstyle.css - -
2023-10-19 02:24:04.373 +02:00 [Information] Request starting HTTP/2 GET https://localhost:7205/_framework/aspnetcore-browser-refresh.js - -
2023-10-19 02:24:04.373 +02:00 [Information] The file "/lib/bootstrap/css/crtstyle.css" was not modified
2023-10-19 02:24:04.373 +02:00 [Information] Request starting HTTP/2 GET https://localhost:7205/_vs/browserLink - -
2023-10-19 02:24:04.374 +02:00 [Information] Request finished HTTP/2 GET https://localhost:7205/_framework/aspnetcore-browser-refresh.js - - - 200 12342 application/javascript;+charset=utf-8 0.8995ms
2023-10-19 02:24:04.374 +02:00 [Information] Request finished HTTP/2 GET https://localhost:7205/lib/bootstrap/css/crtstyle.css - - - 304 - text/css 2.0691ms
2023-10-19 02:24:04.380 +02:00 [Information] Request finished HTTP/2 GET https://localhost:7205/_vs/browserLink - - - 200 - text/javascript;+charset=UTF-8 6.5863ms
2023-10-19 02:24:05.896 +02:00 [Information] Request starting HTTP/2 GET https://localhost:7205/Category/CategoryTable - -
2023-10-19 02:24:05.898 +02:00 [Information] Executing endpoint '"Forum.Controllers.CategoryController.CategoryTable (Forum)"'
2023-10-19 02:24:05.898 +02:00 [Information] Route matched with "{action = \"CategoryTable\", controller = \"Category\", page = \"\", area = \"\"}". Executing controller action with signature "System.Threading.Tasks.Task`1[Microsoft.AspNetCore.Mvc.IActionResult] CategoryTable()" on controller "Forum.Controllers.CategoryController" ("Forum").
2023-10-19 02:24:05.931 +02:00 [Information] Executing action method "Forum.Controllers.CategoryController.CategoryTable (Forum)" - Validation state: Valid
2023-10-19 02:24:05.937 +02:00 [Information] Executed action method "Forum.Controllers.CategoryController.CategoryTable (Forum)", returned result "Microsoft.AspNetCore.Mvc.ViewResult" in 5.4824ms.
2023-10-19 02:24:05.937 +02:00 [Information] Executing ViewResult, running view "CategoryTable".
2023-10-19 02:24:05.945 +02:00 [Information] Executed ViewResult - view "CategoryTable" executed in 8.0435ms.
2023-10-19 02:24:05.945 +02:00 [Information] Executed action "Forum.Controllers.CategoryController.CategoryTable (Forum)" in 47.5977ms
2023-10-19 02:24:05.946 +02:00 [Information] Executed endpoint '"Forum.Controllers.CategoryController.CategoryTable (Forum)"'
2023-10-19 02:24:05.947 +02:00 [Information] Request finished HTTP/2 GET https://localhost:7205/Category/CategoryTable - - - 200 - text/html;+charset=utf-8 51.4833ms
2023-10-19 02:24:05.950 +02:00 [Information] Request starting HTTP/2 GET https://localhost:7205/_vs/browserLink - -
2023-10-19 02:24:05.950 +02:00 [Information] Request starting HTTP/2 GET https://localhost:7205/_framework/aspnetcore-browser-refresh.js - -
2023-10-19 02:24:05.950 +02:00 [Information] Request finished HTTP/2 GET https://localhost:7205/_framework/aspnetcore-browser-refresh.js - - - 200 12342 application/javascript;+charset=utf-8 0.6370ms
2023-10-19 02:24:05.954 +02:00 [Information] Request finished HTTP/2 GET https://localhost:7205/_vs/browserLink - - - 200 - text/javascript;+charset=UTF-8 3.9831ms
2023-10-19 02:24:08.559 +02:00 [Information] Request starting HTTP/2 GET https://localhost:7205/Category/CategoryGrid - -
2023-10-19 02:24:08.560 +02:00 [Information] Executing endpoint '"Forum.Controllers.CategoryController.CategoryGrid (Forum)"'
2023-10-19 02:24:08.560 +02:00 [Information] Route matched with "{action = \"CategoryGrid\", controller = \"Category\", page = \"\", area = \"\"}". Executing controller action with signature "System.Threading.Tasks.Task`1[Microsoft.AspNetCore.Mvc.IActionResult] CategoryGrid()" on controller "Forum.Controllers.CategoryController" ("Forum").
2023-10-19 02:24:08.589 +02:00 [Information] Executing action method "Forum.Controllers.CategoryController.CategoryGrid (Forum)" - Validation state: Valid
2023-10-19 02:24:08.595 +02:00 [Information] Executed action method "Forum.Controllers.CategoryController.CategoryGrid (Forum)", returned result "Microsoft.AspNetCore.Mvc.ViewResult" in 5.8892ms.
2023-10-19 02:24:08.596 +02:00 [Information] Executing ViewResult, running view "CategoryGrid".
2023-10-19 02:24:08.604 +02:00 [Information] Executed ViewResult - view "CategoryGrid" executed in 8.5317ms.
2023-10-19 02:24:08.604 +02:00 [Information] Executed action "Forum.Controllers.CategoryController.CategoryGrid (Forum)" in 44.0891ms
2023-10-19 02:24:08.604 +02:00 [Information] Executed endpoint '"Forum.Controllers.CategoryController.CategoryGrid (Forum)"'
2023-10-19 02:24:08.606 +02:00 [Information] Request finished HTTP/2 GET https://localhost:7205/Category/CategoryGrid - - - 200 - text/html;+charset=utf-8 47.8285ms
2023-10-19 02:24:08.614 +02:00 [Information] Request starting HTTP/2 GET https://localhost:7205/_framework/aspnetcore-browser-refresh.js - -
2023-10-19 02:24:08.615 +02:00 [Information] Request finished HTTP/2 GET https://localhost:7205/_framework/aspnetcore-browser-refresh.js - - - 200 12342 application/javascript;+charset=utf-8 0.3106ms
2023-10-19 02:24:08.616 +02:00 [Information] Request starting HTTP/2 GET https://localhost:7205/_vs/browserLink - -
2023-10-19 02:24:08.620 +02:00 [Information] Request finished HTTP/2 GET https://localhost:7205/_vs/browserLink - - - 200 - text/javascript;+charset=UTF-8 4.2428ms
