2023-10-30 03:40:25.449 +01:00 [Information] User profile is available. Using '"C:\Users\Johan\AppData\Local\ASP.NET\DataProtection-Keys"' as key repository and Windows DPAPI to encrypt keys at rest.
2023-10-30 03:40:26.096 +01:00 [Information] Now listening on: "https://localhost:7205"
2023-10-30 03:40:26.096 +01:00 [Information] Now listening on: "http://localhost:5112"
2023-10-30 03:40:26.101 +01:00 [Information] Application started. Press Ctrl+C to shut down.
2023-10-30 03:40:26.102 +01:00 [Information] Hosting environment: "Development"
2023-10-30 03:40:26.103 +01:00 [Information] Content root path: "C:\Users\Johan\Source\Repos\N4h0\Forum\MyShop\"
2023-10-30 03:40:26.425 +01:00 [Information] Request starting HTTP/2 GET https://localhost:7205/ - -
2023-10-30 03:40:26.475 +01:00 [Information] Executing endpoint '"Forum.Controllers.HomeController.Index (Forum)"'
2023-10-30 03:40:26.485 +01:00 [Information] Route matched with "{action = \"Index\", controller = \"Home\", page = \"\", area = \"\"}". Executing controller action with signature "System.Threading.Tasks.Task`1[Microsoft.AspNetCore.Mvc.IActionResult] Index()" on controller "Forum.Controllers.HomeController" ("Forum").
2023-10-30 03:40:26.524 +01:00 [Information] Executing ViewResult, running view "Index".
2023-10-30 03:40:26.718 +01:00 [Information] Executed ViewResult - view "Index" executed in 194.0048ms.
2023-10-30 03:40:26.721 +01:00 [Information] Executed action "Forum.Controllers.HomeController.Index (Forum)" in 236.2591ms
2023-10-30 03:40:26.722 +01:00 [Information] Executed endpoint '"Forum.Controllers.HomeController.Index (Forum)"'
2023-10-30 03:40:26.744 +01:00 [Information] Request finished HTTP/2 GET https://localhost:7205/ - - - 200 - text/html;+charset=utf-8 321.8130ms
2023-10-30 03:40:26.778 +01:00 [Information] Request starting HTTP/2 GET https://localhost:7205/_framework/aspnetcore-browser-refresh.js - -
2023-10-30 03:40:26.781 +01:00 [Information] Request finished HTTP/2 GET https://localhost:7205/_framework/aspnetcore-browser-refresh.js - - - 200 12342 application/javascript;+charset=utf-8 2.6329ms
2023-10-30 03:40:26.784 +01:00 [Information] Request starting HTTP/2 GET https://localhost:7205/_vs/browserLink - -
2023-10-30 03:40:26.794 +01:00 [Information] Request finished HTTP/2 GET https://localhost:7205/_vs/browserLink - - - 200 - text/javascript;+charset=UTF-8 9.1482ms
2023-10-30 03:40:27.363 +01:00 [Information] Request starting HTTP/2 GET https://localhost:7205/Post/PostDetails/2 - -
2023-10-30 03:40:27.367 +01:00 [Information] Executing endpoint '"Forum.Controllers.PostController.PostDetails (Forum)"'
2023-10-30 03:40:27.374 +01:00 [Information] Route matched with "{action = \"PostDetails\", controller = \"Post\", page = \"\", area = \"\"}". Executing controller action with signature "System.Threading.Tasks.Task`1[Microsoft.AspNetCore.Mvc.IActionResult] PostDetails(Int32)" on controller "Forum.Controllers.PostController" ("Forum").
2023-10-30 03:40:27.385 +01:00 [Information] Executing ViewResult, running view "PostDetails".
2023-10-30 03:40:27.445 +01:00 [Information] Executed ViewResult - view "PostDetails" executed in 60.3178ms.
2023-10-30 03:40:27.445 +01:00 [Information] Executed action "Forum.Controllers.PostController.PostDetails (Forum)" in 70.9873ms
2023-10-30 03:40:27.445 +01:00 [Information] Executed endpoint '"Forum.Controllers.PostController.PostDetails (Forum)"'
2023-10-30 03:40:27.446 +01:00 [Information] Request finished HTTP/2 GET https://localhost:7205/Post/PostDetails/2 - - - 200 - text/html;+charset=utf-8 82.9573ms
2023-10-30 03:40:27.453 +01:00 [Information] Request starting HTTP/2 GET https://localhost:7205/_framework/aspnetcore-browser-refresh.js - -
2023-10-30 03:40:27.453 +01:00 [Information] Request starting HTTP/2 GET https://localhost:7205/_vs/browserLink - -
2023-10-30 03:40:27.454 +01:00 [Information] Request finished HTTP/2 GET https://localhost:7205/_framework/aspnetcore-browser-refresh.js - - - 200 12342 application/javascript;+charset=utf-8 0.5973ms
2023-10-30 03:40:27.457 +01:00 [Information] Request finished HTTP/2 GET https://localhost:7205/_vs/browserLink - - - 200 - text/javascript;+charset=UTF-8 3.8365ms
2023-10-30 03:40:28.757 +01:00 [Information] Request starting HTTP/2 GET https://localhost:7205/Comment/CreateComment?postId=2 - -
2023-10-30 03:40:28.769 +01:00 [Information] Executing endpoint '"Forum.Controllers.CommentController.CreateComment (Forum)"'
2023-10-30 03:40:28.770 +01:00 [Information] Route matched with "{action = \"CreateComment\", controller = \"Comment\", page = \"\", area = \"\"}". Executing controller action with signature "Microsoft.AspNetCore.Mvc.IActionResult CreateComment(Int32)" on controller "Forum.Controllers.CommentController" ("Forum").
2023-10-30 03:40:28.774 +01:00 [Information] Executing ViewResult, running view "CreateComment".
2023-10-30 03:40:28.797 +01:00 [Information] Executed ViewResult - view "CreateComment" executed in 23.294ms.
2023-10-30 03:40:28.797 +01:00 [Information] Executed action "Forum.Controllers.CommentController.CreateComment (Forum)" in 26.7606ms
2023-10-30 03:40:28.797 +01:00 [Information] Executed endpoint '"Forum.Controllers.CommentController.CreateComment (Forum)"'
2023-10-30 03:40:28.799 +01:00 [Information] Request finished HTTP/2 GET https://localhost:7205/Comment/CreateComment?postId=2 - - - 200 - text/html;+charset=utf-8 41.7478ms
2023-10-30 03:40:28.804 +01:00 [Information] Request starting HTTP/2 GET https://localhost:7205/_vs/browserLink - -
2023-10-30 03:40:28.804 +01:00 [Information] Request starting HTTP/2 GET https://localhost:7205/_framework/aspnetcore-browser-refresh.js - -
2023-10-30 03:40:28.805 +01:00 [Information] Request finished HTTP/2 GET https://localhost:7205/_framework/aspnetcore-browser-refresh.js - - - 200 12342 application/javascript;+charset=utf-8 0.3078ms
2023-10-30 03:40:28.809 +01:00 [Information] Request finished HTTP/2 GET https://localhost:7205/_vs/browserLink - - - 200 - text/javascript;+charset=UTF-8 4.2908ms
2023-10-30 03:40:35.207 +01:00 [Information] Request starting HTTP/2 GET https://localhost:7205/Post/PostDetails/2 - -
2023-10-30 03:40:35.210 +01:00 [Information] Executing endpoint '"Forum.Controllers.PostController.PostDetails (Forum)"'
2023-10-30 03:40:35.211 +01:00 [Information] Route matched with "{action = \"PostDetails\", controller = \"Post\", page = \"\", area = \"\"}". Executing controller action with signature "System.Threading.Tasks.Task`1[Microsoft.AspNetCore.Mvc.IActionResult] PostDetails(Int32)" on controller "Forum.Controllers.PostController" ("Forum").
2023-10-30 03:40:35.213 +01:00 [Information] Executing ViewResult, running view "PostDetails".
2023-10-30 03:40:35.226 +01:00 [Information] Executed ViewResult - view "PostDetails" executed in 12.4264ms.
2023-10-30 03:40:35.226 +01:00 [Information] Executed action "Forum.Controllers.PostController.PostDetails (Forum)" in 15.3311ms
2023-10-30 03:40:35.226 +01:00 [Information] Executed endpoint '"Forum.Controllers.PostController.PostDetails (Forum)"'
2023-10-30 03:40:35.227 +01:00 [Information] Request finished HTTP/2 GET https://localhost:7205/Post/PostDetails/2 - - - 200 - text/html;+charset=utf-8 19.9183ms
2023-10-30 03:40:35.232 +01:00 [Information] Request starting HTTP/2 GET https://localhost:7205/_framework/aspnetcore-browser-refresh.js - -
2023-10-30 03:40:35.232 +01:00 [Information] Request finished HTTP/2 GET https://localhost:7205/_framework/aspnetcore-browser-refresh.js - - - 200 12342 application/javascript;+charset=utf-8 0.2107ms
2023-10-30 03:40:40.701 +01:00 [Information] Request starting HTTP/2 GET https://localhost:7205/Topic/TopicDetails/1 - -
2023-10-30 03:40:40.704 +01:00 [Information] Executing endpoint '"Forum.Controllers.TopicController.TopicDetails (Forum)"'
2023-10-30 03:40:40.706 +01:00 [Information] Route matched with "{action = \"TopicDetails\", controller = \"Topic\", page = \"\", area = \"\"}". Executing controller action with signature "System.Threading.Tasks.Task`1[Microsoft.AspNetCore.Mvc.IActionResult] TopicDetails(Int32)" on controller "Forum.Controllers.TopicController" ("Forum").
2023-10-30 03:40:40.711 +01:00 [Information] Executing ViewResult, running view "TopicDetails".
2023-10-30 03:40:40.735 +01:00 [Information] Executed ViewResult - view "TopicDetails" executed in 24.1495ms.
2023-10-30 03:40:40.735 +01:00 [Information] Executed action "Forum.Controllers.TopicController.TopicDetails (Forum)" in 28.5963ms
2023-10-30 03:40:40.735 +01:00 [Information] Executed endpoint '"Forum.Controllers.TopicController.TopicDetails (Forum)"'
2023-10-30 03:40:40.736 +01:00 [Information] Request finished HTTP/2 GET https://localhost:7205/Topic/TopicDetails/1 - - - 200 - text/html;+charset=utf-8 35.6218ms
2023-10-30 03:40:40.744 +01:00 [Information] Request starting HTTP/2 GET https://localhost:7205/_framework/aspnetcore-browser-refresh.js - -
2023-10-30 03:40:40.744 +01:00 [Information] Request starting HTTP/2 GET https://localhost:7205/_vs/browserLink - -
2023-10-30 03:40:40.744 +01:00 [Information] Request finished HTTP/2 GET https://localhost:7205/_framework/aspnetcore-browser-refresh.js - - - 200 12342 application/javascript;+charset=utf-8 0.3378ms
2023-10-30 03:40:40.746 +01:00 [Information] Request finished HTTP/2 GET https://localhost:7205/_vs/browserLink - - - 200 - text/javascript;+charset=UTF-8 2.5168ms
2023-10-30 03:41:02.565 +01:00 [Information] Request starting HTTP/2 GET https://localhost:7205/Post/PostDetails/2 - -
2023-10-30 03:41:02.569 +01:00 [Information] Executing endpoint '"Forum.Controllers.PostController.PostDetails (Forum)"'
2023-10-30 03:41:02.569 +01:00 [Information] Route matched with "{action = \"PostDetails\", controller = \"Post\", page = \"\", area = \"\"}". Executing controller action with signature "System.Threading.Tasks.Task`1[Microsoft.AspNetCore.Mvc.IActionResult] PostDetails(Int32)" on controller "Forum.Controllers.PostController" ("Forum").
2023-10-30 03:41:02.571 +01:00 [Information] Executing ViewResult, running view "PostDetails".
2023-10-30 03:41:02.580 +01:00 [Information] Executed ViewResult - view "PostDetails" executed in 9.3682ms.
2023-10-30 03:41:02.580 +01:00 [Information] Executed action "Forum.Controllers.PostController.PostDetails (Forum)" in 11.2087ms
2023-10-30 03:41:02.580 +01:00 [Information] Executed endpoint '"Forum.Controllers.PostController.PostDetails (Forum)"'
2023-10-30 03:41:02.583 +01:00 [Information] Request finished HTTP/2 GET https://localhost:7205/Post/PostDetails/2 - - - 200 - text/html;+charset=utf-8 17.1367ms
2023-10-30 03:41:02.590 +01:00 [Information] Request starting HTTP/2 GET https://localhost:7205/_framework/aspnetcore-browser-refresh.js - -
2023-10-30 03:41:02.590 +01:00 [Information] Request starting HTTP/2 GET https://localhost:7205/_vs/browserLink - -
2023-10-30 03:41:02.590 +01:00 [Information] Request finished HTTP/2 GET https://localhost:7205/_framework/aspnetcore-browser-refresh.js - - - 200 12342 application/javascript;+charset=utf-8 0.3769ms
2023-10-30 03:41:02.592 +01:00 [Information] Request finished HTTP/2 GET https://localhost:7205/_vs/browserLink - - - 200 - text/javascript;+charset=UTF-8 2.5998ms
2023-10-30 03:41:57.613 +01:00 [Information] Request starting HTTP/2 GET https://localhost:7205/Topic/TopicDetails/1 - -
2023-10-30 03:41:57.621 +01:00 [Information] Executing endpoint '"Forum.Controllers.TopicController.TopicDetails (Forum)"'
2023-10-30 03:41:57.621 +01:00 [Information] Route matched with "{action = \"TopicDetails\", controller = \"Topic\", page = \"\", area = \"\"}". Executing controller action with signature "System.Threading.Tasks.Task`1[Microsoft.AspNetCore.Mvc.IActionResult] TopicDetails(Int32)" on controller "Forum.Controllers.TopicController" ("Forum").
2023-10-30 03:41:57.623 +01:00 [Information] Executing ViewResult, running view "TopicDetails".
2023-10-30 03:41:57.638 +01:00 [Information] Executed ViewResult - view "TopicDetails" executed in 14.3458ms.
2023-10-30 03:41:57.638 +01:00 [Information] Executed action "Forum.Controllers.TopicController.TopicDetails (Forum)" in 16.3232ms
2023-10-30 03:41:57.638 +01:00 [Information] Executed endpoint '"Forum.Controllers.TopicController.TopicDetails (Forum)"'
2023-10-30 03:41:57.639 +01:00 [Information] Request finished HTTP/2 GET https://localhost:7205/Topic/TopicDetails/1 - - - 200 - text/html;+charset=utf-8 26.1917ms
2023-10-30 03:41:57.646 +01:00 [Information] Request starting HTTP/2 GET https://localhost:7205/_framework/aspnetcore-browser-refresh.js - -
2023-10-30 03:41:57.646 +01:00 [Information] Request starting HTTP/2 GET https://localhost:7205/_vs/browserLink - -
2023-10-30 03:41:57.646 +01:00 [Information] Request finished HTTP/2 GET https://localhost:7205/_framework/aspnetcore-browser-refresh.js - - - 200 12342 application/javascript;+charset=utf-8 0.3298ms
2023-10-30 03:41:57.649 +01:00 [Information] Request finished HTTP/2 GET https://localhost:7205/_vs/browserLink - - - 200 - text/javascript;+charset=UTF-8 2.2529ms
2023-10-30 03:41:59.340 +01:00 [Information] Request starting HTTP/2 GET https://localhost:7205/Post/PostDetails/2 - -
2023-10-30 03:41:59.342 +01:00 [Information] Executing endpoint '"Forum.Controllers.PostController.PostDetails (Forum)"'
2023-10-30 03:41:59.342 +01:00 [Information] Route matched with "{action = \"PostDetails\", controller = \"Post\", page = \"\", area = \"\"}". Executing controller action with signature "System.Threading.Tasks.Task`1[Microsoft.AspNetCore.Mvc.IActionResult] PostDetails(Int32)" on controller "Forum.Controllers.PostController" ("Forum").
2023-10-30 03:41:59.344 +01:00 [Information] Executing ViewResult, running view "PostDetails".
2023-10-30 03:41:59.353 +01:00 [Information] Executed ViewResult - view "PostDetails" executed in 8.928ms.
2023-10-30 03:41:59.353 +01:00 [Information] Executed action "Forum.Controllers.PostController.PostDetails (Forum)" in 10.5898ms
2023-10-30 03:41:59.353 +01:00 [Information] Executed endpoint '"Forum.Controllers.PostController.PostDetails (Forum)"'
2023-10-30 03:41:59.354 +01:00 [Information] Request finished HTTP/2 GET https://localhost:7205/Post/PostDetails/2 - - - 200 - text/html;+charset=utf-8 13.9712ms
2023-10-30 03:41:59.362 +01:00 [Information] Request starting HTTP/2 GET https://localhost:7205/_vs/browserLink - -
2023-10-30 03:41:59.362 +01:00 [Information] Request starting HTTP/2 GET https://localhost:7205/_framework/aspnetcore-browser-refresh.js - -
2023-10-30 03:41:59.363 +01:00 [Information] Request finished HTTP/2 GET https://localhost:7205/_framework/aspnetcore-browser-refresh.js - - - 200 12342 application/javascript;+charset=utf-8 0.3086ms
2023-10-30 03:41:59.365 +01:00 [Information] Request finished HTTP/2 GET https://localhost:7205/_vs/browserLink - - - 200 - text/javascript;+charset=UTF-8 2.5926ms
