2023-10-23 11:47:42.924 +02:00 [Information] User profile is available. Using '"C:\Users\Johan\AppData\Local\ASP.NET\DataProtection-Keys"' as key repository and Windows DPAPI to encrypt keys at rest.
2023-10-23 11:47:43.584 +02:00 [Information] Now listening on: "https://localhost:7205"
2023-10-23 11:47:43.584 +02:00 [Information] Now listening on: "http://localhost:5112"
2023-10-23 11:47:43.590 +02:00 [Information] Application started. Press Ctrl+C to shut down.
2023-10-23 11:47:43.591 +02:00 [Information] Hosting environment: "Development"
2023-10-23 11:47:43.592 +02:00 [Information] Content root path: "C:\Users\Johan\Source\Repos\N4h0\Forum\MyShop\"
2023-10-23 11:47:44.175 +02:00 [Information] Request starting HTTP/2 GET https://localhost:7205/ - -
2023-10-23 11:47:44.230 +02:00 [Information] Executing endpoint '"Forum.Controllers.HomeController.Index (Forum)"'
2023-10-23 11:47:44.238 +02:00 [Information] Route matched with "{action = \"Index\", controller = \"Home\", page = \"\", area = \"\"}". Executing controller action with signature "Microsoft.AspNetCore.Mvc.IActionResult Index()" on controller "Forum.Controllers.HomeController" ("Forum").
2023-10-23 11:47:44.244 +02:00 [Information] Executing ViewResult, running view "Index".
2023-10-23 11:47:44.357 +02:00 [Information] Executed ViewResult - view "Index" executed in 113.3483ms.
2023-10-23 11:47:44.360 +02:00 [Information] Executed action "Forum.Controllers.HomeController.Index (Forum)" in 121.8333ms
2023-10-23 11:47:44.361 +02:00 [Information] Executed endpoint '"Forum.Controllers.HomeController.Index (Forum)"'
2023-10-23 11:47:44.381 +02:00 [Information] Request starting HTTP/2 GET https://localhost:7205/_framework/aspnetcore-browser-refresh.js - -
2023-10-23 11:47:44.381 +02:00 [Information] Request starting HTTP/2 GET https://localhost:7205/lib/bootstrap/css/crtstyle.css - -
2023-10-23 11:47:44.384 +02:00 [Information] Request finished HTTP/2 GET https://localhost:7205/ - - - 200 - text/html;+charset=utf-8 210.5276ms
2023-10-23 11:47:44.385 +02:00 [Information] Request finished HTTP/2 GET https://localhost:7205/_framework/aspnetcore-browser-refresh.js - - - 200 12342 application/javascript;+charset=utf-8 3.9817ms
2023-10-23 11:47:44.394 +02:00 [Information] The file "/lib/bootstrap/css/crtstyle.css" was not modified
2023-10-23 11:47:44.394 +02:00 [Information] Request finished HTTP/2 GET https://localhost:7205/lib/bootstrap/css/crtstyle.css - - - 304 - text/css 13.7035ms
2023-10-23 11:47:44.415 +02:00 [Information] Request starting HTTP/2 GET https://localhost:7205/_vs/browserLink - -
2023-10-23 11:47:44.425 +02:00 [Information] Request finished HTTP/2 GET https://localhost:7205/_vs/browserLink - - - 200 - text/javascript;+charset=UTF-8 10.5057ms
2023-10-23 11:47:46.736 +02:00 [Information] Request starting HTTP/2 GET https://localhost:7205/Category/CategoryTable - -
2023-10-23 11:47:46.740 +02:00 [Information] Executing endpoint '"Forum.Controllers.CategoryController.CategoryTable (Forum)"'
2023-10-23 11:47:46.742 +02:00 [Information] Route matched with "{action = \"CategoryTable\", controller = \"Category\", page = \"\", area = \"\"}". Executing controller action with signature "System.Threading.Tasks.Task`1[Microsoft.AspNetCore.Mvc.IActionResult] CategoryTable()" on controller "Forum.Controllers.CategoryController" ("Forum").
2023-10-23 11:47:46.763 +02:00 [Information] Executing ViewResult, running view "CategoryTable".
2023-10-23 11:47:46.778 +02:00 [Information] Executed ViewResult - view "CategoryTable" executed in 15.3837ms.
2023-10-23 11:47:46.779 +02:00 [Information] Executed action "Forum.Controllers.CategoryController.CategoryTable (Forum)" in 36.4753ms
2023-10-23 11:47:46.779 +02:00 [Information] Executed endpoint '"Forum.Controllers.CategoryController.CategoryTable (Forum)"'
2023-10-23 11:47:46.780 +02:00 [Information] Request finished HTTP/2 GET https://localhost:7205/Category/CategoryTable - - - 200 - text/html;+charset=utf-8 44.6311ms
2023-10-23 11:47:46.785 +02:00 [Information] Request starting HTTP/2 GET https://localhost:7205/_framework/aspnetcore-browser-refresh.js - -
2023-10-23 11:47:46.785 +02:00 [Information] Request starting HTTP/2 GET https://localhost:7205/_vs/browserLink - -
2023-10-23 11:47:46.786 +02:00 [Information] Request finished HTTP/2 GET https://localhost:7205/_framework/aspnetcore-browser-refresh.js - - - 200 12342 application/javascript;+charset=utf-8 0.2988ms
2023-10-23 11:47:46.790 +02:00 [Information] Request finished HTTP/2 GET https://localhost:7205/_vs/browserLink - - - 200 - text/javascript;+charset=UTF-8 4.3178ms
2023-10-23 11:47:47.854 +02:00 [Information] Request starting HTTP/2 GET https://localhost:7205/Category/CategoryDetails/1 - -
2023-10-23 11:47:47.861 +02:00 [Information] Executing endpoint '"Forum.Controllers.CategoryController.CategoryDetails (Forum)"'
2023-10-23 11:47:47.868 +02:00 [Information] Route matched with "{action = \"CategoryDetails\", controller = \"Category\", page = \"\", area = \"\"}". Executing controller action with signature "System.Threading.Tasks.Task`1[Microsoft.AspNetCore.Mvc.IActionResult] CategoryDetails(Int32)" on controller "Forum.Controllers.CategoryController" ("Forum").
2023-10-23 11:47:47.887 +02:00 [Information] Executing ViewResult, running view "CategoryDetails".
2023-10-23 11:47:47.941 +02:00 [Information] Executed ViewResult - view "CategoryDetails" executed in 55.0495ms.
2023-10-23 11:47:47.942 +02:00 [Information] Executed action "Forum.Controllers.CategoryController.CategoryDetails (Forum)" in 73.1735ms
2023-10-23 11:47:47.942 +02:00 [Information] Executed endpoint '"Forum.Controllers.CategoryController.CategoryDetails (Forum)"'
2023-10-23 11:47:47.943 +02:00 [Information] Request finished HTTP/2 GET https://localhost:7205/Category/CategoryDetails/1 - - - 200 - text/html;+charset=utf-8 89.0898ms
2023-10-23 11:47:47.948 +02:00 [Information] Request starting HTTP/2 GET https://localhost:7205/_framework/aspnetcore-browser-refresh.js - -
2023-10-23 11:47:47.948 +02:00 [Information] Request starting HTTP/2 GET https://localhost:7205/_vs/browserLink - -
2023-10-23 11:47:47.948 +02:00 [Information] Request finished HTTP/2 GET https://localhost:7205/_framework/aspnetcore-browser-refresh.js - - - 200 12342 application/javascript;+charset=utf-8 0.2453ms
2023-10-23 11:47:47.950 +02:00 [Information] Request finished HTTP/2 GET https://localhost:7205/_vs/browserLink - - - 200 - text/javascript;+charset=UTF-8 2.6235ms
2023-10-23 11:47:48.891 +02:00 [Information] Request starting HTTP/2 GET https://localhost:7205/Room/RoomDetails/1 - -
2023-10-23 11:47:48.893 +02:00 [Information] Executing endpoint '"Forum.Controllers.RoomController.RoomDetails (Forum)"'
2023-10-23 11:47:48.896 +02:00 [Information] Route matched with "{action = \"RoomDetails\", controller = \"Room\", page = \"\", area = \"\"}". Executing controller action with signature "System.Threading.Tasks.Task`1[Microsoft.AspNetCore.Mvc.IActionResult] RoomDetails(Int32)" on controller "Forum.Controllers.RoomController" ("Forum").
2023-10-23 11:47:48.901 +02:00 [Information] Executing ViewResult, running view "RoomDetails".
2023-10-23 11:47:48.929 +02:00 [Information] Executed ViewResult - view "RoomDetails" executed in 27.7543ms.
2023-10-23 11:47:48.929 +02:00 [Information] Executed action "Forum.Controllers.RoomController.RoomDetails (Forum)" in 32.4875ms
2023-10-23 11:47:48.929 +02:00 [Information] Executed endpoint '"Forum.Controllers.RoomController.RoomDetails (Forum)"'
2023-10-23 11:47:48.930 +02:00 [Information] Request finished HTTP/2 GET https://localhost:7205/Room/RoomDetails/1 - - - 200 - text/html;+charset=utf-8 38.5679ms
2023-10-23 11:47:48.936 +02:00 [Information] Request starting HTTP/2 GET https://localhost:7205/_framework/aspnetcore-browser-refresh.js - -
2023-10-23 11:47:48.936 +02:00 [Information] Request starting HTTP/2 GET https://localhost:7205/_vs/browserLink - -
2023-10-23 11:47:48.936 +02:00 [Information] Request finished HTTP/2 GET https://localhost:7205/_framework/aspnetcore-browser-refresh.js - - - 200 12342 application/javascript;+charset=utf-8 0.2249ms
2023-10-23 11:47:48.938 +02:00 [Information] Request finished HTTP/2 GET https://localhost:7205/_vs/browserLink - - - 200 - text/javascript;+charset=UTF-8 2.4383ms
2023-10-23 11:47:49.496 +02:00 [Information] Request starting HTTP/2 GET https://localhost:7205/Topic/TopicDetails/1 - -
2023-10-23 11:47:49.498 +02:00 [Information] Executing endpoint '"Forum.Controllers.TopicController.TopicDetails (Forum)"'
2023-10-23 11:47:49.500 +02:00 [Information] Route matched with "{action = \"TopicDetails\", controller = \"Topic\", page = \"\", area = \"\"}". Executing controller action with signature "System.Threading.Tasks.Task`1[Microsoft.AspNetCore.Mvc.IActionResult] TopicDetails(Int32)" on controller "Forum.Controllers.TopicController" ("Forum").
2023-10-23 11:47:49.504 +02:00 [Information] Executing ViewResult, running view "TopicDetails".
2023-10-23 11:47:49.533 +02:00 [Information] Executed ViewResult - view "TopicDetails" executed in 28.6431ms.
2023-10-23 11:47:49.533 +02:00 [Information] Executed action "Forum.Controllers.TopicController.TopicDetails (Forum)" in 32.7833ms
2023-10-23 11:47:49.533 +02:00 [Information] Executed endpoint '"Forum.Controllers.TopicController.TopicDetails (Forum)"'
2023-10-23 11:47:49.535 +02:00 [Information] Request finished HTTP/2 GET https://localhost:7205/Topic/TopicDetails/1 - - - 200 - text/html;+charset=utf-8 38.8415ms
2023-10-23 11:47:49.542 +02:00 [Information] Request starting HTTP/2 GET https://localhost:7205/_framework/aspnetcore-browser-refresh.js - -
2023-10-23 11:47:49.542 +02:00 [Information] Request starting HTTP/2 GET https://localhost:7205/_vs/browserLink - -
2023-10-23 11:47:49.542 +02:00 [Information] Request finished HTTP/2 GET https://localhost:7205/_framework/aspnetcore-browser-refresh.js - - - 200 12342 application/javascript;+charset=utf-8 0.2773ms
2023-10-23 11:47:49.544 +02:00 [Information] Request finished HTTP/2 GET https://localhost:7205/_vs/browserLink - - - 200 - text/javascript;+charset=UTF-8 2.3298ms
2023-10-23 11:47:51.035 +02:00 [Information] Request starting HTTP/2 GET https://localhost:7205/Post/CreatePost?topicId=1 - -
2023-10-23 11:47:51.042 +02:00 [Information] Executing endpoint '"Forum.Controllers.PostController.CreatePost (Forum)"'
2023-10-23 11:47:51.043 +02:00 [Information] Route matched with "{action = \"CreatePost\", controller = \"Post\", page = \"\", area = \"\"}". Executing controller action with signature "Microsoft.AspNetCore.Mvc.IActionResult CreatePost(Int32)" on controller "Forum.Controllers.PostController" ("Forum").
2023-10-23 11:47:51.046 +02:00 [Information] Executing ViewResult, running view "CreatePost".
2023-10-23 11:47:51.070 +02:00 [Information] Executed ViewResult - view "CreatePost" executed in 23.7168ms.
2023-10-23 11:47:51.070 +02:00 [Information] Executed action "Forum.Controllers.PostController.CreatePost (Forum)" in 27.0696ms
2023-10-23 11:47:51.070 +02:00 [Information] Executed endpoint '"Forum.Controllers.PostController.CreatePost (Forum)"'
2023-10-23 11:47:51.073 +02:00 [Information] Request finished HTTP/2 GET https://localhost:7205/Post/CreatePost?topicId=1 - - - 200 - text/html;+charset=utf-8 37.6051ms
2023-10-23 11:47:51.080 +02:00 [Information] Request starting HTTP/2 GET https://localhost:7205/_vs/browserLink - -
2023-10-23 11:47:51.080 +02:00 [Information] Request starting HTTP/2 GET https://localhost:7205/_framework/aspnetcore-browser-refresh.js - -
2023-10-23 11:47:51.080 +02:00 [Information] Request finished HTTP/2 GET https://localhost:7205/_framework/aspnetcore-browser-refresh.js - - - 200 12342 application/javascript;+charset=utf-8 0.3131ms
2023-10-23 11:47:51.082 +02:00 [Information] Request finished HTTP/2 GET https://localhost:7205/_vs/browserLink - - - 200 - text/javascript;+charset=UTF-8 2.3508ms
2023-10-23 11:47:55.140 +02:00 [Information] Request starting HTTP/2 POST https://localhost:7205/Post/Createpost?topicId=1 application/x-www-form-urlencoded 354
2023-10-23 11:47:55.143 +02:00 [Information] Executing endpoint '"Forum.Controllers.PostController.CreatePost (Forum)"'
2023-10-23 11:47:55.147 +02:00 [Information] Route matched with "{action = \"CreatePost\", controller = \"Post\", page = \"\", area = \"\"}". Executing controller action with signature "System.Threading.Tasks.Task`1[Microsoft.AspNetCore.Mvc.IActionResult] CreatePost(Forum.ViewModels.PostCommentViewModel)" on controller "Forum.Controllers.PostController" ("Forum").
2023-10-23 11:47:55.269 +02:00 [Error] Failed executing DbCommand ("2"ms) [Parameters=["@p0='?' (DbType = Int32), @p1='?' (DbType = DateTime), @p2='?' (Size = 3), @p3='?' (DbType = Int32), @p4='?' (Size = 36)"], CommandType='Text', CommandTimeout='30']"
""INSERT INTO \"Posts\" (\"PostId\", \"PostTime\", \"PostTitle\", \"TopicId\", \"UserId\")
VALUES (@p0, @p1, @p2, @p3, @p4);"
2023-10-23 11:47:55.302 +02:00 [Error] An exception occurred in the database while saving changes for context type '"Forum.Models.CategoryDbContext"'."
""Microsoft.EntityFrameworkCore.DbUpdateException: An error occurred while saving the entity changes. See the inner exception for details.
 ---> Microsoft.Data.Sqlite.SqliteException (0x80004005): SQLite Error 19: 'UNIQUE constraint failed: Posts.PostId'.
   at Microsoft.Data.Sqlite.SqliteException.ThrowExceptionForRC(Int32 rc, sqlite3 db)
   at Microsoft.Data.Sqlite.SqliteDataReader.NextResult()
   at Microsoft.Data.Sqlite.SqliteCommand.ExecuteReader(CommandBehavior behavior)
   at Microsoft.Data.Sqlite.SqliteCommand.ExecuteReaderAsync(CommandBehavior behavior, CancellationToken cancellationToken)
   at Microsoft.Data.Sqlite.SqliteCommand.ExecuteDbDataReaderAsync(CommandBehavior behavior, CancellationToken cancellationToken)
   at Microsoft.EntityFrameworkCore.Storage.RelationalCommand.ExecuteReaderAsync(RelationalCommandParameterObject parameterObject, CancellationToken cancellationToken)
   at Microsoft.EntityFrameworkCore.Storage.RelationalCommand.ExecuteReaderAsync(RelationalCommandParameterObject parameterObject, CancellationToken cancellationToken)
   at Microsoft.EntityFrameworkCore.Update.ReaderModificationCommandBatch.ExecuteAsync(IRelationalConnection connection, CancellationToken cancellationToken)
   --- End of inner exception stack trace ---
   at Microsoft.EntityFrameworkCore.Update.ReaderModificationCommandBatch.ExecuteAsync(IRelationalConnection connection, CancellationToken cancellationToken)
   at Microsoft.EntityFrameworkCore.Update.Internal.BatchExecutor.ExecuteAsync(IEnumerable`1 commandBatches, IRelationalConnection connection, CancellationToken cancellationToken)
   at Microsoft.EntityFrameworkCore.Update.Internal.BatchExecutor.ExecuteAsync(IEnumerable`1 commandBatches, IRelationalConnection connection, CancellationToken cancellationToken)
   at Microsoft.EntityFrameworkCore.Update.Internal.BatchExecutor.ExecuteAsync(IEnumerable`1 commandBatches, IRelationalConnection connection, CancellationToken cancellationToken)
   at Microsoft.EntityFrameworkCore.ChangeTracking.Internal.StateManager.SaveChangesAsync(IList`1 entriesToSave, CancellationToken cancellationToken)
   at Microsoft.EntityFrameworkCore.ChangeTracking.Internal.StateManager.SaveChangesAsync(StateManager stateManager, Boolean acceptAllChangesOnSuccess, CancellationToken cancellationToken)
   at Microsoft.EntityFrameworkCore.DbContext.SaveChangesAsync(Boolean acceptAllChangesOnSuccess, CancellationToken cancellationToken)"
Microsoft.EntityFrameworkCore.DbUpdateException: An error occurred while saving the entity changes. See the inner exception for details.
 ---> Microsoft.Data.Sqlite.SqliteException (0x80004005): SQLite Error 19: 'UNIQUE constraint failed: Posts.PostId'.
   at Microsoft.Data.Sqlite.SqliteException.ThrowExceptionForRC(Int32 rc, sqlite3 db)
   at Microsoft.Data.Sqlite.SqliteDataReader.NextResult()
   at Microsoft.Data.Sqlite.SqliteCommand.ExecuteReader(CommandBehavior behavior)
   at Microsoft.Data.Sqlite.SqliteCommand.ExecuteReaderAsync(CommandBehavior behavior, CancellationToken cancellationToken)
   at Microsoft.Data.Sqlite.SqliteCommand.ExecuteDbDataReaderAsync(CommandBehavior behavior, CancellationToken cancellationToken)
   at Microsoft.EntityFrameworkCore.Storage.RelationalCommand.ExecuteReaderAsync(RelationalCommandParameterObject parameterObject, CancellationToken cancellationToken)
   at Microsoft.EntityFrameworkCore.Storage.RelationalCommand.ExecuteReaderAsync(RelationalCommandParameterObject parameterObject, CancellationToken cancellationToken)
   at Microsoft.EntityFrameworkCore.Update.ReaderModificationCommandBatch.ExecuteAsync(IRelationalConnection connection, CancellationToken cancellationToken)
   --- End of inner exception stack trace ---
   at Microsoft.EntityFrameworkCore.Update.ReaderModificationCommandBatch.ExecuteAsync(IRelationalConnection connection, CancellationToken cancellationToken)
   at Microsoft.EntityFrameworkCore.Update.Internal.BatchExecutor.ExecuteAsync(IEnumerable`1 commandBatches, IRelationalConnection connection, CancellationToken cancellationToken)
   at Microsoft.EntityFrameworkCore.Update.Internal.BatchExecutor.ExecuteAsync(IEnumerable`1 commandBatches, IRelationalConnection connection, CancellationToken cancellationToken)
   at Microsoft.EntityFrameworkCore.Update.Internal.BatchExecutor.ExecuteAsync(IEnumerable`1 commandBatches, IRelationalConnection connection, CancellationToken cancellationToken)
   at Microsoft.EntityFrameworkCore.ChangeTracking.Internal.StateManager.SaveChangesAsync(IList`1 entriesToSave, CancellationToken cancellationToken)
   at Microsoft.EntityFrameworkCore.ChangeTracking.Internal.StateManager.SaveChangesAsync(StateManager stateManager, Boolean acceptAllChangesOnSuccess, CancellationToken cancellationToken)
   at Microsoft.EntityFrameworkCore.DbContext.SaveChangesAsync(Boolean acceptAllChangesOnSuccess, CancellationToken cancellationToken)
2023-10-23 11:47:55.336 +02:00 [Error] [PoatRepository] post creation failed for post Post { PostId: 26, TopicId: 1, UserId: "8e536d43-e73a-456c-8311-4c8be16044bc", PostTitle: "ggg", PostTime: 01/01/0001 00:00:00, Topic: null, Comments: null }, error message: "An error occurred while saving the entity changes. See the inner exception for details."
2023-10-23 11:47:55.338 +02:00 [Information] [PostController] About to create comment Comment { CommentId: 0, UserId: "8e536d43-e73a-456c-8311-4c8be16044bc", PostId: 26, CommentDescription: "111111111111111111", Post: null }
2023-10-23 11:47:55.363 +02:00 [Error] Failed executing DbCommand ("0"ms) [Parameters=["@p0='?' (DbType = Int32), @p1='?' (DbType = DateTime), @p2='?' (Size = 3), @p3='?' (DbType = Int32), @p4='?' (Size = 36)"], CommandType='Text', CommandTimeout='30']"
""INSERT INTO \"Posts\" (\"PostId\", \"PostTime\", \"PostTitle\", \"TopicId\", \"UserId\")
VALUES (@p0, @p1, @p2, @p3, @p4);"
2023-10-23 11:47:55.377 +02:00 [Error] An exception occurred in the database while saving changes for context type '"Forum.Models.CategoryDbContext"'."
""Microsoft.EntityFrameworkCore.DbUpdateException: An error occurred while saving the entity changes. See the inner exception for details.
 ---> Microsoft.Data.Sqlite.SqliteException (0x80004005): SQLite Error 19: 'UNIQUE constraint failed: Posts.PostId'.
   at Microsoft.Data.Sqlite.SqliteException.ThrowExceptionForRC(Int32 rc, sqlite3 db)
   at Microsoft.Data.Sqlite.SqliteDataReader.NextResult()
   at Microsoft.Data.Sqlite.SqliteCommand.ExecuteReader(CommandBehavior behavior)
   at Microsoft.Data.Sqlite.SqliteCommand.ExecuteReaderAsync(CommandBehavior behavior, CancellationToken cancellationToken)
   at Microsoft.Data.Sqlite.SqliteCommand.ExecuteDbDataReaderAsync(CommandBehavior behavior, CancellationToken cancellationToken)
   at Microsoft.EntityFrameworkCore.Storage.RelationalCommand.ExecuteReaderAsync(RelationalCommandParameterObject parameterObject, CancellationToken cancellationToken)
   at Microsoft.EntityFrameworkCore.Storage.RelationalCommand.ExecuteReaderAsync(RelationalCommandParameterObject parameterObject, CancellationToken cancellationToken)
   at Microsoft.EntityFrameworkCore.Update.ReaderModificationCommandBatch.ExecuteAsync(IRelationalConnection connection, CancellationToken cancellationToken)
   --- End of inner exception stack trace ---
   at Microsoft.EntityFrameworkCore.Update.ReaderModificationCommandBatch.ExecuteAsync(IRelationalConnection connection, CancellationToken cancellationToken)
   at Microsoft.EntityFrameworkCore.Update.Internal.BatchExecutor.ExecuteAsync(IEnumerable`1 commandBatches, IRelationalConnection connection, CancellationToken cancellationToken)
   at Microsoft.EntityFrameworkCore.Update.Internal.BatchExecutor.ExecuteAsync(IEnumerable`1 commandBatches, IRelationalConnection connection, CancellationToken cancellationToken)
   at Microsoft.EntityFrameworkCore.Update.Internal.BatchExecutor.ExecuteAsync(IEnumerable`1 commandBatches, IRelationalConnection connection, CancellationToken cancellationToken)
   at Microsoft.EntityFrameworkCore.ChangeTracking.Internal.StateManager.SaveChangesAsync(IList`1 entriesToSave, CancellationToken cancellationToken)
   at Microsoft.EntityFrameworkCore.ChangeTracking.Internal.StateManager.SaveChangesAsync(StateManager stateManager, Boolean acceptAllChangesOnSuccess, CancellationToken cancellationToken)
   at Microsoft.EntityFrameworkCore.DbContext.SaveChangesAsync(Boolean acceptAllChangesOnSuccess, CancellationToken cancellationToken)"
Microsoft.EntityFrameworkCore.DbUpdateException: An error occurred while saving the entity changes. See the inner exception for details.
 ---> Microsoft.Data.Sqlite.SqliteException (0x80004005): SQLite Error 19: 'UNIQUE constraint failed: Posts.PostId'.
   at Microsoft.Data.Sqlite.SqliteException.ThrowExceptionForRC(Int32 rc, sqlite3 db)
   at Microsoft.Data.Sqlite.SqliteDataReader.NextResult()
   at Microsoft.Data.Sqlite.SqliteCommand.ExecuteReader(CommandBehavior behavior)
   at Microsoft.Data.Sqlite.SqliteCommand.ExecuteReaderAsync(CommandBehavior behavior, CancellationToken cancellationToken)
   at Microsoft.Data.Sqlite.SqliteCommand.ExecuteDbDataReaderAsync(CommandBehavior behavior, CancellationToken cancellationToken)
   at Microsoft.EntityFrameworkCore.Storage.RelationalCommand.ExecuteReaderAsync(RelationalCommandParameterObject parameterObject, CancellationToken cancellationToken)
   at Microsoft.EntityFrameworkCore.Storage.RelationalCommand.ExecuteReaderAsync(RelationalCommandParameterObject parameterObject, CancellationToken cancellationToken)
   at Microsoft.EntityFrameworkCore.Update.ReaderModificationCommandBatch.ExecuteAsync(IRelationalConnection connection, CancellationToken cancellationToken)
   --- End of inner exception stack trace ---
   at Microsoft.EntityFrameworkCore.Update.ReaderModificationCommandBatch.ExecuteAsync(IRelationalConnection connection, CancellationToken cancellationToken)
   at Microsoft.EntityFrameworkCore.Update.Internal.BatchExecutor.ExecuteAsync(IEnumerable`1 commandBatches, IRelationalConnection connection, CancellationToken cancellationToken)
   at Microsoft.EntityFrameworkCore.Update.Internal.BatchExecutor.ExecuteAsync(IEnumerable`1 commandBatches, IRelationalConnection connection, CancellationToken cancellationToken)
   at Microsoft.EntityFrameworkCore.Update.Internal.BatchExecutor.ExecuteAsync(IEnumerable`1 commandBatches, IRelationalConnection connection, CancellationToken cancellationToken)
   at Microsoft.EntityFrameworkCore.ChangeTracking.Internal.StateManager.SaveChangesAsync(IList`1 entriesToSave, CancellationToken cancellationToken)
   at Microsoft.EntityFrameworkCore.ChangeTracking.Internal.StateManager.SaveChangesAsync(StateManager stateManager, Boolean acceptAllChangesOnSuccess, CancellationToken cancellationToken)
   at Microsoft.EntityFrameworkCore.DbContext.SaveChangesAsync(Boolean acceptAllChangesOnSuccess, CancellationToken cancellationToken)
2023-10-23 11:47:55.393 +02:00 [Error] [CommentRepository] comment creation failed for CommentID Comment { CommentId: 0, UserId: "8e536d43-e73a-456c-8311-4c8be16044bc", PostId: 26, CommentDescription: "111111111111111111", Post: Post { PostId: 26, TopicId: 1, UserId: "8e536d43-e73a-456c-8311-4c8be16044bc", PostTitle: "ggg", PostTime: 01/01/0001 00:00:00, Topic: null, Comments: [Comment { CommentId: 0, UserId: "8e536d43-e73a-456c-8311-4c8be16044bc", PostId: 26, CommentDescription: "111111111111111111", Post: Post { PostId: 26, TopicId: 1, UserId: "8e536d43-e73a-456c-8311-4c8be16044bc", PostTitle: "ggg", PostTime: 01/01/0001 00:00:00, Topic: null, Comments: [Comment { CommentId: 0, UserId: "8e536d43-e73a-456c-8311-4c8be16044bc", PostId: 26, CommentDescription: "111111111111111111", Post: Post { PostId: 26, TopicId: 1, UserId: "8e536d43-e73a-456c-8311-4c8be16044bc", PostTitle: "ggg", PostTime: 01/01/0001 00:00:00, Topic: null, Comments: [Comment { CommentId: null, UserId: null, PostId: null, CommentDescription: null, Post: null }] } }] } }] } }, error message: "An error occurred while saving the entity changes. See the inner exception for details."
2023-10-23 11:47:55.394 +02:00 [Information] Executing RedirectResult, redirecting to "/Topic/TopicDetails/1".
2023-10-23 11:47:55.394 +02:00 [Information] Executed action "Forum.Controllers.PostController.CreatePost (Forum)" in 247.2379ms
2023-10-23 11:47:55.394 +02:00 [Information] Executed endpoint '"Forum.Controllers.PostController.CreatePost (Forum)"'
2023-10-23 11:47:55.394 +02:00 [Information] Request finished HTTP/2 POST https://localhost:7205/Post/Createpost?topicId=1 application/x-www-form-urlencoded 354 - 302 0 - 254.9260ms
2023-10-23 11:47:55.397 +02:00 [Information] Request starting HTTP/2 GET https://localhost:7205/Topic/TopicDetails/1 - -
2023-10-23 11:47:55.401 +02:00 [Information] Executing endpoint '"Forum.Controllers.TopicController.TopicDetails (Forum)"'
2023-10-23 11:47:55.401 +02:00 [Information] Route matched with "{action = \"TopicDetails\", controller = \"Topic\", page = \"\", area = \"\"}". Executing controller action with signature "System.Threading.Tasks.Task`1[Microsoft.AspNetCore.Mvc.IActionResult] TopicDetails(Int32)" on controller "Forum.Controllers.TopicController" ("Forum").
2023-10-23 11:47:55.403 +02:00 [Information] Executing ViewResult, running view "TopicDetails".
2023-10-23 11:47:55.411 +02:00 [Information] Executed ViewResult - view "TopicDetails" executed in 7.6397ms.
2023-10-23 11:47:55.411 +02:00 [Information] Executed action "Forum.Controllers.TopicController.TopicDetails (Forum)" in 9.9901ms
2023-10-23 11:47:55.411 +02:00 [Information] Executed endpoint '"Forum.Controllers.TopicController.TopicDetails (Forum)"'
2023-10-23 11:47:55.412 +02:00 [Information] Request finished HTTP/2 GET https://localhost:7205/Topic/TopicDetails/1 - - - 200 - text/html;+charset=utf-8 14.8607ms
2023-10-23 11:47:55.420 +02:00 [Information] Request starting HTTP/2 GET https://localhost:7205/_vs/browserLink - -
2023-10-23 11:47:55.420 +02:00 [Information] Request starting HTTP/2 GET https://localhost:7205/_framework/aspnetcore-browser-refresh.js - -
2023-10-23 11:47:55.420 +02:00 [Information] Request finished HTTP/2 GET https://localhost:7205/_framework/aspnetcore-browser-refresh.js - - - 200 12342 application/javascript;+charset=utf-8 0.1744ms
2023-10-23 11:47:55.422 +02:00 [Information] Request finished HTTP/2 GET https://localhost:7205/_vs/browserLink - - - 200 - text/javascript;+charset=UTF-8 2.3953ms
2023-10-23 11:50:55.196 +02:00 [Information] Request starting HTTP/2 GET https://localhost:7205/Post/CreatePost?topicId=1 - -
2023-10-23 11:50:55.206 +02:00 [Information] Executing endpoint '"Forum.Controllers.PostController.CreatePost (Forum)"'
2023-10-23 11:50:55.206 +02:00 [Information] Route matched with "{action = \"CreatePost\", controller = \"Post\", page = \"\", area = \"\"}". Executing controller action with signature "Microsoft.AspNetCore.Mvc.IActionResult CreatePost(Int32)" on controller "Forum.Controllers.PostController" ("Forum").
2023-10-23 11:50:55.207 +02:00 [Information] Executing ViewResult, running view "CreatePost".
2023-10-23 11:50:55.212 +02:00 [Information] Executed ViewResult - view "CreatePost" executed in 5.3433ms.
2023-10-23 11:50:55.212 +02:00 [Information] Executed action "Forum.Controllers.PostController.CreatePost (Forum)" in 6.0545ms
2023-10-23 11:50:55.212 +02:00 [Information] Executed endpoint '"Forum.Controllers.PostController.CreatePost (Forum)"'
2023-10-23 11:50:55.213 +02:00 [Information] Request finished HTTP/2 GET https://localhost:7205/Post/CreatePost?topicId=1 - - - 200 - text/html;+charset=utf-8 16.7608ms
2023-10-23 11:50:55.223 +02:00 [Information] Request starting HTTP/2 GET https://localhost:7205/_vs/browserLink - -
2023-10-23 11:50:55.223 +02:00 [Information] Request starting HTTP/2 GET https://localhost:7205/_framework/aspnetcore-browser-refresh.js - -
2023-10-23 11:50:55.223 +02:00 [Information] Request finished HTTP/2 GET https://localhost:7205/_framework/aspnetcore-browser-refresh.js - - - 200 12342 application/javascript;+charset=utf-8 0.2406ms
2023-10-23 11:50:55.226 +02:00 [Information] Request finished HTTP/2 GET https://localhost:7205/_vs/browserLink - - - 200 - text/javascript;+charset=UTF-8 2.7828ms
2023-10-23 11:50:59.749 +02:00 [Information] Request starting HTTP/2 POST https://localhost:7205/Post/Createpost?topicId=1 application/x-www-form-urlencoded 380
2023-10-23 11:50:59.752 +02:00 [Information] Executing endpoint '"Forum.Controllers.PostController.CreatePost (Forum)"'
2023-10-23 11:50:59.752 +02:00 [Information] Route matched with "{action = \"CreatePost\", controller = \"Post\", page = \"\", area = \"\"}". Executing controller action with signature "System.Threading.Tasks.Task`1[Microsoft.AspNetCore.Mvc.IActionResult] CreatePost(Forum.ViewModels.PostCommentViewModel)" on controller "Forum.Controllers.PostController" ("Forum").
2023-10-23 11:50:59.758 +02:00 [Error] Failed executing DbCommand ("0"ms) [Parameters=["@p0='?' (DbType = Int32), @p1='?' (DbType = DateTime), @p2='?' (Size = 13), @p3='?' (DbType = Int32), @p4='?' (Size = 36)"], CommandType='Text', CommandTimeout='30']"
""INSERT INTO \"Posts\" (\"PostId\", \"PostTime\", \"PostTitle\", \"TopicId\", \"UserId\")
VALUES (@p0, @p1, @p2, @p3, @p4);"
2023-10-23 11:50:59.765 +02:00 [Error] An exception occurred in the database while saving changes for context type '"Forum.Models.CategoryDbContext"'."
""Microsoft.EntityFrameworkCore.DbUpdateException: An error occurred while saving the entity changes. See the inner exception for details.
 ---> Microsoft.Data.Sqlite.SqliteException (0x80004005): SQLite Error 19: 'UNIQUE constraint failed: Posts.PostId'.
   at Microsoft.Data.Sqlite.SqliteException.ThrowExceptionForRC(Int32 rc, sqlite3 db)
   at Microsoft.Data.Sqlite.SqliteDataReader.NextResult()
   at Microsoft.Data.Sqlite.SqliteCommand.ExecuteReader(CommandBehavior behavior)
   at Microsoft.Data.Sqlite.SqliteCommand.ExecuteReaderAsync(CommandBehavior behavior, CancellationToken cancellationToken)
   at Microsoft.Data.Sqlite.SqliteCommand.ExecuteDbDataReaderAsync(CommandBehavior behavior, CancellationToken cancellationToken)
   at Microsoft.EntityFrameworkCore.Storage.RelationalCommand.ExecuteReaderAsync(RelationalCommandParameterObject parameterObject, CancellationToken cancellationToken)
   at Microsoft.EntityFrameworkCore.Storage.RelationalCommand.ExecuteReaderAsync(RelationalCommandParameterObject parameterObject, CancellationToken cancellationToken)
   at Microsoft.EntityFrameworkCore.Update.ReaderModificationCommandBatch.ExecuteAsync(IRelationalConnection connection, CancellationToken cancellationToken)
   --- End of inner exception stack trace ---
   at Microsoft.EntityFrameworkCore.Update.ReaderModificationCommandBatch.ExecuteAsync(IRelationalConnection connection, CancellationToken cancellationToken)
   at Microsoft.EntityFrameworkCore.Update.Internal.BatchExecutor.ExecuteAsync(IEnumerable`1 commandBatches, IRelationalConnection connection, CancellationToken cancellationToken)
   at Microsoft.EntityFrameworkCore.Update.Internal.BatchExecutor.ExecuteAsync(IEnumerable`1 commandBatches, IRelationalConnection connection, CancellationToken cancellationToken)
   at Microsoft.EntityFrameworkCore.Update.Internal.BatchExecutor.ExecuteAsync(IEnumerable`1 commandBatches, IRelationalConnection connection, CancellationToken cancellationToken)
   at Microsoft.EntityFrameworkCore.ChangeTracking.Internal.StateManager.SaveChangesAsync(IList`1 entriesToSave, CancellationToken cancellationToken)
   at Microsoft.EntityFrameworkCore.ChangeTracking.Internal.StateManager.SaveChangesAsync(StateManager stateManager, Boolean acceptAllChangesOnSuccess, CancellationToken cancellationToken)
   at Microsoft.EntityFrameworkCore.DbContext.SaveChangesAsync(Boolean acceptAllChangesOnSuccess, CancellationToken cancellationToken)"
Microsoft.EntityFrameworkCore.DbUpdateException: An error occurred while saving the entity changes. See the inner exception for details.
 ---> Microsoft.Data.Sqlite.SqliteException (0x80004005): SQLite Error 19: 'UNIQUE constraint failed: Posts.PostId'.
   at Microsoft.Data.Sqlite.SqliteException.ThrowExceptionForRC(Int32 rc, sqlite3 db)
   at Microsoft.Data.Sqlite.SqliteDataReader.NextResult()
   at Microsoft.Data.Sqlite.SqliteCommand.ExecuteReader(CommandBehavior behavior)
   at Microsoft.Data.Sqlite.SqliteCommand.ExecuteReaderAsync(CommandBehavior behavior, CancellationToken cancellationToken)
   at Microsoft.Data.Sqlite.SqliteCommand.ExecuteDbDataReaderAsync(CommandBehavior behavior, CancellationToken cancellationToken)
   at Microsoft.EntityFrameworkCore.Storage.RelationalCommand.ExecuteReaderAsync(RelationalCommandParameterObject parameterObject, CancellationToken cancellationToken)
   at Microsoft.EntityFrameworkCore.Storage.RelationalCommand.ExecuteReaderAsync(RelationalCommandParameterObject parameterObject, CancellationToken cancellationToken)
   at Microsoft.EntityFrameworkCore.Update.ReaderModificationCommandBatch.ExecuteAsync(IRelationalConnection connection, CancellationToken cancellationToken)
   --- End of inner exception stack trace ---
   at Microsoft.EntityFrameworkCore.Update.ReaderModificationCommandBatch.ExecuteAsync(IRelationalConnection connection, CancellationToken cancellationToken)
   at Microsoft.EntityFrameworkCore.Update.Internal.BatchExecutor.ExecuteAsync(IEnumerable`1 commandBatches, IRelationalConnection connection, CancellationToken cancellationToken)
   at Microsoft.EntityFrameworkCore.Update.Internal.BatchExecutor.ExecuteAsync(IEnumerable`1 commandBatches, IRelationalConnection connection, CancellationToken cancellationToken)
   at Microsoft.EntityFrameworkCore.Update.Internal.BatchExecutor.ExecuteAsync(IEnumerable`1 commandBatches, IRelationalConnection connection, CancellationToken cancellationToken)
   at Microsoft.EntityFrameworkCore.ChangeTracking.Internal.StateManager.SaveChangesAsync(IList`1 entriesToSave, CancellationToken cancellationToken)
   at Microsoft.EntityFrameworkCore.ChangeTracking.Internal.StateManager.SaveChangesAsync(StateManager stateManager, Boolean acceptAllChangesOnSuccess, CancellationToken cancellationToken)
   at Microsoft.EntityFrameworkCore.DbContext.SaveChangesAsync(Boolean acceptAllChangesOnSuccess, CancellationToken cancellationToken)
2023-10-23 11:50:59.777 +02:00 [Error] [PoatRepository] post creation failed for post Post { PostId: 27, TopicId: 1, UserId: "8e536d43-e73a-456c-8311-4c8be16044bc", PostTitle: "1111111111111", PostTime: 01/01/0001 00:00:00, Topic: null, Comments: null }, error message: "An error occurred while saving the entity changes. See the inner exception for details."
2023-10-23 11:50:59.778 +02:00 [Information] [PostController] About to create comment Comment { CommentId: 0, UserId: "8e536d43-e73a-456c-8311-4c8be16044bc", PostId: 27, CommentDescription: "1111111111111111111111111111111111", Post: null }
2023-10-23 11:50:59.780 +02:00 [Error] Failed executing DbCommand ("0"ms) [Parameters=["@p0='?' (DbType = Int32), @p1='?' (DbType = DateTime), @p2='?' (Size = 13), @p3='?' (DbType = Int32), @p4='?' (Size = 36)"], CommandType='Text', CommandTimeout='30']"
""INSERT INTO \"Posts\" (\"PostId\", \"PostTime\", \"PostTitle\", \"TopicId\", \"UserId\")
VALUES (@p0, @p1, @p2, @p3, @p4);"
2023-10-23 11:50:59.786 +02:00 [Error] An exception occurred in the database while saving changes for context type '"Forum.Models.CategoryDbContext"'."
""Microsoft.EntityFrameworkCore.DbUpdateException: An error occurred while saving the entity changes. See the inner exception for details.
 ---> Microsoft.Data.Sqlite.SqliteException (0x80004005): SQLite Error 19: 'UNIQUE constraint failed: Posts.PostId'.
   at Microsoft.Data.Sqlite.SqliteException.ThrowExceptionForRC(Int32 rc, sqlite3 db)
   at Microsoft.Data.Sqlite.SqliteDataReader.NextResult()
   at Microsoft.Data.Sqlite.SqliteCommand.ExecuteReader(CommandBehavior behavior)
   at Microsoft.Data.Sqlite.SqliteCommand.ExecuteReaderAsync(CommandBehavior behavior, CancellationToken cancellationToken)
   at Microsoft.Data.Sqlite.SqliteCommand.ExecuteDbDataReaderAsync(CommandBehavior behavior, CancellationToken cancellationToken)
   at Microsoft.EntityFrameworkCore.Storage.RelationalCommand.ExecuteReaderAsync(RelationalCommandParameterObject parameterObject, CancellationToken cancellationToken)
   at Microsoft.EntityFrameworkCore.Storage.RelationalCommand.ExecuteReaderAsync(RelationalCommandParameterObject parameterObject, CancellationToken cancellationToken)
   at Microsoft.EntityFrameworkCore.Update.ReaderModificationCommandBatch.ExecuteAsync(IRelationalConnection connection, CancellationToken cancellationToken)
   --- End of inner exception stack trace ---
   at Microsoft.EntityFrameworkCore.Update.ReaderModificationCommandBatch.ExecuteAsync(IRelationalConnection connection, CancellationToken cancellationToken)
   at Microsoft.EntityFrameworkCore.Update.Internal.BatchExecutor.ExecuteAsync(IEnumerable`1 commandBatches, IRelationalConnection connection, CancellationToken cancellationToken)
   at Microsoft.EntityFrameworkCore.Update.Internal.BatchExecutor.ExecuteAsync(IEnumerable`1 commandBatches, IRelationalConnection connection, CancellationToken cancellationToken)
   at Microsoft.EntityFrameworkCore.Update.Internal.BatchExecutor.ExecuteAsync(IEnumerable`1 commandBatches, IRelationalConnection connection, CancellationToken cancellationToken)
   at Microsoft.EntityFrameworkCore.ChangeTracking.Internal.StateManager.SaveChangesAsync(IList`1 entriesToSave, CancellationToken cancellationToken)
   at Microsoft.EntityFrameworkCore.ChangeTracking.Internal.StateManager.SaveChangesAsync(StateManager stateManager, Boolean acceptAllChangesOnSuccess, CancellationToken cancellationToken)
   at Microsoft.EntityFrameworkCore.DbContext.SaveChangesAsync(Boolean acceptAllChangesOnSuccess, CancellationToken cancellationToken)"
Microsoft.EntityFrameworkCore.DbUpdateException: An error occurred while saving the entity changes. See the inner exception for details.
 ---> Microsoft.Data.Sqlite.SqliteException (0x80004005): SQLite Error 19: 'UNIQUE constraint failed: Posts.PostId'.
   at Microsoft.Data.Sqlite.SqliteException.ThrowExceptionForRC(Int32 rc, sqlite3 db)
   at Microsoft.Data.Sqlite.SqliteDataReader.NextResult()
   at Microsoft.Data.Sqlite.SqliteCommand.ExecuteReader(CommandBehavior behavior)
   at Microsoft.Data.Sqlite.SqliteCommand.ExecuteReaderAsync(CommandBehavior behavior, CancellationToken cancellationToken)
   at Microsoft.Data.Sqlite.SqliteCommand.ExecuteDbDataReaderAsync(CommandBehavior behavior, CancellationToken cancellationToken)
   at Microsoft.EntityFrameworkCore.Storage.RelationalCommand.ExecuteReaderAsync(RelationalCommandParameterObject parameterObject, CancellationToken cancellationToken)
   at Microsoft.EntityFrameworkCore.Storage.RelationalCommand.ExecuteReaderAsync(RelationalCommandParameterObject parameterObject, CancellationToken cancellationToken)
   at Microsoft.EntityFrameworkCore.Update.ReaderModificationCommandBatch.ExecuteAsync(IRelationalConnection connection, CancellationToken cancellationToken)
   --- End of inner exception stack trace ---
   at Microsoft.EntityFrameworkCore.Update.ReaderModificationCommandBatch.ExecuteAsync(IRelationalConnection connection, CancellationToken cancellationToken)
   at Microsoft.EntityFrameworkCore.Update.Internal.BatchExecutor.ExecuteAsync(IEnumerable`1 commandBatches, IRelationalConnection connection, CancellationToken cancellationToken)
   at Microsoft.EntityFrameworkCore.Update.Internal.BatchExecutor.ExecuteAsync(IEnumerable`1 commandBatches, IRelationalConnection connection, CancellationToken cancellationToken)
   at Microsoft.EntityFrameworkCore.Update.Internal.BatchExecutor.ExecuteAsync(IEnumerable`1 commandBatches, IRelationalConnection connection, CancellationToken cancellationToken)
   at Microsoft.EntityFrameworkCore.ChangeTracking.Internal.StateManager.SaveChangesAsync(IList`1 entriesToSave, CancellationToken cancellationToken)
   at Microsoft.EntityFrameworkCore.ChangeTracking.Internal.StateManager.SaveChangesAsync(StateManager stateManager, Boolean acceptAllChangesOnSuccess, CancellationToken cancellationToken)
   at Microsoft.EntityFrameworkCore.DbContext.SaveChangesAsync(Boolean acceptAllChangesOnSuccess, CancellationToken cancellationToken)
2023-10-23 11:50:59.798 +02:00 [Error] [CommentRepository] comment creation failed for CommentID Comment { CommentId: 0, UserId: "8e536d43-e73a-456c-8311-4c8be16044bc", PostId: 27, CommentDescription: "1111111111111111111111111111111111", Post: Post { PostId: 27, TopicId: 1, UserId: "8e536d43-e73a-456c-8311-4c8be16044bc", PostTitle: "1111111111111", PostTime: 01/01/0001 00:00:00, Topic: null, Comments: [Comment { CommentId: 0, UserId: "8e536d43-e73a-456c-8311-4c8be16044bc", PostId: 27, CommentDescription: "1111111111111111111111111111111111", Post: Post { PostId: 27, TopicId: 1, UserId: "8e536d43-e73a-456c-8311-4c8be16044bc", PostTitle: "1111111111111", PostTime: 01/01/0001 00:00:00, Topic: null, Comments: [Comment { CommentId: 0, UserId: "8e536d43-e73a-456c-8311-4c8be16044bc", PostId: 27, CommentDescription: "1111111111111111111111111111111111", Post: Post { PostId: 27, TopicId: 1, UserId: "8e536d43-e73a-456c-8311-4c8be16044bc", PostTitle: "1111111111111", PostTime: 01/01/0001 00:00:00, Topic: null, Comments: [Comment { CommentId: null, UserId: null, PostId: null, CommentDescription: null, Post: null }] } }] } }] } }, error message: "An error occurred while saving the entity changes. See the inner exception for details."
2023-10-23 11:50:59.799 +02:00 [Information] Executing RedirectResult, redirecting to "/Topic/TopicDetails/1".
2023-10-23 11:50:59.799 +02:00 [Information] Executed action "Forum.Controllers.PostController.CreatePost (Forum)" in 46.7964ms
2023-10-23 11:50:59.799 +02:00 [Information] Executed endpoint '"Forum.Controllers.PostController.CreatePost (Forum)"'
2023-10-23 11:50:59.799 +02:00 [Information] Request finished HTTP/2 POST https://localhost:7205/Post/Createpost?topicId=1 application/x-www-form-urlencoded 380 - 302 0 - 49.4411ms
2023-10-23 11:50:59.802 +02:00 [Information] Request starting HTTP/2 GET https://localhost:7205/Topic/TopicDetails/1 - -
2023-10-23 11:50:59.804 +02:00 [Information] Executing endpoint '"Forum.Controllers.TopicController.TopicDetails (Forum)"'
2023-10-23 11:50:59.804 +02:00 [Information] Route matched with "{action = \"TopicDetails\", controller = \"Topic\", page = \"\", area = \"\"}". Executing controller action with signature "System.Threading.Tasks.Task`1[Microsoft.AspNetCore.Mvc.IActionResult] TopicDetails(Int32)" on controller "Forum.Controllers.TopicController" ("Forum").
2023-10-23 11:50:59.806 +02:00 [Information] Executing ViewResult, running view "TopicDetails".
2023-10-23 11:50:59.812 +02:00 [Information] Executed ViewResult - view "TopicDetails" executed in 5.8659ms.
2023-10-23 11:50:59.812 +02:00 [Information] Executed action "Forum.Controllers.TopicController.TopicDetails (Forum)" in 7.6676ms
2023-10-23 11:50:59.812 +02:00 [Information] Executed endpoint '"Forum.Controllers.TopicController.TopicDetails (Forum)"'
2023-10-23 11:50:59.813 +02:00 [Information] Request finished HTTP/2 GET https://localhost:7205/Topic/TopicDetails/1 - - - 200 - text/html;+charset=utf-8 11.5363ms
2023-10-23 11:50:59.823 +02:00 [Information] Request starting HTTP/2 GET https://localhost:7205/_vs/browserLink - -
2023-10-23 11:50:59.823 +02:00 [Information] Request starting HTTP/2 GET https://localhost:7205/_framework/aspnetcore-browser-refresh.js - -
2023-10-23 11:50:59.824 +02:00 [Information] Request finished HTTP/2 GET https://localhost:7205/_framework/aspnetcore-browser-refresh.js - - - 200 12342 application/javascript;+charset=utf-8 0.3224ms
2023-10-23 11:50:59.826 +02:00 [Information] Request finished HTTP/2 GET https://localhost:7205/_vs/browserLink - - - 200 - text/javascript;+charset=UTF-8 2.3716ms
