2023-10-25 18:04:52.598 +02:00 [Information] User profile is available. Using '"C:\Users\Johan\AppData\Local\ASP.NET\DataProtection-Keys"' as key repository and Windows DPAPI to encrypt keys at rest.
2023-10-25 18:04:53.190 +02:00 [Information] Now listening on: "https://localhost:7205"
2023-10-25 18:04:53.191 +02:00 [Information] Now listening on: "http://localhost:5112"
2023-10-25 18:04:53.196 +02:00 [Information] Application started. Press Ctrl+C to shut down.
2023-10-25 18:04:53.198 +02:00 [Information] Hosting environment: "Development"
2023-10-25 18:04:53.199 +02:00 [Information] Content root path: "C:\Users\Johan\Source\Repos\N4h0\Forum\MyShop\"
2023-10-25 18:04:53.873 +02:00 [Information] Request starting HTTP/2 GET https://localhost:7205/ - -
2023-10-25 18:04:53.922 +02:00 [Information] Executing endpoint '"Forum.Controllers.HomeController.Index (Forum)"'
2023-10-25 18:04:53.932 +02:00 [Information] Route matched with "{action = \"Index\", controller = \"Home\", page = \"\", area = \"\"}". Executing controller action with signature "System.Threading.Tasks.Task`1[Microsoft.AspNetCore.Mvc.IActionResult] Index()" on controller "Forum.Controllers.HomeController" ("Forum").
2023-10-25 18:04:53.960 +02:00 [Information] Executing ViewResult, running view "Index".
2023-10-25 18:04:54.045 +02:00 [Information] Executed ViewResult - view "Index" executed in 84.6233ms.
2023-10-25 18:04:54.045 +02:00 [Information] Executed action "Forum.Controllers.HomeController.Index (Forum)" in 113.4279ms
2023-10-25 18:04:54.045 +02:00 [Information] Executed endpoint '"Forum.Controllers.HomeController.Index (Forum)"'
2023-10-25 18:04:54.055 +02:00 [Information] Request finished HTTP/2 GET https://localhost:7205/ - - - 200 - text/html;+charset=utf-8 184.7399ms
2023-10-25 18:04:54.058 +02:00 [Information] Request starting HTTP/2 GET https://localhost:7205/lib/bootstrap/css/crtstyle.css - -
2023-10-25 18:04:54.059 +02:00 [Information] Request starting HTTP/2 GET https://localhost:7205/style.css - -
2023-10-25 18:04:54.059 +02:00 [Information] Request starting HTTP/2 GET https://localhost:7205/lib/bootstrap/js/bootstrap.js - -
2023-10-25 18:04:54.059 +02:00 [Information] Request starting HTTP/2 GET https://localhost:7205/lib/jquery/jquery.js - -
2023-10-25 18:04:54.059 +02:00 [Information] Request starting HTTP/2 GET https://localhost:7205/images/formula1.jpg - -
2023-10-25 18:04:54.060 +02:00 [Information] Request starting HTTP/2 GET https://localhost:7205/images/fotball.jpg - -
2023-10-25 18:04:54.060 +02:00 [Information] Request starting HTTP/2 GET https://localhost:7205/css/style.css?v=WdTnk-tLUSm3ZW2x6qLfHkgxmfnYuYrUv0OKJTfJWOw - -
2023-10-25 18:04:54.067 +02:00 [Information] Request finished HTTP/2 GET https://localhost:7205/style.css - - - 404 0 - 8.0878ms
2023-10-25 18:04:54.068 +02:00 [Information] The file "/lib/bootstrap/css/crtstyle.css" was not modified
2023-10-25 18:04:54.068 +02:00 [Information] The file "/images/fotball.jpg" was not modified
2023-10-25 18:04:54.068 +02:00 [Information] The file "/lib/jquery/jquery.js" was not modified
2023-10-25 18:04:54.068 +02:00 [Information] The file "/lib/bootstrap/js/bootstrap.js" was not modified
2023-10-25 18:04:54.068 +02:00 [Information] The file "/css/style.css" was not modified
2023-10-25 18:04:54.068 +02:00 [Information] The file "/images/formula1.jpg" was not modified
2023-10-25 18:04:54.069 +02:00 [Information] Request finished HTTP/2 GET https://localhost:7205/lib/bootstrap/css/crtstyle.css - - - 304 - text/css 11.9280ms
2023-10-25 18:04:54.069 +02:00 [Information] Request finished HTTP/2 GET https://localhost:7205/css/style.css?v=WdTnk-tLUSm3ZW2x6qLfHkgxmfnYuYrUv0OKJTfJWOw - - - 304 - text/css 9.4421ms
2023-10-25 18:04:54.069 +02:00 [Information] Request finished HTTP/2 GET https://localhost:7205/lib/jquery/jquery.js - - - 304 - application/javascript 9.5945ms
2023-10-25 18:04:54.069 +02:00 [Information] Request finished HTTP/2 GET https://localhost:7205/images/fotball.jpg - - - 304 - image/jpeg 9.1023ms
2023-10-25 18:04:54.069 +02:00 [Information] Request finished HTTP/2 GET https://localhost:7205/images/formula1.jpg - - - 304 - image/jpeg 9.5212ms
2023-10-25 18:04:54.069 +02:00 [Information] Request finished HTTP/2 GET https://localhost:7205/lib/bootstrap/js/bootstrap.js - - - 304 - application/javascript 9.6815ms
2023-10-25 18:04:54.087 +02:00 [Information] Request starting HTTP/2 GET https://localhost:7205/images/mosque.jpg - -
2023-10-25 18:04:54.087 +02:00 [Information] Request starting HTTP/2 GET https://localhost:7205/images/vacation.jpg - -
2023-10-25 18:04:54.087 +02:00 [Information] The file "/images/vacation.jpg" was not modified
2023-10-25 18:04:54.087 +02:00 [Information] The file "/images/mosque.jpg" was not modified
2023-10-25 18:04:54.088 +02:00 [Information] Request finished HTTP/2 GET https://localhost:7205/images/vacation.jpg - - - 304 - image/jpeg 1.0379ms
2023-10-25 18:04:54.088 +02:00 [Information] Request finished HTTP/2 GET https://localhost:7205/images/mosque.jpg - - - 304 - image/jpeg 1.0346ms
2023-10-25 18:04:54.091 +02:00 [Information] Request starting HTTP/2 GET https://localhost:7205/images/cyberS.jpg - -
2023-10-25 18:04:54.091 +02:00 [Information] The file "/images/cyberS.jpg" was not modified
2023-10-25 18:04:54.091 +02:00 [Information] Request finished HTTP/2 GET https://localhost:7205/images/cyberS.jpg - - - 304 - image/jpeg 0.3168ms
2023-10-25 18:04:54.094 +02:00 [Information] Request starting HTTP/2 GET https://localhost:7205/_framework/aspnetcore-browser-refresh.js - -
2023-10-25 18:04:54.097 +02:00 [Information] Request finished HTTP/2 GET https://localhost:7205/_framework/aspnetcore-browser-refresh.js - - - 200 12342 application/javascript;+charset=utf-8 2.7795ms
2023-10-25 18:04:54.102 +02:00 [Information] Request starting HTTP/2 GET https://localhost:7205/images/skiEquipments.jpg - -
2023-10-25 18:04:54.102 +02:00 [Information] The file "/images/skiEquipments.jpg" was not modified
2023-10-25 18:04:54.102 +02:00 [Information] Request finished HTTP/2 GET https://localhost:7205/images/skiEquipments.jpg - - - 304 - image/jpeg 0.3242ms
2023-10-25 18:05:01.564 +02:00 [Information] Request starting HTTP/2 GET https://localhost:7205/ - -
2023-10-25 18:05:01.572 +02:00 [Information] Executing endpoint '"Forum.Controllers.HomeController.Index (Forum)"'
2023-10-25 18:05:01.572 +02:00 [Information] Route matched with "{action = \"Index\", controller = \"Home\", page = \"\", area = \"\"}". Executing controller action with signature "System.Threading.Tasks.Task`1[Microsoft.AspNetCore.Mvc.IActionResult] Index()" on controller "Forum.Controllers.HomeController" ("Forum").
2023-10-25 18:05:01.574 +02:00 [Information] Executing ViewResult, running view "Index".
2023-10-25 18:05:01.576 +02:00 [Information] Executed ViewResult - view "Index" executed in 2.0511ms.
2023-10-25 18:05:01.576 +02:00 [Information] Executed action "Forum.Controllers.HomeController.Index (Forum)" in 3.9264ms
2023-10-25 18:05:01.576 +02:00 [Information] Executed endpoint '"Forum.Controllers.HomeController.Index (Forum)"'
2023-10-25 18:05:01.576 +02:00 [Information] Request finished HTTP/2 GET https://localhost:7205/ - - - 200 - text/html;+charset=utf-8 12.0408ms
2023-10-25 18:05:01.587 +02:00 [Information] Request starting HTTP/2 GET https://localhost:7205/style.css - -
2023-10-25 18:05:01.587 +02:00 [Information] Request starting HTTP/2 GET https://localhost:7205/_framework/aspnetcore-browser-refresh.js - -
2023-10-25 18:05:01.587 +02:00 [Information] Request finished HTTP/2 GET https://localhost:7205/_framework/aspnetcore-browser-refresh.js - - - 200 12342 application/javascript;+charset=utf-8 0.3365ms
2023-10-25 18:05:01.589 +02:00 [Information] Request finished HTTP/2 GET https://localhost:7205/style.css - - - 404 0 - 2.3044ms
2023-10-25 18:05:05.054 +02:00 [Information] Request starting HTTP/2 GET https://localhost:7205/Category/CategoryDetails/3 - -
2023-10-25 18:05:05.056 +02:00 [Information] Executing endpoint '"Forum.Controllers.CategoryController.CategoryDetails (Forum)"'
2023-10-25 18:05:05.063 +02:00 [Information] Route matched with "{action = \"CategoryDetails\", controller = \"Category\", page = \"\", area = \"\"}". Executing controller action with signature "System.Threading.Tasks.Task`1[Microsoft.AspNetCore.Mvc.IActionResult] CategoryDetails(Int32)" on controller "Forum.Controllers.CategoryController" ("Forum").
2023-10-25 18:05:05.070 +02:00 [Information] [CategoryController] ID: 3.
2023-10-25 18:05:05.079 +02:00 [Information] [CategoryController] ID passed to CategoryController after database operation: 3.
2023-10-25 18:05:05.080 +02:00 [Information] Executing ViewResult, running view "CategoryDetails".
2023-10-25 18:05:05.109 +02:00 [Information] Executed ViewResult - view "CategoryDetails" executed in 29.6215ms.
2023-10-25 18:05:05.109 +02:00 [Information] Executed action "Forum.Controllers.CategoryController.CategoryDetails (Forum)" in 45.7881ms
2023-10-25 18:05:05.109 +02:00 [Information] Executed endpoint '"Forum.Controllers.CategoryController.CategoryDetails (Forum)"'
2023-10-25 18:05:05.109 +02:00 [Information] Request finished HTTP/2 GET https://localhost:7205/Category/CategoryDetails/3 - - - 200 - text/html;+charset=utf-8 55.5694ms
2023-10-25 18:05:05.122 +02:00 [Information] Request starting HTTP/2 GET https://localhost:7205/Category/CategoryDetails/style.css - -
2023-10-25 18:05:05.122 +02:00 [Information] Request starting HTTP/2 GET https://localhost:7205/_framework/aspnetcore-browser-refresh.js - -
2023-10-25 18:05:05.122 +02:00 [Information] Request finished HTTP/2 GET https://localhost:7205/_framework/aspnetcore-browser-refresh.js - - - 200 12342 application/javascript;+charset=utf-8 0.2189ms
2023-10-25 18:05:05.124 +02:00 [Information] Executing endpoint '"Forum.Controllers.CategoryController.CategoryDetails (Forum)"'
2023-10-25 18:05:05.124 +02:00 [Information] Route matched with "{action = \"CategoryDetails\", controller = \"Category\", page = \"\", area = \"\"}". Executing controller action with signature "System.Threading.Tasks.Task`1[Microsoft.AspNetCore.Mvc.IActionResult] CategoryDetails(Int32)" on controller "Forum.Controllers.CategoryController" ("Forum").
2023-10-25 18:05:05.128 +02:00 [Information] [CategoryController] ID: 0.
2023-10-25 18:05:05.131 +02:00 [Information] [CategoryController] ID passed to CategoryController after database operation: 0.
2023-10-25 18:05:05.137 +02:00 [Error] [CategoryController] Category not found for the categoryId 0.
2023-10-25 18:05:05.142 +02:00 [Information] Executing "NotFoundObjectResult", writing value of type '"System.String"'.
2023-10-25 18:05:05.143 +02:00 [Information] Executed action "Forum.Controllers.CategoryController.CategoryDetails (Forum)" in 18.256ms
2023-10-25 18:05:05.143 +02:00 [Information] Executed endpoint '"Forum.Controllers.CategoryController.CategoryDetails (Forum)"'
2023-10-25 18:05:05.143 +02:00 [Information] Request finished HTTP/2 GET https://localhost:7205/Category/CategoryDetails/style.css - - - 404 - text/plain;+charset=utf-8 21.3713ms
