2023-10-24 16:24:30.545 +02:00 [Information] User profile is available. Using '"C:\Users\abdik\AppData\Local\ASP.NET\DataProtection-Keys"' as key repository and Windows DPAPI to encrypt keys at rest.
2023-10-24 16:24:30.947 +02:00 [Information] Now listening on: "https://localhost:7205"
2023-10-24 16:24:30.948 +02:00 [Information] Now listening on: "http://localhost:5112"
2023-10-24 16:24:30.950 +02:00 [Information] Application started. Press Ctrl+C to shut down.
2023-10-24 16:24:30.951 +02:00 [Information] Hosting environment: "Development"
2023-10-24 16:24:30.951 +02:00 [Information] Content root path: "C:\Users\abdik\Source\Repos\Forum\MyShop\"
2023-10-24 16:24:31.266 +02:00 [Information] Request starting HTTP/2 GET https://localhost:7205/ - -
2023-10-24 16:24:31.304 +02:00 [Information] Executing endpoint '"Forum.Controllers.HomeController.Index (Forum)"'
2023-10-24 16:24:31.314 +02:00 [Information] Route matched with "{action = \"Index\", controller = \"Home\", page = \"\", area = \"\"}". Executing controller action with signature "System.Threading.Tasks.Task`1[Microsoft.AspNetCore.Mvc.IActionResult] Index()" on controller "Forum.Controllers.HomeController" ("Forum").
2023-10-24 16:24:31.337 +02:00 [Information] Executing ViewResult, running view "Index".
2023-10-24 16:24:31.450 +02:00 [Information] Executed ViewResult - view "Index" executed in 112.6593ms.
2023-10-24 16:24:31.451 +02:00 [Information] Executed action "Forum.Controllers.HomeController.Index (Forum)" in 137.5597ms
2023-10-24 16:24:31.452 +02:00 [Information] Executed endpoint '"Forum.Controllers.HomeController.Index (Forum)"'
2023-10-24 16:24:31.464 +02:00 [Information] Request finished HTTP/2 GET https://localhost:7205/ - - - 200 - text/html;+charset=utf-8 200.5418ms
2023-10-24 16:24:31.469 +02:00 [Information] Request starting HTTP/2 GET https://localhost:7205/style.css - -
2023-10-24 16:24:31.469 +02:00 [Information] Request starting HTTP/2 GET https://localhost:7205/_framework/aspnetcore-browser-refresh.js - -
2023-10-24 16:24:31.471 +02:00 [Information] Request finished HTTP/2 GET https://localhost:7205/_framework/aspnetcore-browser-refresh.js - - - 200 12342 application/javascript;+charset=utf-8 1.8613ms
2023-10-24 16:24:31.472 +02:00 [Information] Request finished HTTP/2 GET https://localhost:7205/style.css - - - 404 0 - 2.7113ms
2023-10-24 16:24:31.477 +02:00 [Information] Request starting HTTP/2 GET https://localhost:7205/_vs/browserLink - -
2023-10-24 16:24:31.483 +02:00 [Information] Request finished HTTP/2 GET https://localhost:7205/_vs/browserLink - - - 200 - text/javascript;+charset=UTF-8 6.3629ms
