2023-10-30 19:43:08.409 +01:00 [Information] User profile is available. Using '"C:\Users\abdik\AppData\Local\ASP.NET\DataProtection-Keys"' as key repository and Windows DPAPI to encrypt keys at rest.
2023-10-30 19:43:08.878 +01:00 [Information] Now listening on: "https://localhost:7205"
2023-10-30 19:43:08.878 +01:00 [Information] Now listening on: "http://localhost:5112"
2023-10-30 19:43:08.881 +01:00 [Information] Application started. Press Ctrl+C to shut down.
2023-10-30 19:43:08.882 +01:00 [Information] Hosting environment: "Development"
2023-10-30 19:43:08.882 +01:00 [Information] Content root path: "C:\Users\abdik\Source\Repos\Forum\MyShop\"
2023-10-30 19:43:09.108 +01:00 [Information] Request starting HTTP/2 GET https://localhost:7205/Topic/TopicDetails/7 - -
2023-10-30 19:43:09.153 +01:00 [Information] Executing endpoint '"Forum.Controllers.TopicController.TopicDetails (Forum)"'
2023-10-30 19:43:09.168 +01:00 [Information] Route matched with "{action = \"TopicDetails\", controller = \"Topic\", page = \"\", area = \"\"}". Executing controller action with signature "System.Threading.Tasks.Task`1[Microsoft.AspNetCore.Mvc.IActionResult] TopicDetails(Int32)" on controller "Forum.Controllers.TopicController" ("Forum").
2023-10-30 19:43:09.201 +01:00 [Information] Executing ViewResult, running view "TopicDetails".
2023-10-30 19:43:09.359 +01:00 [Information] Executed ViewResult - view "TopicDetails" executed in 157.3459ms.
2023-10-30 19:43:09.361 +01:00 [Information] Executed action "Forum.Controllers.TopicController.TopicDetails (Forum)" in 192.7619ms
2023-10-30 19:43:09.361 +01:00 [Information] Executed endpoint '"Forum.Controllers.TopicController.TopicDetails (Forum)"'
2023-10-30 19:43:09.375 +01:00 [Information] Request finished HTTP/2 GET https://localhost:7205/Topic/TopicDetails/7 - - - 200 - text/html;+charset=utf-8 268.7778ms
2023-10-30 19:43:09.376 +01:00 [Information] Request starting HTTP/2 GET https://localhost:7205/_framework/aspnetcore-browser-refresh.js - -
2023-10-30 19:43:09.376 +01:00 [Information] Request starting HTTP/2 GET https://localhost:7205/_vs/browserLink - -
2023-10-30 19:43:09.377 +01:00 [Information] Request finished HTTP/2 GET https://localhost:7205/_framework/aspnetcore-browser-refresh.js - - - 200 12342 application/javascript;+charset=utf-8 1.6830ms
2023-10-30 19:43:09.382 +01:00 [Information] Request finished HTTP/2 GET https://localhost:7205/_vs/browserLink - - - 200 - text/javascript;+charset=UTF-8 6.6809ms
2023-10-30 19:43:13.294 +01:00 [Information] Request starting HTTP/2 GET https://localhost:7205/ - -
2023-10-30 19:43:13.297 +01:00 [Information] Executing endpoint '"Forum.Controllers.HomeController.Index (Forum)"'
2023-10-30 19:43:13.298 +01:00 [Information] Route matched with "{action = \"Index\", controller = \"Home\", page = \"\", area = \"\"}". Executing controller action with signature "System.Threading.Tasks.Task`1[Microsoft.AspNetCore.Mvc.IActionResult] Index()" on controller "Forum.Controllers.HomeController" ("Forum").
2023-10-30 19:43:13.320 +01:00 [Information] Executing ViewResult, running view "Index".
2023-10-30 19:43:13.368 +01:00 [Information] Executed ViewResult - view "Index" executed in 48.5646ms.
2023-10-30 19:43:13.368 +01:00 [Information] Executed action "Forum.Controllers.HomeController.Index (Forum)" in 69.9653ms
2023-10-30 19:43:13.368 +01:00 [Information] Executed endpoint '"Forum.Controllers.HomeController.Index (Forum)"'
2023-10-30 19:43:13.371 +01:00 [Information] Request finished HTTP/2 GET https://localhost:7205/ - - - 200 - text/html;+charset=utf-8 76.7423ms
2023-10-30 19:43:13.395 +01:00 [Information] Request starting HTTP/2 GET https://localhost:7205/_vs/browserLink - -
2023-10-30 19:43:13.395 +01:00 [Information] Request starting HTTP/2 GET https://localhost:7205/_framework/aspnetcore-browser-refresh.js - -
2023-10-30 19:43:13.395 +01:00 [Information] Request finished HTTP/2 GET https://localhost:7205/_framework/aspnetcore-browser-refresh.js - - - 200 12342 application/javascript;+charset=utf-8 0.4082ms
2023-10-30 19:43:13.397 +01:00 [Information] Request finished HTTP/2 GET https://localhost:7205/_vs/browserLink - - - 200 - text/javascript;+charset=UTF-8 2.0557ms
2023-10-30 19:43:14.756 +01:00 [Information] Request starting HTTP/2 GET https://localhost:7205/Topic/TopicDetails/7 - -
2023-10-30 19:43:14.766 +01:00 [Information] Executing endpoint '"Forum.Controllers.TopicController.TopicDetails (Forum)"'
2023-10-30 19:43:14.766 +01:00 [Information] Route matched with "{action = \"TopicDetails\", controller = \"Topic\", page = \"\", area = \"\"}". Executing controller action with signature "System.Threading.Tasks.Task`1[Microsoft.AspNetCore.Mvc.IActionResult] TopicDetails(Int32)" on controller "Forum.Controllers.TopicController" ("Forum").
2023-10-30 19:43:14.767 +01:00 [Information] Executing ViewResult, running view "TopicDetails".
2023-10-30 19:43:14.771 +01:00 [Information] Executed ViewResult - view "TopicDetails" executed in 3.5284ms.
2023-10-30 19:43:14.771 +01:00 [Information] Executed action "Forum.Controllers.TopicController.TopicDetails (Forum)" in 4.7601ms
2023-10-30 19:43:14.771 +01:00 [Information] Executed endpoint '"Forum.Controllers.TopicController.TopicDetails (Forum)"'
2023-10-30 19:43:14.772 +01:00 [Information] Request finished HTTP/2 GET https://localhost:7205/Topic/TopicDetails/7 - - - 200 - text/html;+charset=utf-8 15.8182ms
2023-10-30 19:43:14.782 +01:00 [Information] Request starting HTTP/2 GET https://localhost:7205/_vs/browserLink - -
2023-10-30 19:43:14.783 +01:00 [Information] Request starting HTTP/2 GET https://localhost:7205/_framework/aspnetcore-browser-refresh.js - -
2023-10-30 19:43:14.783 +01:00 [Information] Request finished HTTP/2 GET https://localhost:7205/_framework/aspnetcore-browser-refresh.js - - - 200 12342 application/javascript;+charset=utf-8 0.1484ms
2023-10-30 19:43:14.784 +01:00 [Information] Request finished HTTP/2 GET https://localhost:7205/_vs/browserLink - - - 200 - text/javascript;+charset=UTF-8 1.7236ms
2023-10-30 19:43:16.900 +01:00 [Information] Request starting HTTP/2 GET https://localhost:7205/ - -
2023-10-30 19:43:16.901 +01:00 [Information] Executing endpoint '"Forum.Controllers.HomeController.Index (Forum)"'
2023-10-30 19:43:16.902 +01:00 [Information] Route matched with "{action = \"Index\", controller = \"Home\", page = \"\", area = \"\"}". Executing controller action with signature "System.Threading.Tasks.Task`1[Microsoft.AspNetCore.Mvc.IActionResult] Index()" on controller "Forum.Controllers.HomeController" ("Forum").
2023-10-30 19:43:16.902 +01:00 [Information] Executing ViewResult, running view "Index".
2023-10-30 19:43:16.910 +01:00 [Information] Executed ViewResult - view "Index" executed in 8.2191ms.
2023-10-30 19:43:16.910 +01:00 [Information] Executed action "Forum.Controllers.HomeController.Index (Forum)" in 8.845ms
2023-10-30 19:43:16.910 +01:00 [Information] Executed endpoint '"Forum.Controllers.HomeController.Index (Forum)"'
2023-10-30 19:43:16.912 +01:00 [Information] Request finished HTTP/2 GET https://localhost:7205/ - - - 200 - text/html;+charset=utf-8 12.2825ms
2023-10-30 19:43:16.933 +01:00 [Information] Request starting HTTP/2 GET https://localhost:7205/_framework/aspnetcore-browser-refresh.js - -
2023-10-30 19:43:16.933 +01:00 [Information] Request finished HTTP/2 GET https://localhost:7205/_framework/aspnetcore-browser-refresh.js - - - 200 12342 application/javascript;+charset=utf-8 0.2211ms
2023-10-30 19:43:17.842 +01:00 [Information] Request starting HTTP/2 GET https://localhost:7205/Post/PostDetails/1 - -
2023-10-30 19:43:17.844 +01:00 [Information] Executing endpoint '"Forum.Controllers.PostController.PostDetails (Forum)"'
2023-10-30 19:43:17.846 +01:00 [Information] Route matched with "{action = \"PostDetails\", controller = \"Post\", page = \"\", area = \"\"}". Executing controller action with signature "System.Threading.Tasks.Task`1[Microsoft.AspNetCore.Mvc.IActionResult] PostDetails(Int32)" on controller "Forum.Controllers.PostController" ("Forum").
2023-10-30 19:43:17.851 +01:00 [Information] Executing ViewResult, running view "PostDetails".
2023-10-30 19:43:17.868 +01:00 [Information] Executed ViewResult - view "PostDetails" executed in 17.2678ms.
2023-10-30 19:43:17.868 +01:00 [Information] Executed action "Forum.Controllers.PostController.PostDetails (Forum)" in 21.9096ms
2023-10-30 19:43:17.868 +01:00 [Information] Executed endpoint '"Forum.Controllers.PostController.PostDetails (Forum)"'
2023-10-30 19:43:17.869 +01:00 [Information] Request finished HTTP/2 GET https://localhost:7205/Post/PostDetails/1 - - - 200 - text/html;+charset=utf-8 27.1753ms
2023-10-30 19:43:17.885 +01:00 [Information] Request starting HTTP/2 GET https://localhost:7205/_framework/aspnetcore-browser-refresh.js - -
2023-10-30 19:43:17.885 +01:00 [Information] Request starting HTTP/2 GET https://localhost:7205/_vs/browserLink - -
2023-10-30 19:43:17.885 +01:00 [Information] Request finished HTTP/2 GET https://localhost:7205/_framework/aspnetcore-browser-refresh.js - - - 200 12342 application/javascript;+charset=utf-8 0.1823ms
2023-10-30 19:43:17.886 +01:00 [Information] Request finished HTTP/2 GET https://localhost:7205/_vs/browserLink - - - 200 - text/javascript;+charset=UTF-8 1.8303ms
2023-10-30 19:43:20.790 +01:00 [Information] Request starting HTTP/2 GET https://localhost:7205/Room/RoomDetails/1 - -
2023-10-30 19:43:20.791 +01:00 [Information] Executing endpoint '"Forum.Controllers.RoomController.RoomDetails (Forum)"'
2023-10-30 19:43:20.793 +01:00 [Information] Route matched with "{action = \"RoomDetails\", controller = \"Room\", page = \"\", area = \"\"}". Executing controller action with signature "System.Threading.Tasks.Task`1[Microsoft.AspNetCore.Mvc.IActionResult] RoomDetails(Int32)" on controller "Forum.Controllers.RoomController" ("Forum").
2023-10-30 19:43:20.794 +01:00 [Information] RoomDetails called with Room ID: 1
2023-10-30 19:43:20.797 +01:00 [Information] Executing ViewResult, running view "RoomDetails".
2023-10-30 19:43:20.808 +01:00 [Information] Executed ViewResult - view "RoomDetails" executed in 11.1622ms.
2023-10-30 19:43:20.808 +01:00 [Information] Executed action "Forum.Controllers.RoomController.RoomDetails (Forum)" in 15.1965ms
2023-10-30 19:43:20.808 +01:00 [Information] Executed endpoint '"Forum.Controllers.RoomController.RoomDetails (Forum)"'
2023-10-30 19:43:20.809 +01:00 [Information] Request finished HTTP/2 GET https://localhost:7205/Room/RoomDetails/1 - - - 200 - text/html;+charset=utf-8 19.1211ms
2023-10-30 19:43:20.818 +01:00 [Information] Request starting HTTP/2 GET https://localhost:7205/_vs/browserLink - -
2023-10-30 19:43:20.820 +01:00 [Information] Request finished HTTP/2 GET https://localhost:7205/_vs/browserLink - - - 200 - text/javascript;+charset=UTF-8 1.8201ms
2023-10-30 19:43:20.821 +01:00 [Information] Request starting HTTP/2 GET https://localhost:7205/_framework/aspnetcore-browser-refresh.js - -
2023-10-30 19:43:20.821 +01:00 [Information] Request finished HTTP/2 GET https://localhost:7205/_framework/aspnetcore-browser-refresh.js - - - 200 12342 application/javascript;+charset=utf-8 0.1112ms
2023-10-30 19:43:22.169 +01:00 [Information] Request starting HTTP/2 GET https://localhost:7205/Topic/TopicDetails/8 - -
2023-10-30 19:43:22.171 +01:00 [Information] Executing endpoint '"Forum.Controllers.TopicController.TopicDetails (Forum)"'
2023-10-30 19:43:22.172 +01:00 [Information] Route matched with "{action = \"TopicDetails\", controller = \"Topic\", page = \"\", area = \"\"}". Executing controller action with signature "System.Threading.Tasks.Task`1[Microsoft.AspNetCore.Mvc.IActionResult] TopicDetails(Int32)" on controller "Forum.Controllers.TopicController" ("Forum").
2023-10-30 19:43:22.173 +01:00 [Information] Executing ViewResult, running view "TopicDetails".
2023-10-30 19:43:22.179 +01:00 [Information] Executed ViewResult - view "TopicDetails" executed in 5.5643ms.
2023-10-30 19:43:22.179 +01:00 [Information] Executed action "Forum.Controllers.TopicController.TopicDetails (Forum)" in 6.9557ms
2023-10-30 19:43:22.179 +01:00 [Information] Executed endpoint '"Forum.Controllers.TopicController.TopicDetails (Forum)"'
2023-10-30 19:43:22.180 +01:00 [Information] Request finished HTTP/2 GET https://localhost:7205/Topic/TopicDetails/8 - - - 200 - text/html;+charset=utf-8 10.1685ms
2023-10-30 19:43:22.193 +01:00 [Information] Request starting HTTP/2 GET https://localhost:7205/_vs/browserLink - -
2023-10-30 19:43:22.193 +01:00 [Information] Request starting HTTP/2 GET https://localhost:7205/_framework/aspnetcore-browser-refresh.js - -
2023-10-30 19:43:22.193 +01:00 [Information] Request finished HTTP/2 GET https://localhost:7205/_framework/aspnetcore-browser-refresh.js - - - 200 12342 application/javascript;+charset=utf-8 0.1941ms
2023-10-30 19:43:22.195 +01:00 [Information] Request finished HTTP/2 GET https://localhost:7205/_vs/browserLink - - - 200 - text/javascript;+charset=UTF-8 1.9715ms
2023-10-30 19:43:33.492 +01:00 [Information] Request starting HTTP/2 GET https://localhost:7205/Post/PostDetails/13 - -
2023-10-30 19:43:33.496 +01:00 [Information] Executing endpoint '"Forum.Controllers.PostController.PostDetails (Forum)"'
2023-10-30 19:43:33.496 +01:00 [Information] Route matched with "{action = \"PostDetails\", controller = \"Post\", page = \"\", area = \"\"}". Executing controller action with signature "System.Threading.Tasks.Task`1[Microsoft.AspNetCore.Mvc.IActionResult] PostDetails(Int32)" on controller "Forum.Controllers.PostController" ("Forum").
2023-10-30 19:43:33.497 +01:00 [Information] Executing ViewResult, running view "PostDetails".
2023-10-30 19:43:33.501 +01:00 [Information] Executed ViewResult - view "PostDetails" executed in 4.046ms.
2023-10-30 19:43:33.501 +01:00 [Information] Executed action "Forum.Controllers.PostController.PostDetails (Forum)" in 5.2401ms
2023-10-30 19:43:33.501 +01:00 [Information] Executed endpoint '"Forum.Controllers.PostController.PostDetails (Forum)"'
2023-10-30 19:43:33.502 +01:00 [Information] Request finished HTTP/2 GET https://localhost:7205/Post/PostDetails/13 - - - 200 - text/html;+charset=utf-8 9.8975ms
2023-10-30 19:43:33.515 +01:00 [Information] Request starting HTTP/2 GET https://localhost:7205/css/style.css?v=nIC6AvzxUAe-Mo2Dws7mAMANgmOmoKaid8GbFvGXaUo - -
2023-10-30 19:43:33.515 +01:00 [Information] Request starting HTTP/2 GET https://localhost:7205/_framework/aspnetcore-browser-refresh.js - -
2023-10-30 19:43:33.515 +01:00 [Information] Request starting HTTP/2 GET https://localhost:7205/_vs/browserLink - -
2023-10-30 19:43:33.515 +01:00 [Information] Request finished HTTP/2 GET https://localhost:7205/_framework/aspnetcore-browser-refresh.js - - - 200 12342 application/javascript;+charset=utf-8 0.2777ms
2023-10-30 19:43:33.518 +01:00 [Information] Request finished HTTP/2 GET https://localhost:7205/_vs/browserLink - - - 200 - text/javascript;+charset=UTF-8 2.4856ms
2023-10-30 19:43:33.519 +01:00 [Information] The file "/css/style.css" was not modified
2023-10-30 19:43:33.519 +01:00 [Information] Request finished HTTP/2 GET https://localhost:7205/css/style.css?v=nIC6AvzxUAe-Mo2Dws7mAMANgmOmoKaid8GbFvGXaUo - - - 304 - text/css 3.7521ms
2023-10-30 19:43:35.965 +01:00 [Information] Request starting HTTP/2 GET https://localhost:7205/Topic/TopicDetails/8 - -
2023-10-30 19:43:35.967 +01:00 [Information] Executing endpoint '"Forum.Controllers.TopicController.TopicDetails (Forum)"'
2023-10-30 19:43:35.967 +01:00 [Information] Route matched with "{action = \"TopicDetails\", controller = \"Topic\", page = \"\", area = \"\"}". Executing controller action with signature "System.Threading.Tasks.Task`1[Microsoft.AspNetCore.Mvc.IActionResult] TopicDetails(Int32)" on controller "Forum.Controllers.TopicController" ("Forum").
2023-10-30 19:43:35.968 +01:00 [Information] Executing ViewResult, running view "TopicDetails".
2023-10-30 19:43:35.971 +01:00 [Information] Executed ViewResult - view "TopicDetails" executed in 3.6177ms.
2023-10-30 19:43:35.971 +01:00 [Information] Executed action "Forum.Controllers.TopicController.TopicDetails (Forum)" in 4.3819ms
2023-10-30 19:43:35.971 +01:00 [Information] Executed endpoint '"Forum.Controllers.TopicController.TopicDetails (Forum)"'
2023-10-30 19:43:35.972 +01:00 [Information] Request finished HTTP/2 GET https://localhost:7205/Topic/TopicDetails/8 - - - 200 - text/html;+charset=utf-8 6.8945ms
2023-10-30 19:43:35.984 +01:00 [Information] Request starting HTTP/2 GET https://localhost:7205/_framework/aspnetcore-browser-refresh.js - -
2023-10-30 19:43:35.984 +01:00 [Information] Request finished HTTP/2 GET https://localhost:7205/_framework/aspnetcore-browser-refresh.js - - - 200 12342 application/javascript;+charset=utf-8 0.1546ms
2023-10-30 19:43:40.661 +01:00 [Information] Request starting HTTP/2 GET https://localhost:7205/Post/PostDetails/13 - -
2023-10-30 19:43:40.663 +01:00 [Information] Executing endpoint '"Forum.Controllers.PostController.PostDetails (Forum)"'
2023-10-30 19:43:40.663 +01:00 [Information] Route matched with "{action = \"PostDetails\", controller = \"Post\", page = \"\", area = \"\"}". Executing controller action with signature "System.Threading.Tasks.Task`1[Microsoft.AspNetCore.Mvc.IActionResult] PostDetails(Int32)" on controller "Forum.Controllers.PostController" ("Forum").
2023-10-30 19:43:40.664 +01:00 [Information] Executing ViewResult, running view "PostDetails".
2023-10-30 19:43:40.668 +01:00 [Information] Executed ViewResult - view "PostDetails" executed in 4.0549ms.
2023-10-30 19:43:40.668 +01:00 [Information] Executed action "Forum.Controllers.PostController.PostDetails (Forum)" in 5.4844ms
2023-10-30 19:43:40.668 +01:00 [Information] Executed endpoint '"Forum.Controllers.PostController.PostDetails (Forum)"'
2023-10-30 19:43:40.669 +01:00 [Information] Request finished HTTP/2 GET https://localhost:7205/Post/PostDetails/13 - - - 200 - text/html;+charset=utf-8 8.0488ms
2023-10-30 19:43:40.686 +01:00 [Information] Request starting HTTP/2 GET https://localhost:7205/_framework/aspnetcore-browser-refresh.js - -
2023-10-30 19:43:40.686 +01:00 [Information] Request starting HTTP/2 GET https://localhost:7205/_vs/browserLink - -
2023-10-30 19:43:40.686 +01:00 [Information] Request finished HTTP/2 GET https://localhost:7205/_framework/aspnetcore-browser-refresh.js - - - 200 12342 application/javascript;+charset=utf-8 0.1961ms
2023-10-30 19:43:40.688 +01:00 [Information] Request finished HTTP/2 GET https://localhost:7205/_vs/browserLink - - - 200 - text/javascript;+charset=UTF-8 1.9716ms
2023-10-30 19:43:49.486 +01:00 [Information] Request starting HTTP/2 GET https://localhost:7205/Topic/TopicDetails/8 - -
2023-10-30 19:43:49.487 +01:00 [Information] Executing endpoint '"Forum.Controllers.TopicController.TopicDetails (Forum)"'
2023-10-30 19:43:49.487 +01:00 [Information] Route matched with "{action = \"TopicDetails\", controller = \"Topic\", page = \"\", area = \"\"}". Executing controller action with signature "System.Threading.Tasks.Task`1[Microsoft.AspNetCore.Mvc.IActionResult] TopicDetails(Int32)" on controller "Forum.Controllers.TopicController" ("Forum").
2023-10-30 19:43:49.488 +01:00 [Information] Executing ViewResult, running view "TopicDetails".
2023-10-30 19:43:49.491 +01:00 [Information] Executed ViewResult - view "TopicDetails" executed in 3.3725ms.
2023-10-30 19:43:49.491 +01:00 [Information] Executed action "Forum.Controllers.TopicController.TopicDetails (Forum)" in 4.1082ms
2023-10-30 19:43:49.491 +01:00 [Information] Executed endpoint '"Forum.Controllers.TopicController.TopicDetails (Forum)"'
2023-10-30 19:43:49.492 +01:00 [Information] Request finished HTTP/2 GET https://localhost:7205/Topic/TopicDetails/8 - - - 200 - text/html;+charset=utf-8 6.2546ms
2023-10-30 19:43:49.507 +01:00 [Information] Request starting HTTP/2 GET https://localhost:7205/_framework/aspnetcore-browser-refresh.js - -
2023-10-30 19:43:49.507 +01:00 [Information] Request finished HTTP/2 GET https://localhost:7205/_framework/aspnetcore-browser-refresh.js - - - 200 12342 application/javascript;+charset=utf-8 0.1818ms
2023-10-30 19:43:50.473 +01:00 [Information] Request starting HTTP/2 GET https://localhost:7205/ - -
2023-10-30 19:43:50.475 +01:00 [Information] Executing endpoint '"Forum.Controllers.HomeController.Index (Forum)"'
2023-10-30 19:43:50.475 +01:00 [Information] Route matched with "{action = \"Index\", controller = \"Home\", page = \"\", area = \"\"}". Executing controller action with signature "System.Threading.Tasks.Task`1[Microsoft.AspNetCore.Mvc.IActionResult] Index()" on controller "Forum.Controllers.HomeController" ("Forum").
2023-10-30 19:43:50.476 +01:00 [Information] Executing ViewResult, running view "Index".
2023-10-30 19:43:50.484 +01:00 [Information] Executed ViewResult - view "Index" executed in 8.0721ms.
2023-10-30 19:43:50.484 +01:00 [Information] Executed action "Forum.Controllers.HomeController.Index (Forum)" in 8.7335ms
2023-10-30 19:43:50.484 +01:00 [Information] Executed endpoint '"Forum.Controllers.HomeController.Index (Forum)"'
2023-10-30 19:43:50.485 +01:00 [Information] Request finished HTTP/2 GET https://localhost:7205/ - - - 200 - text/html;+charset=utf-8 12.0664ms
2023-10-30 19:43:50.505 +01:00 [Information] Request starting HTTP/2 GET https://localhost:7205/_framework/aspnetcore-browser-refresh.js - -
2023-10-30 19:43:50.505 +01:00 [Information] Request finished HTTP/2 GET https://localhost:7205/_framework/aspnetcore-browser-refresh.js - - - 200 12342 application/javascript;+charset=utf-8 0.2263ms
2023-10-30 19:43:50.505 +01:00 [Information] Request starting HTTP/2 GET https://localhost:7205/_vs/browserLink - -
2023-10-30 19:43:50.507 +01:00 [Information] Request finished HTTP/2 GET https://localhost:7205/_vs/browserLink - - - 200 - text/javascript;+charset=UTF-8 1.9291ms
2023-10-30 19:43:53.252 +01:00 [Information] Request starting HTTP/2 GET https://localhost:7205/Post/PostDetails/14 - -
2023-10-30 19:43:53.253 +01:00 [Information] Executing endpoint '"Forum.Controllers.PostController.PostDetails (Forum)"'
2023-10-30 19:43:53.253 +01:00 [Information] Route matched with "{action = \"PostDetails\", controller = \"Post\", page = \"\", area = \"\"}". Executing controller action with signature "System.Threading.Tasks.Task`1[Microsoft.AspNetCore.Mvc.IActionResult] PostDetails(Int32)" on controller "Forum.Controllers.PostController" ("Forum").
2023-10-30 19:43:53.254 +01:00 [Information] Executing ViewResult, running view "PostDetails".
2023-10-30 19:43:53.257 +01:00 [Information] Executed ViewResult - view "PostDetails" executed in 3.2424ms.
2023-10-30 19:43:53.258 +01:00 [Information] Executed action "Forum.Controllers.PostController.PostDetails (Forum)" in 4.0571ms
2023-10-30 19:43:53.258 +01:00 [Information] Executed endpoint '"Forum.Controllers.PostController.PostDetails (Forum)"'
2023-10-30 19:43:53.258 +01:00 [Information] Request finished HTTP/2 GET https://localhost:7205/Post/PostDetails/14 - - - 200 - text/html;+charset=utf-8 6.6229ms
2023-10-30 19:43:53.272 +01:00 [Information] Request starting HTTP/2 GET https://localhost:7205/_framework/aspnetcore-browser-refresh.js - -
2023-10-30 19:43:53.272 +01:00 [Information] Request starting HTTP/2 GET https://localhost:7205/_vs/browserLink - -
2023-10-30 19:43:53.273 +01:00 [Information] Request finished HTTP/2 GET https://localhost:7205/_framework/aspnetcore-browser-refresh.js - - - 200 12342 application/javascript;+charset=utf-8 0.1662ms
2023-10-30 19:43:53.274 +01:00 [Information] Request finished HTTP/2 GET https://localhost:7205/_vs/browserLink - - - 200 - text/javascript;+charset=UTF-8 1.6140ms
2023-10-30 19:44:05.242 +01:00 [Information] Request starting HTTP/2 GET https://localhost:7205/ - -
2023-10-30 19:44:05.243 +01:00 [Information] Executing endpoint '"Forum.Controllers.HomeController.Index (Forum)"'
2023-10-30 19:44:05.243 +01:00 [Information] Route matched with "{action = \"Index\", controller = \"Home\", page = \"\", area = \"\"}". Executing controller action with signature "System.Threading.Tasks.Task`1[Microsoft.AspNetCore.Mvc.IActionResult] Index()" on controller "Forum.Controllers.HomeController" ("Forum").
2023-10-30 19:44:05.244 +01:00 [Information] Executing ViewResult, running view "Index".
2023-10-30 19:44:05.251 +01:00 [Information] Executed ViewResult - view "Index" executed in 7.1621ms.
2023-10-30 19:44:05.251 +01:00 [Information] Executed action "Forum.Controllers.HomeController.Index (Forum)" in 7.6779ms
2023-10-30 19:44:05.251 +01:00 [Information] Executed endpoint '"Forum.Controllers.HomeController.Index (Forum)"'
2023-10-30 19:44:05.253 +01:00 [Information] Request finished HTTP/2 GET https://localhost:7205/ - - - 200 - text/html;+charset=utf-8 11.3426ms
2023-10-30 19:44:05.270 +01:00 [Information] Request starting HTTP/2 GET https://localhost:7205/_framework/aspnetcore-browser-refresh.js - -
2023-10-30 19:44:05.270 +01:00 [Information] Request finished HTTP/2 GET https://localhost:7205/_framework/aspnetcore-browser-refresh.js - - - 200 12342 application/javascript;+charset=utf-8 0.1622ms
2023-10-30 19:44:08.388 +01:00 [Information] Request starting HTTP/2 GET https://localhost:7205/Post/PostDetails/8 - -
2023-10-30 19:44:08.390 +01:00 [Information] Executing endpoint '"Forum.Controllers.PostController.PostDetails (Forum)"'
2023-10-30 19:44:08.390 +01:00 [Information] Route matched with "{action = \"PostDetails\", controller = \"Post\", page = \"\", area = \"\"}". Executing controller action with signature "System.Threading.Tasks.Task`1[Microsoft.AspNetCore.Mvc.IActionResult] PostDetails(Int32)" on controller "Forum.Controllers.PostController" ("Forum").
2023-10-30 19:44:08.391 +01:00 [Information] Executing ViewResult, running view "PostDetails".
2023-10-30 19:44:08.394 +01:00 [Information] Executed ViewResult - view "PostDetails" executed in 3.4178ms.
2023-10-30 19:44:08.394 +01:00 [Information] Executed action "Forum.Controllers.PostController.PostDetails (Forum)" in 4.1563ms
2023-10-30 19:44:08.394 +01:00 [Information] Executed endpoint '"Forum.Controllers.PostController.PostDetails (Forum)"'
2023-10-30 19:44:08.395 +01:00 [Information] Request finished HTTP/2 GET https://localhost:7205/Post/PostDetails/8 - - - 200 - text/html;+charset=utf-8 6.9229ms
2023-10-30 19:44:08.407 +01:00 [Information] Request starting HTTP/2 GET https://localhost:7205/_framework/aspnetcore-browser-refresh.js - -
2023-10-30 19:44:08.407 +01:00 [Information] Request starting HTTP/2 GET https://localhost:7205/_vs/browserLink - -
2023-10-30 19:44:08.407 +01:00 [Information] Request finished HTTP/2 GET https://localhost:7205/_framework/aspnetcore-browser-refresh.js - - - 200 12342 application/javascript;+charset=utf-8 0.1600ms
2023-10-30 19:44:08.409 +01:00 [Information] Request finished HTTP/2 GET https://localhost:7205/_vs/browserLink - - - 200 - text/javascript;+charset=UTF-8 1.9841ms
2023-10-30 19:44:09.891 +01:00 [Information] Request starting HTTP/2 GET https://localhost:7205/ - -
2023-10-30 19:44:09.893 +01:00 [Information] Executing endpoint '"Forum.Controllers.HomeController.Index (Forum)"'
2023-10-30 19:44:09.893 +01:00 [Information] Route matched with "{action = \"Index\", controller = \"Home\", page = \"\", area = \"\"}". Executing controller action with signature "System.Threading.Tasks.Task`1[Microsoft.AspNetCore.Mvc.IActionResult] Index()" on controller "Forum.Controllers.HomeController" ("Forum").
2023-10-30 19:44:09.893 +01:00 [Information] Executing ViewResult, running view "Index".
2023-10-30 19:44:09.900 +01:00 [Information] Executed ViewResult - view "Index" executed in 6.9585ms.
2023-10-30 19:44:09.900 +01:00 [Information] Executed action "Forum.Controllers.HomeController.Index (Forum)" in 7.4331ms
2023-10-30 19:44:09.900 +01:00 [Information] Executed endpoint '"Forum.Controllers.HomeController.Index (Forum)"'
2023-10-30 19:44:09.902 +01:00 [Information] Request finished HTTP/2 GET https://localhost:7205/ - - - 200 - text/html;+charset=utf-8 11.0413ms
2023-10-30 19:44:09.911 +01:00 [Information] Request starting HTTP/2 GET https://localhost:7205/_framework/aspnetcore-browser-refresh.js - -
2023-10-30 19:44:09.911 +01:00 [Information] Request finished HTTP/2 GET https://localhost:7205/_framework/aspnetcore-browser-refresh.js - - - 200 12342 application/javascript;+charset=utf-8 0.1531ms
2023-10-30 19:44:12.968 +01:00 [Information] Request starting HTTP/2 GET https://localhost:7205/Post/PostDetails - -
2023-10-30 19:44:12.969 +01:00 [Information] Executing endpoint '"Forum.Controllers.PostController.PostDetails (Forum)"'
2023-10-30 19:44:12.969 +01:00 [Information] Route matched with "{action = \"PostDetails\", controller = \"Post\", page = \"\", area = \"\"}". Executing controller action with signature "System.Threading.Tasks.Task`1[Microsoft.AspNetCore.Mvc.IActionResult] PostDetails(Int32)" on controller "Forum.Controllers.PostController" ("Forum").
2023-10-30 19:44:12.974 +01:00 [Error] [PostController] post not found for the TopicId 0000
2023-10-30 19:44:12.978 +01:00 [Information] Executing "NotFoundObjectResult", writing value of type '"System.String"'.
2023-10-30 19:44:12.979 +01:00 [Information] Executed action "Forum.Controllers.PostController.PostDetails (Forum)" in 9.9868ms
2023-10-30 19:44:12.979 +01:00 [Information] Executed endpoint '"Forum.Controllers.PostController.PostDetails (Forum)"'
2023-10-30 19:44:12.979 +01:00 [Information] Request finished HTTP/2 GET https://localhost:7205/Post/PostDetails - - - 404 - text/plain;+charset=utf-8 11.6571ms
2023-10-30 19:44:14.047 +01:00 [Information] Request starting HTTP/2 GET https://localhost:7205/ - -
2023-10-30 19:44:14.049 +01:00 [Information] Executing endpoint '"Forum.Controllers.HomeController.Index (Forum)"'
2023-10-30 19:44:14.049 +01:00 [Information] Route matched with "{action = \"Index\", controller = \"Home\", page = \"\", area = \"\"}". Executing controller action with signature "System.Threading.Tasks.Task`1[Microsoft.AspNetCore.Mvc.IActionResult] Index()" on controller "Forum.Controllers.HomeController" ("Forum").
2023-10-30 19:44:14.050 +01:00 [Information] Executing ViewResult, running view "Index".
2023-10-30 19:44:14.058 +01:00 [Information] Executed ViewResult - view "Index" executed in 7.9915ms.
2023-10-30 19:44:14.058 +01:00 [Information] Executed action "Forum.Controllers.HomeController.Index (Forum)" in 8.4961ms
2023-10-30 19:44:14.058 +01:00 [Information] Executed endpoint '"Forum.Controllers.HomeController.Index (Forum)"'
2023-10-30 19:44:14.061 +01:00 [Information] Request finished HTTP/2 GET https://localhost:7205/ - - - 200 - text/html;+charset=utf-8 13.0910ms
2023-10-30 19:44:14.071 +01:00 [Information] Request starting HTTP/2 GET https://localhost:7205/_framework/aspnetcore-browser-refresh.js - -
2023-10-30 19:44:14.071 +01:00 [Information] Request finished HTTP/2 GET https://localhost:7205/_framework/aspnetcore-browser-refresh.js - - - 200 12342 application/javascript;+charset=utf-8 0.1830ms
2023-10-30 19:44:18.051 +01:00 [Information] Request starting HTTP/2 GET https://localhost:7205/Post/PostDetails/11 - -
2023-10-30 19:44:18.052 +01:00 [Information] Executing endpoint '"Forum.Controllers.PostController.PostDetails (Forum)"'
2023-10-30 19:44:18.052 +01:00 [Information] Route matched with "{action = \"PostDetails\", controller = \"Post\", page = \"\", area = \"\"}". Executing controller action with signature "System.Threading.Tasks.Task`1[Microsoft.AspNetCore.Mvc.IActionResult] PostDetails(Int32)" on controller "Forum.Controllers.PostController" ("Forum").
2023-10-30 19:44:18.053 +01:00 [Information] Executing ViewResult, running view "PostDetails".
2023-10-30 19:44:18.057 +01:00 [Information] Executed ViewResult - view "PostDetails" executed in 3.5373ms.
2023-10-30 19:44:18.057 +01:00 [Information] Executed action "Forum.Controllers.PostController.PostDetails (Forum)" in 4.2972ms
2023-10-30 19:44:18.057 +01:00 [Information] Executed endpoint '"Forum.Controllers.PostController.PostDetails (Forum)"'
2023-10-30 19:44:18.058 +01:00 [Information] Request finished HTTP/2 GET https://localhost:7205/Post/PostDetails/11 - - - 200 - text/html;+charset=utf-8 6.6675ms
2023-10-30 19:44:18.070 +01:00 [Information] Request starting HTTP/2 GET https://localhost:7205/_vs/browserLink - -
2023-10-30 19:44:18.070 +01:00 [Information] Request starting HTTP/2 GET https://localhost:7205/_framework/aspnetcore-browser-refresh.js - -
2023-10-30 19:44:18.070 +01:00 [Information] Request finished HTTP/2 GET https://localhost:7205/_framework/aspnetcore-browser-refresh.js - - - 200 12342 application/javascript;+charset=utf-8 0.4979ms
2023-10-30 19:44:18.072 +01:00 [Information] Request finished HTTP/2 GET https://localhost:7205/_vs/browserLink - - - 200 - text/javascript;+charset=UTF-8 1.9573ms
2023-10-30 19:44:28.352 +01:00 [Information] Request starting HTTP/2 GET https://localhost:7205/ - -
2023-10-30 19:44:28.354 +01:00 [Information] Executing endpoint '"Forum.Controllers.HomeController.Index (Forum)"'
2023-10-30 19:44:28.354 +01:00 [Information] Route matched with "{action = \"Index\", controller = \"Home\", page = \"\", area = \"\"}". Executing controller action with signature "System.Threading.Tasks.Task`1[Microsoft.AspNetCore.Mvc.IActionResult] Index()" on controller "Forum.Controllers.HomeController" ("Forum").
2023-10-30 19:44:28.354 +01:00 [Information] Executing ViewResult, running view "Index".
2023-10-30 19:44:28.362 +01:00 [Information] Executed ViewResult - view "Index" executed in 7.6775ms.
2023-10-30 19:44:28.362 +01:00 [Information] Executed action "Forum.Controllers.HomeController.Index (Forum)" in 8.1142ms
2023-10-30 19:44:28.362 +01:00 [Information] Executed endpoint '"Forum.Controllers.HomeController.Index (Forum)"'
2023-10-30 19:44:28.363 +01:00 [Information] Request finished HTTP/2 GET https://localhost:7205/ - - - 200 - text/html;+charset=utf-8 11.2477ms
2023-10-30 19:44:28.399 +01:00 [Information] Request starting HTTP/2 GET https://localhost:7205/_framework/aspnetcore-browser-refresh.js - -
2023-10-30 19:44:28.399 +01:00 [Information] Request finished HTTP/2 GET https://localhost:7205/_framework/aspnetcore-browser-refresh.js - - - 200 12342 application/javascript;+charset=utf-8 0.1815ms
2023-10-30 19:44:30.383 +01:00 [Information] Request starting HTTP/2 GET https://localhost:7205/Post/PostDetails/15 - -
2023-10-30 19:44:30.385 +01:00 [Information] Executing endpoint '"Forum.Controllers.PostController.PostDetails (Forum)"'
2023-10-30 19:44:30.385 +01:00 [Information] Route matched with "{action = \"PostDetails\", controller = \"Post\", page = \"\", area = \"\"}". Executing controller action with signature "System.Threading.Tasks.Task`1[Microsoft.AspNetCore.Mvc.IActionResult] PostDetails(Int32)" on controller "Forum.Controllers.PostController" ("Forum").
2023-10-30 19:44:30.385 +01:00 [Information] Executing ViewResult, running view "PostDetails".
2023-10-30 19:44:30.389 +01:00 [Information] Executed ViewResult - view "PostDetails" executed in 3.5276ms.
2023-10-30 19:44:30.389 +01:00 [Information] Executed action "Forum.Controllers.PostController.PostDetails (Forum)" in 4.3683ms
2023-10-30 19:44:30.389 +01:00 [Information] Executed endpoint '"Forum.Controllers.PostController.PostDetails (Forum)"'
2023-10-30 19:44:30.390 +01:00 [Information] Request finished HTTP/2 GET https://localhost:7205/Post/PostDetails/15 - - - 200 - text/html;+charset=utf-8 7.1748ms
2023-10-30 19:44:30.404 +01:00 [Information] Request starting HTTP/2 GET https://localhost:7205/_vs/browserLink - -
2023-10-30 19:44:30.404 +01:00 [Information] Request starting HTTP/2 GET https://localhost:7205/_framework/aspnetcore-browser-refresh.js - -
2023-10-30 19:44:30.404 +01:00 [Information] Request finished HTTP/2 GET https://localhost:7205/_framework/aspnetcore-browser-refresh.js - - - 200 12342 application/javascript;+charset=utf-8 0.1581ms
2023-10-30 19:44:30.406 +01:00 [Information] Request finished HTTP/2 GET https://localhost:7205/_vs/browserLink - - - 200 - text/javascript;+charset=UTF-8 2.0046ms
