2023-10-23 18:51:09.434 +02:00 [Information] User profile is available. Using '"C:\Users\abdik\AppData\Local\ASP.NET\DataProtection-Keys"' as key repository and Windows DPAPI to encrypt keys at rest.
2023-10-23 18:51:09.855 +02:00 [Information] Now listening on: "https://localhost:7205"
2023-10-23 18:51:09.856 +02:00 [Information] Now listening on: "http://localhost:5112"
2023-10-23 18:51:09.859 +02:00 [Information] Application started. Press Ctrl+C to shut down.
2023-10-23 18:51:09.859 +02:00 [Information] Hosting environment: "Development"
2023-10-23 18:51:09.859 +02:00 [Information] Content root path: "C:\Users\abdik\Source\Repos\Forum\MyShop\"
2023-10-23 18:51:09.929 +02:00 [Information] Request starting HTTP/2 GET https://localhost:7205/ - -
2023-10-23 18:51:09.970 +02:00 [Information] Executing endpoint '"Forum.Controllers.HomeController.Index (Forum)"'
2023-10-23 18:51:09.977 +02:00 [Information] Route matched with "{action = \"Index\", controller = \"Home\", page = \"\", area = \"\"}". Executing controller action with signature "Microsoft.AspNetCore.Mvc.IActionResult Index()" on controller "Forum.Controllers.HomeController" ("Forum").
2023-10-23 18:51:09.982 +02:00 [Information] Executing ViewResult, running view "Index".
2023-10-23 18:51:10.083 +02:00 [Information] Executed ViewResult - view "Index" executed in 100.2878ms.
2023-10-23 18:51:10.084 +02:00 [Information] Executed action "Forum.Controllers.HomeController.Index (Forum)" in 106.9004ms
2023-10-23 18:51:10.085 +02:00 [Information] Executed endpoint '"Forum.Controllers.HomeController.Index (Forum)"'
2023-10-23 18:51:10.098 +02:00 [Information] Request finished HTTP/2 GET https://localhost:7205/ - - - 200 - text/html;+charset=utf-8 171.3110ms
2023-10-23 18:51:10.099 +02:00 [Information] Request starting HTTP/2 GET https://localhost:7205/css/style.css?v=GnikK2H98wctm5Ubs6lb4mz5RxX2-RwSTOuYmgekITI - -
2023-10-23 18:51:10.099 +02:00 [Information] Request starting HTTP/2 GET https://localhost:7205/style.css - -
2023-10-23 18:51:10.099 +02:00 [Information] Request starting HTTP/2 GET https://localhost:7205/_framework/aspnetcore-browser-refresh.js - -
2023-10-23 18:51:10.101 +02:00 [Information] Request finished HTTP/2 GET https://localhost:7205/_framework/aspnetcore-browser-refresh.js - - - 200 12342 application/javascript;+charset=utf-8 1.7410ms
2023-10-23 18:51:10.102 +02:00 [Information] Request finished HTTP/2 GET https://localhost:7205/style.css - - - 404 0 - 2.4812ms
2023-10-23 18:51:10.111 +02:00 [Information] The file "/css/style.css" was not modified
2023-10-23 18:51:10.112 +02:00 [Information] Request finished HTTP/2 GET https://localhost:7205/css/style.css?v=GnikK2H98wctm5Ubs6lb4mz5RxX2-RwSTOuYmgekITI - - - 304 - text/css 12.3724ms
2023-10-23 18:51:10.113 +02:00 [Information] Request starting HTTP/2 GET https://localhost:7205/_vs/browserLink - -
2023-10-23 18:51:10.121 +02:00 [Information] Request finished HTTP/2 GET https://localhost:7205/_vs/browserLink - - - 200 - text/javascript;+charset=UTF-8 7.2407ms
