2023-10-29 14:26:41.918 +01:00 [Information] User profile is available. Using '"C:\Users\abdik\AppData\Local\ASP.NET\DataProtection-Keys"' as key repository and Windows DPAPI to encrypt keys at rest.
2023-10-29 14:26:42.326 +01:00 [Information] Now listening on: "https://localhost:7205"
2023-10-29 14:26:42.326 +01:00 [Information] Now listening on: "http://localhost:5112"
2023-10-29 14:26:42.329 +01:00 [Information] Application started. Press Ctrl+C to shut down.
2023-10-29 14:26:42.330 +01:00 [Information] Hosting environment: "Development"
2023-10-29 14:26:42.330 +01:00 [Information] Content root path: "C:\Users\abdik\Source\Repos\Forum\MyShop\"
2023-10-29 14:26:42.811 +01:00 [Information] Request starting HTTP/2 GET https://localhost:7205/Category/CategoryDetails/1 - -
2023-10-29 14:26:42.847 +01:00 [Information] Executing endpoint '"Forum.Controllers.CategoryController.CategoryDetails (Forum)"'
2023-10-29 14:26:42.861 +01:00 [Information] Route matched with "{action = \"CategoryDetails\", controller = \"Category\", page = \"\", area = \"\"}". Executing controller action with signature "System.Threading.Tasks.Task`1[Microsoft.AspNetCore.Mvc.IActionResult] CategoryDetails(Int32)" on controller "Forum.Controllers.CategoryController" ("Forum").
2023-10-29 14:26:42.868 +01:00 [Information] [CategoryController] ID: 1.
2023-10-29 14:26:42.868 +01:00 [Information] [CategoryRep] Getting the category with id: 1: 
2023-10-29 14:26:42.874 +01:00 [Information] [CategoryController] ID passed to CategoryController after database operation: 1.
2023-10-29 14:26:42.877 +01:00 [Information] Executing ViewResult, running view "CategoryDetails".
2023-10-29 14:26:42.986 +01:00 [Information] Executed ViewResult - view "CategoryDetails" executed in 107.8716ms.
2023-10-29 14:26:42.988 +01:00 [Information] Executed action "Forum.Controllers.CategoryController.CategoryDetails (Forum)" in 126.0106ms
2023-10-29 14:26:42.988 +01:00 [Information] Executed endpoint '"Forum.Controllers.CategoryController.CategoryDetails (Forum)"'
2023-10-29 14:26:43.007 +01:00 [Information] Request finished HTTP/2 GET https://localhost:7205/Category/CategoryDetails/1 - - - 200 - text/html;+charset=utf-8 199.0978ms
2023-10-29 14:26:43.007 +01:00 [Information] Request starting HTTP/2 GET https://localhost:7205/lib/bootstrap/css/crtstyle.css - -
2023-10-29 14:26:43.007 +01:00 [Information] Request starting HTTP/2 GET https://localhost:7205/lib/jquery/jquery.js - -
2023-10-29 14:26:43.007 +01:00 [Information] Request starting HTTP/2 GET https://localhost:7205/_framework/aspnetcore-browser-refresh.js - -
2023-10-29 14:26:43.007 +01:00 [Information] Request starting HTTP/2 GET https://localhost:7205/lib/bootstrap/js/bootstrap.js - -
2023-10-29 14:26:43.009 +01:00 [Information] Request finished HTTP/2 GET https://localhost:7205/_framework/aspnetcore-browser-refresh.js - - - 200 12342 application/javascript;+charset=utf-8 2.0484ms
2023-10-29 14:26:43.017 +01:00 [Information] The file "/lib/jquery/jquery.js" was not modified
2023-10-29 14:26:43.017 +01:00 [Information] The file "/lib/bootstrap/css/crtstyle.css" was not modified
2023-10-29 14:26:43.017 +01:00 [Information] The file "/lib/bootstrap/js/bootstrap.js" was not modified
2023-10-29 14:26:43.018 +01:00 [Information] Request finished HTTP/2 GET https://localhost:7205/lib/jquery/jquery.js - - - 304 - application/javascript 10.4828ms
2023-10-29 14:26:43.018 +01:00 [Information] Request finished HTTP/2 GET https://localhost:7205/lib/bootstrap/css/crtstyle.css - - - 304 - text/css 10.5202ms
2023-10-29 14:26:43.018 +01:00 [Information] Request finished HTTP/2 GET https://localhost:7205/lib/bootstrap/js/bootstrap.js - - - 304 - application/javascript 10.5279ms
2023-10-29 14:26:43.022 +01:00 [Information] Request starting HTTP/2 GET https://localhost:7205/_vs/browserLink - -
2023-10-29 14:26:43.029 +01:00 [Information] Request finished HTTP/2 GET https://localhost:7205/_vs/browserLink - - - 200 - text/javascript;+charset=UTF-8 6.9552ms
2023-10-29 14:26:44.454 +01:00 [Information] Request starting HTTP/2 GET https://localhost:7205/Room/RoomDetails/1 - -
2023-10-29 14:26:44.456 +01:00 [Information] Executing endpoint '"Forum.Controllers.RoomController.RoomDetails (Forum)"'
2023-10-29 14:26:44.458 +01:00 [Information] Route matched with "{action = \"RoomDetails\", controller = \"Room\", page = \"\", area = \"\"}". Executing controller action with signature "System.Threading.Tasks.Task`1[Microsoft.AspNetCore.Mvc.IActionResult] RoomDetails(Int32)" on controller "Forum.Controllers.RoomController" ("Forum").
2023-10-29 14:26:44.460 +01:00 [Information] RoomDetails called with Room ID: 1
2023-10-29 14:26:44.465 +01:00 [Information] Executing ViewResult, running view "RoomDetails".
2023-10-29 14:26:44.490 +01:00 [Information] Executed ViewResult - view "RoomDetails" executed in 25.7956ms.
2023-10-29 14:26:44.490 +01:00 [Information] Executed action "Forum.Controllers.RoomController.RoomDetails (Forum)" in 32.2781ms
2023-10-29 14:26:44.490 +01:00 [Information] Executed endpoint '"Forum.Controllers.RoomController.RoomDetails (Forum)"'
2023-10-29 14:26:44.492 +01:00 [Information] Request finished HTTP/2 GET https://localhost:7205/Room/RoomDetails/1 - - - 200 - text/html;+charset=utf-8 37.5535ms
2023-10-29 14:26:44.502 +01:00 [Information] Request starting HTTP/2 GET https://localhost:7205/_framework/aspnetcore-browser-refresh.js - -
2023-10-29 14:26:44.502 +01:00 [Information] Request starting HTTP/2 GET https://localhost:7205/_vs/browserLink - -
2023-10-29 14:26:44.503 +01:00 [Information] Request finished HTTP/2 GET https://localhost:7205/_framework/aspnetcore-browser-refresh.js - - - 200 12342 application/javascript;+charset=utf-8 0.3406ms
2023-10-29 14:26:44.505 +01:00 [Information] Request finished HTTP/2 GET https://localhost:7205/_vs/browserLink - - - 200 - text/javascript;+charset=UTF-8 2.1998ms
2023-10-29 14:26:50.141 +01:00 [Information] Request starting HTTP/2 GET https://localhost:7205/Category/CategoryDetails/1 - -
2023-10-29 14:26:50.144 +01:00 [Information] Executing endpoint '"Forum.Controllers.CategoryController.CategoryDetails (Forum)"'
2023-10-29 14:26:50.144 +01:00 [Information] Route matched with "{action = \"CategoryDetails\", controller = \"Category\", page = \"\", area = \"\"}". Executing controller action with signature "System.Threading.Tasks.Task`1[Microsoft.AspNetCore.Mvc.IActionResult] CategoryDetails(Int32)" on controller "Forum.Controllers.CategoryController" ("Forum").
2023-10-29 14:26:50.145 +01:00 [Information] [CategoryController] ID: 1.
2023-10-29 14:26:50.146 +01:00 [Information] [CategoryRep] Getting the category with id: 1: 
2023-10-29 14:26:50.146 +01:00 [Information] [CategoryController] ID passed to CategoryController after database operation: 1.
2023-10-29 14:26:50.146 +01:00 [Information] Executing ViewResult, running view "CategoryDetails".
2023-10-29 14:26:50.149 +01:00 [Information] Executed ViewResult - view "CategoryDetails" executed in 2.7185ms.
2023-10-29 14:26:50.149 +01:00 [Information] Executed action "Forum.Controllers.CategoryController.CategoryDetails (Forum)" in 4.7454ms
2023-10-29 14:26:50.149 +01:00 [Information] Executed endpoint '"Forum.Controllers.CategoryController.CategoryDetails (Forum)"'
2023-10-29 14:26:50.150 +01:00 [Information] Request finished HTTP/2 GET https://localhost:7205/Category/CategoryDetails/1 - - - 200 - text/html;+charset=utf-8 8.7083ms
2023-10-29 14:26:50.160 +01:00 [Information] Request starting HTTP/2 GET https://localhost:7205/_framework/aspnetcore-browser-refresh.js - -
2023-10-29 14:26:50.160 +01:00 [Information] Request starting HTTP/2 GET https://localhost:7205/_vs/browserLink - -
2023-10-29 14:26:50.160 +01:00 [Information] Request finished HTTP/2 GET https://localhost:7205/_framework/aspnetcore-browser-refresh.js - - - 200 12342 application/javascript;+charset=utf-8 0.1644ms
2023-10-29 14:26:50.162 +01:00 [Information] Request finished HTTP/2 GET https://localhost:7205/_vs/browserLink - - - 200 - text/javascript;+charset=UTF-8 1.7210ms
2023-10-29 14:26:52.837 +01:00 [Information] Request starting HTTP/2 GET https://localhost:7205/Identity/Account/Login - -
2023-10-29 14:26:52.837 +01:00 [Information] Executing endpoint '"/Account/Login"'
2023-10-29 14:26:52.845 +01:00 [Information] Route matched with "{page = \"/Account/Login\", area = \"Identity\", action = \"\", controller = \"\"}". Executing page "/Account/Login"
2023-10-29 14:26:52.851 +01:00 [Information] Executing handler method "Forum.Areas.Identity.Pages.Account.LoginModel.OnGetAsync" - ModelState is Valid
2023-10-29 14:26:52.854 +01:00 [Information] AuthenticationScheme: "Identity.External" signed out.
2023-10-29 14:26:52.855 +01:00 [Information] Executed handler method "OnGetAsync", returned result "".
2023-10-29 14:26:52.857 +01:00 [Information] Executing an implicit handler method - ModelState is Valid
2023-10-29 14:26:52.857 +01:00 [Information] Executed an implicit handler method, returned result "Microsoft.AspNetCore.Mvc.RazorPages.PageResult".
2023-10-29 14:26:52.887 +01:00 [Information] Executed page "/Account/Login" in 42.4539ms
2023-10-29 14:26:52.887 +01:00 [Information] Executed endpoint '"/Account/Login"'
2023-10-29 14:26:52.888 +01:00 [Information] Request finished HTTP/2 GET https://localhost:7205/Identity/Account/Login - - - 200 - text/html;+charset=utf-8 51.8183ms
2023-10-29 14:26:52.897 +01:00 [Information] Request starting HTTP/2 GET https://localhost:7205/_framework/aspnetcore-browser-refresh.js - -
2023-10-29 14:26:52.898 +01:00 [Information] Request finished HTTP/2 GET https://localhost:7205/_framework/aspnetcore-browser-refresh.js - - - 200 12342 application/javascript;+charset=utf-8 0.1885ms
2023-10-29 14:26:52.905 +01:00 [Information] Request starting HTTP/2 GET https://localhost:7205/_vs/browserLink - -
2023-10-29 14:26:52.907 +01:00 [Information] Request finished HTTP/2 GET https://localhost:7205/_vs/browserLink - - - 200 - text/javascript;+charset=UTF-8 1.6438ms
2023-10-29 14:26:53.949 +01:00 [Information] Request starting HTTP/2 POST https://localhost:7205/Identity/Account/Login application/x-www-form-urlencoded 280
2023-10-29 14:26:53.953 +01:00 [Information] Executing endpoint '"/Account/Login"'
2023-10-29 14:26:53.953 +01:00 [Information] Route matched with "{page = \"/Account/Login\", area = \"Identity\", action = \"\", controller = \"\"}". Executing page "/Account/Login"
2023-10-29 14:26:53.962 +01:00 [Information] Executing handler method "Forum.Areas.Identity.Pages.Account.LoginModel.OnPostAsync" - ModelState is Valid
2023-10-29 14:26:54.011 +01:00 [Information] AuthenticationScheme: "Identity.Application" signed in.
2023-10-29 14:26:54.012 +01:00 [Information] User logged in.
2023-10-29 14:26:54.012 +01:00 [Information] Executed handler method "OnPostAsync", returned result "Microsoft.AspNetCore.Mvc.LocalRedirectResult".
2023-10-29 14:26:54.012 +01:00 [Information] Executing LocalRedirectResult, redirecting to "/".
2023-10-29 14:26:54.012 +01:00 [Information] Executed page "/Account/Login" in 59.5592ms
2023-10-29 14:26:54.012 +01:00 [Information] Executed endpoint '"/Account/Login"'
2023-10-29 14:26:54.013 +01:00 [Information] Request finished HTTP/2 POST https://localhost:7205/Identity/Account/Login application/x-www-form-urlencoded 280 - 302 0 - 63.3366ms
2023-10-29 14:26:54.015 +01:00 [Information] Request starting HTTP/2 GET https://localhost:7205/ - -
2023-10-29 14:26:54.018 +01:00 [Information] Executing endpoint '"Forum.Controllers.HomeController.Index (Forum)"'
2023-10-29 14:26:54.019 +01:00 [Information] Route matched with "{action = \"Index\", controller = \"Home\", page = \"\", area = \"\"}". Executing controller action with signature "System.Threading.Tasks.Task`1[Microsoft.AspNetCore.Mvc.IActionResult] Index()" on controller "Forum.Controllers.HomeController" ("Forum").
2023-10-29 14:26:54.025 +01:00 [Information] Executing ViewResult, running view "Index".
2023-10-29 14:26:54.044 +01:00 [Information] Executed ViewResult - view "Index" executed in 20.1251ms.
2023-10-29 14:26:54.045 +01:00 [Information] Executed action "Forum.Controllers.HomeController.Index (Forum)" in 25.4001ms
2023-10-29 14:26:54.045 +01:00 [Information] Executed endpoint '"Forum.Controllers.HomeController.Index (Forum)"'
2023-10-29 14:26:54.047 +01:00 [Information] Request finished HTTP/2 GET https://localhost:7205/ - - - 200 - text/html;+charset=utf-8 31.4387ms
2023-10-29 14:26:54.073 +01:00 [Information] Request starting HTTP/2 GET https://localhost:7205/images/formula1.jpg - -
2023-10-29 14:26:54.073 +01:00 [Information] Request starting HTTP/2 GET https://localhost:7205/images/fotball.jpg - -
2023-10-29 14:26:54.073 +01:00 [Information] Request starting HTTP/2 GET https://localhost:7205/_framework/aspnetcore-browser-refresh.js - -
2023-10-29 14:26:54.073 +01:00 [Information] Request starting HTTP/2 GET https://localhost:7205/images/vacation.jpg - -
2023-10-29 14:26:54.074 +01:00 [Information] Request starting HTTP/2 GET https://localhost:7205/images/mosque.jpg - -
2023-10-29 14:26:54.074 +01:00 [Information] Request starting HTTP/2 GET https://localhost:7205/images/cyberS.jpg - -
2023-10-29 14:26:54.074 +01:00 [Information] Request starting HTTP/2 GET https://localhost:7205/images/skiEquipments.jpg - -
2023-10-29 14:26:54.074 +01:00 [Information] Request finished HTTP/2 GET https://localhost:7205/_framework/aspnetcore-browser-refresh.js - - - 200 12342 application/javascript;+charset=utf-8 0.2367ms
2023-10-29 14:26:54.074 +01:00 [Information] The file "/images/formula1.jpg" was not modified
2023-10-29 14:26:54.074 +01:00 [Information] The file "/images/vacation.jpg" was not modified
2023-10-29 14:26:54.074 +01:00 [Information] The file "/images/skiEquipments.jpg" was not modified
2023-10-29 14:26:54.074 +01:00 [Information] The file "/images/mosque.jpg" was not modified
2023-10-29 14:26:54.074 +01:00 [Information] The file "/images/cyberS.jpg" was not modified
2023-10-29 14:26:54.074 +01:00 [Information] The file "/images/fotball.jpg" was not modified
2023-10-29 14:26:54.074 +01:00 [Information] Request finished HTTP/2 GET https://localhost:7205/images/vacation.jpg - - - 304 - image/jpeg 0.3707ms
2023-10-29 14:26:54.074 +01:00 [Information] Request finished HTTP/2 GET https://localhost:7205/images/skiEquipments.jpg - - - 304 - image/jpeg 0.3089ms
2023-10-29 14:26:54.074 +01:00 [Information] Request finished HTTP/2 GET https://localhost:7205/images/mosque.jpg - - - 304 - image/jpeg 0.4136ms
2023-10-29 14:26:54.074 +01:00 [Information] Request finished HTTP/2 GET https://localhost:7205/images/formula1.jpg - - - 304 - image/jpeg 0.5153ms
2023-10-29 14:26:54.074 +01:00 [Information] Request finished HTTP/2 GET https://localhost:7205/images/fotball.jpg - - - 304 - image/jpeg 0.6029ms
2023-10-29 14:26:54.074 +01:00 [Information] Request finished HTTP/2 GET https://localhost:7205/images/cyberS.jpg - - - 304 - image/jpeg 0.4551ms
2023-10-29 14:26:54.075 +01:00 [Information] Request starting HTTP/2 GET https://localhost:7205/_vs/browserLink - -
2023-10-29 14:26:54.077 +01:00 [Information] Request finished HTTP/2 GET https://localhost:7205/_vs/browserLink - - - 200 - text/javascript;+charset=UTF-8 1.9803ms
