2023-10-23 18:17:59.964 +02:00 [Information] User profile is available. Using '"C:\Users\abdik\AppData\Local\ASP.NET\DataProtection-Keys"' as key repository and Windows DPAPI to encrypt keys at rest.
2023-10-23 18:18:00.386 +02:00 [Information] Now listening on: "https://localhost:7205"
2023-10-23 18:18:00.386 +02:00 [Information] Now listening on: "http://localhost:5112"
2023-10-23 18:18:00.390 +02:00 [Information] Application started. Press Ctrl+C to shut down.
2023-10-23 18:18:00.390 +02:00 [Information] Hosting environment: "Development"
2023-10-23 18:18:00.390 +02:00 [Information] Content root path: "C:\Users\abdik\Source\Repos\Forum\MyShop\"
2023-10-23 18:18:00.690 +02:00 [Information] Request starting HTTP/2 GET https://localhost:7205/ - -
2023-10-23 18:18:00.731 +02:00 [Information] Executing endpoint '"Forum.Controllers.HomeController.Index (Forum)"'
2023-10-23 18:18:00.739 +02:00 [Information] Route matched with "{action = \"Index\", controller = \"Home\", page = \"\", area = \"\"}". Executing controller action with signature "Microsoft.AspNetCore.Mvc.IActionResult Index()" on controller "Forum.Controllers.HomeController" ("Forum").
2023-10-23 18:18:00.743 +02:00 [Information] Executing ViewResult, running view "Index".
2023-10-23 18:18:00.838 +02:00 [Information] Executed ViewResult - view "Index" executed in 93.81ms.
2023-10-23 18:18:00.839 +02:00 [Information] Executed action "Forum.Controllers.HomeController.Index (Forum)" in 100.2815ms
2023-10-23 18:18:00.840 +02:00 [Information] Executed endpoint '"Forum.Controllers.HomeController.Index (Forum)"'
2023-10-23 18:18:00.851 +02:00 [Information] Request starting HTTP/2 GET https://localhost:7205/_vs/browserLink - -
2023-10-23 18:18:00.851 +02:00 [Information] Request starting HTTP/2 GET https://localhost:7205/style.css - -
2023-10-23 18:18:00.851 +02:00 [Information] Request starting HTTP/2 GET https://localhost:7205/_framework/aspnetcore-browser-refresh.js - -
2023-10-23 18:18:00.852 +02:00 [Information] Request finished HTTP/2 GET https://localhost:7205/ - - - 200 - text/html;+charset=utf-8 164.4544ms
2023-10-23 18:18:00.853 +02:00 [Information] Request finished HTTP/2 GET https://localhost:7205/_framework/aspnetcore-browser-refresh.js - - - 200 12342 application/javascript;+charset=utf-8 2.1226ms
2023-10-23 18:18:00.853 +02:00 [Information] Request finished HTTP/2 GET https://localhost:7205/style.css - - - 404 0 - 2.4366ms
2023-10-23 18:18:00.857 +02:00 [Information] Request finished HTTP/2 GET https://localhost:7205/_vs/browserLink - - - 200 - text/javascript;+charset=UTF-8 6.6859ms
