2023-10-23 20:45:26.134 +02:00 [Information] User profile is available. Using '"C:\Users\abdik\AppData\Local\ASP.NET\DataProtection-Keys"' as key repository and Windows DPAPI to encrypt keys at rest.
2023-10-23 20:45:26.561 +02:00 [Information] Now listening on: "https://localhost:7205"
2023-10-23 20:45:26.561 +02:00 [Information] Now listening on: "http://localhost:5112"
2023-10-23 20:45:26.564 +02:00 [Information] Application started. Press Ctrl+C to shut down.
2023-10-23 20:45:26.564 +02:00 [Information] Hosting environment: "Development"
2023-10-23 20:45:26.564 +02:00 [Information] Content root path: "C:\Users\abdik\Source\Repos\Forum\MyShop\"
2023-10-23 20:45:29.757 +02:00 [Information] Request starting HTTP/2 GET https://localhost:7205/Search/Search?search= - -
2023-10-23 20:45:29.799 +02:00 [Information] Executing endpoint '"Forum.Controllers.SearchController.Search (Forum)"'
2023-10-23 20:45:29.813 +02:00 [Information] Route matched with "{action = \"Search\", controller = \"Search\", page = \"\", area = \"\"}". Executing controller action with signature "Microsoft.AspNetCore.Mvc.IActionResult Search(System.String)" on controller "Forum.Controllers.SearchController" ("Forum").
2023-10-23 20:45:29.831 +02:00 [Information] Executing ViewResult, running view "Search".
2023-10-23 20:45:29.932 +02:00 [Information] Executed ViewResult - view "Search" executed in 100.0866ms.
2023-10-23 20:45:29.934 +02:00 [Information] Executed action "Forum.Controllers.SearchController.Search (Forum)" in 120.5302ms
2023-10-23 20:45:29.934 +02:00 [Information] Executed endpoint '"Forum.Controllers.SearchController.Search (Forum)"'
2023-10-23 20:45:29.947 +02:00 [Information] Request finished HTTP/2 GET https://localhost:7205/Search/Search?search= - - - 200 - text/html;+charset=utf-8 192.1281ms
2023-10-23 20:45:29.949 +02:00 [Information] Request starting HTTP/2 GET https://localhost:7205/_framework/aspnetcore-browser-refresh.js - -
2023-10-23 20:45:29.951 +02:00 [Information] Request starting HTTP/2 GET https://localhost:7205/css/style.css?v=35HH4RfJtST0sDq0rMotu1E2heftLFgWrkUbXojxluA - -
2023-10-23 20:45:29.951 +02:00 [Information] Request starting HTTP/2 GET https://localhost:7205/Search/style.css - -
2023-10-23 20:45:29.951 +02:00 [Information] Request finished HTTP/2 GET https://localhost:7205/_framework/aspnetcore-browser-refresh.js - - - 200 12342 application/javascript;+charset=utf-8 1.8544ms
2023-10-23 20:45:29.953 +02:00 [Information] Request finished HTTP/2 GET https://localhost:7205/Search/style.css - - - 404 0 - 2.3910ms
2023-10-23 20:45:29.962 +02:00 [Information] The file "/css/style.css" was not modified
2023-10-23 20:45:29.962 +02:00 [Information] Request finished HTTP/2 GET https://localhost:7205/css/style.css?v=35HH4RfJtST0sDq0rMotu1E2heftLFgWrkUbXojxluA - - - 304 - text/css 11.2631ms
2023-10-23 20:45:29.980 +02:00 [Information] Request starting HTTP/2 GET https://localhost:7205/_vs/browserLink - -
2023-10-23 20:45:29.986 +02:00 [Information] Request finished HTTP/2 GET https://localhost:7205/_vs/browserLink - - - 200 - text/javascript;+charset=UTF-8 6.0563ms
2023-10-23 20:45:31.647 +02:00 [Information] Request starting HTTP/2 GET https://localhost:7205/Search/Search?search=Data - -
2023-10-23 20:45:31.649 +02:00 [Information] Executing endpoint '"Forum.Controllers.SearchController.Search (Forum)"'
2023-10-23 20:45:31.650 +02:00 [Information] Route matched with "{action = \"Search\", controller = \"Search\", page = \"\", area = \"\"}". Executing controller action with signature "Microsoft.AspNetCore.Mvc.IActionResult Search(System.String)" on controller "Forum.Controllers.SearchController" ("Forum").
2023-10-23 20:45:31.685 +02:00 [Information] Executing ViewResult, running view "Search".
2023-10-23 20:45:31.695 +02:00 [Information] Executed ViewResult - view "Search" executed in 9.8033ms.
2023-10-23 20:45:31.695 +02:00 [Information] Executed action "Forum.Controllers.SearchController.Search (Forum)" in 45.1702ms
2023-10-23 20:45:31.695 +02:00 [Information] Executed endpoint '"Forum.Controllers.SearchController.Search (Forum)"'
2023-10-23 20:45:31.696 +02:00 [Information] Request finished HTTP/2 GET https://localhost:7205/Search/Search?search=Data - - - 200 - text/html;+charset=utf-8 48.7689ms
2023-10-23 20:45:31.712 +02:00 [Information] Request starting HTTP/2 GET https://localhost:7205/Search/style.css - -
2023-10-23 20:45:31.712 +02:00 [Information] Request finished HTTP/2 GET https://localhost:7205/Search/style.css - - - 404 0 - 0.5486ms
2023-10-23 20:45:31.713 +02:00 [Information] Request starting HTTP/2 GET https://localhost:7205/_vs/browserLink - -
2023-10-23 20:45:31.715 +02:00 [Information] Request finished HTTP/2 GET https://localhost:7205/_vs/browserLink - - - 200 - text/javascript;+charset=UTF-8 1.8443ms
2023-10-23 20:45:31.715 +02:00 [Information] Request starting HTTP/2 GET https://localhost:7205/_framework/aspnetcore-browser-refresh.js - -
2023-10-23 20:45:31.716 +02:00 [Information] Request finished HTTP/2 GET https://localhost:7205/_framework/aspnetcore-browser-refresh.js - - - 200 12342 application/javascript;+charset=utf-8 0.3430ms
