2023-10-29 14:54:04.692 +01:00 [Information] User profile is available. Using '"C:\Users\abdik\AppData\Local\ASP.NET\DataProtection-Keys"' as key repository and Windows DPAPI to encrypt keys at rest.
2023-10-29 14:54:05.129 +01:00 [Information] Now listening on: "https://localhost:7205"
2023-10-29 14:54:05.130 +01:00 [Information] Now listening on: "http://localhost:5112"
2023-10-29 14:54:05.133 +01:00 [Information] Application started. Press Ctrl+C to shut down.
2023-10-29 14:54:05.178 +01:00 [Information] Hosting environment: "Development"
2023-10-29 14:54:05.178 +01:00 [Information] Content root path: "C:\Users\abdik\Source\Repos\Forum\MyShop\"
2023-10-29 14:54:05.327 +01:00 [Information] Request starting HTTP/2 GET https://localhost:7205/Category/CategoryTable - -
2023-10-29 14:54:05.378 +01:00 [Information] Executing endpoint '"Forum.Controllers.CategoryController.CategoryTable (Forum)"'
2023-10-29 14:54:05.389 +01:00 [Information] Route matched with "{action = \"CategoryTable\", controller = \"Category\", page = \"\", area = \"\"}". Executing controller action with signature "System.Threading.Tasks.Task`1[Microsoft.AspNetCore.Mvc.IActionResult] CategoryTable()" on controller "Forum.Controllers.CategoryController" ("Forum").
2023-10-29 14:54:05.409 +01:00 [Information] Executing ViewResult, running view "CategoryTable".
2023-10-29 14:54:05.550 +01:00 [Information] Executed ViewResult - view "CategoryTable" executed in 140.287ms.
2023-10-29 14:54:05.551 +01:00 [Information] Executed action "Forum.Controllers.CategoryController.CategoryTable (Forum)" in 161.9035ms
2023-10-29 14:54:05.552 +01:00 [Information] Executed endpoint '"Forum.Controllers.CategoryController.CategoryTable (Forum)"'
2023-10-29 14:54:05.565 +01:00 [Information] Request finished HTTP/2 GET https://localhost:7205/Category/CategoryTable - - - 200 - text/html;+charset=utf-8 241.5339ms
2023-10-29 14:54:05.594 +01:00 [Information] Request starting HTTP/2 GET https://localhost:7205/_framework/aspnetcore-browser-refresh.js - -
2023-10-29 14:54:05.594 +01:00 [Information] Request starting HTTP/2 GET https://localhost:7205/_vs/browserLink - -
2023-10-29 14:54:05.596 +01:00 [Information] Request finished HTTP/2 GET https://localhost:7205/_framework/aspnetcore-browser-refresh.js - - - 200 12342 application/javascript;+charset=utf-8 2.1590ms
2023-10-29 14:54:05.602 +01:00 [Information] Request finished HTTP/2 GET https://localhost:7205/_vs/browserLink - - - 200 - text/javascript;+charset=UTF-8 8.1259ms
2023-10-29 15:22:05.109 +01:00 [Information] Request starting HTTP/2 GET https://localhost:7205/Room/RoomTable - -
2023-10-29 15:22:05.123 +01:00 [Information] AuthenticationScheme: "Identity.Application" signed out.
2023-10-29 15:22:05.124 +01:00 [Information] AuthenticationScheme: "Identity.External" signed out.
2023-10-29 15:22:05.124 +01:00 [Information] AuthenticationScheme: "Identity.TwoFactorUserId" signed out.
2023-10-29 15:22:05.127 +01:00 [Information] "Identity.Application" was not authenticated. Failure message: "No principal."
2023-10-29 15:22:05.127 +01:00 [Information] Executing endpoint '"Forum.Controllers.RoomController.RoomTable (Forum)"'
2023-10-29 15:22:05.129 +01:00 [Information] Route matched with "{action = \"RoomTable\", controller = \"Room\", page = \"\", area = \"\"}". Executing controller action with signature "System.Threading.Tasks.Task`1[Microsoft.AspNetCore.Mvc.IActionResult] RoomTable()" on controller "Forum.Controllers.RoomController" ("Forum").
2023-10-29 15:22:05.135 +01:00 [Information] Executing ViewResult, running view "RoomTable".
2023-10-29 15:22:05.146 +01:00 [Information] Executed ViewResult - view "RoomTable" executed in 11.3635ms.
2023-10-29 15:22:05.146 +01:00 [Information] Executed action "Forum.Controllers.RoomController.RoomTable (Forum)" in 17.2143ms
2023-10-29 15:22:05.146 +01:00 [Information] Executed endpoint '"Forum.Controllers.RoomController.RoomTable (Forum)"'
2023-10-29 15:22:05.147 +01:00 [Information] Request finished HTTP/2 GET https://localhost:7205/Room/RoomTable - - - 200 - text/html;+charset=utf-8 37.5856ms
2023-10-29 15:22:05.155 +01:00 [Information] Request starting HTTP/2 GET https://localhost:7205/lib/bootstrap/css/crtstyle.css - -
2023-10-29 15:22:05.155 +01:00 [Information] Request starting HTTP/2 GET https://localhost:7205/_framework/aspnetcore-browser-refresh.js - -
2023-10-29 15:22:05.155 +01:00 [Information] Request starting HTTP/2 GET https://localhost:7205/lib/bootstrap/js/bootstrap.js - -
2023-10-29 15:22:05.155 +01:00 [Information] Request starting HTTP/2 GET https://localhost:7205/css/style.css?v=WdTnk-tLUSm3ZW2x6qLfHkgxmfnYuYrUv0OKJTfJWOw - -
2023-10-29 15:22:05.155 +01:00 [Information] Request starting HTTP/2 GET https://localhost:7205/lib/jquery/jquery.js - -
2023-10-29 15:22:05.155 +01:00 [Information] Request finished HTTP/2 GET https://localhost:7205/_framework/aspnetcore-browser-refresh.js - - - 200 12342 application/javascript;+charset=utf-8 0.3022ms
2023-10-29 15:22:05.164 +01:00 [Information] The file "/lib/jquery/jquery.js" was not modified
2023-10-29 15:22:05.164 +01:00 [Information] The file "/css/style.css" was not modified
2023-10-29 15:22:05.164 +01:00 [Information] The file "/lib/bootstrap/js/bootstrap.js" was not modified
2023-10-29 15:22:05.164 +01:00 [Information] The file "/lib/bootstrap/css/crtstyle.css" was not modified
2023-10-29 15:22:05.165 +01:00 [Information] Request finished HTTP/2 GET https://localhost:7205/lib/bootstrap/css/crtstyle.css - - - 304 - text/css 9.7711ms
2023-10-29 15:22:05.165 +01:00 [Information] Request finished HTTP/2 GET https://localhost:7205/css/style.css?v=WdTnk-tLUSm3ZW2x6qLfHkgxmfnYuYrUv0OKJTfJWOw - - - 304 - text/css 9.3738ms
2023-10-29 15:22:05.165 +01:00 [Information] Request finished HTTP/2 GET https://localhost:7205/lib/jquery/jquery.js - - - 304 - application/javascript 9.3308ms
2023-10-29 15:22:05.165 +01:00 [Information] Request finished HTTP/2 GET https://localhost:7205/lib/bootstrap/js/bootstrap.js - - - 304 - application/javascript 9.4824ms
2023-10-29 15:22:05.185 +01:00 [Information] Request starting HTTP/2 GET https://localhost:7205/_vs/browserLink - -
2023-10-29 15:22:05.187 +01:00 [Information] Request finished HTTP/2 GET https://localhost:7205/_vs/browserLink - - - 200 - text/javascript;+charset=UTF-8 2.3886ms
2023-10-29 15:22:05.835 +01:00 [Information] Request starting HTTP/2 GET https://localhost:7205/Topic/TopicTable - -
2023-10-29 15:22:05.836 +01:00 [Information] Executing endpoint '"Forum.Controllers.TopicController.TopicTable (Forum)"'
2023-10-29 15:22:05.838 +01:00 [Information] Route matched with "{action = \"TopicTable\", controller = \"Topic\", page = \"\", area = \"\"}". Executing controller action with signature "System.Threading.Tasks.Task`1[Microsoft.AspNetCore.Mvc.IActionResult] TopicTable()" on controller "Forum.Controllers.TopicController" ("Forum").
2023-10-29 15:22:05.847 +01:00 [Information] Executing ViewResult, running view "TopicTable".
2023-10-29 15:22:05.860 +01:00 [Information] Executed ViewResult - view "TopicTable" executed in 13.9775ms.
2023-10-29 15:22:05.861 +01:00 [Information] Executed action "Forum.Controllers.TopicController.TopicTable (Forum)" in 22.0801ms
2023-10-29 15:22:05.861 +01:00 [Information] Executed endpoint '"Forum.Controllers.TopicController.TopicTable (Forum)"'
2023-10-29 15:22:05.861 +01:00 [Information] Request finished HTTP/2 GET https://localhost:7205/Topic/TopicTable - - - 200 - text/html;+charset=utf-8 26.2370ms
2023-10-29 15:22:05.873 +01:00 [Information] Request starting HTTP/2 GET https://localhost:7205/_vs/browserLink - -
2023-10-29 15:22:05.873 +01:00 [Information] Request starting HTTP/2 GET https://localhost:7205/_framework/aspnetcore-browser-refresh.js - -
2023-10-29 15:22:05.873 +01:00 [Information] Request finished HTTP/2 GET https://localhost:7205/_framework/aspnetcore-browser-refresh.js - - - 200 12342 application/javascript;+charset=utf-8 0.2333ms
2023-10-29 15:22:05.875 +01:00 [Information] Request finished HTTP/2 GET https://localhost:7205/_vs/browserLink - - - 200 - text/javascript;+charset=UTF-8 2.0410ms
2023-10-29 15:22:07.693 +01:00 [Information] Request starting HTTP/2 GET https://localhost:7205/Topic/TopicDetails/1 - -
2023-10-29 15:22:07.695 +01:00 [Information] Executing endpoint '"Forum.Controllers.TopicController.TopicDetails (Forum)"'
2023-10-29 15:22:07.703 +01:00 [Information] Route matched with "{action = \"TopicDetails\", controller = \"Topic\", page = \"\", area = \"\"}". Executing controller action with signature "System.Threading.Tasks.Task`1[Microsoft.AspNetCore.Mvc.IActionResult] TopicDetails(Int32)" on controller "Forum.Controllers.TopicController" ("Forum").
2023-10-29 15:22:07.713 +01:00 [Information] Executing ViewResult, running view "TopicDetails".
2023-10-29 15:22:07.748 +01:00 [Information] Executed ViewResult - view "TopicDetails" executed in 35.5619ms.
2023-10-29 15:22:07.748 +01:00 [Information] Executed action "Forum.Controllers.TopicController.TopicDetails (Forum)" in 45.0808ms
2023-10-29 15:22:07.748 +01:00 [Information] Executed endpoint '"Forum.Controllers.TopicController.TopicDetails (Forum)"'
2023-10-29 15:22:07.749 +01:00 [Information] Request finished HTTP/2 GET https://localhost:7205/Topic/TopicDetails/1 - - - 200 - text/html;+charset=utf-8 55.5394ms
2023-10-29 15:22:07.760 +01:00 [Information] Request starting HTTP/2 GET https://localhost:7205/_framework/aspnetcore-browser-refresh.js - -
2023-10-29 15:22:07.760 +01:00 [Information] Request starting HTTP/2 GET https://localhost:7205/_vs/browserLink - -
2023-10-29 15:22:07.760 +01:00 [Information] Request finished HTTP/2 GET https://localhost:7205/_framework/aspnetcore-browser-refresh.js - - - 200 12342 application/javascript;+charset=utf-8 0.1863ms
2023-10-29 15:22:07.761 +01:00 [Information] Request finished HTTP/2 GET https://localhost:7205/_vs/browserLink - - - 200 - text/javascript;+charset=UTF-8 1.6317ms
2023-10-29 15:22:09.177 +01:00 [Information] Request starting HTTP/2 GET https://localhost:7205/Post/PostDetails/1 - -
2023-10-29 15:22:09.178 +01:00 [Information] Executing endpoint '"Forum.Controllers.PostController.PostDetails (Forum)"'
2023-10-29 15:22:09.180 +01:00 [Information] Route matched with "{action = \"PostDetails\", controller = \"Post\", page = \"\", area = \"\"}". Executing controller action with signature "System.Threading.Tasks.Task`1[Microsoft.AspNetCore.Mvc.IActionResult] PostDetails(Int32)" on controller "Forum.Controllers.PostController" ("Forum").
2023-10-29 15:22:09.186 +01:00 [Information] Executing ViewResult, running view "PostDetails".
2023-10-29 15:22:09.199 +01:00 [Information] Executed ViewResult - view "PostDetails" executed in 12.7786ms.
2023-10-29 15:22:09.199 +01:00 [Information] Executed action "Forum.Controllers.PostController.PostDetails (Forum)" in 18.5076ms
2023-10-29 15:22:09.199 +01:00 [Information] Executed endpoint '"Forum.Controllers.PostController.PostDetails (Forum)"'
2023-10-29 15:22:09.199 +01:00 [Information] Request finished HTTP/2 GET https://localhost:7205/Post/PostDetails/1 - - - 200 - text/html;+charset=utf-8 22.4046ms
2023-10-29 15:22:09.211 +01:00 [Information] Request starting HTTP/2 GET https://localhost:7205/_framework/aspnetcore-browser-refresh.js - -
2023-10-29 15:22:09.211 +01:00 [Information] Request starting HTTP/2 GET https://localhost:7205/_vs/browserLink - -
2023-10-29 15:22:09.211 +01:00 [Information] Request finished HTTP/2 GET https://localhost:7205/_framework/aspnetcore-browser-refresh.js - - - 200 12342 application/javascript;+charset=utf-8 0.1649ms
2023-10-29 15:22:09.213 +01:00 [Information] Request finished HTTP/2 GET https://localhost:7205/_vs/browserLink - - - 200 - text/javascript;+charset=UTF-8 1.7931ms
2023-10-29 15:22:13.290 +01:00 [Information] Request starting HTTP/2 GET https://localhost:7205/Identity/Account/Login - -
2023-10-29 15:22:13.290 +01:00 [Information] Executing endpoint '"/Account/Login"'
2023-10-29 15:22:13.295 +01:00 [Information] Route matched with "{page = \"/Account/Login\", area = \"Identity\", action = \"\", controller = \"\"}". Executing page "/Account/Login"
2023-10-29 15:22:13.301 +01:00 [Information] Executing handler method "Forum.Areas.Identity.Pages.Account.LoginModel.OnGetAsync" - ModelState is Valid
2023-10-29 15:22:13.302 +01:00 [Information] AuthenticationScheme: "Identity.External" signed out.
2023-10-29 15:22:13.302 +01:00 [Information] Executed handler method "OnGetAsync", returned result "".
2023-10-29 15:22:13.305 +01:00 [Information] Executing an implicit handler method - ModelState is Valid
2023-10-29 15:22:13.305 +01:00 [Information] Executed an implicit handler method, returned result "Microsoft.AspNetCore.Mvc.RazorPages.PageResult".
2023-10-29 15:22:13.331 +01:00 [Information] Executed page "/Account/Login" in 36.1516ms
2023-10-29 15:22:13.331 +01:00 [Information] Executed endpoint '"/Account/Login"'
2023-10-29 15:22:13.332 +01:00 [Information] Request finished HTTP/2 GET https://localhost:7205/Identity/Account/Login - - - 200 - text/html;+charset=utf-8 42.0338ms
2023-10-29 15:22:13.343 +01:00 [Information] Request starting HTTP/2 GET https://localhost:7205/_framework/aspnetcore-browser-refresh.js - -
2023-10-29 15:22:13.343 +01:00 [Information] Request finished HTTP/2 GET https://localhost:7205/_framework/aspnetcore-browser-refresh.js - - - 200 12342 application/javascript;+charset=utf-8 0.1713ms
2023-10-29 15:22:13.352 +01:00 [Information] Request starting HTTP/2 GET https://localhost:7205/_vs/browserLink - -
2023-10-29 15:22:13.354 +01:00 [Information] Request finished HTTP/2 GET https://localhost:7205/_vs/browserLink - - - 200 - text/javascript;+charset=UTF-8 1.7779ms
2023-10-29 15:22:14.344 +01:00 [Information] Request starting HTTP/2 POST https://localhost:7205/Identity/Account/Login application/x-www-form-urlencoded 280
2023-10-29 15:22:14.347 +01:00 [Information] Executing endpoint '"/Account/Login"'
2023-10-29 15:22:14.347 +01:00 [Information] Route matched with "{page = \"/Account/Login\", area = \"Identity\", action = \"\", controller = \"\"}". Executing page "/Account/Login"
2023-10-29 15:22:14.356 +01:00 [Information] Executing handler method "Forum.Areas.Identity.Pages.Account.LoginModel.OnPostAsync" - ModelState is Valid
2023-10-29 15:22:14.401 +01:00 [Information] AuthenticationScheme: "Identity.Application" signed in.
2023-10-29 15:22:14.401 +01:00 [Information] User logged in.
2023-10-29 15:22:14.402 +01:00 [Information] Executed handler method "OnPostAsync", returned result "Microsoft.AspNetCore.Mvc.LocalRedirectResult".
2023-10-29 15:22:14.402 +01:00 [Information] Executing LocalRedirectResult, redirecting to "/".
2023-10-29 15:22:14.402 +01:00 [Information] Executed page "/Account/Login" in 55.3118ms
2023-10-29 15:22:14.402 +01:00 [Information] Executed endpoint '"/Account/Login"'
2023-10-29 15:22:14.402 +01:00 [Information] Request finished HTTP/2 POST https://localhost:7205/Identity/Account/Login application/x-www-form-urlencoded 280 - 302 0 - 58.5039ms
2023-10-29 15:22:14.405 +01:00 [Information] Request starting HTTP/2 GET https://localhost:7205/ - -
2023-10-29 15:22:14.407 +01:00 [Information] Executing endpoint '"Forum.Controllers.HomeController.Index (Forum)"'
2023-10-29 15:22:14.408 +01:00 [Information] Route matched with "{action = \"Index\", controller = \"Home\", page = \"\", area = \"\"}". Executing controller action with signature "System.Threading.Tasks.Task`1[Microsoft.AspNetCore.Mvc.IActionResult] Index()" on controller "Forum.Controllers.HomeController" ("Forum").
2023-10-29 15:22:14.412 +01:00 [Information] Executing ViewResult, running view "Index".
2023-10-29 15:22:14.430 +01:00 [Information] Executed ViewResult - view "Index" executed in 18.4647ms.
2023-10-29 15:22:14.430 +01:00 [Information] Executed action "Forum.Controllers.HomeController.Index (Forum)" in 21.5639ms
2023-10-29 15:22:14.430 +01:00 [Information] Executed endpoint '"Forum.Controllers.HomeController.Index (Forum)"'
2023-10-29 15:22:14.431 +01:00 [Information] Request finished HTTP/2 GET https://localhost:7205/ - - - 200 - text/html;+charset=utf-8 26.3997ms
2023-10-29 15:22:14.443 +01:00 [Information] Request starting HTTP/2 GET https://localhost:7205/images/fotball.jpg - -
2023-10-29 15:22:14.443 +01:00 [Information] Request starting HTTP/2 GET https://localhost:7205/images/formula1.jpg - -
2023-10-29 15:22:14.443 +01:00 [Information] The file "/images/formula1.jpg" was not modified
2023-10-29 15:22:14.443 +01:00 [Information] The file "/images/fotball.jpg" was not modified
2023-10-29 15:22:14.443 +01:00 [Information] Request finished HTTP/2 GET https://localhost:7205/images/formula1.jpg - - - 304 - image/jpeg 0.4852ms
2023-10-29 15:22:14.443 +01:00 [Information] Request finished HTTP/2 GET https://localhost:7205/images/fotball.jpg - - - 304 - image/jpeg 0.4867ms
2023-10-29 15:22:14.451 +01:00 [Information] Request starting HTTP/2 GET https://localhost:7205/images/mosque.jpg - -
2023-10-29 15:22:14.451 +01:00 [Information] Request starting HTTP/2 GET https://localhost:7205/images/vacation.jpg - -
2023-10-29 15:22:14.451 +01:00 [Information] Request starting HTTP/2 GET https://localhost:7205/_framework/aspnetcore-browser-refresh.js - -
2023-10-29 15:22:14.452 +01:00 [Information] Request finished HTTP/2 GET https://localhost:7205/_framework/aspnetcore-browser-refresh.js - - - 200 12342 application/javascript;+charset=utf-8 0.1307ms
2023-10-29 15:22:14.452 +01:00 [Information] The file "/images/mosque.jpg" was not modified
2023-10-29 15:22:14.452 +01:00 [Information] The file "/images/vacation.jpg" was not modified
2023-10-29 15:22:14.452 +01:00 [Information] Request starting HTTP/2 GET https://localhost:7205/images/cyberS.jpg - -
2023-10-29 15:22:14.452 +01:00 [Information] Request finished HTTP/2 GET https://localhost:7205/images/mosque.jpg - - - 304 - image/jpeg 0.3593ms
2023-10-29 15:22:14.452 +01:00 [Information] Request starting HTTP/2 GET https://localhost:7205/images/skiEquipments.jpg - -
2023-10-29 15:22:14.452 +01:00 [Information] Request finished HTTP/2 GET https://localhost:7205/images/vacation.jpg - - - 304 - image/jpeg 0.3763ms
2023-10-29 15:22:14.452 +01:00 [Information] The file "/images/cyberS.jpg" was not modified
2023-10-29 15:22:14.452 +01:00 [Information] The file "/images/skiEquipments.jpg" was not modified
2023-10-29 15:22:14.452 +01:00 [Information] Request finished HTTP/2 GET https://localhost:7205/images/cyberS.jpg - - - 304 - image/jpeg 0.2152ms
2023-10-29 15:22:14.452 +01:00 [Information] Request finished HTTP/2 GET https://localhost:7205/images/skiEquipments.jpg - - - 304 - image/jpeg 0.2169ms
2023-10-29 15:22:14.452 +01:00 [Information] Request starting HTTP/2 GET https://localhost:7205/_vs/browserLink - -
2023-10-29 15:22:14.454 +01:00 [Information] Request finished HTTP/2 GET https://localhost:7205/_vs/browserLink - - - 200 - text/javascript;+charset=UTF-8 2.1108ms
2023-10-29 15:22:15.600 +01:00 [Information] Request starting HTTP/2 GET https://localhost:7205/Topic/TopicTable - -
2023-10-29 15:22:15.603 +01:00 [Information] Executing endpoint '"Forum.Controllers.TopicController.TopicTable (Forum)"'
2023-10-29 15:22:15.603 +01:00 [Information] Route matched with "{action = \"TopicTable\", controller = \"Topic\", page = \"\", area = \"\"}". Executing controller action with signature "System.Threading.Tasks.Task`1[Microsoft.AspNetCore.Mvc.IActionResult] TopicTable()" on controller "Forum.Controllers.TopicController" ("Forum").
2023-10-29 15:22:15.605 +01:00 [Information] Executing ViewResult, running view "TopicTable".
2023-10-29 15:22:15.608 +01:00 [Information] Executed ViewResult - view "TopicTable" executed in 3.2287ms.
2023-10-29 15:22:15.608 +01:00 [Information] Executed action "Forum.Controllers.TopicController.TopicTable (Forum)" in 4.644ms
2023-10-29 15:22:15.608 +01:00 [Information] Executed endpoint '"Forum.Controllers.TopicController.TopicTable (Forum)"'
2023-10-29 15:22:15.609 +01:00 [Information] Request finished HTTP/2 GET https://localhost:7205/Topic/TopicTable - - - 200 - text/html;+charset=utf-8 8.7920ms
2023-10-29 15:22:15.620 +01:00 [Information] Request starting HTTP/2 GET https://localhost:7205/_vs/browserLink - -
2023-10-29 15:22:15.620 +01:00 [Information] Request starting HTTP/2 GET https://localhost:7205/_framework/aspnetcore-browser-refresh.js - -
2023-10-29 15:22:15.620 +01:00 [Information] Request finished HTTP/2 GET https://localhost:7205/_framework/aspnetcore-browser-refresh.js - - - 200 12342 application/javascript;+charset=utf-8 0.2178ms
2023-10-29 15:22:15.621 +01:00 [Information] Request finished HTTP/2 GET https://localhost:7205/_vs/browserLink - - - 200 - text/javascript;+charset=UTF-8 1.8490ms
2023-10-29 15:22:16.430 +01:00 [Information] Request starting HTTP/2 GET https://localhost:7205/Topic/TopicDetails/1 - -
2023-10-29 15:22:16.431 +01:00 [Information] Executing endpoint '"Forum.Controllers.TopicController.TopicDetails (Forum)"'
2023-10-29 15:22:16.431 +01:00 [Information] Route matched with "{action = \"TopicDetails\", controller = \"Topic\", page = \"\", area = \"\"}". Executing controller action with signature "System.Threading.Tasks.Task`1[Microsoft.AspNetCore.Mvc.IActionResult] TopicDetails(Int32)" on controller "Forum.Controllers.TopicController" ("Forum").
2023-10-29 15:22:16.432 +01:00 [Information] Executing ViewResult, running view "TopicDetails".
2023-10-29 15:22:16.437 +01:00 [Information] Executed ViewResult - view "TopicDetails" executed in 4.7027ms.
2023-10-29 15:22:16.437 +01:00 [Information] Executed action "Forum.Controllers.TopicController.TopicDetails (Forum)" in 5.7453ms
2023-10-29 15:22:16.437 +01:00 [Information] Executed endpoint '"Forum.Controllers.TopicController.TopicDetails (Forum)"'
2023-10-29 15:22:16.438 +01:00 [Information] Request finished HTTP/2 GET https://localhost:7205/Topic/TopicDetails/1 - - - 200 - text/html;+charset=utf-8 8.0112ms
2023-10-29 15:22:16.449 +01:00 [Information] Request starting HTTP/2 GET https://localhost:7205/_vs/browserLink - -
2023-10-29 15:22:16.449 +01:00 [Information] Request starting HTTP/2 GET https://localhost:7205/_framework/aspnetcore-browser-refresh.js - -
2023-10-29 15:22:16.449 +01:00 [Information] Request finished HTTP/2 GET https://localhost:7205/_framework/aspnetcore-browser-refresh.js - - - 200 12342 application/javascript;+charset=utf-8 0.2034ms
2023-10-29 15:22:16.451 +01:00 [Information] Request finished HTTP/2 GET https://localhost:7205/_vs/browserLink - - - 200 - text/javascript;+charset=UTF-8 1.8749ms
2023-10-29 15:22:17.734 +01:00 [Information] Request starting HTTP/2 GET https://localhost:7205/Post/CreatePost?topicId=1 - -
2023-10-29 15:22:17.738 +01:00 [Information] Executing endpoint '"Forum.Controllers.PostController.CreatePost (Forum)"'
2023-10-29 15:22:17.739 +01:00 [Information] Route matched with "{action = \"CreatePost\", controller = \"Post\", page = \"\", area = \"\"}". Executing controller action with signature "Microsoft.AspNetCore.Mvc.IActionResult CreatePost(Int32)" on controller "Forum.Controllers.PostController" ("Forum").
2023-10-29 15:22:17.742 +01:00 [Information] Executing ViewResult, running view "CreatePost".
2023-10-29 15:22:17.753 +01:00 [Information] Executed ViewResult - view "CreatePost" executed in 11.2014ms.
2023-10-29 15:22:17.753 +01:00 [Information] Executed action "Forum.Controllers.PostController.CreatePost (Forum)" in 14.3934ms
2023-10-29 15:22:17.753 +01:00 [Information] Executed endpoint '"Forum.Controllers.PostController.CreatePost (Forum)"'
2023-10-29 15:22:17.754 +01:00 [Information] Request finished HTTP/2 GET https://localhost:7205/Post/CreatePost?topicId=1 - - - 200 - text/html;+charset=utf-8 20.3168ms
2023-10-29 15:22:17.764 +01:00 [Information] Request starting HTTP/2 GET https://localhost:7205/_vs/browserLink - -
2023-10-29 15:22:17.764 +01:00 [Information] Request starting HTTP/2 GET https://localhost:7205/_framework/aspnetcore-browser-refresh.js - -
2023-10-29 15:22:17.764 +01:00 [Information] Request finished HTTP/2 GET https://localhost:7205/_framework/aspnetcore-browser-refresh.js - - - 200 12342 application/javascript;+charset=utf-8 0.1814ms
2023-10-29 15:22:17.766 +01:00 [Information] Request finished HTTP/2 GET https://localhost:7205/_vs/browserLink - - - 200 - text/javascript;+charset=UTF-8 1.7287ms
2023-10-29 15:22:18.520 +01:00 [Information] Request starting HTTP/2 POST https://localhost:7205/Post/Createpost?topicId=1 application/x-www-form-urlencoded 284
2023-10-29 15:22:18.522 +01:00 [Information] Executing endpoint '"Forum.Controllers.PostController.CreatePost (Forum)"'
2023-10-29 15:22:18.527 +01:00 [Information] Route matched with "{action = \"CreatePost\", controller = \"Post\", page = \"\", area = \"\"}". Executing controller action with signature "System.Threading.Tasks.Task`1[Microsoft.AspNetCore.Mvc.IActionResult] CreatePost(Forum.ViewModels.PostCommentViewModel)" on controller "Forum.Controllers.PostController" ("Forum").
2023-10-29 15:22:18.536 +01:00 [Warning] [PostController] Post creation failed Post { PostId: 0, TopicId: 1, UserName: null, PostTitle: null, PostTime: 10/29/2023 15:22:18, Topic: null, Comments: null, LatestComment: null }
2023-10-29 15:22:18.536 +01:00 [Information] Executing ViewResult, running view "CreatePost".
2023-10-29 15:22:18.539 +01:00 [Information] Executed ViewResult - view "CreatePost" executed in 2.4337ms.
2023-10-29 15:22:18.539 +01:00 [Information] Executed action "Forum.Controllers.PostController.CreatePost (Forum)" in 11.9938ms
2023-10-29 15:22:18.539 +01:00 [Information] Executed endpoint '"Forum.Controllers.PostController.CreatePost (Forum)"'
2023-10-29 15:22:18.540 +01:00 [Information] Request finished HTTP/2 POST https://localhost:7205/Post/Createpost?topicId=1 application/x-www-form-urlencoded 284 - 200 - text/html;+charset=utf-8 19.6555ms
2023-10-29 15:22:18.551 +01:00 [Information] Request starting HTTP/2 GET https://localhost:7205/_framework/aspnetcore-browser-refresh.js - -
2023-10-29 15:22:18.551 +01:00 [Information] Request starting HTTP/2 GET https://localhost:7205/_vs/browserLink - -
2023-10-29 15:22:18.552 +01:00 [Information] Request finished HTTP/2 GET https://localhost:7205/_framework/aspnetcore-browser-refresh.js - - - 200 12342 application/javascript;+charset=utf-8 0.1635ms
2023-10-29 15:22:18.553 +01:00 [Information] Request finished HTTP/2 GET https://localhost:7205/_vs/browserLink - - - 200 - text/javascript;+charset=UTF-8 2.0552ms
2023-10-29 15:22:22.199 +01:00 [Information] Request starting HTTP/2 POST https://localhost:7205/Post/Createpost?topicId=1 application/x-www-form-urlencoded 364
2023-10-29 15:22:22.201 +01:00 [Information] Executing endpoint '"Forum.Controllers.PostController.CreatePost (Forum)"'
2023-10-29 15:22:22.201 +01:00 [Information] Route matched with "{action = \"CreatePost\", controller = \"Post\", page = \"\", area = \"\"}". Executing controller action with signature "System.Threading.Tasks.Task`1[Microsoft.AspNetCore.Mvc.IActionResult] CreatePost(Forum.ViewModels.PostCommentViewModel)" on controller "Forum.Controllers.PostController" ("Forum").
2023-10-29 15:22:22.203 +01:00 [Warning] [PostController] Post creation failed Post { PostId: 0, TopicId: 1, UserName: null, PostTitle: "United er mye bedre enn Liverpool", PostTime: 10/29/2023 15:22:22, Topic: null, Comments: null, LatestComment: null }
2023-10-29 15:22:22.203 +01:00 [Information] Executing ViewResult, running view "CreatePost".
2023-10-29 15:22:22.205 +01:00 [Information] Executed ViewResult - view "CreatePost" executed in 2.3963ms.
2023-10-29 15:22:22.205 +01:00 [Information] Executed action "Forum.Controllers.PostController.CreatePost (Forum)" in 3.6126ms
2023-10-29 15:22:22.205 +01:00 [Information] Executed endpoint '"Forum.Controllers.PostController.CreatePost (Forum)"'
2023-10-29 15:22:22.206 +01:00 [Information] Request finished HTTP/2 POST https://localhost:7205/Post/Createpost?topicId=1 application/x-www-form-urlencoded 364 - 200 - text/html;+charset=utf-8 6.4915ms
2023-10-29 15:22:22.217 +01:00 [Information] Request starting HTTP/2 GET https://localhost:7205/_vs/browserLink - -
2023-10-29 15:22:22.217 +01:00 [Information] Request starting HTTP/2 GET https://localhost:7205/_framework/aspnetcore-browser-refresh.js - -
2023-10-29 15:22:22.217 +01:00 [Information] Request finished HTTP/2 GET https://localhost:7205/_framework/aspnetcore-browser-refresh.js - - - 200 12342 application/javascript;+charset=utf-8 0.1801ms
2023-10-29 15:22:22.219 +01:00 [Information] Request finished HTTP/2 GET https://localhost:7205/_vs/browserLink - - - 200 - text/javascript;+charset=UTF-8 1.7595ms
2023-10-29 15:22:23.162 +01:00 [Information] Request starting HTTP/2 POST https://localhost:7205/Post/Createpost?topicId=1 application/x-www-form-urlencoded 364
2023-10-29 15:22:23.164 +01:00 [Information] Executing endpoint '"Forum.Controllers.PostController.CreatePost (Forum)"'
2023-10-29 15:22:23.164 +01:00 [Information] Route matched with "{action = \"CreatePost\", controller = \"Post\", page = \"\", area = \"\"}". Executing controller action with signature "System.Threading.Tasks.Task`1[Microsoft.AspNetCore.Mvc.IActionResult] CreatePost(Forum.ViewModels.PostCommentViewModel)" on controller "Forum.Controllers.PostController" ("Forum").
2023-10-29 15:22:23.164 +01:00 [Warning] [PostController] Post creation failed Post { PostId: 0, TopicId: 1, UserName: null, PostTitle: "United er mye bedre enn Liverpool", PostTime: 10/29/2023 15:22:23, Topic: null, Comments: null, LatestComment: null }
2023-10-29 15:22:23.164 +01:00 [Information] Executing ViewResult, running view "CreatePost".
2023-10-29 15:22:23.166 +01:00 [Information] Executed ViewResult - view "CreatePost" executed in 2.058ms.
2023-10-29 15:22:23.167 +01:00 [Information] Executed action "Forum.Controllers.PostController.CreatePost (Forum)" in 2.7246ms
2023-10-29 15:22:23.167 +01:00 [Information] Executed endpoint '"Forum.Controllers.PostController.CreatePost (Forum)"'
2023-10-29 15:22:23.167 +01:00 [Information] Request finished HTTP/2 POST https://localhost:7205/Post/Createpost?topicId=1 application/x-www-form-urlencoded 364 - 200 - text/html;+charset=utf-8 5.1846ms
2023-10-29 15:22:23.178 +01:00 [Information] Request starting HTTP/2 GET https://localhost:7205/_framework/aspnetcore-browser-refresh.js - -
2023-10-29 15:22:23.178 +01:00 [Information] Request starting HTTP/2 GET https://localhost:7205/_vs/browserLink - -
2023-10-29 15:22:23.178 +01:00 [Information] Request finished HTTP/2 GET https://localhost:7205/_framework/aspnetcore-browser-refresh.js - - - 200 12342 application/javascript;+charset=utf-8 0.1597ms
2023-10-29 15:22:23.180 +01:00 [Information] Request finished HTTP/2 GET https://localhost:7205/_vs/browserLink - - - 200 - text/javascript;+charset=UTF-8 1.7063ms
2023-10-29 15:22:23.467 +01:00 [Information] Request starting HTTP/2 POST https://localhost:7205/Post/Createpost?topicId=1 application/x-www-form-urlencoded 364
2023-10-29 15:22:23.469 +01:00 [Information] Executing endpoint '"Forum.Controllers.PostController.CreatePost (Forum)"'
2023-10-29 15:22:23.469 +01:00 [Information] Route matched with "{action = \"CreatePost\", controller = \"Post\", page = \"\", area = \"\"}". Executing controller action with signature "System.Threading.Tasks.Task`1[Microsoft.AspNetCore.Mvc.IActionResult] CreatePost(Forum.ViewModels.PostCommentViewModel)" on controller "Forum.Controllers.PostController" ("Forum").
2023-10-29 15:22:23.470 +01:00 [Warning] [PostController] Post creation failed Post { PostId: 0, TopicId: 1, UserName: null, PostTitle: "United er mye bedre enn Liverpool", PostTime: 10/29/2023 15:22:23, Topic: null, Comments: null, LatestComment: null }
2023-10-29 15:22:23.470 +01:00 [Information] Executing ViewResult, running view "CreatePost".
2023-10-29 15:22:23.471 +01:00 [Information] Executed ViewResult - view "CreatePost" executed in 1.7287ms.
2023-10-29 15:22:23.471 +01:00 [Information] Executed action "Forum.Controllers.PostController.CreatePost (Forum)" in 2.37ms
2023-10-29 15:22:23.472 +01:00 [Information] Executed endpoint '"Forum.Controllers.PostController.CreatePost (Forum)"'
2023-10-29 15:22:23.472 +01:00 [Information] Request finished HTTP/2 POST https://localhost:7205/Post/Createpost?topicId=1 application/x-www-form-urlencoded 364 - 200 - text/html;+charset=utf-8 4.8224ms
2023-10-29 15:22:23.481 +01:00 [Information] Request starting HTTP/2 GET https://localhost:7205/_framework/aspnetcore-browser-refresh.js - -
2023-10-29 15:22:23.481 +01:00 [Information] Request starting HTTP/2 GET https://localhost:7205/_vs/browserLink - -
2023-10-29 15:22:23.481 +01:00 [Information] Request finished HTTP/2 GET https://localhost:7205/_framework/aspnetcore-browser-refresh.js - - - 200 12342 application/javascript;+charset=utf-8 0.2118ms
2023-10-29 15:22:23.483 +01:00 [Information] Request finished HTTP/2 GET https://localhost:7205/_vs/browserLink - - - 200 - text/javascript;+charset=UTF-8 1.8471ms
2023-10-29 15:22:23.743 +01:00 [Information] Request starting HTTP/2 POST https://localhost:7205/Post/Createpost?topicId=1 application/x-www-form-urlencoded 364
2023-10-29 15:22:23.744 +01:00 [Information] Executing endpoint '"Forum.Controllers.PostController.CreatePost (Forum)"'
2023-10-29 15:22:23.744 +01:00 [Information] Route matched with "{action = \"CreatePost\", controller = \"Post\", page = \"\", area = \"\"}". Executing controller action with signature "System.Threading.Tasks.Task`1[Microsoft.AspNetCore.Mvc.IActionResult] CreatePost(Forum.ViewModels.PostCommentViewModel)" on controller "Forum.Controllers.PostController" ("Forum").
2023-10-29 15:22:23.745 +01:00 [Warning] [PostController] Post creation failed Post { PostId: 0, TopicId: 1, UserName: null, PostTitle: "United er mye bedre enn Liverpool", PostTime: 10/29/2023 15:22:23, Topic: null, Comments: null, LatestComment: null }
2023-10-29 15:22:23.745 +01:00 [Information] Executing ViewResult, running view "CreatePost".
2023-10-29 15:22:23.747 +01:00 [Information] Executed ViewResult - view "CreatePost" executed in 1.965ms.
2023-10-29 15:22:23.747 +01:00 [Information] Executed action "Forum.Controllers.PostController.CreatePost (Forum)" in 2.7887ms
2023-10-29 15:22:23.747 +01:00 [Information] Executed endpoint '"Forum.Controllers.PostController.CreatePost (Forum)"'
2023-10-29 15:22:23.748 +01:00 [Information] Request finished HTTP/2 POST https://localhost:7205/Post/Createpost?topicId=1 application/x-www-form-urlencoded 364 - 200 - text/html;+charset=utf-8 5.4889ms
2023-10-29 15:22:23.759 +01:00 [Information] Request starting HTTP/2 GET https://localhost:7205/_framework/aspnetcore-browser-refresh.js - -
2023-10-29 15:22:23.759 +01:00 [Information] Request starting HTTP/2 GET https://localhost:7205/_vs/browserLink - -
2023-10-29 15:22:23.759 +01:00 [Information] Request finished HTTP/2 GET https://localhost:7205/_framework/aspnetcore-browser-refresh.js - - - 200 12342 application/javascript;+charset=utf-8 0.1580ms
2023-10-29 15:22:23.761 +01:00 [Information] Request finished HTTP/2 GET https://localhost:7205/_vs/browserLink - - - 200 - text/javascript;+charset=UTF-8 2.0494ms
2023-10-29 15:22:23.963 +01:00 [Information] Request starting HTTP/2 POST https://localhost:7205/Post/Createpost?topicId=1 application/x-www-form-urlencoded 364
2023-10-29 15:22:23.965 +01:00 [Information] Executing endpoint '"Forum.Controllers.PostController.CreatePost (Forum)"'
2023-10-29 15:22:23.965 +01:00 [Information] Route matched with "{action = \"CreatePost\", controller = \"Post\", page = \"\", area = \"\"}". Executing controller action with signature "System.Threading.Tasks.Task`1[Microsoft.AspNetCore.Mvc.IActionResult] CreatePost(Forum.ViewModels.PostCommentViewModel)" on controller "Forum.Controllers.PostController" ("Forum").
2023-10-29 15:22:23.965 +01:00 [Warning] [PostController] Post creation failed Post { PostId: 0, TopicId: 1, UserName: null, PostTitle: "United er mye bedre enn Liverpool", PostTime: 10/29/2023 15:22:23, Topic: null, Comments: null, LatestComment: null }
2023-10-29 15:22:23.965 +01:00 [Information] Executing ViewResult, running view "CreatePost".
2023-10-29 15:22:23.968 +01:00 [Information] Executed ViewResult - view "CreatePost" executed in 2.1029ms.
2023-10-29 15:22:23.968 +01:00 [Information] Executed action "Forum.Controllers.PostController.CreatePost (Forum)" in 2.7311ms
2023-10-29 15:22:23.968 +01:00 [Information] Executed endpoint '"Forum.Controllers.PostController.CreatePost (Forum)"'
2023-10-29 15:22:23.968 +01:00 [Information] Request finished HTTP/2 POST https://localhost:7205/Post/Createpost?topicId=1 application/x-www-form-urlencoded 364 - 200 - text/html;+charset=utf-8 5.4153ms
2023-10-29 15:22:23.979 +01:00 [Information] Request starting HTTP/2 GET https://localhost:7205/_vs/browserLink - -
2023-10-29 15:22:23.979 +01:00 [Information] Request starting HTTP/2 GET https://localhost:7205/_framework/aspnetcore-browser-refresh.js - -
2023-10-29 15:22:23.979 +01:00 [Information] Request finished HTTP/2 GET https://localhost:7205/_framework/aspnetcore-browser-refresh.js - - - 200 12342 application/javascript;+charset=utf-8 0.2209ms
2023-10-29 15:22:23.980 +01:00 [Information] Request finished HTTP/2 GET https://localhost:7205/_vs/browserLink - - - 200 - text/javascript;+charset=UTF-8 1.6071ms
2023-10-29 15:22:24.158 +01:00 [Information] Request starting HTTP/2 POST https://localhost:7205/Post/Createpost?topicId=1 application/x-www-form-urlencoded 364
2023-10-29 15:22:24.159 +01:00 [Information] Executing endpoint '"Forum.Controllers.PostController.CreatePost (Forum)"'
2023-10-29 15:22:24.159 +01:00 [Information] Route matched with "{action = \"CreatePost\", controller = \"Post\", page = \"\", area = \"\"}". Executing controller action with signature "System.Threading.Tasks.Task`1[Microsoft.AspNetCore.Mvc.IActionResult] CreatePost(Forum.ViewModels.PostCommentViewModel)" on controller "Forum.Controllers.PostController" ("Forum").
2023-10-29 15:22:24.160 +01:00 [Warning] [PostController] Post creation failed Post { PostId: 0, TopicId: 1, UserName: null, PostTitle: "United er mye bedre enn Liverpool", PostTime: 10/29/2023 15:22:24, Topic: null, Comments: null, LatestComment: null }
2023-10-29 15:22:24.160 +01:00 [Information] Executing ViewResult, running view "CreatePost".
2023-10-29 15:22:24.162 +01:00 [Information] Executed ViewResult - view "CreatePost" executed in 1.9696ms.
2023-10-29 15:22:24.162 +01:00 [Information] Executed action "Forum.Controllers.PostController.CreatePost (Forum)" in 2.5723ms
2023-10-29 15:22:24.162 +01:00 [Information] Executed endpoint '"Forum.Controllers.PostController.CreatePost (Forum)"'
2023-10-29 15:22:24.163 +01:00 [Information] Request finished HTTP/2 POST https://localhost:7205/Post/Createpost?topicId=1 application/x-www-form-urlencoded 364 - 200 - text/html;+charset=utf-8 5.0587ms
2023-10-29 15:22:24.173 +01:00 [Information] Request starting HTTP/2 GET https://localhost:7205/_framework/aspnetcore-browser-refresh.js - -
2023-10-29 15:22:24.173 +01:00 [Information] Request starting HTTP/2 GET https://localhost:7205/_vs/browserLink - -
2023-10-29 15:22:24.173 +01:00 [Information] Request finished HTTP/2 GET https://localhost:7205/_framework/aspnetcore-browser-refresh.js - - - 200 12342 application/javascript;+charset=utf-8 0.1637ms
2023-10-29 15:22:24.175 +01:00 [Information] Request finished HTTP/2 GET https://localhost:7205/_vs/browserLink - - - 200 - text/javascript;+charset=UTF-8 1.7870ms
2023-10-29 15:22:24.363 +01:00 [Information] Request starting HTTP/2 POST https://localhost:7205/Post/Createpost?topicId=1 application/x-www-form-urlencoded 364
2023-10-29 15:22:24.364 +01:00 [Information] Executing endpoint '"Forum.Controllers.PostController.CreatePost (Forum)"'
2023-10-29 15:22:24.364 +01:00 [Information] Route matched with "{action = \"CreatePost\", controller = \"Post\", page = \"\", area = \"\"}". Executing controller action with signature "System.Threading.Tasks.Task`1[Microsoft.AspNetCore.Mvc.IActionResult] CreatePost(Forum.ViewModels.PostCommentViewModel)" on controller "Forum.Controllers.PostController" ("Forum").
2023-10-29 15:22:24.365 +01:00 [Warning] [PostController] Post creation failed Post { PostId: 0, TopicId: 1, UserName: null, PostTitle: "United er mye bedre enn Liverpool", PostTime: 10/29/2023 15:22:24, Topic: null, Comments: null, LatestComment: null }
2023-10-29 15:22:24.365 +01:00 [Information] Executing ViewResult, running view "CreatePost".
2023-10-29 15:22:24.367 +01:00 [Information] Executed ViewResult - view "CreatePost" executed in 1.8566ms.
2023-10-29 15:22:24.367 +01:00 [Information] Executed action "Forum.Controllers.PostController.CreatePost (Forum)" in 2.4684ms
2023-10-29 15:22:24.367 +01:00 [Information] Executed endpoint '"Forum.Controllers.PostController.CreatePost (Forum)"'
2023-10-29 15:22:24.368 +01:00 [Information] Request finished HTTP/2 POST https://localhost:7205/Post/Createpost?topicId=1 application/x-www-form-urlencoded 364 - 200 - text/html;+charset=utf-8 4.9016ms
2023-10-29 15:22:24.379 +01:00 [Information] Request starting HTTP/2 GET https://localhost:7205/_vs/browserLink - -
2023-10-29 15:22:24.379 +01:00 [Information] Request starting HTTP/2 GET https://localhost:7205/_framework/aspnetcore-browser-refresh.js - -
2023-10-29 15:22:24.379 +01:00 [Information] Request finished HTTP/2 GET https://localhost:7205/_framework/aspnetcore-browser-refresh.js - - - 200 12342 application/javascript;+charset=utf-8 0.1664ms
2023-10-29 15:22:24.380 +01:00 [Information] Request finished HTTP/2 GET https://localhost:7205/_vs/browserLink - - - 200 - text/javascript;+charset=UTF-8 1.7495ms
2023-10-29 15:22:24.533 +01:00 [Information] Request starting HTTP/2 POST https://localhost:7205/Post/Createpost?topicId=1 application/x-www-form-urlencoded 364
2023-10-29 15:22:24.534 +01:00 [Information] Executing endpoint '"Forum.Controllers.PostController.CreatePost (Forum)"'
2023-10-29 15:22:24.535 +01:00 [Information] Route matched with "{action = \"CreatePost\", controller = \"Post\", page = \"\", area = \"\"}". Executing controller action with signature "System.Threading.Tasks.Task`1[Microsoft.AspNetCore.Mvc.IActionResult] CreatePost(Forum.ViewModels.PostCommentViewModel)" on controller "Forum.Controllers.PostController" ("Forum").
2023-10-29 15:22:24.535 +01:00 [Warning] [PostController] Post creation failed Post { PostId: 0, TopicId: 1, UserName: null, PostTitle: "United er mye bedre enn Liverpool", PostTime: 10/29/2023 15:22:24, Topic: null, Comments: null, LatestComment: null }
2023-10-29 15:22:24.535 +01:00 [Information] Executing ViewResult, running view "CreatePost".
2023-10-29 15:22:24.537 +01:00 [Information] Executed ViewResult - view "CreatePost" executed in 1.8018ms.
2023-10-29 15:22:24.537 +01:00 [Information] Executed action "Forum.Controllers.PostController.CreatePost (Forum)" in 2.4086ms
2023-10-29 15:22:24.537 +01:00 [Information] Executed endpoint '"Forum.Controllers.PostController.CreatePost (Forum)"'
2023-10-29 15:22:24.538 +01:00 [Information] Request finished HTTP/2 POST https://localhost:7205/Post/Createpost?topicId=1 application/x-www-form-urlencoded 364 - 200 - text/html;+charset=utf-8 4.9612ms
2023-10-29 15:22:24.549 +01:00 [Information] Request starting HTTP/2 GET https://localhost:7205/_vs/browserLink - -
2023-10-29 15:22:24.549 +01:00 [Information] Request starting HTTP/2 GET https://localhost:7205/_framework/aspnetcore-browser-refresh.js - -
2023-10-29 15:22:24.549 +01:00 [Information] Request finished HTTP/2 GET https://localhost:7205/_framework/aspnetcore-browser-refresh.js - - - 200 12342 application/javascript;+charset=utf-8 0.1714ms
2023-10-29 15:22:24.550 +01:00 [Information] Request finished HTTP/2 GET https://localhost:7205/_vs/browserLink - - - 200 - text/javascript;+charset=UTF-8 1.6820ms
