2023-10-23 23:27:43.491 +02:00 [Information] User profile is available. Using '"C:\Users\latif\AppData\Local\ASP.NET\DataProtection-Keys"' as key repository and Windows DPAPI to encrypt keys at rest.
2023-10-23 23:27:44.431 +02:00 [Information] Now listening on: "https://localhost:7205"
2023-10-23 23:27:44.433 +02:00 [Information] Now listening on: "http://localhost:5112"
2023-10-23 23:27:44.440 +02:00 [Information] Application started. Press Ctrl+C to shut down.
2023-10-23 23:27:44.442 +02:00 [Information] Hosting environment: "Development"
2023-10-23 23:27:44.444 +02:00 [Information] Content root path: "C:\Users\latif\source\repos\PROJECT_1WEB\Forum\MyShop\"
2023-10-23 23:27:44.819 +02:00 [Information] Request starting HTTP/2 GET https://localhost:7205/ - -
2023-10-23 23:27:44.921 +02:00 [Information] Executing endpoint '"Forum.Controllers.HomeController.Index (Forum)"'
2023-10-23 23:27:44.934 +02:00 [Information] Route matched with "{action = \"Index\", controller = \"Home\", page = \"\", area = \"\"}". Executing controller action with signature "Microsoft.AspNetCore.Mvc.IActionResult Index()" on controller "Forum.Controllers.HomeController" ("Forum").
2023-10-23 23:27:44.995 +02:00 [Information] Executing action method "Forum.Controllers.HomeController.Index (Forum)" - Validation state: Valid
2023-10-23 23:27:45.002 +02:00 [Information] Executed action method "Forum.Controllers.HomeController.Index (Forum)", returned result "Microsoft.AspNetCore.Mvc.ViewResult" in 0.6361ms.
2023-10-23 23:27:45.011 +02:00 [Information] Executing ViewResult, running view "Index".
2023-10-23 23:27:45.229 +02:00 [Information] Executed ViewResult - view "Index" executed in 217.3061ms.
2023-10-23 23:27:45.236 +02:00 [Information] Executed action "Forum.Controllers.HomeController.Index (Forum)" in 300.7667ms
2023-10-23 23:27:45.236 +02:00 [Information] Executed endpoint '"Forum.Controllers.HomeController.Index (Forum)"'
2023-10-23 23:27:45.277 +02:00 [Information] Request starting HTTP/2 GET https://localhost:7205/style.css - -
2023-10-23 23:27:45.277 +02:00 [Information] Request starting HTTP/2 GET https://localhost:7205/_framework/aspnetcore-browser-refresh.js - -
2023-10-23 23:27:45.277 +02:00 [Information] Request starting HTTP/2 GET https://localhost:7205/lib/bootstrap/css/crtstyle.css - -
2023-10-23 23:27:45.283 +02:00 [Information] Request finished HTTP/2 GET https://localhost:7205/_framework/aspnetcore-browser-refresh.js - - - 200 12342 application/javascript;+charset=utf-8 5.1516ms
2023-10-23 23:27:45.285 +02:00 [Information] Request finished HTTP/2 GET https://localhost:7205/ - - - 200 - text/html;+charset=utf-8 471.5553ms
2023-10-23 23:27:45.288 +02:00 [Information] Request finished HTTP/2 GET https://localhost:7205/style.css - - - 404 0 - 10.6995ms
2023-10-23 23:27:45.298 +02:00 [Information] Request starting HTTP/2 GET https://localhost:7205/_vs/browserLink - -
2023-10-23 23:27:45.317 +02:00 [Information] Request finished HTTP/2 GET https://localhost:7205/_vs/browserLink - - - 200 - text/javascript;+charset=UTF-8 18.8665ms
2023-10-23 23:27:45.322 +02:00 [Information] Sending file. Request path: '"/lib/bootstrap/css/crtstyle.css"'. Physical path: '"C:\Users\latif\source\repos\PROJECT_1WEB\Forum\MyShop\wwwroot\lib\bootstrap\css\crtStyle.css"'
2023-10-23 23:27:45.322 +02:00 [Information] Request finished HTTP/2 GET https://localhost:7205/lib/bootstrap/css/crtstyle.css - - - 200 1315 text/css 45.3273ms
2023-10-23 23:27:50.182 +02:00 [Information] Request starting HTTP/2 GET https://localhost:7205/Category/CategoryTable - -
2023-10-23 23:27:50.202 +02:00 [Information] Executing endpoint '"Forum.Controllers.CategoryController.CategoryTable (Forum)"'
2023-10-23 23:27:50.205 +02:00 [Information] Route matched with "{action = \"CategoryTable\", controller = \"Category\", page = \"\", area = \"\"}". Executing controller action with signature "System.Threading.Tasks.Task`1[Microsoft.AspNetCore.Mvc.IActionResult] CategoryTable()" on controller "Forum.Controllers.CategoryController" ("Forum").
2023-10-23 23:27:50.219 +02:00 [Information] Executing action method "Forum.Controllers.CategoryController.CategoryTable (Forum)" - Validation state: Valid
2023-10-23 23:27:50.252 +02:00 [Information] Executed action method "Forum.Controllers.CategoryController.CategoryTable (Forum)", returned result "Microsoft.AspNetCore.Mvc.ViewResult" in 32.5404ms.
2023-10-23 23:27:50.252 +02:00 [Information] Executing ViewResult, running view "CategoryTable".
2023-10-23 23:27:50.273 +02:00 [Information] Executed ViewResult - view "CategoryTable" executed in 20.98ms.
2023-10-23 23:27:50.273 +02:00 [Information] Executed action "Forum.Controllers.CategoryController.CategoryTable (Forum)" in 67.7377ms
2023-10-23 23:27:50.273 +02:00 [Information] Executed endpoint '"Forum.Controllers.CategoryController.CategoryTable (Forum)"'
2023-10-23 23:27:50.275 +02:00 [Information] Request finished HTTP/2 GET https://localhost:7205/Category/CategoryTable - - - 200 - text/html;+charset=utf-8 93.6078ms
2023-10-23 23:27:50.278 +02:00 [Information] Request starting HTTP/2 GET https://localhost:7205/lib/bootstrap/css/crtstyle.css - -
2023-10-23 23:27:50.278 +02:00 [Information] Request starting HTTP/2 GET https://localhost:7205/_framework/aspnetcore-browser-refresh.js - -
2023-10-23 23:27:50.278 +02:00 [Information] Request starting HTTP/2 GET https://localhost:7205/Category/style.css - -
2023-10-23 23:27:50.278 +02:00 [Information] Request finished HTTP/2 GET https://localhost:7205/_framework/aspnetcore-browser-refresh.js - - - 200 12342 application/javascript;+charset=utf-8 0.1529ms
2023-10-23 23:27:50.278 +02:00 [Information] The file "/lib/bootstrap/css/crtstyle.css" was not modified
2023-10-23 23:27:50.279 +02:00 [Information] Request finished HTTP/2 GET https://localhost:7205/lib/bootstrap/css/crtstyle.css - - - 304 - text/css 1.0632ms
2023-10-23 23:27:50.283 +02:00 [Information] Request starting HTTP/2 GET https://localhost:7205/_vs/browserLink - -
2023-10-23 23:27:50.283 +02:00 [Information] Request finished HTTP/2 GET https://localhost:7205/Category/style.css - - - 404 0 - 5.3130ms
2023-10-23 23:27:50.294 +02:00 [Information] Request finished HTTP/2 GET https://localhost:7205/_vs/browserLink - - - 200 - text/javascript;+charset=UTF-8 10.9384ms
2023-10-23 23:27:52.372 +02:00 [Information] Request starting HTTP/2 GET https://localhost:7205/Room/RoomTable - -
2023-10-23 23:27:52.378 +02:00 [Information] Executing endpoint '"Forum.Controllers.RoomController.RoomTable (Forum)"'
2023-10-23 23:27:52.382 +02:00 [Information] Route matched with "{action = \"RoomTable\", controller = \"Room\", page = \"\", area = \"\"}". Executing controller action with signature "System.Threading.Tasks.Task`1[Microsoft.AspNetCore.Mvc.IActionResult] RoomTable()" on controller "Forum.Controllers.RoomController" ("Forum").
2023-10-23 23:27:52.398 +02:00 [Information] Executing action method "Forum.Controllers.RoomController.RoomTable (Forum)" - Validation state: Valid
2023-10-23 23:27:52.433 +02:00 [Information] Executed action method "Forum.Controllers.RoomController.RoomTable (Forum)", returned result "Microsoft.AspNetCore.Mvc.ViewResult" in 34.1888ms.
2023-10-23 23:27:52.433 +02:00 [Information] Executing ViewResult, running view "RoomTable".
2023-10-23 23:27:52.455 +02:00 [Information] Executed ViewResult - view "RoomTable" executed in 22.4598ms.
2023-10-23 23:27:52.456 +02:00 [Information] Executed action "Forum.Controllers.RoomController.RoomTable (Forum)" in 73.5599ms
2023-10-23 23:27:52.456 +02:00 [Information] Executed endpoint '"Forum.Controllers.RoomController.RoomTable (Forum)"'
2023-10-23 23:27:52.457 +02:00 [Information] Request finished HTTP/2 GET https://localhost:7205/Room/RoomTable - - - 200 - text/html;+charset=utf-8 85.2300ms
2023-10-23 23:27:52.462 +02:00 [Information] Request starting HTTP/2 GET https://localhost:7205/_framework/aspnetcore-browser-refresh.js - -
2023-10-23 23:27:52.461 +02:00 [Information] Request starting HTTP/2 GET https://localhost:7205/lib/bootstrap/css/crtstyle.css - -
2023-10-23 23:27:52.462 +02:00 [Information] Request starting HTTP/2 GET https://localhost:7205/Room/style.css - -
2023-10-23 23:27:52.462 +02:00 [Information] Request finished HTTP/2 GET https://localhost:7205/_framework/aspnetcore-browser-refresh.js - - - 200 12342 application/javascript;+charset=utf-8 0.2021ms
2023-10-23 23:27:52.462 +02:00 [Information] The file "/lib/bootstrap/css/crtstyle.css" was not modified
2023-10-23 23:27:52.462 +02:00 [Information] Request finished HTTP/2 GET https://localhost:7205/lib/bootstrap/css/crtstyle.css - - - 304 - text/css 0.7837ms
2023-10-23 23:27:52.468 +02:00 [Information] Request starting HTTP/2 GET https://localhost:7205/_vs/browserLink - -
2023-10-23 23:27:52.468 +02:00 [Information] Request finished HTTP/2 GET https://localhost:7205/Room/style.css - - - 404 0 - 6.4477ms
2023-10-23 23:27:52.477 +02:00 [Information] Request finished HTTP/2 GET https://localhost:7205/_vs/browserLink - - - 200 - text/javascript;+charset=UTF-8 9.5111ms
2023-10-23 23:27:53.891 +02:00 [Information] Request starting HTTP/2 GET https://localhost:7205/Topic/TopicTable - -
2023-10-23 23:27:53.896 +02:00 [Information] Executing endpoint '"Forum.Controllers.TopicController.TopicTable (Forum)"'
2023-10-23 23:27:53.899 +02:00 [Information] Route matched with "{action = \"TopicTable\", controller = \"Topic\", page = \"\", area = \"\"}". Executing controller action with signature "System.Threading.Tasks.Task`1[Microsoft.AspNetCore.Mvc.IActionResult] TopicTable()" on controller "Forum.Controllers.TopicController" ("Forum").
2023-10-23 23:27:53.912 +02:00 [Information] Executing action method "Forum.Controllers.TopicController.TopicTable (Forum)" - Validation state: Valid
2023-10-23 23:27:53.948 +02:00 [Information] Executed action method "Forum.Controllers.TopicController.TopicTable (Forum)", returned result "Microsoft.AspNetCore.Mvc.ViewResult" in 36.2635ms.
2023-10-23 23:27:53.949 +02:00 [Information] Executing ViewResult, running view "TopicTable".
2023-10-23 23:27:53.982 +02:00 [Information] Executed ViewResult - view "TopicTable" executed in 33.7449ms.
2023-10-23 23:27:53.982 +02:00 [Information] Executed action "Forum.Controllers.TopicController.TopicTable (Forum)" in 83.654ms
2023-10-23 23:27:53.982 +02:00 [Information] Executed endpoint '"Forum.Controllers.TopicController.TopicTable (Forum)"'
2023-10-23 23:27:53.984 +02:00 [Information] Request finished HTTP/2 GET https://localhost:7205/Topic/TopicTable - - - 200 - text/html;+charset=utf-8 93.8104ms
2023-10-23 23:27:53.987 +02:00 [Information] Request starting HTTP/2 GET https://localhost:7205/lib/bootstrap/css/crtstyle.css - -
2023-10-23 23:27:53.987 +02:00 [Information] Request starting HTTP/2 GET https://localhost:7205/Topic/style.css - -
2023-10-23 23:27:53.987 +02:00 [Information] Request starting HTTP/2 GET https://localhost:7205/_framework/aspnetcore-browser-refresh.js - -
2023-10-23 23:27:53.987 +02:00 [Information] The file "/lib/bootstrap/css/crtstyle.css" was not modified
2023-10-23 23:27:53.987 +02:00 [Information] Request finished HTTP/2 GET https://localhost:7205/_framework/aspnetcore-browser-refresh.js - - - 200 12342 application/javascript;+charset=utf-8 0.3386ms
2023-10-23 23:27:53.987 +02:00 [Information] Request finished HTTP/2 GET https://localhost:7205/lib/bootstrap/css/crtstyle.css - - - 304 - text/css 0.4868ms
2023-10-23 23:27:53.993 +02:00 [Information] Request starting HTTP/2 GET https://localhost:7205/_vs/browserLink - -
2023-10-23 23:27:53.993 +02:00 [Information] Request finished HTTP/2 GET https://localhost:7205/Topic/style.css - - - 404 0 - 6.6931ms
2023-10-23 23:27:53.996 +02:00 [Information] Request finished HTTP/2 GET https://localhost:7205/_vs/browserLink - - - 200 - text/javascript;+charset=UTF-8 3.1761ms
2023-10-23 23:28:02.403 +02:00 [Information] Request starting HTTP/2 GET https://localhost:7205/Room/RoomTable - -
2023-10-23 23:28:02.408 +02:00 [Information] Executing endpoint '"Forum.Controllers.RoomController.RoomTable (Forum)"'
2023-10-23 23:28:02.409 +02:00 [Information] Route matched with "{action = \"RoomTable\", controller = \"Room\", page = \"\", area = \"\"}". Executing controller action with signature "System.Threading.Tasks.Task`1[Microsoft.AspNetCore.Mvc.IActionResult] RoomTable()" on controller "Forum.Controllers.RoomController" ("Forum").
2023-10-23 23:28:02.433 +02:00 [Information] Executing action method "Forum.Controllers.RoomController.RoomTable (Forum)" - Validation state: Valid
2023-10-23 23:28:02.439 +02:00 [Information] Executed action method "Forum.Controllers.RoomController.RoomTable (Forum)", returned result "Microsoft.AspNetCore.Mvc.ViewResult" in 5.6227ms.
2023-10-23 23:28:02.440 +02:00 [Information] Executing ViewResult, running view "RoomTable".
2023-10-23 23:28:02.448 +02:00 [Information] Executed ViewResult - view "RoomTable" executed in 8.7837ms.
2023-10-23 23:28:02.448 +02:00 [Information] Executed action "Forum.Controllers.RoomController.RoomTable (Forum)" in 39.0175ms
2023-10-23 23:28:02.448 +02:00 [Information] Executed endpoint '"Forum.Controllers.RoomController.RoomTable (Forum)"'
2023-10-23 23:28:02.450 +02:00 [Information] Request finished HTTP/2 GET https://localhost:7205/Room/RoomTable - - - 200 - text/html;+charset=utf-8 46.7312ms
2023-10-23 23:28:02.452 +02:00 [Information] Request starting HTTP/2 GET https://localhost:7205/lib/bootstrap/css/crtstyle.css - -
2023-10-23 23:28:02.453 +02:00 [Information] Request starting HTTP/2 GET https://localhost:7205/Room/style.css - -
2023-10-23 23:28:02.453 +02:00 [Information] Request starting HTTP/2 GET https://localhost:7205/_framework/aspnetcore-browser-refresh.js - -
2023-10-23 23:28:02.453 +02:00 [Information] The file "/lib/bootstrap/css/crtstyle.css" was not modified
2023-10-23 23:28:02.453 +02:00 [Information] Request finished HTTP/2 GET https://localhost:7205/_framework/aspnetcore-browser-refresh.js - - - 200 12342 application/javascript;+charset=utf-8 0.1691ms
2023-10-23 23:28:02.453 +02:00 [Information] Request finished HTTP/2 GET https://localhost:7205/lib/bootstrap/css/crtstyle.css - - - 304 - text/css 0.7843ms
2023-10-23 23:28:02.457 +02:00 [Information] Request starting HTTP/2 GET https://localhost:7205/_vs/browserLink - -
2023-10-23 23:28:02.457 +02:00 [Information] Request finished HTTP/2 GET https://localhost:7205/Room/style.css - - - 404 0 - 4.1093ms
2023-10-23 23:28:02.465 +02:00 [Information] Request finished HTTP/2 GET https://localhost:7205/_vs/browserLink - - - 200 - text/javascript;+charset=UTF-8 8.7875ms
2023-10-23 23:28:05.385 +02:00 [Information] Request starting HTTP/2 GET https://localhost:7205/Category/CategoryTable - -
2023-10-23 23:28:05.392 +02:00 [Information] Executing endpoint '"Forum.Controllers.CategoryController.CategoryTable (Forum)"'
2023-10-23 23:28:05.392 +02:00 [Information] Route matched with "{action = \"CategoryTable\", controller = \"Category\", page = \"\", area = \"\"}". Executing controller action with signature "System.Threading.Tasks.Task`1[Microsoft.AspNetCore.Mvc.IActionResult] CategoryTable()" on controller "Forum.Controllers.CategoryController" ("Forum").
2023-10-23 23:28:05.415 +02:00 [Information] Executing action method "Forum.Controllers.CategoryController.CategoryTable (Forum)" - Validation state: Valid
2023-10-23 23:28:05.419 +02:00 [Information] Executed action method "Forum.Controllers.CategoryController.CategoryTable (Forum)", returned result "Microsoft.AspNetCore.Mvc.ViewResult" in 4.0313ms.
2023-10-23 23:28:05.419 +02:00 [Information] Executing ViewResult, running view "CategoryTable".
2023-10-23 23:28:05.426 +02:00 [Information] Executed ViewResult - view "CategoryTable" executed in 7.2114ms.
2023-10-23 23:28:05.426 +02:00 [Information] Executed action "Forum.Controllers.CategoryController.CategoryTable (Forum)" in 34.1299ms
2023-10-23 23:28:05.426 +02:00 [Information] Executed endpoint '"Forum.Controllers.CategoryController.CategoryTable (Forum)"'
2023-10-23 23:28:05.428 +02:00 [Information] Request finished HTTP/2 GET https://localhost:7205/Category/CategoryTable - - - 200 - text/html;+charset=utf-8 42.9083ms
2023-10-23 23:28:05.430 +02:00 [Information] Request starting HTTP/2 GET https://localhost:7205/lib/bootstrap/css/crtstyle.css - -
2023-10-23 23:28:05.430 +02:00 [Information] Request starting HTTP/2 GET https://localhost:7205/_framework/aspnetcore-browser-refresh.js - -
2023-10-23 23:28:05.430 +02:00 [Information] Request starting HTTP/2 GET https://localhost:7205/Category/style.css - -
2023-10-23 23:28:05.430 +02:00 [Information] Request finished HTTP/2 GET https://localhost:7205/_framework/aspnetcore-browser-refresh.js - - - 200 12342 application/javascript;+charset=utf-8 0.2629ms
2023-10-23 23:28:05.431 +02:00 [Information] The file "/lib/bootstrap/css/crtstyle.css" was not modified
2023-10-23 23:28:05.431 +02:00 [Information] Request finished HTTP/2 GET https://localhost:7205/lib/bootstrap/css/crtstyle.css - - - 304 - text/css 0.5517ms
2023-10-23 23:28:05.435 +02:00 [Information] Request starting HTTP/2 GET https://localhost:7205/_vs/browserLink - -
2023-10-23 23:28:05.435 +02:00 [Information] Request finished HTTP/2 GET https://localhost:7205/Category/style.css - - - 404 0 - 4.6209ms
2023-10-23 23:28:05.437 +02:00 [Information] Request finished HTTP/2 GET https://localhost:7205/_vs/browserLink - - - 200 - text/javascript;+charset=UTF-8 2.6864ms
