2023-10-24 10:59:34.570 +02:00 [Information] User profile is available. Using '"C:\Users\abdik\AppData\Local\ASP.NET\DataProtection-Keys"' as key repository and Windows DPAPI to encrypt keys at rest.
2023-10-24 10:59:34.959 +02:00 [Information] Now listening on: "https://localhost:7205"
2023-10-24 10:59:34.959 +02:00 [Information] Now listening on: "http://localhost:5112"
2023-10-24 10:59:34.961 +02:00 [Information] Application started. Press Ctrl+C to shut down.
2023-10-24 10:59:34.962 +02:00 [Information] Hosting environment: "Development"
2023-10-24 10:59:34.962 +02:00 [Information] Content root path: "C:\Users\abdik\Source\Repos\Forum\MyShop\"
2023-10-24 10:59:35.332 +02:00 [Information] Request starting HTTP/2 GET https://localhost:7205/ - -
2023-10-24 10:59:35.369 +02:00 [Information] Executing endpoint '"Forum.Controllers.HomeController.Index (Forum)"'
2023-10-24 10:59:35.376 +02:00 [Information] Route matched with "{action = \"Index\", controller = \"Home\", page = \"\", area = \"\"}". Executing controller action with signature "Microsoft.AspNetCore.Mvc.IActionResult Index()" on controller "Forum.Controllers.HomeController" ("Forum").
2023-10-24 10:59:35.381 +02:00 [Information] Executing ViewResult, running view "Index".
2023-10-24 10:59:35.475 +02:00 [Information] Executed ViewResult - view "Index" executed in 93.5438ms.
2023-10-24 10:59:35.476 +02:00 [Information] Executed action "Forum.Controllers.HomeController.Index (Forum)" in 99.8467ms
2023-10-24 10:59:35.477 +02:00 [Information] Executed endpoint '"Forum.Controllers.HomeController.Index (Forum)"'
2023-10-24 10:59:35.489 +02:00 [Information] Request finished HTTP/2 GET https://localhost:7205/ - - - 200 - text/html;+charset=utf-8 159.1301ms
2023-10-24 10:59:35.495 +02:00 [Information] Request starting HTTP/2 GET https://localhost:7205/images/fotball.jpg - -
2023-10-24 10:59:35.495 +02:00 [Information] Request starting HTTP/2 GET https://localhost:7205/style.css - -
2023-10-24 10:59:35.498 +02:00 [Information] Request finished HTTP/2 GET https://localhost:7205/style.css - - - 404 0 - 2.5911ms
2023-10-24 10:59:35.499 +02:00 [Information] Request starting HTTP/2 GET https://localhost:7205/images/vacation.jpg - -
2023-10-24 10:59:35.504 +02:00 [Information] The file "/images/vacation.jpg" was not modified
2023-10-24 10:59:35.504 +02:00 [Information] The file "/images/fotball.jpg" was not modified
2023-10-24 10:59:35.505 +02:00 [Information] Request finished HTTP/2 GET https://localhost:7205/images/vacation.jpg - - - 304 - image/jpeg 5.9551ms
2023-10-24 10:59:35.505 +02:00 [Information] Request finished HTTP/2 GET https://localhost:7205/images/fotball.jpg - - - 304 - image/jpeg 9.6909ms
2023-10-24 10:59:35.511 +02:00 [Information] Request starting HTTP/2 GET https://localhost:7205/_vs/browserLink - -
2023-10-24 10:59:35.511 +02:00 [Information] Request starting HTTP/2 GET https://localhost:7205/_framework/aspnetcore-browser-refresh.js - -
2023-10-24 10:59:35.513 +02:00 [Information] Request finished HTTP/2 GET https://localhost:7205/_framework/aspnetcore-browser-refresh.js - - - 200 12342 application/javascript;+charset=utf-8 1.5951ms
2023-10-24 10:59:35.517 +02:00 [Information] Request finished HTTP/2 GET https://localhost:7205/_vs/browserLink - - - 200 - text/javascript;+charset=UTF-8 6.3252ms
