2023-10-25 16:30:16.265 +02:00 [Information] User profile is available. Using '"C:\Users\Johan\AppData\Local\ASP.NET\DataProtection-Keys"' as key repository and Windows DPAPI to encrypt keys at rest.
2023-10-25 16:30:16.842 +02:00 [Information] Now listening on: "https://localhost:7205"
2023-10-25 16:30:16.843 +02:00 [Information] Now listening on: "http://localhost:5112"
2023-10-25 16:30:16.848 +02:00 [Information] Application started. Press Ctrl+C to shut down.
2023-10-25 16:30:16.849 +02:00 [Information] Hosting environment: "Development"
2023-10-25 16:30:16.850 +02:00 [Information] Content root path: "C:\Users\Johan\Source\Repos\N4h0\Forum\MyShop\"
2023-10-25 16:30:17.841 +02:00 [Information] Request starting HTTP/2 GET https://localhost:7205/ - -
2023-10-25 16:30:17.884 +02:00 [Information] Executing endpoint '"Forum.Controllers.HomeController.Index (Forum)"'
2023-10-25 16:30:17.894 +02:00 [Information] Route matched with "{action = \"Index\", controller = \"Home\", page = \"\", area = \"\"}". Executing controller action with signature "System.Threading.Tasks.Task`1[Microsoft.AspNetCore.Mvc.IActionResult] Index()" on controller "Forum.Controllers.HomeController" ("Forum").
2023-10-25 16:30:17.930 +02:00 [Information] Executing ViewResult, running view "Index".
2023-10-25 16:30:18.038 +02:00 [Information] Executed ViewResult - view "Index" executed in 108.6809ms.
2023-10-25 16:30:18.038 +02:00 [Information] Executed action "Forum.Controllers.HomeController.Index (Forum)" in 143.8605ms
2023-10-25 16:30:18.039 +02:00 [Information] Executed endpoint '"Forum.Controllers.HomeController.Index (Forum)"'
2023-10-25 16:30:18.048 +02:00 [Information] Request finished HTTP/2 GET https://localhost:7205/ - - - 200 - text/html;+charset=utf-8 209.0865ms
2023-10-25 16:30:18.055 +02:00 [Information] Request starting HTTP/2 GET https://localhost:7205/images/formula1.jpg - -
2023-10-25 16:30:18.055 +02:00 [Information] Request starting HTTP/2 GET https://localhost:7205/lib/jquery/jquery.js - -
2023-10-25 16:30:18.055 +02:00 [Information] Request starting HTTP/2 GET https://localhost:7205/lib/bootstrap/js/bootstrap.js - -
2023-10-25 16:30:18.055 +02:00 [Information] Request starting HTTP/2 GET https://localhost:7205/images/fotball.jpg - -
2023-10-25 16:30:18.055 +02:00 [Information] Request starting HTTP/2 GET https://localhost:7205/css/style.css?v=WdTnk-tLUSm3ZW2x6qLfHkgxmfnYuYrUv0OKJTfJWOw - -
2023-10-25 16:30:18.055 +02:00 [Information] Request starting HTTP/2 GET https://localhost:7205/lib/bootstrap/css/crtstyle.css - -
2023-10-25 16:30:18.055 +02:00 [Information] Request starting HTTP/2 GET https://localhost:7205/style.css - -
2023-10-25 16:30:18.058 +02:00 [Information] Request finished HTTP/2 GET https://localhost:7205/style.css - - - 404 0 - 3.4329ms
2023-10-25 16:30:18.061 +02:00 [Information] The file "/images/formula1.jpg" was not modified
2023-10-25 16:30:18.061 +02:00 [Information] The file "/images/fotball.jpg" was not modified
2023-10-25 16:30:18.061 +02:00 [Information] The file "/lib/jquery/jquery.js" was not modified
2023-10-25 16:30:18.061 +02:00 [Information] The file "/lib/bootstrap/css/crtstyle.css" was not modified
2023-10-25 16:30:18.061 +02:00 [Information] The file "/css/style.css" was not modified
2023-10-25 16:30:18.061 +02:00 [Information] The file "/lib/bootstrap/js/bootstrap.js" was not modified
2023-10-25 16:30:18.061 +02:00 [Information] Request finished HTTP/2 GET https://localhost:7205/images/formula1.jpg - - - 304 - image/jpeg 6.1869ms
2023-10-25 16:30:18.061 +02:00 [Information] Request finished HTTP/2 GET https://localhost:7205/images/fotball.jpg - - - 304 - image/jpeg 6.1308ms
2023-10-25 16:30:18.061 +02:00 [Information] Request finished HTTP/2 GET https://localhost:7205/lib/bootstrap/js/bootstrap.js - - - 304 - application/javascript 6.2324ms
2023-10-25 16:30:18.061 +02:00 [Information] Request finished HTTP/2 GET https://localhost:7205/lib/jquery/jquery.js - - - 304 - application/javascript 6.2587ms
2023-10-25 16:30:18.061 +02:00 [Information] Request finished HTTP/2 GET https://localhost:7205/lib/bootstrap/css/crtstyle.css - - - 304 - text/css 6.3546ms
2023-10-25 16:30:18.061 +02:00 [Information] Request finished HTTP/2 GET https://localhost:7205/css/style.css?v=WdTnk-tLUSm3ZW2x6qLfHkgxmfnYuYrUv0OKJTfJWOw - - - 304 - text/css 6.2977ms
2023-10-25 16:30:18.085 +02:00 [Information] Request starting HTTP/2 GET https://localhost:7205/images/vacation.jpg - -
2023-10-25 16:30:18.085 +02:00 [Information] Request starting HTTP/2 GET https://localhost:7205/images/mosque.jpg - -
2023-10-25 16:30:18.086 +02:00 [Information] The file "/images/vacation.jpg" was not modified
2023-10-25 16:30:18.086 +02:00 [Information] The file "/images/mosque.jpg" was not modified
2023-10-25 16:30:18.086 +02:00 [Information] Request finished HTTP/2 GET https://localhost:7205/images/vacation.jpg - - - 304 - image/jpeg 0.9214ms
2023-10-25 16:30:18.086 +02:00 [Information] Request finished HTTP/2 GET https://localhost:7205/images/mosque.jpg - - - 304 - image/jpeg 0.8844ms
2023-10-25 16:30:18.092 +02:00 [Information] Request starting HTTP/2 GET https://localhost:7205/images/cyberS.jpg - -
2023-10-25 16:30:18.092 +02:00 [Information] The file "/images/cyberS.jpg" was not modified
2023-10-25 16:30:18.092 +02:00 [Information] Request finished HTTP/2 GET https://localhost:7205/images/cyberS.jpg - - - 304 - image/jpeg 0.3317ms
2023-10-25 16:30:18.094 +02:00 [Information] Request starting HTTP/2 GET https://localhost:7205/_framework/aspnetcore-browser-refresh.js - -
2023-10-25 16:30:18.096 +02:00 [Information] Request finished HTTP/2 GET https://localhost:7205/_framework/aspnetcore-browser-refresh.js - - - 200 12342 application/javascript;+charset=utf-8 2.6256ms
2023-10-25 16:30:18.101 +02:00 [Information] Request starting HTTP/2 GET https://localhost:7205/images/skiEquipments.jpg - -
2023-10-25 16:30:18.101 +02:00 [Information] The file "/images/skiEquipments.jpg" was not modified
2023-10-25 16:30:18.101 +02:00 [Information] Request finished HTTP/2 GET https://localhost:7205/images/skiEquipments.jpg - - - 304 - image/jpeg 0.3750ms
2023-10-25 16:30:18.184 +02:00 [Information] Request starting HTTP/2 GET https://localhost:7205/favicon.ico - -
2023-10-25 16:30:18.185 +02:00 [Information] Request finished HTTP/2 GET https://localhost:7205/favicon.ico - - - 404 0 - 0.9257ms
2023-10-25 16:30:35.418 +02:00 [Information] Request starting HTTP/2 GET https://localhost:7205/Category/CategoryDetails/1 - -
2023-10-25 16:30:35.419 +02:00 [Information] Executing endpoint '"Forum.Controllers.CategoryController.CategoryDetails (Forum)"'
2023-10-25 16:30:35.426 +02:00 [Information] Route matched with "{action = \"CategoryDetails\", controller = \"Category\", page = \"\", area = \"\"}". Executing controller action with signature "System.Threading.Tasks.Task`1[Microsoft.AspNetCore.Mvc.IActionResult] CategoryDetails(Int32)" on controller "Forum.Controllers.CategoryController" ("Forum").
2023-10-25 16:30:35.435 +02:00 [Information] [CategoryController] ID passed to CategoryController: 1.
2023-10-25 16:30:35.444 +02:00 [Information] Executing ViewResult, running view "CategoryDetails".
2023-10-25 16:30:35.478 +02:00 [Information] Executed ViewResult - view "CategoryDetails" executed in 34.1371ms.
2023-10-25 16:30:35.478 +02:00 [Information] Executed action "Forum.Controllers.CategoryController.CategoryDetails (Forum)" in 51.4264ms
2023-10-25 16:30:35.478 +02:00 [Information] Executed endpoint '"Forum.Controllers.CategoryController.CategoryDetails (Forum)"'
2023-10-25 16:30:35.478 +02:00 [Information] Request finished HTTP/2 GET https://localhost:7205/Category/CategoryDetails/1 - - - 200 - text/html;+charset=utf-8 59.7895ms
2023-10-25 16:30:35.493 +02:00 [Information] Request starting HTTP/2 GET https://localhost:7205/_framework/aspnetcore-browser-refresh.js - -
2023-10-25 16:30:35.493 +02:00 [Information] Request starting HTTP/2 GET https://localhost:7205/Category/CategoryDetails/style.css - -
2023-10-25 16:30:35.493 +02:00 [Information] Request finished HTTP/2 GET https://localhost:7205/_framework/aspnetcore-browser-refresh.js - - - 200 12342 application/javascript;+charset=utf-8 0.3344ms
2023-10-25 16:30:35.494 +02:00 [Information] Executing endpoint '"Forum.Controllers.CategoryController.CategoryDetails (Forum)"'
2023-10-25 16:30:35.494 +02:00 [Information] Route matched with "{action = \"CategoryDetails\", controller = \"Category\", page = \"\", area = \"\"}". Executing controller action with signature "System.Threading.Tasks.Task`1[Microsoft.AspNetCore.Mvc.IActionResult] CategoryDetails(Int32)" on controller "Forum.Controllers.CategoryController" ("Forum").
2023-10-25 16:30:35.498 +02:00 [Information] [CategoryController] ID passed to CategoryController: 0.
2023-10-25 16:30:35.507 +02:00 [Error] [CategoryController] Category not found for the categoryId 0.
2023-10-25 16:30:35.513 +02:00 [Information] Executing "NotFoundObjectResult", writing value of type '"System.String"'.
2023-10-25 16:30:35.514 +02:00 [Information] Executed action "Forum.Controllers.CategoryController.CategoryDetails (Forum)" in 19.4076ms
2023-10-25 16:30:35.514 +02:00 [Information] Executed endpoint '"Forum.Controllers.CategoryController.CategoryDetails (Forum)"'
2023-10-25 16:30:35.514 +02:00 [Information] Request finished HTTP/2 GET https://localhost:7205/Category/CategoryDetails/style.css - - - 404 - text/plain;+charset=utf-8 21.1241ms
2023-10-25 16:30:56.386 +02:00 [Information] Request starting HTTP/2 GET https://localhost:7205/ - -
2023-10-25 16:30:56.387 +02:00 [Information] Executing endpoint '"Forum.Controllers.HomeController.Index (Forum)"'
2023-10-25 16:30:56.387 +02:00 [Information] Route matched with "{action = \"Index\", controller = \"Home\", page = \"\", area = \"\"}". Executing controller action with signature "System.Threading.Tasks.Task`1[Microsoft.AspNetCore.Mvc.IActionResult] Index()" on controller "Forum.Controllers.HomeController" ("Forum").
2023-10-25 16:30:56.389 +02:00 [Information] Executing ViewResult, running view "Index".
2023-10-25 16:30:56.390 +02:00 [Information] Executed ViewResult - view "Index" executed in 0.9763ms.
2023-10-25 16:30:56.390 +02:00 [Information] Executed action "Forum.Controllers.HomeController.Index (Forum)" in 3.5526ms
2023-10-25 16:30:56.390 +02:00 [Information] Executed endpoint '"Forum.Controllers.HomeController.Index (Forum)"'
2023-10-25 16:30:56.390 +02:00 [Information] Request finished HTTP/2 GET https://localhost:7205/ - - - 200 - text/html;+charset=utf-8 4.2204ms
2023-10-25 16:30:56.403 +02:00 [Information] Request starting HTTP/2 GET https://localhost:7205/style.css - -
2023-10-25 16:30:56.404 +02:00 [Information] Request finished HTTP/2 GET https://localhost:7205/style.css - - - 404 0 - 0.4725ms
2023-10-25 16:30:56.408 +02:00 [Information] Request starting HTTP/2 GET https://localhost:7205/_framework/aspnetcore-browser-refresh.js - -
2023-10-25 16:30:56.409 +02:00 [Information] Request finished HTTP/2 GET https://localhost:7205/_framework/aspnetcore-browser-refresh.js - - - 200 12342 application/javascript;+charset=utf-8 0.2621ms
2023-10-25 16:31:00.255 +02:00 [Information] Request starting HTTP/2 GET https://localhost:7205/Category/CategoryDetails/8 - -
2023-10-25 16:31:00.256 +02:00 [Information] Executing endpoint '"Forum.Controllers.CategoryController.CategoryDetails (Forum)"'
2023-10-25 16:31:00.256 +02:00 [Information] Route matched with "{action = \"CategoryDetails\", controller = \"Category\", page = \"\", area = \"\"}". Executing controller action with signature "System.Threading.Tasks.Task`1[Microsoft.AspNetCore.Mvc.IActionResult] CategoryDetails(Int32)" on controller "Forum.Controllers.CategoryController" ("Forum").
2023-10-25 16:31:00.259 +02:00 [Information] [CategoryController] ID passed to CategoryController: 8.
2023-10-25 16:31:00.260 +02:00 [Information] Executing ViewResult, running view "CategoryDetails".
2023-10-25 16:31:00.262 +02:00 [Information] Executed ViewResult - view "CategoryDetails" executed in 1.799ms.
2023-10-25 16:31:00.262 +02:00 [Information] Executed action "Forum.Controllers.CategoryController.CategoryDetails (Forum)" in 6.362ms
2023-10-25 16:31:00.262 +02:00 [Information] Executed endpoint '"Forum.Controllers.CategoryController.CategoryDetails (Forum)"'
2023-10-25 16:31:00.262 +02:00 [Information] Request finished HTTP/2 GET https://localhost:7205/Category/CategoryDetails/8 - - - 200 - text/html;+charset=utf-8 6.8839ms
2023-10-25 16:31:00.275 +02:00 [Information] Request starting HTTP/2 GET https://localhost:7205/Category/CategoryDetails/style.css - -
2023-10-25 16:31:00.276 +02:00 [Information] Request starting HTTP/2 GET https://localhost:7205/_framework/aspnetcore-browser-refresh.js - -
2023-10-25 16:31:00.276 +02:00 [Information] Request finished HTTP/2 GET https://localhost:7205/_framework/aspnetcore-browser-refresh.js - - - 200 12342 application/javascript;+charset=utf-8 0.2144ms
2023-10-25 16:31:00.276 +02:00 [Information] Executing endpoint '"Forum.Controllers.CategoryController.CategoryDetails (Forum)"'
2023-10-25 16:31:00.276 +02:00 [Information] Route matched with "{action = \"CategoryDetails\", controller = \"Category\", page = \"\", area = \"\"}". Executing controller action with signature "System.Threading.Tasks.Task`1[Microsoft.AspNetCore.Mvc.IActionResult] CategoryDetails(Int32)" on controller "Forum.Controllers.CategoryController" ("Forum").
2023-10-25 16:31:00.279 +02:00 [Information] [CategoryController] ID passed to CategoryController: 0.
2023-10-25 16:31:00.281 +02:00 [Error] [CategoryController] Category not found for the categoryId 0.
2023-10-25 16:31:00.282 +02:00 [Information] Executing "NotFoundObjectResult", writing value of type '"System.String"'.
2023-10-25 16:31:00.282 +02:00 [Information] Executed action "Forum.Controllers.CategoryController.CategoryDetails (Forum)" in 5.8285ms
2023-10-25 16:31:00.282 +02:00 [Information] Executed endpoint '"Forum.Controllers.CategoryController.CategoryDetails (Forum)"'
2023-10-25 16:31:00.282 +02:00 [Information] Request finished HTTP/2 GET https://localhost:7205/Category/CategoryDetails/style.css - - - 404 - text/plain;+charset=utf-8 6.3670ms
2023-10-25 16:31:02.672 +02:00 [Information] Request starting HTTP/2 GET https://localhost:7205/_framework/aspnetcore-browser-refresh.js - -
2023-10-25 16:31:02.672 +02:00 [Information] Request finished HTTP/2 GET https://localhost:7205/_framework/aspnetcore-browser-refresh.js - - - 200 12342 application/javascript;+charset=utf-8 0.2049ms
2023-10-25 16:31:05.208 +02:00 [Information] Request starting HTTP/2 GET https://localhost:7205/Category/CategoryDetails/6 - -
2023-10-25 16:31:05.208 +02:00 [Information] Executing endpoint '"Forum.Controllers.CategoryController.CategoryDetails (Forum)"'
2023-10-25 16:31:05.208 +02:00 [Information] Route matched with "{action = \"CategoryDetails\", controller = \"Category\", page = \"\", area = \"\"}". Executing controller action with signature "System.Threading.Tasks.Task`1[Microsoft.AspNetCore.Mvc.IActionResult] CategoryDetails(Int32)" on controller "Forum.Controllers.CategoryController" ("Forum").
2023-10-25 16:31:05.211 +02:00 [Information] [CategoryController] ID passed to CategoryController: 6.
2023-10-25 16:31:05.212 +02:00 [Information] Executing ViewResult, running view "CategoryDetails".
2023-10-25 16:31:05.214 +02:00 [Information] Executed ViewResult - view "CategoryDetails" executed in 2.1078ms.
2023-10-25 16:31:05.214 +02:00 [Information] Executed action "Forum.Controllers.CategoryController.CategoryDetails (Forum)" in 6.1139ms
2023-10-25 16:31:05.214 +02:00 [Information] Executed endpoint '"Forum.Controllers.CategoryController.CategoryDetails (Forum)"'
2023-10-25 16:31:05.214 +02:00 [Information] Request finished HTTP/2 GET https://localhost:7205/Category/CategoryDetails/6 - - - 200 - text/html;+charset=utf-8 6.5911ms
2023-10-25 16:31:05.227 +02:00 [Information] Request starting HTTP/2 GET https://localhost:7205/_framework/aspnetcore-browser-refresh.js - -
2023-10-25 16:31:05.227 +02:00 [Information] Request starting HTTP/2 GET https://localhost:7205/Category/CategoryDetails/style.css - -
2023-10-25 16:31:05.227 +02:00 [Information] Request finished HTTP/2 GET https://localhost:7205/_framework/aspnetcore-browser-refresh.js - - - 200 12342 application/javascript;+charset=utf-8 0.2962ms
2023-10-25 16:31:05.228 +02:00 [Information] Executing endpoint '"Forum.Controllers.CategoryController.CategoryDetails (Forum)"'
2023-10-25 16:31:05.228 +02:00 [Information] Route matched with "{action = \"CategoryDetails\", controller = \"Category\", page = \"\", area = \"\"}". Executing controller action with signature "System.Threading.Tasks.Task`1[Microsoft.AspNetCore.Mvc.IActionResult] CategoryDetails(Int32)" on controller "Forum.Controllers.CategoryController" ("Forum").
2023-10-25 16:31:05.230 +02:00 [Information] [CategoryController] ID passed to CategoryController: 0.
2023-10-25 16:31:05.233 +02:00 [Error] [CategoryController] Category not found for the categoryId 0.
2023-10-25 16:31:05.233 +02:00 [Information] Executing "NotFoundObjectResult", writing value of type '"System.String"'.
2023-10-25 16:31:05.233 +02:00 [Information] Executed action "Forum.Controllers.CategoryController.CategoryDetails (Forum)" in 5.1234ms
2023-10-25 16:31:05.233 +02:00 [Information] Executed endpoint '"Forum.Controllers.CategoryController.CategoryDetails (Forum)"'
2023-10-25 16:31:05.233 +02:00 [Information] Request finished HTTP/2 GET https://localhost:7205/Category/CategoryDetails/style.css - - - 404 - text/plain;+charset=utf-8 5.6811ms
2023-10-25 16:31:11.105 +02:00 [Information] Request starting HTTP/2 GET https://localhost:7205/ - -
2023-10-25 16:31:11.105 +02:00 [Information] Executing endpoint '"Forum.Controllers.HomeController.Index (Forum)"'
2023-10-25 16:31:11.105 +02:00 [Information] Route matched with "{action = \"Index\", controller = \"Home\", page = \"\", area = \"\"}". Executing controller action with signature "System.Threading.Tasks.Task`1[Microsoft.AspNetCore.Mvc.IActionResult] Index()" on controller "Forum.Controllers.HomeController" ("Forum").
2023-10-25 16:31:11.108 +02:00 [Information] Executing ViewResult, running view "Index".
2023-10-25 16:31:11.109 +02:00 [Information] Executed ViewResult - view "Index" executed in 0.9151ms.
2023-10-25 16:31:11.109 +02:00 [Information] Executed action "Forum.Controllers.HomeController.Index (Forum)" in 4.0037ms
2023-10-25 16:31:11.109 +02:00 [Information] Executed endpoint '"Forum.Controllers.HomeController.Index (Forum)"'
2023-10-25 16:31:11.109 +02:00 [Information] Request finished HTTP/2 GET https://localhost:7205/ - - - 200 - text/html;+charset=utf-8 4.4743ms
2023-10-25 16:31:11.124 +02:00 [Information] Request starting HTTP/2 GET https://localhost:7205/style.css - -
2023-10-25 16:31:11.125 +02:00 [Information] Request starting HTTP/2 GET https://localhost:7205/_framework/aspnetcore-browser-refresh.js - -
2023-10-25 16:31:11.127 +02:00 [Information] Request finished HTTP/2 GET https://localhost:7205/_framework/aspnetcore-browser-refresh.js - - - 200 12342 application/javascript;+charset=utf-8 1.5175ms
2023-10-25 16:31:11.127 +02:00 [Information] Request finished HTTP/2 GET https://localhost:7205/style.css - - - 404 0 - 2.3943ms
2023-10-25 16:31:12.080 +02:00 [Information] Request starting HTTP/2 GET https://localhost:7205/Post/PostDetails/2 - -
2023-10-25 16:31:12.080 +02:00 [Information] Executing endpoint '"Forum.Controllers.PostController.PostDetails (Forum)"'
2023-10-25 16:31:12.082 +02:00 [Information] Route matched with "{action = \"PostDetails\", controller = \"Post\", page = \"\", area = \"\"}". Executing controller action with signature "System.Threading.Tasks.Task`1[Microsoft.AspNetCore.Mvc.IActionResult] PostDetails(Int32)" on controller "Forum.Controllers.PostController" ("Forum").
2023-10-25 16:31:12.088 +02:00 [Information] Executing ViewResult, running view "PostDetails".
2023-10-25 16:31:12.101 +02:00 [Information] Executed ViewResult - view "PostDetails" executed in 13.3036ms.
2023-10-25 16:31:12.101 +02:00 [Information] Executed action "Forum.Controllers.PostController.PostDetails (Forum)" in 18.9612ms
2023-10-25 16:31:12.101 +02:00 [Information] Executed endpoint '"Forum.Controllers.PostController.PostDetails (Forum)"'
2023-10-25 16:31:12.101 +02:00 [Information] Request finished HTTP/2 GET https://localhost:7205/Post/PostDetails/2 - - - 200 - text/html;+charset=utf-8 21.3482ms
2023-10-25 16:31:12.114 +02:00 [Information] Request starting HTTP/2 GET https://localhost:7205/Post/PostDetails/style.css - -
2023-10-25 16:31:12.114 +02:00 [Information] Request starting HTTP/2 GET https://localhost:7205/_framework/aspnetcore-browser-refresh.js - -
2023-10-25 16:31:12.114 +02:00 [Information] Request finished HTTP/2 GET https://localhost:7205/_framework/aspnetcore-browser-refresh.js - - - 200 12342 application/javascript;+charset=utf-8 0.2461ms
2023-10-25 16:31:12.115 +02:00 [Information] Executing endpoint '"Forum.Controllers.PostController.PostDetails (Forum)"'
2023-10-25 16:31:12.115 +02:00 [Information] Route matched with "{action = \"PostDetails\", controller = \"Post\", page = \"\", area = \"\"}". Executing controller action with signature "System.Threading.Tasks.Task`1[Microsoft.AspNetCore.Mvc.IActionResult] PostDetails(Int32)" on controller "Forum.Controllers.PostController" ("Forum").
2023-10-25 16:31:12.120 +02:00 [Error] [PostController] post not found for the TopicId 0000
2023-10-25 16:31:12.120 +02:00 [Information] Executing "NotFoundObjectResult", writing value of type '"System.String"'.
2023-10-25 16:31:12.120 +02:00 [Information] Executed action "Forum.Controllers.PostController.PostDetails (Forum)" in 4.5561ms
2023-10-25 16:31:12.120 +02:00 [Information] Executed endpoint '"Forum.Controllers.PostController.PostDetails (Forum)"'
2023-10-25 16:31:12.120 +02:00 [Information] Request finished HTTP/2 GET https://localhost:7205/Post/PostDetails/style.css - - - 404 - text/plain;+charset=utf-8 5.7552ms
2023-10-25 16:31:14.344 +02:00 [Information] Request starting HTTP/2 GET https://localhost:7205/ - -
2023-10-25 16:31:14.345 +02:00 [Information] Executing endpoint '"Forum.Controllers.HomeController.Index (Forum)"'
2023-10-25 16:31:14.345 +02:00 [Information] Route matched with "{action = \"Index\", controller = \"Home\", page = \"\", area = \"\"}". Executing controller action with signature "System.Threading.Tasks.Task`1[Microsoft.AspNetCore.Mvc.IActionResult] Index()" on controller "Forum.Controllers.HomeController" ("Forum").
2023-10-25 16:31:14.347 +02:00 [Information] Executing ViewResult, running view "Index".
2023-10-25 16:31:14.348 +02:00 [Information] Executed ViewResult - view "Index" executed in 0.6905ms.
2023-10-25 16:31:14.348 +02:00 [Information] Executed action "Forum.Controllers.HomeController.Index (Forum)" in 3.2486ms
2023-10-25 16:31:14.348 +02:00 [Information] Executed endpoint '"Forum.Controllers.HomeController.Index (Forum)"'
2023-10-25 16:31:14.348 +02:00 [Information] Request finished HTTP/2 GET https://localhost:7205/ - - - 200 - text/html;+charset=utf-8 3.8399ms
2023-10-25 16:31:14.363 +02:00 [Information] Request starting HTTP/2 GET https://localhost:7205/style.css - -
2023-10-25 16:31:14.363 +02:00 [Information] Request starting HTTP/2 GET https://localhost:7205/_framework/aspnetcore-browser-refresh.js - -
2023-10-25 16:31:14.364 +02:00 [Information] Request finished HTTP/2 GET https://localhost:7205/_framework/aspnetcore-browser-refresh.js - - - 200 12342 application/javascript;+charset=utf-8 0.6875ms
2023-10-25 16:31:14.364 +02:00 [Information] Request finished HTTP/2 GET https://localhost:7205/style.css - - - 404 0 - 1.0664ms
2023-10-25 16:31:17.708 +02:00 [Information] Request starting HTTP/2 GET https://localhost:7205/Category/CategoryDetails/5 - -
2023-10-25 16:31:17.709 +02:00 [Information] Executing endpoint '"Forum.Controllers.CategoryController.CategoryDetails (Forum)"'
2023-10-25 16:31:17.709 +02:00 [Information] Route matched with "{action = \"CategoryDetails\", controller = \"Category\", page = \"\", area = \"\"}". Executing controller action with signature "System.Threading.Tasks.Task`1[Microsoft.AspNetCore.Mvc.IActionResult] CategoryDetails(Int32)" on controller "Forum.Controllers.CategoryController" ("Forum").
2023-10-25 16:31:17.712 +02:00 [Information] [CategoryController] ID passed to CategoryController: 5.
2023-10-25 16:31:17.713 +02:00 [Information] Executing ViewResult, running view "CategoryDetails".
2023-10-25 16:31:17.715 +02:00 [Information] Executed ViewResult - view "CategoryDetails" executed in 1.8068ms.
2023-10-25 16:31:17.715 +02:00 [Information] Executed action "Forum.Controllers.CategoryController.CategoryDetails (Forum)" in 6.3672ms
2023-10-25 16:31:17.715 +02:00 [Information] Executed endpoint '"Forum.Controllers.CategoryController.CategoryDetails (Forum)"'
2023-10-25 16:31:17.715 +02:00 [Information] Request finished HTTP/2 GET https://localhost:7205/Category/CategoryDetails/5 - - - 200 - text/html;+charset=utf-8 7.0257ms
2023-10-25 16:31:17.727 +02:00 [Information] Request starting HTTP/2 GET https://localhost:7205/Category/CategoryDetails/style.css - -
2023-10-25 16:31:17.727 +02:00 [Information] Request starting HTTP/2 GET https://localhost:7205/_framework/aspnetcore-browser-refresh.js - -
2023-10-25 16:31:17.728 +02:00 [Information] Request finished HTTP/2 GET https://localhost:7205/_framework/aspnetcore-browser-refresh.js - - - 200 12342 application/javascript;+charset=utf-8 0.3658ms
2023-10-25 16:31:17.728 +02:00 [Information] Executing endpoint '"Forum.Controllers.CategoryController.CategoryDetails (Forum)"'
2023-10-25 16:31:17.728 +02:00 [Information] Route matched with "{action = \"CategoryDetails\", controller = \"Category\", page = \"\", area = \"\"}". Executing controller action with signature "System.Threading.Tasks.Task`1[Microsoft.AspNetCore.Mvc.IActionResult] CategoryDetails(Int32)" on controller "Forum.Controllers.CategoryController" ("Forum").
2023-10-25 16:31:17.731 +02:00 [Information] [CategoryController] ID passed to CategoryController: 0.
2023-10-25 16:31:17.733 +02:00 [Error] [CategoryController] Category not found for the categoryId 0.
2023-10-25 16:31:17.733 +02:00 [Information] Executing "NotFoundObjectResult", writing value of type '"System.String"'.
2023-10-25 16:31:17.734 +02:00 [Information] Executed action "Forum.Controllers.CategoryController.CategoryDetails (Forum)" in 5.7772ms
2023-10-25 16:31:17.734 +02:00 [Information] Executed endpoint '"Forum.Controllers.CategoryController.CategoryDetails (Forum)"'
2023-10-25 16:31:17.734 +02:00 [Information] Request finished HTTP/2 GET https://localhost:7205/Category/CategoryDetails/style.css - - - 404 - text/plain;+charset=utf-8 6.3418ms
2023-10-25 16:31:19.552 +02:00 [Information] Request starting HTTP/2 GET https://localhost:7205/ - -
2023-10-25 16:31:19.552 +02:00 [Information] Executing endpoint '"Forum.Controllers.HomeController.Index (Forum)"'
2023-10-25 16:31:19.552 +02:00 [Information] Route matched with "{action = \"Index\", controller = \"Home\", page = \"\", area = \"\"}". Executing controller action with signature "System.Threading.Tasks.Task`1[Microsoft.AspNetCore.Mvc.IActionResult] Index()" on controller "Forum.Controllers.HomeController" ("Forum").
2023-10-25 16:31:19.555 +02:00 [Information] Executing ViewResult, running view "Index".
2023-10-25 16:31:19.555 +02:00 [Information] Executed ViewResult - view "Index" executed in 0.7461ms.
2023-10-25 16:31:19.555 +02:00 [Information] Executed action "Forum.Controllers.HomeController.Index (Forum)" in 3.4085ms
2023-10-25 16:31:19.555 +02:00 [Information] Executed endpoint '"Forum.Controllers.HomeController.Index (Forum)"'
2023-10-25 16:31:19.555 +02:00 [Information] Request finished HTTP/2 GET https://localhost:7205/ - - - 200 - text/html;+charset=utf-8 3.8944ms
2023-10-25 16:31:19.569 +02:00 [Information] Request starting HTTP/2 GET https://localhost:7205/style.css - -
2023-10-25 16:31:19.569 +02:00 [Information] Request starting HTTP/2 GET https://localhost:7205/_framework/aspnetcore-browser-refresh.js - -
2023-10-25 16:31:19.570 +02:00 [Information] Request finished HTTP/2 GET https://localhost:7205/_framework/aspnetcore-browser-refresh.js - - - 200 12342 application/javascript;+charset=utf-8 0.3843ms
2023-10-25 16:31:19.570 +02:00 [Information] Request finished HTTP/2 GET https://localhost:7205/style.css - - - 404 0 - 0.5852ms
2023-10-25 16:31:20.819 +02:00 [Information] Request starting HTTP/2 GET https://localhost:7205/Post/PostDetails/1 - -
2023-10-25 16:31:20.819 +02:00 [Information] Executing endpoint '"Forum.Controllers.PostController.PostDetails (Forum)"'
2023-10-25 16:31:20.819 +02:00 [Information] Route matched with "{action = \"PostDetails\", controller = \"Post\", page = \"\", area = \"\"}". Executing controller action with signature "System.Threading.Tasks.Task`1[Microsoft.AspNetCore.Mvc.IActionResult] PostDetails(Int32)" on controller "Forum.Controllers.PostController" ("Forum").
2023-10-25 16:31:20.823 +02:00 [Information] Executing ViewResult, running view "PostDetails".
2023-10-25 16:31:20.825 +02:00 [Information] Executed ViewResult - view "PostDetails" executed in 2.0657ms.
2023-10-25 16:31:20.825 +02:00 [Information] Executed action "Forum.Controllers.PostController.PostDetails (Forum)" in 5.5746ms
2023-10-25 16:31:20.825 +02:00 [Information] Executed endpoint '"Forum.Controllers.PostController.PostDetails (Forum)"'
2023-10-25 16:31:20.825 +02:00 [Information] Request finished HTTP/2 GET https://localhost:7205/Post/PostDetails/1 - - - 200 - text/html;+charset=utf-8 6.0170ms
2023-10-25 16:31:20.838 +02:00 [Information] Request starting HTTP/2 GET https://localhost:7205/_framework/aspnetcore-browser-refresh.js - -
2023-10-25 16:31:20.838 +02:00 [Information] Request starting HTTP/2 GET https://localhost:7205/Post/PostDetails/style.css - -
2023-10-25 16:31:20.838 +02:00 [Information] Request finished HTTP/2 GET https://localhost:7205/_framework/aspnetcore-browser-refresh.js - - - 200 12342 application/javascript;+charset=utf-8 0.2673ms
2023-10-25 16:31:20.838 +02:00 [Information] Executing endpoint '"Forum.Controllers.PostController.PostDetails (Forum)"'
2023-10-25 16:31:20.838 +02:00 [Information] Route matched with "{action = \"PostDetails\", controller = \"Post\", page = \"\", area = \"\"}". Executing controller action with signature "System.Threading.Tasks.Task`1[Microsoft.AspNetCore.Mvc.IActionResult] PostDetails(Int32)" on controller "Forum.Controllers.PostController" ("Forum").
2023-10-25 16:31:20.843 +02:00 [Error] [PostController] post not found for the TopicId 0000
2023-10-25 16:31:20.843 +02:00 [Information] Executing "NotFoundObjectResult", writing value of type '"System.String"'.
2023-10-25 16:31:20.843 +02:00 [Information] Executed action "Forum.Controllers.PostController.PostDetails (Forum)" in 4.7943ms
2023-10-25 16:31:20.843 +02:00 [Information] Executed endpoint '"Forum.Controllers.PostController.PostDetails (Forum)"'
2023-10-25 16:31:20.843 +02:00 [Information] Request finished HTTP/2 GET https://localhost:7205/Post/PostDetails/style.css - - - 404 - text/plain;+charset=utf-8 5.3610ms
2023-10-25 16:31:22.306 +02:00 [Information] Request starting HTTP/2 GET https://localhost:7205/ - -
2023-10-25 16:31:22.306 +02:00 [Information] Executing endpoint '"Forum.Controllers.HomeController.Index (Forum)"'
2023-10-25 16:31:22.306 +02:00 [Information] Route matched with "{action = \"Index\", controller = \"Home\", page = \"\", area = \"\"}". Executing controller action with signature "System.Threading.Tasks.Task`1[Microsoft.AspNetCore.Mvc.IActionResult] Index()" on controller "Forum.Controllers.HomeController" ("Forum").
2023-10-25 16:31:22.309 +02:00 [Information] Executing ViewResult, running view "Index".
2023-10-25 16:31:22.310 +02:00 [Information] Executed ViewResult - view "Index" executed in 0.8393ms.
2023-10-25 16:31:22.310 +02:00 [Information] Executed action "Forum.Controllers.HomeController.Index (Forum)" in 3.5948ms
2023-10-25 16:31:22.310 +02:00 [Information] Executed endpoint '"Forum.Controllers.HomeController.Index (Forum)"'
2023-10-25 16:31:22.310 +02:00 [Information] Request finished HTTP/2 GET https://localhost:7205/ - - - 200 - text/html;+charset=utf-8 4.1405ms
2023-10-25 16:31:22.323 +02:00 [Information] Request starting HTTP/2 GET https://localhost:7205/_framework/aspnetcore-browser-refresh.js - -
2023-10-25 16:31:22.323 +02:00 [Information] Request starting HTTP/2 GET https://localhost:7205/style.css - -
2023-10-25 16:31:22.323 +02:00 [Information] Request finished HTTP/2 GET https://localhost:7205/_framework/aspnetcore-browser-refresh.js - - - 200 12342 application/javascript;+charset=utf-8 0.2732ms
2023-10-25 16:31:22.323 +02:00 [Information] Request finished HTTP/2 GET https://localhost:7205/style.css - - - 404 0 - 0.5223ms
2023-10-25 16:31:23.820 +02:00 [Information] Request starting HTTP/2 GET https://localhost:7205/Category/CategoryDetails/1 - -
2023-10-25 16:31:23.820 +02:00 [Information] Executing endpoint '"Forum.Controllers.CategoryController.CategoryDetails (Forum)"'
2023-10-25 16:31:23.820 +02:00 [Information] Route matched with "{action = \"CategoryDetails\", controller = \"Category\", page = \"\", area = \"\"}". Executing controller action with signature "System.Threading.Tasks.Task`1[Microsoft.AspNetCore.Mvc.IActionResult] CategoryDetails(Int32)" on controller "Forum.Controllers.CategoryController" ("Forum").
2023-10-25 16:31:23.822 +02:00 [Information] [CategoryController] ID passed to CategoryController: 1.
2023-10-25 16:31:23.824 +02:00 [Information] Executing ViewResult, running view "CategoryDetails".
2023-10-25 16:31:23.826 +02:00 [Information] Executed ViewResult - view "CategoryDetails" executed in 1.7174ms.
2023-10-25 16:31:23.826 +02:00 [Information] Executed action "Forum.Controllers.CategoryController.CategoryDetails (Forum)" in 5.4318ms
2023-10-25 16:31:23.826 +02:00 [Information] Executed endpoint '"Forum.Controllers.CategoryController.CategoryDetails (Forum)"'
2023-10-25 16:31:23.826 +02:00 [Information] Request finished HTTP/2 GET https://localhost:7205/Category/CategoryDetails/1 - - - 200 - text/html;+charset=utf-8 5.9914ms
2023-10-25 16:31:23.838 +02:00 [Information] Request starting HTTP/2 GET https://localhost:7205/_framework/aspnetcore-browser-refresh.js - -
2023-10-25 16:31:23.838 +02:00 [Information] Request starting HTTP/2 GET https://localhost:7205/Category/CategoryDetails/style.css - -
2023-10-25 16:31:23.838 +02:00 [Information] Request finished HTTP/2 GET https://localhost:7205/_framework/aspnetcore-browser-refresh.js - - - 200 12342 application/javascript;+charset=utf-8 0.2002ms
2023-10-25 16:31:23.838 +02:00 [Information] Executing endpoint '"Forum.Controllers.CategoryController.CategoryDetails (Forum)"'
2023-10-25 16:31:23.838 +02:00 [Information] Route matched with "{action = \"CategoryDetails\", controller = \"Category\", page = \"\", area = \"\"}". Executing controller action with signature "System.Threading.Tasks.Task`1[Microsoft.AspNetCore.Mvc.IActionResult] CategoryDetails(Int32)" on controller "Forum.Controllers.CategoryController" ("Forum").
2023-10-25 16:31:23.841 +02:00 [Information] [CategoryController] ID passed to CategoryController: 0.
2023-10-25 16:31:23.843 +02:00 [Error] [CategoryController] Category not found for the categoryId 0.
2023-10-25 16:31:23.843 +02:00 [Information] Executing "NotFoundObjectResult", writing value of type '"System.String"'.
2023-10-25 16:31:23.843 +02:00 [Information] Executed action "Forum.Controllers.CategoryController.CategoryDetails (Forum)" in 5.1741ms
2023-10-25 16:31:23.843 +02:00 [Information] Executed endpoint '"Forum.Controllers.CategoryController.CategoryDetails (Forum)"'
2023-10-25 16:31:23.844 +02:00 [Information] Request finished HTTP/2 GET https://localhost:7205/Category/CategoryDetails/style.css - - - 404 - text/plain;+charset=utf-8 5.6303ms
2023-10-25 16:31:25.254 +02:00 [Information] Request starting HTTP/2 GET https://localhost:7205/Room/RoomDetails/1 - -
2023-10-25 16:31:25.255 +02:00 [Information] Executing endpoint '"Forum.Controllers.RoomController.RoomDetails (Forum)"'
2023-10-25 16:31:25.256 +02:00 [Information] Route matched with "{action = \"RoomDetails\", controller = \"Room\", page = \"\", area = \"\"}". Executing controller action with signature "System.Threading.Tasks.Task`1[Microsoft.AspNetCore.Mvc.IActionResult] RoomDetails(Int32)" on controller "Forum.Controllers.RoomController" ("Forum").
2023-10-25 16:31:25.262 +02:00 [Information] Executing ViewResult, running view "RoomDetails".
2023-10-25 16:31:25.279 +02:00 [Information] Executed ViewResult - view "RoomDetails" executed in 16.8219ms.
2023-10-25 16:31:25.279 +02:00 [Information] Executed action "Forum.Controllers.RoomController.RoomDetails (Forum)" in 22.4521ms
2023-10-25 16:31:25.279 +02:00 [Information] Executed endpoint '"Forum.Controllers.RoomController.RoomDetails (Forum)"'
2023-10-25 16:31:25.279 +02:00 [Information] Request finished HTTP/2 GET https://localhost:7205/Room/RoomDetails/1 - - - 200 - text/html;+charset=utf-8 24.8206ms
2023-10-25 16:31:25.293 +02:00 [Information] Request starting HTTP/2 GET https://localhost:7205/Room/RoomDetails/style.css - -
2023-10-25 16:31:25.293 +02:00 [Information] Request starting HTTP/2 GET https://localhost:7205/_framework/aspnetcore-browser-refresh.js - -
2023-10-25 16:31:25.293 +02:00 [Information] Request finished HTTP/2 GET https://localhost:7205/_framework/aspnetcore-browser-refresh.js - - - 200 12342 application/javascript;+charset=utf-8 0.2638ms
2023-10-25 16:31:25.294 +02:00 [Information] Executing endpoint '"Forum.Controllers.RoomController.RoomDetails (Forum)"'
2023-10-25 16:31:25.294 +02:00 [Information] Route matched with "{action = \"RoomDetails\", controller = \"Room\", page = \"\", area = \"\"}". Executing controller action with signature "System.Threading.Tasks.Task`1[Microsoft.AspNetCore.Mvc.IActionResult] RoomDetails(Int32)" on controller "Forum.Controllers.RoomController" ("Forum").
2023-10-25 16:31:25.298 +02:00 [Error] Room with ID not found Room ID: 0
2023-10-25 16:31:25.301 +02:00 [Information] Executing StatusCodeResult, setting HTTP status code 404
2023-10-25 16:31:25.301 +02:00 [Information] Executed action "Forum.Controllers.RoomController.RoomDetails (Forum)" in 7.7362ms
2023-10-25 16:31:25.301 +02:00 [Information] Executed endpoint '"Forum.Controllers.RoomController.RoomDetails (Forum)"'
2023-10-25 16:31:25.302 +02:00 [Information] Request finished HTTP/2 GET https://localhost:7205/Room/RoomDetails/style.css - - - 404 0 - 9.0277ms
2023-10-25 16:31:27.196 +02:00 [Information] Request starting HTTP/2 GET https://localhost:7205/Topic/TopicDetails/1 - -
2023-10-25 16:31:27.196 +02:00 [Information] Executing endpoint '"Forum.Controllers.TopicController.TopicDetails (Forum)"'
2023-10-25 16:31:27.198 +02:00 [Information] Route matched with "{action = \"TopicDetails\", controller = \"Topic\", page = \"\", area = \"\"}". Executing controller action with signature "System.Threading.Tasks.Task`1[Microsoft.AspNetCore.Mvc.IActionResult] TopicDetails(Int32)" on controller "Forum.Controllers.TopicController" ("Forum").
2023-10-25 16:31:27.205 +02:00 [Information] Executing ViewResult, running view "TopicDetails".
2023-10-25 16:31:27.215 +02:00 [Information] Executed ViewResult - view "TopicDetails" executed in 10.3906ms.
2023-10-25 16:31:27.215 +02:00 [Information] Executed action "Forum.Controllers.TopicController.TopicDetails (Forum)" in 16.9203ms
2023-10-25 16:31:27.215 +02:00 [Information] Executed endpoint '"Forum.Controllers.TopicController.TopicDetails (Forum)"'
2023-10-25 16:31:27.215 +02:00 [Information] Request finished HTTP/2 GET https://localhost:7205/Topic/TopicDetails/1 - - - 200 - text/html;+charset=utf-8 19.3808ms
2023-10-25 16:31:27.234 +02:00 [Information] Request starting HTTP/2 GET https://localhost:7205/_framework/aspnetcore-browser-refresh.js - -
2023-10-25 16:31:27.234 +02:00 [Information] Request starting HTTP/2 GET https://localhost:7205/Topic/TopicDetails/style.css - -
2023-10-25 16:31:27.234 +02:00 [Information] Request finished HTTP/2 GET https://localhost:7205/_framework/aspnetcore-browser-refresh.js - - - 200 12342 application/javascript;+charset=utf-8 0.2885ms
2023-10-25 16:31:27.235 +02:00 [Information] Executing endpoint '"Forum.Controllers.TopicController.TopicDetails (Forum)"'
2023-10-25 16:31:27.235 +02:00 [Information] Route matched with "{action = \"TopicDetails\", controller = \"Topic\", page = \"\", area = \"\"}". Executing controller action with signature "System.Threading.Tasks.Task`1[Microsoft.AspNetCore.Mvc.IActionResult] TopicDetails(Int32)" on controller "Forum.Controllers.TopicController" ("Forum").
2023-10-25 16:31:27.240 +02:00 [Error] [TopicController] Topic not found for the TopicId 0000
2023-10-25 16:31:27.240 +02:00 [Information] Executing "NotFoundObjectResult", writing value of type '"System.String"'.
2023-10-25 16:31:27.240 +02:00 [Information] Executed action "Forum.Controllers.TopicController.TopicDetails (Forum)" in 4.976ms
2023-10-25 16:31:27.240 +02:00 [Information] Executed endpoint '"Forum.Controllers.TopicController.TopicDetails (Forum)"'
2023-10-25 16:31:27.240 +02:00 [Information] Request finished HTTP/2 GET https://localhost:7205/Topic/TopicDetails/style.css - - - 404 - text/plain;+charset=utf-8 6.3862ms
2023-10-25 16:31:29.061 +02:00 [Information] Request starting HTTP/2 GET https://localhost:7205/Post/PostDetails/1 - -
2023-10-25 16:31:29.062 +02:00 [Information] Executing endpoint '"Forum.Controllers.PostController.PostDetails (Forum)"'
2023-10-25 16:31:29.062 +02:00 [Information] Route matched with "{action = \"PostDetails\", controller = \"Post\", page = \"\", area = \"\"}". Executing controller action with signature "System.Threading.Tasks.Task`1[Microsoft.AspNetCore.Mvc.IActionResult] PostDetails(Int32)" on controller "Forum.Controllers.PostController" ("Forum").
2023-10-25 16:31:29.065 +02:00 [Information] Executing ViewResult, running view "PostDetails".
2023-10-25 16:31:29.067 +02:00 [Information] Executed ViewResult - view "PostDetails" executed in 2.1695ms.
2023-10-25 16:31:29.067 +02:00 [Information] Executed action "Forum.Controllers.PostController.PostDetails (Forum)" in 5.3769ms
2023-10-25 16:31:29.067 +02:00 [Information] Executed endpoint '"Forum.Controllers.PostController.PostDetails (Forum)"'
2023-10-25 16:31:29.067 +02:00 [Information] Request finished HTTP/2 GET https://localhost:7205/Post/PostDetails/1 - - - 200 - text/html;+charset=utf-8 6.0033ms
2023-10-25 16:31:29.084 +02:00 [Information] Request starting HTTP/2 GET https://localhost:7205/_framework/aspnetcore-browser-refresh.js - -
2023-10-25 16:31:29.084 +02:00 [Information] Request starting HTTP/2 GET https://localhost:7205/Post/PostDetails/style.css - -
2023-10-25 16:31:29.084 +02:00 [Information] Request finished HTTP/2 GET https://localhost:7205/_framework/aspnetcore-browser-refresh.js - - - 200 12342 application/javascript;+charset=utf-8 0.3012ms
2023-10-25 16:31:29.084 +02:00 [Information] Executing endpoint '"Forum.Controllers.PostController.PostDetails (Forum)"'
2023-10-25 16:31:29.084 +02:00 [Information] Route matched with "{action = \"PostDetails\", controller = \"Post\", page = \"\", area = \"\"}". Executing controller action with signature "System.Threading.Tasks.Task`1[Microsoft.AspNetCore.Mvc.IActionResult] PostDetails(Int32)" on controller "Forum.Controllers.PostController" ("Forum").
2023-10-25 16:31:29.089 +02:00 [Error] [PostController] post not found for the TopicId 0000
2023-10-25 16:31:29.089 +02:00 [Information] Executing "NotFoundObjectResult", writing value of type '"System.String"'.
2023-10-25 16:31:29.089 +02:00 [Information] Executed action "Forum.Controllers.PostController.PostDetails (Forum)" in 4.9829ms
2023-10-25 16:31:29.089 +02:00 [Information] Executed endpoint '"Forum.Controllers.PostController.PostDetails (Forum)"'
2023-10-25 16:31:29.089 +02:00 [Information] Request finished HTTP/2 GET https://localhost:7205/Post/PostDetails/style.css - - - 404 - text/plain;+charset=utf-8 5.6923ms
2023-10-25 16:31:30.806 +02:00 [Information] Request starting HTTP/2 GET https://localhost:7205/ - -
2023-10-25 16:31:30.806 +02:00 [Information] Executing endpoint '"Forum.Controllers.HomeController.Index (Forum)"'
2023-10-25 16:31:30.806 +02:00 [Information] Route matched with "{action = \"Index\", controller = \"Home\", page = \"\", area = \"\"}". Executing controller action with signature "System.Threading.Tasks.Task`1[Microsoft.AspNetCore.Mvc.IActionResult] Index()" on controller "Forum.Controllers.HomeController" ("Forum").
2023-10-25 16:31:30.809 +02:00 [Information] Executing ViewResult, running view "Index".
2023-10-25 16:31:30.810 +02:00 [Information] Executed ViewResult - view "Index" executed in 0.7853ms.
2023-10-25 16:31:30.810 +02:00 [Information] Executed action "Forum.Controllers.HomeController.Index (Forum)" in 3.3087ms
2023-10-25 16:31:30.810 +02:00 [Information] Executed endpoint '"Forum.Controllers.HomeController.Index (Forum)"'
2023-10-25 16:31:30.810 +02:00 [Information] Request finished HTTP/2 GET https://localhost:7205/ - - - 200 - text/html;+charset=utf-8 3.7593ms
2023-10-25 16:31:30.824 +02:00 [Information] Request starting HTTP/2 GET https://localhost:7205/style.css - -
2023-10-25 16:31:30.825 +02:00 [Information] Request finished HTTP/2 GET https://localhost:7205/style.css - - - 404 0 - 0.3639ms
2023-10-25 16:31:30.828 +02:00 [Information] Request starting HTTP/2 GET https://localhost:7205/_framework/aspnetcore-browser-refresh.js - -
2023-10-25 16:31:30.828 +02:00 [Information] Request finished HTTP/2 GET https://localhost:7205/_framework/aspnetcore-browser-refresh.js - - - 200 12342 application/javascript;+charset=utf-8 0.2595ms
2023-10-25 16:31:50.283 +02:00 [Information] Request starting HTTP/2 GET https://localhost:7205/ - -
2023-10-25 16:31:50.284 +02:00 [Information] Executing endpoint '"Forum.Controllers.HomeController.Index (Forum)"'
2023-10-25 16:31:50.284 +02:00 [Information] Route matched with "{action = \"Index\", controller = \"Home\", page = \"\", area = \"\"}". Executing controller action with signature "System.Threading.Tasks.Task`1[Microsoft.AspNetCore.Mvc.IActionResult] Index()" on controller "Forum.Controllers.HomeController" ("Forum").
2023-10-25 16:31:50.286 +02:00 [Information] Executing ViewResult, running view "Index".
2023-10-25 16:31:50.287 +02:00 [Information] Executed ViewResult - view "Index" executed in 0.6021ms.
2023-10-25 16:31:50.287 +02:00 [Information] Executed action "Forum.Controllers.HomeController.Index (Forum)" in 3.1787ms
2023-10-25 16:31:50.287 +02:00 [Information] Executed endpoint '"Forum.Controllers.HomeController.Index (Forum)"'
2023-10-25 16:31:50.287 +02:00 [Information] Request finished HTTP/2 GET https://localhost:7205/ - - - 200 - text/html;+charset=utf-8 3.6547ms
2023-10-25 16:31:50.295 +02:00 [Information] Request starting HTTP/2 GET https://localhost:7205/style.css - -
2023-10-25 16:31:50.295 +02:00 [Information] Request starting HTTP/2 GET https://localhost:7205/_framework/aspnetcore-browser-refresh.js - -
2023-10-25 16:31:50.296 +02:00 [Information] Request finished HTTP/2 GET https://localhost:7205/_framework/aspnetcore-browser-refresh.js - - - 200 12342 application/javascript;+charset=utf-8 0.2871ms
2023-10-25 16:31:50.296 +02:00 [Information] Request finished HTTP/2 GET https://localhost:7205/style.css - - - 404 0 - 0.4951ms
2023-10-25 16:31:51.246 +02:00 [Information] Request starting HTTP/2 GET https://localhost:7205/Category/CategoryTable - -
2023-10-25 16:31:51.246 +02:00 [Information] Executing endpoint '"Forum.Controllers.CategoryController.CategoryTable (Forum)"'
2023-10-25 16:31:51.248 +02:00 [Information] Route matched with "{action = \"CategoryTable\", controller = \"Category\", page = \"\", area = \"\"}". Executing controller action with signature "System.Threading.Tasks.Task`1[Microsoft.AspNetCore.Mvc.IActionResult] CategoryTable()" on controller "Forum.Controllers.CategoryController" ("Forum").
2023-10-25 16:31:51.252 +02:00 [Information] Executing ViewResult, running view "CategoryTable".
2023-10-25 16:31:51.257 +02:00 [Information] Executed ViewResult - view "CategoryTable" executed in 5.109ms.
2023-10-25 16:31:51.257 +02:00 [Information] Executed action "Forum.Controllers.CategoryController.CategoryTable (Forum)" in 9.6664ms
2023-10-25 16:31:51.257 +02:00 [Information] Executed endpoint '"Forum.Controllers.CategoryController.CategoryTable (Forum)"'
2023-10-25 16:31:51.257 +02:00 [Information] Request finished HTTP/2 GET https://localhost:7205/Category/CategoryTable - - - 200 - text/html;+charset=utf-8 11.9690ms
2023-10-25 16:31:51.270 +02:00 [Information] Request starting HTTP/2 GET https://localhost:7205/Category/style.css - -
2023-10-25 16:31:51.270 +02:00 [Information] Request starting HTTP/2 GET https://localhost:7205/_framework/aspnetcore-browser-refresh.js - -
2023-10-25 16:31:51.271 +02:00 [Information] Request finished HTTP/2 GET https://localhost:7205/_framework/aspnetcore-browser-refresh.js - - - 200 12342 application/javascript;+charset=utf-8 0.4891ms
2023-10-25 16:31:51.271 +02:00 [Information] Request finished HTTP/2 GET https://localhost:7205/Category/style.css - - - 404 0 - 0.7809ms
2023-10-25 16:32:58.977 +02:00 [Information] Request starting HTTP/2 GET https://localhost:7205/Category/CategoryDetails/1 - -
2023-10-25 16:32:58.980 +02:00 [Information] Executing endpoint '"Forum.Controllers.CategoryController.CategoryDetails (Forum)"'
2023-10-25 16:32:58.981 +02:00 [Information] Route matched with "{action = \"CategoryDetails\", controller = \"Category\", page = \"\", area = \"\"}". Executing controller action with signature "System.Threading.Tasks.Task`1[Microsoft.AspNetCore.Mvc.IActionResult] CategoryDetails(Int32)" on controller "Forum.Controllers.CategoryController" ("Forum").
2023-10-25 16:32:58.985 +02:00 [Information] [CategoryController] ID passed to CategoryController: 1.
2023-10-25 16:32:58.987 +02:00 [Information] Executing ViewResult, running view "CategoryDetails".
2023-10-25 16:32:58.989 +02:00 [Information] Executed ViewResult - view "CategoryDetails" executed in 2.0289ms.
2023-10-25 16:32:58.989 +02:00 [Information] Executed action "Forum.Controllers.CategoryController.CategoryDetails (Forum)" in 7.7133ms
2023-10-25 16:32:58.989 +02:00 [Information] Executed endpoint '"Forum.Controllers.CategoryController.CategoryDetails (Forum)"'
2023-10-25 16:32:58.989 +02:00 [Information] Request finished HTTP/2 GET https://localhost:7205/Category/CategoryDetails/1 - - - 200 - text/html;+charset=utf-8 11.8896ms
2023-10-25 16:32:59.004 +02:00 [Information] Request starting HTTP/2 GET https://localhost:7205/lib/bootstrap/css/crtstyle.css - -
2023-10-25 16:32:59.004 +02:00 [Information] The file "/lib/bootstrap/css/crtstyle.css" was not modified
2023-10-25 16:32:59.004 +02:00 [Information] Request starting HTTP/2 GET https://localhost:7205/css/style.css?v=WdTnk-tLUSm3ZW2x6qLfHkgxmfnYuYrUv0OKJTfJWOw - -
2023-10-25 16:32:59.004 +02:00 [Information] Request starting HTTP/2 GET https://localhost:7205/lib/bootstrap/js/bootstrap.js - -
2023-10-25 16:32:59.004 +02:00 [Information] The file "/css/style.css" was not modified
2023-10-25 16:32:59.004 +02:00 [Information] The file "/lib/bootstrap/js/bootstrap.js" was not modified
2023-10-25 16:32:59.005 +02:00 [Information] Request finished HTTP/2 GET https://localhost:7205/lib/bootstrap/css/crtstyle.css - - - 304 - text/css 0.8525ms
2023-10-25 16:32:59.005 +02:00 [Information] Request finished HTTP/2 GET https://localhost:7205/css/style.css?v=WdTnk-tLUSm3ZW2x6qLfHkgxmfnYuYrUv0OKJTfJWOw - - - 304 - text/css 0.5527ms
2023-10-25 16:32:59.005 +02:00 [Information] Request finished HTTP/2 GET https://localhost:7205/lib/bootstrap/js/bootstrap.js - - - 304 - application/javascript 0.4882ms
2023-10-25 16:32:59.005 +02:00 [Information] Request starting HTTP/2 GET https://localhost:7205/lib/jquery/jquery.js - -
2023-10-25 16:32:59.005 +02:00 [Information] Request starting HTTP/2 GET https://localhost:7205/Category/CategoryDetails/style.css - -
2023-10-25 16:32:59.005 +02:00 [Information] Request starting HTTP/2 GET https://localhost:7205/_framework/aspnetcore-browser-refresh.js - -
2023-10-25 16:32:59.007 +02:00 [Information] The file "/lib/jquery/jquery.js" was not modified
2023-10-25 16:32:59.007 +02:00 [Information] Request finished HTTP/2 GET https://localhost:7205/_framework/aspnetcore-browser-refresh.js - - - 200 12342 application/javascript;+charset=utf-8 1.7161ms
2023-10-25 16:32:59.007 +02:00 [Information] Executing endpoint '"Forum.Controllers.CategoryController.CategoryDetails (Forum)"'
2023-10-25 16:32:59.007 +02:00 [Information] Request finished HTTP/2 GET https://localhost:7205/lib/jquery/jquery.js - - - 304 - application/javascript 2.4869ms
2023-10-25 16:32:59.007 +02:00 [Information] Route matched with "{action = \"CategoryDetails\", controller = \"Category\", page = \"\", area = \"\"}". Executing controller action with signature "System.Threading.Tasks.Task`1[Microsoft.AspNetCore.Mvc.IActionResult] CategoryDetails(Int32)" on controller "Forum.Controllers.CategoryController" ("Forum").
2023-10-25 16:32:59.016 +02:00 [Information] [CategoryController] ID passed to CategoryController: 0.
2023-10-25 16:32:59.018 +02:00 [Error] [CategoryController] Category not found for the categoryId 0.
2023-10-25 16:32:59.018 +02:00 [Information] Executing "NotFoundObjectResult", writing value of type '"System.String"'.
2023-10-25 16:32:59.018 +02:00 [Information] Executed action "Forum.Controllers.CategoryController.CategoryDetails (Forum)" in 10.2785ms
2023-10-25 16:32:59.018 +02:00 [Information] Executed endpoint '"Forum.Controllers.CategoryController.CategoryDetails (Forum)"'
2023-10-25 16:32:59.018 +02:00 [Information] Request finished HTTP/2 GET https://localhost:7205/Category/CategoryDetails/style.css - - - 404 - text/plain;+charset=utf-8 13.1118ms
2023-10-25 16:34:39.933 +02:00 [Information] Request starting HTTP/2 GET https://localhost:7205/ - -
2023-10-25 16:34:39.935 +02:00 [Information] Executing endpoint '"Forum.Controllers.HomeController.Index (Forum)"'
2023-10-25 16:34:39.936 +02:00 [Information] Route matched with "{action = \"Index\", controller = \"Home\", page = \"\", area = \"\"}". Executing controller action with signature "System.Threading.Tasks.Task`1[Microsoft.AspNetCore.Mvc.IActionResult] Index()" on controller "Forum.Controllers.HomeController" ("Forum").
2023-10-25 16:34:39.941 +02:00 [Information] Executing ViewResult, running view "Index".
2023-10-25 16:34:39.942 +02:00 [Information] Executed ViewResult - view "Index" executed in 0.8956ms.
2023-10-25 16:34:39.942 +02:00 [Information] Executed action "Forum.Controllers.HomeController.Index (Forum)" in 5.5001ms
2023-10-25 16:34:39.942 +02:00 [Information] Executed endpoint '"Forum.Controllers.HomeController.Index (Forum)"'
2023-10-25 16:34:39.942 +02:00 [Information] Request finished HTTP/2 GET https://localhost:7205/ - - - 200 - text/html;+charset=utf-8 9.6463ms
2023-10-25 16:34:39.956 +02:00 [Information] Request starting HTTP/2 GET https://localhost:7205/style.css - -
2023-10-25 16:34:39.956 +02:00 [Information] Request finished HTTP/2 GET https://localhost:7205/style.css - - - 404 0 - 0.3575ms
2023-10-25 16:34:39.957 +02:00 [Information] Request starting HTTP/2 GET https://localhost:7205/images/formula1.jpg - -
2023-10-25 16:34:39.957 +02:00 [Information] Request starting HTTP/2 GET https://localhost:7205/images/fotball.jpg - -
2023-10-25 16:34:39.957 +02:00 [Information] The file "/images/formula1.jpg" was not modified
2023-10-25 16:34:39.957 +02:00 [Information] The file "/images/fotball.jpg" was not modified
2023-10-25 16:34:39.957 +02:00 [Information] Request finished HTTP/2 GET https://localhost:7205/images/fotball.jpg - - - 304 - image/jpeg 0.1654ms
2023-10-25 16:34:39.957 +02:00 [Information] Request finished HTTP/2 GET https://localhost:7205/images/formula1.jpg - - - 304 - image/jpeg 0.4551ms
2023-10-25 16:34:39.962 +02:00 [Information] Request starting HTTP/2 GET https://localhost:7205/images/vacation.jpg - -
2023-10-25 16:34:39.962 +02:00 [Information] The file "/images/vacation.jpg" was not modified
2023-10-25 16:34:39.962 +02:00 [Information] Request starting HTTP/2 GET https://localhost:7205/_framework/aspnetcore-browser-refresh.js - -
2023-10-25 16:34:39.962 +02:00 [Information] Request finished HTTP/2 GET https://localhost:7205/images/vacation.jpg - - - 304 - image/jpeg 0.3413ms
2023-10-25 16:34:39.962 +02:00 [Information] Request starting HTTP/2 GET https://localhost:7205/images/cyberS.jpg - -
2023-10-25 16:34:39.962 +02:00 [Information] Request finished HTTP/2 GET https://localhost:7205/_framework/aspnetcore-browser-refresh.js - - - 200 12342 application/javascript;+charset=utf-8 0.6398ms
2023-10-25 16:34:39.962 +02:00 [Information] The file "/images/cyberS.jpg" was not modified
2023-10-25 16:34:39.962 +02:00 [Information] Request finished HTTP/2 GET https://localhost:7205/images/cyberS.jpg - - - 304 - image/jpeg 0.5085ms
2023-10-25 16:34:39.964 +02:00 [Information] Request starting HTTP/2 GET https://localhost:7205/images/mosque.jpg - -
2023-10-25 16:34:39.964 +02:00 [Information] Request starting HTTP/2 GET https://localhost:7205/images/skiEquipments.jpg - -
2023-10-25 16:34:39.964 +02:00 [Information] The file "/images/skiEquipments.jpg" was not modified
2023-10-25 16:34:39.964 +02:00 [Information] The file "/images/mosque.jpg" was not modified
2023-10-25 16:34:39.965 +02:00 [Information] Request finished HTTP/2 GET https://localhost:7205/images/skiEquipments.jpg - - - 304 - image/jpeg 0.3793ms
2023-10-25 16:34:39.965 +02:00 [Information] Request finished HTTP/2 GET https://localhost:7205/images/mosque.jpg - - - 304 - image/jpeg 0.9834ms
2023-10-25 16:34:43.376 +02:00 [Information] Request starting HTTP/2 GET https://localhost:7205/Category/CategoryDetails/3 - -
2023-10-25 16:34:43.377 +02:00 [Information] Executing endpoint '"Forum.Controllers.CategoryController.CategoryDetails (Forum)"'
2023-10-25 16:34:43.377 +02:00 [Information] Route matched with "{action = \"CategoryDetails\", controller = \"Category\", page = \"\", area = \"\"}". Executing controller action with signature "System.Threading.Tasks.Task`1[Microsoft.AspNetCore.Mvc.IActionResult] CategoryDetails(Int32)" on controller "Forum.Controllers.CategoryController" ("Forum").
2023-10-25 16:34:43.379 +02:00 [Information] [CategoryController] ID passed to CategoryController: 3.
2023-10-25 16:34:43.381 +02:00 [Information] Executing ViewResult, running view "CategoryDetails".
2023-10-25 16:34:43.383 +02:00 [Information] Executed ViewResult - view "CategoryDetails" executed in 2.0139ms.
2023-10-25 16:34:43.383 +02:00 [Information] Executed action "Forum.Controllers.CategoryController.CategoryDetails (Forum)" in 6.5135ms
2023-10-25 16:34:43.383 +02:00 [Information] Executed endpoint '"Forum.Controllers.CategoryController.CategoryDetails (Forum)"'
2023-10-25 16:34:43.383 +02:00 [Information] Request finished HTTP/2 GET https://localhost:7205/Category/CategoryDetails/3 - - - 200 - text/html;+charset=utf-8 6.9889ms
2023-10-25 16:34:43.399 +02:00 [Information] Request starting HTTP/2 GET https://localhost:7205/Category/CategoryDetails/style.css - -
2023-10-25 16:34:43.399 +02:00 [Information] Request starting HTTP/2 GET https://localhost:7205/_framework/aspnetcore-browser-refresh.js - -
2023-10-25 16:34:43.399 +02:00 [Information] Request finished HTTP/2 GET https://localhost:7205/_framework/aspnetcore-browser-refresh.js - - - 200 12342 application/javascript;+charset=utf-8 0.4197ms
2023-10-25 16:34:43.399 +02:00 [Information] Executing endpoint '"Forum.Controllers.CategoryController.CategoryDetails (Forum)"'
2023-10-25 16:34:43.399 +02:00 [Information] Route matched with "{action = \"CategoryDetails\", controller = \"Category\", page = \"\", area = \"\"}". Executing controller action with signature "System.Threading.Tasks.Task`1[Microsoft.AspNetCore.Mvc.IActionResult] CategoryDetails(Int32)" on controller "Forum.Controllers.CategoryController" ("Forum").
2023-10-25 16:34:43.402 +02:00 [Information] [CategoryController] ID passed to CategoryController: 0.
2023-10-25 16:34:43.405 +02:00 [Error] [CategoryController] Category not found for the categoryId 0.
2023-10-25 16:34:43.405 +02:00 [Information] Executing "NotFoundObjectResult", writing value of type '"System.String"'.
2023-10-25 16:34:43.405 +02:00 [Information] Executed action "Forum.Controllers.CategoryController.CategoryDetails (Forum)" in 5.8842ms
2023-10-25 16:34:43.405 +02:00 [Information] Executed endpoint '"Forum.Controllers.CategoryController.CategoryDetails (Forum)"'
2023-10-25 16:34:43.405 +02:00 [Information] Request finished HTTP/2 GET https://localhost:7205/Category/CategoryDetails/style.css - - - 404 - text/plain;+charset=utf-8 6.5619ms
