2023-10-30 18:06:34.936 +01:00 [Information] User profile is available. Using '"C:\Users\abdik\AppData\Local\ASP.NET\DataProtection-Keys"' as key repository and Windows DPAPI to encrypt keys at rest.
2023-10-30 18:06:35.404 +01:00 [Information] Now listening on: "https://localhost:7205"
2023-10-30 18:06:35.404 +01:00 [Information] Now listening on: "http://localhost:5112"
2023-10-30 18:06:35.408 +01:00 [Information] Application started. Press Ctrl+C to shut down.
2023-10-30 18:06:35.408 +01:00 [Information] Hosting environment: "Development"
2023-10-30 18:06:35.408 +01:00 [Information] Content root path: "C:\Users\abdik\Source\Repos\Forum\MyShop\"
2023-10-30 18:06:35.490 +01:00 [Information] Request starting HTTP/2 GET https://localhost:7205/Post/PostDetails/2 - -
2023-10-30 18:06:35.528 +01:00 [Information] Executing endpoint '"Forum.Controllers.PostController.PostDetails (Forum)"'
2023-10-30 18:06:35.545 +01:00 [Information] Route matched with "{action = \"PostDetails\", controller = \"Post\", page = \"\", area = \"\"}". Executing controller action with signature "System.Threading.Tasks.Task`1[Microsoft.AspNetCore.Mvc.IActionResult] PostDetails(Int32)" on controller "Forum.Controllers.PostController" ("Forum").
2023-10-30 18:06:35.588 +01:00 [Information] Executing ViewResult, running view "PostDetails".
2023-10-30 18:06:35.755 +01:00 [Information] Executed ViewResult - view "PostDetails" executed in 166.0438ms.
2023-10-30 18:06:35.756 +01:00 [Information] Executed action "Forum.Controllers.PostController.PostDetails (Forum)" in 210.8129ms
2023-10-30 18:06:35.757 +01:00 [Information] Executed endpoint '"Forum.Controllers.PostController.PostDetails (Forum)"'
2023-10-30 18:06:35.769 +01:00 [Information] Request finished HTTP/2 GET https://localhost:7205/Post/PostDetails/2 - - - 200 - text/html;+charset=utf-8 281.6949ms
2023-10-30 18:06:35.769 +01:00 [Information] Request starting HTTP/2 GET https://localhost:7205/_vs/browserLink - -
2023-10-30 18:06:35.769 +01:00 [Information] Request starting HTTP/2 GET https://localhost:7205/_framework/aspnetcore-browser-refresh.js - -
2023-10-30 18:06:35.771 +01:00 [Information] Request finished HTTP/2 GET https://localhost:7205/_framework/aspnetcore-browser-refresh.js - - - 200 12342 application/javascript;+charset=utf-8 1.5397ms
2023-10-30 18:06:35.776 +01:00 [Information] Request finished HTTP/2 GET https://localhost:7205/_vs/browserLink - - - 200 - text/javascript;+charset=UTF-8 6.4024ms
2023-10-30 18:06:52.402 +01:00 [Information] Request starting HTTP/2 GET https://localhost:7205/_framework/aspnetcore-browser-refresh.js - -
2023-10-30 18:06:52.403 +01:00 [Information] Request finished HTTP/2 GET https://localhost:7205/_framework/aspnetcore-browser-refresh.js - - - 200 12342 application/javascript;+charset=utf-8 0.3556ms
2023-10-30 18:06:53.792 +01:00 [Information] Request starting HTTP/2 GET https://localhost:7205/Post/PostDetails/10 - -
2023-10-30 18:06:53.795 +01:00 [Information] Executing endpoint '"Forum.Controllers.PostController.PostDetails (Forum)"'
2023-10-30 18:06:53.795 +01:00 [Information] Route matched with "{action = \"PostDetails\", controller = \"Post\", page = \"\", area = \"\"}". Executing controller action with signature "System.Threading.Tasks.Task`1[Microsoft.AspNetCore.Mvc.IActionResult] PostDetails(Int32)" on controller "Forum.Controllers.PostController" ("Forum").
2023-10-30 18:06:53.801 +01:00 [Information] Executing ViewResult, running view "PostDetails".
2023-10-30 18:06:53.809 +01:00 [Information] Executed ViewResult - view "PostDetails" executed in 7.8682ms.
2023-10-30 18:06:53.809 +01:00 [Information] Executed action "Forum.Controllers.PostController.PostDetails (Forum)" in 13.8922ms
2023-10-30 18:06:53.809 +01:00 [Information] Executed endpoint '"Forum.Controllers.PostController.PostDetails (Forum)"'
2023-10-30 18:06:53.810 +01:00 [Information] Request finished HTTP/2 GET https://localhost:7205/Post/PostDetails/10 - - - 200 - text/html;+charset=utf-8 17.9217ms
2023-10-30 18:06:53.821 +01:00 [Information] Request starting HTTP/2 GET https://localhost:7205/_framework/aspnetcore-browser-refresh.js - -
2023-10-30 18:06:53.821 +01:00 [Information] Request starting HTTP/2 GET https://localhost:7205/_vs/browserLink - -
2023-10-30 18:06:53.821 +01:00 [Information] Request finished HTTP/2 GET https://localhost:7205/_framework/aspnetcore-browser-refresh.js - - - 200 12342 application/javascript;+charset=utf-8 0.3085ms
2023-10-30 18:06:53.823 +01:00 [Information] Request finished HTTP/2 GET https://localhost:7205/_vs/browserLink - - - 200 - text/javascript;+charset=UTF-8 2.0747ms
