2023-10-23 19:02:25.889 +02:00 [Information] User profile is available. Using '"C:\Users\abdik\AppData\Local\ASP.NET\DataProtection-Keys"' as key repository and Windows DPAPI to encrypt keys at rest.
2023-10-23 19:02:26.318 +02:00 [Information] Now listening on: "https://localhost:7205"
2023-10-23 19:02:26.318 +02:00 [Information] Now listening on: "http://localhost:5112"
2023-10-23 19:02:26.322 +02:00 [Information] Application started. Press Ctrl+C to shut down.
2023-10-23 19:02:26.322 +02:00 [Information] Hosting environment: "Development"
2023-10-23 19:02:26.323 +02:00 [Information] Content root path: "C:\Users\abdik\Source\Repos\Forum\MyShop\"
2023-10-23 19:02:26.827 +02:00 [Information] Request starting HTTP/2 GET https://localhost:7205/ - -
2023-10-23 19:02:26.864 +02:00 [Information] Executing endpoint '"Forum.Controllers.HomeController.Index (Forum)"'
2023-10-23 19:02:26.873 +02:00 [Information] Route matched with "{action = \"Index\", controller = \"Home\", page = \"\", area = \"\"}". Executing controller action with signature "Microsoft.AspNetCore.Mvc.IActionResult Index()" on controller "Forum.Controllers.HomeController" ("Forum").
2023-10-23 19:02:26.877 +02:00 [Information] Executing ViewResult, running view "Index".
2023-10-23 19:02:26.973 +02:00 [Information] Executed ViewResult - view "Index" executed in 95.1715ms.
2023-10-23 19:02:26.975 +02:00 [Information] Executed action "Forum.Controllers.HomeController.Index (Forum)" in 101.626ms
2023-10-23 19:02:26.975 +02:00 [Information] Executed endpoint '"Forum.Controllers.HomeController.Index (Forum)"'
2023-10-23 19:02:26.987 +02:00 [Information] Request finished HTTP/2 GET https://localhost:7205/ - - - 200 - text/html;+charset=utf-8 162.0163ms
2023-10-23 19:02:26.991 +02:00 [Information] Request starting HTTP/2 GET https://localhost:7205/_framework/aspnetcore-browser-refresh.js - -
2023-10-23 19:02:26.991 +02:00 [Information] Request starting HTTP/2 GET https://localhost:7205/css/style.css?v=e4w2mM_3co18eRXptiHitDorGUamcsgp-JS9noqSPA4 - -
2023-10-23 19:02:26.991 +02:00 [Information] Request starting HTTP/2 GET https://localhost:7205/style.css - -
2023-10-23 19:02:26.993 +02:00 [Information] Request finished HTTP/2 GET https://localhost:7205/_framework/aspnetcore-browser-refresh.js - - - 200 12342 application/javascript;+charset=utf-8 2.1763ms
2023-10-23 19:02:26.994 +02:00 [Information] Request finished HTTP/2 GET https://localhost:7205/style.css - - - 404 0 - 2.7794ms
2023-10-23 19:02:27.001 +02:00 [Information] The file "/css/style.css" was not modified
2023-10-23 19:02:27.001 +02:00 [Information] Request finished HTTP/2 GET https://localhost:7205/css/style.css?v=e4w2mM_3co18eRXptiHitDorGUamcsgp-JS9noqSPA4 - - - 304 - text/css 10.3366ms
2023-10-23 19:02:27.005 +02:00 [Information] Request starting HTTP/2 GET https://localhost:7205/_vs/browserLink - -
2023-10-23 19:02:27.011 +02:00 [Information] Request finished HTTP/2 GET https://localhost:7205/_vs/browserLink - - - 200 - text/javascript;+charset=UTF-8 6.9161ms
2023-10-23 19:02:36.015 +02:00 [Information] Request starting HTTP/2 GET https://localhost:7205/css/style.css?v=e4w2mM_3co18eRXptiHitDorGUamcsgp-JS9noqSPA4&__browserLink_refresh=5ab813c413bc4b1a8bccf571d7a315ae - -
2023-10-23 19:02:36.032 +02:00 [Information] Sending file. Request path: '"/css/style.css"'. Physical path: '"C:\Users\abdik\Source\Repos\Forum\MyShop\wwwroot\css\style.css"'
2023-10-23 19:02:36.032 +02:00 [Information] Request finished HTTP/2 GET https://localhost:7205/css/style.css?v=e4w2mM_3co18eRXptiHitDorGUamcsgp-JS9noqSPA4&__browserLink_refresh=5ab813c413bc4b1a8bccf571d7a315ae - - - 200 2758 text/css 16.6355ms
2023-10-23 19:02:36.106 +02:00 [Information] Request starting HTTP/2 GET https://localhost:7205/_framework/clear-browser-cache - -
2023-10-23 19:02:36.107 +02:00 [Information] Request finished HTTP/2 GET https://localhost:7205/_framework/clear-browser-cache - - - 200 0 - 0.8835ms
2023-10-23 19:02:36.341 +02:00 [Information] Request starting HTTP/2 GET https://localhost:7205/ - -
2023-10-23 19:02:36.343 +02:00 [Information] Executing endpoint '"Forum.Controllers.HomeController.Index (Forum)"'
2023-10-23 19:02:36.343 +02:00 [Information] Route matched with "{action = \"Index\", controller = \"Home\", page = \"\", area = \"\"}". Executing controller action with signature "Microsoft.AspNetCore.Mvc.IActionResult Index()" on controller "Forum.Controllers.HomeController" ("Forum").
2023-10-23 19:02:36.344 +02:00 [Information] Executing ViewResult, running view "Index".
2023-10-23 19:02:36.353 +02:00 [Information] Executed ViewResult - view "Index" executed in 9.3157ms.
2023-10-23 19:02:36.353 +02:00 [Information] Executed action "Forum.Controllers.HomeController.Index (Forum)" in 9.7035ms
2023-10-23 19:02:36.353 +02:00 [Information] Executed endpoint '"Forum.Controllers.HomeController.Index (Forum)"'
2023-10-23 19:02:36.354 +02:00 [Information] Request finished HTTP/2 GET https://localhost:7205/ - - - 200 - text/html;+charset=utf-8 13.2964ms
2023-10-23 19:02:36.367 +02:00 [Information] Request starting HTTP/2 GET https://localhost:7205/lib/bootstrap/css/crtstyle.css - -
2023-10-23 19:02:36.367 +02:00 [Information] Request starting HTTP/2 GET https://localhost:7205/lib/bootstrap/js/bootstrap.js - -
2023-10-23 19:02:36.367 +02:00 [Information] Sending file. Request path: '"/lib/bootstrap/css/crtstyle.css"'. Physical path: '"C:\Users\abdik\Source\Repos\Forum\MyShop\wwwroot\lib\bootstrap\css\crtStyle.css"'
2023-10-23 19:02:36.367 +02:00 [Information] Request finished HTTP/2 GET https://localhost:7205/lib/bootstrap/css/crtstyle.css - - - 200 1133 text/css 0.7385ms
2023-10-23 19:02:36.369 +02:00 [Information] Request starting HTTP/2 GET https://localhost:7205/lib/jquery/jquery.js - -
2023-10-23 19:02:36.369 +02:00 [Information] Request starting HTTP/2 GET https://localhost:7205/style.css - -
2023-10-23 19:02:36.369 +02:00 [Information] Request starting HTTP/2 GET https://localhost:7205/css/style.css?v=BtgpBE8E9z9QCKc5Ay29kvGqgacK8g-e1aFO2-Ljw48 - -
2023-10-23 19:02:36.370 +02:00 [Information] Request finished HTTP/2 GET https://localhost:7205/style.css - - - 404 0 - 0.4087ms
2023-10-23 19:02:36.370 +02:00 [Information] Request starting HTTP/2 GET https://localhost:7205/_framework/aspnetcore-browser-refresh.js - -
2023-10-23 19:02:36.371 +02:00 [Information] Request finished HTTP/2 GET https://localhost:7205/_framework/aspnetcore-browser-refresh.js - - - 200 12342 application/javascript;+charset=utf-8 0.4375ms
2023-10-23 19:02:36.371 +02:00 [Information] Sending file. Request path: '"/css/style.css"'. Physical path: '"C:\Users\abdik\Source\Repos\Forum\MyShop\wwwroot\css\style.css"'
2023-10-23 19:02:36.371 +02:00 [Information] Sending file. Request path: '"/lib/bootstrap/js/bootstrap.js"'. Physical path: '"C:\Users\abdik\Source\Repos\Forum\MyShop\wwwroot\lib\bootstrap\js\bootstrap.js"'
2023-10-23 19:02:36.371 +02:00 [Information] Request finished HTTP/2 GET https://localhost:7205/css/style.css?v=BtgpBE8E9z9QCKc5Ay29kvGqgacK8g-e1aFO2-Ljw48 - - - 200 2758 text/css 2.1495ms
2023-10-23 19:02:36.371 +02:00 [Information] Request finished HTTP/2 GET https://localhost:7205/lib/bootstrap/js/bootstrap.js - - - 200 153194 application/javascript 4.3249ms
2023-10-23 19:02:36.372 +02:00 [Information] Sending file. Request path: '"/lib/jquery/jquery.js"'. Physical path: '"C:\Users\abdik\Source\Repos\Forum\MyShop\wwwroot\lib\jquery\jquery.js"'
2023-10-23 19:02:36.372 +02:00 [Information] Request finished HTTP/2 GET https://localhost:7205/lib/jquery/jquery.js - - - 200 296030 application/javascript 3.8994ms
2023-10-23 19:02:36.379 +02:00 [Information] Request starting HTTP/2 GET https://localhost:7205/_vs/browserLink - -
2023-10-23 19:02:36.381 +02:00 [Information] Request finished HTTP/2 GET https://localhost:7205/_vs/browserLink - - - 200 - text/javascript;+charset=UTF-8 1.8165ms
2023-10-23 19:03:10.615 +02:00 [Information] Request starting HTTP/2 GET https://localhost:7205/Room/RoomTable - -
2023-10-23 19:03:10.616 +02:00 [Information] Executing endpoint '"Forum.Controllers.RoomController.RoomTable (Forum)"'
2023-10-23 19:03:10.619 +02:00 [Information] Route matched with "{action = \"RoomTable\", controller = \"Room\", page = \"\", area = \"\"}". Executing controller action with signature "System.Threading.Tasks.Task`1[Microsoft.AspNetCore.Mvc.IActionResult] RoomTable()" on controller "Forum.Controllers.RoomController" ("Forum").
2023-10-23 19:03:10.630 +02:00 [Information] Executing ViewResult, running view "RoomTable".
2023-10-23 19:03:10.639 +02:00 [Information] Executed ViewResult - view "RoomTable" executed in 10.0753ms.
2023-10-23 19:03:10.639 +02:00 [Information] Executed action "Forum.Controllers.RoomController.RoomTable (Forum)" in 20.5999ms
2023-10-23 19:03:10.639 +02:00 [Information] Executed endpoint '"Forum.Controllers.RoomController.RoomTable (Forum)"'
2023-10-23 19:03:10.640 +02:00 [Information] Request finished HTTP/2 GET https://localhost:7205/Room/RoomTable - - - 200 - text/html;+charset=utf-8 25.2319ms
2023-10-23 19:03:10.651 +02:00 [Information] Request starting HTTP/2 GET https://localhost:7205/Room/style.css - -
2023-10-23 19:03:10.651 +02:00 [Information] Request starting HTTP/2 GET https://localhost:7205/_framework/aspnetcore-browser-refresh.js - -
2023-10-23 19:03:10.651 +02:00 [Information] Request finished HTTP/2 GET https://localhost:7205/_framework/aspnetcore-browser-refresh.js - - - 200 12342 application/javascript;+charset=utf-8 0.2456ms
2023-10-23 19:03:10.652 +02:00 [Information] Request starting HTTP/2 GET https://localhost:7205/css/style.css?v=BtgpBE8E9z9QCKc5Ay29kvGqgacK8g-e1aFO2-Ljw48 - -
2023-10-23 19:03:10.652 +02:00 [Information] The file "/css/style.css" was not modified
2023-10-23 19:03:10.652 +02:00 [Information] Request finished HTTP/2 GET https://localhost:7205/css/style.css?v=BtgpBE8E9z9QCKc5Ay29kvGqgacK8g-e1aFO2-Ljw48 - - - 304 - text/css 0.2948ms
2023-10-23 19:03:10.653 +02:00 [Information] Request finished HTTP/2 GET https://localhost:7205/Room/style.css - - - 404 0 - 1.6582ms
2023-10-23 19:03:10.661 +02:00 [Information] Request starting HTTP/2 GET https://localhost:7205/_vs/browserLink - -
2023-10-23 19:03:10.664 +02:00 [Information] Request finished HTTP/2 GET https://localhost:7205/_vs/browserLink - - - 200 - text/javascript;+charset=UTF-8 2.5691ms
2023-10-23 19:03:12.878 +02:00 [Information] Request starting HTTP/2 GET https://localhost:7205/Topic/TopicTable - -
2023-10-23 19:03:12.880 +02:00 [Information] Executing endpoint '"Forum.Controllers.TopicController.TopicTable (Forum)"'
2023-10-23 19:03:12.882 +02:00 [Information] Route matched with "{action = \"TopicTable\", controller = \"Topic\", page = \"\", area = \"\"}". Executing controller action with signature "System.Threading.Tasks.Task`1[Microsoft.AspNetCore.Mvc.IActionResult] TopicTable()" on controller "Forum.Controllers.TopicController" ("Forum").
2023-10-23 19:03:12.888 +02:00 [Information] Executing ViewResult, running view "TopicTable".
2023-10-23 19:03:12.895 +02:00 [Information] Executed ViewResult - view "TopicTable" executed in 6.8913ms.
2023-10-23 19:03:12.895 +02:00 [Information] Executed action "Forum.Controllers.TopicController.TopicTable (Forum)" in 13.0094ms
2023-10-23 19:03:12.895 +02:00 [Information] Executed endpoint '"Forum.Controllers.TopicController.TopicTable (Forum)"'
2023-10-23 19:03:12.895 +02:00 [Information] Request finished HTTP/2 GET https://localhost:7205/Topic/TopicTable - - - 200 - text/html;+charset=utf-8 16.8378ms
2023-10-23 19:03:12.906 +02:00 [Information] Request starting HTTP/2 GET https://localhost:7205/Topic/style.css - -
2023-10-23 19:03:12.907 +02:00 [Information] Request finished HTTP/2 GET https://localhost:7205/Topic/style.css - - - 404 0 - 1.6175ms
2023-10-23 19:03:12.909 +02:00 [Information] Request starting HTTP/2 GET https://localhost:7205/_framework/aspnetcore-browser-refresh.js - -
2023-10-23 19:03:12.909 +02:00 [Information] Request starting HTTP/2 GET https://localhost:7205/_vs/browserLink - -
2023-10-23 19:03:12.909 +02:00 [Information] Request finished HTTP/2 GET https://localhost:7205/_framework/aspnetcore-browser-refresh.js - - - 200 12342 application/javascript;+charset=utf-8 0.1368ms
2023-10-23 19:03:12.911 +02:00 [Information] Request finished HTTP/2 GET https://localhost:7205/_vs/browserLink - - - 200 - text/javascript;+charset=UTF-8 1.7673ms
2023-10-23 19:13:22.902 +02:00 [Information] Request starting HTTP/2 GET https://localhost:7205/_framework/clear-browser-cache - -
2023-10-23 19:13:22.903 +02:00 [Information] Request finished HTTP/2 GET https://localhost:7205/_framework/clear-browser-cache - - - 200 0 - 0.1658ms
2023-10-23 19:13:22.947 +02:00 [Information] Request starting HTTP/2 GET https://localhost:7205/Topic/TopicTable - -
2023-10-23 19:13:22.947 +02:00 [Information] Executing endpoint '"Forum.Controllers.TopicController.TopicTable (Forum)"'
2023-10-23 19:13:22.947 +02:00 [Information] Route matched with "{action = \"TopicTable\", controller = \"Topic\", page = \"\", area = \"\"}". Executing controller action with signature "System.Threading.Tasks.Task`1[Microsoft.AspNetCore.Mvc.IActionResult] TopicTable()" on controller "Forum.Controllers.TopicController" ("Forum").
2023-10-23 19:13:22.952 +02:00 [Information] Executing ViewResult, running view "TopicTable".
2023-10-23 19:13:22.955 +02:00 [Information] Executed ViewResult - view "TopicTable" executed in 2.9286ms.
2023-10-23 19:13:22.955 +02:00 [Information] Executed action "Forum.Controllers.TopicController.TopicTable (Forum)" in 7.3634ms
2023-10-23 19:13:22.955 +02:00 [Information] Executed endpoint '"Forum.Controllers.TopicController.TopicTable (Forum)"'
2023-10-23 19:13:22.955 +02:00 [Information] Request finished HTTP/2 GET https://localhost:7205/Topic/TopicTable - - - 200 - text/html;+charset=utf-8 8.9152ms
2023-10-23 19:13:22.963 +02:00 [Information] Request starting HTTP/2 GET https://localhost:7205/lib/bootstrap/css/crtstyle.css - -
2023-10-23 19:13:22.963 +02:00 [Information] Sending file. Request path: '"/lib/bootstrap/css/crtstyle.css"'. Physical path: '"C:\Users\abdik\Source\Repos\Forum\MyShop\wwwroot\lib\bootstrap\css\crtStyle.css"'
2023-10-23 19:13:22.963 +02:00 [Information] Request finished HTTP/2 GET https://localhost:7205/lib/bootstrap/css/crtstyle.css - - - 200 1133 text/css 0.6911ms
2023-10-23 19:13:22.991 +02:00 [Information] Request starting HTTP/2 GET https://localhost:7205/css/style.css?v=mjKqnRDH0l1HMgoNUKwahFto9r-beUV00KWrTpos_Sg - -
2023-10-23 19:13:22.992 +02:00 [Information] Sending file. Request path: '"/css/style.css"'. Physical path: '"C:\Users\abdik\Source\Repos\Forum\MyShop\wwwroot\css\style.css"'
2023-10-23 19:13:22.992 +02:00 [Information] Request finished HTTP/2 GET https://localhost:7205/css/style.css?v=mjKqnRDH0l1HMgoNUKwahFto9r-beUV00KWrTpos_Sg - - - 200 2862 text/css 0.5427ms
2023-10-23 19:13:22.993 +02:00 [Information] Request starting HTTP/2 GET https://localhost:7205/Topic/style.css - -
2023-10-23 19:13:22.993 +02:00 [Information] Request finished HTTP/2 GET https://localhost:7205/Topic/style.css - - - 404 0 - 0.2961ms
2023-10-23 19:13:22.995 +02:00 [Information] Request starting HTTP/2 GET https://localhost:7205/lib/bootstrap/js/bootstrap.js - -
2023-10-23 19:13:22.996 +02:00 [Information] Sending file. Request path: '"/lib/bootstrap/js/bootstrap.js"'. Physical path: '"C:\Users\abdik\Source\Repos\Forum\MyShop\wwwroot\lib\bootstrap\js\bootstrap.js"'
2023-10-23 19:13:22.996 +02:00 [Information] Request finished HTTP/2 GET https://localhost:7205/lib/bootstrap/js/bootstrap.js - - - 200 153194 application/javascript 0.6820ms
2023-10-23 19:13:22.996 +02:00 [Information] Request starting HTTP/2 GET https://localhost:7205/lib/jquery/jquery.js - -
2023-10-23 19:13:22.997 +02:00 [Information] Sending file. Request path: '"/lib/jquery/jquery.js"'. Physical path: '"C:\Users\abdik\Source\Repos\Forum\MyShop\wwwroot\lib\jquery\jquery.js"'
2023-10-23 19:13:22.997 +02:00 [Information] Request finished HTTP/2 GET https://localhost:7205/lib/jquery/jquery.js - - - 200 296030 application/javascript 0.9460ms
2023-10-23 19:13:23.000 +02:00 [Information] Request starting HTTP/2 GET https://localhost:7205/_framework/aspnetcore-browser-refresh.js - -
2023-10-23 19:13:23.000 +02:00 [Information] Request finished HTTP/2 GET https://localhost:7205/_framework/aspnetcore-browser-refresh.js - - - 200 12342 application/javascript;+charset=utf-8 0.2363ms
2023-10-23 19:13:23.003 +02:00 [Information] Request starting HTTP/2 GET https://localhost:7205/_vs/browserLink - -
2023-10-23 19:13:23.005 +02:00 [Information] Request finished HTTP/2 GET https://localhost:7205/_vs/browserLink - - - 200 - text/javascript;+charset=UTF-8 1.7123ms
2023-10-23 19:13:31.367 +02:00 [Information] Request starting HTTP/2 GET https://localhost:7205/_framework/clear-browser-cache - -
2023-10-23 19:13:31.367 +02:00 [Information] Request finished HTTP/2 GET https://localhost:7205/_framework/clear-browser-cache - - - 200 0 - 0.1445ms
2023-10-23 19:13:31.426 +02:00 [Information] Request starting HTTP/2 GET https://localhost:7205/Topic/TopicTable - -
2023-10-23 19:13:31.426 +02:00 [Information] Executing endpoint '"Forum.Controllers.TopicController.TopicTable (Forum)"'
2023-10-23 19:13:31.426 +02:00 [Information] Route matched with "{action = \"TopicTable\", controller = \"Topic\", page = \"\", area = \"\"}". Executing controller action with signature "System.Threading.Tasks.Task`1[Microsoft.AspNetCore.Mvc.IActionResult] TopicTable()" on controller "Forum.Controllers.TopicController" ("Forum").
2023-10-23 19:13:31.428 +02:00 [Information] Executing ViewResult, running view "TopicTable".
2023-10-23 19:13:31.441 +02:00 [Information] Executed ViewResult - view "TopicTable" executed in 13.2487ms.
2023-10-23 19:13:31.441 +02:00 [Information] Executed action "Forum.Controllers.TopicController.TopicTable (Forum)" in 14.6584ms
2023-10-23 19:13:31.441 +02:00 [Information] Executed endpoint '"Forum.Controllers.TopicController.TopicTable (Forum)"'
2023-10-23 19:13:31.442 +02:00 [Information] Request finished HTTP/2 GET https://localhost:7205/Topic/TopicTable - - - 200 - text/html;+charset=utf-8 16.0987ms
2023-10-23 19:13:31.455 +02:00 [Information] Request starting HTTP/2 GET https://localhost:7205/lib/bootstrap/css/crtstyle.css - -
2023-10-23 19:13:31.456 +02:00 [Information] Sending file. Request path: '"/lib/bootstrap/css/crtstyle.css"'. Physical path: '"C:\Users\abdik\Source\Repos\Forum\MyShop\wwwroot\lib\bootstrap\css\crtStyle.css"'
2023-10-23 19:13:31.456 +02:00 [Information] Request finished HTTP/2 GET https://localhost:7205/lib/bootstrap/css/crtstyle.css - - - 200 1133 text/css 0.4878ms
2023-10-23 19:13:31.456 +02:00 [Information] Request starting HTTP/2 GET https://localhost:7205/lib/bootstrap/js/bootstrap.js - -
2023-10-23 19:13:31.456 +02:00 [Information] Request starting HTTP/2 GET https://localhost:7205/lib/jquery/jquery.js - -
2023-10-23 19:13:31.457 +02:00 [Information] Request starting HTTP/2 GET https://localhost:7205/css/style.css?v=8eTcKCQe5WwtmJ3UCXzUYk1FYODY5onhjjFWCRNYLnw - -
2023-10-23 19:13:31.457 +02:00 [Information] Request starting HTTP/2 GET https://localhost:7205/Topic/style.css - -
2023-10-23 19:13:31.458 +02:00 [Information] Request starting HTTP/2 GET https://localhost:7205/_framework/aspnetcore-browser-refresh.js - -
2023-10-23 19:13:31.458 +02:00 [Information] Request finished HTTP/2 GET https://localhost:7205/Topic/style.css - - - 404 0 - 0.4105ms
2023-10-23 19:13:31.458 +02:00 [Information] Sending file. Request path: '"/css/style.css"'. Physical path: '"C:\Users\abdik\Source\Repos\Forum\MyShop\wwwroot\css\style.css"'
2023-10-23 19:13:31.458 +02:00 [Information] Sending file. Request path: '"/lib/bootstrap/js/bootstrap.js"'. Physical path: '"C:\Users\abdik\Source\Repos\Forum\MyShop\wwwroot\lib\bootstrap\js\bootstrap.js"'
2023-10-23 19:13:31.458 +02:00 [Information] Request finished HTTP/2 GET https://localhost:7205/css/style.css?v=8eTcKCQe5WwtmJ3UCXzUYk1FYODY5onhjjFWCRNYLnw - - - 200 2861 text/css 0.9251ms
2023-10-23 19:13:31.458 +02:00 [Information] Request finished HTTP/2 GET https://localhost:7205/_framework/aspnetcore-browser-refresh.js - - - 200 12342 application/javascript;+charset=utf-8 0.4043ms
2023-10-23 19:13:31.458 +02:00 [Information] Request finished HTTP/2 GET https://localhost:7205/lib/bootstrap/js/bootstrap.js - - - 200 153194 application/javascript 1.7366ms
2023-10-23 19:13:31.458 +02:00 [Information] Sending file. Request path: '"/lib/jquery/jquery.js"'. Physical path: '"C:\Users\abdik\Source\Repos\Forum\MyShop\wwwroot\lib\jquery\jquery.js"'
2023-10-23 19:13:31.458 +02:00 [Information] Request finished HTTP/2 GET https://localhost:7205/lib/jquery/jquery.js - - - 200 296030 application/javascript 2.1155ms
2023-10-23 19:13:31.468 +02:00 [Information] Request starting HTTP/2 GET https://localhost:7205/_vs/browserLink - -
2023-10-23 19:13:31.470 +02:00 [Information] Request finished HTTP/2 GET https://localhost:7205/_vs/browserLink - - - 200 - text/javascript;+charset=UTF-8 1.7712ms
2023-10-23 19:13:34.696 +02:00 [Information] Request starting HTTP/2 GET https://localhost:7205/ - -
2023-10-23 19:13:34.697 +02:00 [Information] Executing endpoint '"Forum.Controllers.HomeController.Index (Forum)"'
2023-10-23 19:13:34.697 +02:00 [Information] Route matched with "{action = \"Index\", controller = \"Home\", page = \"\", area = \"\"}". Executing controller action with signature "Microsoft.AspNetCore.Mvc.IActionResult Index()" on controller "Forum.Controllers.HomeController" ("Forum").
2023-10-23 19:13:34.698 +02:00 [Information] Executing ViewResult, running view "Index".
2023-10-23 19:13:34.701 +02:00 [Information] Executed ViewResult - view "Index" executed in 3.4025ms.
2023-10-23 19:13:34.701 +02:00 [Information] Executed action "Forum.Controllers.HomeController.Index (Forum)" in 3.5401ms
2023-10-23 19:13:34.701 +02:00 [Information] Executed endpoint '"Forum.Controllers.HomeController.Index (Forum)"'
2023-10-23 19:13:34.702 +02:00 [Information] Request finished HTTP/2 GET https://localhost:7205/ - - - 200 - text/html;+charset=utf-8 5.5692ms
2023-10-23 19:13:34.711 +02:00 [Information] Request starting HTTP/2 GET https://localhost:7205/style.css - -
2023-10-23 19:13:34.711 +02:00 [Information] Request starting HTTP/2 GET https://localhost:7205/css/style.css?v=8eTcKCQe5WwtmJ3UCXzUYk1FYODY5onhjjFWCRNYLnw - -
2023-10-23 19:13:34.711 +02:00 [Information] The file "/css/style.css" was not modified
2023-10-23 19:13:34.711 +02:00 [Information] Request finished HTTP/2 GET https://localhost:7205/css/style.css?v=8eTcKCQe5WwtmJ3UCXzUYk1FYODY5onhjjFWCRNYLnw - - - 304 - text/css 0.5249ms
2023-10-23 19:13:34.711 +02:00 [Information] Request finished HTTP/2 GET https://localhost:7205/style.css - - - 404 0 - 0.7313ms
2023-10-23 19:13:34.712 +02:00 [Information] Request starting HTTP/2 GET https://localhost:7205/_framework/aspnetcore-browser-refresh.js - -
2023-10-23 19:13:34.712 +02:00 [Information] Request finished HTTP/2 GET https://localhost:7205/_framework/aspnetcore-browser-refresh.js - - - 200 12342 application/javascript;+charset=utf-8 0.1627ms
2023-10-23 19:13:34.726 +02:00 [Information] Request starting HTTP/2 GET https://localhost:7205/_vs/browserLink - -
2023-10-23 19:13:34.728 +02:00 [Information] Request finished HTTP/2 GET https://localhost:7205/_vs/browserLink - - - 200 - text/javascript;+charset=UTF-8 1.8515ms
2023-10-23 19:15:01.352 +02:00 [Information] Request starting HTTP/2 GET https://localhost:7205/_framework/clear-browser-cache - -
2023-10-23 19:15:01.353 +02:00 [Information] Request finished HTTP/2 GET https://localhost:7205/_framework/clear-browser-cache - - - 200 0 - 0.1200ms
2023-10-23 19:15:01.614 +02:00 [Information] Request starting HTTP/2 GET https://localhost:7205/ - -
2023-10-23 19:15:01.614 +02:00 [Information] Executing endpoint '"Forum.Controllers.HomeController.Index (Forum)"'
2023-10-23 19:15:01.615 +02:00 [Information] Route matched with "{action = \"Index\", controller = \"Home\", page = \"\", area = \"\"}". Executing controller action with signature "Microsoft.AspNetCore.Mvc.IActionResult Index()" on controller "Forum.Controllers.HomeController" ("Forum").
2023-10-23 19:15:01.615 +02:00 [Information] Executing ViewResult, running view "Index".
2023-10-23 19:15:01.618 +02:00 [Information] Executed ViewResult - view "Index" executed in 3.0073ms.
2023-10-23 19:15:01.618 +02:00 [Information] Executed action "Forum.Controllers.HomeController.Index (Forum)" in 3.1658ms
2023-10-23 19:15:01.618 +02:00 [Information] Executed endpoint '"Forum.Controllers.HomeController.Index (Forum)"'
2023-10-23 19:15:01.619 +02:00 [Information] Request finished HTTP/2 GET https://localhost:7205/ - - - 200 - text/html;+charset=utf-8 4.8328ms
2023-10-23 19:15:01.629 +02:00 [Information] Request starting HTTP/2 GET https://localhost:7205/lib/bootstrap/css/crtstyle.css - -
2023-10-23 19:15:01.629 +02:00 [Information] Sending file. Request path: '"/lib/bootstrap/css/crtstyle.css"'. Physical path: '"C:\Users\abdik\Source\Repos\Forum\MyShop\wwwroot\lib\bootstrap\css\crtStyle.css"'
2023-10-23 19:15:01.629 +02:00 [Information] Request finished HTTP/2 GET https://localhost:7205/lib/bootstrap/css/crtstyle.css - - - 200 1133 text/css 0.5754ms
2023-10-23 19:15:01.637 +02:00 [Information] Request starting HTTP/2 GET https://localhost:7205/css/style.css?v=jrs0ecwpnP784P-3DgKqzH4ZLLPXYGb8ARPuNEOrfE0 - -
2023-10-23 19:15:01.637 +02:00 [Information] Sending file. Request path: '"/css/style.css"'. Physical path: '"C:\Users\abdik\Source\Repos\Forum\MyShop\wwwroot\css\style.css"'
2023-10-23 19:15:01.637 +02:00 [Information] Request finished HTTP/2 GET https://localhost:7205/css/style.css?v=jrs0ecwpnP784P-3DgKqzH4ZLLPXYGb8ARPuNEOrfE0 - - - 200 2869 text/css 0.6061ms
2023-10-23 19:15:01.639 +02:00 [Information] Request starting HTTP/2 GET https://localhost:7205/style.css - -
2023-10-23 19:15:01.639 +02:00 [Information] Request finished HTTP/2 GET https://localhost:7205/style.css - - - 404 0 - 0.5295ms
2023-10-23 19:15:01.643 +02:00 [Information] Request starting HTTP/2 GET https://localhost:7205/lib/bootstrap/js/bootstrap.js - -
2023-10-23 19:15:01.643 +02:00 [Information] Request starting HTTP/2 GET https://localhost:7205/lib/jquery/jquery.js - -
2023-10-23 19:15:01.643 +02:00 [Information] Sending file. Request path: '"/lib/bootstrap/js/bootstrap.js"'. Physical path: '"C:\Users\abdik\Source\Repos\Forum\MyShop\wwwroot\lib\bootstrap\js\bootstrap.js"'
2023-10-23 19:15:01.643 +02:00 [Information] Request finished HTTP/2 GET https://localhost:7205/lib/bootstrap/js/bootstrap.js - - - 200 153194 application/javascript 0.7751ms
2023-10-23 19:15:01.644 +02:00 [Information] Sending file. Request path: '"/lib/jquery/jquery.js"'. Physical path: '"C:\Users\abdik\Source\Repos\Forum\MyShop\wwwroot\lib\jquery\jquery.js"'
2023-10-23 19:15:01.644 +02:00 [Information] Request finished HTTP/2 GET https://localhost:7205/lib/jquery/jquery.js - - - 200 296030 application/javascript 0.9674ms
2023-10-23 19:15:01.647 +02:00 [Information] Request starting HTTP/2 GET https://localhost:7205/_framework/aspnetcore-browser-refresh.js - -
2023-10-23 19:15:01.647 +02:00 [Information] Request finished HTTP/2 GET https://localhost:7205/_framework/aspnetcore-browser-refresh.js - - - 200 12342 application/javascript;+charset=utf-8 0.1149ms
2023-10-23 19:15:01.649 +02:00 [Information] Request starting HTTP/2 GET https://localhost:7205/_vs/browserLink - -
2023-10-23 19:15:01.651 +02:00 [Information] Request finished HTTP/2 GET https://localhost:7205/_vs/browserLink - - - 200 - text/javascript;+charset=UTF-8 1.7837ms
2023-10-23 19:15:06.303 +02:00 [Information] Request starting HTTP/2 GET https://localhost:7205/Category/CategoryTable - -
2023-10-23 19:15:06.304 +02:00 [Information] Executing endpoint '"Forum.Controllers.CategoryController.CategoryTable (Forum)"'
2023-10-23 19:15:06.306 +02:00 [Information] Route matched with "{action = \"CategoryTable\", controller = \"Category\", page = \"\", area = \"\"}". Executing controller action with signature "System.Threading.Tasks.Task`1[Microsoft.AspNetCore.Mvc.IActionResult] CategoryTable()" on controller "Forum.Controllers.CategoryController" ("Forum").
2023-10-23 19:15:06.312 +02:00 [Information] Executing ViewResult, running view "CategoryTable".
2023-10-23 19:15:06.319 +02:00 [Information] Executed ViewResult - view "CategoryTable" executed in 7.2369ms.
2023-10-23 19:15:06.319 +02:00 [Information] Executed action "Forum.Controllers.CategoryController.CategoryTable (Forum)" in 13.2413ms
2023-10-23 19:15:06.319 +02:00 [Information] Executed endpoint '"Forum.Controllers.CategoryController.CategoryTable (Forum)"'
2023-10-23 19:15:06.320 +02:00 [Information] Request finished HTTP/2 GET https://localhost:7205/Category/CategoryTable - - - 200 - text/html;+charset=utf-8 16.6248ms
2023-10-23 19:15:06.334 +02:00 [Information] Request starting HTTP/2 GET https://localhost:7205/css/style.css?v=jrs0ecwpnP784P-3DgKqzH4ZLLPXYGb8ARPuNEOrfE0 - -
2023-10-23 19:15:06.335 +02:00 [Information] The file "/css/style.css" was not modified
2023-10-23 19:15:06.335 +02:00 [Information] Request finished HTTP/2 GET https://localhost:7205/css/style.css?v=jrs0ecwpnP784P-3DgKqzH4ZLLPXYGb8ARPuNEOrfE0 - - - 304 - text/css 0.3491ms
2023-10-23 19:15:06.335 +02:00 [Information] Request starting HTTP/2 GET https://localhost:7205/Category/style.css - -
2023-10-23 19:15:06.335 +02:00 [Information] Request starting HTTP/2 GET https://localhost:7205/_framework/aspnetcore-browser-refresh.js - -
2023-10-23 19:15:06.335 +02:00 [Information] Request finished HTTP/2 GET https://localhost:7205/_framework/aspnetcore-browser-refresh.js - - - 200 12342 application/javascript;+charset=utf-8 0.1388ms
2023-10-23 19:15:06.337 +02:00 [Information] Request finished HTTP/2 GET https://localhost:7205/Category/style.css - - - 404 0 - 1.8613ms
2023-10-23 19:15:06.345 +02:00 [Information] Request starting HTTP/2 GET https://localhost:7205/_vs/browserLink - -
2023-10-23 19:15:06.347 +02:00 [Information] Request finished HTTP/2 GET https://localhost:7205/_vs/browserLink - - - 200 - text/javascript;+charset=UTF-8 1.5669ms
2023-10-23 19:15:08.491 +02:00 [Information] Request starting HTTP/2 GET https://localhost:7205/Room/RoomTable - -
2023-10-23 19:15:08.492 +02:00 [Information] Executing endpoint '"Forum.Controllers.RoomController.RoomTable (Forum)"'
2023-10-23 19:15:08.492 +02:00 [Information] Route matched with "{action = \"RoomTable\", controller = \"Room\", page = \"\", area = \"\"}". Executing controller action with signature "System.Threading.Tasks.Task`1[Microsoft.AspNetCore.Mvc.IActionResult] RoomTable()" on controller "Forum.Controllers.RoomController" ("Forum").
2023-10-23 19:15:08.494 +02:00 [Information] Executing ViewResult, running view "RoomTable".
2023-10-23 19:15:08.496 +02:00 [Information] Executed ViewResult - view "RoomTable" executed in 2.0108ms.
2023-10-23 19:15:08.497 +02:00 [Information] Executed action "Forum.Controllers.RoomController.RoomTable (Forum)" in 4.2366ms
2023-10-23 19:15:08.497 +02:00 [Information] Executed endpoint '"Forum.Controllers.RoomController.RoomTable (Forum)"'
2023-10-23 19:15:08.497 +02:00 [Information] Request finished HTTP/2 GET https://localhost:7205/Room/RoomTable - - - 200 - text/html;+charset=utf-8 6.1006ms
2023-10-23 19:15:08.507 +02:00 [Information] Request starting HTTP/2 GET https://localhost:7205/css/style.css?v=jrs0ecwpnP784P-3DgKqzH4ZLLPXYGb8ARPuNEOrfE0 - -
2023-10-23 19:15:08.508 +02:00 [Information] The file "/css/style.css" was not modified
2023-10-23 19:15:08.508 +02:00 [Information] Request finished HTTP/2 GET https://localhost:7205/css/style.css?v=jrs0ecwpnP784P-3DgKqzH4ZLLPXYGb8ARPuNEOrfE0 - - - 304 - text/css 0.4364ms
2023-10-23 19:15:08.509 +02:00 [Information] Request starting HTTP/2 GET https://localhost:7205/Room/style.css - -
2023-10-23 19:15:08.509 +02:00 [Information] Request starting HTTP/2 GET https://localhost:7205/_framework/aspnetcore-browser-refresh.js - -
2023-10-23 19:15:08.509 +02:00 [Information] Request finished HTTP/2 GET https://localhost:7205/_framework/aspnetcore-browser-refresh.js - - - 200 12342 application/javascript;+charset=utf-8 0.1432ms
2023-10-23 19:15:08.509 +02:00 [Information] Request finished HTTP/2 GET https://localhost:7205/Room/style.css - - - 404 0 - 0.3176ms
2023-10-23 19:15:08.516 +02:00 [Information] Request starting HTTP/2 GET https://localhost:7205/_vs/browserLink - -
2023-10-23 19:15:08.517 +02:00 [Information] Request finished HTTP/2 GET https://localhost:7205/_vs/browserLink - - - 200 - text/javascript;+charset=UTF-8 1.6433ms
2023-10-23 19:15:09.486 +02:00 [Information] Request starting HTTP/2 GET https://localhost:7205/Topic/TopicTable - -
2023-10-23 19:15:09.487 +02:00 [Information] Executing endpoint '"Forum.Controllers.TopicController.TopicTable (Forum)"'
2023-10-23 19:15:09.487 +02:00 [Information] Route matched with "{action = \"TopicTable\", controller = \"Topic\", page = \"\", area = \"\"}". Executing controller action with signature "System.Threading.Tasks.Task`1[Microsoft.AspNetCore.Mvc.IActionResult] TopicTable()" on controller "Forum.Controllers.TopicController" ("Forum").
2023-10-23 19:15:09.488 +02:00 [Information] Executing ViewResult, running view "TopicTable".
2023-10-23 19:15:09.490 +02:00 [Information] Executed ViewResult - view "TopicTable" executed in 1.7497ms.
2023-10-23 19:15:09.490 +02:00 [Information] Executed action "Forum.Controllers.TopicController.TopicTable (Forum)" in 3.0468ms
2023-10-23 19:15:09.490 +02:00 [Information] Executed endpoint '"Forum.Controllers.TopicController.TopicTable (Forum)"'
2023-10-23 19:15:09.491 +02:00 [Information] Request finished HTTP/2 GET https://localhost:7205/Topic/TopicTable - - - 200 - text/html;+charset=utf-8 4.4858ms
2023-10-23 19:15:09.503 +02:00 [Information] Request starting HTTP/2 GET https://localhost:7205/css/style.css?v=jrs0ecwpnP784P-3DgKqzH4ZLLPXYGb8ARPuNEOrfE0 - -
2023-10-23 19:15:09.503 +02:00 [Information] The file "/css/style.css" was not modified
2023-10-23 19:15:09.503 +02:00 [Information] Request finished HTTP/2 GET https://localhost:7205/css/style.css?v=jrs0ecwpnP784P-3DgKqzH4ZLLPXYGb8ARPuNEOrfE0 - - - 304 - text/css 0.3091ms
2023-10-23 19:15:09.504 +02:00 [Information] Request starting HTTP/2 GET https://localhost:7205/Topic/style.css - -
2023-10-23 19:15:09.504 +02:00 [Information] Request starting HTTP/2 GET https://localhost:7205/_framework/aspnetcore-browser-refresh.js - -
2023-10-23 19:15:09.504 +02:00 [Information] Request finished HTTP/2 GET https://localhost:7205/_framework/aspnetcore-browser-refresh.js - - - 200 12342 application/javascript;+charset=utf-8 0.1278ms
2023-10-23 19:15:09.504 +02:00 [Information] Request finished HTTP/2 GET https://localhost:7205/Topic/style.css - - - 404 0 - 0.3172ms
2023-10-23 19:15:09.510 +02:00 [Information] Request starting HTTP/2 GET https://localhost:7205/_vs/browserLink - -
2023-10-23 19:15:09.513 +02:00 [Information] Request finished HTTP/2 GET https://localhost:7205/_vs/browserLink - - - 200 - text/javascript;+charset=UTF-8 2.2630ms
2023-10-23 19:15:10.875 +02:00 [Information] Request starting HTTP/2 GET https://localhost:7205/ - -
2023-10-23 19:15:10.876 +02:00 [Information] Executing endpoint '"Forum.Controllers.HomeController.Index (Forum)"'
2023-10-23 19:15:10.876 +02:00 [Information] Route matched with "{action = \"Index\", controller = \"Home\", page = \"\", area = \"\"}". Executing controller action with signature "Microsoft.AspNetCore.Mvc.IActionResult Index()" on controller "Forum.Controllers.HomeController" ("Forum").
2023-10-23 19:15:10.876 +02:00 [Information] Executing ViewResult, running view "Index".
2023-10-23 19:15:10.878 +02:00 [Information] Executed ViewResult - view "Index" executed in 2.4736ms.
2023-10-23 19:15:10.878 +02:00 [Information] Executed action "Forum.Controllers.HomeController.Index (Forum)" in 2.5955ms
2023-10-23 19:15:10.878 +02:00 [Information] Executed endpoint '"Forum.Controllers.HomeController.Index (Forum)"'
2023-10-23 19:15:10.879 +02:00 [Information] Request finished HTTP/2 GET https://localhost:7205/ - - - 200 - text/html;+charset=utf-8 4.0990ms
2023-10-23 19:15:10.889 +02:00 [Information] Request starting HTTP/2 GET https://localhost:7205/css/style.css?v=jrs0ecwpnP784P-3DgKqzH4ZLLPXYGb8ARPuNEOrfE0 - -
2023-10-23 19:15:10.889 +02:00 [Information] The file "/css/style.css" was not modified
2023-10-23 19:15:10.889 +02:00 [Information] Request finished HTTP/2 GET https://localhost:7205/css/style.css?v=jrs0ecwpnP784P-3DgKqzH4ZLLPXYGb8ARPuNEOrfE0 - - - 304 - text/css 0.3115ms
2023-10-23 19:15:10.890 +02:00 [Information] Request starting HTTP/2 GET https://localhost:7205/_framework/aspnetcore-browser-refresh.js - -
2023-10-23 19:15:10.890 +02:00 [Information] Request finished HTTP/2 GET https://localhost:7205/_framework/aspnetcore-browser-refresh.js - - - 200 12342 application/javascript;+charset=utf-8 0.1809ms
2023-10-23 19:15:10.891 +02:00 [Information] Request starting HTTP/2 GET https://localhost:7205/style.css - -
2023-10-23 19:15:10.892 +02:00 [Information] Request finished HTTP/2 GET https://localhost:7205/style.css - - - 404 0 - 0.4410ms
2023-10-23 19:15:10.899 +02:00 [Information] Request starting HTTP/2 GET https://localhost:7205/_vs/browserLink - -
2023-10-23 19:15:10.902 +02:00 [Information] Request finished HTTP/2 GET https://localhost:7205/_vs/browserLink - - - 200 - text/javascript;+charset=UTF-8 2.5569ms
2023-10-23 19:15:17.369 +02:00 [Information] Request starting HTTP/2 GET https://localhost:7205/ - -
2023-10-23 19:15:17.370 +02:00 [Information] Executing endpoint '"Forum.Controllers.HomeController.Index (Forum)"'
2023-10-23 19:15:17.370 +02:00 [Information] Route matched with "{action = \"Index\", controller = \"Home\", page = \"\", area = \"\"}". Executing controller action with signature "Microsoft.AspNetCore.Mvc.IActionResult Index()" on controller "Forum.Controllers.HomeController" ("Forum").
2023-10-23 19:15:17.370 +02:00 [Information] Executing ViewResult, running view "Index".
2023-10-23 19:15:17.373 +02:00 [Information] Executed ViewResult - view "Index" executed in 3.3857ms.
2023-10-23 19:15:17.373 +02:00 [Information] Executed action "Forum.Controllers.HomeController.Index (Forum)" in 3.5174ms
2023-10-23 19:15:17.373 +02:00 [Information] Executed endpoint '"Forum.Controllers.HomeController.Index (Forum)"'
2023-10-23 19:15:17.374 +02:00 [Information] Request finished HTTP/2 GET https://localhost:7205/ - - - 200 - text/html;+charset=utf-8 5.1661ms
2023-10-23 19:15:17.389 +02:00 [Information] Request starting HTTP/2 GET https://localhost:7205/_framework/aspnetcore-browser-refresh.js - -
2023-10-23 19:15:17.389 +02:00 [Information] Request finished HTTP/2 GET https://localhost:7205/_framework/aspnetcore-browser-refresh.js - - - 200 12342 application/javascript;+charset=utf-8 0.1751ms
2023-10-23 19:15:17.389 +02:00 [Information] Request starting HTTP/2 GET https://localhost:7205/css/style.css?v=jrs0ecwpnP784P-3DgKqzH4ZLLPXYGb8ARPuNEOrfE0 - -
2023-10-23 19:15:17.389 +02:00 [Information] Request starting HTTP/2 GET https://localhost:7205/style.css - -
2023-10-23 19:15:17.389 +02:00 [Information] The file "/css/style.css" was not modified
2023-10-23 19:15:17.389 +02:00 [Information] Request finished HTTP/2 GET https://localhost:7205/css/style.css?v=jrs0ecwpnP784P-3DgKqzH4ZLLPXYGb8ARPuNEOrfE0 - - - 304 - text/css 0.3247ms
2023-10-23 19:15:17.390 +02:00 [Information] Request finished HTTP/2 GET https://localhost:7205/style.css - - - 404 0 - 0.3448ms
2023-10-23 19:15:17.400 +02:00 [Information] Request starting HTTP/2 GET https://localhost:7205/_vs/browserLink - -
2023-10-23 19:15:17.402 +02:00 [Information] Request finished HTTP/2 GET https://localhost:7205/_vs/browserLink - - - 200 - text/javascript;+charset=UTF-8 2.4925ms
2023-10-23 19:15:19.533 +02:00 [Information] Request starting HTTP/2 GET https://localhost:7205/Room/RoomTable - -
2023-10-23 19:15:19.534 +02:00 [Information] Executing endpoint '"Forum.Controllers.RoomController.RoomTable (Forum)"'
2023-10-23 19:15:19.534 +02:00 [Information] Route matched with "{action = \"RoomTable\", controller = \"Room\", page = \"\", area = \"\"}". Executing controller action with signature "System.Threading.Tasks.Task`1[Microsoft.AspNetCore.Mvc.IActionResult] RoomTable()" on controller "Forum.Controllers.RoomController" ("Forum").
2023-10-23 19:15:19.536 +02:00 [Information] Executing ViewResult, running view "RoomTable".
2023-10-23 19:15:19.538 +02:00 [Information] Executed ViewResult - view "RoomTable" executed in 2.28ms.
2023-10-23 19:15:19.538 +02:00 [Information] Executed action "Forum.Controllers.RoomController.RoomTable (Forum)" in 4.1326ms
2023-10-23 19:15:19.538 +02:00 [Information] Executed endpoint '"Forum.Controllers.RoomController.RoomTable (Forum)"'
2023-10-23 19:15:19.539 +02:00 [Information] Request finished HTTP/2 GET https://localhost:7205/Room/RoomTable - - - 200 - text/html;+charset=utf-8 5.6096ms
2023-10-23 19:15:19.552 +02:00 [Information] Request starting HTTP/2 GET https://localhost:7205/css/style.css?v=jrs0ecwpnP784P-3DgKqzH4ZLLPXYGb8ARPuNEOrfE0 - -
2023-10-23 19:15:19.553 +02:00 [Information] The file "/css/style.css" was not modified
2023-10-23 19:15:19.553 +02:00 [Information] Request finished HTTP/2 GET https://localhost:7205/css/style.css?v=jrs0ecwpnP784P-3DgKqzH4ZLLPXYGb8ARPuNEOrfE0 - - - 304 - text/css 0.3338ms
2023-10-23 19:15:19.553 +02:00 [Information] Request starting HTTP/2 GET https://localhost:7205/Room/style.css - -
2023-10-23 19:15:19.553 +02:00 [Information] Request starting HTTP/2 GET https://localhost:7205/_framework/aspnetcore-browser-refresh.js - -
2023-10-23 19:15:19.554 +02:00 [Information] Request finished HTTP/2 GET https://localhost:7205/_framework/aspnetcore-browser-refresh.js - - - 200 12342 application/javascript;+charset=utf-8 0.2527ms
2023-10-23 19:15:19.554 +02:00 [Information] Request finished HTTP/2 GET https://localhost:7205/Room/style.css - - - 404 0 - 0.4643ms
2023-10-23 19:15:19.561 +02:00 [Information] Request starting HTTP/2 GET https://localhost:7205/_vs/browserLink - -
2023-10-23 19:15:19.563 +02:00 [Information] Request finished HTTP/2 GET https://localhost:7205/_vs/browserLink - - - 200 - text/javascript;+charset=UTF-8 2.0497ms
2023-10-23 19:15:25.743 +02:00 [Information] Request starting HTTP/2 GET https://localhost:7205/_framework/clear-browser-cache - -
2023-10-23 19:15:25.743 +02:00 [Information] Request finished HTTP/2 GET https://localhost:7205/_framework/clear-browser-cache - - - 200 0 - 0.1328ms
2023-10-23 19:15:25.994 +02:00 [Information] Request starting HTTP/2 GET https://localhost:7205/Room/RoomTable - -
2023-10-23 19:15:25.995 +02:00 [Information] Executing endpoint '"Forum.Controllers.RoomController.RoomTable (Forum)"'
2023-10-23 19:15:25.995 +02:00 [Information] Route matched with "{action = \"RoomTable\", controller = \"Room\", page = \"\", area = \"\"}". Executing controller action with signature "System.Threading.Tasks.Task`1[Microsoft.AspNetCore.Mvc.IActionResult] RoomTable()" on controller "Forum.Controllers.RoomController" ("Forum").
2023-10-23 19:15:25.997 +02:00 [Information] Executing ViewResult, running view "RoomTable".
2023-10-23 19:15:25.999 +02:00 [Information] Executed ViewResult - view "RoomTable" executed in 2.0667ms.
2023-10-23 19:15:25.999 +02:00 [Information] Executed action "Forum.Controllers.RoomController.RoomTable (Forum)" in 3.4776ms
2023-10-23 19:15:25.999 +02:00 [Information] Executed endpoint '"Forum.Controllers.RoomController.RoomTable (Forum)"'
2023-10-23 19:15:26.000 +02:00 [Information] Request finished HTTP/2 GET https://localhost:7205/Room/RoomTable - - - 200 - text/html;+charset=utf-8 5.2026ms
2023-10-23 19:15:26.010 +02:00 [Information] Request starting HTTP/2 GET https://localhost:7205/lib/bootstrap/css/crtstyle.css - -
2023-10-23 19:15:26.011 +02:00 [Information] Request starting HTTP/2 GET https://localhost:7205/css/style.css?v=qSuvjyHAkdclBUm2VPNAzW4gs50_QxOxdhPYwjdTaro - -
2023-10-23 19:15:26.011 +02:00 [Information] Request starting HTTP/2 GET https://localhost:7205/lib/bootstrap/js/bootstrap.js - -
2023-10-23 19:15:26.011 +02:00 [Information] Sending file. Request path: '"/lib/bootstrap/css/crtstyle.css"'. Physical path: '"C:\Users\abdik\Source\Repos\Forum\MyShop\wwwroot\lib\bootstrap\css\crtStyle.css"'
2023-10-23 19:15:26.011 +02:00 [Information] Request starting HTTP/2 GET https://localhost:7205/Room/style.css - -
2023-10-23 19:15:26.011 +02:00 [Information] Request finished HTTP/2 GET https://localhost:7205/lib/bootstrap/css/crtstyle.css - - - 200 1133 text/css 0.8294ms
2023-10-23 19:15:26.011 +02:00 [Information] Request starting HTTP/2 GET https://localhost:7205/lib/jquery/jquery.js - -
2023-10-23 19:15:26.011 +02:00 [Information] Sending file. Request path: '"/css/style.css"'. Physical path: '"C:\Users\abdik\Source\Repos\Forum\MyShop\wwwroot\css\style.css"'
2023-10-23 19:15:26.011 +02:00 [Information] Request finished HTTP/2 GET https://localhost:7205/Room/style.css - - - 404 0 - 0.5843ms
2023-10-23 19:15:26.012 +02:00 [Information] Request finished HTTP/2 GET https://localhost:7205/css/style.css?v=qSuvjyHAkdclBUm2VPNAzW4gs50_QxOxdhPYwjdTaro - - - 200 2756 text/css 0.6718ms
2023-10-23 19:15:26.012 +02:00 [Information] Request starting HTTP/2 GET https://localhost:7205/_framework/aspnetcore-browser-refresh.js - -
2023-10-23 19:15:26.012 +02:00 [Information] Request finished HTTP/2 GET https://localhost:7205/_framework/aspnetcore-browser-refresh.js - - - 200 12342 application/javascript;+charset=utf-8 0.1268ms
2023-10-23 19:15:26.015 +02:00 [Information] Sending file. Request path: '"/lib/bootstrap/js/bootstrap.js"'. Physical path: '"C:\Users\abdik\Source\Repos\Forum\MyShop\wwwroot\lib\bootstrap\js\bootstrap.js"'
2023-10-23 19:15:26.016 +02:00 [Information] Request finished HTTP/2 GET https://localhost:7205/lib/bootstrap/js/bootstrap.js - - - 200 153194 application/javascript 4.6334ms
2023-10-23 19:15:26.016 +02:00 [Information] Sending file. Request path: '"/lib/jquery/jquery.js"'. Physical path: '"C:\Users\abdik\Source\Repos\Forum\MyShop\wwwroot\lib\jquery\jquery.js"'
2023-10-23 19:15:26.016 +02:00 [Information] Request finished HTTP/2 GET https://localhost:7205/lib/jquery/jquery.js - - - 200 296030 application/javascript 4.6962ms
2023-10-23 19:15:26.028 +02:00 [Information] Request starting HTTP/2 GET https://localhost:7205/_vs/browserLink - -
2023-10-23 19:15:26.030 +02:00 [Information] Request finished HTTP/2 GET https://localhost:7205/_vs/browserLink - - - 200 - text/javascript;+charset=UTF-8 1.7090ms
2023-10-23 19:15:34.601 +02:00 [Information] Request starting HTTP/2 GET https://localhost:7205/ - -
2023-10-23 19:15:34.602 +02:00 [Information] Executing endpoint '"Forum.Controllers.HomeController.Index (Forum)"'
2023-10-23 19:15:34.602 +02:00 [Information] Route matched with "{action = \"Index\", controller = \"Home\", page = \"\", area = \"\"}". Executing controller action with signature "Microsoft.AspNetCore.Mvc.IActionResult Index()" on controller "Forum.Controllers.HomeController" ("Forum").
2023-10-23 19:15:34.602 +02:00 [Information] Executing ViewResult, running view "Index".
2023-10-23 19:15:34.605 +02:00 [Information] Executed ViewResult - view "Index" executed in 2.9246ms.
2023-10-23 19:15:34.605 +02:00 [Information] Executed action "Forum.Controllers.HomeController.Index (Forum)" in 3.0349ms
2023-10-23 19:15:34.605 +02:00 [Information] Executed endpoint '"Forum.Controllers.HomeController.Index (Forum)"'
2023-10-23 19:15:34.617 +02:00 [Information] Request starting HTTP/2 GET https://localhost:7205/style.css - -
2023-10-23 19:15:34.618 +02:00 [Information] Request finished HTTP/2 GET https://localhost:7205/style.css - - - 404 0 - 0.3354ms
2023-10-23 19:15:34.618 +02:00 [Information] Request starting HTTP/2 GET https://localhost:7205/css/style.css?v=qSuvjyHAkdclBUm2VPNAzW4gs50_QxOxdhPYwjdTaro - -
2023-10-23 19:15:34.618 +02:00 [Information] The file "/css/style.css" was not modified
2023-10-23 19:15:34.618 +02:00 [Information] Request finished HTTP/2 GET https://localhost:7205/css/style.css?v=qSuvjyHAkdclBUm2VPNAzW4gs50_QxOxdhPYwjdTaro - - - 304 - text/css 0.2236ms
2023-10-23 19:15:34.619 +02:00 [Information] Request finished HTTP/2 GET https://localhost:7205/ - - - 200 - text/html;+charset=utf-8 17.9959ms
2023-10-23 19:15:34.628 +02:00 [Information] Request starting HTTP/2 GET https://localhost:7205/_framework/aspnetcore-browser-refresh.js - -
2023-10-23 19:15:34.628 +02:00 [Information] Request finished HTTP/2 GET https://localhost:7205/_framework/aspnetcore-browser-refresh.js - - - 200 12342 application/javascript;+charset=utf-8 0.1575ms
2023-10-23 19:15:34.632 +02:00 [Information] Request starting HTTP/2 GET https://localhost:7205/_vs/browserLink - -
2023-10-23 19:15:34.635 +02:00 [Information] Request finished HTTP/2 GET https://localhost:7205/_vs/browserLink - - - 200 - text/javascript;+charset=UTF-8 2.1108ms
