2023-10-23 09:31:44.595 +02:00 [Information] User profile is available. Using '"C:\Users\Pette\AppData\Local\ASP.NET\DataProtection-Keys"' as key repository and Windows DPAPI to encrypt keys at rest.
2023-10-23 09:31:45.512 +02:00 [Information] Now listening on: "https://localhost:7205"
2023-10-23 09:31:45.514 +02:00 [Information] Now listening on: "http://localhost:5112"
2023-10-23 09:31:45.523 +02:00 [Information] Application started. Press Ctrl+C to shut down.
2023-10-23 09:31:45.526 +02:00 [Information] Hosting environment: "Development"
2023-10-23 09:31:45.528 +02:00 [Information] Content root path: "C:\Users\Pette\source\repos\Forum\MyShop\"
2023-10-23 09:31:45.951 +02:00 [Information] Request starting HTTP/2 GET https://localhost:7205/ - -
2023-10-23 09:31:46.032 +02:00 [Information] Executing endpoint '"Forum.Controllers.HomeController.Index (Forum)"'
2023-10-23 09:31:46.052 +02:00 [Information] Route matched with "{action = \"Index\", controller = \"Home\", page = \"\", area = \"\"}". Executing controller action with signature "Microsoft.AspNetCore.Mvc.IActionResult Index()" on controller "Forum.Controllers.HomeController" ("Forum").
2023-10-23 09:31:46.069 +02:00 [Information] Executing ViewResult, running view "Index".
2023-10-23 09:31:46.270 +02:00 [Information] Executed ViewResult - view "Index" executed in 205.1396ms.
2023-10-23 09:31:46.275 +02:00 [Information] Executed action "Forum.Controllers.HomeController.Index (Forum)" in 222.0233ms
2023-10-23 09:31:46.276 +02:00 [Information] Executed endpoint '"Forum.Controllers.HomeController.Index (Forum)"'
2023-10-23 09:31:46.314 +02:00 [Information] Request starting HTTP/2 GET https://localhost:7205/_framework/aspnetcore-browser-refresh.js - -
2023-10-23 09:31:46.317 +02:00 [Information] Request finished HTTP/2 GET https://localhost:7205/ - - - 200 - text/html;+charset=utf-8 368.9937ms
2023-10-23 09:31:46.323 +02:00 [Information] Request finished HTTP/2 GET https://localhost:7205/_framework/aspnetcore-browser-refresh.js - - - 200 12342 application/javascript;+charset=utf-8 9.7743ms
2023-10-23 09:31:46.346 +02:00 [Information] Request starting HTTP/2 GET https://localhost:7205/_vs/browserLink - -
2023-10-23 09:31:46.363 +02:00 [Information] Request finished HTTP/2 GET https://localhost:7205/_vs/browserLink - - - 200 - text/javascript;+charset=UTF-8 16.6159ms
2023-10-23 09:31:48.193 +02:00 [Information] Request starting HTTP/2 GET https://localhost:7205/Identity/Account/Login - -
2023-10-23 09:31:48.197 +02:00 [Information] Executing endpoint '"/Account/Login"'
2023-10-23 09:31:48.220 +02:00 [Information] Route matched with "{page = \"/Account/Login\", area = \"Identity\", action = \"\", controller = \"\"}". Executing page "/Account/Login"
2023-10-23 09:31:48.242 +02:00 [Information] Executing handler method "Forum.Areas.Identity.Pages.Account.LoginModel.OnGetAsync" - ModelState is Valid
2023-10-23 09:31:48.249 +02:00 [Information] AuthenticationScheme: "Identity.External" signed out.
2023-10-23 09:31:48.251 +02:00 [Information] Executed handler method "OnGetAsync", returned result "".
2023-10-23 09:31:48.254 +02:00 [Information] Executing an implicit handler method - ModelState is Valid
2023-10-23 09:31:48.254 +02:00 [Information] Executed an implicit handler method, returned result "Microsoft.AspNetCore.Mvc.RazorPages.PageResult".
2023-10-23 09:31:48.313 +02:00 [Information] Executed page "/Account/Login" in 92.0059ms
2023-10-23 09:31:48.313 +02:00 [Information] Executed endpoint '"/Account/Login"'
2023-10-23 09:31:48.316 +02:00 [Information] Request finished HTTP/2 GET https://localhost:7205/Identity/Account/Login - - - 200 - text/html;+charset=utf-8 122.3031ms
2023-10-23 09:31:48.324 +02:00 [Information] Request starting HTTP/2 GET https://localhost:7205/_framework/aspnetcore-browser-refresh.js - -
2023-10-23 09:31:48.325 +02:00 [Information] Request finished HTTP/2 GET https://localhost:7205/_framework/aspnetcore-browser-refresh.js - - - 200 12342 application/javascript;+charset=utf-8 0.9859ms
2023-10-23 09:31:48.335 +02:00 [Information] Request starting HTTP/2 GET https://localhost:7205/_vs/browserLink - -
2023-10-23 09:31:48.339 +02:00 [Information] Request finished HTTP/2 GET https://localhost:7205/_vs/browserLink - - - 200 - text/javascript;+charset=UTF-8 3.8573ms
