2023-10-26 00:18:55.344 +02:00 [Information] User profile is available. Using '"C:\Users\Johan\AppData\Local\ASP.NET\DataProtection-Keys"' as key repository and Windows DPAPI to encrypt keys at rest.
2023-10-26 00:18:55.938 +02:00 [Information] Now listening on: "https://localhost:7205"
2023-10-26 00:18:55.938 +02:00 [Information] Now listening on: "http://localhost:5112"
2023-10-26 00:18:55.943 +02:00 [Information] Application started. Press Ctrl+C to shut down.
2023-10-26 00:18:55.944 +02:00 [Information] Hosting environment: "Development"
2023-10-26 00:18:55.945 +02:00 [Information] Content root path: "C:\Users\Johan\Source\Repos\N4h0\Forum\MyShop\"
2023-10-26 00:18:56.304 +02:00 [Information] Request starting HTTP/2 GET https://localhost:7205/ - -
2023-10-26 00:18:56.350 +02:00 [Information] Executing endpoint '"Forum.Controllers.HomeController.Index (Forum)"'
2023-10-26 00:18:56.360 +02:00 [Information] Route matched with "{action = \"Index\", controller = \"Home\", page = \"\", area = \"\"}". Executing controller action with signature "System.Threading.Tasks.Task`1[Microsoft.AspNetCore.Mvc.IActionResult] Index()" on controller "Forum.Controllers.HomeController" ("Forum").
2023-10-26 00:18:56.389 +02:00 [Information] Executing ViewResult, running view "Index".
2023-10-26 00:18:56.539 +02:00 [Information] Executed ViewResult - view "Index" executed in 150.3944ms.
2023-10-26 00:18:56.542 +02:00 [Information] Executed action "Forum.Controllers.HomeController.Index (Forum)" in 181.8355ms
2023-10-26 00:18:56.542 +02:00 [Information] Executed endpoint '"Forum.Controllers.HomeController.Index (Forum)"'
2023-10-26 00:18:56.562 +02:00 [Information] Request starting HTTP/2 GET https://localhost:7205/style.css - -
2023-10-26 00:18:56.565 +02:00 [Information] Request finished HTTP/2 GET https://localhost:7205/style.css - - - 404 0 - 2.8276ms
2023-10-26 00:18:56.568 +02:00 [Information] Request finished HTTP/2 GET https://localhost:7205/ - - - 200 - text/html;+charset=utf-8 266.3841ms
2023-10-26 00:18:56.598 +02:00 [Information] Request starting HTTP/2 GET https://localhost:7205/_framework/aspnetcore-browser-refresh.js - -
2023-10-26 00:18:56.601 +02:00 [Information] Request finished HTTP/2 GET https://localhost:7205/_framework/aspnetcore-browser-refresh.js - - - 200 12342 application/javascript;+charset=utf-8 2.7456ms
2023-10-26 00:18:56.607 +02:00 [Information] Request starting HTTP/2 GET https://localhost:7205/_vs/browserLink - -
2023-10-26 00:18:56.616 +02:00 [Information] Request finished HTTP/2 GET https://localhost:7205/_vs/browserLink - - - 200 - text/javascript;+charset=UTF-8 9.3730ms
2023-10-26 00:18:57.257 +02:00 [Information] Request starting HTTP/2 GET https://localhost:7205/Post/PostDetails/1 - -
2023-10-26 00:18:57.259 +02:00 [Information] Executing endpoint '"Forum.Controllers.PostController.PostDetails (Forum)"'
2023-10-26 00:18:57.266 +02:00 [Information] Route matched with "{action = \"PostDetails\", controller = \"Post\", page = \"\", area = \"\"}". Executing controller action with signature "System.Threading.Tasks.Task`1[Microsoft.AspNetCore.Mvc.IActionResult] PostDetails(Int32)" on controller "Forum.Controllers.PostController" ("Forum").
2023-10-26 00:18:57.277 +02:00 [Information] Executing ViewResult, running view "PostDetails".
2023-10-26 00:18:57.368 +02:00 [Information] Executed ViewResult - view "PostDetails" executed in 91.0181ms.
2023-10-26 00:18:57.368 +02:00 [Information] Executed action "Forum.Controllers.PostController.PostDetails (Forum)" in 101.9962ms
2023-10-26 00:18:57.368 +02:00 [Information] Executed endpoint '"Forum.Controllers.PostController.PostDetails (Forum)"'
2023-10-26 00:18:57.369 +02:00 [Information] Request finished HTTP/2 GET https://localhost:7205/Post/PostDetails/1 - - - 200 - text/html;+charset=utf-8 112.1099ms
2023-10-26 00:18:57.375 +02:00 [Information] Request starting HTTP/2 GET https://localhost:7205/_framework/aspnetcore-browser-refresh.js - -
2023-10-26 00:18:57.375 +02:00 [Information] Request starting HTTP/2 GET https://localhost:7205/_vs/browserLink - -
2023-10-26 00:18:57.375 +02:00 [Information] Request starting HTTP/2 GET https://localhost:7205/Post/PostDetails/style.css - -
2023-10-26 00:18:57.376 +02:00 [Information] Request finished HTTP/2 GET https://localhost:7205/_framework/aspnetcore-browser-refresh.js - - - 200 12342 application/javascript;+charset=utf-8 0.4345ms
2023-10-26 00:18:57.378 +02:00 [Information] Executing endpoint '"Forum.Controllers.PostController.PostDetails (Forum)"'
2023-10-26 00:18:57.378 +02:00 [Information] Route matched with "{action = \"PostDetails\", controller = \"Post\", page = \"\", area = \"\"}". Executing controller action with signature "System.Threading.Tasks.Task`1[Microsoft.AspNetCore.Mvc.IActionResult] PostDetails(Int32)" on controller "Forum.Controllers.PostController" ("Forum").
2023-10-26 00:18:57.378 +02:00 [Information] Request finished HTTP/2 GET https://localhost:7205/_vs/browserLink - - - 200 - text/javascript;+charset=UTF-8 2.7277ms
2023-10-26 00:18:57.390 +02:00 [Error] [PostController] post not found for the TopicId 0000
2023-10-26 00:18:57.395 +02:00 [Information] Executing "NotFoundObjectResult", writing value of type '"System.String"'.
2023-10-26 00:18:57.396 +02:00 [Information] Executed action "Forum.Controllers.PostController.PostDetails (Forum)" in 17.9061ms
2023-10-26 00:18:57.396 +02:00 [Information] Executed endpoint '"Forum.Controllers.PostController.PostDetails (Forum)"'
2023-10-26 00:18:57.396 +02:00 [Information] Request finished HTTP/2 GET https://localhost:7205/Post/PostDetails/style.css - - - 404 - text/plain;+charset=utf-8 20.6621ms
