2023-10-24 12:19:35.049 +02:00 [Information] User profile is available. Using '"C:\Users\abdik\AppData\Local\ASP.NET\DataProtection-Keys"' as key repository and Windows DPAPI to encrypt keys at rest.
2023-10-24 12:19:35.463 +02:00 [Information] Now listening on: "https://localhost:7205"
2023-10-24 12:19:35.463 +02:00 [Information] Now listening on: "http://localhost:5112"
2023-10-24 12:19:35.467 +02:00 [Information] Application started. Press Ctrl+C to shut down.
2023-10-24 12:19:35.467 +02:00 [Information] Hosting environment: "Development"
2023-10-24 12:19:35.467 +02:00 [Information] Content root path: "C:\Users\abdik\Source\Repos\Forum\MyShop\"
2023-10-24 12:19:35.802 +02:00 [Information] Request starting HTTP/2 GET https://localhost:7205/ - -
2023-10-24 12:19:35.839 +02:00 [Information] Executing endpoint '"Forum.Controllers.HomeController.Index (Forum)"'
2023-10-24 12:19:35.846 +02:00 [Information] Route matched with "{action = \"Index\", controller = \"Home\", page = \"\", area = \"\"}". Executing controller action with signature "Microsoft.AspNetCore.Mvc.IActionResult Index()" on controller "Forum.Controllers.HomeController" ("Forum").
2023-10-24 12:19:35.851 +02:00 [Information] Executing ViewResult, running view "Index".
2023-10-24 12:19:35.949 +02:00 [Information] Executed ViewResult - view "Index" executed in 98.1905ms.
2023-10-24 12:19:35.951 +02:00 [Information] Executed action "Forum.Controllers.HomeController.Index (Forum)" in 103.9811ms
2023-10-24 12:19:35.951 +02:00 [Information] Executed endpoint '"Forum.Controllers.HomeController.Index (Forum)"'
2023-10-24 12:19:35.964 +02:00 [Information] Request finished HTTP/2 GET https://localhost:7205/ - - - 200 - text/html;+charset=utf-8 164.6482ms
2023-10-24 12:19:35.970 +02:00 [Information] Request starting HTTP/2 GET https://localhost:7205/style.css - -
2023-10-24 12:19:35.973 +02:00 [Information] Request finished HTTP/2 GET https://localhost:7205/style.css - - - 404 0 - 2.7360ms
2023-10-24 12:19:36.009 +02:00 [Information] Request starting HTTP/2 GET https://localhost:7205/_framework/aspnetcore-browser-refresh.js - -
2023-10-24 12:19:36.011 +02:00 [Information] Request finished HTTP/2 GET https://localhost:7205/_framework/aspnetcore-browser-refresh.js - - - 200 12342 application/javascript;+charset=utf-8 1.9153ms
2023-10-24 12:19:36.026 +02:00 [Information] Request starting HTTP/2 GET https://localhost:7205/_vs/browserLink - -
2023-10-24 12:19:36.033 +02:00 [Information] Request finished HTTP/2 GET https://localhost:7205/_vs/browserLink - - - 200 - text/javascript;+charset=UTF-8 6.7565ms
