2023-10-30 13:57:35.465 +01:00 [Information] User profile is available. Using '"C:\Users\latif\AppData\Local\ASP.NET\DataProtection-Keys"' as key repository and Windows DPAPI to encrypt keys at rest.
2023-10-30 13:57:36.567 +01:00 [Information] Now listening on: "https://localhost:7205"
2023-10-30 13:57:36.569 +01:00 [Information] Now listening on: "http://localhost:5112"
2023-10-30 13:57:36.578 +01:00 [Information] Application started. Press Ctrl+C to shut down.
2023-10-30 13:57:36.581 +01:00 [Information] Hosting environment: "Development"
2023-10-30 13:57:36.583 +01:00 [Information] Content root path: "C:\Users\latif\source\repos\PROJECT_1WEB\Forum\MyShop\"
2023-10-30 13:57:37.348 +01:00 [Information] Request starting HTTP/2 GET https://localhost:7205/ - -
2023-10-30 13:57:37.570 +01:00 [Information] Executing endpoint '"Forum.Controllers.HomeController.Index (Forum)"'
2023-10-30 13:57:37.612 +01:00 [Information] Route matched with "{action = \"Index\", controller = \"Home\", page = \"\", area = \"\"}". Executing controller action with signature "System.Threading.Tasks.Task`1[Microsoft.AspNetCore.Mvc.IActionResult] Index()" on controller "Forum.Controllers.HomeController" ("Forum").
2023-10-30 13:57:37.754 +01:00 [Information] Executing action method "Forum.Controllers.HomeController.Index (Forum)" - Validation state: Valid
2023-10-30 13:57:37.934 +01:00 [Information] Executed action method "Forum.Controllers.HomeController.Index (Forum)", returned result "Microsoft.AspNetCore.Mvc.ViewResult" in 166.1071ms.
2023-10-30 13:57:37.959 +01:00 [Information] Executing ViewResult, running view "Index".
2023-10-30 13:57:38.865 +01:00 [Information] Executed ViewResult - view "Index" executed in 909.6918ms.
2023-10-30 13:57:38.880 +01:00 [Information] Executed action "Forum.Controllers.HomeController.Index (Forum)" in 1266.8171ms
2023-10-30 13:57:38.882 +01:00 [Information] Executed endpoint '"Forum.Controllers.HomeController.Index (Forum)"'
2023-10-30 13:57:38.953 +01:00 [Information] Request starting HTTP/2 GET https://localhost:7205/css/style.css?v=_XmDY0x6rFPRuf0Tz6GnQu68V2vNRFstquO73Aos_DM - -
2023-10-30 13:57:38.980 +01:00 [Information] Request starting HTTP/2 GET https://localhost:7205/_vs/browserLink - -
2023-10-30 13:57:38.980 +01:00 [Information] Request starting HTTP/2 GET https://localhost:7205/_framework/aspnetcore-browser-refresh.js - -
2023-10-30 13:57:38.982 +01:00 [Information] Request finished HTTP/2 GET https://localhost:7205/ - - - 200 - text/html;+charset=utf-8 1639.7336ms
2023-10-30 13:57:38.993 +01:00 [Information] Sending file. Request path: '"/css/style.css"'. Physical path: '"C:\Users\latif\source\repos\PROJECT_1WEB\Forum\MyShop\wwwroot\css\style.css"'
2023-10-30 13:57:38.994 +01:00 [Information] Request finished HTTP/2 GET https://localhost:7205/css/style.css?v=_XmDY0x6rFPRuf0Tz6GnQu68V2vNRFstquO73Aos_DM - - - 200 11238 text/css 41.0477ms
2023-10-30 13:57:38.995 +01:00 [Information] Request finished HTTP/2 GET https://localhost:7205/_framework/aspnetcore-browser-refresh.js - - - 200 12342 application/javascript;+charset=utf-8 14.0917ms
2023-10-30 13:57:39.024 +01:00 [Information] Request finished HTTP/2 GET https://localhost:7205/_vs/browserLink - - - 200 - text/javascript;+charset=UTF-8 43.8943ms
2023-10-30 13:57:44.562 +01:00 [Information] Request starting HTTP/2 GET https://localhost:7205/css/style.css?v=_XmDY0x6rFPRuf0Tz6GnQu68V2vNRFstquO73Aos_DM - -
2023-10-30 13:57:44.569 +01:00 [Information] The file "/css/style.css" was not modified
2023-10-30 13:57:44.569 +01:00 [Information] Request finished HTTP/2 GET https://localhost:7205/css/style.css?v=_XmDY0x6rFPRuf0Tz6GnQu68V2vNRFstquO73Aos_DM - - - 304 - text/css 7.2099ms
2023-10-30 13:57:49.268 +01:00 [Information] Request starting HTTP/2 GET https://localhost:7205/Category/CategoryTable - -
2023-10-30 13:57:49.280 +01:00 [Information] Executing endpoint '"Forum.Controllers.CategoryController.CategoryTable (Forum)"'
2023-10-30 13:57:49.286 +01:00 [Information] Route matched with "{action = \"CategoryTable\", controller = \"Category\", page = \"\", area = \"\"}". Executing controller action with signature "System.Threading.Tasks.Task`1[Microsoft.AspNetCore.Mvc.IActionResult] CategoryTable()" on controller "Forum.Controllers.CategoryController" ("Forum").
2023-10-30 13:57:49.318 +01:00 [Information] Executing action method "Forum.Controllers.CategoryController.CategoryTable (Forum)" - Validation state: Valid
2023-10-30 13:57:49.368 +01:00 [Information] Executed action method "Forum.Controllers.CategoryController.CategoryTable (Forum)", returned result "Microsoft.AspNetCore.Mvc.ViewResult" in 49.7678ms.
2023-10-30 13:57:49.370 +01:00 [Information] Executing ViewResult, running view "CategoryTable".
2023-10-30 13:57:49.408 +01:00 [Information] Executed ViewResult - view "CategoryTable" executed in 39.464ms.
2023-10-30 13:57:49.409 +01:00 [Information] Executed action "Forum.Controllers.CategoryController.CategoryTable (Forum)" in 121.9738ms
2023-10-30 13:57:49.409 +01:00 [Information] Executed endpoint '"Forum.Controllers.CategoryController.CategoryTable (Forum)"'
2023-10-30 13:57:49.412 +01:00 [Information] Request finished HTTP/2 GET https://localhost:7205/Category/CategoryTable - - - 200 - text/html;+charset=utf-8 143.2551ms
2023-10-30 13:57:49.417 +01:00 [Information] Request starting HTTP/2 GET https://localhost:7205/_framework/aspnetcore-browser-refresh.js - -
2023-10-30 13:57:49.417 +01:00 [Information] Request starting HTTP/2 GET https://localhost:7205/css/style.css?v=_XmDY0x6rFPRuf0Tz6GnQu68V2vNRFstquO73Aos_DM - -
2023-10-30 13:57:49.418 +01:00 [Information] Request finished HTTP/2 GET https://localhost:7205/_framework/aspnetcore-browser-refresh.js - - - 200 12342 application/javascript;+charset=utf-8 0.9604ms
2023-10-30 13:57:49.418 +01:00 [Information] The file "/css/style.css" was not modified
2023-10-30 13:57:49.418 +01:00 [Information] Request finished HTTP/2 GET https://localhost:7205/css/style.css?v=_XmDY0x6rFPRuf0Tz6GnQu68V2vNRFstquO73Aos_DM - - - 304 - text/css 0.6880ms
2023-10-30 13:57:49.428 +01:00 [Information] Request starting HTTP/2 GET https://localhost:7205/_vs/browserLink - -
2023-10-30 13:57:49.432 +01:00 [Information] Request finished HTTP/2 GET https://localhost:7205/_vs/browserLink - - - 200 - text/javascript;+charset=UTF-8 4.3128ms
2023-10-30 13:57:50.116 +01:00 [Information] Request starting HTTP/2 GET https://localhost:7205/Category/CategoryTable - -
2023-10-30 13:57:50.155 +01:00 [Information] Executing endpoint '"Forum.Controllers.CategoryController.CategoryTable (Forum)"'
2023-10-30 13:57:50.156 +01:00 [Information] Route matched with "{action = \"CategoryTable\", controller = \"Category\", page = \"\", area = \"\"}". Executing controller action with signature "System.Threading.Tasks.Task`1[Microsoft.AspNetCore.Mvc.IActionResult] CategoryTable()" on controller "Forum.Controllers.CategoryController" ("Forum").
2023-10-30 13:57:50.186 +01:00 [Information] Executing action method "Forum.Controllers.CategoryController.CategoryTable (Forum)" - Validation state: Valid
2023-10-30 13:57:50.192 +01:00 [Information] Executed action method "Forum.Controllers.CategoryController.CategoryTable (Forum)", returned result "Microsoft.AspNetCore.Mvc.ViewResult" in 5.8259ms.
2023-10-30 13:57:50.192 +01:00 [Information] Executing ViewResult, running view "CategoryTable".
2023-10-30 13:57:50.201 +01:00 [Information] Executed ViewResult - view "CategoryTable" executed in 9.3246ms.
2023-10-30 13:57:50.201 +01:00 [Information] Executed action "Forum.Controllers.CategoryController.CategoryTable (Forum)" in 45.8396ms
2023-10-30 13:57:50.202 +01:00 [Information] Executed endpoint '"Forum.Controllers.CategoryController.CategoryTable (Forum)"'
2023-10-30 13:57:50.204 +01:00 [Information] Request finished HTTP/2 GET https://localhost:7205/Category/CategoryTable - - - 200 - text/html;+charset=utf-8 87.9558ms
2023-10-30 13:57:50.207 +01:00 [Information] Request starting HTTP/2 GET https://localhost:7205/css/style.css?v=_XmDY0x6rFPRuf0Tz6GnQu68V2vNRFstquO73Aos_DM - -
2023-10-30 13:57:50.208 +01:00 [Information] The file "/css/style.css" was not modified
2023-10-30 13:57:50.209 +01:00 [Information] Request finished HTTP/2 GET https://localhost:7205/css/style.css?v=_XmDY0x6rFPRuf0Tz6GnQu68V2vNRFstquO73Aos_DM - - - 304 - text/css 1.8186ms
2023-10-30 13:57:50.209 +01:00 [Information] Request starting HTTP/2 GET https://localhost:7205/_vs/browserLink - -
2023-10-30 13:57:50.209 +01:00 [Information] Request starting HTTP/2 GET https://localhost:7205/_framework/aspnetcore-browser-refresh.js - -
2023-10-30 13:57:50.209 +01:00 [Information] Request finished HTTP/2 GET https://localhost:7205/_framework/aspnetcore-browser-refresh.js - - - 200 12342 application/javascript;+charset=utf-8 0.2419ms
2023-10-30 13:57:50.214 +01:00 [Information] Request finished HTTP/2 GET https://localhost:7205/_vs/browserLink - - - 200 - text/javascript;+charset=UTF-8 5.0382ms
2023-10-30 13:57:53.037 +01:00 [Information] Request starting HTTP/2 GET https://localhost:7205/Category/CategoryGrid - -
2023-10-30 13:57:53.044 +01:00 [Information] Executing endpoint '"Forum.Controllers.CategoryController.CategoryGrid (Forum)"'
2023-10-30 13:57:53.051 +01:00 [Information] Route matched with "{action = \"CategoryGrid\", controller = \"Category\", page = \"\", area = \"\"}". Executing controller action with signature "System.Threading.Tasks.Task`1[Microsoft.AspNetCore.Mvc.IActionResult] CategoryGrid()" on controller "Forum.Controllers.CategoryController" ("Forum").
2023-10-30 13:57:53.082 +01:00 [Information] Executing action method "Forum.Controllers.CategoryController.CategoryGrid (Forum)" - Validation state: Valid
2023-10-30 13:57:53.089 +01:00 [Information] Executed action method "Forum.Controllers.CategoryController.CategoryGrid (Forum)", returned result "Microsoft.AspNetCore.Mvc.ViewResult" in 6.8439ms.
2023-10-30 13:57:53.091 +01:00 [Information] Executing ViewResult, running view "CategoryGrid".
2023-10-30 13:57:53.117 +01:00 [Information] Executed ViewResult - view "CategoryGrid" executed in 27.2937ms.
2023-10-30 13:57:53.117 +01:00 [Information] Executed action "Forum.Controllers.CategoryController.CategoryGrid (Forum)" in 65.9616ms
2023-10-30 13:57:53.117 +01:00 [Information] Executed endpoint '"Forum.Controllers.CategoryController.CategoryGrid (Forum)"'
2023-10-30 13:57:53.119 +01:00 [Information] Request finished HTTP/2 GET https://localhost:7205/Category/CategoryGrid - - - 200 - text/html;+charset=utf-8 82.1594ms
2023-10-30 13:57:53.123 +01:00 [Information] Request starting HTTP/2 GET https://localhost:7205/css/style.css?v=_XmDY0x6rFPRuf0Tz6GnQu68V2vNRFstquO73Aos_DM - -
2023-10-30 13:57:53.124 +01:00 [Information] The file "/css/style.css" was not modified
2023-10-30 13:57:53.124 +01:00 [Information] Request finished HTTP/2 GET https://localhost:7205/css/style.css?v=_XmDY0x6rFPRuf0Tz6GnQu68V2vNRFstquO73Aos_DM - - - 304 - text/css 1.2346ms
2023-10-30 13:57:53.131 +01:00 [Information] Request starting HTTP/2 GET https://localhost:7205/_framework/aspnetcore-browser-refresh.js - -
2023-10-30 13:57:53.131 +01:00 [Information] Request starting HTTP/2 GET https://localhost:7205/_vs/browserLink - -
2023-10-30 13:57:53.131 +01:00 [Information] Request finished HTTP/2 GET https://localhost:7205/_framework/aspnetcore-browser-refresh.js - - - 200 12342 application/javascript;+charset=utf-8 0.5507ms
2023-10-30 13:57:53.141 +01:00 [Information] Request finished HTTP/2 GET https://localhost:7205/_vs/browserLink - - - 200 - text/javascript;+charset=UTF-8 9.6142ms
2023-10-30 13:57:56.053 +01:00 [Information] Request starting HTTP/2 POST https://localhost:7205/Identity/Account/Logout?returnUrl=%2F application/x-www-form-urlencoded 225
2023-10-30 13:57:56.074 +01:00 [Information] Executing endpoint '"/Account/Logout"'
2023-10-30 13:57:56.103 +01:00 [Information] Route matched with "{page = \"/Account/Logout\", area = \"Identity\", action = \"\", controller = \"\"}". Executing page "/Account/Logout"
2023-10-30 13:57:56.178 +01:00 [Information] Executing handler method "Forum.Areas.Identity.Pages.Account.LogoutModel.OnPost" - ModelState is Valid
2023-10-30 13:57:56.199 +01:00 [Information] AuthenticationScheme: "Identity.Application" signed out.
2023-10-30 13:57:56.200 +01:00 [Information] AuthenticationScheme: "Identity.External" signed out.
2023-10-30 13:57:56.201 +01:00 [Information] AuthenticationScheme: "Identity.TwoFactorUserId" signed out.
2023-10-30 13:57:56.205 +01:00 [Information] User logged out.
2023-10-30 13:57:56.208 +01:00 [Information] Executed handler method "OnPost", returned result "Microsoft.AspNetCore.Mvc.LocalRedirectResult".
2023-10-30 13:57:56.210 +01:00 [Information] Executing LocalRedirectResult, redirecting to "/".
2023-10-30 13:57:56.210 +01:00 [Information] Executed page "/Account/Logout" in 106.6173ms
2023-10-30 13:57:56.210 +01:00 [Information] Executed endpoint '"/Account/Logout"'
2023-10-30 13:57:56.212 +01:00 [Information] Request finished HTTP/2 POST https://localhost:7205/Identity/Account/Logout?returnUrl=%2F application/x-www-form-urlencoded 225 - 302 0 - 159.4351ms
2023-10-30 13:57:56.216 +01:00 [Information] Request starting HTTP/2 GET https://localhost:7205/ - -
2023-10-30 13:57:56.218 +01:00 [Information] Executing endpoint '"Forum.Controllers.HomeController.Index (Forum)"'
2023-10-30 13:57:56.218 +01:00 [Information] Route matched with "{action = \"Index\", controller = \"Home\", page = \"\", area = \"\"}". Executing controller action with signature "System.Threading.Tasks.Task`1[Microsoft.AspNetCore.Mvc.IActionResult] Index()" on controller "Forum.Controllers.HomeController" ("Forum").
2023-10-30 13:57:56.254 +01:00 [Information] Executing action method "Forum.Controllers.HomeController.Index (Forum)" - Validation state: Valid
2023-10-30 13:57:56.260 +01:00 [Information] Executed action method "Forum.Controllers.HomeController.Index (Forum)", returned result "Microsoft.AspNetCore.Mvc.ViewResult" in 5.9627ms.
2023-10-30 13:57:56.260 +01:00 [Information] Executing ViewResult, running view "Index".
2023-10-30 13:57:56.352 +01:00 [Information] Executed ViewResult - view "Index" executed in 91.3802ms.
2023-10-30 13:57:56.352 +01:00 [Information] Executed action "Forum.Controllers.HomeController.Index (Forum)" in 133.9326ms
2023-10-30 13:57:56.352 +01:00 [Information] Executed endpoint '"Forum.Controllers.HomeController.Index (Forum)"'
2023-10-30 13:57:56.356 +01:00 [Information] Request finished HTTP/2 GET https://localhost:7205/ - - - 200 - text/html;+charset=utf-8 139.7978ms
2023-10-30 13:57:56.360 +01:00 [Information] Request starting HTTP/2 GET https://localhost:7205/css/style.css?v=_XmDY0x6rFPRuf0Tz6GnQu68V2vNRFstquO73Aos_DM - -
2023-10-30 13:57:56.360 +01:00 [Information] The file "/css/style.css" was not modified
2023-10-30 13:57:56.361 +01:00 [Information] Request finished HTTP/2 GET https://localhost:7205/css/style.css?v=_XmDY0x6rFPRuf0Tz6GnQu68V2vNRFstquO73Aos_DM - - - 304 - text/css 0.5940ms
2023-10-30 13:57:56.384 +01:00 [Information] Request starting HTTP/2 GET https://localhost:7205/_framework/aspnetcore-browser-refresh.js - -
2023-10-30 13:57:56.385 +01:00 [Information] Request starting HTTP/2 GET https://localhost:7205/_vs/browserLink - -
2023-10-30 13:57:56.385 +01:00 [Information] Request finished HTTP/2 GET https://localhost:7205/_framework/aspnetcore-browser-refresh.js - - - 200 12342 application/javascript;+charset=utf-8 0.7352ms
2023-10-30 13:57:56.388 +01:00 [Information] Request finished HTTP/2 GET https://localhost:7205/_vs/browserLink - - - 200 - text/javascript;+charset=UTF-8 3.4583ms
2023-10-30 13:57:58.206 +01:00 [Information] Request starting HTTP/2 GET https://localhost:7205/Category/CategoryTable - -
2023-10-30 13:57:58.207 +01:00 [Information] Executing endpoint '"Forum.Controllers.CategoryController.CategoryTable (Forum)"'
2023-10-30 13:57:58.207 +01:00 [Information] Route matched with "{action = \"CategoryTable\", controller = \"Category\", page = \"\", area = \"\"}". Executing controller action with signature "System.Threading.Tasks.Task`1[Microsoft.AspNetCore.Mvc.IActionResult] CategoryTable()" on controller "Forum.Controllers.CategoryController" ("Forum").
2023-10-30 13:57:58.244 +01:00 [Information] Executing action method "Forum.Controllers.CategoryController.CategoryTable (Forum)" - Validation state: Valid
2023-10-30 13:57:58.249 +01:00 [Information] Executed action method "Forum.Controllers.CategoryController.CategoryTable (Forum)", returned result "Microsoft.AspNetCore.Mvc.ViewResult" in 5.2285ms.
2023-10-30 13:57:58.250 +01:00 [Information] Executing ViewResult, running view "CategoryTable".
2023-10-30 13:57:58.267 +01:00 [Information] Executed ViewResult - view "CategoryTable" executed in 17.4013ms.
2023-10-30 13:57:58.267 +01:00 [Information] Executed action "Forum.Controllers.CategoryController.CategoryTable (Forum)" in 59.6538ms
2023-10-30 13:57:58.267 +01:00 [Information] Executed endpoint '"Forum.Controllers.CategoryController.CategoryTable (Forum)"'
2023-10-30 13:57:58.269 +01:00 [Information] Request finished HTTP/2 GET https://localhost:7205/Category/CategoryTable - - - 200 - text/html;+charset=utf-8 63.7703ms
2023-10-30 13:57:58.275 +01:00 [Information] Request starting HTTP/2 GET https://localhost:7205/_framework/aspnetcore-browser-refresh.js - -
2023-10-30 13:57:58.275 +01:00 [Information] Request starting HTTP/2 GET https://localhost:7205/css/style.css?v=_XmDY0x6rFPRuf0Tz6GnQu68V2vNRFstquO73Aos_DM - -
2023-10-30 13:57:58.276 +01:00 [Information] Request starting HTTP/2 GET https://localhost:7205/_vs/browserLink - -
2023-10-30 13:57:58.276 +01:00 [Information] Request finished HTTP/2 GET https://localhost:7205/_framework/aspnetcore-browser-refresh.js - - - 200 12342 application/javascript;+charset=utf-8 0.4623ms
2023-10-30 13:57:58.276 +01:00 [Information] The file "/css/style.css" was not modified
2023-10-30 13:57:58.277 +01:00 [Information] Request finished HTTP/2 GET https://localhost:7205/css/style.css?v=_XmDY0x6rFPRuf0Tz6GnQu68V2vNRFstquO73Aos_DM - - - 304 - text/css 1.3033ms
2023-10-30 13:57:58.384 +01:00 [Information] Request finished HTTP/2 GET https://localhost:7205/_vs/browserLink - - - 200 - text/javascript;+charset=UTF-8 108.2823ms
2023-10-30 13:58:00.570 +01:00 [Information] Request starting HTTP/2 GET https://localhost:7205/Category/CategoryGrid - -
2023-10-30 13:58:00.571 +01:00 [Information] Executing endpoint '"Forum.Controllers.CategoryController.CategoryGrid (Forum)"'
2023-10-30 13:58:00.571 +01:00 [Information] Route matched with "{action = \"CategoryGrid\", controller = \"Category\", page = \"\", area = \"\"}". Executing controller action with signature "System.Threading.Tasks.Task`1[Microsoft.AspNetCore.Mvc.IActionResult] CategoryGrid()" on controller "Forum.Controllers.CategoryController" ("Forum").
2023-10-30 13:58:00.606 +01:00 [Information] Executing action method "Forum.Controllers.CategoryController.CategoryGrid (Forum)" - Validation state: Valid
2023-10-30 13:58:00.612 +01:00 [Information] Executed action method "Forum.Controllers.CategoryController.CategoryGrid (Forum)", returned result "Microsoft.AspNetCore.Mvc.ViewResult" in 5.4108ms.
2023-10-30 13:58:00.612 +01:00 [Information] Executing ViewResult, running view "CategoryGrid".
2023-10-30 13:58:00.630 +01:00 [Information] Executed ViewResult - view "CategoryGrid" executed in 17.7722ms.
2023-10-30 13:58:00.630 +01:00 [Information] Executed action "Forum.Controllers.CategoryController.CategoryGrid (Forum)" in 58.6738ms
2023-10-30 13:58:00.630 +01:00 [Information] Executed endpoint '"Forum.Controllers.CategoryController.CategoryGrid (Forum)"'
2023-10-30 13:58:00.633 +01:00 [Information] Request finished HTTP/2 GET https://localhost:7205/Category/CategoryGrid - - - 200 - text/html;+charset=utf-8 62.8331ms
2023-10-30 13:58:00.638 +01:00 [Information] Request starting HTTP/2 GET https://localhost:7205/css/style.css?v=_XmDY0x6rFPRuf0Tz6GnQu68V2vNRFstquO73Aos_DM - -
2023-10-30 13:58:00.638 +01:00 [Information] The file "/css/style.css" was not modified
2023-10-30 13:58:00.638 +01:00 [Information] Request starting HTTP/2 GET https://localhost:7205/_framework/aspnetcore-browser-refresh.js - -
2023-10-30 13:58:00.639 +01:00 [Information] Request starting HTTP/2 GET https://localhost:7205/_vs/browserLink - -
2023-10-30 13:58:00.639 +01:00 [Information] Request finished HTTP/2 GET https://localhost:7205/_framework/aspnetcore-browser-refresh.js - - - 200 12342 application/javascript;+charset=utf-8 1.2185ms
2023-10-30 13:58:00.639 +01:00 [Information] Request finished HTTP/2 GET https://localhost:7205/css/style.css?v=_XmDY0x6rFPRuf0Tz6GnQu68V2vNRFstquO73Aos_DM - - - 304 - text/css 1.5681ms
2023-10-30 13:58:00.645 +01:00 [Information] Request finished HTTP/2 GET https://localhost:7205/_vs/browserLink - - - 200 - text/javascript;+charset=UTF-8 6.4147ms
2023-10-30 13:59:28.000 +01:00 [Information] Request starting HTTP/2 GET https://localhost:7205/Category/CategoryTable - -
2023-10-30 13:59:28.045 +01:00 [Information] Executing endpoint '"Forum.Controllers.CategoryController.CategoryTable (Forum)"'
2023-10-30 13:59:28.045 +01:00 [Information] Route matched with "{action = \"CategoryTable\", controller = \"Category\", page = \"\", area = \"\"}". Executing controller action with signature "System.Threading.Tasks.Task`1[Microsoft.AspNetCore.Mvc.IActionResult] CategoryTable()" on controller "Forum.Controllers.CategoryController" ("Forum").
2023-10-30 13:59:28.081 +01:00 [Information] Executing action method "Forum.Controllers.CategoryController.CategoryTable (Forum)" - Validation state: Valid
2023-10-30 13:59:28.086 +01:00 [Information] Executed action method "Forum.Controllers.CategoryController.CategoryTable (Forum)", returned result "Microsoft.AspNetCore.Mvc.ViewResult" in 4.9241ms.
2023-10-30 13:59:28.087 +01:00 [Information] Executing ViewResult, running view "CategoryTable".
2023-10-30 13:59:28.102 +01:00 [Information] Executed ViewResult - view "CategoryTable" executed in 15.0201ms.
2023-10-30 13:59:28.102 +01:00 [Information] Executed action "Forum.Controllers.CategoryController.CategoryTable (Forum)" in 56.3014ms
2023-10-30 13:59:28.102 +01:00 [Information] Executed endpoint '"Forum.Controllers.CategoryController.CategoryTable (Forum)"'
2023-10-30 13:59:28.104 +01:00 [Information] Request finished HTTP/2 GET https://localhost:7205/Category/CategoryTable - - - 200 - text/html;+charset=utf-8 113.9703ms
2023-10-30 13:59:28.114 +01:00 [Information] Request starting HTTP/2 GET https://localhost:7205/css/style.css?v=_XmDY0x6rFPRuf0Tz6GnQu68V2vNRFstquO73Aos_DM - -
2023-10-30 13:59:28.114 +01:00 [Information] Request starting HTTP/2 GET https://localhost:7205/_framework/aspnetcore-browser-refresh.js - -
2023-10-30 13:59:28.115 +01:00 [Information] Request finished HTTP/2 GET https://localhost:7205/_framework/aspnetcore-browser-refresh.js - - - 200 12342 application/javascript;+charset=utf-8 0.5287ms
2023-10-30 13:59:28.115 +01:00 [Information] The file "/css/style.css" was not modified
2023-10-30 13:59:28.115 +01:00 [Information] Request starting HTTP/2 GET https://localhost:7205/_vs/browserLink - -
2023-10-30 13:59:28.115 +01:00 [Information] Request finished HTTP/2 GET https://localhost:7205/css/style.css?v=_XmDY0x6rFPRuf0Tz6GnQu68V2vNRFstquO73Aos_DM - - - 304 - text/css 1.2612ms
2023-10-30 13:59:28.144 +01:00 [Information] Request finished HTTP/2 GET https://localhost:7205/_vs/browserLink - - - 200 - text/javascript;+charset=UTF-8 28.6060ms
2023-10-30 13:59:32.255 +01:00 [Information] Request starting HTTP/2 GET https://localhost:7205/Category/CategoryGrid - -
2023-10-30 13:59:32.256 +01:00 [Information] Executing endpoint '"Forum.Controllers.CategoryController.CategoryGrid (Forum)"'
2023-10-30 13:59:32.257 +01:00 [Information] Route matched with "{action = \"CategoryGrid\", controller = \"Category\", page = \"\", area = \"\"}". Executing controller action with signature "System.Threading.Tasks.Task`1[Microsoft.AspNetCore.Mvc.IActionResult] CategoryGrid()" on controller "Forum.Controllers.CategoryController" ("Forum").
2023-10-30 13:59:32.290 +01:00 [Information] Executing action method "Forum.Controllers.CategoryController.CategoryGrid (Forum)" - Validation state: Valid
2023-10-30 13:59:32.294 +01:00 [Information] Executed action method "Forum.Controllers.CategoryController.CategoryGrid (Forum)", returned result "Microsoft.AspNetCore.Mvc.ViewResult" in 4.022ms.
2023-10-30 13:59:32.295 +01:00 [Information] Executing ViewResult, running view "CategoryGrid".
2023-10-30 13:59:32.304 +01:00 [Information] Executed ViewResult - view "CategoryGrid" executed in 8.7584ms.
2023-10-30 13:59:32.304 +01:00 [Information] Executed action "Forum.Controllers.CategoryController.CategoryGrid (Forum)" in 47.3355ms
2023-10-30 13:59:32.304 +01:00 [Information] Executed endpoint '"Forum.Controllers.CategoryController.CategoryGrid (Forum)"'
2023-10-30 13:59:32.306 +01:00 [Information] Request finished HTTP/2 GET https://localhost:7205/Category/CategoryGrid - - - 200 - text/html;+charset=utf-8 51.0216ms
2023-10-30 13:59:32.311 +01:00 [Information] Request starting HTTP/2 GET https://localhost:7205/_vs/browserLink - -
2023-10-30 13:59:32.311 +01:00 [Information] Request starting HTTP/2 GET https://localhost:7205/_framework/aspnetcore-browser-refresh.js - -
2023-10-30 13:59:32.311 +01:00 [Information] Request finished HTTP/2 GET https://localhost:7205/_framework/aspnetcore-browser-refresh.js - - - 200 12342 application/javascript;+charset=utf-8 0.6322ms
2023-10-30 13:59:32.317 +01:00 [Information] Request finished HTTP/2 GET https://localhost:7205/_vs/browserLink - - - 200 - text/javascript;+charset=UTF-8 5.7056ms
