2023-10-14 13:45:52.821 +02:00 [Information] User profile is available. Using '"C:\Users\abdik\AppData\Local\ASP.NET\DataProtection-Keys"' as key repository and Windows DPAPI to encrypt keys at rest.
2023-10-14 13:45:53.215 +02:00 [Information] Now listening on: "https://localhost:7205"
2023-10-14 13:45:53.215 +02:00 [Information] Now listening on: "http://localhost:5112"
2023-10-14 13:45:53.218 +02:00 [Information] Application started. Press Ctrl+C to shut down.
2023-10-14 13:45:53.218 +02:00 [Information] Hosting environment: "Development"
2023-10-14 13:45:53.218 +02:00 [Information] Content root path: "C:\Users\abdik\source\repos\Riktig\MyShop\"
2023-10-14 13:45:53.495 +02:00 [Information] Request starting HTTP/2 POST https://localhost:7205/Comment/CreateComment application/x-www-form-urlencoded 254
2023-10-14 13:45:53.540 +02:00 [Information] Executing endpoint '"Forum.Controllers.CommentController.CreateComment (Forum)"'
2023-10-14 13:45:53.559 +02:00 [Information] Route matched with "{action = \"CreateComment\", controller = \"Comment\", page = \"\", area = \"\"}". Executing controller action with signature "System.Threading.Tasks.Task`1[Microsoft.AspNetCore.Mvc.IActionResult] CreateComment(Forum.Models.Comment)" on controller "Forum.Controllers.CommentController" ("Forum").
2023-10-14 13:45:53.575 +02:00 [Warning] Comment creation failed, ModelState is invalid.
2023-10-14 13:45:53.579 +02:00 [Information] Executing ViewResult, running view "CreateComment".
2023-10-14 13:45:53.673 +02:00 [Information] Executed ViewResult - view "CreateComment" executed in 93.3657ms.
2023-10-14 13:45:53.674 +02:00 [Information] Executed action "Forum.Controllers.CommentController.CreateComment (Forum)" in 114.9438ms
2023-10-14 13:45:53.674 +02:00 [Information] Executed endpoint '"Forum.Controllers.CommentController.CreateComment (Forum)"'
2023-10-14 13:45:53.685 +02:00 [Information] Request finished HTTP/2 POST https://localhost:7205/Comment/CreateComment application/x-www-form-urlencoded 254 - 200 - text/html;+charset=utf-8 192.7288ms
2023-10-14 13:45:53.685 +02:00 [Information] Request starting HTTP/2 GET https://localhost:7205/_framework/aspnetcore-browser-refresh.js - -
2023-10-14 13:45:53.687 +02:00 [Information] Request finished HTTP/2 GET https://localhost:7205/_framework/aspnetcore-browser-refresh.js - - - 200 12342 application/javascript;+charset=utf-8 2.0463ms
2023-10-14 13:45:53.697 +02:00 [Information] Request starting HTTP/2 GET https://localhost:7205/_vs/browserLink - -
2023-10-14 13:45:53.703 +02:00 [Information] Request finished HTTP/2 GET https://localhost:7205/_vs/browserLink - - - 200 - text/javascript;+charset=UTF-8 6.2227ms
2023-10-14 13:45:56.997 +02:00 [Information] Request starting HTTP/2 GET https://localhost:7205/Category/CategoryTable - -
2023-10-14 13:45:57.001 +02:00 [Information] Executing endpoint '"Forum.Controllers.CategoryController.CategoryTable (Forum)"'
2023-10-14 13:45:57.003 +02:00 [Information] Route matched with "{action = \"CategoryTable\", controller = \"Category\", page = \"\", area = \"\"}". Executing controller action with signature "System.Threading.Tasks.Task`1[Microsoft.AspNetCore.Mvc.IActionResult] CategoryTable()" on controller "Forum.Controllers.CategoryController" ("Forum").
2023-10-14 13:45:57.013 +02:00 [Information] Executing ViewResult, running view "CategoryTable".
2023-10-14 13:45:57.026 +02:00 [Information] Executed ViewResult - view "CategoryTable" executed in 12.7941ms.
2023-10-14 13:45:57.026 +02:00 [Information] Executed action "Forum.Controllers.CategoryController.CategoryTable (Forum)" in 22.5074ms
2023-10-14 13:45:57.026 +02:00 [Information] Executed endpoint '"Forum.Controllers.CategoryController.CategoryTable (Forum)"'
2023-10-14 13:45:57.027 +02:00 [Information] Request finished HTTP/2 GET https://localhost:7205/Category/CategoryTable - - - 200 - text/html;+charset=utf-8 30.0124ms
2023-10-14 13:45:57.033 +02:00 [Information] Request starting HTTP/2 GET https://localhost:7205/_vs/browserLink - -
2023-10-14 13:45:57.034 +02:00 [Information] Request starting HTTP/2 GET https://localhost:7205/_framework/aspnetcore-browser-refresh.js - -
2023-10-14 13:45:57.034 +02:00 [Information] Request finished HTTP/2 GET https://localhost:7205/_framework/aspnetcore-browser-refresh.js - - - 200 12342 application/javascript;+charset=utf-8 0.3547ms
2023-10-14 13:45:57.035 +02:00 [Information] Request finished HTTP/2 GET https://localhost:7205/_vs/browserLink - - - 200 - text/javascript;+charset=UTF-8 2.2857ms
2023-10-14 13:45:58.152 +02:00 [Information] Request starting HTTP/2 GET https://localhost:7205/Category/CreateCategory - -
2023-10-14 13:45:58.162 +02:00 [Information] Executing endpoint '"Forum.Controllers.CategoryController.CreateCategory (Forum)"'
2023-10-14 13:45:58.162 +02:00 [Information] Route matched with "{action = \"CreateCategory\", controller = \"Category\", page = \"\", area = \"\"}". Executing controller action with signature "Microsoft.AspNetCore.Mvc.IActionResult CreateCategory()" on controller "Forum.Controllers.CategoryController" ("Forum").
2023-10-14 13:45:58.163 +02:00 [Information] Executing ViewResult, running view "CreateCategory".
2023-10-14 13:45:58.170 +02:00 [Information] Executed ViewResult - view "CreateCategory" executed in 7.0533ms.
2023-10-14 13:45:58.170 +02:00 [Information] Executed action "Forum.Controllers.CategoryController.CreateCategory (Forum)" in 7.2771ms
2023-10-14 13:45:58.170 +02:00 [Information] Executed endpoint '"Forum.Controllers.CategoryController.CreateCategory (Forum)"'
2023-10-14 13:45:58.170 +02:00 [Information] Request finished HTTP/2 GET https://localhost:7205/Category/CreateCategory - - - 200 - text/html;+charset=utf-8 18.6900ms
2023-10-14 13:45:58.178 +02:00 [Information] Request starting HTTP/2 GET https://localhost:7205/_vs/browserLink - -
2023-10-14 13:45:58.179 +02:00 [Information] Request starting HTTP/2 GET https://localhost:7205/_framework/aspnetcore-browser-refresh.js - -
2023-10-14 13:45:58.179 +02:00 [Information] Request finished HTTP/2 GET https://localhost:7205/_framework/aspnetcore-browser-refresh.js - - - 200 12342 application/javascript;+charset=utf-8 0.1788ms
2023-10-14 13:45:58.180 +02:00 [Information] Request finished HTTP/2 GET https://localhost:7205/_vs/browserLink - - - 200 - text/javascript;+charset=UTF-8 1.8701ms
2023-10-14 13:45:58.806 +02:00 [Information] Request starting HTTP/2 POST https://localhost:7205/Category/CreateCategory application/x-www-form-urlencoded 231
2023-10-14 13:45:58.808 +02:00 [Information] Executing endpoint '"Forum.Controllers.CategoryController.CreateCategory (Forum)"'
2023-10-14 13:45:58.810 +02:00 [Information] Route matched with "{action = \"CreateCategory\", controller = \"Category\", page = \"\", area = \"\"}". Executing controller action with signature "System.Threading.Tasks.Task`1[Microsoft.AspNetCore.Mvc.IActionResult] CreateCategory(Forum.Models.Category)" on controller "Forum.Controllers.CategoryController" ("Forum").
2023-10-14 13:45:58.814 +02:00 [Warning] [CategoryController] Category creation failed Category { CategoryId: 0, Name: null, Rooms: null }
2023-10-14 13:45:58.815 +02:00 [Information] Executing ViewResult, running view "CreateCategory".
2023-10-14 13:45:58.817 +02:00 [Information] Executed ViewResult - view "CreateCategory" executed in 1.8637ms.
2023-10-14 13:45:58.817 +02:00 [Information] Executed action "Forum.Controllers.CategoryController.CreateCategory (Forum)" in 6.283ms
2023-10-14 13:45:58.817 +02:00 [Information] Executed endpoint '"Forum.Controllers.CategoryController.CreateCategory (Forum)"'
2023-10-14 13:45:58.817 +02:00 [Information] Request finished HTTP/2 POST https://localhost:7205/Category/CreateCategory application/x-www-form-urlencoded 231 - 200 - text/html;+charset=utf-8 11.2787ms
2023-10-14 13:45:58.824 +02:00 [Information] Request starting HTTP/2 GET https://localhost:7205/_vs/browserLink - -
2023-10-14 13:45:58.824 +02:00 [Information] Request starting HTTP/2 GET https://localhost:7205/_framework/aspnetcore-browser-refresh.js - -
2023-10-14 13:45:58.824 +02:00 [Information] Request finished HTTP/2 GET https://localhost:7205/_framework/aspnetcore-browser-refresh.js - - - 200 12342 application/javascript;+charset=utf-8 0.1329ms
2023-10-14 13:45:58.826 +02:00 [Information] Request finished HTTP/2 GET https://localhost:7205/_vs/browserLink - - - 200 - text/javascript;+charset=UTF-8 1.7265ms
2023-10-14 13:45:59.696 +02:00 [Information] Request starting HTTP/2 POST https://localhost:7205/Category/CreateCategory application/x-www-form-urlencoded 231
2023-10-14 13:45:59.698 +02:00 [Information] Executing endpoint '"Forum.Controllers.CategoryController.CreateCategory (Forum)"'
2023-10-14 13:45:59.698 +02:00 [Information] Route matched with "{action = \"CreateCategory\", controller = \"Category\", page = \"\", area = \"\"}". Executing controller action with signature "System.Threading.Tasks.Task`1[Microsoft.AspNetCore.Mvc.IActionResult] CreateCategory(Forum.Models.Category)" on controller "Forum.Controllers.CategoryController" ("Forum").
2023-10-14 13:45:59.698 +02:00 [Warning] [CategoryController] Category creation failed Category { CategoryId: 0, Name: null, Rooms: null }
2023-10-14 13:45:59.698 +02:00 [Information] Executing ViewResult, running view "CreateCategory".
2023-10-14 13:45:59.700 +02:00 [Information] Executed ViewResult - view "CreateCategory" executed in 1.9451ms.
2023-10-14 13:45:59.700 +02:00 [Information] Executed action "Forum.Controllers.CategoryController.CreateCategory (Forum)" in 2.4825ms
2023-10-14 13:45:59.700 +02:00 [Information] Executed endpoint '"Forum.Controllers.CategoryController.CreateCategory (Forum)"'
2023-10-14 13:45:59.701 +02:00 [Information] Request finished HTTP/2 POST https://localhost:7205/Category/CreateCategory application/x-www-form-urlencoded 231 - 200 - text/html;+charset=utf-8 4.8444ms
2023-10-14 13:45:59.708 +02:00 [Information] Request starting HTTP/2 GET https://localhost:7205/_vs/browserLink - -
2023-10-14 13:45:59.708 +02:00 [Information] Request starting HTTP/2 GET https://localhost:7205/_framework/aspnetcore-browser-refresh.js - -
2023-10-14 13:45:59.709 +02:00 [Information] Request finished HTTP/2 GET https://localhost:7205/_framework/aspnetcore-browser-refresh.js - - - 200 12342 application/javascript;+charset=utf-8 0.2036ms
2023-10-14 13:45:59.711 +02:00 [Information] Request finished HTTP/2 GET https://localhost:7205/_vs/browserLink - - - 200 - text/javascript;+charset=UTF-8 2.0485ms
2023-10-14 13:46:05.002 +02:00 [Information] Request starting HTTP/2 POST https://localhost:7205/Category/CreateCategory application/x-www-form-urlencoded 231
2023-10-14 13:46:05.004 +02:00 [Information] Executing endpoint '"Forum.Controllers.CategoryController.CreateCategory (Forum)"'
2023-10-14 13:46:05.004 +02:00 [Information] Route matched with "{action = \"CreateCategory\", controller = \"Category\", page = \"\", area = \"\"}". Executing controller action with signature "System.Threading.Tasks.Task`1[Microsoft.AspNetCore.Mvc.IActionResult] CreateCategory(Forum.Models.Category)" on controller "Forum.Controllers.CategoryController" ("Forum").
2023-10-14 13:46:05.004 +02:00 [Warning] [CategoryController] Category creation failed Category { CategoryId: 0, Name: null, Rooms: null }
2023-10-14 13:46:05.004 +02:00 [Information] Executing ViewResult, running view "CreateCategory".
2023-10-14 13:46:05.006 +02:00 [Information] Executed ViewResult - view "CreateCategory" executed in 1.7668ms.
2023-10-14 13:46:05.006 +02:00 [Information] Executed action "Forum.Controllers.CategoryController.CreateCategory (Forum)" in 2.2651ms
2023-10-14 13:46:05.006 +02:00 [Information] Executed endpoint '"Forum.Controllers.CategoryController.CreateCategory (Forum)"'
2023-10-14 13:46:05.007 +02:00 [Information] Request finished HTTP/2 POST https://localhost:7205/Category/CreateCategory application/x-www-form-urlencoded 231 - 200 - text/html;+charset=utf-8 4.4365ms
2023-10-14 13:46:05.013 +02:00 [Information] Request starting HTTP/2 GET https://localhost:7205/_vs/browserLink - -
2023-10-14 13:46:05.015 +02:00 [Information] Request finished HTTP/2 GET https://localhost:7205/_vs/browserLink - - - 200 - text/javascript;+charset=UTF-8 1.8320ms
2023-10-14 13:46:05.016 +02:00 [Information] Request starting HTTP/2 GET https://localhost:7205/_framework/aspnetcore-browser-refresh.js - -
2023-10-14 13:46:05.016 +02:00 [Information] Request finished HTTP/2 GET https://localhost:7205/_framework/aspnetcore-browser-refresh.js - - - 200 12342 application/javascript;+charset=utf-8 0.1537ms
2023-10-14 13:46:07.669 +02:00 [Information] Request starting HTTP/2 POST https://localhost:7205/Category/CreateCategory application/x-www-form-urlencoded 231
2023-10-14 13:46:07.670 +02:00 [Information] Executing endpoint '"Forum.Controllers.CategoryController.CreateCategory (Forum)"'
2023-10-14 13:46:07.671 +02:00 [Information] Route matched with "{action = \"CreateCategory\", controller = \"Category\", page = \"\", area = \"\"}". Executing controller action with signature "System.Threading.Tasks.Task`1[Microsoft.AspNetCore.Mvc.IActionResult] CreateCategory(Forum.Models.Category)" on controller "Forum.Controllers.CategoryController" ("Forum").
2023-10-14 13:46:07.671 +02:00 [Warning] [CategoryController] Category creation failed Category { CategoryId: 0, Name: null, Rooms: null }
2023-10-14 13:46:07.671 +02:00 [Information] Executing ViewResult, running view "CreateCategory".
2023-10-14 13:46:07.673 +02:00 [Information] Executed ViewResult - view "CreateCategory" executed in 1.5473ms.
2023-10-14 13:46:07.673 +02:00 [Information] Executed action "Forum.Controllers.CategoryController.CreateCategory (Forum)" in 2.0145ms
2023-10-14 13:46:07.673 +02:00 [Information] Executed endpoint '"Forum.Controllers.CategoryController.CreateCategory (Forum)"'
2023-10-14 13:46:07.673 +02:00 [Information] Request finished HTTP/2 POST https://localhost:7205/Category/CreateCategory application/x-www-form-urlencoded 231 - 200 - text/html;+charset=utf-8 4.0105ms
2023-10-14 13:46:07.680 +02:00 [Information] Request starting HTTP/2 GET https://localhost:7205/_vs/browserLink - -
2023-10-14 13:46:07.681 +02:00 [Information] Request starting HTTP/2 GET https://localhost:7205/_framework/aspnetcore-browser-refresh.js - -
2023-10-14 13:46:07.681 +02:00 [Information] Request finished HTTP/2 GET https://localhost:7205/_framework/aspnetcore-browser-refresh.js - - - 200 12342 application/javascript;+charset=utf-8 0.1512ms
2023-10-14 13:46:07.682 +02:00 [Information] Request finished HTTP/2 GET https://localhost:7205/_vs/browserLink - - - 200 - text/javascript;+charset=UTF-8 1.7095ms
2023-10-14 13:46:08.730 +02:00 [Information] Request starting HTTP/2 POST https://localhost:7205/Category/CreateCategory application/x-www-form-urlencoded 231
2023-10-14 13:46:08.731 +02:00 [Information] Executing endpoint '"Forum.Controllers.CategoryController.CreateCategory (Forum)"'
2023-10-14 13:46:08.731 +02:00 [Information] Route matched with "{action = \"CreateCategory\", controller = \"Category\", page = \"\", area = \"\"}". Executing controller action with signature "System.Threading.Tasks.Task`1[Microsoft.AspNetCore.Mvc.IActionResult] CreateCategory(Forum.Models.Category)" on controller "Forum.Controllers.CategoryController" ("Forum").
2023-10-14 13:46:08.731 +02:00 [Warning] [CategoryController] Category creation failed Category { CategoryId: 0, Name: null, Rooms: null }
2023-10-14 13:46:08.731 +02:00 [Information] Executing ViewResult, running view "CreateCategory".
2023-10-14 13:46:08.734 +02:00 [Information] Executed ViewResult - view "CreateCategory" executed in 2.2435ms.
2023-10-14 13:46:08.734 +02:00 [Information] Executed action "Forum.Controllers.CategoryController.CreateCategory (Forum)" in 2.7105ms
2023-10-14 13:46:08.734 +02:00 [Information] Executed endpoint '"Forum.Controllers.CategoryController.CreateCategory (Forum)"'
2023-10-14 13:46:08.734 +02:00 [Information] Request finished HTTP/2 POST https://localhost:7205/Category/CreateCategory application/x-www-form-urlencoded 231 - 200 - text/html;+charset=utf-8 4.9170ms
2023-10-14 13:46:08.742 +02:00 [Information] Request starting HTTP/2 GET https://localhost:7205/_vs/browserLink - -
2023-10-14 13:46:08.744 +02:00 [Information] Request starting HTTP/2 GET https://localhost:7205/_framework/aspnetcore-browser-refresh.js - -
2023-10-14 13:46:08.744 +02:00 [Information] Request finished HTTP/2 GET https://localhost:7205/_framework/aspnetcore-browser-refresh.js - - - 200 12342 application/javascript;+charset=utf-8 0.1736ms
2023-10-14 13:46:08.744 +02:00 [Information] Request finished HTTP/2 GET https://localhost:7205/_vs/browserLink - - - 200 - text/javascript;+charset=UTF-8 1.8172ms
