2023-10-30 21:40:03.744 +01:00 [Information] User profile is available. Using '"C:\Users\abdik\AppData\Local\ASP.NET\DataProtection-Keys"' as key repository and Windows DPAPI to encrypt keys at rest.
2023-10-30 21:40:04.211 +01:00 [Information] Now listening on: "https://localhost:7205"
2023-10-30 21:40:04.211 +01:00 [Information] Now listening on: "http://localhost:5112"
2023-10-30 21:40:04.214 +01:00 [Information] Application started. Press Ctrl+C to shut down.
2023-10-30 21:40:04.215 +01:00 [Information] Hosting environment: "Development"
2023-10-30 21:40:04.215 +01:00 [Information] Content root path: "C:\Users\abdik\Source\Repos\Forum\MyShop\"
2023-10-30 21:40:04.501 +01:00 [Information] Request starting HTTP/2 GET https://localhost:7205/Topic/TopicTable - -
2023-10-30 21:40:04.557 +01:00 [Information] Executing endpoint '"Forum.Controllers.TopicController.TopicTable (Forum)"'
2023-10-30 21:40:04.570 +01:00 [Information] Route matched with "{action = \"TopicTable\", controller = \"Topic\", page = \"\", area = \"\"}". Executing controller action with signature "System.Threading.Tasks.Task`1[Microsoft.AspNetCore.Mvc.IActionResult] TopicTable()" on controller "Forum.Controllers.TopicController" ("Forum").
2023-10-30 21:40:04.604 +01:00 [Information] Executing ViewResult, running view "TopicTable".
2023-10-30 21:40:04.758 +01:00 [Information] Executed ViewResult - view "TopicTable" executed in 153.3385ms.
2023-10-30 21:40:04.760 +01:00 [Information] Executed action "Forum.Controllers.TopicController.TopicTable (Forum)" in 189.4581ms
2023-10-30 21:40:04.761 +01:00 [Information] Executed endpoint '"Forum.Controllers.TopicController.TopicTable (Forum)"'
2023-10-30 21:40:04.779 +01:00 [Information] Request finished HTTP/2 GET https://localhost:7205/Topic/TopicTable - - - 200 - text/html;+charset=utf-8 280.2433ms
2023-10-30 21:40:04.779 +01:00 [Information] Request starting HTTP/2 GET https://localhost:7205/css/style.css?v=23NGxWHpSmfEHfsX2YujyP5NighLb05kTFrOwgcBk0U - -
2023-10-30 21:40:04.791 +01:00 [Information] The file "/css/style.css" was not modified
2023-10-30 21:40:04.792 +01:00 [Information] Request starting HTTP/2 GET https://localhost:7205/_framework/aspnetcore-browser-refresh.js - -
2023-10-30 21:40:04.792 +01:00 [Information] Request finished HTTP/2 GET https://localhost:7205/css/style.css?v=23NGxWHpSmfEHfsX2YujyP5NighLb05kTFrOwgcBk0U - - - 304 - text/css 12.8844ms
2023-10-30 21:40:04.794 +01:00 [Information] Request finished HTTP/2 GET https://localhost:7205/_framework/aspnetcore-browser-refresh.js - - - 200 12342 application/javascript;+charset=utf-8 1.9887ms
2023-10-30 21:40:04.795 +01:00 [Information] Request starting HTTP/2 GET https://localhost:7205/_vs/browserLink - -
2023-10-30 21:40:04.802 +01:00 [Information] Request finished HTTP/2 GET https://localhost:7205/_vs/browserLink - - - 200 - text/javascript;+charset=UTF-8 6.6532ms
