2023-10-24 10:05:37.899 +02:00 [Information] User profile is available. Using '"C:\Users\abdik\AppData\Local\ASP.NET\DataProtection-Keys"' as key repository and Windows DPAPI to encrypt keys at rest.
2023-10-24 10:05:38.279 +02:00 [Information] Now listening on: "https://localhost:7205"
2023-10-24 10:05:38.279 +02:00 [Information] Now listening on: "http://localhost:5112"
2023-10-24 10:05:38.282 +02:00 [Information] Application started. Press Ctrl+C to shut down.
2023-10-24 10:05:38.282 +02:00 [Information] Hosting environment: "Development"
2023-10-24 10:05:38.282 +02:00 [Information] Content root path: "C:\Users\abdik\Source\Repos\Forum\MyShop\"
2023-10-24 10:05:38.576 +02:00 [Information] Request starting HTTP/2 GET https://localhost:7205/ - -
2023-10-24 10:05:38.614 +02:00 [Information] Executing endpoint '"Forum.Controllers.HomeController.Index (Forum)"'
2023-10-24 10:05:38.621 +02:00 [Information] Route matched with "{action = \"Index\", controller = \"Home\", page = \"\", area = \"\"}". Executing controller action with signature "Microsoft.AspNetCore.Mvc.IActionResult Index()" on controller "Forum.Controllers.HomeController" ("Forum").
2023-10-24 10:05:38.625 +02:00 [Information] Executing ViewResult, running view "Index".
2023-10-24 10:05:38.720 +02:00 [Information] Executed ViewResult - view "Index" executed in 93.3754ms.
2023-10-24 10:05:38.722 +02:00 [Information] Executed action "Forum.Controllers.HomeController.Index (Forum)" in 100.1586ms
2023-10-24 10:05:38.722 +02:00 [Information] Executed endpoint '"Forum.Controllers.HomeController.Index (Forum)"'
2023-10-24 10:05:38.734 +02:00 [Information] Request finished HTTP/2 GET https://localhost:7205/ - - - 200 - text/html;+charset=utf-8 160.3161ms
2023-10-24 10:05:38.740 +02:00 [Information] Request starting HTTP/2 GET https://localhost:7205/lib/bootstrap/js/bootstrap.js - -
2023-10-24 10:05:38.740 +02:00 [Information] Request starting HTTP/2 GET https://localhost:7205/lib/bootstrap/css/crtstyle.css - -
2023-10-24 10:05:38.740 +02:00 [Information] Request starting HTTP/2 GET https://localhost:7205/style.css - -
2023-10-24 10:05:38.740 +02:00 [Information] Request starting HTTP/2 GET https://localhost:7205/lib/jquery/jquery.js - -
2023-10-24 10:05:38.740 +02:00 [Information] Request starting HTTP/2 GET https://localhost:7205/... - -
2023-10-24 10:05:38.740 +02:00 [Information] Request starting HTTP/2 GET https://localhost:7205/css/style.css?v=35HH4RfJtST0sDq0rMotu1E2heftLFgWrkUbXojxluA - -
2023-10-24 10:05:38.740 +02:00 [Information] Request starting HTTP/2 GET https://localhost:7205/_framework/aspnetcore-browser-refresh.js - -
2023-10-24 10:05:38.742 +02:00 [Information] Request finished HTTP/2 GET https://localhost:7205/_framework/aspnetcore-browser-refresh.js - - - 200 12342 application/javascript;+charset=utf-8 2.6564ms
2023-10-24 10:05:38.744 +02:00 [Information] Request finished HTTP/2 GET https://localhost:7205/style.css - - - 404 0 - 4.0181ms
2023-10-24 10:05:38.748 +02:00 [Information] Request finished HTTP/2 GET https://localhost:7205/... - - - 404 0 - 8.9282ms
2023-10-24 10:05:38.751 +02:00 [Information] The file "/lib/jquery/jquery.js" was not modified
2023-10-24 10:05:38.751 +02:00 [Information] The file "/lib/bootstrap/css/crtstyle.css" was not modified
2023-10-24 10:05:38.751 +02:00 [Information] The file "/lib/bootstrap/js/bootstrap.js" was not modified
2023-10-24 10:05:38.751 +02:00 [Information] The file "/css/style.css" was not modified
2023-10-24 10:05:38.751 +02:00 [Information] Request finished HTTP/2 GET https://localhost:7205/lib/jquery/jquery.js - - - 304 - application/javascript 11.4811ms
2023-10-24 10:05:38.751 +02:00 [Information] Request finished HTTP/2 GET https://localhost:7205/lib/bootstrap/js/bootstrap.js - - - 304 - application/javascript 11.4629ms
2023-10-24 10:05:38.751 +02:00 [Information] Request finished HTTP/2 GET https://localhost:7205/lib/bootstrap/css/crtstyle.css - - - 304 - text/css 11.5367ms
2023-10-24 10:05:38.751 +02:00 [Information] Request finished HTTP/2 GET https://localhost:7205/css/style.css?v=35HH4RfJtST0sDq0rMotu1E2heftLFgWrkUbXojxluA - - - 304 - text/css 11.5430ms
2023-10-24 10:05:38.757 +02:00 [Information] Request starting HTTP/2 GET https://localhost:7205/_vs/browserLink - -
2023-10-24 10:05:38.763 +02:00 [Information] Request finished HTTP/2 GET https://localhost:7205/_vs/browserLink - - - 200 - text/javascript;+charset=UTF-8 5.8785ms
2023-10-24 10:05:38.768 +02:00 [Information] Request starting HTTP/2 GET https://localhost:7205/... - -
2023-10-24 10:05:38.778 +02:00 [Information] Request finished HTTP/2 GET https://localhost:7205/... - - - 404 0 - 10.0423ms
