2023-10-24 12:02:23.372 +02:00 [Information] User profile is available. Using '"C:\Users\abdik\AppData\Local\ASP.NET\DataProtection-Keys"' as key repository and Windows DPAPI to encrypt keys at rest.
2023-10-24 12:02:23.771 +02:00 [Information] Now listening on: "https://localhost:7205"
2023-10-24 12:02:23.771 +02:00 [Information] Now listening on: "http://localhost:5112"
2023-10-24 12:02:23.774 +02:00 [Information] Application started. Press Ctrl+C to shut down.
2023-10-24 12:02:23.774 +02:00 [Information] Hosting environment: "Development"
2023-10-24 12:02:23.774 +02:00 [Information] Content root path: "C:\Users\abdik\Source\Repos\Forum\MyShop\"
2023-10-24 12:02:24.260 +02:00 [Information] Request starting HTTP/2 GET https://localhost:7205/ - -
2023-10-24 12:02:24.297 +02:00 [Information] Executing endpoint '"Forum.Controllers.HomeController.Index (Forum)"'
2023-10-24 12:02:24.304 +02:00 [Information] Route matched with "{action = \"Index\", controller = \"Home\", page = \"\", area = \"\"}". Executing controller action with signature "Microsoft.AspNetCore.Mvc.IActionResult Index()" on controller "Forum.Controllers.HomeController" ("Forum").
2023-10-24 12:02:24.308 +02:00 [Information] Executing ViewResult, running view "Index".
2023-10-24 12:02:24.409 +02:00 [Information] Executed ViewResult - view "Index" executed in 100.5005ms.
2023-10-24 12:02:24.411 +02:00 [Information] Executed action "Forum.Controllers.HomeController.Index (Forum)" in 106.4832ms
2023-10-24 12:02:24.411 +02:00 [Information] Executed endpoint '"Forum.Controllers.HomeController.Index (Forum)"'
2023-10-24 12:02:24.423 +02:00 [Information] Request finished HTTP/2 GET https://localhost:7205/ - - - 200 - text/html;+charset=utf-8 165.1959ms
2023-10-24 12:02:24.424 +02:00 [Information] Request starting HTTP/2 GET https://localhost:7205/_vs/browserLink - -
2023-10-24 12:02:24.424 +02:00 [Information] Request starting HTTP/2 GET https://localhost:7205/_framework/aspnetcore-browser-refresh.js - -
2023-10-24 12:02:24.424 +02:00 [Information] Request starting HTTP/2 GET https://localhost:7205/style.css - -
2023-10-24 12:02:24.426 +02:00 [Information] Request finished HTTP/2 GET https://localhost:7205/_framework/aspnetcore-browser-refresh.js - - - 200 12342 application/javascript;+charset=utf-8 2.1486ms
2023-10-24 12:02:24.426 +02:00 [Information] Request finished HTTP/2 GET https://localhost:7205/style.css - - - 404 0 - 2.6062ms
2023-10-24 12:02:24.430 +02:00 [Information] Request finished HTTP/2 GET https://localhost:7205/_vs/browserLink - - - 200 - text/javascript;+charset=UTF-8 6.6095ms
