2023-10-30 18:31:00.035 +01:00 [Information] User profile is available. Using '"C:\Users\abdik\AppData\Local\ASP.NET\DataProtection-Keys"' as key repository and Windows DPAPI to encrypt keys at rest.
2023-10-30 18:31:00.494 +01:00 [Information] Now listening on: "https://localhost:7205"
2023-10-30 18:31:00.494 +01:00 [Information] Now listening on: "http://localhost:5112"
2023-10-30 18:31:00.498 +01:00 [Information] Application started. Press Ctrl+C to shut down.
2023-10-30 18:31:00.498 +01:00 [Information] Hosting environment: "Development"
2023-10-30 18:31:00.498 +01:00 [Information] Content root path: "C:\Users\abdik\Source\Repos\Forum\MyShop\"
2023-10-30 18:31:00.592 +01:00 [Information] Request starting HTTP/2 GET https://localhost:7205/Post/PostDetails/2 - -
2023-10-30 18:31:00.632 +01:00 [Information] Executing endpoint '"Forum.Controllers.PostController.PostDetails (Forum)"'
2023-10-30 18:31:00.649 +01:00 [Information] Route matched with "{action = \"PostDetails\", controller = \"Post\", page = \"\", area = \"\"}". Executing controller action with signature "System.Threading.Tasks.Task`1[Microsoft.AspNetCore.Mvc.IActionResult] PostDetails(Int32)" on controller "Forum.Controllers.PostController" ("Forum").
2023-10-30 18:31:00.695 +01:00 [Information] Executing ViewResult, running view "PostDetails".
2023-10-30 18:31:00.859 +01:00 [Information] Executed ViewResult - view "PostDetails" executed in 164.0708ms.
2023-10-30 18:31:00.860 +01:00 [Information] Executed action "Forum.Controllers.PostController.PostDetails (Forum)" in 211.3575ms
2023-10-30 18:31:00.860 +01:00 [Information] Executed endpoint '"Forum.Controllers.PostController.PostDetails (Forum)"'
2023-10-30 18:31:00.873 +01:00 [Information] Request finished HTTP/2 GET https://localhost:7205/Post/PostDetails/2 - - - 200 - text/html;+charset=utf-8 283.2891ms
2023-10-30 18:31:00.873 +01:00 [Information] Request starting HTTP/2 GET https://localhost:7205/css/style.css?v=7qXswWkwcHuhatYiXCkiEczRrR7WNwT7ifp5qa6kH28 - -
2023-10-30 18:31:00.873 +01:00 [Information] Request starting HTTP/2 GET https://localhost:7205/css/style.css - -
2023-10-30 18:31:00.873 +01:00 [Information] Request starting HTTP/2 GET https://localhost:7205/_framework/aspnetcore-browser-refresh.js - -
2023-10-30 18:31:00.875 +01:00 [Information] Request finished HTTP/2 GET https://localhost:7205/_framework/aspnetcore-browser-refresh.js - - - 200 12342 application/javascript;+charset=utf-8 1.7142ms
2023-10-30 18:31:00.876 +01:00 [Information] The file "/css/style.css" was not modified
2023-10-30 18:31:00.876 +01:00 [Information] The file "/css/style.css" was not modified
2023-10-30 18:31:00.876 +01:00 [Information] Request finished HTTP/2 GET https://localhost:7205/css/style.css?v=7qXswWkwcHuhatYiXCkiEczRrR7WNwT7ifp5qa6kH28 - - - 304 - text/css 2.9053ms
2023-10-30 18:31:00.876 +01:00 [Information] Request finished HTTP/2 GET https://localhost:7205/css/style.css - - - 304 - text/css 2.9238ms
2023-10-30 18:31:00.882 +01:00 [Information] Request starting HTTP/2 GET https://localhost:7205/_vs/browserLink - -
2023-10-30 18:31:00.888 +01:00 [Information] Request finished HTTP/2 GET https://localhost:7205/_vs/browserLink - - - 200 - text/javascript;+charset=UTF-8 6.3430ms
2023-10-30 18:31:09.332 +01:00 [Information] Request starting HTTP/2 GET https://localhost:7205/ - -
2023-10-30 18:31:09.333 +01:00 [Information] Executing endpoint '"Forum.Controllers.HomeController.Index (Forum)"'
2023-10-30 18:31:09.335 +01:00 [Information] Route matched with "{action = \"Index\", controller = \"Home\", page = \"\", area = \"\"}". Executing controller action with signature "System.Threading.Tasks.Task`1[Microsoft.AspNetCore.Mvc.IActionResult] Index()" on controller "Forum.Controllers.HomeController" ("Forum").
2023-10-30 18:31:09.343 +01:00 [Information] Executing ViewResult, running view "Index".
2023-10-30 18:31:09.376 +01:00 [Information] Executed ViewResult - view "Index" executed in 33.369ms.
2023-10-30 18:31:09.377 +01:00 [Information] Executed action "Forum.Controllers.HomeController.Index (Forum)" in 41.3951ms
2023-10-30 18:31:09.377 +01:00 [Information] Executed endpoint '"Forum.Controllers.HomeController.Index (Forum)"'
2023-10-30 18:31:09.378 +01:00 [Information] Request finished HTTP/2 GET https://localhost:7205/ - - - 200 - text/html;+charset=utf-8 46.8163ms
2023-10-30 18:31:09.393 +01:00 [Information] Request starting HTTP/2 GET https://localhost:7205/images/fotball.jpg - -
2023-10-30 18:31:09.393 +01:00 [Information] Request starting HTTP/2 GET https://localhost:7205/images/formula1.jpg - -
2023-10-30 18:31:09.394 +01:00 [Information] The file "/images/fotball.jpg" was not modified
2023-10-30 18:31:09.394 +01:00 [Information] The file "/images/formula1.jpg" was not modified
2023-10-30 18:31:09.394 +01:00 [Information] Request finished HTTP/2 GET https://localhost:7205/images/fotball.jpg - - - 304 - image/jpeg 0.5650ms
2023-10-30 18:31:09.394 +01:00 [Information] Request finished HTTP/2 GET https://localhost:7205/images/formula1.jpg - - - 304 - image/jpeg 0.6289ms
2023-10-30 18:31:09.395 +01:00 [Information] Request starting HTTP/2 GET https://localhost:7205/images/vacation.jpg - -
2023-10-30 18:31:09.396 +01:00 [Information] The file "/images/vacation.jpg" was not modified
2023-10-30 18:31:09.396 +01:00 [Information] Request finished HTTP/2 GET https://localhost:7205/images/vacation.jpg - - - 304 - image/jpeg 0.3993ms
2023-10-30 18:31:09.396 +01:00 [Information] Request starting HTTP/2 GET https://localhost:7205/images/mosque.jpg - -
2023-10-30 18:31:09.396 +01:00 [Information] Request starting HTTP/2 GET https://localhost:7205/_framework/aspnetcore-browser-refresh.js - -
2023-10-30 18:31:09.396 +01:00 [Information] The file "/images/mosque.jpg" was not modified
2023-10-30 18:31:09.396 +01:00 [Information] Request finished HTTP/2 GET https://localhost:7205/images/mosque.jpg - - - 304 - image/jpeg 0.2558ms
2023-10-30 18:31:09.396 +01:00 [Information] Request finished HTTP/2 GET https://localhost:7205/_framework/aspnetcore-browser-refresh.js - - - 200 12342 application/javascript;+charset=utf-8 0.2941ms
2023-10-30 18:31:09.397 +01:00 [Information] Request starting HTTP/2 GET https://localhost:7205/images/cyberS.jpg - -
2023-10-30 18:31:09.397 +01:00 [Information] The file "/images/cyberS.jpg" was not modified
2023-10-30 18:31:09.397 +01:00 [Information] Request finished HTTP/2 GET https://localhost:7205/images/cyberS.jpg - - - 304 - image/jpeg 0.2177ms
2023-10-30 18:31:09.398 +01:00 [Information] Request starting HTTP/2 GET https://localhost:7205/images/skiEquipments.jpg - -
2023-10-30 18:31:09.398 +01:00 [Information] Request starting HTTP/2 GET https://localhost:7205/_vs/browserLink - -
2023-10-30 18:31:09.398 +01:00 [Information] The file "/images/skiEquipments.jpg" was not modified
2023-10-30 18:31:09.398 +01:00 [Information] Request finished HTTP/2 GET https://localhost:7205/images/skiEquipments.jpg - - - 304 - image/jpeg 0.2744ms
2023-10-30 18:31:09.400 +01:00 [Information] Request finished HTTP/2 GET https://localhost:7205/_vs/browserLink - - - 200 - text/javascript;+charset=UTF-8 1.7838ms
2023-10-30 18:31:12.550 +01:00 [Information] Request starting HTTP/2 GET https://localhost:7205/Category/CategoryTable - -
2023-10-30 18:31:12.552 +01:00 [Information] Executing endpoint '"Forum.Controllers.CategoryController.CategoryTable (Forum)"'
2023-10-30 18:31:12.554 +01:00 [Information] Route matched with "{action = \"CategoryTable\", controller = \"Category\", page = \"\", area = \"\"}". Executing controller action with signature "System.Threading.Tasks.Task`1[Microsoft.AspNetCore.Mvc.IActionResult] CategoryTable()" on controller "Forum.Controllers.CategoryController" ("Forum").
2023-10-30 18:31:12.558 +01:00 [Information] Executing ViewResult, running view "CategoryTable".
2023-10-30 18:31:12.566 +01:00 [Information] Executed ViewResult - view "CategoryTable" executed in 7.4583ms.
2023-10-30 18:31:12.566 +01:00 [Information] Executed action "Forum.Controllers.CategoryController.CategoryTable (Forum)" in 11.9882ms
2023-10-30 18:31:12.566 +01:00 [Information] Executed endpoint '"Forum.Controllers.CategoryController.CategoryTable (Forum)"'
2023-10-30 18:31:12.567 +01:00 [Information] Request finished HTTP/2 GET https://localhost:7205/Category/CategoryTable - - - 200 - text/html;+charset=utf-8 16.4860ms
2023-10-30 18:31:12.578 +01:00 [Information] Request starting HTTP/2 GET https://localhost:7205/_vs/browserLink - -
2023-10-30 18:31:12.578 +01:00 [Information] Request starting HTTP/2 GET https://localhost:7205/_framework/aspnetcore-browser-refresh.js - -
2023-10-30 18:31:12.578 +01:00 [Information] Request finished HTTP/2 GET https://localhost:7205/_framework/aspnetcore-browser-refresh.js - - - 200 12342 application/javascript;+charset=utf-8 0.2657ms
2023-10-30 18:31:12.579 +01:00 [Information] Request finished HTTP/2 GET https://localhost:7205/_vs/browserLink - - - 200 - text/javascript;+charset=UTF-8 1.6930ms
