2023-10-30 18:25:12.733 +01:00 [Information] User profile is available. Using '"C:\Users\abdik\AppData\Local\ASP.NET\DataProtection-Keys"' as key repository and Windows DPAPI to encrypt keys at rest.
2023-10-30 18:25:13.211 +01:00 [Information] Now listening on: "https://localhost:7205"
2023-10-30 18:25:13.211 +01:00 [Information] Now listening on: "http://localhost:5112"
2023-10-30 18:25:13.216 +01:00 [Information] Application started. Press Ctrl+C to shut down.
2023-10-30 18:25:13.216 +01:00 [Information] Hosting environment: "Development"
2023-10-30 18:25:13.216 +01:00 [Information] Content root path: "C:\Users\abdik\Source\Repos\Forum\MyShop\"
2023-10-30 18:25:13.303 +01:00 [Information] Request starting HTTP/2 GET https://localhost:7205/Post/PostDetails/9 - -
2023-10-30 18:25:13.348 +01:00 [Information] Executing endpoint '"Forum.Controllers.PostController.PostDetails (Forum)"'
2023-10-30 18:25:13.364 +01:00 [Information] Route matched with "{action = \"PostDetails\", controller = \"Post\", page = \"\", area = \"\"}". Executing controller action with signature "System.Threading.Tasks.Task`1[Microsoft.AspNetCore.Mvc.IActionResult] PostDetails(Int32)" on controller "Forum.Controllers.PostController" ("Forum").
2023-10-30 18:25:13.406 +01:00 [Information] Executing ViewResult, running view "PostDetails".
2023-10-30 18:25:13.580 +01:00 [Information] Executed ViewResult - view "PostDetails" executed in 173.3608ms.
2023-10-30 18:25:13.581 +01:00 [Information] Executed action "Forum.Controllers.PostController.PostDetails (Forum)" in 216.7826ms
2023-10-30 18:25:13.582 +01:00 [Information] Executed endpoint '"Forum.Controllers.PostController.PostDetails (Forum)"'
2023-10-30 18:25:13.600 +01:00 [Information] Request finished HTTP/2 GET https://localhost:7205/Post/PostDetails/9 - - - 200 - text/html;+charset=utf-8 299.7447ms
2023-10-30 18:25:13.601 +01:00 [Information] Request starting HTTP/2 GET https://localhost:7205/css/style.css?v=7qXswWkwcHuhatYiXCkiEczRrR7WNwT7ifp5qa6kH28 - -
2023-10-30 18:25:13.601 +01:00 [Information] Request starting HTTP/2 GET https://localhost:7205/_framework/aspnetcore-browser-refresh.js - -
2023-10-30 18:25:13.601 +01:00 [Information] Request starting HTTP/2 GET https://localhost:7205/css/style.css - -
2023-10-30 18:25:13.602 +01:00 [Information] Request finished HTTP/2 GET https://localhost:7205/_framework/aspnetcore-browser-refresh.js - - - 200 12342 application/javascript;+charset=utf-8 1.7254ms
2023-10-30 18:25:13.604 +01:00 [Information] The file "/css/style.css" was not modified
2023-10-30 18:25:13.604 +01:00 [Information] The file "/css/style.css" was not modified
2023-10-30 18:25:13.604 +01:00 [Information] Request finished HTTP/2 GET https://localhost:7205/css/style.css?v=7qXswWkwcHuhatYiXCkiEczRrR7WNwT7ifp5qa6kH28 - - - 304 - text/css 3.1449ms
2023-10-30 18:25:13.604 +01:00 [Information] Request finished HTTP/2 GET https://localhost:7205/css/style.css - - - 304 - text/css 3.1499ms
2023-10-30 18:25:13.612 +01:00 [Information] Request starting HTTP/2 GET https://localhost:7205/_vs/browserLink - -
2023-10-30 18:25:13.645 +01:00 [Information] Request finished HTTP/2 GET https://localhost:7205/_vs/browserLink - - - 200 - text/javascript;+charset=UTF-8 33.3898ms
