2023-10-30 20:35:09.137 +01:00 [Information] User profile is available. Using '"C:\Users\abdik\AppData\Local\ASP.NET\DataProtection-Keys"' as key repository and Windows DPAPI to encrypt keys at rest.
2023-10-30 20:35:09.607 +01:00 [Information] Now listening on: "https://localhost:7205"
2023-10-30 20:35:09.607 +01:00 [Information] Now listening on: "http://localhost:5112"
2023-10-30 20:35:09.610 +01:00 [Information] Application started. Press Ctrl+C to shut down.
2023-10-30 20:35:09.611 +01:00 [Information] Hosting environment: "Development"
2023-10-30 20:35:09.611 +01:00 [Information] Content root path: "C:\Users\abdik\Source\Repos\Forum\MyShop\"
2023-10-30 20:35:09.719 +01:00 [Information] Request starting HTTP/2 GET https://localhost:7205/Search/Search?search=Liverpool - -
2023-10-30 20:35:09.761 +01:00 [Information] Executing endpoint '"Forum.Controllers.SearchController.Search (Forum)"'
2023-10-30 20:35:09.777 +01:00 [Information] Route matched with "{action = \"Search\", controller = \"Search\", page = \"\", area = \"\"}". Executing controller action with signature "Microsoft.AspNetCore.Mvc.IActionResult Search(System.String)" on controller "Forum.Controllers.SearchController" ("Forum").
2023-10-30 20:35:09.864 +01:00 [Information] Executing ViewResult, running view "Search".
2023-10-30 20:35:09.956 +01:00 [Information] Executed ViewResult - view "Search" executed in 91.5528ms.
2023-10-30 20:35:09.957 +01:00 [Information] Executed action "Forum.Controllers.SearchController.Search (Forum)" in 179.9639ms
2023-10-30 20:35:09.958 +01:00 [Information] Executed endpoint '"Forum.Controllers.SearchController.Search (Forum)"'
2023-10-30 20:35:09.969 +01:00 [Information] Request finished HTTP/2 GET https://localhost:7205/Search/Search?search=Liverpool - - - 200 - text/html;+charset=utf-8 252.7468ms
2023-10-30 20:35:09.970 +01:00 [Information] Request starting HTTP/2 GET https://localhost:7205/css/style.css?v=AgJcY_VeUqGDk3PkviFyUgWw-jRgbwAkkqJ2YJ3RfHE - -
2023-10-30 20:35:09.970 +01:00 [Information] Request starting HTTP/2 GET https://localhost:7205/_framework/aspnetcore-browser-refresh.js - -
2023-10-30 20:35:09.970 +01:00 [Information] Request starting HTTP/2 GET https://localhost:7205/_vs/browserLink - -
2023-10-30 20:35:09.972 +01:00 [Information] Request finished HTTP/2 GET https://localhost:7205/_framework/aspnetcore-browser-refresh.js - - - 200 12342 application/javascript;+charset=utf-8 1.7539ms
2023-10-30 20:35:09.972 +01:00 [Information] The file "/css/style.css" was not modified
2023-10-30 20:35:09.972 +01:00 [Information] Request finished HTTP/2 GET https://localhost:7205/css/style.css?v=AgJcY_VeUqGDk3PkviFyUgWw-jRgbwAkkqJ2YJ3RfHE - - - 304 - text/css 2.5503ms
2023-10-30 20:35:09.976 +01:00 [Information] Request finished HTTP/2 GET https://localhost:7205/_vs/browserLink - - - 200 - text/javascript;+charset=UTF-8 6.2285ms
2023-10-30 20:35:12.640 +01:00 [Information] Request starting HTTP/2 GET https://localhost:7205/Search/Search?search=Data - -
2023-10-30 20:35:12.643 +01:00 [Information] Executing endpoint '"Forum.Controllers.SearchController.Search (Forum)"'
2023-10-30 20:35:12.643 +01:00 [Information] Route matched with "{action = \"Search\", controller = \"Search\", page = \"\", area = \"\"}". Executing controller action with signature "Microsoft.AspNetCore.Mvc.IActionResult Search(System.String)" on controller "Forum.Controllers.SearchController" ("Forum").
2023-10-30 20:35:12.647 +01:00 [Information] Executing ViewResult, running view "Search".
2023-10-30 20:35:12.651 +01:00 [Information] Executed ViewResult - view "Search" executed in 4.0191ms.
2023-10-30 20:35:12.651 +01:00 [Information] Executed action "Forum.Controllers.SearchController.Search (Forum)" in 8.6668ms
2023-10-30 20:35:12.651 +01:00 [Information] Executed endpoint '"Forum.Controllers.SearchController.Search (Forum)"'
2023-10-30 20:35:12.653 +01:00 [Information] Request finished HTTP/2 GET https://localhost:7205/Search/Search?search=Data - - - 200 - text/html;+charset=utf-8 12.7198ms
2023-10-30 20:35:12.662 +01:00 [Information] Request starting HTTP/2 GET https://localhost:7205/_vs/browserLink - -
2023-10-30 20:35:12.662 +01:00 [Information] Request starting HTTP/2 GET https://localhost:7205/_framework/aspnetcore-browser-refresh.js - -
2023-10-30 20:35:12.663 +01:00 [Information] Request finished HTTP/2 GET https://localhost:7205/_framework/aspnetcore-browser-refresh.js - - - 200 12342 application/javascript;+charset=utf-8 0.3616ms
2023-10-30 20:35:12.664 +01:00 [Information] Request finished HTTP/2 GET https://localhost:7205/_vs/browserLink - - - 200 - text/javascript;+charset=UTF-8 1.8850ms
2023-10-30 20:35:14.787 +01:00 [Information] Request starting HTTP/2 GET https://localhost:7205/Category/CategoryDetails/2 - -
2023-10-30 20:35:14.797 +01:00 [Information] Executing endpoint '"Forum.Controllers.CategoryController.CategoryDetails (Forum)"'
2023-10-30 20:35:14.799 +01:00 [Information] Route matched with "{action = \"CategoryDetails\", controller = \"Category\", page = \"\", area = \"\"}". Executing controller action with signature "System.Threading.Tasks.Task`1[Microsoft.AspNetCore.Mvc.IActionResult] CategoryDetails(Int32)" on controller "Forum.Controllers.CategoryController" ("Forum").
2023-10-30 20:35:14.802 +01:00 [Information] [CategoryController] Id passed to categorydetails: 2.
2023-10-30 20:35:14.802 +01:00 [Information] [CategoryRep] Getting the category with id: 2: 
2023-10-30 20:35:14.814 +01:00 [Information] Executing ViewResult, running view "CategoryDetails".
2023-10-30 20:35:14.839 +01:00 [Information] Executed ViewResult - view "CategoryDetails" executed in 25.3607ms.
2023-10-30 20:35:14.839 +01:00 [Information] Executed action "Forum.Controllers.CategoryController.CategoryDetails (Forum)" in 39.7639ms
2023-10-30 20:35:14.839 +01:00 [Information] Executed endpoint '"Forum.Controllers.CategoryController.CategoryDetails (Forum)"'
2023-10-30 20:35:14.840 +01:00 [Information] Request finished HTTP/2 GET https://localhost:7205/Category/CategoryDetails/2 - - - 200 - text/html;+charset=utf-8 52.9720ms
2023-10-30 20:35:14.848 +01:00 [Information] Request starting HTTP/2 GET https://localhost:7205/_framework/aspnetcore-browser-refresh.js - -
2023-10-30 20:35:14.848 +01:00 [Information] Request starting HTTP/2 GET https://localhost:7205/_vs/browserLink - -
2023-10-30 20:35:14.849 +01:00 [Information] Request finished HTTP/2 GET https://localhost:7205/_framework/aspnetcore-browser-refresh.js - - - 200 12342 application/javascript;+charset=utf-8 0.2061ms
2023-10-30 20:35:14.850 +01:00 [Information] Request finished HTTP/2 GET https://localhost:7205/_vs/browserLink - - - 200 - text/javascript;+charset=UTF-8 1.6916ms
2023-10-30 20:35:15.990 +01:00 [Information] Request starting HTTP/2 GET https://localhost:7205/Search/Search?search=Data - -
2023-10-30 20:35:15.992 +01:00 [Information] Executing endpoint '"Forum.Controllers.SearchController.Search (Forum)"'
2023-10-30 20:35:15.992 +01:00 [Information] Route matched with "{action = \"Search\", controller = \"Search\", page = \"\", area = \"\"}". Executing controller action with signature "Microsoft.AspNetCore.Mvc.IActionResult Search(System.String)" on controller "Forum.Controllers.SearchController" ("Forum").
2023-10-30 20:35:15.994 +01:00 [Information] Executing ViewResult, running view "Search".
2023-10-30 20:35:15.997 +01:00 [Information] Executed ViewResult - view "Search" executed in 2.3529ms.
2023-10-30 20:35:15.997 +01:00 [Information] Executed action "Forum.Controllers.SearchController.Search (Forum)" in 4.4886ms
2023-10-30 20:35:15.997 +01:00 [Information] Executed endpoint '"Forum.Controllers.SearchController.Search (Forum)"'
2023-10-30 20:35:15.997 +01:00 [Information] Request finished HTTP/2 GET https://localhost:7205/Search/Search?search=Data - - - 200 - text/html;+charset=utf-8 7.2451ms
2023-10-30 20:35:16.008 +01:00 [Information] Request starting HTTP/2 GET https://localhost:7205/_framework/aspnetcore-browser-refresh.js - -
2023-10-30 20:35:16.008 +01:00 [Information] Request finished HTTP/2 GET https://localhost:7205/_framework/aspnetcore-browser-refresh.js - - - 200 12342 application/javascript;+charset=utf-8 0.2212ms
2023-10-30 20:35:16.943 +01:00 [Information] Request starting HTTP/2 GET https://localhost:7205/Search/Search?search=Liverpool - -
2023-10-30 20:35:16.945 +01:00 [Information] Executing endpoint '"Forum.Controllers.SearchController.Search (Forum)"'
2023-10-30 20:35:16.945 +01:00 [Information] Route matched with "{action = \"Search\", controller = \"Search\", page = \"\", area = \"\"}". Executing controller action with signature "Microsoft.AspNetCore.Mvc.IActionResult Search(System.String)" on controller "Forum.Controllers.SearchController" ("Forum").
2023-10-30 20:35:16.947 +01:00 [Information] Executing ViewResult, running view "Search".
2023-10-30 20:35:16.948 +01:00 [Information] Executed ViewResult - view "Search" executed in 1.7728ms.
2023-10-30 20:35:16.948 +01:00 [Information] Executed action "Forum.Controllers.SearchController.Search (Forum)" in 3.5424ms
2023-10-30 20:35:16.949 +01:00 [Information] Executed endpoint '"Forum.Controllers.SearchController.Search (Forum)"'
2023-10-30 20:35:16.949 +01:00 [Information] Request finished HTTP/2 GET https://localhost:7205/Search/Search?search=Liverpool - - - 200 - text/html;+charset=utf-8 6.0828ms
2023-10-30 20:35:16.958 +01:00 [Information] Request starting HTTP/2 GET https://localhost:7205/_framework/aspnetcore-browser-refresh.js - -
2023-10-30 20:35:16.958 +01:00 [Information] Request finished HTTP/2 GET https://localhost:7205/_framework/aspnetcore-browser-refresh.js - - - 200 12342 application/javascript;+charset=utf-8 0.1645ms
2023-10-30 20:35:29.779 +01:00 [Information] Request starting HTTP/2 GET https://localhost:7205/Search/Search?search=formula+1 - -
2023-10-30 20:35:29.781 +01:00 [Information] Executing endpoint '"Forum.Controllers.SearchController.Search (Forum)"'
2023-10-30 20:35:29.781 +01:00 [Information] Route matched with "{action = \"Search\", controller = \"Search\", page = \"\", area = \"\"}". Executing controller action with signature "Microsoft.AspNetCore.Mvc.IActionResult Search(System.String)" on controller "Forum.Controllers.SearchController" ("Forum").
2023-10-30 20:35:29.783 +01:00 [Information] Executing ViewResult, running view "Search".
2023-10-30 20:35:29.785 +01:00 [Information] Executed ViewResult - view "Search" executed in 1.8086ms.
2023-10-30 20:35:29.785 +01:00 [Information] Executed action "Forum.Controllers.SearchController.Search (Forum)" in 3.9776ms
2023-10-30 20:35:29.785 +01:00 [Information] Executed endpoint '"Forum.Controllers.SearchController.Search (Forum)"'
2023-10-30 20:35:29.786 +01:00 [Information] Request finished HTTP/2 GET https://localhost:7205/Search/Search?search=formula+1 - - - 200 - text/html;+charset=utf-8 6.5753ms
2023-10-30 20:35:29.795 +01:00 [Information] Request starting HTTP/2 GET https://localhost:7205/_vs/browserLink - -
2023-10-30 20:35:29.797 +01:00 [Information] Request finished HTTP/2 GET https://localhost:7205/_vs/browserLink - - - 200 - text/javascript;+charset=UTF-8 1.9081ms
2023-10-30 20:35:29.799 +01:00 [Information] Request starting HTTP/2 GET https://localhost:7205/_framework/aspnetcore-browser-refresh.js - -
2023-10-30 20:35:29.800 +01:00 [Information] Request finished HTTP/2 GET https://localhost:7205/_framework/aspnetcore-browser-refresh.js - - - 200 12342 application/javascript;+charset=utf-8 0.1805ms
2023-10-30 20:35:34.866 +01:00 [Information] Request starting HTTP/2 GET https://localhost:7205/Post/PostDetails/17 - -
2023-10-30 20:35:34.867 +01:00 [Information] Executing endpoint '"Forum.Controllers.PostController.PostDetails (Forum)"'
2023-10-30 20:35:34.869 +01:00 [Information] Route matched with "{action = \"PostDetails\", controller = \"Post\", page = \"\", area = \"\"}". Executing controller action with signature "System.Threading.Tasks.Task`1[Microsoft.AspNetCore.Mvc.IActionResult] PostDetails(Int32)" on controller "Forum.Controllers.PostController" ("Forum").
2023-10-30 20:35:34.874 +01:00 [Information] Executing ViewResult, running view "PostDetails".
2023-10-30 20:35:34.898 +01:00 [Information] Executed ViewResult - view "PostDetails" executed in 23.8028ms.
2023-10-30 20:35:34.898 +01:00 [Information] Executed action "Forum.Controllers.PostController.PostDetails (Forum)" in 28.2984ms
2023-10-30 20:35:34.898 +01:00 [Information] Executed endpoint '"Forum.Controllers.PostController.PostDetails (Forum)"'
2023-10-30 20:35:34.899 +01:00 [Information] Request finished HTTP/2 GET https://localhost:7205/Post/PostDetails/17 - - - 200 - text/html;+charset=utf-8 32.7262ms
2023-10-30 20:35:34.910 +01:00 [Information] Request starting HTTP/2 GET https://localhost:7205/css/style.css - -
2023-10-30 20:35:34.910 +01:00 [Information] Request starting HTTP/2 GET https://localhost:7205/_vs/browserLink - -
2023-10-30 20:35:34.910 +01:00 [Information] Request starting HTTP/2 GET https://localhost:7205/_framework/aspnetcore-browser-refresh.js - -
2023-10-30 20:35:34.910 +01:00 [Information] Request finished HTTP/2 GET https://localhost:7205/_framework/aspnetcore-browser-refresh.js - - - 200 12342 application/javascript;+charset=utf-8 0.2059ms
2023-10-30 20:35:34.910 +01:00 [Information] The file "/css/style.css" was not modified
2023-10-30 20:35:34.910 +01:00 [Information] Request finished HTTP/2 GET https://localhost:7205/css/style.css - - - 304 - text/css 0.5690ms
2023-10-30 20:35:34.911 +01:00 [Information] Request finished HTTP/2 GET https://localhost:7205/_vs/browserLink - - - 200 - text/javascript;+charset=UTF-8 1.7974ms
2023-10-30 20:35:36.899 +01:00 [Information] Request starting HTTP/2 GET https://localhost:7205/Room/RoomDetails/7 - -
2023-10-30 20:35:36.901 +01:00 [Information] Executing endpoint '"Forum.Controllers.RoomController.RoomDetails (Forum)"'
2023-10-30 20:35:36.902 +01:00 [Information] Route matched with "{action = \"RoomDetails\", controller = \"Room\", page = \"\", area = \"\"}". Executing controller action with signature "System.Threading.Tasks.Task`1[Microsoft.AspNetCore.Mvc.IActionResult] RoomDetails(Int32)" on controller "Forum.Controllers.RoomController" ("Forum").
2023-10-30 20:35:36.903 +01:00 [Information] RoomDetails called with Room ID: 7
2023-10-30 20:35:36.907 +01:00 [Information] Executing ViewResult, running view "RoomDetails".
2023-10-30 20:35:36.918 +01:00 [Information] Executed ViewResult - view "RoomDetails" executed in 10.9162ms.
2023-10-30 20:35:36.918 +01:00 [Information] Executed action "Forum.Controllers.RoomController.RoomDetails (Forum)" in 15.1732ms
2023-10-30 20:35:36.918 +01:00 [Information] Executed endpoint '"Forum.Controllers.RoomController.RoomDetails (Forum)"'
2023-10-30 20:35:36.918 +01:00 [Information] Request finished HTTP/2 GET https://localhost:7205/Room/RoomDetails/7 - - - 200 - text/html;+charset=utf-8 19.0897ms
2023-10-30 20:35:36.929 +01:00 [Information] Request starting HTTP/2 GET https://localhost:7205/_vs/browserLink - -
2023-10-30 20:35:36.929 +01:00 [Information] Request starting HTTP/2 GET https://localhost:7205/_framework/aspnetcore-browser-refresh.js - -
2023-10-30 20:35:36.929 +01:00 [Information] Request finished HTTP/2 GET https://localhost:7205/_framework/aspnetcore-browser-refresh.js - - - 200 12342 application/javascript;+charset=utf-8 0.1839ms
2023-10-30 20:35:36.931 +01:00 [Information] Request finished HTTP/2 GET https://localhost:7205/_vs/browserLink - - - 200 - text/javascript;+charset=UTF-8 1.6713ms
2023-10-30 20:35:41.465 +01:00 [Information] Request starting HTTP/2 POST https://localhost:7205/Identity/Account/Logout?returnUrl=%2F application/x-www-form-urlencoded 225
2023-10-30 20:35:41.469 +01:00 [Information] Executing endpoint '"/Account/Logout"'
2023-10-30 20:35:41.475 +01:00 [Information] Route matched with "{page = \"/Account/Logout\", area = \"Identity\", action = \"\", controller = \"\"}". Executing page "/Account/Logout"
2023-10-30 20:35:41.483 +01:00 [Information] Executing handler method "Forum.Areas.Identity.Pages.Account.LogoutModel.OnPost" - ModelState is Valid
2023-10-30 20:35:41.486 +01:00 [Information] AuthenticationScheme: "Identity.Application" signed out.
2023-10-30 20:35:41.486 +01:00 [Information] AuthenticationScheme: "Identity.External" signed out.
2023-10-30 20:35:41.486 +01:00 [Information] AuthenticationScheme: "Identity.TwoFactorUserId" signed out.
2023-10-30 20:35:41.486 +01:00 [Information] User logged out.
2023-10-30 20:35:41.487 +01:00 [Information] Executed handler method "OnPost", returned result "Microsoft.AspNetCore.Mvc.LocalRedirectResult".
2023-10-30 20:35:41.487 +01:00 [Information] Executing LocalRedirectResult, redirecting to "/".
2023-10-30 20:35:41.487 +01:00 [Information] Executed page "/Account/Logout" in 12.3815ms
2023-10-30 20:35:41.487 +01:00 [Information] Executed endpoint '"/Account/Logout"'
2023-10-30 20:35:41.487 +01:00 [Information] Request finished HTTP/2 POST https://localhost:7205/Identity/Account/Logout?returnUrl=%2F application/x-www-form-urlencoded 225 - 302 0 - 22.5327ms
2023-10-30 20:35:41.490 +01:00 [Information] Request starting HTTP/2 GET https://localhost:7205/ - -
2023-10-30 20:35:41.490 +01:00 [Information] Executing endpoint '"Forum.Controllers.HomeController.Index (Forum)"'
2023-10-30 20:35:41.492 +01:00 [Information] Route matched with "{action = \"Index\", controller = \"Home\", page = \"\", area = \"\"}". Executing controller action with signature "System.Threading.Tasks.Task`1[Microsoft.AspNetCore.Mvc.IActionResult] Index()" on controller "Forum.Controllers.HomeController" ("Forum").
2023-10-30 20:35:41.500 +01:00 [Information] Executing ViewResult, running view "Index".
2023-10-30 20:35:41.526 +01:00 [Information] Executed ViewResult - view "Index" executed in 27.1071ms.
2023-10-30 20:35:41.527 +01:00 [Information] Executed action "Forum.Controllers.HomeController.Index (Forum)" in 34.6254ms
2023-10-30 20:35:41.527 +01:00 [Information] Executed endpoint '"Forum.Controllers.HomeController.Index (Forum)"'
2023-10-30 20:35:41.529 +01:00 [Information] Request finished HTTP/2 GET https://localhost:7205/ - - - 200 - text/html;+charset=utf-8 39.1308ms
2023-10-30 20:35:41.546 +01:00 [Information] Request starting HTTP/2 GET https://localhost:7205/_framework/aspnetcore-browser-refresh.js - -
2023-10-30 20:35:41.546 +01:00 [Information] Request finished HTTP/2 GET https://localhost:7205/_framework/aspnetcore-browser-refresh.js - - - 200 12342 application/javascript;+charset=utf-8 0.2278ms
2023-10-30 20:35:41.546 +01:00 [Information] Request starting HTTP/2 GET https://localhost:7205/_vs/browserLink - -
2023-10-30 20:35:41.548 +01:00 [Information] Request finished HTTP/2 GET https://localhost:7205/_vs/browserLink - - - 200 - text/javascript;+charset=UTF-8 1.6245ms
2023-10-30 20:35:41.968 +01:00 [Information] Request starting HTTP/2 GET https://localhost:7205/Identity/Account/Login - -
2023-10-30 20:35:41.970 +01:00 [Information] Executing endpoint '"/Account/Login"'
2023-10-30 20:35:41.976 +01:00 [Information] Route matched with "{page = \"/Account/Login\", area = \"Identity\", action = \"\", controller = \"\"}". Executing page "/Account/Login"
2023-10-30 20:35:41.977 +01:00 [Information] Executing handler method "Forum.Areas.Identity.Pages.Account.LoginModel.OnGetAsync" - ModelState is Valid
2023-10-30 20:35:41.978 +01:00 [Information] AuthenticationScheme: "Identity.External" signed out.
2023-10-30 20:35:41.979 +01:00 [Information] Executed handler method "OnGetAsync", returned result "".
2023-10-30 20:35:41.981 +01:00 [Information] Executing an implicit handler method - ModelState is Valid
2023-10-30 20:35:41.981 +01:00 [Information] Executed an implicit handler method, returned result "Microsoft.AspNetCore.Mvc.RazorPages.PageResult".
2023-10-30 20:35:42.009 +01:00 [Information] Executed page "/Account/Login" in 33.3072ms
2023-10-30 20:35:42.009 +01:00 [Information] Executed endpoint '"/Account/Login"'
2023-10-30 20:35:42.010 +01:00 [Information] Request finished HTTP/2 GET https://localhost:7205/Identity/Account/Login - - - 200 - text/html;+charset=utf-8 42.2524ms
2023-10-30 20:35:42.021 +01:00 [Information] Request starting HTTP/2 GET https://localhost:7205/lib/jquery/jquery.js - -
2023-10-30 20:35:42.021 +01:00 [Information] Request starting HTTP/2 GET https://localhost:7205/Identity/lib/jquery-validation-unobtrusive/jquery.validate.unobtrusive.js - -
2023-10-30 20:35:42.021 +01:00 [Information] Request starting HTTP/2 GET https://localhost:7205/Identity/lib/jquery-validation/dist/jquery.validate.js - -
2023-10-30 20:35:42.021 +01:00 [Information] Request starting HTTP/2 GET https://localhost:7205/_framework/aspnetcore-browser-refresh.js - -
2023-10-30 20:35:42.021 +01:00 [Information] Request finished HTTP/2 GET https://localhost:7205/_framework/aspnetcore-browser-refresh.js - - - 200 12342 application/javascript;+charset=utf-8 0.1406ms
2023-10-30 20:35:42.025 +01:00 [Information] Sending file. Request path: '"/Identity/lib/jquery-validation-unobtrusive/jquery.validate.unobtrusive.js"'. Physical path: '"C:\Users\abdik\.nuget\packages\microsoft.aspnetcore.identity.ui\6.0.20\staticwebassets\V5\lib\jquery-validation-unobtrusive\jquery.validate.unobtrusive.js"'
2023-10-30 20:35:42.025 +01:00 [Information] Sending file. Request path: '"/Identity/lib/jquery-validation/dist/jquery.validate.js"'. Physical path: '"C:\Users\abdik\.nuget\packages\microsoft.aspnetcore.identity.ui\6.0.20\staticwebassets\V5\lib\jquery-validation\dist\jquery.validate.js"'
2023-10-30 20:35:42.025 +01:00 [Information] Sending file. Request path: '"/lib/jquery/jquery.js"'. Physical path: '"C:\Users\abdik\Source\Repos\Forum\MyShop\wwwroot\lib\jquery\jquery.js"'
2023-10-30 20:35:42.025 +01:00 [Information] Request finished HTTP/2 GET https://localhost:7205/Identity/lib/jquery-validation-unobtrusive/jquery.validate.unobtrusive.js - - - 200 19366 application/javascript 4.6571ms
2023-10-30 20:35:42.025 +01:00 [Information] Request finished HTTP/2 GET https://localhost:7205/lib/jquery/jquery.js - - - 200 296030 application/javascript 4.7338ms
2023-10-30 20:35:42.025 +01:00 [Information] Request finished HTTP/2 GET https://localhost:7205/Identity/lib/jquery-validation/dist/jquery.validate.js - - - 200 48676 application/javascript 4.7232ms
2023-10-30 20:35:42.029 +01:00 [Information] Request starting HTTP/2 GET https://localhost:7205/_vs/browserLink - -
2023-10-30 20:35:42.031 +01:00 [Information] Request finished HTTP/2 GET https://localhost:7205/_vs/browserLink - - - 200 - text/javascript;+charset=UTF-8 1.3716ms
2023-10-30 20:35:44.625 +01:00 [Information] Request starting HTTP/2 POST https://localhost:7205/Identity/Account/Login application/x-www-form-urlencoded 280
2023-10-30 20:35:44.626 +01:00 [Information] Executing endpoint '"/Account/Login"'
2023-10-30 20:35:44.626 +01:00 [Information] Route matched with "{page = \"/Account/Login\", area = \"Identity\", action = \"\", controller = \"\"}". Executing page "/Account/Login"
2023-10-30 20:35:44.630 +01:00 [Information] Executing handler method "Forum.Areas.Identity.Pages.Account.LoginModel.OnPostAsync" - ModelState is Valid
2023-10-30 20:35:44.684 +01:00 [Information] AuthenticationScheme: "Identity.Application" signed in.
2023-10-30 20:35:44.684 +01:00 [Information] User logged in.
2023-10-30 20:35:44.684 +01:00 [Information] Executed handler method "OnPostAsync", returned result "Microsoft.AspNetCore.Mvc.LocalRedirectResult".
2023-10-30 20:35:44.684 +01:00 [Information] Executing LocalRedirectResult, redirecting to "/".
2023-10-30 20:35:44.684 +01:00 [Information] Executed page "/Account/Login" in 58.3266ms
2023-10-30 20:35:44.684 +01:00 [Information] Executed endpoint '"/Account/Login"'
2023-10-30 20:35:44.685 +01:00 [Information] Request finished HTTP/2 POST https://localhost:7205/Identity/Account/Login application/x-www-form-urlencoded 280 - 302 0 - 59.3030ms
2023-10-30 20:35:44.687 +01:00 [Information] Request starting HTTP/2 GET https://localhost:7205/ - -
2023-10-30 20:35:44.688 +01:00 [Information] Executing endpoint '"Forum.Controllers.HomeController.Index (Forum)"'
2023-10-30 20:35:44.688 +01:00 [Information] Route matched with "{action = \"Index\", controller = \"Home\", page = \"\", area = \"\"}". Executing controller action with signature "System.Threading.Tasks.Task`1[Microsoft.AspNetCore.Mvc.IActionResult] Index()" on controller "Forum.Controllers.HomeController" ("Forum").
2023-10-30 20:35:44.689 +01:00 [Information] Executing ViewResult, running view "Index".
2023-10-30 20:35:44.698 +01:00 [Information] Executed ViewResult - view "Index" executed in 8.358ms.
2023-10-30 20:35:44.698 +01:00 [Information] Executed action "Forum.Controllers.HomeController.Index (Forum)" in 9.3451ms
2023-10-30 20:35:44.698 +01:00 [Information] Executed endpoint '"Forum.Controllers.HomeController.Index (Forum)"'
2023-10-30 20:35:44.700 +01:00 [Information] Request finished HTTP/2 GET https://localhost:7205/ - - - 200 - text/html;+charset=utf-8 12.7913ms
2023-10-30 20:35:44.710 +01:00 [Information] Request starting HTTP/2 GET https://localhost:7205/_vs/browserLink - -
2023-10-30 20:35:44.711 +01:00 [Information] Request starting HTTP/2 GET https://localhost:7205/_framework/aspnetcore-browser-refresh.js - -
2023-10-30 20:35:44.711 +01:00 [Information] Request finished HTTP/2 GET https://localhost:7205/_framework/aspnetcore-browser-refresh.js - - - 200 12342 application/javascript;+charset=utf-8 0.1281ms
2023-10-30 20:35:44.712 +01:00 [Information] Request finished HTTP/2 GET https://localhost:7205/_vs/browserLink - - - 200 - text/javascript;+charset=UTF-8 1.7265ms
2023-10-30 20:35:46.926 +01:00 [Information] Request starting HTTP/2 GET https://localhost:7205/Category/CategoryTable - -
2023-10-30 20:35:46.929 +01:00 [Information] Executing endpoint '"Forum.Controllers.CategoryController.CategoryTable (Forum)"'
2023-10-30 20:35:46.930 +01:00 [Information] Route matched with "{action = \"CategoryTable\", controller = \"Category\", page = \"\", area = \"\"}". Executing controller action with signature "System.Threading.Tasks.Task`1[Microsoft.AspNetCore.Mvc.IActionResult] CategoryTable()" on controller "Forum.Controllers.CategoryController" ("Forum").
2023-10-30 20:35:46.933 +01:00 [Information] Executing ViewResult, running view "CategoryTable".
2023-10-30 20:35:46.940 +01:00 [Information] Executed ViewResult - view "CategoryTable" executed in 7.517ms.
2023-10-30 20:35:46.940 +01:00 [Information] Executed action "Forum.Controllers.CategoryController.CategoryTable (Forum)" in 10.3643ms
2023-10-30 20:35:46.940 +01:00 [Information] Executed endpoint '"Forum.Controllers.CategoryController.CategoryTable (Forum)"'
2023-10-30 20:35:46.941 +01:00 [Information] Request finished HTTP/2 GET https://localhost:7205/Category/CategoryTable - - - 200 - text/html;+charset=utf-8 15.0438ms
2023-10-30 20:35:46.952 +01:00 [Information] Request starting HTTP/2 GET https://localhost:7205/_vs/browserLink - -
2023-10-30 20:35:46.952 +01:00 [Information] Request starting HTTP/2 GET https://localhost:7205/_framework/aspnetcore-browser-refresh.js - -
2023-10-30 20:35:46.952 +01:00 [Information] Request finished HTTP/2 GET https://localhost:7205/_framework/aspnetcore-browser-refresh.js - - - 200 12342 application/javascript;+charset=utf-8 0.1269ms
2023-10-30 20:35:46.953 +01:00 [Information] Request finished HTTP/2 GET https://localhost:7205/_vs/browserLink - - - 200 - text/javascript;+charset=UTF-8 1.7239ms
2023-10-30 20:35:48.781 +01:00 [Information] Request starting HTTP/2 GET https://localhost:7205/Room/RoomTable - -
2023-10-30 20:35:48.783 +01:00 [Information] Executing endpoint '"Forum.Controllers.RoomController.RoomTable (Forum)"'
2023-10-30 20:35:48.785 +01:00 [Information] Route matched with "{action = \"RoomTable\", controller = \"Room\", page = \"\", area = \"\"}". Executing controller action with signature "System.Threading.Tasks.Task`1[Microsoft.AspNetCore.Mvc.IActionResult] RoomTable()" on controller "Forum.Controllers.RoomController" ("Forum").
2023-10-30 20:35:48.788 +01:00 [Information] Executing ViewResult, running view "RoomTable".
2023-10-30 20:35:48.791 +01:00 [Information] Executed ViewResult - view "RoomTable" executed in 4.0125ms.
2023-10-30 20:35:48.791 +01:00 [Information] Executed action "Forum.Controllers.RoomController.RoomTable (Forum)" in 6.7964ms
2023-10-30 20:35:48.791 +01:00 [Information] Executed endpoint '"Forum.Controllers.RoomController.RoomTable (Forum)"'
2023-10-30 20:35:48.793 +01:00 [Information] Request finished HTTP/2 GET https://localhost:7205/Room/RoomTable - - - 200 - text/html;+charset=utf-8 11.9857ms
2023-10-30 20:35:48.802 +01:00 [Information] Request starting HTTP/2 GET https://localhost:7205/_framework/aspnetcore-browser-refresh.js - -
2023-10-30 20:35:48.802 +01:00 [Information] Request starting HTTP/2 GET https://localhost:7205/_vs/browserLink - -
2023-10-30 20:35:48.802 +01:00 [Information] Request finished HTTP/2 GET https://localhost:7205/_framework/aspnetcore-browser-refresh.js - - - 200 12342 application/javascript;+charset=utf-8 0.1501ms
2023-10-30 20:35:48.804 +01:00 [Information] Request finished HTTP/2 GET https://localhost:7205/_vs/browserLink - - - 200 - text/javascript;+charset=UTF-8 1.5824ms
2023-10-30 20:35:49.641 +01:00 [Information] Request starting HTTP/2 GET https://localhost:7205/Room/RoomDetails/1 - -
2023-10-30 20:35:49.643 +01:00 [Information] Executing endpoint '"Forum.Controllers.RoomController.RoomDetails (Forum)"'
2023-10-30 20:35:49.643 +01:00 [Information] Route matched with "{action = \"RoomDetails\", controller = \"Room\", page = \"\", area = \"\"}". Executing controller action with signature "System.Threading.Tasks.Task`1[Microsoft.AspNetCore.Mvc.IActionResult] RoomDetails(Int32)" on controller "Forum.Controllers.RoomController" ("Forum").
2023-10-30 20:35:49.643 +01:00 [Information] RoomDetails called with Room ID: 1
2023-10-30 20:35:49.644 +01:00 [Information] Executing ViewResult, running view "RoomDetails".
2023-10-30 20:35:49.648 +01:00 [Information] Executed ViewResult - view "RoomDetails" executed in 3.6532ms.
2023-10-30 20:35:49.648 +01:00 [Information] Executed action "Forum.Controllers.RoomController.RoomDetails (Forum)" in 4.9872ms
2023-10-30 20:35:49.648 +01:00 [Information] Executed endpoint '"Forum.Controllers.RoomController.RoomDetails (Forum)"'
2023-10-30 20:35:49.648 +01:00 [Information] Request finished HTTP/2 GET https://localhost:7205/Room/RoomDetails/1 - - - 200 - text/html;+charset=utf-8 7.3921ms
2023-10-30 20:35:49.660 +01:00 [Information] Request starting HTTP/2 GET https://localhost:7205/_vs/browserLink - -
2023-10-30 20:35:49.660 +01:00 [Information] Request starting HTTP/2 GET https://localhost:7205/_framework/aspnetcore-browser-refresh.js - -
2023-10-30 20:35:49.660 +01:00 [Information] Request finished HTTP/2 GET https://localhost:7205/_framework/aspnetcore-browser-refresh.js - - - 200 12342 application/javascript;+charset=utf-8 0.2095ms
2023-10-30 20:35:49.662 +01:00 [Information] Request finished HTTP/2 GET https://localhost:7205/_vs/browserLink - - - 200 - text/javascript;+charset=UTF-8 2.0378ms
2023-10-30 20:35:51.162 +01:00 [Information] Request starting HTTP/2 GET https://localhost:7205/Room/RoomTable - -
2023-10-30 20:35:51.163 +01:00 [Information] Executing endpoint '"Forum.Controllers.RoomController.RoomTable (Forum)"'
2023-10-30 20:35:51.163 +01:00 [Information] Route matched with "{action = \"RoomTable\", controller = \"Room\", page = \"\", area = \"\"}". Executing controller action with signature "System.Threading.Tasks.Task`1[Microsoft.AspNetCore.Mvc.IActionResult] RoomTable()" on controller "Forum.Controllers.RoomController" ("Forum").
2023-10-30 20:35:51.164 +01:00 [Information] Executing ViewResult, running view "RoomTable".
2023-10-30 20:35:51.166 +01:00 [Information] Executed ViewResult - view "RoomTable" executed in 1.9827ms.
2023-10-30 20:35:51.166 +01:00 [Information] Executed action "Forum.Controllers.RoomController.RoomTable (Forum)" in 2.4126ms
2023-10-30 20:35:51.166 +01:00 [Information] Executed endpoint '"Forum.Controllers.RoomController.RoomTable (Forum)"'
2023-10-30 20:35:51.167 +01:00 [Information] Request finished HTTP/2 GET https://localhost:7205/Room/RoomTable - - - 200 - text/html;+charset=utf-8 4.9135ms
2023-10-30 20:35:51.183 +01:00 [Information] Request starting HTTP/2 GET https://localhost:7205/_framework/aspnetcore-browser-refresh.js - -
2023-10-30 20:35:51.184 +01:00 [Information] Request finished HTTP/2 GET https://localhost:7205/_framework/aspnetcore-browser-refresh.js - - - 200 12342 application/javascript;+charset=utf-8 0.1426ms
2023-10-30 20:35:52.004 +01:00 [Information] Request starting HTTP/2 GET https://localhost:7205/Room/RoomDetails/1 - -
2023-10-30 20:35:52.005 +01:00 [Information] Executing endpoint '"Forum.Controllers.RoomController.RoomDetails (Forum)"'
2023-10-30 20:35:52.005 +01:00 [Information] Route matched with "{action = \"RoomDetails\", controller = \"Room\", page = \"\", area = \"\"}". Executing controller action with signature "System.Threading.Tasks.Task`1[Microsoft.AspNetCore.Mvc.IActionResult] RoomDetails(Int32)" on controller "Forum.Controllers.RoomController" ("Forum").
2023-10-30 20:35:52.006 +01:00 [Information] RoomDetails called with Room ID: 1
2023-10-30 20:35:52.006 +01:00 [Information] Executing ViewResult, running view "RoomDetails".
2023-10-30 20:35:52.009 +01:00 [Information] Executed ViewResult - view "RoomDetails" executed in 3.0906ms.
2023-10-30 20:35:52.009 +01:00 [Information] Executed action "Forum.Controllers.RoomController.RoomDetails (Forum)" in 3.7824ms
2023-10-30 20:35:52.009 +01:00 [Information] Executed endpoint '"Forum.Controllers.RoomController.RoomDetails (Forum)"'
2023-10-30 20:35:52.010 +01:00 [Information] Request finished HTTP/2 GET https://localhost:7205/Room/RoomDetails/1 - - - 200 - text/html;+charset=utf-8 6.1820ms
2023-10-30 20:35:52.021 +01:00 [Information] Request starting HTTP/2 GET https://localhost:7205/_vs/browserLink - -
2023-10-30 20:35:52.021 +01:00 [Information] Request starting HTTP/2 GET https://localhost:7205/_framework/aspnetcore-browser-refresh.js - -
2023-10-30 20:35:52.021 +01:00 [Information] Request finished HTTP/2 GET https://localhost:7205/_framework/aspnetcore-browser-refresh.js - - - 200 12342 application/javascript;+charset=utf-8 0.1857ms
2023-10-30 20:35:52.023 +01:00 [Information] Request finished HTTP/2 GET https://localhost:7205/_vs/browserLink - - - 200 - text/javascript;+charset=UTF-8 1.7587ms
2023-10-30 20:35:52.983 +01:00 [Information] Request starting HTTP/2 GET https://localhost:7205/Room/RoomTable - -
2023-10-30 20:35:52.985 +01:00 [Information] Executing endpoint '"Forum.Controllers.RoomController.RoomTable (Forum)"'
2023-10-30 20:35:52.985 +01:00 [Information] Route matched with "{action = \"RoomTable\", controller = \"Room\", page = \"\", area = \"\"}". Executing controller action with signature "System.Threading.Tasks.Task`1[Microsoft.AspNetCore.Mvc.IActionResult] RoomTable()" on controller "Forum.Controllers.RoomController" ("Forum").
2023-10-30 20:35:52.985 +01:00 [Information] Executing ViewResult, running view "RoomTable".
2023-10-30 20:35:52.987 +01:00 [Information] Executed ViewResult - view "RoomTable" executed in 1.9474ms.
2023-10-30 20:35:52.987 +01:00 [Information] Executed action "Forum.Controllers.RoomController.RoomTable (Forum)" in 2.2979ms
2023-10-30 20:35:52.987 +01:00 [Information] Executed endpoint '"Forum.Controllers.RoomController.RoomTable (Forum)"'
2023-10-30 20:35:52.988 +01:00 [Information] Request finished HTTP/2 GET https://localhost:7205/Room/RoomTable - - - 200 - text/html;+charset=utf-8 4.8087ms
2023-10-30 20:35:52.998 +01:00 [Information] Request starting HTTP/2 GET https://localhost:7205/_framework/aspnetcore-browser-refresh.js - -
2023-10-30 20:35:52.998 +01:00 [Information] Request finished HTTP/2 GET https://localhost:7205/_framework/aspnetcore-browser-refresh.js - - - 200 12342 application/javascript;+charset=utf-8 0.1365ms
2023-10-30 20:35:55.542 +01:00 [Information] Request starting HTTP/2 GET https://localhost:7205/Category/CategoryTable - -
2023-10-30 20:35:55.543 +01:00 [Information] Executing endpoint '"Forum.Controllers.CategoryController.CategoryTable (Forum)"'
2023-10-30 20:35:55.543 +01:00 [Information] Route matched with "{action = \"CategoryTable\", controller = \"Category\", page = \"\", area = \"\"}". Executing controller action with signature "System.Threading.Tasks.Task`1[Microsoft.AspNetCore.Mvc.IActionResult] CategoryTable()" on controller "Forum.Controllers.CategoryController" ("Forum").
2023-10-30 20:35:55.544 +01:00 [Information] Executing ViewResult, running view "CategoryTable".
2023-10-30 20:35:55.546 +01:00 [Information] Executed ViewResult - view "CategoryTable" executed in 1.8631ms.
2023-10-30 20:35:55.546 +01:00 [Information] Executed action "Forum.Controllers.CategoryController.CategoryTable (Forum)" in 2.6607ms
2023-10-30 20:35:55.546 +01:00 [Information] Executed endpoint '"Forum.Controllers.CategoryController.CategoryTable (Forum)"'
2023-10-30 20:35:55.547 +01:00 [Information] Request finished HTTP/2 GET https://localhost:7205/Category/CategoryTable - - - 200 - text/html;+charset=utf-8 4.9104ms
2023-10-30 20:35:55.557 +01:00 [Information] Request starting HTTP/2 GET https://localhost:7205/_framework/aspnetcore-browser-refresh.js - -
2023-10-30 20:35:55.557 +01:00 [Information] Request starting HTTP/2 GET https://localhost:7205/_vs/browserLink - -
2023-10-30 20:35:55.558 +01:00 [Information] Request finished HTTP/2 GET https://localhost:7205/_framework/aspnetcore-browser-refresh.js - - - 200 12342 application/javascript;+charset=utf-8 0.1551ms
2023-10-30 20:35:55.559 +01:00 [Information] Request finished HTTP/2 GET https://localhost:7205/_vs/browserLink - - - 200 - text/javascript;+charset=UTF-8 1.8763ms
2023-10-30 20:35:56.579 +01:00 [Information] Request starting HTTP/2 GET https://localhost:7205/Category/CategoryDetails/1 - -
2023-10-30 20:35:56.581 +01:00 [Information] Executing endpoint '"Forum.Controllers.CategoryController.CategoryDetails (Forum)"'
2023-10-30 20:35:56.581 +01:00 [Information] Route matched with "{action = \"CategoryDetails\", controller = \"Category\", page = \"\", area = \"\"}". Executing controller action with signature "System.Threading.Tasks.Task`1[Microsoft.AspNetCore.Mvc.IActionResult] CategoryDetails(Int32)" on controller "Forum.Controllers.CategoryController" ("Forum").
2023-10-30 20:35:56.581 +01:00 [Information] [CategoryController] Id passed to categorydetails: 1.
2023-10-30 20:35:56.581 +01:00 [Information] [CategoryRep] Getting the category with id: 1: 
2023-10-30 20:35:56.582 +01:00 [Information] Executing ViewResult, running view "CategoryDetails".
2023-10-30 20:35:56.584 +01:00 [Information] Executed ViewResult - view "CategoryDetails" executed in 2.6042ms.
2023-10-30 20:35:56.584 +01:00 [Information] Executed action "Forum.Controllers.CategoryController.CategoryDetails (Forum)" in 3.5147ms
2023-10-30 20:35:56.584 +01:00 [Information] Executed endpoint '"Forum.Controllers.CategoryController.CategoryDetails (Forum)"'
2023-10-30 20:35:56.585 +01:00 [Information] Request finished HTTP/2 GET https://localhost:7205/Category/CategoryDetails/1 - - - 200 - text/html;+charset=utf-8 5.9431ms
2023-10-30 20:35:56.599 +01:00 [Information] Request starting HTTP/2 GET https://localhost:7205/_framework/aspnetcore-browser-refresh.js - -
2023-10-30 20:35:56.599 +01:00 [Information] Request starting HTTP/2 GET https://localhost:7205/_vs/browserLink - -
2023-10-30 20:35:56.599 +01:00 [Information] Request finished HTTP/2 GET https://localhost:7205/_framework/aspnetcore-browser-refresh.js - - - 200 12342 application/javascript;+charset=utf-8 0.1706ms
2023-10-30 20:35:56.601 +01:00 [Information] Request finished HTTP/2 GET https://localhost:7205/_vs/browserLink - - - 200 - text/javascript;+charset=UTF-8 2.0476ms
2023-10-30 20:35:58.081 +01:00 [Information] Request starting HTTP/2 GET https://localhost:7205/Room/RoomDetails/7 - -
2023-10-30 20:35:58.083 +01:00 [Information] Executing endpoint '"Forum.Controllers.RoomController.RoomDetails (Forum)"'
2023-10-30 20:35:58.083 +01:00 [Information] Route matched with "{action = \"RoomDetails\", controller = \"Room\", page = \"\", area = \"\"}". Executing controller action with signature "System.Threading.Tasks.Task`1[Microsoft.AspNetCore.Mvc.IActionResult] RoomDetails(Int32)" on controller "Forum.Controllers.RoomController" ("Forum").
2023-10-30 20:35:58.083 +01:00 [Information] RoomDetails called with Room ID: 7
2023-10-30 20:35:58.083 +01:00 [Information] Executing ViewResult, running view "RoomDetails".
2023-10-30 20:35:58.086 +01:00 [Information] Executed ViewResult - view "RoomDetails" executed in 2.4237ms.
2023-10-30 20:35:58.086 +01:00 [Information] Executed action "Forum.Controllers.RoomController.RoomDetails (Forum)" in 3.1061ms
2023-10-30 20:35:58.086 +01:00 [Information] Executed endpoint '"Forum.Controllers.RoomController.RoomDetails (Forum)"'
2023-10-30 20:35:58.086 +01:00 [Information] Request finished HTTP/2 GET https://localhost:7205/Room/RoomDetails/7 - - - 200 - text/html;+charset=utf-8 5.1138ms
2023-10-30 20:35:58.098 +01:00 [Information] Request starting HTTP/2 GET https://localhost:7205/_framework/aspnetcore-browser-refresh.js - -
2023-10-30 20:35:58.098 +01:00 [Information] Request starting HTTP/2 GET https://localhost:7205/_vs/browserLink - -
2023-10-30 20:35:58.098 +01:00 [Information] Request finished HTTP/2 GET https://localhost:7205/_framework/aspnetcore-browser-refresh.js - - - 200 12342 application/javascript;+charset=utf-8 0.1398ms
2023-10-30 20:35:58.099 +01:00 [Information] Request finished HTTP/2 GET https://localhost:7205/_vs/browserLink - - - 200 - text/javascript;+charset=UTF-8 1.7865ms
2023-10-30 20:36:00.064 +01:00 [Information] Request starting HTTP/2 GET https://localhost:7205/Topic/UpdateTopic/7 - -
2023-10-30 20:36:00.066 +01:00 [Information] Executing endpoint '"Forum.Controllers.TopicController.UpdateTopic (Forum)"'
2023-10-30 20:36:00.068 +01:00 [Information] Route matched with "{action = \"UpdateTopic\", controller = \"Topic\", page = \"\", area = \"\"}". Executing controller action with signature "System.Threading.Tasks.Task`1[Microsoft.AspNetCore.Mvc.IActionResult] UpdateTopic(Int32)" on controller "Forum.Controllers.TopicController" ("Forum").
2023-10-30 20:36:00.072 +01:00 [Information] Executing ViewResult, running view "UpdateTopic".
2023-10-30 20:36:00.081 +01:00 [Information] Executed ViewResult - view "UpdateTopic" executed in 9.5387ms.
2023-10-30 20:36:00.081 +01:00 [Information] Executed action "Forum.Controllers.TopicController.UpdateTopic (Forum)" in 13.129ms
2023-10-30 20:36:00.081 +01:00 [Information] Executed endpoint '"Forum.Controllers.TopicController.UpdateTopic (Forum)"'
2023-10-30 20:36:00.082 +01:00 [Information] Request finished HTTP/2 GET https://localhost:7205/Topic/UpdateTopic/7 - - - 200 - text/html;+charset=utf-8 18.2178ms
2023-10-30 20:36:00.096 +01:00 [Information] Request starting HTTP/2 GET https://localhost:7205/_vs/browserLink - -
2023-10-30 20:36:00.097 +01:00 [Information] Request starting HTTP/2 GET https://localhost:7205/_framework/aspnetcore-browser-refresh.js - -
2023-10-30 20:36:00.097 +01:00 [Information] Request finished HTTP/2 GET https://localhost:7205/_framework/aspnetcore-browser-refresh.js - - - 200 12342 application/javascript;+charset=utf-8 0.1638ms
2023-10-30 20:36:00.098 +01:00 [Information] Request finished HTTP/2 GET https://localhost:7205/_vs/browserLink - - - 200 - text/javascript;+charset=UTF-8 1.8711ms
2023-10-30 20:36:08.135 +01:00 [Information] Request starting HTTP/2 POST https://localhost:7205/Topic/UpdateTopic/7 application/x-www-form-urlencoded 269
2023-10-30 20:36:08.138 +01:00 [Information] Executing endpoint '"Forum.Controllers.TopicController.UpdateTopic (Forum)"'
2023-10-30 20:36:08.142 +01:00 [Information] Route matched with "{action = \"UpdateTopic\", controller = \"Topic\", page = \"\", area = \"\"}". Executing controller action with signature "System.Threading.Tasks.Task`1[Microsoft.AspNetCore.Mvc.IActionResult] UpdateTopic(Forum.Models.Topic)" on controller "Forum.Controllers.TopicController" ("Forum").
2023-10-30 20:36:08.211 +01:00 [Information] Executing RedirectResult, redirecting to "/Room/RoomDetails/7".
2023-10-30 20:36:08.211 +01:00 [Information] Executed action "Forum.Controllers.TopicController.UpdateTopic (Forum)" in 69.5316ms
2023-10-30 20:36:08.211 +01:00 [Information] Executed endpoint '"Forum.Controllers.TopicController.UpdateTopic (Forum)"'
2023-10-30 20:36:08.212 +01:00 [Information] Request finished HTTP/2 POST https://localhost:7205/Topic/UpdateTopic/7 application/x-www-form-urlencoded 269 - 302 0 - 76.4491ms
2023-10-30 20:36:08.214 +01:00 [Information] Request starting HTTP/2 GET https://localhost:7205/Room/RoomDetails/7 - -
2023-10-30 20:36:08.215 +01:00 [Information] Executing endpoint '"Forum.Controllers.RoomController.RoomDetails (Forum)"'
2023-10-30 20:36:08.215 +01:00 [Information] Route matched with "{action = \"RoomDetails\", controller = \"Room\", page = \"\", area = \"\"}". Executing controller action with signature "System.Threading.Tasks.Task`1[Microsoft.AspNetCore.Mvc.IActionResult] RoomDetails(Int32)" on controller "Forum.Controllers.RoomController" ("Forum").
2023-10-30 20:36:08.215 +01:00 [Information] RoomDetails called with Room ID: 7
2023-10-30 20:36:08.216 +01:00 [Information] Executing ViewResult, running view "RoomDetails".
2023-10-30 20:36:08.218 +01:00 [Information] Executed ViewResult - view "RoomDetails" executed in 2.3262ms.
2023-10-30 20:36:08.218 +01:00 [Information] Executed action "Forum.Controllers.RoomController.RoomDetails (Forum)" in 3.0502ms
2023-10-30 20:36:08.218 +01:00 [Information] Executed endpoint '"Forum.Controllers.RoomController.RoomDetails (Forum)"'
2023-10-30 20:36:08.219 +01:00 [Information] Request finished HTTP/2 GET https://localhost:7205/Room/RoomDetails/7 - - - 200 - text/html;+charset=utf-8 5.0022ms
2023-10-30 20:36:08.229 +01:00 [Information] Request starting HTTP/2 GET https://localhost:7205/_vs/browserLink - -
2023-10-30 20:36:08.229 +01:00 [Information] Request starting HTTP/2 GET https://localhost:7205/_framework/aspnetcore-browser-refresh.js - -
2023-10-30 20:36:08.229 +01:00 [Information] Request finished HTTP/2 GET https://localhost:7205/_framework/aspnetcore-browser-refresh.js - - - 200 12342 application/javascript;+charset=utf-8 0.1097ms
2023-10-30 20:36:08.231 +01:00 [Information] Request finished HTTP/2 GET https://localhost:7205/_vs/browserLink - - - 200 - text/javascript;+charset=UTF-8 1.8094ms
2023-10-30 20:36:09.179 +01:00 [Information] Request starting HTTP/2 GET https://localhost:7205/Topic/TopicDetails/7 - -
2023-10-30 20:36:09.180 +01:00 [Information] Executing endpoint '"Forum.Controllers.TopicController.TopicDetails (Forum)"'
2023-10-30 20:36:09.182 +01:00 [Information] Route matched with "{action = \"TopicDetails\", controller = \"Topic\", page = \"\", area = \"\"}". Executing controller action with signature "System.Threading.Tasks.Task`1[Microsoft.AspNetCore.Mvc.IActionResult] TopicDetails(Int32)" on controller "Forum.Controllers.TopicController" ("Forum").
2023-10-30 20:36:09.183 +01:00 [Information] Executing ViewResult, running view "TopicDetails".
2023-10-30 20:36:09.195 +01:00 [Information] Executed ViewResult - view "TopicDetails" executed in 11.9492ms.
2023-10-30 20:36:09.195 +01:00 [Information] Executed action "Forum.Controllers.TopicController.TopicDetails (Forum)" in 13.2747ms
2023-10-30 20:36:09.195 +01:00 [Information] Executed endpoint '"Forum.Controllers.TopicController.TopicDetails (Forum)"'
2023-10-30 20:36:09.196 +01:00 [Information] Request finished HTTP/2 GET https://localhost:7205/Topic/TopicDetails/7 - - - 200 - text/html;+charset=utf-8 17.1627ms
2023-10-30 20:36:09.208 +01:00 [Information] Request starting HTTP/2 GET https://localhost:7205/_vs/browserLink - -
2023-10-30 20:36:09.209 +01:00 [Information] Request finished HTTP/2 GET https://localhost:7205/_vs/browserLink - - - 200 - text/javascript;+charset=UTF-8 1.6825ms
2023-10-30 20:36:09.210 +01:00 [Information] Request starting HTTP/2 GET https://localhost:7205/_framework/aspnetcore-browser-refresh.js - -
2023-10-30 20:36:09.210 +01:00 [Information] Request finished HTTP/2 GET https://localhost:7205/_framework/aspnetcore-browser-refresh.js - - - 200 12342 application/javascript;+charset=utf-8 0.0936ms
2023-10-30 20:36:14.388 +01:00 [Information] Request starting HTTP/2 POST https://localhost:7205/Identity/Account/Logout?returnUrl=%2F application/x-www-form-urlencoded 225
2023-10-30 20:36:14.390 +01:00 [Information] Executing endpoint '"/Account/Logout"'
2023-10-30 20:36:14.390 +01:00 [Information] Route matched with "{page = \"/Account/Logout\", area = \"Identity\", action = \"\", controller = \"\"}". Executing page "/Account/Logout"
2023-10-30 20:36:14.390 +01:00 [Information] Executing handler method "Forum.Areas.Identity.Pages.Account.LogoutModel.OnPost" - ModelState is Valid
2023-10-30 20:36:14.390 +01:00 [Information] AuthenticationScheme: "Identity.Application" signed out.
2023-10-30 20:36:14.390 +01:00 [Information] AuthenticationScheme: "Identity.External" signed out.
2023-10-30 20:36:14.390 +01:00 [Information] AuthenticationScheme: "Identity.TwoFactorUserId" signed out.
2023-10-30 20:36:14.390 +01:00 [Information] User logged out.
2023-10-30 20:36:14.390 +01:00 [Information] Executed handler method "OnPost", returned result "Microsoft.AspNetCore.Mvc.LocalRedirectResult".
2023-10-30 20:36:14.390 +01:00 [Information] Executing LocalRedirectResult, redirecting to "/".
2023-10-30 20:36:14.390 +01:00 [Information] Executed page "/Account/Logout" in 0.5391ms
2023-10-30 20:36:14.390 +01:00 [Information] Executed endpoint '"/Account/Logout"'
2023-10-30 20:36:14.391 +01:00 [Information] Request finished HTTP/2 POST https://localhost:7205/Identity/Account/Logout?returnUrl=%2F application/x-www-form-urlencoded 225 - 302 0 - 2.4101ms
2023-10-30 20:36:14.393 +01:00 [Information] Request starting HTTP/2 GET https://localhost:7205/ - -
2023-10-30 20:36:14.394 +01:00 [Information] Executing endpoint '"Forum.Controllers.HomeController.Index (Forum)"'
2023-10-30 20:36:14.394 +01:00 [Information] Route matched with "{action = \"Index\", controller = \"Home\", page = \"\", area = \"\"}". Executing controller action with signature "System.Threading.Tasks.Task`1[Microsoft.AspNetCore.Mvc.IActionResult] Index()" on controller "Forum.Controllers.HomeController" ("Forum").
2023-10-30 20:36:14.395 +01:00 [Information] Executing ViewResult, running view "Index".
2023-10-30 20:36:14.402 +01:00 [Information] Executed ViewResult - view "Index" executed in 7.6379ms.
2023-10-30 20:36:14.402 +01:00 [Information] Executed action "Forum.Controllers.HomeController.Index (Forum)" in 8.6905ms
2023-10-30 20:36:14.402 +01:00 [Information] Executed endpoint '"Forum.Controllers.HomeController.Index (Forum)"'
2023-10-30 20:36:14.404 +01:00 [Information] Request finished HTTP/2 GET https://localhost:7205/ - - - 200 - text/html;+charset=utf-8 10.9338ms
2023-10-30 20:36:14.422 +01:00 [Information] Request starting HTTP/2 GET https://localhost:7205/_framework/aspnetcore-browser-refresh.js - -
2023-10-30 20:36:14.422 +01:00 [Information] Request finished HTTP/2 GET https://localhost:7205/_framework/aspnetcore-browser-refresh.js - - - 200 12342 application/javascript;+charset=utf-8 0.1493ms
2023-10-30 20:36:14.422 +01:00 [Information] Request starting HTTP/2 GET https://localhost:7205/_vs/browserLink - -
2023-10-30 20:36:14.424 +01:00 [Information] Request finished HTTP/2 GET https://localhost:7205/_vs/browserLink - - - 200 - text/javascript;+charset=UTF-8 1.5112ms
2023-10-30 20:36:14.946 +01:00 [Information] Request starting HTTP/2 GET https://localhost:7205/Identity/Account/Login - -
2023-10-30 20:36:14.946 +01:00 [Information] Executing endpoint '"/Account/Login"'
2023-10-30 20:36:14.946 +01:00 [Information] Route matched with "{page = \"/Account/Login\", area = \"Identity\", action = \"\", controller = \"\"}". Executing page "/Account/Login"
2023-10-30 20:36:14.947 +01:00 [Information] Executing handler method "Forum.Areas.Identity.Pages.Account.LoginModel.OnGetAsync" - ModelState is Valid
2023-10-30 20:36:14.947 +01:00 [Information] AuthenticationScheme: "Identity.External" signed out.
2023-10-30 20:36:14.947 +01:00 [Information] Executed handler method "OnGetAsync", returned result "".
2023-10-30 20:36:14.947 +01:00 [Information] Executing an implicit handler method - ModelState is Valid
2023-10-30 20:36:14.947 +01:00 [Information] Executed an implicit handler method, returned result "Microsoft.AspNetCore.Mvc.RazorPages.PageResult".
2023-10-30 20:36:14.950 +01:00 [Information] Executed page "/Account/Login" in 4.0158ms
2023-10-30 20:36:14.950 +01:00 [Information] Executed endpoint '"/Account/Login"'
2023-10-30 20:36:14.951 +01:00 [Information] Request finished HTTP/2 GET https://localhost:7205/Identity/Account/Login - - - 200 - text/html;+charset=utf-8 5.6428ms
2023-10-30 20:36:14.967 +01:00 [Information] Request starting HTTP/2 GET https://localhost:7205/_framework/aspnetcore-browser-refresh.js - -
2023-10-30 20:36:14.967 +01:00 [Information] Request finished HTTP/2 GET https://localhost:7205/_framework/aspnetcore-browser-refresh.js - - - 200 12342 application/javascript;+charset=utf-8 0.2146ms
2023-10-30 20:36:14.973 +01:00 [Information] Request starting HTTP/2 GET https://localhost:7205/_vs/browserLink - -
2023-10-30 20:36:14.974 +01:00 [Information] Request finished HTTP/2 GET https://localhost:7205/_vs/browserLink - - - 200 - text/javascript;+charset=UTF-8 1.5624ms
2023-10-30 20:36:18.657 +01:00 [Information] Request starting HTTP/2 POST https://localhost:7205/Identity/Account/Login application/x-www-form-urlencoded 264
2023-10-30 20:36:18.658 +01:00 [Information] Executing endpoint '"/Account/Login"'
2023-10-30 20:36:18.658 +01:00 [Information] Route matched with "{page = \"/Account/Login\", area = \"Identity\", action = \"\", controller = \"\"}". Executing page "/Account/Login"
2023-10-30 20:36:18.659 +01:00 [Information] Executing handler method "Forum.Areas.Identity.Pages.Account.LoginModel.OnPostAsync" - ModelState is Valid
2023-10-30 20:36:18.663 +01:00 [Information] AuthenticationScheme: "Identity.Application" signed in.
2023-10-30 20:36:18.663 +01:00 [Information] User logged in.
2023-10-30 20:36:18.663 +01:00 [Information] Executed handler method "OnPostAsync", returned result "Microsoft.AspNetCore.Mvc.LocalRedirectResult".
2023-10-30 20:36:18.663 +01:00 [Information] Executing LocalRedirectResult, redirecting to "/".
2023-10-30 20:36:18.663 +01:00 [Information] Executed page "/Account/Login" in 5.3686ms
2023-10-30 20:36:18.663 +01:00 [Information] Executed endpoint '"/Account/Login"'
2023-10-30 20:36:18.663 +01:00 [Information] Request finished HTTP/2 POST https://localhost:7205/Identity/Account/Login application/x-www-form-urlencoded 264 - 302 0 - 6.1634ms
2023-10-30 20:36:18.666 +01:00 [Information] Request starting HTTP/2 GET https://localhost:7205/ - -
2023-10-30 20:36:18.667 +01:00 [Information] Executing endpoint '"Forum.Controllers.HomeController.Index (Forum)"'
2023-10-30 20:36:18.667 +01:00 [Information] Route matched with "{action = \"Index\", controller = \"Home\", page = \"\", area = \"\"}". Executing controller action with signature "System.Threading.Tasks.Task`1[Microsoft.AspNetCore.Mvc.IActionResult] Index()" on controller "Forum.Controllers.HomeController" ("Forum").
2023-10-30 20:36:18.668 +01:00 [Information] Executing ViewResult, running view "Index".
2023-10-30 20:36:18.677 +01:00 [Information] Executed ViewResult - view "Index" executed in 8.7405ms.
2023-10-30 20:36:18.677 +01:00 [Information] Executed action "Forum.Controllers.HomeController.Index (Forum)" in 9.2501ms
2023-10-30 20:36:18.677 +01:00 [Information] Executed endpoint '"Forum.Controllers.HomeController.Index (Forum)"'
2023-10-30 20:36:18.679 +01:00 [Information] Request finished HTTP/2 GET https://localhost:7205/ - - - 200 - text/html;+charset=utf-8 12.3447ms
2023-10-30 20:36:18.690 +01:00 [Information] Request starting HTTP/2 GET https://localhost:7205/_framework/aspnetcore-browser-refresh.js - -
2023-10-30 20:36:18.691 +01:00 [Information] Request starting HTTP/2 GET https://localhost:7205/_vs/browserLink - -
2023-10-30 20:36:18.691 +01:00 [Information] Request finished HTTP/2 GET https://localhost:7205/_framework/aspnetcore-browser-refresh.js - - - 200 12342 application/javascript;+charset=utf-8 0.1439ms
2023-10-30 20:36:18.692 +01:00 [Information] Request finished HTTP/2 GET https://localhost:7205/_vs/browserLink - - - 200 - text/javascript;+charset=UTF-8 1.9182ms
2023-10-30 20:36:41.339 +01:00 [Information] Request starting HTTP/2 GET https://localhost:7205/Search/Search?search=fotball - -
2023-10-30 20:36:41.341 +01:00 [Information] Executing endpoint '"Forum.Controllers.SearchController.Search (Forum)"'
2023-10-30 20:36:41.341 +01:00 [Information] Route matched with "{action = \"Search\", controller = \"Search\", page = \"\", area = \"\"}". Executing controller action with signature "Microsoft.AspNetCore.Mvc.IActionResult Search(System.String)" on controller "Forum.Controllers.SearchController" ("Forum").
2023-10-30 20:36:41.342 +01:00 [Information] Executing ViewResult, running view "Search".
2023-10-30 20:36:41.344 +01:00 [Information] Executed ViewResult - view "Search" executed in 1.9274ms.
2023-10-30 20:36:41.344 +01:00 [Information] Executed action "Forum.Controllers.SearchController.Search (Forum)" in 3.7348ms
2023-10-30 20:36:41.344 +01:00 [Information] Executed endpoint '"Forum.Controllers.SearchController.Search (Forum)"'
2023-10-30 20:36:41.345 +01:00 [Information] Request finished HTTP/2 GET https://localhost:7205/Search/Search?search=fotball - - - 200 - text/html;+charset=utf-8 5.9196ms
2023-10-30 20:36:41.360 +01:00 [Information] Request starting HTTP/2 GET https://localhost:7205/_vs/browserLink - -
2023-10-30 20:36:41.360 +01:00 [Information] Request starting HTTP/2 GET https://localhost:7205/_framework/aspnetcore-browser-refresh.js - -
2023-10-30 20:36:41.360 +01:00 [Information] Request finished HTTP/2 GET https://localhost:7205/_framework/aspnetcore-browser-refresh.js - - - 200 12342 application/javascript;+charset=utf-8 0.1404ms
2023-10-30 20:36:41.362 +01:00 [Information] Request finished HTTP/2 GET https://localhost:7205/_vs/browserLink - - - 200 - text/javascript;+charset=UTF-8 1.8337ms
2023-10-30 20:37:10.709 +01:00 [Information] Request starting HTTP/2 GET https://localhost:7205/Category/CategoryTable - -
2023-10-30 20:37:10.711 +01:00 [Information] Executing endpoint '"Forum.Controllers.CategoryController.CategoryTable (Forum)"'
2023-10-30 20:37:10.711 +01:00 [Information] Route matched with "{action = \"CategoryTable\", controller = \"Category\", page = \"\", area = \"\"}". Executing controller action with signature "System.Threading.Tasks.Task`1[Microsoft.AspNetCore.Mvc.IActionResult] CategoryTable()" on controller "Forum.Controllers.CategoryController" ("Forum").
2023-10-30 20:37:10.711 +01:00 [Information] Executing ViewResult, running view "CategoryTable".
2023-10-30 20:37:10.714 +01:00 [Information] Executed ViewResult - view "CategoryTable" executed in 2.5707ms.
2023-10-30 20:37:10.714 +01:00 [Information] Executed action "Forum.Controllers.CategoryController.CategoryTable (Forum)" in 2.959ms
2023-10-30 20:37:10.714 +01:00 [Information] Executed endpoint '"Forum.Controllers.CategoryController.CategoryTable (Forum)"'
2023-10-30 20:37:10.715 +01:00 [Information] Request finished HTTP/2 GET https://localhost:7205/Category/CategoryTable - - - 200 - text/html;+charset=utf-8 6.3248ms
2023-10-30 20:37:10.729 +01:00 [Information] Request starting HTTP/2 GET https://localhost:7205/_vs/browserLink - -
2023-10-30 20:37:10.729 +01:00 [Information] Request starting HTTP/2 GET https://localhost:7205/_framework/aspnetcore-browser-refresh.js - -
2023-10-30 20:37:10.730 +01:00 [Information] Request finished HTTP/2 GET https://localhost:7205/_framework/aspnetcore-browser-refresh.js - - - 200 12342 application/javascript;+charset=utf-8 0.2336ms
2023-10-30 20:37:10.731 +01:00 [Information] Request finished HTTP/2 GET https://localhost:7205/_vs/browserLink - - - 200 - text/javascript;+charset=UTF-8 1.8122ms
2023-10-30 20:37:13.243 +01:00 [Information] Request starting HTTP/2 GET https://localhost:7205/Search/Search?search=Liverpool - -
2023-10-30 20:37:13.244 +01:00 [Information] Executing endpoint '"Forum.Controllers.SearchController.Search (Forum)"'
2023-10-30 20:37:13.244 +01:00 [Information] Route matched with "{action = \"Search\", controller = \"Search\", page = \"\", area = \"\"}". Executing controller action with signature "Microsoft.AspNetCore.Mvc.IActionResult Search(System.String)" on controller "Forum.Controllers.SearchController" ("Forum").
2023-10-30 20:37:13.246 +01:00 [Information] Executing ViewResult, running view "Search".
2023-10-30 20:37:13.248 +01:00 [Information] Executed ViewResult - view "Search" executed in 1.6034ms.
2023-10-30 20:37:13.248 +01:00 [Information] Executed action "Forum.Controllers.SearchController.Search (Forum)" in 3.4281ms
2023-10-30 20:37:13.248 +01:00 [Information] Executed endpoint '"Forum.Controllers.SearchController.Search (Forum)"'
2023-10-30 20:37:13.248 +01:00 [Information] Request finished HTTP/2 GET https://localhost:7205/Search/Search?search=Liverpool - - - 200 - text/html;+charset=utf-8 5.7652ms
2023-10-30 20:37:13.260 +01:00 [Information] Request starting HTTP/2 GET https://localhost:7205/_vs/browserLink - -
2023-10-30 20:37:13.262 +01:00 [Information] Request finished HTTP/2 GET https://localhost:7205/_vs/browserLink - - - 200 - text/javascript;+charset=UTF-8 1.7062ms
2023-10-30 20:37:13.262 +01:00 [Information] Request starting HTTP/2 GET https://localhost:7205/_framework/aspnetcore-browser-refresh.js - -
2023-10-30 20:37:13.262 +01:00 [Information] Request finished HTTP/2 GET https://localhost:7205/_framework/aspnetcore-browser-refresh.js - - - 200 12342 application/javascript;+charset=utf-8 0.1054ms
2023-10-30 20:37:14.831 +01:00 [Information] Request starting HTTP/2 GET https://localhost:7205/Category/CategoryTable - -
2023-10-30 20:37:14.832 +01:00 [Information] Executing endpoint '"Forum.Controllers.CategoryController.CategoryTable (Forum)"'
2023-10-30 20:37:14.833 +01:00 [Information] Route matched with "{action = \"CategoryTable\", controller = \"Category\", page = \"\", area = \"\"}". Executing controller action with signature "System.Threading.Tasks.Task`1[Microsoft.AspNetCore.Mvc.IActionResult] CategoryTable()" on controller "Forum.Controllers.CategoryController" ("Forum").
2023-10-30 20:37:14.833 +01:00 [Information] Executing ViewResult, running view "CategoryTable".
2023-10-30 20:37:14.835 +01:00 [Information] Executed ViewResult - view "CategoryTable" executed in 1.7177ms.
2023-10-30 20:37:14.835 +01:00 [Information] Executed action "Forum.Controllers.CategoryController.CategoryTable (Forum)" in 2.0819ms
2023-10-30 20:37:14.835 +01:00 [Information] Executed endpoint '"Forum.Controllers.CategoryController.CategoryTable (Forum)"'
2023-10-30 20:37:14.835 +01:00 [Information] Request finished HTTP/2 GET https://localhost:7205/Category/CategoryTable - - - 200 - text/html;+charset=utf-8 4.2949ms
2023-10-30 20:37:14.846 +01:00 [Information] Request starting HTTP/2 GET https://localhost:7205/_framework/aspnetcore-browser-refresh.js - -
2023-10-30 20:37:14.846 +01:00 [Information] Request starting HTTP/2 GET https://localhost:7205/_vs/browserLink - -
2023-10-30 20:37:14.846 +01:00 [Information] Request finished HTTP/2 GET https://localhost:7205/_framework/aspnetcore-browser-refresh.js - - - 200 12342 application/javascript;+charset=utf-8 0.1746ms
2023-10-30 20:37:14.848 +01:00 [Information] Request finished HTTP/2 GET https://localhost:7205/_vs/browserLink - - - 200 - text/javascript;+charset=UTF-8 1.8475ms
2023-10-30 20:37:16.646 +01:00 [Information] Request starting HTTP/2 GET https://localhost:7205/Category/CategoryDetails/3 - -
2023-10-30 20:37:16.647 +01:00 [Information] Executing endpoint '"Forum.Controllers.CategoryController.CategoryDetails (Forum)"'
2023-10-30 20:37:16.647 +01:00 [Information] Route matched with "{action = \"CategoryDetails\", controller = \"Category\", page = \"\", area = \"\"}". Executing controller action with signature "System.Threading.Tasks.Task`1[Microsoft.AspNetCore.Mvc.IActionResult] CategoryDetails(Int32)" on controller "Forum.Controllers.CategoryController" ("Forum").
2023-10-30 20:37:16.647 +01:00 [Information] [CategoryController] Id passed to categorydetails: 3.
2023-10-30 20:37:16.647 +01:00 [Information] [CategoryRep] Getting the category with id: 3: 
2023-10-30 20:37:16.648 +01:00 [Information] Executing ViewResult, running view "CategoryDetails".
2023-10-30 20:37:16.650 +01:00 [Information] Executed ViewResult - view "CategoryDetails" executed in 2.2629ms.
2023-10-30 20:37:16.650 +01:00 [Information] Executed action "Forum.Controllers.CategoryController.CategoryDetails (Forum)" in 3.0079ms
2023-10-30 20:37:16.650 +01:00 [Information] Executed endpoint '"Forum.Controllers.CategoryController.CategoryDetails (Forum)"'
2023-10-30 20:37:16.651 +01:00 [Information] Request finished HTTP/2 GET https://localhost:7205/Category/CategoryDetails/3 - - - 200 - text/html;+charset=utf-8 5.0103ms
2023-10-30 20:37:16.663 +01:00 [Information] Request starting HTTP/2 GET https://localhost:7205/_framework/aspnetcore-browser-refresh.js - -
2023-10-30 20:37:16.663 +01:00 [Information] Request starting HTTP/2 GET https://localhost:7205/_vs/browserLink - -
2023-10-30 20:37:16.664 +01:00 [Information] Request finished HTTP/2 GET https://localhost:7205/_framework/aspnetcore-browser-refresh.js - - - 200 12342 application/javascript;+charset=utf-8 0.1402ms
2023-10-30 20:37:16.665 +01:00 [Information] Request finished HTTP/2 GET https://localhost:7205/_vs/browserLink - - - 200 - text/javascript;+charset=UTF-8 1.8018ms
