2023-10-24 13:23:29.914 +02:00 [Information] User profile is available. Using '"C:\Users\abdik\AppData\Local\ASP.NET\DataProtection-Keys"' as key repository and Windows DPAPI to encrypt keys at rest.
2023-10-24 13:23:30.292 +02:00 [Information] Now listening on: "https://localhost:7205"
2023-10-24 13:23:30.292 +02:00 [Information] Now listening on: "http://localhost:5112"
2023-10-24 13:23:30.295 +02:00 [Information] Application started. Press Ctrl+C to shut down.
2023-10-24 13:23:30.296 +02:00 [Information] Hosting environment: "Development"
2023-10-24 13:23:30.296 +02:00 [Information] Content root path: "C:\Users\abdik\Source\Repos\Forum\MyShop\"
2023-10-24 13:23:30.668 +02:00 [Information] Request starting HTTP/2 GET https://localhost:7205/ - -
2023-10-24 13:23:30.704 +02:00 [Information] Executing endpoint '"Forum.Controllers.HomeController.Index (Forum)"'
2023-10-24 13:23:30.711 +02:00 [Information] Route matched with "{action = \"Index\", controller = \"Home\", page = \"\", area = \"\"}". Executing controller action with signature "Microsoft.AspNetCore.Mvc.IActionResult Index()" on controller "Forum.Controllers.HomeController" ("Forum").
2023-10-24 13:23:30.716 +02:00 [Information] Executing ViewResult, running view "Index".
2023-10-24 13:23:30.816 +02:00 [Information] Executed ViewResult - view "Index" executed in 100.2325ms.
2023-10-24 13:23:30.818 +02:00 [Information] Executed action "Forum.Controllers.HomeController.Index (Forum)" in 106.2162ms
2023-10-24 13:23:30.818 +02:00 [Information] Executed endpoint '"Forum.Controllers.HomeController.Index (Forum)"'
2023-10-24 13:23:30.831 +02:00 [Information] Request finished HTTP/2 GET https://localhost:7205/ - - - 200 - text/html;+charset=utf-8 166.1722ms
2023-10-24 13:23:30.836 +02:00 [Information] Request starting HTTP/2 GET https://localhost:7205/lib/jquery/jquery.js - -
2023-10-24 13:23:30.836 +02:00 [Information] Request starting HTTP/2 GET https://localhost:7205/images/alAqsa.jpg - -
2023-10-24 13:23:30.836 +02:00 [Information] Request starting HTTP/2 GET https://localhost:7205/lib/bootstrap/js/bootstrap.js - -
2023-10-24 13:23:30.836 +02:00 [Information] Request starting HTTP/2 GET https://localhost:7205/style.css - -
2023-10-24 13:23:30.839 +02:00 [Information] Request finished HTTP/2 GET https://localhost:7205/style.css - - - 404 0 - 2.8540ms
2023-10-24 13:23:30.845 +02:00 [Information] The file "/lib/jquery/jquery.js" was not modified
2023-10-24 13:23:30.845 +02:00 [Information] The file "/lib/bootstrap/js/bootstrap.js" was not modified
2023-10-24 13:23:30.846 +02:00 [Information] Request finished HTTP/2 GET https://localhost:7205/lib/jquery/jquery.js - - - 304 - application/javascript 9.4642ms
2023-10-24 13:23:30.846 +02:00 [Information] Request finished HTTP/2 GET https://localhost:7205/lib/bootstrap/js/bootstrap.js - - - 304 - application/javascript 9.4752ms
2023-10-24 13:23:30.870 +02:00 [Information] Sending file. Request path: '"/images/alAqsa.jpg"'. Physical path: '"C:\Users\abdik\Source\Repos\Forum\MyShop\wwwroot\images\alAqsa.jpg"'
2023-10-24 13:23:30.870 +02:00 [Information] Request finished HTTP/2 GET https://localhost:7205/images/alAqsa.jpg - - - 200 4701961 image/jpeg 33.8250ms
2023-10-24 13:23:30.873 +02:00 [Information] Request starting HTTP/2 GET https://localhost:7205/_framework/aspnetcore-browser-refresh.js - -
2023-10-24 13:23:30.875 +02:00 [Information] Request finished HTTP/2 GET https://localhost:7205/_framework/aspnetcore-browser-refresh.js - - - 200 12342 application/javascript;+charset=utf-8 1.1004ms
2023-10-24 13:23:30.884 +02:00 [Information] Request starting HTTP/2 GET https://localhost:7205/_vs/browserLink - -
2023-10-24 13:23:30.891 +02:00 [Information] Request finished HTTP/2 GET https://localhost:7205/_vs/browserLink - - - 200 - text/javascript;+charset=UTF-8 6.7732ms
