2023-10-30 19:04:49.568 +01:00 [Information] User profile is available. Using '"C:\Users\abdik\AppData\Local\ASP.NET\DataProtection-Keys"' as key repository and Windows DPAPI to encrypt keys at rest.
2023-10-30 19:04:50.022 +01:00 [Information] Now listening on: "https://localhost:7205"
2023-10-30 19:04:50.022 +01:00 [Information] Now listening on: "http://localhost:5112"
2023-10-30 19:04:50.025 +01:00 [Information] Application started. Press Ctrl+C to shut down.
2023-10-30 19:04:50.025 +01:00 [Information] Hosting environment: "Development"
2023-10-30 19:04:50.025 +01:00 [Information] Content root path: "C:\Users\abdik\Source\Repos\Forum\MyShop\"
2023-10-30 19:04:50.173 +01:00 [Information] Request starting HTTP/2 GET https://localhost:7205/Post/PostDetails/12 - -
2023-10-30 19:04:50.215 +01:00 [Information] Executing endpoint '"Forum.Controllers.PostController.PostDetails (Forum)"'
2023-10-30 19:04:50.230 +01:00 [Information] Route matched with "{action = \"PostDetails\", controller = \"Post\", page = \"\", area = \"\"}". Executing controller action with signature "System.Threading.Tasks.Task`1[Microsoft.AspNetCore.Mvc.IActionResult] PostDetails(Int32)" on controller "Forum.Controllers.PostController" ("Forum").
2023-10-30 19:04:50.272 +01:00 [Information] Executing ViewResult, running view "PostDetails".
2023-10-30 19:04:50.442 +01:00 [Information] Executed ViewResult - view "PostDetails" executed in 169.9674ms.
2023-10-30 19:04:50.444 +01:00 [Information] Executed action "Forum.Controllers.PostController.PostDetails (Forum)" in 213.0216ms
2023-10-30 19:04:50.444 +01:00 [Information] Executed endpoint '"Forum.Controllers.PostController.PostDetails (Forum)"'
2023-10-30 19:04:50.455 +01:00 [Information] Request finished HTTP/2 GET https://localhost:7205/Post/PostDetails/12 - - - 200 - text/html;+charset=utf-8 284.4810ms
2023-10-30 19:04:50.456 +01:00 [Information] Request starting HTTP/2 GET https://localhost:7205/css/style.css?v=nIC6AvzxUAe-Mo2Dws7mAMANgmOmoKaid8GbFvGXaUo - -
2023-10-30 19:04:50.456 +01:00 [Information] Request starting HTTP/2 GET https://localhost:7205/css/style.css - -
2023-10-30 19:04:50.456 +01:00 [Information] Request starting HTTP/2 GET https://localhost:7205/_framework/aspnetcore-browser-refresh.js - -
2023-10-30 19:04:50.458 +01:00 [Information] Request finished HTTP/2 GET https://localhost:7205/_framework/aspnetcore-browser-refresh.js - - - 200 12342 application/javascript;+charset=utf-8 1.9825ms
2023-10-30 19:04:50.460 +01:00 [Information] The file "/css/style.css" was not modified
2023-10-30 19:04:50.460 +01:00 [Information] The file "/css/style.css" was not modified
2023-10-30 19:04:50.460 +01:00 [Information] Request finished HTTP/2 GET https://localhost:7205/css/style.css - - - 304 - text/css 3.3544ms
2023-10-30 19:04:50.460 +01:00 [Information] Request finished HTTP/2 GET https://localhost:7205/css/style.css?v=nIC6AvzxUAe-Mo2Dws7mAMANgmOmoKaid8GbFvGXaUo - - - 304 - text/css 3.3650ms
2023-10-30 19:04:50.465 +01:00 [Information] Request starting HTTP/2 GET https://localhost:7205/_vs/browserLink - -
2023-10-30 19:04:50.472 +01:00 [Information] Request finished HTTP/2 GET https://localhost:7205/_vs/browserLink - - - 200 - text/javascript;+charset=UTF-8 6.2737ms
2023-10-30 19:04:58.826 +01:00 [Information] Request starting HTTP/2 GET https://localhost:7205/ - -
2023-10-30 19:04:58.829 +01:00 [Information] Executing endpoint '"Forum.Controllers.HomeController.Index (Forum)"'
2023-10-30 19:04:58.831 +01:00 [Information] Route matched with "{action = \"Index\", controller = \"Home\", page = \"\", area = \"\"}". Executing controller action with signature "System.Threading.Tasks.Task`1[Microsoft.AspNetCore.Mvc.IActionResult] Index()" on controller "Forum.Controllers.HomeController" ("Forum").
2023-10-30 19:04:58.837 +01:00 [Information] Executing ViewResult, running view "Index".
2023-10-30 19:04:58.867 +01:00 [Information] Executed ViewResult - view "Index" executed in 29.9814ms.
2023-10-30 19:04:58.867 +01:00 [Information] Executed action "Forum.Controllers.HomeController.Index (Forum)" in 36.6381ms
2023-10-30 19:04:58.867 +01:00 [Information] Executed endpoint '"Forum.Controllers.HomeController.Index (Forum)"'
2023-10-30 19:04:58.869 +01:00 [Information] Request finished HTTP/2 GET https://localhost:7205/ - - - 200 - text/html;+charset=utf-8 43.3991ms
2023-10-30 19:04:58.885 +01:00 [Information] Request starting HTTP/2 GET https://localhost:7205/_framework/aspnetcore-browser-refresh.js - -
2023-10-30 19:04:58.885 +01:00 [Information] Request starting HTTP/2 GET https://localhost:7205/_vs/browserLink - -
2023-10-30 19:04:58.886 +01:00 [Information] Request finished HTTP/2 GET https://localhost:7205/_framework/aspnetcore-browser-refresh.js - - - 200 12342 application/javascript;+charset=utf-8 0.3596ms
2023-10-30 19:04:58.887 +01:00 [Information] Request finished HTTP/2 GET https://localhost:7205/_vs/browserLink - - - 200 - text/javascript;+charset=UTF-8 2.0131ms
2023-10-30 19:05:01.521 +01:00 [Information] Request starting HTTP/2 GET https://localhost:7205/ - -
2023-10-30 19:05:01.530 +01:00 [Information] Executing endpoint '"Forum.Controllers.HomeController.Index (Forum)"'
2023-10-30 19:05:01.530 +01:00 [Information] Route matched with "{action = \"Index\", controller = \"Home\", page = \"\", area = \"\"}". Executing controller action with signature "System.Threading.Tasks.Task`1[Microsoft.AspNetCore.Mvc.IActionResult] Index()" on controller "Forum.Controllers.HomeController" ("Forum").
2023-10-30 19:05:01.531 +01:00 [Information] Executing ViewResult, running view "Index".
2023-10-30 19:05:01.540 +01:00 [Information] Executed ViewResult - view "Index" executed in 8.5091ms.
2023-10-30 19:05:01.540 +01:00 [Information] Executed action "Forum.Controllers.HomeController.Index (Forum)" in 9.4666ms
2023-10-30 19:05:01.540 +01:00 [Information] Executed endpoint '"Forum.Controllers.HomeController.Index (Forum)"'
2023-10-30 19:05:01.542 +01:00 [Information] Request finished HTTP/2 GET https://localhost:7205/ - - - 200 - text/html;+charset=utf-8 20.3207ms
2023-10-30 19:05:01.550 +01:00 [Information] Request starting HTTP/2 GET https://localhost:7205/_vs/browserLink - -
2023-10-30 19:05:01.550 +01:00 [Information] Request starting HTTP/2 GET https://localhost:7205/_framework/aspnetcore-browser-refresh.js - -
2023-10-30 19:05:01.551 +01:00 [Information] Request finished HTTP/2 GET https://localhost:7205/_framework/aspnetcore-browser-refresh.js - - - 200 12342 application/javascript;+charset=utf-8 0.1712ms
2023-10-30 19:05:01.552 +01:00 [Information] Request finished HTTP/2 GET https://localhost:7205/_vs/browserLink - - - 200 - text/javascript;+charset=UTF-8 1.9390ms
2023-10-30 19:05:04.232 +01:00 [Information] Request starting HTTP/2 GET https://localhost:7205/ - -
2023-10-30 19:05:04.233 +01:00 [Information] Executing endpoint '"Forum.Controllers.HomeController.Index (Forum)"'
2023-10-30 19:05:04.234 +01:00 [Information] Route matched with "{action = \"Index\", controller = \"Home\", page = \"\", area = \"\"}". Executing controller action with signature "System.Threading.Tasks.Task`1[Microsoft.AspNetCore.Mvc.IActionResult] Index()" on controller "Forum.Controllers.HomeController" ("Forum").
2023-10-30 19:05:04.234 +01:00 [Information] Executing ViewResult, running view "Index".
2023-10-30 19:05:04.241 +01:00 [Information] Executed ViewResult - view "Index" executed in 7.1193ms.
2023-10-30 19:05:04.241 +01:00 [Information] Executed action "Forum.Controllers.HomeController.Index (Forum)" in 7.8012ms
2023-10-30 19:05:04.241 +01:00 [Information] Executed endpoint '"Forum.Controllers.HomeController.Index (Forum)"'
2023-10-30 19:05:04.243 +01:00 [Information] Request finished HTTP/2 GET https://localhost:7205/ - - - 200 - text/html;+charset=utf-8 11.3877ms
2023-10-30 19:05:04.255 +01:00 [Information] Request starting HTTP/2 GET https://localhost:7205/_vs/browserLink - -
2023-10-30 19:05:04.255 +01:00 [Information] Request starting HTTP/2 GET https://localhost:7205/_framework/aspnetcore-browser-refresh.js - -
2023-10-30 19:05:04.255 +01:00 [Information] Request finished HTTP/2 GET https://localhost:7205/_framework/aspnetcore-browser-refresh.js - - - 200 12342 application/javascript;+charset=utf-8 0.2199ms
2023-10-30 19:05:04.256 +01:00 [Information] Request finished HTTP/2 GET https://localhost:7205/_vs/browserLink - - - 200 - text/javascript;+charset=UTF-8 1.7268ms
2023-10-30 19:05:06.314 +01:00 [Information] Request starting HTTP/2 GET https://localhost:7205/ - -
2023-10-30 19:05:06.315 +01:00 [Information] Executing endpoint '"Forum.Controllers.HomeController.Index (Forum)"'
2023-10-30 19:05:06.315 +01:00 [Information] Route matched with "{action = \"Index\", controller = \"Home\", page = \"\", area = \"\"}". Executing controller action with signature "System.Threading.Tasks.Task`1[Microsoft.AspNetCore.Mvc.IActionResult] Index()" on controller "Forum.Controllers.HomeController" ("Forum").
2023-10-30 19:05:06.316 +01:00 [Information] Executing ViewResult, running view "Index".
2023-10-30 19:05:06.322 +01:00 [Information] Executed ViewResult - view "Index" executed in 6.32ms.
2023-10-30 19:05:06.322 +01:00 [Information] Executed action "Forum.Controllers.HomeController.Index (Forum)" in 6.7411ms
2023-10-30 19:05:06.322 +01:00 [Information] Executed endpoint '"Forum.Controllers.HomeController.Index (Forum)"'
2023-10-30 19:05:06.324 +01:00 [Information] Request finished HTTP/2 GET https://localhost:7205/ - - - 200 - text/html;+charset=utf-8 10.3405ms
2023-10-30 19:05:06.337 +01:00 [Information] Request starting HTTP/2 GET https://localhost:7205/images/fotball.jpg - -
2023-10-30 19:05:06.337 +01:00 [Information] Request starting HTTP/2 GET https://localhost:7205/images/formula1.jpg - -
2023-10-30 19:05:06.337 +01:00 [Information] The file "/images/fotball.jpg" was not modified
2023-10-30 19:05:06.337 +01:00 [Information] The file "/images/formula1.jpg" was not modified
2023-10-30 19:05:06.337 +01:00 [Information] Request finished HTTP/2 GET https://localhost:7205/images/fotball.jpg - - - 304 - image/jpeg 0.5656ms
2023-10-30 19:05:06.337 +01:00 [Information] Request finished HTTP/2 GET https://localhost:7205/images/formula1.jpg - - - 304 - image/jpeg 0.5848ms
2023-10-30 19:05:06.368 +01:00 [Information] Request starting HTTP/2 GET https://localhost:7205/images/vacation.jpg - -
2023-10-30 19:05:06.369 +01:00 [Information] The file "/images/vacation.jpg" was not modified
2023-10-30 19:05:06.369 +01:00 [Information] Request finished HTTP/2 GET https://localhost:7205/images/vacation.jpg - - - 304 - image/jpeg 0.4026ms
2023-10-30 19:05:06.369 +01:00 [Information] Request starting HTTP/2 GET https://localhost:7205/images/mosque.jpg - -
2023-10-30 19:05:06.369 +01:00 [Information] The file "/images/mosque.jpg" was not modified
2023-10-30 19:05:06.369 +01:00 [Information] Request finished HTTP/2 GET https://localhost:7205/images/mosque.jpg - - - 304 - image/jpeg 0.2225ms
2023-10-30 19:05:06.374 +01:00 [Information] Request starting HTTP/2 GET https://localhost:7205/images/cyberS.jpg - -
2023-10-30 19:05:06.374 +01:00 [Information] The file "/images/cyberS.jpg" was not modified
2023-10-30 19:05:06.374 +01:00 [Information] Request finished HTTP/2 GET https://localhost:7205/images/cyberS.jpg - - - 304 - image/jpeg 0.3002ms
2023-10-30 19:05:06.382 +01:00 [Information] Request starting HTTP/2 GET https://localhost:7205/_framework/aspnetcore-browser-refresh.js - -
2023-10-30 19:05:06.383 +01:00 [Information] Request finished HTTP/2 GET https://localhost:7205/_framework/aspnetcore-browser-refresh.js - - - 200 12342 application/javascript;+charset=utf-8 0.1662ms
2023-10-30 19:05:06.390 +01:00 [Information] Request starting HTTP/2 GET https://localhost:7205/_vs/browserLink - -
2023-10-30 19:05:06.390 +01:00 [Information] Request starting HTTP/2 GET https://localhost:7205/images/skiEquipments.jpg - -
2023-10-30 19:05:06.391 +01:00 [Information] The file "/images/skiEquipments.jpg" was not modified
2023-10-30 19:05:06.391 +01:00 [Information] Request finished HTTP/2 GET https://localhost:7205/images/skiEquipments.jpg - - - 304 - image/jpeg 0.3846ms
2023-10-30 19:05:06.392 +01:00 [Information] Request finished HTTP/2 GET https://localhost:7205/_vs/browserLink - - - 200 - text/javascript;+charset=UTF-8 1.7626ms
2023-10-30 19:05:07.819 +01:00 [Information] Request starting HTTP/2 GET https://localhost:7205/Post/PostDetails/12 - -
2023-10-30 19:05:07.822 +01:00 [Information] Executing endpoint '"Forum.Controllers.PostController.PostDetails (Forum)"'
2023-10-30 19:05:07.822 +01:00 [Information] Route matched with "{action = \"PostDetails\", controller = \"Post\", page = \"\", area = \"\"}". Executing controller action with signature "System.Threading.Tasks.Task`1[Microsoft.AspNetCore.Mvc.IActionResult] PostDetails(Int32)" on controller "Forum.Controllers.PostController" ("Forum").
2023-10-30 19:05:07.823 +01:00 [Information] Executing ViewResult, running view "PostDetails".
2023-10-30 19:05:07.827 +01:00 [Information] Executed ViewResult - view "PostDetails" executed in 4.0986ms.
2023-10-30 19:05:07.827 +01:00 [Information] Executed action "Forum.Controllers.PostController.PostDetails (Forum)" in 5.3046ms
2023-10-30 19:05:07.827 +01:00 [Information] Executed endpoint '"Forum.Controllers.PostController.PostDetails (Forum)"'
2023-10-30 19:05:07.828 +01:00 [Information] Request finished HTTP/2 GET https://localhost:7205/Post/PostDetails/12 - - - 200 - text/html;+charset=utf-8 8.9853ms
2023-10-30 19:05:07.840 +01:00 [Information] Request starting HTTP/2 GET https://localhost:7205/_vs/browserLink - -
2023-10-30 19:05:07.840 +01:00 [Information] Request starting HTTP/2 GET https://localhost:7205/_framework/aspnetcore-browser-refresh.js - -
2023-10-30 19:05:07.840 +01:00 [Information] Request finished HTTP/2 GET https://localhost:7205/_framework/aspnetcore-browser-refresh.js - - - 200 12342 application/javascript;+charset=utf-8 0.2081ms
2023-10-30 19:05:07.842 +01:00 [Information] Request finished HTTP/2 GET https://localhost:7205/_vs/browserLink - - - 200 - text/javascript;+charset=UTF-8 2.1986ms
2023-10-30 19:05:27.363 +01:00 [Information] Request starting HTTP/2 POST https://localhost:7205/Identity/Account/Logout?returnUrl=%2F application/x-www-form-urlencoded 225
2023-10-30 19:05:27.366 +01:00 [Information] Executing endpoint '"/Account/Logout"'
2023-10-30 19:05:27.372 +01:00 [Information] Route matched with "{page = \"/Account/Logout\", area = \"Identity\", action = \"\", controller = \"\"}". Executing page "/Account/Logout"
2023-10-30 19:05:27.383 +01:00 [Information] Executing handler method "Forum.Areas.Identity.Pages.Account.LogoutModel.OnPost" - ModelState is Valid
2023-10-30 19:05:27.386 +01:00 [Information] AuthenticationScheme: "Identity.Application" signed out.
2023-10-30 19:05:27.386 +01:00 [Information] AuthenticationScheme: "Identity.External" signed out.
2023-10-30 19:05:27.386 +01:00 [Information] AuthenticationScheme: "Identity.TwoFactorUserId" signed out.
2023-10-30 19:05:27.386 +01:00 [Information] User logged out.
2023-10-30 19:05:27.386 +01:00 [Information] Executed handler method "OnPost", returned result "Microsoft.AspNetCore.Mvc.LocalRedirectResult".
2023-10-30 19:05:27.387 +01:00 [Information] Executing LocalRedirectResult, redirecting to "/".
2023-10-30 19:05:27.387 +01:00 [Information] Executed page "/Account/Logout" in 14.5671ms
2023-10-30 19:05:27.387 +01:00 [Information] Executed endpoint '"/Account/Logout"'
2023-10-30 19:05:27.387 +01:00 [Information] Request finished HTTP/2 POST https://localhost:7205/Identity/Account/Logout?returnUrl=%2F application/x-www-form-urlencoded 225 - 302 0 - 23.9591ms
2023-10-30 19:05:27.389 +01:00 [Information] Request starting HTTP/2 GET https://localhost:7205/ - -
2023-10-30 19:05:27.390 +01:00 [Information] Executing endpoint '"Forum.Controllers.HomeController.Index (Forum)"'
2023-10-30 19:05:27.390 +01:00 [Information] Route matched with "{action = \"Index\", controller = \"Home\", page = \"\", area = \"\"}". Executing controller action with signature "System.Threading.Tasks.Task`1[Microsoft.AspNetCore.Mvc.IActionResult] Index()" on controller "Forum.Controllers.HomeController" ("Forum").
2023-10-30 19:05:27.391 +01:00 [Information] Executing ViewResult, running view "Index".
2023-10-30 19:05:27.398 +01:00 [Information] Executed ViewResult - view "Index" executed in 7.2082ms.
2023-10-30 19:05:27.398 +01:00 [Information] Executed action "Forum.Controllers.HomeController.Index (Forum)" in 8.3541ms
2023-10-30 19:05:27.398 +01:00 [Information] Executed endpoint '"Forum.Controllers.HomeController.Index (Forum)"'
2023-10-30 19:05:27.400 +01:00 [Information] Request finished HTTP/2 GET https://localhost:7205/ - - - 200 - text/html;+charset=utf-8 10.6245ms
2023-10-30 19:05:27.409 +01:00 [Information] Request starting HTTP/2 GET https://localhost:7205/_framework/aspnetcore-browser-refresh.js - -
2023-10-30 19:05:27.409 +01:00 [Information] Request starting HTTP/2 GET https://localhost:7205/_vs/browserLink - -
2023-10-30 19:05:27.409 +01:00 [Information] Request finished HTTP/2 GET https://localhost:7205/_framework/aspnetcore-browser-refresh.js - - - 200 12342 application/javascript;+charset=utf-8 0.1667ms
2023-10-30 19:05:27.411 +01:00 [Information] Request finished HTTP/2 GET https://localhost:7205/_vs/browserLink - - - 200 - text/javascript;+charset=UTF-8 1.7747ms
2023-10-30 19:05:28.468 +01:00 [Information] Request starting HTTP/2 GET https://localhost:7205/Identity/Account/Login - -
2023-10-30 19:05:28.471 +01:00 [Information] Executing endpoint '"/Account/Login"'
2023-10-30 19:05:28.474 +01:00 [Information] Route matched with "{page = \"/Account/Login\", area = \"Identity\", action = \"\", controller = \"\"}". Executing page "/Account/Login"
2023-10-30 19:05:28.476 +01:00 [Information] Executing handler method "Forum.Areas.Identity.Pages.Account.LoginModel.OnGetAsync" - ModelState is Valid
2023-10-30 19:05:28.477 +01:00 [Information] AuthenticationScheme: "Identity.External" signed out.
2023-10-30 19:05:28.477 +01:00 [Information] Executed handler method "OnGetAsync", returned result "".
2023-10-30 19:05:28.480 +01:00 [Information] Executing an implicit handler method - ModelState is Valid
2023-10-30 19:05:28.480 +01:00 [Information] Executed an implicit handler method, returned result "Microsoft.AspNetCore.Mvc.RazorPages.PageResult".
2023-10-30 19:05:28.507 +01:00 [Information] Executed page "/Account/Login" in 32.6665ms
2023-10-30 19:05:28.507 +01:00 [Information] Executed endpoint '"/Account/Login"'
2023-10-30 19:05:28.508 +01:00 [Information] Request finished HTTP/2 GET https://localhost:7205/Identity/Account/Login - - - 200 - text/html;+charset=utf-8 39.9652ms
2023-10-30 19:05:28.519 +01:00 [Information] Request starting HTTP/2 GET https://localhost:7205/_framework/aspnetcore-browser-refresh.js - -
2023-10-30 19:05:28.519 +01:00 [Information] Request finished HTTP/2 GET https://localhost:7205/_framework/aspnetcore-browser-refresh.js - - - 200 12342 application/javascript;+charset=utf-8 0.1788ms
2023-10-30 19:05:28.529 +01:00 [Information] Request starting HTTP/2 GET https://localhost:7205/_vs/browserLink - -
2023-10-30 19:05:28.531 +01:00 [Information] Request finished HTTP/2 GET https://localhost:7205/_vs/browserLink - - - 200 - text/javascript;+charset=UTF-8 1.6306ms
2023-10-30 19:05:35.387 +01:00 [Information] Request starting HTTP/2 GET https://localhost:7205/Identity/Account/Register?returnUrl=%2F - -
2023-10-30 19:05:35.388 +01:00 [Information] Executing endpoint '"/Account/Register"'
2023-10-30 19:05:35.392 +01:00 [Information] Route matched with "{page = \"/Account/Register\", area = \"Identity\", action = \"\", controller = \"\"}". Executing page "/Account/Register"
2023-10-30 19:05:35.394 +01:00 [Information] Executing handler method "Forum.Areas.Identity.Pages.Account.RegisterModel.OnGetAsync" - ModelState is Valid
2023-10-30 19:05:35.394 +01:00 [Information] Executed handler method "OnGetAsync", returned result "".
2023-10-30 19:05:35.395 +01:00 [Information] Executing an implicit handler method - ModelState is Valid
2023-10-30 19:05:35.395 +01:00 [Information] Executed an implicit handler method, returned result "Microsoft.AspNetCore.Mvc.RazorPages.PageResult".
2023-10-30 19:05:35.407 +01:00 [Information] Executed page "/Account/Register" in 14.1842ms
2023-10-30 19:05:35.407 +01:00 [Information] Executed endpoint '"/Account/Register"'
2023-10-30 19:05:35.407 +01:00 [Information] Request finished HTTP/2 GET https://localhost:7205/Identity/Account/Register?returnUrl=%2F - - - 200 - text/html;+charset=utf-8 20.0509ms
2023-10-30 19:05:35.418 +01:00 [Information] Request starting HTTP/2 GET https://localhost:7205/_vs/browserLink - -
2023-10-30 19:05:35.418 +01:00 [Information] Request starting HTTP/2 GET https://localhost:7205/_framework/aspnetcore-browser-refresh.js - -
2023-10-30 19:05:35.419 +01:00 [Information] Request finished HTTP/2 GET https://localhost:7205/_framework/aspnetcore-browser-refresh.js - - - 200 12342 application/javascript;+charset=utf-8 0.2194ms
2023-10-30 19:05:35.420 +01:00 [Information] Request finished HTTP/2 GET https://localhost:7205/_vs/browserLink - - - 200 - text/javascript;+charset=UTF-8 1.6620ms
2023-10-30 19:06:00.499 +01:00 [Information] Request starting HTTP/2 POST https://localhost:7205/Identity/Account/Register?returnUrl=%2F application/x-www-form-urlencoded 292
2023-10-30 19:06:00.500 +01:00 [Information] Executing endpoint '"/Account/Register"'
2023-10-30 19:06:00.500 +01:00 [Information] Route matched with "{page = \"/Account/Register\", area = \"Identity\", action = \"\", controller = \"\"}". Executing page "/Account/Register"
2023-10-30 19:06:00.506 +01:00 [Information] Executing handler method "Forum.Areas.Identity.Pages.Account.RegisterModel.OnPostAsync" - ModelState is Valid
2023-10-30 19:06:00.587 +01:00 [Information] User created a new account with password.
2023-10-30 19:06:00.660 +01:00 [Information] AuthenticationScheme: "Identity.Application" signed in.
2023-10-30 19:06:00.660 +01:00 [Information] Executed handler method "OnPostAsync", returned result "Microsoft.AspNetCore.Mvc.LocalRedirectResult".
2023-10-30 19:06:00.660 +01:00 [Information] Executing LocalRedirectResult, redirecting to "/".
2023-10-30 19:06:00.660 +01:00 [Information] Executed page "/Account/Register" in 160.6622ms
2023-10-30 19:06:00.660 +01:00 [Information] Executed endpoint '"/Account/Register"'
2023-10-30 19:06:00.660 +01:00 [Information] Request finished HTTP/2 POST https://localhost:7205/Identity/Account/Register?returnUrl=%2F application/x-www-form-urlencoded 292 - 302 0 - 161.4249ms
2023-10-30 19:06:00.663 +01:00 [Information] Request starting HTTP/2 GET https://localhost:7205/ - -
2023-10-30 19:06:00.665 +01:00 [Information] Executing endpoint '"Forum.Controllers.HomeController.Index (Forum)"'
2023-10-30 19:06:00.665 +01:00 [Information] Route matched with "{action = \"Index\", controller = \"Home\", page = \"\", area = \"\"}". Executing controller action with signature "System.Threading.Tasks.Task`1[Microsoft.AspNetCore.Mvc.IActionResult] Index()" on controller "Forum.Controllers.HomeController" ("Forum").
2023-10-30 19:06:00.665 +01:00 [Information] Executing ViewResult, running view "Index".
2023-10-30 19:06:00.671 +01:00 [Information] Executed ViewResult - view "Index" executed in 5.9676ms.
2023-10-30 19:06:00.671 +01:00 [Information] Executed action "Forum.Controllers.HomeController.Index (Forum)" in 6.401ms
2023-10-30 19:06:00.671 +01:00 [Information] Executed endpoint '"Forum.Controllers.HomeController.Index (Forum)"'
2023-10-30 19:06:00.673 +01:00 [Information] Request finished HTTP/2 GET https://localhost:7205/ - - - 200 - text/html;+charset=utf-8 9.6629ms
2023-10-30 19:06:00.700 +01:00 [Information] Request starting HTTP/2 GET https://localhost:7205/_framework/aspnetcore-browser-refresh.js - -
2023-10-30 19:06:00.701 +01:00 [Information] Request finished HTTP/2 GET https://localhost:7205/_framework/aspnetcore-browser-refresh.js - - - 200 12342 application/javascript;+charset=utf-8 0.2082ms
2023-10-30 19:06:00.704 +01:00 [Information] Request starting HTTP/2 GET https://localhost:7205/_vs/browserLink - -
2023-10-30 19:06:00.706 +01:00 [Information] Request finished HTTP/2 GET https://localhost:7205/_vs/browserLink - - - 200 - text/javascript;+charset=UTF-8 2.1829ms
2023-10-30 19:06:03.694 +01:00 [Information] Request starting HTTP/2 GET https://localhost:7205/Post/PostDetails/12 - -
2023-10-30 19:06:03.696 +01:00 [Information] Executing endpoint '"Forum.Controllers.PostController.PostDetails (Forum)"'
2023-10-30 19:06:03.696 +01:00 [Information] Route matched with "{action = \"PostDetails\", controller = \"Post\", page = \"\", area = \"\"}". Executing controller action with signature "System.Threading.Tasks.Task`1[Microsoft.AspNetCore.Mvc.IActionResult] PostDetails(Int32)" on controller "Forum.Controllers.PostController" ("Forum").
2023-10-30 19:06:03.697 +01:00 [Information] Executing ViewResult, running view "PostDetails".
2023-10-30 19:06:03.701 +01:00 [Information] Executed ViewResult - view "PostDetails" executed in 3.7843ms.
2023-10-30 19:06:03.701 +01:00 [Information] Executed action "Forum.Controllers.PostController.PostDetails (Forum)" in 4.9467ms
2023-10-30 19:06:03.701 +01:00 [Information] Executed endpoint '"Forum.Controllers.PostController.PostDetails (Forum)"'
2023-10-30 19:06:03.702 +01:00 [Information] Request finished HTTP/2 GET https://localhost:7205/Post/PostDetails/12 - - - 200 - text/html;+charset=utf-8 7.5989ms
2023-10-30 19:06:03.711 +01:00 [Information] Request starting HTTP/2 GET https://localhost:7205/_vs/browserLink - -
2023-10-30 19:06:03.711 +01:00 [Information] Request starting HTTP/2 GET https://localhost:7205/_framework/aspnetcore-browser-refresh.js - -
2023-10-30 19:06:03.711 +01:00 [Information] Request finished HTTP/2 GET https://localhost:7205/_framework/aspnetcore-browser-refresh.js - - - 200 12342 application/javascript;+charset=utf-8 0.2139ms
2023-10-30 19:06:03.712 +01:00 [Information] Request finished HTTP/2 GET https://localhost:7205/_vs/browserLink - - - 200 - text/javascript;+charset=UTF-8 1.7118ms
2023-10-30 19:06:05.215 +01:00 [Information] Request starting HTTP/2 GET https://localhost:7205/Comment/CreateComment?postId=12 - -
2023-10-30 19:06:05.216 +01:00 [Information] Executing endpoint '"Forum.Controllers.CommentController.CreateComment (Forum)"'
2023-10-30 19:06:05.217 +01:00 [Information] Route matched with "{action = \"CreateComment\", controller = \"Comment\", page = \"\", area = \"\"}". Executing controller action with signature "Microsoft.AspNetCore.Mvc.IActionResult CreateComment(Int32)" on controller "Forum.Controllers.CommentController" ("Forum").
2023-10-30 19:06:05.218 +01:00 [Information] Executing ViewResult, running view "CreateComment".
2023-10-30 19:06:05.229 +01:00 [Information] Executed ViewResult - view "CreateComment" executed in 11.2117ms.
2023-10-30 19:06:05.229 +01:00 [Information] Executed action "Forum.Controllers.CommentController.CreateComment (Forum)" in 11.7073ms
2023-10-30 19:06:05.229 +01:00 [Information] Executed endpoint '"Forum.Controllers.CommentController.CreateComment (Forum)"'
2023-10-30 19:06:05.230 +01:00 [Information] Request finished HTTP/2 GET https://localhost:7205/Comment/CreateComment?postId=12 - - - 200 - text/html;+charset=utf-8 15.1649ms
2023-10-30 19:06:05.239 +01:00 [Information] Request starting HTTP/2 GET https://localhost:7205/_vs/browserLink - -
2023-10-30 19:06:05.239 +01:00 [Information] Request starting HTTP/2 GET https://localhost:7205/_framework/aspnetcore-browser-refresh.js - -
2023-10-30 19:06:05.240 +01:00 [Information] Request finished HTTP/2 GET https://localhost:7205/_framework/aspnetcore-browser-refresh.js - - - 200 12342 application/javascript;+charset=utf-8 0.1084ms
2023-10-30 19:06:05.241 +01:00 [Information] Request finished HTTP/2 GET https://localhost:7205/_vs/browserLink - - - 200 - text/javascript;+charset=UTF-8 1.8931ms
2023-10-30 19:06:06.747 +01:00 [Information] Request starting HTTP/2 GET https://localhost:7205/Post/PostDetails/12 - -
2023-10-30 19:06:06.748 +01:00 [Information] Executing endpoint '"Forum.Controllers.PostController.PostDetails (Forum)"'
2023-10-30 19:06:06.748 +01:00 [Information] Route matched with "{action = \"PostDetails\", controller = \"Post\", page = \"\", area = \"\"}". Executing controller action with signature "System.Threading.Tasks.Task`1[Microsoft.AspNetCore.Mvc.IActionResult] PostDetails(Int32)" on controller "Forum.Controllers.PostController" ("Forum").
2023-10-30 19:06:06.749 +01:00 [Information] Executing ViewResult, running view "PostDetails".
2023-10-30 19:06:06.752 +01:00 [Information] Executed ViewResult - view "PostDetails" executed in 3.113ms.
2023-10-30 19:06:06.752 +01:00 [Information] Executed action "Forum.Controllers.PostController.PostDetails (Forum)" in 3.834ms
2023-10-30 19:06:06.752 +01:00 [Information] Executed endpoint '"Forum.Controllers.PostController.PostDetails (Forum)"'
2023-10-30 19:06:06.753 +01:00 [Information] Request finished HTTP/2 GET https://localhost:7205/Post/PostDetails/12 - - - 200 - text/html;+charset=utf-8 6.1969ms
2023-10-30 19:06:06.762 +01:00 [Information] Request starting HTTP/2 GET https://localhost:7205/_framework/aspnetcore-browser-refresh.js - -
2023-10-30 19:06:06.762 +01:00 [Information] Request finished HTTP/2 GET https://localhost:7205/_framework/aspnetcore-browser-refresh.js - - - 200 12342 application/javascript;+charset=utf-8 0.1839ms
2023-10-30 19:06:20.964 +01:00 [Information] Request starting HTTP/2 GET https://localhost:7205/Comment/CreateComment?postId=12 - -
2023-10-30 19:06:20.968 +01:00 [Information] Executing endpoint '"Forum.Controllers.CommentController.CreateComment (Forum)"'
2023-10-30 19:06:20.968 +01:00 [Information] Route matched with "{action = \"CreateComment\", controller = \"Comment\", page = \"\", area = \"\"}". Executing controller action with signature "Microsoft.AspNetCore.Mvc.IActionResult CreateComment(Int32)" on controller "Forum.Controllers.CommentController" ("Forum").
2023-10-30 19:06:20.968 +01:00 [Information] Executing ViewResult, running view "CreateComment".
2023-10-30 19:06:20.970 +01:00 [Information] Executed ViewResult - view "CreateComment" executed in 2.2156ms.
2023-10-30 19:06:20.970 +01:00 [Information] Executed action "Forum.Controllers.CommentController.CreateComment (Forum)" in 2.4146ms
2023-10-30 19:06:20.970 +01:00 [Information] Executed endpoint '"Forum.Controllers.CommentController.CreateComment (Forum)"'
2023-10-30 19:06:20.971 +01:00 [Information] Request finished HTTP/2 GET https://localhost:7205/Comment/CreateComment?postId=12 - - - 200 - text/html;+charset=utf-8 6.6285ms
2023-10-30 19:06:20.984 +01:00 [Information] Request starting HTTP/2 GET https://localhost:7205/_framework/aspnetcore-browser-refresh.js - -
2023-10-30 19:06:20.984 +01:00 [Information] Request starting HTTP/2 GET https://localhost:7205/_vs/browserLink - -
2023-10-30 19:06:20.984 +01:00 [Information] Request finished HTTP/2 GET https://localhost:7205/_framework/aspnetcore-browser-refresh.js - - - 200 12342 application/javascript;+charset=utf-8 0.1588ms
2023-10-30 19:06:20.986 +01:00 [Information] Request finished HTTP/2 GET https://localhost:7205/_vs/browserLink - - - 200 - text/javascript;+charset=UTF-8 2.0513ms
2023-10-30 19:07:12.030 +01:00 [Information] Request starting HTTP/2 POST https://localhost:7205/Comment/CreateComment application/x-www-form-urlencoded 435
2023-10-30 19:07:12.032 +01:00 [Information] Executing endpoint '"Forum.Controllers.CommentController.CreateComment (Forum)"'
2023-10-30 19:07:12.037 +01:00 [Information] Route matched with "{action = \"CreateComment\", controller = \"Comment\", page = \"\", area = \"\"}". Executing controller action with signature "System.Threading.Tasks.Task`1[Microsoft.AspNetCore.Mvc.IActionResult] CreateComment(Forum.Models.Comment)" on controller "Forum.Controllers.CommentController" ("Forum").
2023-10-30 19:07:12.059 +01:00 [Information] Executing RedirectResult, redirecting to "/Post/PostDetails/12".
2023-10-30 19:07:12.059 +01:00 [Information] Executed action "Forum.Controllers.CommentController.CreateComment (Forum)" in 22.5469ms
2023-10-30 19:07:12.059 +01:00 [Information] Executed endpoint '"Forum.Controllers.CommentController.CreateComment (Forum)"'
2023-10-30 19:07:12.060 +01:00 [Information] Request finished HTTP/2 POST https://localhost:7205/Comment/CreateComment application/x-www-form-urlencoded 435 - 302 0 - 29.1919ms
2023-10-30 19:07:12.063 +01:00 [Information] Request starting HTTP/2 GET https://localhost:7205/Post/PostDetails/12 - -
2023-10-30 19:07:12.064 +01:00 [Information] Executing endpoint '"Forum.Controllers.PostController.PostDetails (Forum)"'
2023-10-30 19:07:12.064 +01:00 [Information] Route matched with "{action = \"PostDetails\", controller = \"Post\", page = \"\", area = \"\"}". Executing controller action with signature "System.Threading.Tasks.Task`1[Microsoft.AspNetCore.Mvc.IActionResult] PostDetails(Int32)" on controller "Forum.Controllers.PostController" ("Forum").
2023-10-30 19:07:12.064 +01:00 [Information] Executing ViewResult, running view "PostDetails".
2023-10-30 19:07:12.068 +01:00 [Information] Executed ViewResult - view "PostDetails" executed in 3.2228ms.
2023-10-30 19:07:12.068 +01:00 [Information] Executed action "Forum.Controllers.PostController.PostDetails (Forum)" in 3.9001ms
2023-10-30 19:07:12.068 +01:00 [Information] Executed endpoint '"Forum.Controllers.PostController.PostDetails (Forum)"'
2023-10-30 19:07:12.069 +01:00 [Information] Request finished HTTP/2 GET https://localhost:7205/Post/PostDetails/12 - - - 200 - text/html;+charset=utf-8 6.0199ms
2023-10-30 19:07:12.093 +01:00 [Information] Request starting HTTP/2 GET https://localhost:7205/_framework/aspnetcore-browser-refresh.js - -
2023-10-30 19:07:12.093 +01:00 [Information] Request starting HTTP/2 GET https://localhost:7205/css/style.css?v=nIC6AvzxUAe-Mo2Dws7mAMANgmOmoKaid8GbFvGXaUo - -
2023-10-30 19:07:12.093 +01:00 [Information] Request starting HTTP/2 GET https://localhost:7205/css/style.css - -
2023-10-30 19:07:12.093 +01:00 [Information] Request finished HTTP/2 GET https://localhost:7205/_framework/aspnetcore-browser-refresh.js - - - 200 12342 application/javascript;+charset=utf-8 0.1495ms
2023-10-30 19:07:12.093 +01:00 [Information] Request starting HTTP/2 GET https://localhost:7205/_vs/browserLink - -
2023-10-30 19:07:12.093 +01:00 [Information] The file "/css/style.css" was not modified
2023-10-30 19:07:12.093 +01:00 [Information] The file "/css/style.css" was not modified
2023-10-30 19:07:12.093 +01:00 [Information] Request finished HTTP/2 GET https://localhost:7205/css/style.css - - - 304 - text/css 0.5532ms
2023-10-30 19:07:12.093 +01:00 [Information] Request finished HTTP/2 GET https://localhost:7205/css/style.css?v=nIC6AvzxUAe-Mo2Dws7mAMANgmOmoKaid8GbFvGXaUo - - - 304 - text/css 0.5542ms
2023-10-30 19:07:12.095 +01:00 [Information] Request finished HTTP/2 GET https://localhost:7205/_vs/browserLink - - - 200 - text/javascript;+charset=UTF-8 1.8346ms
2023-10-30 19:07:43.366 +01:00 [Information] Request starting HTTP/2 POST https://localhost:7205/Identity/Account/Logout?returnUrl=%2F application/x-www-form-urlencoded 225
2023-10-30 19:07:43.367 +01:00 [Information] Executing endpoint '"/Account/Logout"'
2023-10-30 19:07:43.367 +01:00 [Information] Route matched with "{page = \"/Account/Logout\", area = \"Identity\", action = \"\", controller = \"\"}". Executing page "/Account/Logout"
2023-10-30 19:07:43.368 +01:00 [Information] Executing handler method "Forum.Areas.Identity.Pages.Account.LogoutModel.OnPost" - ModelState is Valid
2023-10-30 19:07:43.368 +01:00 [Information] AuthenticationScheme: "Identity.Application" signed out.
2023-10-30 19:07:43.368 +01:00 [Information] AuthenticationScheme: "Identity.External" signed out.
2023-10-30 19:07:43.368 +01:00 [Information] AuthenticationScheme: "Identity.TwoFactorUserId" signed out.
2023-10-30 19:07:43.368 +01:00 [Information] User logged out.
2023-10-30 19:07:43.368 +01:00 [Information] Executed handler method "OnPost", returned result "Microsoft.AspNetCore.Mvc.LocalRedirectResult".
2023-10-30 19:07:43.368 +01:00 [Information] Executing LocalRedirectResult, redirecting to "/".
2023-10-30 19:07:43.368 +01:00 [Information] Executed page "/Account/Logout" in 0.7147ms
2023-10-30 19:07:43.368 +01:00 [Information] Executed endpoint '"/Account/Logout"'
2023-10-30 19:07:43.368 +01:00 [Information] Request finished HTTP/2 POST https://localhost:7205/Identity/Account/Logout?returnUrl=%2F application/x-www-form-urlencoded 225 - 302 0 - 2.3110ms
2023-10-30 19:07:43.371 +01:00 [Information] Request starting HTTP/2 GET https://localhost:7205/ - -
2023-10-30 19:07:43.371 +01:00 [Information] Executing endpoint '"Forum.Controllers.HomeController.Index (Forum)"'
2023-10-30 19:07:43.371 +01:00 [Information] Route matched with "{action = \"Index\", controller = \"Home\", page = \"\", area = \"\"}". Executing controller action with signature "System.Threading.Tasks.Task`1[Microsoft.AspNetCore.Mvc.IActionResult] Index()" on controller "Forum.Controllers.HomeController" ("Forum").
2023-10-30 19:07:43.372 +01:00 [Information] Executing ViewResult, running view "Index".
2023-10-30 19:07:43.378 +01:00 [Information] Executed ViewResult - view "Index" executed in 5.802ms.
2023-10-30 19:07:43.378 +01:00 [Information] Executed action "Forum.Controllers.HomeController.Index (Forum)" in 6.8245ms
2023-10-30 19:07:43.378 +01:00 [Information] Executed endpoint '"Forum.Controllers.HomeController.Index (Forum)"'
2023-10-30 19:07:43.379 +01:00 [Information] Request finished HTTP/2 GET https://localhost:7205/ - - - 200 - text/html;+charset=utf-8 8.7739ms
2023-10-30 19:07:43.399 +01:00 [Information] Request starting HTTP/2 GET https://localhost:7205/_framework/aspnetcore-browser-refresh.js - -
2023-10-30 19:07:43.400 +01:00 [Information] Request finished HTTP/2 GET https://localhost:7205/_framework/aspnetcore-browser-refresh.js - - - 200 12342 application/javascript;+charset=utf-8 0.1815ms
2023-10-30 19:07:43.401 +01:00 [Information] Request starting HTTP/2 GET https://localhost:7205/_vs/browserLink - -
2023-10-30 19:07:43.402 +01:00 [Information] Request finished HTTP/2 GET https://localhost:7205/_vs/browserLink - - - 200 - text/javascript;+charset=UTF-8 1.5063ms
2023-10-30 19:07:43.966 +01:00 [Information] Request starting HTTP/2 GET https://localhost:7205/Identity/Account/Login - -
2023-10-30 19:07:43.966 +01:00 [Information] Executing endpoint '"/Account/Login"'
2023-10-30 19:07:43.966 +01:00 [Information] Route matched with "{page = \"/Account/Login\", area = \"Identity\", action = \"\", controller = \"\"}". Executing page "/Account/Login"
2023-10-30 19:07:43.967 +01:00 [Information] Executing handler method "Forum.Areas.Identity.Pages.Account.LoginModel.OnGetAsync" - ModelState is Valid
2023-10-30 19:07:43.967 +01:00 [Information] AuthenticationScheme: "Identity.External" signed out.
2023-10-30 19:07:43.967 +01:00 [Information] Executed handler method "OnGetAsync", returned result "".
2023-10-30 19:07:43.967 +01:00 [Information] Executing an implicit handler method - ModelState is Valid
2023-10-30 19:07:43.967 +01:00 [Information] Executed an implicit handler method, returned result "Microsoft.AspNetCore.Mvc.RazorPages.PageResult".
2023-10-30 19:07:43.969 +01:00 [Information] Executed page "/Account/Login" in 3.1746ms
2023-10-30 19:07:43.970 +01:00 [Information] Executed endpoint '"/Account/Login"'
2023-10-30 19:07:43.970 +01:00 [Information] Request finished HTTP/2 GET https://localhost:7205/Identity/Account/Login - - - 200 - text/html;+charset=utf-8 4.5520ms
2023-10-30 19:07:43.981 +01:00 [Information] Request starting HTTP/2 GET https://localhost:7205/_framework/aspnetcore-browser-refresh.js - -
2023-10-30 19:07:43.982 +01:00 [Information] Request finished HTTP/2 GET https://localhost:7205/_framework/aspnetcore-browser-refresh.js - - - 200 12342 application/javascript;+charset=utf-8 0.1586ms
2023-10-30 19:07:43.989 +01:00 [Information] Request starting HTTP/2 GET https://localhost:7205/_vs/browserLink - -
2023-10-30 19:07:43.991 +01:00 [Information] Request finished HTTP/2 GET https://localhost:7205/_vs/browserLink - - - 200 - text/javascript;+charset=UTF-8 1.5600ms
2023-10-30 19:07:45.181 +01:00 [Information] Request starting HTTP/2 GET https://localhost:7205/Identity/Account/Register - -
2023-10-30 19:07:45.181 +01:00 [Information] Executing endpoint '"/Account/Register"'
2023-10-30 19:07:45.181 +01:00 [Information] Route matched with "{page = \"/Account/Register\", area = \"Identity\", action = \"\", controller = \"\"}". Executing page "/Account/Register"
2023-10-30 19:07:45.182 +01:00 [Information] Executing handler method "Forum.Areas.Identity.Pages.Account.RegisterModel.OnGetAsync" - ModelState is Valid
2023-10-30 19:07:45.182 +01:00 [Information] Executed handler method "OnGetAsync", returned result "".
2023-10-30 19:07:45.182 +01:00 [Information] Executing an implicit handler method - ModelState is Valid
2023-10-30 19:07:45.182 +01:00 [Information] Executed an implicit handler method, returned result "Microsoft.AspNetCore.Mvc.RazorPages.PageResult".
2023-10-30 19:07:45.184 +01:00 [Information] Executed page "/Account/Register" in 2.9923ms
2023-10-30 19:07:45.184 +01:00 [Information] Executed endpoint '"/Account/Register"'
2023-10-30 19:07:45.185 +01:00 [Information] Request finished HTTP/2 GET https://localhost:7205/Identity/Account/Register - - - 200 - text/html;+charset=utf-8 4.3243ms
2023-10-30 19:07:45.198 +01:00 [Information] Request starting HTTP/2 GET https://localhost:7205/_vs/browserLink - -
2023-10-30 19:07:45.198 +01:00 [Information] Request starting HTTP/2 GET https://localhost:7205/_framework/aspnetcore-browser-refresh.js - -
2023-10-30 19:07:45.198 +01:00 [Information] Request finished HTTP/2 GET https://localhost:7205/_framework/aspnetcore-browser-refresh.js - - - 200 12342 application/javascript;+charset=utf-8 0.1918ms
2023-10-30 19:07:45.213 +01:00 [Information] Request finished HTTP/2 GET https://localhost:7205/_vs/browserLink - - - 200 - text/javascript;+charset=UTF-8 14.6380ms
2023-10-30 19:08:09.693 +01:00 [Information] Request starting HTTP/2 POST https://localhost:7205/Identity/Account/Register application/x-www-form-urlencoded 298
2023-10-30 19:08:09.694 +01:00 [Information] Executing endpoint '"/Account/Register"'
2023-10-30 19:08:09.694 +01:00 [Information] Route matched with "{page = \"/Account/Register\", area = \"Identity\", action = \"\", controller = \"\"}". Executing page "/Account/Register"
2023-10-30 19:08:09.695 +01:00 [Information] Executing handler method "Forum.Areas.Identity.Pages.Account.RegisterModel.OnPostAsync" - ModelState is Valid
2023-10-30 19:08:09.698 +01:00 [Information] User created a new account with password.
2023-10-30 19:08:09.702 +01:00 [Information] AuthenticationScheme: "Identity.Application" signed in.
2023-10-30 19:08:09.702 +01:00 [Information] Executed handler method "OnPostAsync", returned result "Microsoft.AspNetCore.Mvc.LocalRedirectResult".
2023-10-30 19:08:09.702 +01:00 [Information] Executing LocalRedirectResult, redirecting to "/".
2023-10-30 19:08:09.702 +01:00 [Information] Executed page "/Account/Register" in 8.743ms
2023-10-30 19:08:09.702 +01:00 [Information] Executed endpoint '"/Account/Register"'
2023-10-30 19:08:09.703 +01:00 [Information] Request finished HTTP/2 POST https://localhost:7205/Identity/Account/Register application/x-www-form-urlencoded 298 - 302 0 - 9.4784ms
2023-10-30 19:08:09.705 +01:00 [Information] Request starting HTTP/2 GET https://localhost:7205/ - -
2023-10-30 19:08:09.706 +01:00 [Information] Executing endpoint '"Forum.Controllers.HomeController.Index (Forum)"'
2023-10-30 19:08:09.706 +01:00 [Information] Route matched with "{action = \"Index\", controller = \"Home\", page = \"\", area = \"\"}". Executing controller action with signature "System.Threading.Tasks.Task`1[Microsoft.AspNetCore.Mvc.IActionResult] Index()" on controller "Forum.Controllers.HomeController" ("Forum").
2023-10-30 19:08:09.707 +01:00 [Information] Executing ViewResult, running view "Index".
2023-10-30 19:08:09.713 +01:00 [Information] Executed ViewResult - view "Index" executed in 6.7291ms.
2023-10-30 19:08:09.713 +01:00 [Information] Executed action "Forum.Controllers.HomeController.Index (Forum)" in 7.1701ms
2023-10-30 19:08:09.713 +01:00 [Information] Executed endpoint '"Forum.Controllers.HomeController.Index (Forum)"'
2023-10-30 19:08:09.715 +01:00 [Information] Request finished HTTP/2 GET https://localhost:7205/ - - - 200 - text/html;+charset=utf-8 10.4284ms
2023-10-30 19:08:09.728 +01:00 [Information] Request starting HTTP/2 GET https://localhost:7205/_framework/aspnetcore-browser-refresh.js - -
2023-10-30 19:08:09.728 +01:00 [Information] Request finished HTTP/2 GET https://localhost:7205/_framework/aspnetcore-browser-refresh.js - - - 200 12342 application/javascript;+charset=utf-8 0.1643ms
2023-10-30 19:08:09.728 +01:00 [Information] Request starting HTTP/2 GET https://localhost:7205/_vs/browserLink - -
2023-10-30 19:08:09.729 +01:00 [Information] Request finished HTTP/2 GET https://localhost:7205/_vs/browserLink - - - 200 - text/javascript;+charset=UTF-8 1.5486ms
2023-10-30 19:08:11.724 +01:00 [Information] Request starting HTTP/2 GET https://localhost:7205/Post/PostDetails/12 - -
2023-10-30 19:08:11.726 +01:00 [Information] Executing endpoint '"Forum.Controllers.PostController.PostDetails (Forum)"'
2023-10-30 19:08:11.726 +01:00 [Information] Route matched with "{action = \"PostDetails\", controller = \"Post\", page = \"\", area = \"\"}". Executing controller action with signature "System.Threading.Tasks.Task`1[Microsoft.AspNetCore.Mvc.IActionResult] PostDetails(Int32)" on controller "Forum.Controllers.PostController" ("Forum").
2023-10-30 19:08:11.727 +01:00 [Information] Executing ViewResult, running view "PostDetails".
2023-10-30 19:08:11.730 +01:00 [Information] Executed ViewResult - view "PostDetails" executed in 3.1268ms.
2023-10-30 19:08:11.730 +01:00 [Information] Executed action "Forum.Controllers.PostController.PostDetails (Forum)" in 3.869ms
2023-10-30 19:08:11.730 +01:00 [Information] Executed endpoint '"Forum.Controllers.PostController.PostDetails (Forum)"'
2023-10-30 19:08:11.731 +01:00 [Information] Request finished HTTP/2 GET https://localhost:7205/Post/PostDetails/12 - - - 200 - text/html;+charset=utf-8 6.6671ms
2023-10-30 19:08:11.746 +01:00 [Information] Request starting HTTP/2 GET https://localhost:7205/_framework/aspnetcore-browser-refresh.js - -
2023-10-30 19:08:11.746 +01:00 [Information] Request starting HTTP/2 GET https://localhost:7205/_vs/browserLink - -
2023-10-30 19:08:11.746 +01:00 [Information] Request finished HTTP/2 GET https://localhost:7205/_framework/aspnetcore-browser-refresh.js - - - 200 12342 application/javascript;+charset=utf-8 0.1614ms
2023-10-30 19:08:11.747 +01:00 [Information] Request finished HTTP/2 GET https://localhost:7205/_vs/browserLink - - - 200 - text/javascript;+charset=UTF-8 1.7776ms
2023-10-30 19:08:13.345 +01:00 [Information] Request starting HTTP/2 GET https://localhost:7205/Comment/CreateComment?postId=12 - -
2023-10-30 19:08:13.346 +01:00 [Information] Executing endpoint '"Forum.Controllers.CommentController.CreateComment (Forum)"'
2023-10-30 19:08:13.346 +01:00 [Information] Route matched with "{action = \"CreateComment\", controller = \"Comment\", page = \"\", area = \"\"}". Executing controller action with signature "Microsoft.AspNetCore.Mvc.IActionResult CreateComment(Int32)" on controller "Forum.Controllers.CommentController" ("Forum").
2023-10-30 19:08:13.346 +01:00 [Information] Executing ViewResult, running view "CreateComment".
2023-10-30 19:08:13.348 +01:00 [Information] Executed ViewResult - view "CreateComment" executed in 1.798ms.
2023-10-30 19:08:13.348 +01:00 [Information] Executed action "Forum.Controllers.CommentController.CreateComment (Forum)" in 1.9565ms
2023-10-30 19:08:13.348 +01:00 [Information] Executed endpoint '"Forum.Controllers.CommentController.CreateComment (Forum)"'
2023-10-30 19:08:13.349 +01:00 [Information] Request finished HTTP/2 GET https://localhost:7205/Comment/CreateComment?postId=12 - - - 200 - text/html;+charset=utf-8 4.3038ms
2023-10-30 19:08:13.360 +01:00 [Information] Request starting HTTP/2 GET https://localhost:7205/_vs/browserLink - -
2023-10-30 19:08:13.360 +01:00 [Information] Request starting HTTP/2 GET https://localhost:7205/_framework/aspnetcore-browser-refresh.js - -
2023-10-30 19:08:13.360 +01:00 [Information] Request finished HTTP/2 GET https://localhost:7205/_framework/aspnetcore-browser-refresh.js - - - 200 12342 application/javascript;+charset=utf-8 0.1880ms
2023-10-30 19:08:13.361 +01:00 [Information] Request finished HTTP/2 GET https://localhost:7205/_vs/browserLink - - - 200 - text/javascript;+charset=UTF-8 1.6714ms
2023-10-30 19:08:46.785 +01:00 [Information] Request starting HTTP/2 POST https://localhost:7205/Comment/CreateComment application/x-www-form-urlencoded 859
2023-10-30 19:08:46.787 +01:00 [Information] Executing endpoint '"Forum.Controllers.CommentController.CreateComment (Forum)"'
2023-10-30 19:08:46.787 +01:00 [Information] Route matched with "{action = \"CreateComment\", controller = \"Comment\", page = \"\", area = \"\"}". Executing controller action with signature "System.Threading.Tasks.Task`1[Microsoft.AspNetCore.Mvc.IActionResult] CreateComment(Forum.Models.Comment)" on controller "Forum.Controllers.CommentController" ("Forum").
2023-10-30 19:08:46.789 +01:00 [Information] Executing RedirectResult, redirecting to "/Post/PostDetails/12".
2023-10-30 19:08:46.789 +01:00 [Information] Executed action "Forum.Controllers.CommentController.CreateComment (Forum)" in 2.2115ms
2023-10-30 19:08:46.789 +01:00 [Information] Executed endpoint '"Forum.Controllers.CommentController.CreateComment (Forum)"'
2023-10-30 19:08:46.789 +01:00 [Information] Request finished HTTP/2 POST https://localhost:7205/Comment/CreateComment application/x-www-form-urlencoded 859 - 302 0 - 3.9431ms
2023-10-30 19:08:46.792 +01:00 [Information] Request starting HTTP/2 GET https://localhost:7205/Post/PostDetails/12 - -
2023-10-30 19:08:46.793 +01:00 [Information] Executing endpoint '"Forum.Controllers.PostController.PostDetails (Forum)"'
2023-10-30 19:08:46.793 +01:00 [Information] Route matched with "{action = \"PostDetails\", controller = \"Post\", page = \"\", area = \"\"}". Executing controller action with signature "System.Threading.Tasks.Task`1[Microsoft.AspNetCore.Mvc.IActionResult] PostDetails(Int32)" on controller "Forum.Controllers.PostController" ("Forum").
2023-10-30 19:08:46.794 +01:00 [Information] Executing ViewResult, running view "PostDetails".
2023-10-30 19:08:46.797 +01:00 [Information] Executed ViewResult - view "PostDetails" executed in 3.4882ms.
2023-10-30 19:08:46.797 +01:00 [Information] Executed action "Forum.Controllers.PostController.PostDetails (Forum)" in 4.2652ms
2023-10-30 19:08:46.797 +01:00 [Information] Executed endpoint '"Forum.Controllers.PostController.PostDetails (Forum)"'
2023-10-30 19:08:46.798 +01:00 [Information] Request finished HTTP/2 GET https://localhost:7205/Post/PostDetails/12 - - - 200 - text/html;+charset=utf-8 6.5049ms
2023-10-30 19:08:46.815 +01:00 [Information] Request starting HTTP/2 GET https://localhost:7205/_framework/aspnetcore-browser-refresh.js - -
2023-10-30 19:08:46.815 +01:00 [Information] Request starting HTTP/2 GET https://localhost:7205/_vs/browserLink - -
2023-10-30 19:08:46.815 +01:00 [Information] Request finished HTTP/2 GET https://localhost:7205/_framework/aspnetcore-browser-refresh.js - - - 200 12342 application/javascript;+charset=utf-8 0.1703ms
2023-10-30 19:08:46.817 +01:00 [Information] Request finished HTTP/2 GET https://localhost:7205/_vs/browserLink - - - 200 - text/javascript;+charset=UTF-8 1.5579ms
2023-10-30 19:09:00.751 +01:00 [Information] Request starting HTTP/2 GET https://localhost:7205/Category/CategoryTable - -
2023-10-30 19:09:00.752 +01:00 [Information] Executing endpoint '"Forum.Controllers.CategoryController.CategoryTable (Forum)"'
2023-10-30 19:09:00.754 +01:00 [Information] Route matched with "{action = \"CategoryTable\", controller = \"Category\", page = \"\", area = \"\"}". Executing controller action with signature "System.Threading.Tasks.Task`1[Microsoft.AspNetCore.Mvc.IActionResult] CategoryTable()" on controller "Forum.Controllers.CategoryController" ("Forum").
2023-10-30 19:09:00.758 +01:00 [Information] Executing ViewResult, running view "CategoryTable".
2023-10-30 19:09:00.765 +01:00 [Information] Executed ViewResult - view "CategoryTable" executed in 6.927ms.
2023-10-30 19:09:00.765 +01:00 [Information] Executed action "Forum.Controllers.CategoryController.CategoryTable (Forum)" in 10.3015ms
2023-10-30 19:09:00.765 +01:00 [Information] Executed endpoint '"Forum.Controllers.CategoryController.CategoryTable (Forum)"'
2023-10-30 19:09:00.766 +01:00 [Information] Request finished HTTP/2 GET https://localhost:7205/Category/CategoryTable - - - 200 - text/html;+charset=utf-8 14.5551ms
2023-10-30 19:09:00.777 +01:00 [Information] Request starting HTTP/2 GET https://localhost:7205/_framework/aspnetcore-browser-refresh.js - -
2023-10-30 19:09:00.777 +01:00 [Information] Request starting HTTP/2 GET https://localhost:7205/_vs/browserLink - -
2023-10-30 19:09:00.777 +01:00 [Information] Request finished HTTP/2 GET https://localhost:7205/_framework/aspnetcore-browser-refresh.js - - - 200 12342 application/javascript;+charset=utf-8 0.1489ms
2023-10-30 19:09:00.779 +01:00 [Information] Request finished HTTP/2 GET https://localhost:7205/_vs/browserLink - - - 200 - text/javascript;+charset=UTF-8 1.6532ms
2023-10-30 19:09:03.210 +01:00 [Information] Request starting HTTP/2 POST https://localhost:7205/Identity/Account/Logout?returnUrl=%2F application/x-www-form-urlencoded 225
2023-10-30 19:09:03.212 +01:00 [Information] Executing endpoint '"/Account/Logout"'
2023-10-30 19:09:03.212 +01:00 [Information] Route matched with "{page = \"/Account/Logout\", area = \"Identity\", action = \"\", controller = \"\"}". Executing page "/Account/Logout"
2023-10-30 19:09:03.212 +01:00 [Information] Executing handler method "Forum.Areas.Identity.Pages.Account.LogoutModel.OnPost" - ModelState is Valid
2023-10-30 19:09:03.212 +01:00 [Information] AuthenticationScheme: "Identity.Application" signed out.
2023-10-30 19:09:03.213 +01:00 [Information] AuthenticationScheme: "Identity.External" signed out.
2023-10-30 19:09:03.213 +01:00 [Information] AuthenticationScheme: "Identity.TwoFactorUserId" signed out.
2023-10-30 19:09:03.213 +01:00 [Information] User logged out.
2023-10-30 19:09:03.213 +01:00 [Information] Executed handler method "OnPost", returned result "Microsoft.AspNetCore.Mvc.LocalRedirectResult".
2023-10-30 19:09:03.213 +01:00 [Information] Executing LocalRedirectResult, redirecting to "/".
2023-10-30 19:09:03.213 +01:00 [Information] Executed page "/Account/Logout" in 0.6984ms
2023-10-30 19:09:03.213 +01:00 [Information] Executed endpoint '"/Account/Logout"'
2023-10-30 19:09:03.213 +01:00 [Information] Request finished HTTP/2 POST https://localhost:7205/Identity/Account/Logout?returnUrl=%2F application/x-www-form-urlencoded 225 - 302 0 - 2.3206ms
2023-10-30 19:09:03.215 +01:00 [Information] Request starting HTTP/2 GET https://localhost:7205/ - -
2023-10-30 19:09:03.215 +01:00 [Information] Executing endpoint '"Forum.Controllers.HomeController.Index (Forum)"'
2023-10-30 19:09:03.215 +01:00 [Information] Route matched with "{action = \"Index\", controller = \"Home\", page = \"\", area = \"\"}". Executing controller action with signature "System.Threading.Tasks.Task`1[Microsoft.AspNetCore.Mvc.IActionResult] Index()" on controller "Forum.Controllers.HomeController" ("Forum").
2023-10-30 19:09:03.216 +01:00 [Information] Executing ViewResult, running view "Index".
2023-10-30 19:09:03.222 +01:00 [Information] Executed ViewResult - view "Index" executed in 5.9064ms.
2023-10-30 19:09:03.222 +01:00 [Information] Executed action "Forum.Controllers.HomeController.Index (Forum)" in 6.8467ms
2023-10-30 19:09:03.222 +01:00 [Information] Executed endpoint '"Forum.Controllers.HomeController.Index (Forum)"'
2023-10-30 19:09:03.224 +01:00 [Information] Request finished HTTP/2 GET https://localhost:7205/ - - - 200 - text/html;+charset=utf-8 8.8765ms
2023-10-30 19:09:03.241 +01:00 [Information] Request starting HTTP/2 GET https://localhost:7205/_framework/aspnetcore-browser-refresh.js - -
2023-10-30 19:09:03.241 +01:00 [Information] Request finished HTTP/2 GET https://localhost:7205/_framework/aspnetcore-browser-refresh.js - - - 200 12342 application/javascript;+charset=utf-8 0.1821ms
2023-10-30 19:09:03.242 +01:00 [Information] Request starting HTTP/2 GET https://localhost:7205/_vs/browserLink - -
2023-10-30 19:09:03.244 +01:00 [Information] Request finished HTTP/2 GET https://localhost:7205/_vs/browserLink - - - 200 - text/javascript;+charset=UTF-8 1.6249ms
2023-10-30 19:09:04.016 +01:00 [Information] Request starting HTTP/2 GET https://localhost:7205/Identity/Account/Login - -
2023-10-30 19:09:04.016 +01:00 [Information] Executing endpoint '"/Account/Login"'
2023-10-30 19:09:04.017 +01:00 [Information] Route matched with "{page = \"/Account/Login\", area = \"Identity\", action = \"\", controller = \"\"}". Executing page "/Account/Login"
2023-10-30 19:09:04.018 +01:00 [Information] Executing handler method "Forum.Areas.Identity.Pages.Account.LoginModel.OnGetAsync" - ModelState is Valid
2023-10-30 19:09:04.018 +01:00 [Information] AuthenticationScheme: "Identity.External" signed out.
2023-10-30 19:09:04.018 +01:00 [Information] Executed handler method "OnGetAsync", returned result "".
2023-10-30 19:09:04.018 +01:00 [Information] Executing an implicit handler method - ModelState is Valid
2023-10-30 19:09:04.018 +01:00 [Information] Executed an implicit handler method, returned result "Microsoft.AspNetCore.Mvc.RazorPages.PageResult".
2023-10-30 19:09:04.020 +01:00 [Information] Executed page "/Account/Login" in 3.3252ms
2023-10-30 19:09:04.020 +01:00 [Information] Executed endpoint '"/Account/Login"'
2023-10-30 19:09:04.021 +01:00 [Information] Request finished HTTP/2 GET https://localhost:7205/Identity/Account/Login - - - 200 - text/html;+charset=utf-8 4.9261ms
2023-10-30 19:09:04.032 +01:00 [Information] Request starting HTTP/2 GET https://localhost:7205/_framework/aspnetcore-browser-refresh.js - -
2023-10-30 19:09:04.032 +01:00 [Information] Request finished HTTP/2 GET https://localhost:7205/_framework/aspnetcore-browser-refresh.js - - - 200 12342 application/javascript;+charset=utf-8 0.1557ms
2023-10-30 19:09:04.042 +01:00 [Information] Request starting HTTP/2 GET https://localhost:7205/_vs/browserLink - -
2023-10-30 19:09:04.043 +01:00 [Information] Request finished HTTP/2 GET https://localhost:7205/_vs/browserLink - - - 200 - text/javascript;+charset=UTF-8 1.8106ms
2023-10-30 19:09:07.837 +01:00 [Information] Request starting HTTP/2 POST https://localhost:7205/Identity/Account/Login application/x-www-form-urlencoded 280
2023-10-30 19:09:07.837 +01:00 [Information] Executing endpoint '"/Account/Login"'
2023-10-30 19:09:07.837 +01:00 [Information] Route matched with "{page = \"/Account/Login\", area = \"Identity\", action = \"\", controller = \"\"}". Executing page "/Account/Login"
2023-10-30 19:09:07.840 +01:00 [Information] Executing handler method "Forum.Areas.Identity.Pages.Account.LoginModel.OnPostAsync" - ModelState is Valid
2023-10-30 19:09:07.849 +01:00 [Information] AuthenticationScheme: "Identity.Application" signed in.
2023-10-30 19:09:07.849 +01:00 [Information] User logged in.
2023-10-30 19:09:07.849 +01:00 [Information] Executed handler method "OnPostAsync", returned result "Microsoft.AspNetCore.Mvc.LocalRedirectResult".
2023-10-30 19:09:07.849 +01:00 [Information] Executing LocalRedirectResult, redirecting to "/".
2023-10-30 19:09:07.849 +01:00 [Information] Executed page "/Account/Login" in 11.5946ms
2023-10-30 19:09:07.849 +01:00 [Information] Executed endpoint '"/Account/Login"'
2023-10-30 19:09:07.849 +01:00 [Information] Request finished HTTP/2 POST https://localhost:7205/Identity/Account/Login application/x-www-form-urlencoded 280 - 302 0 - 12.2822ms
2023-10-30 19:09:07.852 +01:00 [Information] Request starting HTTP/2 GET https://localhost:7205/ - -
2023-10-30 19:09:07.853 +01:00 [Information] Executing endpoint '"Forum.Controllers.HomeController.Index (Forum)"'
2023-10-30 19:09:07.853 +01:00 [Information] Route matched with "{action = \"Index\", controller = \"Home\", page = \"\", area = \"\"}". Executing controller action with signature "System.Threading.Tasks.Task`1[Microsoft.AspNetCore.Mvc.IActionResult] Index()" on controller "Forum.Controllers.HomeController" ("Forum").
2023-10-30 19:09:07.854 +01:00 [Information] Executing ViewResult, running view "Index".
2023-10-30 19:09:07.860 +01:00 [Information] Executed ViewResult - view "Index" executed in 6.3803ms.
2023-10-30 19:09:07.860 +01:00 [Information] Executed action "Forum.Controllers.HomeController.Index (Forum)" in 6.7448ms
2023-10-30 19:09:07.860 +01:00 [Information] Executed endpoint '"Forum.Controllers.HomeController.Index (Forum)"'
2023-10-30 19:09:07.862 +01:00 [Information] Request finished HTTP/2 GET https://localhost:7205/ - - - 200 - text/html;+charset=utf-8 9.6609ms
2023-10-30 19:09:07.875 +01:00 [Information] Request starting HTTP/2 GET https://localhost:7205/_vs/browserLink - -
2023-10-30 19:09:07.876 +01:00 [Information] Request starting HTTP/2 GET https://localhost:7205/_framework/aspnetcore-browser-refresh.js - -
2023-10-30 19:09:07.876 +01:00 [Information] Request finished HTTP/2 GET https://localhost:7205/_framework/aspnetcore-browser-refresh.js - - - 200 12342 application/javascript;+charset=utf-8 0.0952ms
2023-10-30 19:09:07.877 +01:00 [Information] Request finished HTTP/2 GET https://localhost:7205/_vs/browserLink - - - 200 - text/javascript;+charset=UTF-8 1.7742ms
2023-10-30 19:09:12.763 +01:00 [Information] Request starting HTTP/2 GET https://localhost:7205/Category/CategoryTable - -
2023-10-30 19:09:12.765 +01:00 [Information] Executing endpoint '"Forum.Controllers.CategoryController.CategoryTable (Forum)"'
2023-10-30 19:09:12.765 +01:00 [Information] Route matched with "{action = \"CategoryTable\", controller = \"Category\", page = \"\", area = \"\"}". Executing controller action with signature "System.Threading.Tasks.Task`1[Microsoft.AspNetCore.Mvc.IActionResult] CategoryTable()" on controller "Forum.Controllers.CategoryController" ("Forum").
2023-10-30 19:09:12.766 +01:00 [Information] Executing ViewResult, running view "CategoryTable".
2023-10-30 19:09:12.768 +01:00 [Information] Executed ViewResult - view "CategoryTable" executed in 2.4382ms.
2023-10-30 19:09:12.768 +01:00 [Information] Executed action "Forum.Controllers.CategoryController.CategoryTable (Forum)" in 2.8258ms
2023-10-30 19:09:12.768 +01:00 [Information] Executed endpoint '"Forum.Controllers.CategoryController.CategoryTable (Forum)"'
2023-10-30 19:09:12.769 +01:00 [Information] Request finished HTTP/2 GET https://localhost:7205/Category/CategoryTable - - - 200 - text/html;+charset=utf-8 6.1026ms
2023-10-30 19:09:12.781 +01:00 [Information] Request starting HTTP/2 GET https://localhost:7205/_framework/aspnetcore-browser-refresh.js - -
2023-10-30 19:09:12.781 +01:00 [Information] Request finished HTTP/2 GET https://localhost:7205/_framework/aspnetcore-browser-refresh.js - - - 200 12342 application/javascript;+charset=utf-8 0.1671ms
2023-10-30 19:09:12.781 +01:00 [Information] Request starting HTTP/2 GET https://localhost:7205/_vs/browserLink - -
2023-10-30 19:09:12.782 +01:00 [Information] Request finished HTTP/2 GET https://localhost:7205/_vs/browserLink - - - 200 - text/javascript;+charset=UTF-8 1.5476ms
2023-10-30 19:09:13.648 +01:00 [Information] Request starting HTTP/2 GET https://localhost:7205/Category/CategoryDetails/1 - -
2023-10-30 19:09:13.650 +01:00 [Information] Executing endpoint '"Forum.Controllers.CategoryController.CategoryDetails (Forum)"'
2023-10-30 19:09:13.651 +01:00 [Information] Route matched with "{action = \"CategoryDetails\", controller = \"Category\", page = \"\", area = \"\"}". Executing controller action with signature "System.Threading.Tasks.Task`1[Microsoft.AspNetCore.Mvc.IActionResult] CategoryDetails(Int32)" on controller "Forum.Controllers.CategoryController" ("Forum").
2023-10-30 19:09:13.652 +01:00 [Information] [CategoryController] Id passed to categorydetails: 1.
2023-10-30 19:09:13.653 +01:00 [Information] [CategoryRep] Getting the category with id: 1: 
2023-10-30 19:09:13.656 +01:00 [Information] Executing ViewResult, running view "CategoryDetails".
2023-10-30 19:09:13.667 +01:00 [Information] Executed ViewResult - view "CategoryDetails" executed in 11.9099ms.
2023-10-30 19:09:13.668 +01:00 [Information] Executed action "Forum.Controllers.CategoryController.CategoryDetails (Forum)" in 16.3032ms
2023-10-30 19:09:13.668 +01:00 [Information] Executed endpoint '"Forum.Controllers.CategoryController.CategoryDetails (Forum)"'
2023-10-30 19:09:13.668 +01:00 [Information] Request finished HTTP/2 GET https://localhost:7205/Category/CategoryDetails/1 - - - 200 - text/html;+charset=utf-8 19.8803ms
2023-10-30 19:09:13.681 +01:00 [Information] Request starting HTTP/2 GET https://localhost:7205/_vs/browserLink - -
2023-10-30 19:09:13.681 +01:00 [Information] Request starting HTTP/2 GET https://localhost:7205/_framework/aspnetcore-browser-refresh.js - -
2023-10-30 19:09:13.681 +01:00 [Information] Request finished HTTP/2 GET https://localhost:7205/_framework/aspnetcore-browser-refresh.js - - - 200 12342 application/javascript;+charset=utf-8 0.2072ms
2023-10-30 19:09:13.682 +01:00 [Information] Request finished HTTP/2 GET https://localhost:7205/_vs/browserLink - - - 200 - text/javascript;+charset=UTF-8 1.7225ms
2023-10-30 19:09:43.371 +01:00 [Information] Request starting HTTP/2 GET https://localhost:7205/Room/CreateRoom?categoryId=1 - -
2023-10-30 19:09:43.372 +01:00 [Information] Executing endpoint '"Forum.Controllers.RoomController.CreateRoom (Forum)"'
2023-10-30 19:09:43.373 +01:00 [Information] Route matched with "{action = \"CreateRoom\", controller = \"Room\", page = \"\", area = \"\"}". Executing controller action with signature "Microsoft.AspNetCore.Mvc.IActionResult CreateRoom(Int32)" on controller "Forum.Controllers.RoomController" ("Forum").
2023-10-30 19:09:43.374 +01:00 [Information] Executing ViewResult, running view "CreateRoom".
2023-10-30 19:09:43.380 +01:00 [Information] Executed ViewResult - view "CreateRoom" executed in 7.0377ms.
2023-10-30 19:09:43.380 +01:00 [Information] Executed action "Forum.Controllers.RoomController.CreateRoom (Forum)" in 7.5379ms
2023-10-30 19:09:43.380 +01:00 [Information] Executed endpoint '"Forum.Controllers.RoomController.CreateRoom (Forum)"'
2023-10-30 19:09:43.381 +01:00 [Information] Request finished HTTP/2 GET https://localhost:7205/Room/CreateRoom?categoryId=1 - - - 200 - text/html;+charset=utf-8 10.3896ms
2023-10-30 19:09:43.391 +01:00 [Information] Request starting HTTP/2 GET https://localhost:7205/css/style.css?v=nIC6AvzxUAe-Mo2Dws7mAMANgmOmoKaid8GbFvGXaUo - -
2023-10-30 19:09:43.391 +01:00 [Information] The file "/css/style.css" was not modified
2023-10-30 19:09:43.391 +01:00 [Information] Request finished HTTP/2 GET https://localhost:7205/css/style.css?v=nIC6AvzxUAe-Mo2Dws7mAMANgmOmoKaid8GbFvGXaUo - - - 304 - text/css 0.3201ms
2023-10-30 19:09:43.396 +01:00 [Information] Request starting HTTP/2 GET https://localhost:7205/_framework/aspnetcore-browser-refresh.js - -
2023-10-30 19:09:43.396 +01:00 [Information] Request starting HTTP/2 GET https://localhost:7205/_vs/browserLink - -
2023-10-30 19:09:43.396 +01:00 [Information] Request finished HTTP/2 GET https://localhost:7205/_framework/aspnetcore-browser-refresh.js - - - 200 12342 application/javascript;+charset=utf-8 0.1198ms
2023-10-30 19:09:43.397 +01:00 [Information] Request finished HTTP/2 GET https://localhost:7205/_vs/browserLink - - - 200 - text/javascript;+charset=UTF-8 1.6466ms
2023-10-30 19:09:46.065 +01:00 [Information] Request starting HTTP/2 POST https://localhost:7205/Room/CreateRoom application/x-www-form-urlencoded 257
2023-10-30 19:09:46.069 +01:00 [Information] Executing endpoint '"Forum.Controllers.RoomController.CreateRoom (Forum)"'
2023-10-30 19:09:46.070 +01:00 [Information] Route matched with "{action = \"CreateRoom\", controller = \"Room\", page = \"\", area = \"\"}". Executing controller action with signature "System.Threading.Tasks.Task`1[Microsoft.AspNetCore.Mvc.IActionResult] CreateRoom(Forum.Models.Room)" on controller "Forum.Controllers.RoomController" ("Forum").
2023-10-30 19:09:46.079 +01:00 [Error] [RoomController] Room creation failed  Room { RoomId: 0, RoomName: "Formula 1", CategoryId: 1, Category: null, Topics: null }
2023-10-30 19:09:46.079 +01:00 [Information] Executing ViewResult, running view "CreateRoom".
2023-10-30 19:09:46.081 +01:00 [Information] Executed ViewResult - view "CreateRoom" executed in 1.9319ms.
2023-10-30 19:09:46.081 +01:00 [Information] Executed action "Forum.Controllers.RoomController.CreateRoom (Forum)" in 11.0611ms
2023-10-30 19:09:46.081 +01:00 [Information] Executed endpoint '"Forum.Controllers.RoomController.CreateRoom (Forum)"'
2023-10-30 19:09:46.082 +01:00 [Information] Request finished HTTP/2 POST https://localhost:7205/Room/CreateRoom application/x-www-form-urlencoded 257 - 200 - text/html;+charset=utf-8 16.5759ms
2023-10-30 19:09:46.095 +01:00 [Information] Request starting HTTP/2 GET https://localhost:7205/_vs/browserLink - -
2023-10-30 19:09:46.096 +01:00 [Information] Request starting HTTP/2 GET https://localhost:7205/_framework/aspnetcore-browser-refresh.js - -
2023-10-30 19:09:46.096 +01:00 [Information] Request finished HTTP/2 GET https://localhost:7205/_framework/aspnetcore-browser-refresh.js - - - 200 12342 application/javascript;+charset=utf-8 0.1351ms
2023-10-30 19:09:46.097 +01:00 [Information] Request finished HTTP/2 GET https://localhost:7205/_vs/browserLink - - - 200 - text/javascript;+charset=UTF-8 1.6636ms
