2023-10-24 13:36:03.495 +02:00 [Information] User profile is available. Using '"C:\Users\abdik\AppData\Local\ASP.NET\DataProtection-Keys"' as key repository and Windows DPAPI to encrypt keys at rest.
2023-10-24 13:36:03.920 +02:00 [Information] Now listening on: "https://localhost:7205"
2023-10-24 13:36:03.920 +02:00 [Information] Now listening on: "http://localhost:5112"
2023-10-24 13:36:03.923 +02:00 [Information] Application started. Press Ctrl+C to shut down.
2023-10-24 13:36:03.923 +02:00 [Information] Hosting environment: "Development"
2023-10-24 13:36:03.923 +02:00 [Information] Content root path: "C:\Users\abdik\Source\Repos\Forum\MyShop\"
2023-10-24 13:36:04.422 +02:00 [Information] Request starting HTTP/2 GET https://localhost:7205/ - -
2023-10-24 13:36:04.460 +02:00 [Information] Executing endpoint '"Forum.Controllers.HomeController.Index (Forum)"'
2023-10-24 13:36:04.467 +02:00 [Information] Route matched with "{action = \"Index\", controller = \"Home\", page = \"\", area = \"\"}". Executing controller action with signature "Microsoft.AspNetCore.Mvc.IActionResult Index()" on controller "Forum.Controllers.HomeController" ("Forum").
2023-10-24 13:36:04.471 +02:00 [Information] Executing ViewResult, running view "Index".
2023-10-24 13:36:04.571 +02:00 [Information] Executed ViewResult - view "Index" executed in 99.5202ms.
2023-10-24 13:36:04.573 +02:00 [Information] Executed action "Forum.Controllers.HomeController.Index (Forum)" in 105.5793ms
2023-10-24 13:36:04.573 +02:00 [Information] Executed endpoint '"Forum.Controllers.HomeController.Index (Forum)"'
2023-10-24 13:36:04.584 +02:00 [Information] Request finished HTTP/2 GET https://localhost:7205/ - - - 200 - text/html;+charset=utf-8 164.6646ms
2023-10-24 13:36:04.589 +02:00 [Information] Request starting HTTP/2 GET https://localhost:7205/_framework/aspnetcore-browser-refresh.js - -
2023-10-24 13:36:04.589 +02:00 [Information] Request starting HTTP/2 GET https://localhost:7205/style.css - -
2023-10-24 13:36:04.589 +02:00 [Information] Request starting HTTP/2 GET https://localhost:7205/images/fotball.jpg alt= - -
2023-10-24 13:36:04.591 +02:00 [Information] Request finished HTTP/2 GET https://localhost:7205/_framework/aspnetcore-browser-refresh.js - - - 200 12342 application/javascript;+charset=utf-8 1.9263ms
2023-10-24 13:36:04.591 +02:00 [Information] Request finished HTTP/2 GET https://localhost:7205/images/fotball.jpg alt= - - - 404 0 - 1.9560ms
2023-10-24 13:36:04.591 +02:00 [Information] Request finished HTTP/2 GET https://localhost:7205/style.css - - - 404 0 - 2.0711ms
2023-10-24 13:36:04.601 +02:00 [Information] Request starting HTTP/2 GET https://localhost:7205/_vs/browserLink - -
2023-10-24 13:36:04.608 +02:00 [Information] Request finished HTTP/2 GET https://localhost:7205/_vs/browserLink - - - 200 - text/javascript;+charset=UTF-8 6.7588ms
