2023-10-24 10:50:20.498 +02:00 [Information] User profile is available. Using '"C:\Users\abdik\AppData\Local\ASP.NET\DataProtection-Keys"' as key repository and Windows DPAPI to encrypt keys at rest.
2023-10-24 10:50:20.884 +02:00 [Information] Now listening on: "https://localhost:7205"
2023-10-24 10:50:20.884 +02:00 [Information] Now listening on: "http://localhost:5112"
2023-10-24 10:50:20.887 +02:00 [Information] Application started. Press Ctrl+C to shut down.
2023-10-24 10:50:20.888 +02:00 [Information] Hosting environment: "Development"
2023-10-24 10:50:20.888 +02:00 [Information] Content root path: "C:\Users\abdik\Source\Repos\Forum\MyShop\"
2023-10-24 10:50:21.272 +02:00 [Information] Request starting HTTP/2 GET https://localhost:7205/ - -
2023-10-24 10:50:21.311 +02:00 [Information] Executing endpoint '"Forum.Controllers.HomeController.Index (Forum)"'
2023-10-24 10:50:21.318 +02:00 [Information] Route matched with "{action = \"Index\", controller = \"Home\", page = \"\", area = \"\"}". Executing controller action with signature "Microsoft.AspNetCore.Mvc.IActionResult Index()" on controller "Forum.Controllers.HomeController" ("Forum").
2023-10-24 10:50:21.322 +02:00 [Information] Executing ViewResult, running view "Index".
2023-10-24 10:50:21.422 +02:00 [Information] Executed ViewResult - view "Index" executed in 98.8098ms.
2023-10-24 10:50:21.423 +02:00 [Information] Executed action "Forum.Controllers.HomeController.Index (Forum)" in 105.0821ms
2023-10-24 10:50:21.424 +02:00 [Information] Executed endpoint '"Forum.Controllers.HomeController.Index (Forum)"'
2023-10-24 10:50:21.436 +02:00 [Information] Request finished HTTP/2 GET https://localhost:7205/ - - - 200 - text/html;+charset=utf-8 166.4014ms
2023-10-24 10:50:21.446 +02:00 [Information] Request starting HTTP/2 GET https://localhost:7205/lib/jquery/jquery.js - -
2023-10-24 10:50:21.446 +02:00 [Information] Request starting HTTP/2 GET https://localhost:7205/lib/bootstrap/css/crtstyle.css - -
2023-10-24 10:50:21.446 +02:00 [Information] Request starting HTTP/2 GET https://localhost:7205/lib/bootstrap/js/bootstrap.js - -
2023-10-24 10:50:21.446 +02:00 [Information] Request starting HTTP/2 GET https://localhost:7205/css/style.css?v=35HH4RfJtST0sDq0rMotu1E2heftLFgWrkUbXojxluA - -
2023-10-24 10:50:21.446 +02:00 [Information] Request starting HTTP/2 GET https://localhost:7205/style.css - -
2023-10-24 10:50:21.446 +02:00 [Information] Request starting HTTP/2 GET https://localhost:7205/images/fotball.jpg - -
2023-10-24 10:50:21.446 +02:00 [Information] Request starting HTTP/2 GET https://localhost:7205/images/formula1.jpg - -
2023-10-24 10:50:21.449 +02:00 [Information] Request finished HTTP/2 GET https://localhost:7205/style.css - - - 404 0 - 2.6728ms
2023-10-24 10:50:21.455 +02:00 [Information] The file "/images/fotball.jpg" was not modified
2023-10-24 10:50:21.455 +02:00 [Information] The file "/images/formula1.jpg" was not modified
2023-10-24 10:50:21.455 +02:00 [Information] The file "/lib/bootstrap/css/crtstyle.css" was not modified
2023-10-24 10:50:21.455 +02:00 [Information] The file "/css/style.css" was not modified
2023-10-24 10:50:21.455 +02:00 [Information] The file "/lib/bootstrap/js/bootstrap.js" was not modified
2023-10-24 10:50:21.455 +02:00 [Information] The file "/lib/jquery/jquery.js" was not modified
2023-10-24 10:50:21.455 +02:00 [Information] Request finished HTTP/2 GET https://localhost:7205/images/fotball.jpg - - - 304 - image/jpeg 8.8542ms
2023-10-24 10:50:21.455 +02:00 [Information] Request finished HTTP/2 GET https://localhost:7205/images/formula1.jpg - - - 304 - image/jpeg 8.8965ms
2023-10-24 10:50:21.455 +02:00 [Information] Request finished HTTP/2 GET https://localhost:7205/css/style.css?v=35HH4RfJtST0sDq0rMotu1E2heftLFgWrkUbXojxluA - - - 304 - text/css 8.9442ms
2023-10-24 10:50:21.455 +02:00 [Information] Request finished HTTP/2 GET https://localhost:7205/lib/bootstrap/js/bootstrap.js - - - 304 - application/javascript 8.9533ms
2023-10-24 10:50:21.455 +02:00 [Information] Request finished HTTP/2 GET https://localhost:7205/lib/bootstrap/css/crtstyle.css - - - 304 - text/css 8.9355ms
2023-10-24 10:50:21.455 +02:00 [Information] Request finished HTTP/2 GET https://localhost:7205/lib/jquery/jquery.js - - - 304 - application/javascript 8.9951ms
2023-10-24 10:50:21.468 +02:00 [Information] Request starting HTTP/2 GET https://localhost:7205/images/vacation.jpg - -
2023-10-24 10:50:21.468 +02:00 [Information] Request starting HTTP/2 GET https://localhost:7205/_framework/aspnetcore-browser-refresh.js - -
2023-10-24 10:50:21.469 +02:00 [Information] The file "/images/vacation.jpg" was not modified
2023-10-24 10:50:21.469 +02:00 [Information] Request finished HTTP/2 GET https://localhost:7205/images/vacation.jpg - - - 304 - image/jpeg 1.2203ms
2023-10-24 10:50:21.470 +02:00 [Information] Request finished HTTP/2 GET https://localhost:7205/_framework/aspnetcore-browser-refresh.js - - - 200 12342 application/javascript;+charset=utf-8 2.0222ms
2023-10-24 10:50:21.480 +02:00 [Information] Request starting HTTP/2 GET https://localhost:7205/_vs/browserLink - -
2023-10-24 10:50:21.486 +02:00 [Information] Request finished HTTP/2 GET https://localhost:7205/_vs/browserLink - - - 200 - text/javascript;+charset=UTF-8 6.0043ms
