2023-10-23 19:55:22.782 +02:00 [Information] User profile is available. Using '"C:\Users\abdik\AppData\Local\ASP.NET\DataProtection-Keys"' as key repository and Windows DPAPI to encrypt keys at rest.
2023-10-23 19:55:23.217 +02:00 [Information] Now listening on: "https://localhost:7205"
2023-10-23 19:55:23.217 +02:00 [Information] Now listening on: "http://localhost:5112"
2023-10-23 19:55:23.220 +02:00 [Information] Application started. Press Ctrl+C to shut down.
2023-10-23 19:55:23.220 +02:00 [Information] Hosting environment: "Development"
2023-10-23 19:55:23.220 +02:00 [Information] Content root path: "C:\Users\abdik\Source\Repos\Forum\MyShop\"
2023-10-23 19:55:23.391 +02:00 [Information] Request starting HTTP/2 GET https://localhost:7205/Search/Search?search=Data - -
2023-10-23 19:55:23.430 +02:00 [Information] Executing endpoint '"Forum.Controllers.SearchController.Search (Forum)"'
2023-10-23 19:55:23.443 +02:00 [Information] Route matched with "{action = \"Search\", controller = \"Search\", page = \"\", area = \"\"}". Executing controller action with signature "Microsoft.AspNetCore.Mvc.IActionResult Search(System.String)" on controller "Forum.Controllers.SearchController" ("Forum").
2023-10-23 19:55:23.488 +02:00 [Information] Executing ViewResult, running view "Search".
2023-10-23 19:55:23.583 +02:00 [Information] Executed ViewResult - view "Search" executed in 94.8126ms.
2023-10-23 19:55:23.584 +02:00 [Information] Executed action "Forum.Controllers.SearchController.Search (Forum)" in 140.9925ms
2023-10-23 19:55:23.585 +02:00 [Information] Executed endpoint '"Forum.Controllers.SearchController.Search (Forum)"'
2023-10-23 19:55:23.595 +02:00 [Information] Request finished HTTP/2 GET https://localhost:7205/Search/Search?search=Data - - - 200 - text/html;+charset=utf-8 207.5735ms
2023-10-23 19:55:23.596 +02:00 [Information] Request starting HTTP/2 GET https://localhost:7205/lib/bootstrap/css/crtstyle.css - -
2023-10-23 19:55:23.599 +02:00 [Information] The file "/lib/bootstrap/css/crtstyle.css" was not modified
2023-10-23 19:55:23.599 +02:00 [Information] Request finished HTTP/2 GET https://localhost:7205/lib/bootstrap/css/crtstyle.css - - - 304 - text/css 3.0416ms
2023-10-23 19:55:23.623 +02:00 [Information] Request starting HTTP/2 GET https://localhost:7205/css/style.css?v=35HH4RfJtST0sDq0rMotu1E2heftLFgWrkUbXojxluA - -
2023-10-23 19:55:23.624 +02:00 [Information] Request starting HTTP/2 GET https://localhost:7205/Search/style.css - -
2023-10-23 19:55:23.624 +02:00 [Information] The file "/css/style.css" was not modified
2023-10-23 19:55:23.624 +02:00 [Information] Request finished HTTP/2 GET https://localhost:7205/css/style.css?v=35HH4RfJtST0sDq0rMotu1E2heftLFgWrkUbXojxluA - - - 304 - text/css 0.5038ms
2023-10-23 19:55:23.626 +02:00 [Information] Request finished HTTP/2 GET https://localhost:7205/Search/style.css - - - 404 0 - 2.1789ms
2023-10-23 19:55:23.628 +02:00 [Information] Request starting HTTP/2 GET https://localhost:7205/lib/jquery/jquery.js - -
2023-10-23 19:55:23.628 +02:00 [Information] Request starting HTTP/2 GET https://localhost:7205/lib/bootstrap/js/bootstrap.js - -
2023-10-23 19:55:23.628 +02:00 [Information] The file "/lib/jquery/jquery.js" was not modified
2023-10-23 19:55:23.628 +02:00 [Information] The file "/lib/bootstrap/js/bootstrap.js" was not modified
2023-10-23 19:55:23.628 +02:00 [Information] Request finished HTTP/2 GET https://localhost:7205/lib/jquery/jquery.js - - - 304 - application/javascript 0.2699ms
2023-10-23 19:55:23.628 +02:00 [Information] Request finished HTTP/2 GET https://localhost:7205/lib/bootstrap/js/bootstrap.js - - - 304 - application/javascript 0.2818ms
2023-10-23 19:55:23.630 +02:00 [Information] Request starting HTTP/2 GET https://localhost:7205/_framework/aspnetcore-browser-refresh.js - -
2023-10-23 19:55:23.631 +02:00 [Information] Request finished HTTP/2 GET https://localhost:7205/_framework/aspnetcore-browser-refresh.js - - - 200 12342 application/javascript;+charset=utf-8 1.5435ms
2023-10-23 19:55:23.634 +02:00 [Information] Request starting HTTP/2 GET https://localhost:7205/_vs/browserLink - -
2023-10-23 19:55:23.640 +02:00 [Information] Request finished HTTP/2 GET https://localhost:7205/_vs/browserLink - - - 200 - text/javascript;+charset=UTF-8 5.8949ms
2023-10-23 19:55:42.450 +02:00 [Information] Request starting HTTP/2 GET https://localhost:7205/Search/Search?search= - -
2023-10-23 19:55:42.452 +02:00 [Information] Executing endpoint '"Forum.Controllers.SearchController.Search (Forum)"'
2023-10-23 19:55:42.452 +02:00 [Information] Route matched with "{action = \"Search\", controller = \"Search\", page = \"\", area = \"\"}". Executing controller action with signature "Microsoft.AspNetCore.Mvc.IActionResult Search(System.String)" on controller "Forum.Controllers.SearchController" ("Forum").
2023-10-23 19:55:42.455 +02:00 [Information] Executing ViewResult, running view "Search".
2023-10-23 19:55:42.462 +02:00 [Information] Executed ViewResult - view "Search" executed in 7.6183ms.
2023-10-23 19:55:42.463 +02:00 [Information] Executed action "Forum.Controllers.SearchController.Search (Forum)" in 10.4208ms
2023-10-23 19:55:42.463 +02:00 [Information] Executed endpoint '"Forum.Controllers.SearchController.Search (Forum)"'
2023-10-23 19:55:42.463 +02:00 [Information] Request finished HTTP/2 GET https://localhost:7205/Search/Search?search= - - - 200 - text/html;+charset=utf-8 13.1262ms
2023-10-23 19:55:42.472 +02:00 [Information] Request starting HTTP/2 GET https://localhost:7205/Search/style.css - -
2023-10-23 19:55:42.473 +02:00 [Information] Request finished HTTP/2 GET https://localhost:7205/Search/style.css - - - 404 0 - 0.5867ms
2023-10-23 19:55:42.475 +02:00 [Information] Request starting HTTP/2 GET https://localhost:7205/_vs/browserLink - -
2023-10-23 19:55:42.475 +02:00 [Information] Request starting HTTP/2 GET https://localhost:7205/_framework/aspnetcore-browser-refresh.js - -
2023-10-23 19:55:42.475 +02:00 [Information] Request finished HTTP/2 GET https://localhost:7205/_framework/aspnetcore-browser-refresh.js - - - 200 12342 application/javascript;+charset=utf-8 0.2593ms
2023-10-23 19:55:42.477 +02:00 [Information] Request finished HTTP/2 GET https://localhost:7205/_vs/browserLink - - - 200 - text/javascript;+charset=UTF-8 2.0588ms
