2023-10-30 13:55:09.368 +01:00 [Information] User profile is available. Using '"C:\Users\latif\AppData\Local\ASP.NET\DataProtection-Keys"' as key repository and Windows DPAPI to encrypt keys at rest.
2023-10-30 13:55:10.438 +01:00 [Information] Now listening on: "https://localhost:7205"
2023-10-30 13:55:10.440 +01:00 [Information] Now listening on: "http://localhost:5112"
2023-10-30 13:55:10.449 +01:00 [Information] Application started. Press Ctrl+C to shut down.
2023-10-30 13:55:10.452 +01:00 [Information] Hosting environment: "Development"
2023-10-30 13:55:10.454 +01:00 [Information] Content root path: "C:\Users\latif\source\repos\PROJECT_1WEB\Forum\MyShop\"
2023-10-30 13:55:11.307 +01:00 [Information] Request starting HTTP/2 GET https://localhost:7205/ - -
2023-10-30 13:55:11.533 +01:00 [Information] Executing endpoint '"Forum.Controllers.HomeController.Index (Forum)"'
2023-10-30 13:55:11.575 +01:00 [Information] Route matched with "{action = \"Index\", controller = \"Home\", page = \"\", area = \"\"}". Executing controller action with signature "System.Threading.Tasks.Task`1[Microsoft.AspNetCore.Mvc.IActionResult] Index()" on controller "Forum.Controllers.HomeController" ("Forum").
2023-10-30 13:55:11.714 +01:00 [Information] Executing action method "Forum.Controllers.HomeController.Index (Forum)" - Validation state: Valid
2023-10-30 13:55:11.893 +01:00 [Information] Executed action method "Forum.Controllers.HomeController.Index (Forum)", returned result "Microsoft.AspNetCore.Mvc.ViewResult" in 167.2888ms.
2023-10-30 13:55:11.912 +01:00 [Information] Executing ViewResult, running view "Index".
2023-10-30 13:55:12.835 +01:00 [Information] Executed ViewResult - view "Index" executed in 924.573ms.
2023-10-30 13:55:12.851 +01:00 [Information] Executed action "Forum.Controllers.HomeController.Index (Forum)" in 1274.7799ms
2023-10-30 13:55:12.854 +01:00 [Information] Executed endpoint '"Forum.Controllers.HomeController.Index (Forum)"'
2023-10-30 13:55:12.916 +01:00 [Information] Request starting HTTP/2 GET https://localhost:7205/css/style.css?v=Jh_lfd50sonSwRNi3NhBWNsjIljflkFy-WXcBJIQlBk - -
2023-10-30 13:55:12.935 +01:00 [Information] Request finished HTTP/2 GET https://localhost:7205/ - - - 200 - text/html;+charset=utf-8 1632.7482ms
2023-10-30 13:55:12.945 +01:00 [Information] Request starting HTTP/2 GET https://localhost:7205/_vs/browserLink - -
2023-10-30 13:55:12.945 +01:00 [Information] Request starting HTTP/2 GET https://localhost:7205/_framework/aspnetcore-browser-refresh.js - -
2023-10-30 13:55:12.954 +01:00 [Information] Sending file. Request path: '"/css/style.css"'. Physical path: '"C:\Users\latif\source\repos\PROJECT_1WEB\Forum\MyShop\wwwroot\css\style.css"'
2023-10-30 13:55:12.954 +01:00 [Information] Request finished HTTP/2 GET https://localhost:7205/_framework/aspnetcore-browser-refresh.js - - - 200 12342 application/javascript;+charset=utf-8 9.1576ms
2023-10-30 13:55:12.954 +01:00 [Information] Request finished HTTP/2 GET https://localhost:7205/css/style.css?v=Jh_lfd50sonSwRNi3NhBWNsjIljflkFy-WXcBJIQlBk - - - 200 11003 text/css 38.4243ms
2023-10-30 13:55:12.982 +01:00 [Information] Request finished HTTP/2 GET https://localhost:7205/_vs/browserLink - - - 200 - text/javascript;+charset=UTF-8 36.9091ms
2023-10-30 13:55:16.943 +01:00 [Information] Request starting HTTP/2 GET https://localhost:7205/css/style.css?v=Jh_lfd50sonSwRNi3NhBWNsjIljflkFy-WXcBJIQlBk - -
2023-10-30 13:55:16.947 +01:00 [Information] The file "/css/style.css" was not modified
2023-10-30 13:55:16.948 +01:00 [Information] Request finished HTTP/2 GET https://localhost:7205/css/style.css?v=Jh_lfd50sonSwRNi3NhBWNsjIljflkFy-WXcBJIQlBk - - - 304 - text/css 4.9530ms
2023-10-30 13:55:21.700 +01:00 [Information] Request starting HTTP/2 GET https://localhost:7205/Category/CategoryTable - -
2023-10-30 13:55:21.710 +01:00 [Information] Executing endpoint '"Forum.Controllers.CategoryController.CategoryTable (Forum)"'
2023-10-30 13:55:21.717 +01:00 [Information] Route matched with "{action = \"CategoryTable\", controller = \"Category\", page = \"\", area = \"\"}". Executing controller action with signature "System.Threading.Tasks.Task`1[Microsoft.AspNetCore.Mvc.IActionResult] CategoryTable()" on controller "Forum.Controllers.CategoryController" ("Forum").
2023-10-30 13:55:21.745 +01:00 [Information] Executing action method "Forum.Controllers.CategoryController.CategoryTable (Forum)" - Validation state: Valid
2023-10-30 13:55:21.797 +01:00 [Information] Executed action method "Forum.Controllers.CategoryController.CategoryTable (Forum)", returned result "Microsoft.AspNetCore.Mvc.ViewResult" in 51.6159ms.
2023-10-30 13:55:21.798 +01:00 [Information] Executing ViewResult, running view "CategoryTable".
2023-10-30 13:55:21.847 +01:00 [Information] Executed ViewResult - view "CategoryTable" executed in 50.0899ms.
2023-10-30 13:55:21.848 +01:00 [Information] Executed action "Forum.Controllers.CategoryController.CategoryTable (Forum)" in 130.6975ms
2023-10-30 13:55:21.848 +01:00 [Information] Executed endpoint '"Forum.Controllers.CategoryController.CategoryTable (Forum)"'
2023-10-30 13:55:21.851 +01:00 [Information] Request finished HTTP/2 GET https://localhost:7205/Category/CategoryTable - - - 200 - text/html;+charset=utf-8 151.4966ms
2023-10-30 13:55:21.857 +01:00 [Information] Request starting HTTP/2 GET https://localhost:7205/_framework/aspnetcore-browser-refresh.js - -
2023-10-30 13:55:21.857 +01:00 [Information] Request starting HTTP/2 GET https://localhost:7205/css/style.css?v=Jh_lfd50sonSwRNi3NhBWNsjIljflkFy-WXcBJIQlBk - -
2023-10-30 13:55:21.857 +01:00 [Information] Request finished HTTP/2 GET https://localhost:7205/_framework/aspnetcore-browser-refresh.js - - - 200 12342 application/javascript;+charset=utf-8 0.9880ms
2023-10-30 13:55:21.857 +01:00 [Information] The file "/css/style.css" was not modified
2023-10-30 13:55:21.857 +01:00 [Information] Request finished HTTP/2 GET https://localhost:7205/css/style.css?v=Jh_lfd50sonSwRNi3NhBWNsjIljflkFy-WXcBJIQlBk - - - 304 - text/css 0.4738ms
2023-10-30 13:55:21.872 +01:00 [Information] Request starting HTTP/2 GET https://localhost:7205/_vs/browserLink - -
2023-10-30 13:55:21.888 +01:00 [Information] Request finished HTTP/2 GET https://localhost:7205/_vs/browserLink - - - 200 - text/javascript;+charset=UTF-8 16.4511ms
2023-10-30 13:55:25.958 +01:00 [Information] Request starting HTTP/2 GET https://localhost:7205/Category/CategoryGrid - -
2023-10-30 13:55:25.994 +01:00 [Information] Executing endpoint '"Forum.Controllers.CategoryController.CategoryGrid (Forum)"'
2023-10-30 13:55:25.999 +01:00 [Information] Route matched with "{action = \"CategoryGrid\", controller = \"Category\", page = \"\", area = \"\"}". Executing controller action with signature "System.Threading.Tasks.Task`1[Microsoft.AspNetCore.Mvc.IActionResult] CategoryGrid()" on controller "Forum.Controllers.CategoryController" ("Forum").
2023-10-30 13:55:26.029 +01:00 [Information] Executing action method "Forum.Controllers.CategoryController.CategoryGrid (Forum)" - Validation state: Valid
2023-10-30 13:55:26.036 +01:00 [Information] Executed action method "Forum.Controllers.CategoryController.CategoryGrid (Forum)", returned result "Microsoft.AspNetCore.Mvc.ViewResult" in 6.6957ms.
2023-10-30 13:55:26.038 +01:00 [Information] Executing ViewResult, running view "CategoryGrid".
2023-10-30 13:55:26.060 +01:00 [Information] Executed ViewResult - view "CategoryGrid" executed in 23.7467ms.
2023-10-30 13:55:26.060 +01:00 [Information] Executed action "Forum.Controllers.CategoryController.CategoryGrid (Forum)" in 61.1281ms
2023-10-30 13:55:26.060 +01:00 [Information] Executed endpoint '"Forum.Controllers.CategoryController.CategoryGrid (Forum)"'
2023-10-30 13:55:26.063 +01:00 [Information] Request finished HTTP/2 GET https://localhost:7205/Category/CategoryGrid - - - 200 - text/html;+charset=utf-8 105.1325ms
2023-10-30 13:55:26.068 +01:00 [Information] Request starting HTTP/2 GET https://localhost:7205/css/style.css?v=Jh_lfd50sonSwRNi3NhBWNsjIljflkFy-WXcBJIQlBk - -
2023-10-30 13:55:26.068 +01:00 [Information] The file "/css/style.css" was not modified
2023-10-30 13:55:26.069 +01:00 [Information] Request finished HTTP/2 GET https://localhost:7205/css/style.css?v=Jh_lfd50sonSwRNi3NhBWNsjIljflkFy-WXcBJIQlBk - - - 304 - text/css 0.5838ms
2023-10-30 13:55:26.073 +01:00 [Information] Request starting HTTP/2 GET https://localhost:7205/_framework/aspnetcore-browser-refresh.js - -
2023-10-30 13:55:26.074 +01:00 [Information] Request finished HTTP/2 GET https://localhost:7205/_framework/aspnetcore-browser-refresh.js - - - 200 12342 application/javascript;+charset=utf-8 0.3765ms
2023-10-30 13:55:26.075 +01:00 [Information] Request starting HTTP/2 GET https://localhost:7205/_vs/browserLink - -
2023-10-30 13:55:26.091 +01:00 [Information] Request finished HTTP/2 GET https://localhost:7205/_vs/browserLink - - - 200 - text/javascript;+charset=UTF-8 16.1105ms
