2023-10-30 03:52:20.711 +01:00 [Information] User profile is available. Using '"C:\Users\Johan\AppData\Local\ASP.NET\DataProtection-Keys"' as key repository and Windows DPAPI to encrypt keys at rest.
2023-10-30 03:52:21.420 +01:00 [Information] Now listening on: "https://localhost:7205"
2023-10-30 03:52:21.421 +01:00 [Information] Now listening on: "http://localhost:5112"
2023-10-30 03:52:21.426 +01:00 [Information] Application started. Press Ctrl+C to shut down.
2023-10-30 03:52:21.427 +01:00 [Information] Hosting environment: "Development"
2023-10-30 03:52:21.428 +01:00 [Information] Content root path: "C:\Users\Johan\Source\Repos\N4h0\Forum\MyShop\"
2023-10-30 03:52:21.832 +01:00 [Information] Request starting HTTP/2 GET https://localhost:7205/ - -
2023-10-30 03:52:21.898 +01:00 [Information] Executing endpoint '"Forum.Controllers.HomeController.Index (Forum)"'
2023-10-30 03:52:21.908 +01:00 [Information] Route matched with "{action = \"Index\", controller = \"Home\", page = \"\", area = \"\"}". Executing controller action with signature "System.Threading.Tasks.Task`1[Microsoft.AspNetCore.Mvc.IActionResult] Index()" on controller "Forum.Controllers.HomeController" ("Forum").
2023-10-30 03:52:21.963 +01:00 [Information] Executing ViewResult, running view "Index".
2023-10-30 03:52:22.193 +01:00 [Information] Executed ViewResult - view "Index" executed in 230.6739ms.
2023-10-30 03:52:22.198 +01:00 [Information] Executed action "Forum.Controllers.HomeController.Index (Forum)" in 289.6204ms
2023-10-30 03:52:22.198 +01:00 [Information] Executed endpoint '"Forum.Controllers.HomeController.Index (Forum)"'
2023-10-30 03:52:22.230 +01:00 [Information] Request finished HTTP/2 GET https://localhost:7205/ - - - 200 - text/html;+charset=utf-8 401.7514ms
2023-10-30 03:52:22.230 +01:00 [Information] Request starting HTTP/2 GET https://localhost:7205/css/style.css?v=vul_27sRuWhRaAKKUGj5cbFYcUI0jTHgWPu0QRhLa68 - -
2023-10-30 03:52:22.249 +01:00 [Information] Sending file. Request path: '"/css/style.css"'. Physical path: '"C:\Users\Johan\Source\Repos\N4h0\Forum\MyShop\wwwroot\css\style.css"'
2023-10-30 03:52:22.249 +01:00 [Information] Request finished HTTP/2 GET https://localhost:7205/css/style.css?v=vul_27sRuWhRaAKKUGj5cbFYcUI0jTHgWPu0QRhLa68 - - - 200 7457 text/css 18.7123ms
2023-10-30 03:52:22.317 +01:00 [Information] Request starting HTTP/2 GET https://localhost:7205/_framework/aspnetcore-browser-refresh.js - -
2023-10-30 03:52:22.320 +01:00 [Information] Request finished HTTP/2 GET https://localhost:7205/_framework/aspnetcore-browser-refresh.js - - - 200 12342 application/javascript;+charset=utf-8 2.4761ms
2023-10-30 03:52:22.327 +01:00 [Information] Request starting HTTP/2 GET https://localhost:7205/_vs/browserLink - -
2023-10-30 03:52:22.338 +01:00 [Information] Request finished HTTP/2 GET https://localhost:7205/_vs/browserLink - - - 200 - text/javascript;+charset=UTF-8 11.5471ms
2023-10-30 03:52:23.155 +01:00 [Information] Request starting HTTP/2 GET https://localhost:7205/Post/PostDetails/2 - -
2023-10-30 03:52:23.158 +01:00 [Information] Executing endpoint '"Forum.Controllers.PostController.PostDetails (Forum)"'
2023-10-30 03:52:23.165 +01:00 [Information] Route matched with "{action = \"PostDetails\", controller = \"Post\", page = \"\", area = \"\"}". Executing controller action with signature "System.Threading.Tasks.Task`1[Microsoft.AspNetCore.Mvc.IActionResult] PostDetails(Int32)" on controller "Forum.Controllers.PostController" ("Forum").
2023-10-30 03:52:23.176 +01:00 [Information] Executing ViewResult, running view "PostDetails".
2023-10-30 03:52:23.237 +01:00 [Information] Executed ViewResult - view "PostDetails" executed in 60.6542ms.
2023-10-30 03:52:23.237 +01:00 [Information] Executed action "Forum.Controllers.PostController.PostDetails (Forum)" in 71.4686ms
2023-10-30 03:52:23.237 +01:00 [Information] Executed endpoint '"Forum.Controllers.PostController.PostDetails (Forum)"'
2023-10-30 03:52:23.240 +01:00 [Information] Request finished HTTP/2 GET https://localhost:7205/Post/PostDetails/2 - - - 200 - text/html;+charset=utf-8 84.5476ms
2023-10-30 03:52:23.245 +01:00 [Information] Request starting HTTP/2 GET https://localhost:7205/css/style.css?v=vul_27sRuWhRaAKKUGj5cbFYcUI0jTHgWPu0QRhLa68 - -
2023-10-30 03:52:23.245 +01:00 [Information] Request starting HTTP/2 GET https://localhost:7205/_framework/aspnetcore-browser-refresh.js - -
2023-10-30 03:52:23.245 +01:00 [Information] Request starting HTTP/2 GET https://localhost:7205/css/style.css - -
2023-10-30 03:52:23.245 +01:00 [Information] Request finished HTTP/2 GET https://localhost:7205/_framework/aspnetcore-browser-refresh.js - - - 200 12342 application/javascript;+charset=utf-8 0.2834ms
2023-10-30 03:52:23.246 +01:00 [Information] The file "/css/style.css" was not modified
2023-10-30 03:52:23.246 +01:00 [Information] Request finished HTTP/2 GET https://localhost:7205/css/style.css?v=vul_27sRuWhRaAKKUGj5cbFYcUI0jTHgWPu0QRhLa68 - - - 304 - text/css 1.3793ms
2023-10-30 03:52:23.251 +01:00 [Information] Sending file. Request path: '"/css/style.css"'. Physical path: '"C:\Users\Johan\Source\Repos\N4h0\Forum\MyShop\wwwroot\css\style.css"'
2023-10-30 03:52:23.251 +01:00 [Information] Request finished HTTP/2 GET https://localhost:7205/css/style.css - - - 200 7457 text/css 6.5607ms
2023-10-30 03:52:23.254 +01:00 [Information] Request starting HTTP/2 GET https://localhost:7205/_vs/browserLink - -
2023-10-30 03:52:23.258 +01:00 [Information] Request finished HTTP/2 GET https://localhost:7205/_vs/browserLink - - - 200 - text/javascript;+charset=UTF-8 4.2456ms
