2023-10-24 17:30:04.688 +02:00 [Information] User profile is available. Using '"C:\Users\abdik\AppData\Local\ASP.NET\DataProtection-Keys"' as key repository and Windows DPAPI to encrypt keys at rest.
2023-10-24 17:30:05.082 +02:00 [Information] Now listening on: "https://localhost:7205"
2023-10-24 17:30:05.082 +02:00 [Information] Now listening on: "http://localhost:5112"
2023-10-24 17:30:05.085 +02:00 [Information] Application started. Press Ctrl+C to shut down.
2023-10-24 17:30:05.086 +02:00 [Information] Hosting environment: "Development"
2023-10-24 17:30:05.086 +02:00 [Information] Content root path: "C:\Users\abdik\Source\Repos\Forum\MyShop\"
2023-10-24 17:30:05.690 +02:00 [Information] Request starting HTTP/2 GET https://localhost:7205/ - -
2023-10-24 17:30:05.726 +02:00 [Information] Executing endpoint '"Forum.Controllers.HomeController.Index (Forum)"'
2023-10-24 17:30:05.735 +02:00 [Information] Route matched with "{action = \"Index\", controller = \"Home\", page = \"\", area = \"\"}". Executing controller action with signature "System.Threading.Tasks.Task`1[Microsoft.AspNetCore.Mvc.IActionResult] Index()" on controller "Forum.Controllers.HomeController" ("Forum").
2023-10-24 17:30:05.755 +02:00 [Information] Executing ViewResult, running view "Index".
2023-10-24 17:30:05.862 +02:00 [Information] Executed ViewResult - view "Index" executed in 106.054ms.
2023-10-24 17:30:05.863 +02:00 [Information] Executed action "Forum.Controllers.HomeController.Index (Forum)" in 128.1037ms
2023-10-24 17:30:05.863 +02:00 [Information] Executed endpoint '"Forum.Controllers.HomeController.Index (Forum)"'
2023-10-24 17:30:05.880 +02:00 [Information] Request finished HTTP/2 GET https://localhost:7205/ - - - 200 - text/html;+charset=utf-8 191.4875ms
2023-10-24 17:30:05.901 +02:00 [Information] Request starting HTTP/2 GET https://localhost:7205/_framework/aspnetcore-browser-refresh.js - -
2023-10-24 17:30:05.901 +02:00 [Information] Request starting HTTP/2 GET https://localhost:7205/style.css - -
2023-10-24 17:30:05.903 +02:00 [Information] Request finished HTTP/2 GET https://localhost:7205/_framework/aspnetcore-browser-refresh.js - - - 200 12342 application/javascript;+charset=utf-8 1.8681ms
2023-10-24 17:30:05.903 +02:00 [Information] Request finished HTTP/2 GET https://localhost:7205/style.css - - - 404 0 - 2.6371ms
2023-10-24 17:30:05.931 +02:00 [Information] Request starting HTTP/2 GET https://localhost:7205/_vs/browserLink - -
2023-10-24 17:30:05.938 +02:00 [Information] Request finished HTTP/2 GET https://localhost:7205/_vs/browserLink - - - 200 - text/javascript;+charset=UTF-8 6.3390ms
