2023-10-30 03:28:05.420 +01:00 [Information] User profile is available. Using '"C:\Users\Johan\AppData\Local\ASP.NET\DataProtection-Keys"' as key repository and Windows DPAPI to encrypt keys at rest.
2023-10-30 03:28:06.031 +01:00 [Information] Now listening on: "https://localhost:7205"
2023-10-30 03:28:06.032 +01:00 [Information] Now listening on: "http://localhost:5112"
2023-10-30 03:28:06.037 +01:00 [Information] Application started. Press Ctrl+C to shut down.
2023-10-30 03:28:06.038 +01:00 [Information] Hosting environment: "Development"
2023-10-30 03:28:06.039 +01:00 [Information] Content root path: "C:\Users\Johan\Source\Repos\N4h0\Forum\MyShop\"
2023-10-30 03:28:06.245 +01:00 [Information] Request starting HTTP/2 GET https://localhost:7205/ - -
2023-10-30 03:28:06.298 +01:00 [Information] Executing endpoint '"Forum.Controllers.HomeController.Index (Forum)"'
2023-10-30 03:28:06.308 +01:00 [Information] Route matched with "{action = \"Index\", controller = \"Home\", page = \"\", area = \"\"}". Executing controller action with signature "System.Threading.Tasks.Task`1[Microsoft.AspNetCore.Mvc.IActionResult] Index()" on controller "Forum.Controllers.HomeController" ("Forum").
2023-10-30 03:28:06.348 +01:00 [Information] Executing ViewResult, running view "Index".
2023-10-30 03:28:06.537 +01:00 [Information] Executed ViewResult - view "Index" executed in 189.0541ms.
2023-10-30 03:28:06.540 +01:00 [Information] Executed action "Forum.Controllers.HomeController.Index (Forum)" in 232.3693ms
2023-10-30 03:28:06.541 +01:00 [Information] Executed endpoint '"Forum.Controllers.HomeController.Index (Forum)"'
2023-10-30 03:28:06.561 +01:00 [Information] Request starting HTTP/2 GET https://localhost:7205/css/style.css?v=rYKnG-JB9M2x-H4nVgrp-vEkdVLuLY8MBOpZDywim-4 - -
2023-10-30 03:28:06.561 +01:00 [Information] Request starting HTTP/2 GET https://localhost:7205/lib/bootstrap/js/bootstrap.js - -
2023-10-30 03:28:06.561 +01:00 [Information] Request starting HTTP/2 GET https://localhost:7205/lib/jquery-validation-unobtrusive/jquery.validate.unobtrusive.js - -
2023-10-30 03:28:06.561 +01:00 [Information] Request starting HTTP/2 GET https://localhost:7205/lib/jquery-validate/jquery.validate.js - -
2023-10-30 03:28:06.561 +01:00 [Information] Request starting HTTP/2 GET https://localhost:7205/images/fotball.jpg - -
2023-10-30 03:28:06.561 +01:00 [Information] Request starting HTTP/2 GET https://localhost:7205/images/formula1.jpg - -
2023-10-30 03:28:06.566 +01:00 [Information] Request finished HTTP/2 GET https://localhost:7205/ - - - 200 - text/html;+charset=utf-8 322.4841ms
2023-10-30 03:28:06.567 +01:00 [Information] The file "/images/fotball.jpg" was not modified
2023-10-30 03:28:06.567 +01:00 [Information] The file "/images/formula1.jpg" was not modified
2023-10-30 03:28:06.568 +01:00 [Information] The file "/css/style.css" was not modified
2023-10-30 03:28:06.567 +01:00 [Information] The file "/lib/bootstrap/js/bootstrap.js" was not modified
2023-10-30 03:28:06.567 +01:00 [Information] The file "/lib/jquery-validation-unobtrusive/jquery.validate.unobtrusive.js" was not modified
2023-10-30 03:28:06.568 +01:00 [Information] The file "/lib/jquery-validate/jquery.validate.js" was not modified
2023-10-30 03:28:06.569 +01:00 [Information] Request finished HTTP/2 GET https://localhost:7205/images/fotball.jpg - - - 304 - image/jpeg 8.1223ms
2023-10-30 03:28:06.569 +01:00 [Information] Request finished HTTP/2 GET https://localhost:7205/css/style.css?v=rYKnG-JB9M2x-H4nVgrp-vEkdVLuLY8MBOpZDywim-4 - - - 304 - text/css 8.1933ms
2023-10-30 03:28:06.569 +01:00 [Information] Request finished HTTP/2 GET https://localhost:7205/lib/jquery-validation-unobtrusive/jquery.validate.unobtrusive.js - - - 304 - application/javascript 8.2321ms
2023-10-30 03:28:06.569 +01:00 [Information] Request finished HTTP/2 GET https://localhost:7205/images/formula1.jpg - - - 304 - image/jpeg 8.1914ms
2023-10-30 03:28:06.569 +01:00 [Information] Request finished HTTP/2 GET https://localhost:7205/lib/jquery-validate/jquery.validate.js - - - 304 - application/javascript 8.2201ms
2023-10-30 03:28:06.569 +01:00 [Information] Request finished HTTP/2 GET https://localhost:7205/lib/bootstrap/js/bootstrap.js - - - 304 - application/javascript 8.1965ms
2023-10-30 03:28:06.592 +01:00 [Information] Request starting HTTP/2 GET https://localhost:7205/images/vacation.jpg - -
2023-10-30 03:28:06.592 +01:00 [Information] Request starting HTTP/2 GET https://localhost:7205/images/mosque.jpg - -
2023-10-30 03:28:06.593 +01:00 [Information] The file "/images/vacation.jpg" was not modified
2023-10-30 03:28:06.593 +01:00 [Information] The file "/images/mosque.jpg" was not modified
2023-10-30 03:28:06.593 +01:00 [Information] Request finished HTTP/2 GET https://localhost:7205/images/vacation.jpg - - - 304 - image/jpeg 1.0284ms
2023-10-30 03:28:06.593 +01:00 [Information] Request finished HTTP/2 GET https://localhost:7205/images/mosque.jpg - - - 304 - image/jpeg 0.9352ms
2023-10-30 03:28:06.596 +01:00 [Information] Request starting HTTP/2 GET https://localhost:7205/images/cyberS.jpg - -
2023-10-30 03:28:06.596 +01:00 [Information] The file "/images/cyberS.jpg" was not modified
2023-10-30 03:28:06.596 +01:00 [Information] Request finished HTTP/2 GET https://localhost:7205/images/cyberS.jpg - - - 304 - image/jpeg 0.3885ms
2023-10-30 03:28:06.601 +01:00 [Information] Request starting HTTP/2 GET https://localhost:7205/_framework/aspnetcore-browser-refresh.js - -
2023-10-30 03:28:06.604 +01:00 [Information] Request finished HTTP/2 GET https://localhost:7205/_framework/aspnetcore-browser-refresh.js - - - 200 12342 application/javascript;+charset=utf-8 3.2233ms
2023-10-30 03:28:06.606 +01:00 [Information] Request starting HTTP/2 GET https://localhost:7205/images/skiEquipments.jpg - -
2023-10-30 03:28:06.606 +01:00 [Information] The file "/images/skiEquipments.jpg" was not modified
2023-10-30 03:28:06.606 +01:00 [Information] Request finished HTTP/2 GET https://localhost:7205/images/skiEquipments.jpg - - - 304 - image/jpeg 0.2267ms
2023-10-30 03:28:06.608 +01:00 [Information] Request starting HTTP/2 GET https://localhost:7205/_vs/browserLink - -
2023-10-30 03:28:06.617 +01:00 [Information] Request finished HTTP/2 GET https://localhost:7205/_vs/browserLink - - - 200 - text/javascript;+charset=UTF-8 9.2072ms
2023-10-30 03:28:07.608 +01:00 [Information] Request starting HTTP/2 GET https://localhost:7205/Post/PostDetails/2 - -
2023-10-30 03:28:07.611 +01:00 [Information] Executing endpoint '"Forum.Controllers.PostController.PostDetails (Forum)"'
2023-10-30 03:28:07.618 +01:00 [Information] Route matched with "{action = \"PostDetails\", controller = \"Post\", page = \"\", area = \"\"}". Executing controller action with signature "System.Threading.Tasks.Task`1[Microsoft.AspNetCore.Mvc.IActionResult] PostDetails(Int32)" on controller "Forum.Controllers.PostController" ("Forum").
2023-10-30 03:28:07.630 +01:00 [Information] Executing ViewResult, running view "PostDetails".
2023-10-30 03:28:07.688 +01:00 [Information] Executed ViewResult - view "PostDetails" executed in 58.5881ms.
2023-10-30 03:28:07.688 +01:00 [Information] Executed action "Forum.Controllers.PostController.PostDetails (Forum)" in 69.9709ms
2023-10-30 03:28:07.688 +01:00 [Information] Executed endpoint '"Forum.Controllers.PostController.PostDetails (Forum)"'
2023-10-30 03:28:07.689 +01:00 [Information] Request finished HTTP/2 GET https://localhost:7205/Post/PostDetails/2 - - - 200 - text/html;+charset=utf-8 81.5543ms
2023-10-30 03:28:07.698 +01:00 [Information] Request starting HTTP/2 GET https://localhost:7205/_framework/aspnetcore-browser-refresh.js - -
2023-10-30 03:28:07.698 +01:00 [Information] Request starting HTTP/2 GET https://localhost:7205/_vs/browserLink - -
2023-10-30 03:28:07.698 +01:00 [Information] Request finished HTTP/2 GET https://localhost:7205/_framework/aspnetcore-browser-refresh.js - - - 200 12342 application/javascript;+charset=utf-8 0.3841ms
2023-10-30 03:28:07.701 +01:00 [Information] Request finished HTTP/2 GET https://localhost:7205/_vs/browserLink - - - 200 - text/javascript;+charset=UTF-8 3.9432ms
2023-10-30 03:28:09.601 +01:00 [Information] Request starting HTTP/2 GET https://localhost:7205/Topic/TopicDetails/1 - -
2023-10-30 03:28:09.609 +01:00 [Information] Executing endpoint '"Forum.Controllers.TopicController.TopicDetails (Forum)"'
2023-10-30 03:28:09.610 +01:00 [Information] Route matched with "{action = \"TopicDetails\", controller = \"Topic\", page = \"\", area = \"\"}". Executing controller action with signature "System.Threading.Tasks.Task`1[Microsoft.AspNetCore.Mvc.IActionResult] TopicDetails(Int32)" on controller "Forum.Controllers.TopicController" ("Forum").
2023-10-30 03:28:09.615 +01:00 [Information] Executing ViewResult, running view "TopicDetails".
2023-10-30 03:28:09.637 +01:00 [Information] Executed ViewResult - view "TopicDetails" executed in 21.7862ms.
2023-10-30 03:28:09.637 +01:00 [Information] Executed action "Forum.Controllers.TopicController.TopicDetails (Forum)" in 26.3284ms
2023-10-30 03:28:09.637 +01:00 [Information] Executed endpoint '"Forum.Controllers.TopicController.TopicDetails (Forum)"'
2023-10-30 03:28:09.638 +01:00 [Information] Request finished HTTP/2 GET https://localhost:7205/Topic/TopicDetails/1 - - - 200 - text/html;+charset=utf-8 36.8019ms
2023-10-30 03:28:09.644 +01:00 [Information] Request starting HTTP/2 GET https://localhost:7205/_framework/aspnetcore-browser-refresh.js - -
2023-10-30 03:28:09.644 +01:00 [Information] Request starting HTTP/2 GET https://localhost:7205/_vs/browserLink - -
2023-10-30 03:28:09.644 +01:00 [Information] Request finished HTTP/2 GET https://localhost:7205/_framework/aspnetcore-browser-refresh.js - - - 200 12342 application/javascript;+charset=utf-8 0.2596ms
2023-10-30 03:28:09.646 +01:00 [Information] Request finished HTTP/2 GET https://localhost:7205/_vs/browserLink - - - 200 - text/javascript;+charset=UTF-8 2.4644ms
