2023-10-24 12:17:31.192 +02:00 [Information] User profile is available. Using '"C:\Users\abdik\AppData\Local\ASP.NET\DataProtection-Keys"' as key repository and Windows DPAPI to encrypt keys at rest.
2023-10-24 12:17:31.592 +02:00 [Information] Now listening on: "https://localhost:7205"
2023-10-24 12:17:31.592 +02:00 [Information] Now listening on: "http://localhost:5112"
2023-10-24 12:17:31.596 +02:00 [Information] Application started. Press Ctrl+C to shut down.
2023-10-24 12:17:31.596 +02:00 [Information] Hosting environment: "Development"
2023-10-24 12:17:31.596 +02:00 [Information] Content root path: "C:\Users\abdik\Source\Repos\Forum\MyShop\"
2023-10-24 12:17:31.923 +02:00 [Information] Request starting HTTP/2 GET https://localhost:7205/ - -
2023-10-24 12:17:31.959 +02:00 [Information] Executing endpoint '"Forum.Controllers.HomeController.Index (Forum)"'
2023-10-24 12:17:31.966 +02:00 [Information] Route matched with "{action = \"Index\", controller = \"Home\", page = \"\", area = \"\"}". Executing controller action with signature "Microsoft.AspNetCore.Mvc.IActionResult Index()" on controller "Forum.Controllers.HomeController" ("Forum").
2023-10-24 12:17:31.971 +02:00 [Information] Executing ViewResult, running view "Index".
2023-10-24 12:17:32.073 +02:00 [Information] Executed ViewResult - view "Index" executed in 101.3822ms.
2023-10-24 12:17:32.074 +02:00 [Information] Executed action "Forum.Controllers.HomeController.Index (Forum)" in 107.7837ms
2023-10-24 12:17:32.075 +02:00 [Information] Executed endpoint '"Forum.Controllers.HomeController.Index (Forum)"'
2023-10-24 12:17:32.094 +02:00 [Information] Request finished HTTP/2 GET https://localhost:7205/ - - - 200 - text/html;+charset=utf-8 172.6408ms
2023-10-24 12:17:32.116 +02:00 [Information] Request starting HTTP/2 GET https://localhost:7205/_vs/browserLink - -
2023-10-24 12:17:32.116 +02:00 [Information] Request starting HTTP/2 GET https://localhost:7205/_framework/aspnetcore-browser-refresh.js - -
2023-10-24 12:17:32.116 +02:00 [Information] Request starting HTTP/2 GET https://localhost:7205/style.css - -
2023-10-24 12:17:32.118 +02:00 [Information] Request finished HTTP/2 GET https://localhost:7205/_framework/aspnetcore-browser-refresh.js - - - 200 12342 application/javascript;+charset=utf-8 2.0000ms
2023-10-24 12:17:32.119 +02:00 [Information] Request finished HTTP/2 GET https://localhost:7205/style.css - - - 404 0 - 2.5111ms
2023-10-24 12:17:32.123 +02:00 [Information] Request finished HTTP/2 GET https://localhost:7205/_vs/browserLink - - - 200 - text/javascript;+charset=UTF-8 6.4866ms
