2023-10-23 22:51:19.255 +02:00 [Information] User profile is available. Using '"C:\Users\latif\AppData\Local\ASP.NET\DataProtection-Keys"' as key repository and Windows DPAPI to encrypt keys at rest.
2023-10-23 22:51:20.351 +02:00 [Information] Now listening on: "https://localhost:7205"
2023-10-23 22:51:20.353 +02:00 [Information] Now listening on: "http://localhost:5112"
2023-10-23 22:51:20.361 +02:00 [Information] Application started. Press Ctrl+C to shut down.
2023-10-23 22:51:20.363 +02:00 [Information] Hosting environment: "Development"
2023-10-23 22:51:20.364 +02:00 [Information] Content root path: "C:\Users\latif\source\repos\PROJECT_1WEB\Forum\MyShop\"
2023-10-23 22:51:20.862 +02:00 [Information] Request starting HTTP/2 GET https://localhost:7205/ - -
2023-10-23 22:51:20.959 +02:00 [Information] Executing endpoint '"Forum.Controllers.HomeController.Index (Forum)"'
2023-10-23 22:51:20.976 +02:00 [Information] Route matched with "{action = \"Index\", controller = \"Home\", page = \"\", area = \"\"}". Executing controller action with signature "Microsoft.AspNetCore.Mvc.IActionResult Index()" on controller "Forum.Controllers.HomeController" ("Forum").
2023-10-23 22:51:21.102 +02:00 [Information] Executing action method "Forum.Controllers.HomeController.Index (Forum)" - Validation state: Valid
2023-10-23 22:51:21.109 +02:00 [Information] Executed action method "Forum.Controllers.HomeController.Index (Forum)", returned result "Microsoft.AspNetCore.Mvc.ViewResult" in 0.5397ms.
2023-10-23 22:51:21.124 +02:00 [Information] Executing ViewResult, running view "Index".
2023-10-23 22:51:21.429 +02:00 [Information] Executed ViewResult - view "Index" executed in 311.8239ms.
2023-10-23 22:51:21.435 +02:00 [Information] Executed action "Forum.Controllers.HomeController.Index (Forum)" in 458.3964ms
2023-10-23 22:51:21.436 +02:00 [Information] Executed endpoint '"Forum.Controllers.HomeController.Index (Forum)"'
2023-10-23 22:51:21.471 +02:00 [Information] Request finished HTTP/2 GET https://localhost:7205/ - - - 200 - text/html;+charset=utf-8 613.9978ms
2023-10-23 22:51:21.487 +02:00 [Information] Request starting HTTP/2 GET https://localhost:7205/lib/bootstrap/css/crtstyle.css - -
2023-10-23 22:51:21.487 +02:00 [Information] Request starting HTTP/2 GET https://localhost:7205/_framework/aspnetcore-browser-refresh.js - -
2023-10-23 22:51:21.487 +02:00 [Information] Request starting HTTP/2 GET https://localhost:7205/css/style.css?v=35HH4RfJtST0sDq0rMotu1E2heftLFgWrkUbXojxluA - -
2023-10-23 22:51:21.487 +02:00 [Information] Request starting HTTP/2 GET https://localhost:7205/lib/bootstrap/js/bootstrap.js - -
2023-10-23 22:51:21.487 +02:00 [Information] Request starting HTTP/2 GET https://localhost:7205/lib/jquery/jquery.js - -
2023-10-23 22:51:21.487 +02:00 [Information] Request starting HTTP/2 GET https://localhost:7205/style.css - -
2023-10-23 22:51:21.494 +02:00 [Information] Request finished HTTP/2 GET https://localhost:7205/style.css - - - 404 0 - 6.6724ms
2023-10-23 22:51:21.494 +02:00 [Information] Request finished HTTP/2 GET https://localhost:7205/_framework/aspnetcore-browser-refresh.js - - - 200 12342 application/javascript;+charset=utf-8 7.2442ms
2023-10-23 22:51:21.509 +02:00 [Information] Sending file. Request path: '"/css/style.css"'. Physical path: '"C:\Users\latif\source\repos\PROJECT_1WEB\Forum\MyShop\wwwroot\css\style.css"'
2023-10-23 22:51:21.509 +02:00 [Information] Request finished HTTP/2 GET https://localhost:7205/css/style.css?v=35HH4RfJtST0sDq0rMotu1E2heftLFgWrkUbXojxluA - - - 200 2778 text/css 22.2410ms
2023-10-23 22:51:21.519 +02:00 [Information] Sending file. Request path: '"/lib/bootstrap/css/crtstyle.css"'. Physical path: '"C:\Users\latif\source\repos\PROJECT_1WEB\Forum\MyShop\wwwroot\lib\bootstrap\css\crtStyle.css"'
2023-10-23 22:51:21.519 +02:00 [Information] Request finished HTTP/2 GET https://localhost:7205/lib/bootstrap/css/crtstyle.css - - - 200 1279 text/css 32.0570ms
2023-10-23 22:51:21.566 +02:00 [Information] Sending file. Request path: '"/lib/bootstrap/js/bootstrap.js"'. Physical path: '"C:\Users\latif\source\repos\PROJECT_1WEB\Forum\MyShop\wwwroot\lib\bootstrap\js\bootstrap.js"'
2023-10-23 22:51:21.567 +02:00 [Information] Request finished HTTP/2 GET https://localhost:7205/lib/bootstrap/js/bootstrap.js - - - 200 153194 application/javascript 79.5132ms
2023-10-23 22:51:21.570 +02:00 [Information] Request starting HTTP/2 GET https://localhost:7205/_vs/browserLink - -
2023-10-23 22:51:21.590 +02:00 [Information] Sending file. Request path: '"/lib/jquery/jquery.js"'. Physical path: '"C:\Users\latif\source\repos\PROJECT_1WEB\Forum\MyShop\wwwroot\lib\jquery\jquery.js"'
2023-10-23 22:51:21.590 +02:00 [Information] Request finished HTTP/2 GET https://localhost:7205/lib/jquery/jquery.js - - - 200 296030 application/javascript 103.2408ms
2023-10-23 22:51:21.594 +02:00 [Information] Request finished HTTP/2 GET https://localhost:7205/_vs/browserLink - - - 200 - text/javascript;+charset=UTF-8 24.5970ms
2023-10-23 22:51:26.112 +02:00 [Information] Request starting HTTP/2 GET https://localhost:7205/Category/CategoryTable - -
2023-10-23 22:51:26.117 +02:00 [Information] Executing endpoint '"Forum.Controllers.CategoryController.CategoryTable (Forum)"'
2023-10-23 22:51:26.124 +02:00 [Information] Route matched with "{action = \"CategoryTable\", controller = \"Category\", page = \"\", area = \"\"}". Executing controller action with signature "System.Threading.Tasks.Task`1[Microsoft.AspNetCore.Mvc.IActionResult] CategoryTable()" on controller "Forum.Controllers.CategoryController" ("Forum").
2023-10-23 22:51:26.163 +02:00 [Information] Executing action method "Forum.Controllers.CategoryController.CategoryTable (Forum)" - Validation state: Valid
2023-10-23 22:51:26.228 +02:00 [Information] Executed action method "Forum.Controllers.CategoryController.CategoryTable (Forum)", returned result "Microsoft.AspNetCore.Mvc.ViewResult" in 64.6806ms.
2023-10-23 22:51:26.230 +02:00 [Information] Executing ViewResult, running view "CategoryTable".
2023-10-23 22:51:26.283 +02:00 [Information] Executed ViewResult - view "CategoryTable" executed in 54.8703ms.
2023-10-23 22:51:26.284 +02:00 [Information] Executed action "Forum.Controllers.CategoryController.CategoryTable (Forum)" in 159.3132ms
2023-10-23 22:51:26.284 +02:00 [Information] Executed endpoint '"Forum.Controllers.CategoryController.CategoryTable (Forum)"'
2023-10-23 22:51:26.287 +02:00 [Information] Request finished HTTP/2 GET https://localhost:7205/Category/CategoryTable - - - 200 - text/html;+charset=utf-8 174.6871ms
2023-10-23 22:51:26.290 +02:00 [Information] Request starting HTTP/2 GET https://localhost:7205/Category/style.css - -
2023-10-23 22:51:26.290 +02:00 [Information] Request starting HTTP/2 GET https://localhost:7205/lib/bootstrap/css/crtstyle.css - -
2023-10-23 22:51:26.290 +02:00 [Information] Request starting HTTP/2 GET https://localhost:7205/_framework/aspnetcore-browser-refresh.js - -
2023-10-23 22:51:26.291 +02:00 [Information] Request finished HTTP/2 GET https://localhost:7205/_framework/aspnetcore-browser-refresh.js - - - 200 12342 application/javascript;+charset=utf-8 0.5526ms
2023-10-23 22:51:26.294 +02:00 [Information] Request finished HTTP/2 GET https://localhost:7205/Category/style.css - - - 404 0 - 4.0619ms
2023-10-23 22:51:26.296 +02:00 [Information] Request starting HTTP/2 GET https://localhost:7205/_vs/browserLink - -
2023-10-23 22:51:26.318 +02:00 [Information] The file "/lib/bootstrap/css/crtstyle.css" was not modified
2023-10-23 22:51:26.320 +02:00 [Information] Request finished HTTP/2 GET https://localhost:7205/lib/bootstrap/css/crtstyle.css - - - 304 - text/css 30.8981ms
2023-10-23 22:51:26.330 +02:00 [Information] Request finished HTTP/2 GET https://localhost:7205/_vs/browserLink - - - 200 - text/javascript;+charset=UTF-8 33.3072ms
2023-10-23 22:51:27.811 +02:00 [Information] Request starting HTTP/2 GET https://localhost:7205/Room/RoomTable - -
2023-10-23 22:51:27.812 +02:00 [Information] Executing endpoint '"Forum.Controllers.RoomController.RoomTable (Forum)"'
2023-10-23 22:51:27.816 +02:00 [Information] Route matched with "{action = \"RoomTable\", controller = \"Room\", page = \"\", area = \"\"}". Executing controller action with signature "System.Threading.Tasks.Task`1[Microsoft.AspNetCore.Mvc.IActionResult] RoomTable()" on controller "Forum.Controllers.RoomController" ("Forum").
2023-10-23 22:51:27.847 +02:00 [Information] Executing action method "Forum.Controllers.RoomController.RoomTable (Forum)" - Validation state: Valid
2023-10-23 22:51:27.884 +02:00 [Information] Executed action method "Forum.Controllers.RoomController.RoomTable (Forum)", returned result "Microsoft.AspNetCore.Mvc.ViewResult" in 36.3742ms.
2023-10-23 22:51:27.885 +02:00 [Information] Executing ViewResult, running view "RoomTable".
2023-10-23 22:51:27.919 +02:00 [Information] Executed ViewResult - view "RoomTable" executed in 35.0507ms.
2023-10-23 22:51:27.921 +02:00 [Information] Executed action "Forum.Controllers.RoomController.RoomTable (Forum)" in 104.4315ms
2023-10-23 22:51:27.921 +02:00 [Information] Executed endpoint '"Forum.Controllers.RoomController.RoomTable (Forum)"'
2023-10-23 22:51:27.923 +02:00 [Information] Request finished HTTP/2 GET https://localhost:7205/Room/RoomTable - - - 200 - text/html;+charset=utf-8 112.5552ms
2023-10-23 22:51:27.926 +02:00 [Information] Request starting HTTP/2 GET https://localhost:7205/lib/bootstrap/css/crtstyle.css - -
2023-10-23 22:51:27.926 +02:00 [Information] Request starting HTTP/2 GET https://localhost:7205/Room/style.css - -
2023-10-23 22:51:27.926 +02:00 [Information] Request starting HTTP/2 GET https://localhost:7205/_framework/aspnetcore-browser-refresh.js - -
2023-10-23 22:51:27.926 +02:00 [Information] The file "/lib/bootstrap/css/crtstyle.css" was not modified
2023-10-23 22:51:27.927 +02:00 [Information] Request finished HTTP/2 GET https://localhost:7205/_framework/aspnetcore-browser-refresh.js - - - 200 12342 application/javascript;+charset=utf-8 0.5878ms
2023-10-23 22:51:27.927 +02:00 [Information] Request finished HTTP/2 GET https://localhost:7205/lib/bootstrap/css/crtstyle.css - - - 304 - text/css 1.1135ms
2023-10-23 22:51:27.929 +02:00 [Information] Request finished HTTP/2 GET https://localhost:7205/Room/style.css - - - 404 0 - 2.9627ms
2023-10-23 22:51:27.930 +02:00 [Information] Request starting HTTP/2 GET https://localhost:7205/_vs/browserLink - -
2023-10-23 22:51:27.945 +02:00 [Information] Request finished HTTP/2 GET https://localhost:7205/_vs/browserLink - - - 200 - text/javascript;+charset=UTF-8 15.1490ms
2023-10-23 22:51:28.860 +02:00 [Information] Request starting HTTP/2 GET https://localhost:7205/Topic/TopicTable - -
2023-10-23 22:51:28.861 +02:00 [Information] Executing endpoint '"Forum.Controllers.TopicController.TopicTable (Forum)"'
2023-10-23 22:51:28.866 +02:00 [Information] Route matched with "{action = \"TopicTable\", controller = \"Topic\", page = \"\", area = \"\"}". Executing controller action with signature "System.Threading.Tasks.Task`1[Microsoft.AspNetCore.Mvc.IActionResult] TopicTable()" on controller "Forum.Controllers.TopicController" ("Forum").
2023-10-23 22:51:28.899 +02:00 [Information] Executing action method "Forum.Controllers.TopicController.TopicTable (Forum)" - Validation state: Valid
2023-10-23 22:51:28.950 +02:00 [Information] Executed action method "Forum.Controllers.TopicController.TopicTable (Forum)", returned result "Microsoft.AspNetCore.Mvc.ViewResult" in 50.8205ms.
2023-10-23 22:51:28.951 +02:00 [Information] Executing ViewResult, running view "TopicTable".
2023-10-23 22:51:28.994 +02:00 [Information] Executed ViewResult - view "TopicTable" executed in 44.6509ms.
2023-10-23 22:51:28.995 +02:00 [Information] Executed action "Forum.Controllers.TopicController.TopicTable (Forum)" in 128.0858ms
2023-10-23 22:51:28.995 +02:00 [Information] Executed endpoint '"Forum.Controllers.TopicController.TopicTable (Forum)"'
2023-10-23 22:51:28.996 +02:00 [Information] Request finished HTTP/2 GET https://localhost:7205/Topic/TopicTable - - - 200 - text/html;+charset=utf-8 135.7178ms
2023-10-23 22:51:28.999 +02:00 [Information] Request starting HTTP/2 GET https://localhost:7205/Topic/style.css - -
2023-10-23 22:51:28.999 +02:00 [Information] Request starting HTTP/2 GET https://localhost:7205/_framework/aspnetcore-browser-refresh.js - -
2023-10-23 22:51:28.999 +02:00 [Information] Request starting HTTP/2 GET https://localhost:7205/_vs/browserLink - -
2023-10-23 22:51:28.999 +02:00 [Information] Request finished HTTP/2 GET https://localhost:7205/_framework/aspnetcore-browser-refresh.js - - - 200 12342 application/javascript;+charset=utf-8 0.5168ms
2023-10-23 22:51:29.003 +02:00 [Information] Request finished HTTP/2 GET https://localhost:7205/Topic/style.css - - - 404 0 - 4.7757ms
2023-10-23 22:51:29.004 +02:00 [Information] Request finished HTTP/2 GET https://localhost:7205/_vs/browserLink - - - 200 - text/javascript;+charset=UTF-8 4.7057ms
2023-10-23 22:51:30.009 +02:00 [Information] Request starting HTTP/2 GET https://localhost:7205/Category/CategoryTable - -
2023-10-23 22:51:30.010 +02:00 [Information] Executing endpoint '"Forum.Controllers.CategoryController.CategoryTable (Forum)"'
2023-10-23 22:51:30.010 +02:00 [Information] Route matched with "{action = \"CategoryTable\", controller = \"Category\", page = \"\", area = \"\"}". Executing controller action with signature "System.Threading.Tasks.Task`1[Microsoft.AspNetCore.Mvc.IActionResult] CategoryTable()" on controller "Forum.Controllers.CategoryController" ("Forum").
2023-10-23 22:51:30.041 +02:00 [Information] Executing action method "Forum.Controllers.CategoryController.CategoryTable (Forum)" - Validation state: Valid
2023-10-23 22:51:30.048 +02:00 [Information] Executed action method "Forum.Controllers.CategoryController.CategoryTable (Forum)", returned result "Microsoft.AspNetCore.Mvc.ViewResult" in 7.1239ms.
2023-10-23 22:51:30.049 +02:00 [Information] Executing ViewResult, running view "CategoryTable".
2023-10-23 22:51:30.057 +02:00 [Information] Executed ViewResult - view "CategoryTable" executed in 8.4198ms.
2023-10-23 22:51:30.057 +02:00 [Information] Executed action "Forum.Controllers.CategoryController.CategoryTable (Forum)" in 47.2482ms
2023-10-23 22:51:30.057 +02:00 [Information] Executed endpoint '"Forum.Controllers.CategoryController.CategoryTable (Forum)"'
2023-10-23 22:51:30.060 +02:00 [Information] Request finished HTTP/2 GET https://localhost:7205/Category/CategoryTable - - - 200 - text/html;+charset=utf-8 51.1471ms
2023-10-23 22:51:30.063 +02:00 [Information] Request starting HTTP/2 GET https://localhost:7205/Category/style.css - -
2023-10-23 22:51:30.063 +02:00 [Information] Request starting HTTP/2 GET https://localhost:7205/lib/bootstrap/css/crtstyle.css - -
2023-10-23 22:51:30.063 +02:00 [Information] Request starting HTTP/2 GET https://localhost:7205/_framework/aspnetcore-browser-refresh.js - -
2023-10-23 22:51:30.063 +02:00 [Information] The file "/lib/bootstrap/css/crtstyle.css" was not modified
2023-10-23 22:51:30.063 +02:00 [Information] Request finished HTTP/2 GET https://localhost:7205/lib/bootstrap/css/crtstyle.css - - - 304 - text/css 0.9505ms
2023-10-23 22:51:30.063 +02:00 [Information] Request finished HTTP/2 GET https://localhost:7205/_framework/aspnetcore-browser-refresh.js - - - 200 12342 application/javascript;+charset=utf-8 0.7212ms
2023-10-23 22:51:30.063 +02:00 [Information] Request finished HTTP/2 GET https://localhost:7205/Category/style.css - - - 404 0 - 0.9068ms
2023-10-23 22:51:30.069 +02:00 [Information] Request starting HTTP/2 GET https://localhost:7205/_vs/browserLink - -
2023-10-23 22:51:30.074 +02:00 [Information] Request finished HTTP/2 GET https://localhost:7205/_vs/browserLink - - - 200 - text/javascript;+charset=UTF-8 4.7836ms
2023-10-23 22:51:32.763 +02:00 [Information] Request starting HTTP/2 GET https://localhost:7205/Category/CategoryGrid - -
2023-10-23 22:51:32.764 +02:00 [Information] Executing endpoint '"Forum.Controllers.CategoryController.CategoryGrid (Forum)"'
2023-10-23 22:51:32.769 +02:00 [Information] Route matched with "{action = \"CategoryGrid\", controller = \"Category\", page = \"\", area = \"\"}". Executing controller action with signature "System.Threading.Tasks.Task`1[Microsoft.AspNetCore.Mvc.IActionResult] CategoryGrid()" on controller "Forum.Controllers.CategoryController" ("Forum").
2023-10-23 22:51:32.809 +02:00 [Information] Executing action method "Forum.Controllers.CategoryController.CategoryGrid (Forum)" - Validation state: Valid
2023-10-23 22:51:32.819 +02:00 [Information] Executed action method "Forum.Controllers.CategoryController.CategoryGrid (Forum)", returned result "Microsoft.AspNetCore.Mvc.ViewResult" in 9.3173ms.
2023-10-23 22:51:32.820 +02:00 [Information] Executing ViewResult, running view "CategoryGrid".
2023-10-23 22:51:32.840 +02:00 [Information] Executed ViewResult - view "CategoryGrid" executed in 20.9124ms.
2023-10-23 22:51:32.840 +02:00 [Information] Executed action "Forum.Controllers.CategoryController.CategoryGrid (Forum)" in 70.6481ms
2023-10-23 22:51:32.840 +02:00 [Information] Executed endpoint '"Forum.Controllers.CategoryController.CategoryGrid (Forum)"'
2023-10-23 22:51:32.843 +02:00 [Information] Request finished HTTP/2 GET https://localhost:7205/Category/CategoryGrid - - - 200 - text/html;+charset=utf-8 79.3028ms
2023-10-23 22:51:32.846 +02:00 [Information] Request starting HTTP/2 GET https://localhost:7205/images/category_1.jpg - -
2023-10-23 22:51:32.846 +02:00 [Information] Request starting HTTP/2 GET https://localhost:7205/images/category_2.jpg - -
2023-10-23 22:51:32.846 +02:00 [Information] Request starting HTTP/2 GET https://localhost:7205/lib/bootstrap/css/crtstyle.css - -
2023-10-23 22:51:32.846 +02:00 [Information] Request starting HTTP/2 GET https://localhost:7205/Category/style.css - -
2023-10-23 22:51:32.847 +02:00 [Information] The file "/lib/bootstrap/css/crtstyle.css" was not modified
2023-10-23 22:51:32.847 +02:00 [Information] Request finished HTTP/2 GET https://localhost:7205/lib/bootstrap/css/crtstyle.css - - - 304 - text/css 1.3225ms
2023-10-23 22:51:32.847 +02:00 [Information] Request finished HTTP/2 GET https://localhost:7205/Category/style.css - - - 404 0 - 1.0340ms
2023-10-23 22:51:32.855 +02:00 [Information] Request starting HTTP/2 GET https://localhost:7205/_framework/aspnetcore-browser-refresh.js - -
2023-10-23 22:51:32.855 +02:00 [Information] Request starting HTTP/2 GET https://localhost:7205/images/category_5.jpg - -
2023-10-23 22:51:32.855 +02:00 [Information] Request starting HTTP/2 GET https://localhost:7205/images/category_7.jpg - -
2023-10-23 22:51:32.855 +02:00 [Information] Request starting HTTP/2 GET https://localhost:7205/images/category_4.jpg - -
2023-10-23 22:51:32.855 +02:00 [Information] Request starting HTTP/2 GET https://localhost:7205/images/category_6.jpg - -
2023-10-23 22:51:32.854 +02:00 [Information] Request starting HTTP/2 GET https://localhost:7205/images/category_3.jpg - -
2023-10-23 22:51:32.856 +02:00 [Information] Request starting HTTP/2 GET https://localhost:7205/images/category_8.jpg - -
2023-10-23 22:51:32.856 +02:00 [Information] Request finished HTTP/2 GET https://localhost:7205/_framework/aspnetcore-browser-refresh.js - - - 200 12342 application/javascript;+charset=utf-8 1.4329ms
2023-10-23 22:51:32.857 +02:00 [Information] Request starting HTTP/2 GET https://localhost:7205/_vs/browserLink - -
2023-10-23 22:51:32.909 +02:00 [Information] Sending file. Request path: '"/images/category_7.jpg"'. Physical path: '"C:\Users\latif\source\repos\PROJECT_1WEB\Forum\MyShop\wwwroot\images\Category_7.jpg"'
2023-10-23 22:51:32.909 +02:00 [Information] Sending file. Request path: '"/images/category_4.jpg"'. Physical path: '"C:\Users\latif\source\repos\PROJECT_1WEB\Forum\MyShop\wwwroot\images\Category_4.jpg"'
2023-10-23 22:51:32.912 +02:00 [Information] Sending file. Request path: '"/images/category_6.jpg"'. Physical path: '"C:\Users\latif\source\repos\PROJECT_1WEB\Forum\MyShop\wwwroot\images\Category_6.jpg"'
2023-10-23 22:51:32.912 +02:00 [Information] Sending file. Request path: '"/images/category_5.jpg"'. Physical path: '"C:\Users\latif\source\repos\PROJECT_1WEB\Forum\MyShop\wwwroot\images\category_5.jpg"'
2023-10-23 22:51:32.912 +02:00 [Information] Request finished HTTP/2 GET https://localhost:7205/images/category_5.jpg - - - 200 44604 image/jpeg 57.8656ms
2023-10-23 22:51:32.912 +02:00 [Information] Request finished HTTP/2 GET https://localhost:7205/_vs/browserLink - - - 200 - text/javascript;+charset=UTF-8 55.6693ms
2023-10-23 22:51:32.913 +02:00 [Information] Sending file. Request path: '"/images/category_8.jpg"'. Physical path: '"C:\Users\latif\source\repos\PROJECT_1WEB\Forum\MyShop\wwwroot\images\Category_8.jpg"'
2023-10-23 22:51:32.913 +02:00 [Information] Request finished HTTP/2 GET https://localhost:7205/images/category_8.jpg - - - 200 23077 image/jpeg 56.9317ms
2023-10-23 22:51:32.916 +02:00 [Information] Request finished HTTP/2 GET https://localhost:7205/images/category_4.jpg - - - 200 20311 image/jpeg 61.2764ms
2023-10-23 22:51:32.916 +02:00 [Information] Request finished HTTP/2 GET https://localhost:7205/images/category_7.jpg - - - 200 28860 image/jpeg 60.7116ms
2023-10-23 22:51:32.918 +02:00 [Information] Request finished HTTP/2 GET https://localhost:7205/images/category_6.jpg - - - 200 21828 image/jpeg 62.8972ms
2023-10-23 22:51:32.920 +02:00 [Information] Sending file. Request path: '"/images/category_2.jpg"'. Physical path: '"C:\Users\latif\source\repos\PROJECT_1WEB\Forum\MyShop\wwwroot\images\Category_2.jpg"'
2023-10-23 22:51:32.920 +02:00 [Information] Request finished HTTP/2 GET https://localhost:7205/images/category_2.jpg - - - 200 72605 image/jpeg 73.7350ms
2023-10-23 22:51:32.921 +02:00 [Information] Sending file. Request path: '"/images/category_1.jpg"'. Physical path: '"C:\Users\latif\source\repos\PROJECT_1WEB\Forum\MyShop\wwwroot\images\Category_1.jpg"'
2023-10-23 22:51:32.921 +02:00 [Information] Request finished HTTP/2 GET https://localhost:7205/images/category_1.jpg - - - 200 91306 image/jpeg 74.9978ms
2023-10-23 22:51:32.924 +02:00 [Information] Sending file. Request path: '"/images/category_3.jpg"'. Physical path: '"C:\Users\latif\source\repos\PROJECT_1WEB\Forum\MyShop\wwwroot\images\Category_3.jpg"'
2023-10-23 22:51:32.925 +02:00 [Information] Request finished HTTP/2 GET https://localhost:7205/images/category_3.jpg - - - 200 80924 image/jpeg 70.5101ms
2023-10-23 22:51:37.797 +02:00 [Information] Request starting HTTP/2 GET https://localhost:7205/Identity/Account/Login - -
2023-10-23 22:51:37.799 +02:00 [Information] Executing endpoint '"/Account/Login"'
2023-10-23 22:51:37.840 +02:00 [Information] Route matched with "{page = \"/Account/Login\", area = \"Identity\", action = \"\", controller = \"\"}". Executing page "/Account/Login"
2023-10-23 22:51:37.877 +02:00 [Information] Executing handler method "Forum.Areas.Identity.Pages.Account.LoginModel.OnGetAsync" - ModelState is Valid
2023-10-23 22:51:37.893 +02:00 [Information] AuthenticationScheme: "Identity.External" signed out.
2023-10-23 22:51:37.896 +02:00 [Information] Executed handler method "OnGetAsync", returned result "".
2023-10-23 22:51:37.908 +02:00 [Information] Executing an implicit handler method - ModelState is Valid
2023-10-23 22:51:37.909 +02:00 [Information] Executed an implicit handler method, returned result "Microsoft.AspNetCore.Mvc.RazorPages.PageResult".
2023-10-23 22:51:38.032 +02:00 [Information] Executed page "/Account/Login" in 191.56ms
2023-10-23 22:51:38.032 +02:00 [Information] Executed endpoint '"/Account/Login"'
2023-10-23 22:51:38.035 +02:00 [Information] Request finished HTTP/2 GET https://localhost:7205/Identity/Account/Login - - - 200 - text/html;+charset=utf-8 237.3952ms
2023-10-23 22:51:38.037 +02:00 [Information] Request starting HTTP/2 GET https://localhost:7205/lib/bootstrap/css/crtstyle.css - -
2023-10-23 22:51:38.038 +02:00 [Information] Request starting HTTP/2 GET https://localhost:7205/Identity/Account/style.css - -
2023-10-23 22:51:38.038 +02:00 [Information] Request starting HTTP/2 GET https://localhost:7205/Identity/lib/jquery-validation/dist/jquery.validate.js - -
2023-10-23 22:51:38.038 +02:00 [Information] The file "/lib/bootstrap/css/crtstyle.css" was not modified
2023-10-23 22:51:38.038 +02:00 [Information] Request starting HTTP/2 GET https://localhost:7205/Identity/lib/jquery-validation-unobtrusive/jquery.validate.unobtrusive.js - -
2023-10-23 22:51:38.038 +02:00 [Information] Request starting HTTP/2 GET https://localhost:7205/_framework/aspnetcore-browser-refresh.js - -
2023-10-23 22:51:38.039 +02:00 [Information] Request finished HTTP/2 GET https://localhost:7205/lib/bootstrap/css/crtstyle.css - - - 304 - text/css 1.9172ms
2023-10-23 22:51:38.039 +02:00 [Information] Request finished HTTP/2 GET https://localhost:7205/_framework/aspnetcore-browser-refresh.js - - - 200 12342 application/javascript;+charset=utf-8 0.6518ms
2023-10-23 22:51:38.045 +02:00 [Information] Request starting HTTP/2 GET https://localhost:7205/_vs/browserLink - -
2023-10-23 22:51:38.047 +02:00 [Information] Request finished HTTP/2 GET https://localhost:7205/Identity/Account/style.css - - - 404 0 - 9.6111ms
2023-10-23 22:51:38.050 +02:00 [Information] Request finished HTTP/2 GET https://localhost:7205/_vs/browserLink - - - 200 - text/javascript;+charset=UTF-8 5.0024ms
2023-10-23 22:51:38.076 +02:00 [Information] Sending file. Request path: '"/Identity/lib/jquery-validation-unobtrusive/jquery.validate.unobtrusive.js"'. Physical path: '"C:\Users\latif\.nuget\packages\microsoft.aspnetcore.identity.ui\6.0.20\staticwebassets\V5\lib\jquery-validation-unobtrusive\jquery.validate.unobtrusive.js"'
2023-10-23 22:51:38.076 +02:00 [Information] Request finished HTTP/2 GET https://localhost:7205/Identity/lib/jquery-validation-unobtrusive/jquery.validate.unobtrusive.js - - - 200 19366 application/javascript 37.5837ms
2023-10-23 22:51:38.088 +02:00 [Information] Sending file. Request path: '"/Identity/lib/jquery-validation/dist/jquery.validate.js"'. Physical path: '"C:\Users\latif\.nuget\packages\microsoft.aspnetcore.identity.ui\6.0.20\staticwebassets\V5\lib\jquery-validation\dist\jquery.validate.js"'
2023-10-23 22:51:38.088 +02:00 [Information] Request finished HTTP/2 GET https://localhost:7205/Identity/lib/jquery-validation/dist/jquery.validate.js - - - 200 48676 application/javascript 49.8657ms
2023-10-23 22:51:40.172 +02:00 [Information] Request starting HTTP/2 POST https://localhost:7205/Identity/Account/Login application/x-www-form-urlencoded 280
2023-10-23 22:51:40.173 +02:00 [Information] Executing endpoint '"/Account/Login"'
2023-10-23 22:51:40.173 +02:00 [Information] Route matched with "{page = \"/Account/Login\", area = \"Identity\", action = \"\", controller = \"\"}". Executing page "/Account/Login"
2023-10-23 22:51:40.232 +02:00 [Information] Executing handler method "Forum.Areas.Identity.Pages.Account.LoginModel.OnPostAsync" - ModelState is Valid
2023-10-23 22:51:40.596 +02:00 [Information] AuthenticationScheme: "Identity.Application" signed in.
2023-10-23 22:51:40.602 +02:00 [Information] User logged in.
2023-10-23 22:51:40.603 +02:00 [Information] Executed handler method "OnPostAsync", returned result "Microsoft.AspNetCore.Mvc.LocalRedirectResult".
2023-10-23 22:51:40.604 +02:00 [Information] Executing LocalRedirectResult, redirecting to "/".
2023-10-23 22:51:40.605 +02:00 [Information] Executed page "/Account/Login" in 431.234ms
2023-10-23 22:51:40.605 +02:00 [Information] Executed endpoint '"/Account/Login"'
2023-10-23 22:51:40.605 +02:00 [Information] Request finished HTTP/2 POST https://localhost:7205/Identity/Account/Login application/x-www-form-urlencoded 280 - 302 0 - 433.7116ms
2023-10-23 22:51:40.609 +02:00 [Information] Request starting HTTP/2 GET https://localhost:7205/ - -
2023-10-23 22:51:40.622 +02:00 [Information] Executing endpoint '"Forum.Controllers.HomeController.Index (Forum)"'
2023-10-23 22:51:40.622 +02:00 [Information] Route matched with "{action = \"Index\", controller = \"Home\", page = \"\", area = \"\"}". Executing controller action with signature "Microsoft.AspNetCore.Mvc.IActionResult Index()" on controller "Forum.Controllers.HomeController" ("Forum").
2023-10-23 22:51:40.654 +02:00 [Information] Executing action method "Forum.Controllers.HomeController.Index (Forum)" - Validation state: Valid
2023-10-23 22:51:40.655 +02:00 [Information] Executed action method "Forum.Controllers.HomeController.Index (Forum)", returned result "Microsoft.AspNetCore.Mvc.ViewResult" in 0.0244ms.
2023-10-23 22:51:40.655 +02:00 [Information] Executing ViewResult, running view "Index".
2023-10-23 22:51:40.680 +02:00 [Information] Executed ViewResult - view "Index" executed in 25.4383ms.
2023-10-23 22:51:40.681 +02:00 [Information] Executed action "Forum.Controllers.HomeController.Index (Forum)" in 58.257ms
2023-10-23 22:51:40.681 +02:00 [Information] Executed endpoint '"Forum.Controllers.HomeController.Index (Forum)"'
2023-10-23 22:51:40.684 +02:00 [Information] Request finished HTTP/2 GET https://localhost:7205/ - - - 200 - text/html;+charset=utf-8 75.3004ms
2023-10-23 22:51:40.687 +02:00 [Information] Request starting HTTP/2 GET https://localhost:7205/lib/bootstrap/css/crtstyle.css - -
2023-10-23 22:51:40.687 +02:00 [Information] Request starting HTTP/2 GET https://localhost:7205/style.css - -
2023-10-23 22:51:40.687 +02:00 [Information] Request starting HTTP/2 GET https://localhost:7205/_framework/aspnetcore-browser-refresh.js - -
2023-10-23 22:51:40.687 +02:00 [Information] The file "/lib/bootstrap/css/crtstyle.css" was not modified
2023-10-23 22:51:40.687 +02:00 [Information] Request finished HTTP/2 GET https://localhost:7205/_framework/aspnetcore-browser-refresh.js - - - 200 12342 application/javascript;+charset=utf-8 0.2174ms
2023-10-23 22:51:40.687 +02:00 [Information] Request finished HTTP/2 GET https://localhost:7205/lib/bootstrap/css/crtstyle.css - - - 304 - text/css 0.7398ms
2023-10-23 22:51:40.694 +02:00 [Information] Request starting HTTP/2 GET https://localhost:7205/_vs/browserLink - -
2023-10-23 22:51:40.694 +02:00 [Information] Request finished HTTP/2 GET https://localhost:7205/style.css - - - 404 0 - 7.4524ms
2023-10-23 22:51:40.698 +02:00 [Information] Request finished HTTP/2 GET https://localhost:7205/_vs/browserLink - - - 200 - text/javascript;+charset=UTF-8 3.4864ms
2023-10-23 22:51:42.455 +02:00 [Information] Request starting HTTP/2 GET https://localhost:7205/Category/CategoryTable - -
2023-10-23 22:51:42.464 +02:00 [Information] Executing endpoint '"Forum.Controllers.CategoryController.CategoryTable (Forum)"'
2023-10-23 22:51:42.464 +02:00 [Information] Route matched with "{action = \"CategoryTable\", controller = \"Category\", page = \"\", area = \"\"}". Executing controller action with signature "System.Threading.Tasks.Task`1[Microsoft.AspNetCore.Mvc.IActionResult] CategoryTable()" on controller "Forum.Controllers.CategoryController" ("Forum").
2023-10-23 22:51:42.493 +02:00 [Information] Executing action method "Forum.Controllers.CategoryController.CategoryTable (Forum)" - Validation state: Valid
2023-10-23 22:51:42.498 +02:00 [Information] Executed action method "Forum.Controllers.CategoryController.CategoryTable (Forum)", returned result "Microsoft.AspNetCore.Mvc.ViewResult" in 4.8836ms.
2023-10-23 22:51:42.498 +02:00 [Information] Executing ViewResult, running view "CategoryTable".
2023-10-23 22:51:42.510 +02:00 [Information] Executed ViewResult - view "CategoryTable" executed in 12.7606ms.
2023-10-23 22:51:42.511 +02:00 [Information] Executed action "Forum.Controllers.CategoryController.CategoryTable (Forum)" in 46.7882ms
2023-10-23 22:51:42.511 +02:00 [Information] Executed endpoint '"Forum.Controllers.CategoryController.CategoryTable (Forum)"'
2023-10-23 22:51:42.513 +02:00 [Information] Request finished HTTP/2 GET https://localhost:7205/Category/CategoryTable - - - 200 - text/html;+charset=utf-8 58.4042ms
2023-10-23 22:51:42.517 +02:00 [Information] Request starting HTTP/2 GET https://localhost:7205/Category/style.css - -
2023-10-23 22:51:42.517 +02:00 [Information] Request starting HTTP/2 GET https://localhost:7205/_vs/browserLink - -
2023-10-23 22:51:42.517 +02:00 [Information] Request starting HTTP/2 GET https://localhost:7205/_framework/aspnetcore-browser-refresh.js - -
2023-10-23 22:51:42.517 +02:00 [Information] Request finished HTTP/2 GET https://localhost:7205/_framework/aspnetcore-browser-refresh.js - - - 200 12342 application/javascript;+charset=utf-8 0.7966ms
2023-10-23 22:51:42.522 +02:00 [Information] Request finished HTTP/2 GET https://localhost:7205/_vs/browserLink - - - 200 - text/javascript;+charset=UTF-8 4.0572ms
2023-10-23 22:51:42.524 +02:00 [Information] Request finished HTTP/2 GET https://localhost:7205/Category/style.css - - - 404 0 - 7.1351ms
2023-10-23 22:51:43.614 +02:00 [Information] Request starting HTTP/2 GET https://localhost:7205/Room/RoomTable - -
2023-10-23 22:51:43.620 +02:00 [Information] Executing endpoint '"Forum.Controllers.RoomController.RoomTable (Forum)"'
2023-10-23 22:51:43.620 +02:00 [Information] Route matched with "{action = \"RoomTable\", controller = \"Room\", page = \"\", area = \"\"}". Executing controller action with signature "System.Threading.Tasks.Task`1[Microsoft.AspNetCore.Mvc.IActionResult] RoomTable()" on controller "Forum.Controllers.RoomController" ("Forum").
2023-10-23 22:51:43.650 +02:00 [Information] Executing action method "Forum.Controllers.RoomController.RoomTable (Forum)" - Validation state: Valid
2023-10-23 22:51:43.655 +02:00 [Information] Executed action method "Forum.Controllers.RoomController.RoomTable (Forum)", returned result "Microsoft.AspNetCore.Mvc.ViewResult" in 5.2348ms.
2023-10-23 22:51:43.656 +02:00 [Information] Executing ViewResult, running view "RoomTable".
2023-10-23 22:51:43.667 +02:00 [Information] Executed ViewResult - view "RoomTable" executed in 11.1374ms.
2023-10-23 22:51:43.667 +02:00 [Information] Executed action "Forum.Controllers.RoomController.RoomTable (Forum)" in 46.5369ms
2023-10-23 22:51:43.667 +02:00 [Information] Executed endpoint '"Forum.Controllers.RoomController.RoomTable (Forum)"'
2023-10-23 22:51:43.670 +02:00 [Information] Request finished HTTP/2 GET https://localhost:7205/Room/RoomTable - - - 200 - text/html;+charset=utf-8 56.2846ms
2023-10-23 22:51:43.673 +02:00 [Information] Request starting HTTP/2 GET https://localhost:7205/lib/bootstrap/css/crtstyle.css - -
2023-10-23 22:51:43.673 +02:00 [Information] Request starting HTTP/2 GET https://localhost:7205/_framework/aspnetcore-browser-refresh.js - -
2023-10-23 22:51:43.673 +02:00 [Information] Request starting HTTP/2 GET https://localhost:7205/Room/style.css - -
2023-10-23 22:51:43.674 +02:00 [Information] The file "/lib/bootstrap/css/crtstyle.css" was not modified
2023-10-23 22:51:43.674 +02:00 [Information] Request finished HTTP/2 GET https://localhost:7205/_framework/aspnetcore-browser-refresh.js - - - 200 12342 application/javascript;+charset=utf-8 0.7996ms
2023-10-23 22:51:43.674 +02:00 [Information] Request finished HTTP/2 GET https://localhost:7205/lib/bootstrap/css/crtstyle.css - - - 304 - text/css 1.7280ms
2023-10-23 22:51:43.679 +02:00 [Information] Request finished HTTP/2 GET https://localhost:7205/Room/style.css - - - 404 0 - 6.4325ms
2023-10-23 22:51:43.681 +02:00 [Information] Request starting HTTP/2 GET https://localhost:7205/_vs/browserLink - -
2023-10-23 22:51:43.685 +02:00 [Information] Request finished HTTP/2 GET https://localhost:7205/_vs/browserLink - - - 200 - text/javascript;+charset=UTF-8 4.6151ms
2023-10-23 22:51:44.754 +02:00 [Information] Request starting HTTP/2 GET https://localhost:7205/Topic/TopicTable - -
2023-10-23 22:51:44.760 +02:00 [Information] Executing endpoint '"Forum.Controllers.TopicController.TopicTable (Forum)"'
2023-10-23 22:51:44.760 +02:00 [Information] Route matched with "{action = \"TopicTable\", controller = \"Topic\", page = \"\", area = \"\"}". Executing controller action with signature "System.Threading.Tasks.Task`1[Microsoft.AspNetCore.Mvc.IActionResult] TopicTable()" on controller "Forum.Controllers.TopicController" ("Forum").
2023-10-23 22:51:44.791 +02:00 [Information] Executing action method "Forum.Controllers.TopicController.TopicTable (Forum)" - Validation state: Valid
2023-10-23 22:51:44.798 +02:00 [Information] Executed action method "Forum.Controllers.TopicController.TopicTable (Forum)", returned result "Microsoft.AspNetCore.Mvc.ViewResult" in 6.6867ms.
2023-10-23 22:51:44.798 +02:00 [Information] Executing ViewResult, running view "TopicTable".
2023-10-23 22:51:44.808 +02:00 [Information] Executed ViewResult - view "TopicTable" executed in 9.6651ms.
2023-10-23 22:51:44.808 +02:00 [Information] Executed action "Forum.Controllers.TopicController.TopicTable (Forum)" in 48.0358ms
2023-10-23 22:51:44.808 +02:00 [Information] Executed endpoint '"Forum.Controllers.TopicController.TopicTable (Forum)"'
2023-10-23 22:51:44.811 +02:00 [Information] Request finished HTTP/2 GET https://localhost:7205/Topic/TopicTable - - - 200 - text/html;+charset=utf-8 56.3193ms
2023-10-23 22:51:44.814 +02:00 [Information] Request starting HTTP/2 GET https://localhost:7205/_framework/aspnetcore-browser-refresh.js - -
2023-10-23 22:51:44.814 +02:00 [Information] Request starting HTTP/2 GET https://localhost:7205/Topic/style.css - -
2023-10-23 22:51:44.814 +02:00 [Information] Request starting HTTP/2 GET https://localhost:7205/_vs/browserLink - -
2023-10-23 22:51:44.814 +02:00 [Information] Request finished HTTP/2 GET https://localhost:7205/_framework/aspnetcore-browser-refresh.js - - - 200 12342 application/javascript;+charset=utf-8 0.8968ms
2023-10-23 22:51:44.821 +02:00 [Information] Request finished HTTP/2 GET https://localhost:7205/_vs/browserLink - - - 200 - text/javascript;+charset=UTF-8 7.5092ms
2023-10-23 22:51:44.821 +02:00 [Information] Request finished HTTP/2 GET https://localhost:7205/Topic/style.css - - - 404 0 - 7.7742ms
2023-10-23 22:51:50.037 +02:00 [Information] Request starting HTTP/2 GET https://localhost:7205/Room/RoomTable - -
2023-10-23 22:51:50.042 +02:00 [Information] Executing endpoint '"Forum.Controllers.RoomController.RoomTable (Forum)"'
2023-10-23 22:51:50.042 +02:00 [Information] Route matched with "{action = \"RoomTable\", controller = \"Room\", page = \"\", area = \"\"}". Executing controller action with signature "System.Threading.Tasks.Task`1[Microsoft.AspNetCore.Mvc.IActionResult] RoomTable()" on controller "Forum.Controllers.RoomController" ("Forum").
2023-10-23 22:51:50.067 +02:00 [Information] Executing action method "Forum.Controllers.RoomController.RoomTable (Forum)" - Validation state: Valid
2023-10-23 22:51:50.072 +02:00 [Information] Executed action method "Forum.Controllers.RoomController.RoomTable (Forum)", returned result "Microsoft.AspNetCore.Mvc.ViewResult" in 4.6106ms.
2023-10-23 22:51:50.072 +02:00 [Information] Executing ViewResult, running view "RoomTable".
2023-10-23 22:51:50.080 +02:00 [Information] Executed ViewResult - view "RoomTable" executed in 8.091ms.
2023-10-23 22:51:50.080 +02:00 [Information] Executed action "Forum.Controllers.RoomController.RoomTable (Forum)" in 38.4314ms
2023-10-23 22:51:50.080 +02:00 [Information] Executed endpoint '"Forum.Controllers.RoomController.RoomTable (Forum)"'
2023-10-23 22:51:50.082 +02:00 [Information] Request finished HTTP/2 GET https://localhost:7205/Room/RoomTable - - - 200 - text/html;+charset=utf-8 45.2674ms
2023-10-23 22:51:50.084 +02:00 [Information] Request starting HTTP/2 GET https://localhost:7205/lib/bootstrap/css/crtstyle.css - -
2023-10-23 22:51:50.085 +02:00 [Information] Request starting HTTP/2 GET https://localhost:7205/Room/style.css - -
2023-10-23 22:51:50.085 +02:00 [Information] Request starting HTTP/2 GET https://localhost:7205/_framework/aspnetcore-browser-refresh.js - -
2023-10-23 22:51:50.085 +02:00 [Information] The file "/lib/bootstrap/css/crtstyle.css" was not modified
2023-10-23 22:51:50.085 +02:00 [Information] Request finished HTTP/2 GET https://localhost:7205/_framework/aspnetcore-browser-refresh.js - - - 200 12342 application/javascript;+charset=utf-8 0.2266ms
2023-10-23 22:51:50.085 +02:00 [Information] Request finished HTTP/2 GET https://localhost:7205/lib/bootstrap/css/crtstyle.css - - - 304 - text/css 0.8607ms
2023-10-23 22:51:50.090 +02:00 [Information] Request starting HTTP/2 GET https://localhost:7205/_vs/browserLink - -
2023-10-23 22:51:50.090 +02:00 [Information] Request finished HTTP/2 GET https://localhost:7205/Room/style.css - - - 404 0 - 6.1033ms
2023-10-23 22:51:50.094 +02:00 [Information] Request finished HTTP/2 GET https://localhost:7205/_vs/browserLink - - - 200 - text/javascript;+charset=UTF-8 3.6262ms
2023-10-23 22:51:51.477 +02:00 [Information] Request starting HTTP/2 GET https://localhost:7205/Category/CategoryTable - -
2023-10-23 22:51:51.486 +02:00 [Information] Executing endpoint '"Forum.Controllers.CategoryController.CategoryTable (Forum)"'
2023-10-23 22:51:51.487 +02:00 [Information] Route matched with "{action = \"CategoryTable\", controller = \"Category\", page = \"\", area = \"\"}". Executing controller action with signature "System.Threading.Tasks.Task`1[Microsoft.AspNetCore.Mvc.IActionResult] CategoryTable()" on controller "Forum.Controllers.CategoryController" ("Forum").
2023-10-23 22:51:51.515 +02:00 [Information] Executing action method "Forum.Controllers.CategoryController.CategoryTable (Forum)" - Validation state: Valid
2023-10-23 22:51:51.521 +02:00 [Information] Executed action method "Forum.Controllers.CategoryController.CategoryTable (Forum)", returned result "Microsoft.AspNetCore.Mvc.ViewResult" in 6.0912ms.
2023-10-23 22:51:51.521 +02:00 [Information] Executing ViewResult, running view "CategoryTable".
2023-10-23 22:51:51.530 +02:00 [Information] Executed ViewResult - view "CategoryTable" executed in 8.789ms.
2023-10-23 22:51:51.530 +02:00 [Information] Executed action "Forum.Controllers.CategoryController.CategoryTable (Forum)" in 43.5328ms
2023-10-23 22:51:51.530 +02:00 [Information] Executed endpoint '"Forum.Controllers.CategoryController.CategoryTable (Forum)"'
2023-10-23 22:51:51.533 +02:00 [Information] Request finished HTTP/2 GET https://localhost:7205/Category/CategoryTable - - - 200 - text/html;+charset=utf-8 55.6074ms
2023-10-23 22:51:51.536 +02:00 [Information] Request starting HTTP/2 GET https://localhost:7205/Category/style.css - -
2023-10-23 22:51:51.536 +02:00 [Information] Request starting HTTP/2 GET https://localhost:7205/_vs/browserLink - -
2023-10-23 22:51:51.536 +02:00 [Information] Request starting HTTP/2 GET https://localhost:7205/_framework/aspnetcore-browser-refresh.js - -
2023-10-23 22:51:51.537 +02:00 [Information] Request finished HTTP/2 GET https://localhost:7205/_framework/aspnetcore-browser-refresh.js - - - 200 12342 application/javascript;+charset=utf-8 1.0557ms
2023-10-23 22:51:51.544 +02:00 [Information] Request finished HTTP/2 GET https://localhost:7205/Category/style.css - - - 404 0 - 8.2390ms
2023-10-23 22:51:51.544 +02:00 [Information] Request finished HTTP/2 GET https://localhost:7205/_vs/browserLink - - - 200 - text/javascript;+charset=UTF-8 8.2439ms
2023-10-23 22:51:52.995 +02:00 [Information] Request starting HTTP/2 GET https://localhost:7205/Room/RoomTable - -
2023-10-23 22:51:53.006 +02:00 [Information] Executing endpoint '"Forum.Controllers.RoomController.RoomTable (Forum)"'
2023-10-23 22:51:53.006 +02:00 [Information] Route matched with "{action = \"RoomTable\", controller = \"Room\", page = \"\", area = \"\"}". Executing controller action with signature "System.Threading.Tasks.Task`1[Microsoft.AspNetCore.Mvc.IActionResult] RoomTable()" on controller "Forum.Controllers.RoomController" ("Forum").
2023-10-23 22:51:53.035 +02:00 [Information] Executing action method "Forum.Controllers.RoomController.RoomTable (Forum)" - Validation state: Valid
2023-10-23 22:51:53.042 +02:00 [Information] Executed action method "Forum.Controllers.RoomController.RoomTable (Forum)", returned result "Microsoft.AspNetCore.Mvc.ViewResult" in 7.4723ms.
2023-10-23 22:51:53.043 +02:00 [Information] Executing ViewResult, running view "RoomTable".
2023-10-23 22:51:53.051 +02:00 [Information] Executed ViewResult - view "RoomTable" executed in 8.3838ms.
2023-10-23 22:51:53.051 +02:00 [Information] Executed action "Forum.Controllers.RoomController.RoomTable (Forum)" in 45.0074ms
2023-10-23 22:51:53.051 +02:00 [Information] Executed endpoint '"Forum.Controllers.RoomController.RoomTable (Forum)"'
2023-10-23 22:51:53.054 +02:00 [Information] Request finished HTTP/2 GET https://localhost:7205/Room/RoomTable - - - 200 - text/html;+charset=utf-8 58.7289ms
2023-10-23 22:51:53.057 +02:00 [Information] Request starting HTTP/2 GET https://localhost:7205/_vs/browserLink - -
2023-10-23 22:51:53.057 +02:00 [Information] Request starting HTTP/2 GET https://localhost:7205/Room/style.css - -
2023-10-23 22:51:53.057 +02:00 [Information] Request starting HTTP/2 GET https://localhost:7205/_framework/aspnetcore-browser-refresh.js - -
2023-10-23 22:51:53.057 +02:00 [Information] Request finished HTTP/2 GET https://localhost:7205/_framework/aspnetcore-browser-refresh.js - - - 200 12342 application/javascript;+charset=utf-8 0.7716ms
2023-10-23 22:51:53.075 +02:00 [Information] Request finished HTTP/2 GET https://localhost:7205/Room/style.css - - - 404 0 - 17.9938ms
2023-10-23 22:51:53.079 +02:00 [Information] Request finished HTTP/2 GET https://localhost:7205/_vs/browserLink - - - 200 - text/javascript;+charset=UTF-8 22.5359ms
2023-10-23 22:51:54.556 +02:00 [Information] Request starting HTTP/2 GET https://localhost:7205/Topic/TopicTable - -
2023-10-23 22:51:54.562 +02:00 [Information] Executing endpoint '"Forum.Controllers.TopicController.TopicTable (Forum)"'
2023-10-23 22:51:54.563 +02:00 [Information] Route matched with "{action = \"TopicTable\", controller = \"Topic\", page = \"\", area = \"\"}". Executing controller action with signature "System.Threading.Tasks.Task`1[Microsoft.AspNetCore.Mvc.IActionResult] TopicTable()" on controller "Forum.Controllers.TopicController" ("Forum").
2023-10-23 22:51:54.591 +02:00 [Information] Executing action method "Forum.Controllers.TopicController.TopicTable (Forum)" - Validation state: Valid
2023-10-23 22:51:54.600 +02:00 [Information] Executed action method "Forum.Controllers.TopicController.TopicTable (Forum)", returned result "Microsoft.AspNetCore.Mvc.ViewResult" in 8.1096ms.
2023-10-23 22:51:54.600 +02:00 [Information] Executing ViewResult, running view "TopicTable".
2023-10-23 22:51:54.612 +02:00 [Information] Executed ViewResult - view "TopicTable" executed in 11.2691ms.
2023-10-23 22:51:54.612 +02:00 [Information] Executed action "Forum.Controllers.TopicController.TopicTable (Forum)" in 49.5846ms
2023-10-23 22:51:54.612 +02:00 [Information] Executed endpoint '"Forum.Controllers.TopicController.TopicTable (Forum)"'
2023-10-23 22:51:54.615 +02:00 [Information] Request finished HTTP/2 GET https://localhost:7205/Topic/TopicTable - - - 200 - text/html;+charset=utf-8 59.4302ms
2023-10-23 22:51:54.619 +02:00 [Information] Request starting HTTP/2 GET https://localhost:7205/_framework/aspnetcore-browser-refresh.js - -
2023-10-23 22:51:54.619 +02:00 [Information] Request starting HTTP/2 GET https://localhost:7205/lib/bootstrap/css/crtstyle.css - -
2023-10-23 22:51:54.619 +02:00 [Information] Request starting HTTP/2 GET https://localhost:7205/Topic/style.css - -
2023-10-23 22:51:54.619 +02:00 [Information] Request finished HTTP/2 GET https://localhost:7205/_framework/aspnetcore-browser-refresh.js - - - 200 12342 application/javascript;+charset=utf-8 0.6749ms
2023-10-23 22:51:54.620 +02:00 [Information] The file "/lib/bootstrap/css/crtstyle.css" was not modified
2023-10-23 22:51:54.620 +02:00 [Information] Request finished HTTP/2 GET https://localhost:7205/lib/bootstrap/css/crtstyle.css - - - 304 - text/css 1.2837ms
2023-10-23 22:51:54.626 +02:00 [Information] Request starting HTTP/2 GET https://localhost:7205/_vs/browserLink - -
2023-10-23 22:51:54.626 +02:00 [Information] Request finished HTTP/2 GET https://localhost:7205/Topic/style.css - - - 404 0 - 7.7485ms
2023-10-23 22:51:54.631 +02:00 [Information] Request finished HTTP/2 GET https://localhost:7205/_vs/browserLink - - - 200 - text/javascript;+charset=UTF-8 5.0715ms
2023-10-23 22:52:23.295 +02:00 [Information] Request starting HTTP/2 GET https://localhost:7205/Search/Search?search=li - -
2023-10-23 22:52:23.313 +02:00 [Information] Executing endpoint '"Forum.Controllers.SearchController.Search (Forum)"'
2023-10-23 22:52:23.317 +02:00 [Information] Route matched with "{action = \"Search\", controller = \"Search\", page = \"\", area = \"\"}". Executing controller action with signature "Microsoft.AspNetCore.Mvc.IActionResult Search(System.String)" on controller "Forum.Controllers.SearchController" ("Forum").
2023-10-23 22:52:23.361 +02:00 [Information] Executing action method "Forum.Controllers.SearchController.Search (Forum)" - Validation state: Valid
2023-10-23 22:52:23.522 +02:00 [Information] Executed action method "Forum.Controllers.SearchController.Search (Forum)", returned result "Microsoft.AspNetCore.Mvc.ViewResult" in 160.2954ms.
2023-10-23 22:52:23.523 +02:00 [Information] Executing ViewResult, running view "Search".
2023-10-23 22:52:23.561 +02:00 [Information] Executed ViewResult - view "Search" executed in 38.7423ms.
2023-10-23 22:52:23.561 +02:00 [Information] Executed action "Forum.Controllers.SearchController.Search (Forum)" in 243.782ms
2023-10-23 22:52:23.561 +02:00 [Information] Executed endpoint '"Forum.Controllers.SearchController.Search (Forum)"'
2023-10-23 22:52:23.565 +02:00 [Information] Request finished HTTP/2 GET https://localhost:7205/Search/Search?search=li - - - 200 - text/html;+charset=utf-8 270.1859ms
2023-10-23 22:52:23.567 +02:00 [Information] Request starting HTTP/2 GET https://localhost:7205/lib/bootstrap/css/crtstyle.css - -
2023-10-23 22:52:23.568 +02:00 [Information] Request starting HTTP/2 GET https://localhost:7205/Search/style.css - -
2023-10-23 22:52:23.568 +02:00 [Information] Request starting HTTP/2 GET https://localhost:7205/_framework/aspnetcore-browser-refresh.js - -
2023-10-23 22:52:23.568 +02:00 [Information] The file "/lib/bootstrap/css/crtstyle.css" was not modified
2023-10-23 22:52:23.568 +02:00 [Information] Request finished HTTP/2 GET https://localhost:7205/_framework/aspnetcore-browser-refresh.js - - - 200 12342 application/javascript;+charset=utf-8 0.4535ms
2023-10-23 22:52:23.568 +02:00 [Information] Request finished HTTP/2 GET https://localhost:7205/lib/bootstrap/css/crtstyle.css - - - 304 - text/css 1.0056ms
2023-10-23 22:52:23.575 +02:00 [Information] Request finished HTTP/2 GET https://localhost:7205/Search/style.css - - - 404 0 - 7.0187ms
2023-10-23 22:52:23.576 +02:00 [Information] Request starting HTTP/2 GET https://localhost:7205/_vs/browserLink - -
2023-10-23 22:52:23.580 +02:00 [Information] Request finished HTTP/2 GET https://localhost:7205/_vs/browserLink - - - 200 - text/javascript;+charset=UTF-8 4.0099ms
2023-10-23 22:52:34.885 +02:00 [Information] Request starting HTTP/2 GET https://localhost:7205/Room/RoomTable - -
2023-10-23 22:52:34.895 +02:00 [Information] Executing endpoint '"Forum.Controllers.RoomController.RoomTable (Forum)"'
2023-10-23 22:52:34.895 +02:00 [Information] Route matched with "{action = \"RoomTable\", controller = \"Room\", page = \"\", area = \"\"}". Executing controller action with signature "System.Threading.Tasks.Task`1[Microsoft.AspNetCore.Mvc.IActionResult] RoomTable()" on controller "Forum.Controllers.RoomController" ("Forum").
2023-10-23 22:52:34.923 +02:00 [Information] Executing action method "Forum.Controllers.RoomController.RoomTable (Forum)" - Validation state: Valid
2023-10-23 22:52:34.929 +02:00 [Information] Executed action method "Forum.Controllers.RoomController.RoomTable (Forum)", returned result "Microsoft.AspNetCore.Mvc.ViewResult" in 5.4455ms.
2023-10-23 22:52:34.929 +02:00 [Information] Executing ViewResult, running view "RoomTable".
2023-10-23 22:52:34.937 +02:00 [Information] Executed ViewResult - view "RoomTable" executed in 7.8954ms.
2023-10-23 22:52:34.937 +02:00 [Information] Executed action "Forum.Controllers.RoomController.RoomTable (Forum)" in 42.246ms
2023-10-23 22:52:34.937 +02:00 [Information] Executed endpoint '"Forum.Controllers.RoomController.RoomTable (Forum)"'
2023-10-23 22:52:34.941 +02:00 [Information] Request finished HTTP/2 GET https://localhost:7205/Room/RoomTable - - - 200 - text/html;+charset=utf-8 56.7844ms
2023-10-23 22:52:34.944 +02:00 [Information] Request starting HTTP/2 GET https://localhost:7205/lib/bootstrap/css/crtstyle.css - -
2023-10-23 22:52:34.945 +02:00 [Information] Request starting HTTP/2 GET https://localhost:7205/_framework/aspnetcore-browser-refresh.js - -
2023-10-23 22:52:34.945 +02:00 [Information] Request starting HTTP/2 GET https://localhost:7205/Room/style.css - -
2023-10-23 22:52:34.945 +02:00 [Information] Request finished HTTP/2 GET https://localhost:7205/_framework/aspnetcore-browser-refresh.js - - - 200 12342 application/javascript;+charset=utf-8 0.4254ms
2023-10-23 22:52:34.945 +02:00 [Information] The file "/lib/bootstrap/css/crtstyle.css" was not modified
2023-10-23 22:52:34.945 +02:00 [Information] Request finished HTTP/2 GET https://localhost:7205/lib/bootstrap/css/crtstyle.css - - - 304 - text/css 0.9990ms
2023-10-23 22:52:34.950 +02:00 [Information] Request finished HTTP/2 GET https://localhost:7205/Room/style.css - - - 404 0 - 5.5077ms
2023-10-23 22:52:34.951 +02:00 [Information] Request starting HTTP/2 GET https://localhost:7205/_vs/browserLink - -
2023-10-23 22:52:34.956 +02:00 [Information] Request finished HTTP/2 GET https://localhost:7205/_vs/browserLink - - - 200 - text/javascript;+charset=UTF-8 4.8401ms
2023-10-23 22:52:37.100 +02:00 [Information] Request starting HTTP/2 GET https://localhost:7205/Category/CategoryTable - -
2023-10-23 22:52:37.108 +02:00 [Information] Executing endpoint '"Forum.Controllers.CategoryController.CategoryTable (Forum)"'
2023-10-23 22:52:37.108 +02:00 [Information] Route matched with "{action = \"CategoryTable\", controller = \"Category\", page = \"\", area = \"\"}". Executing controller action with signature "System.Threading.Tasks.Task`1[Microsoft.AspNetCore.Mvc.IActionResult] CategoryTable()" on controller "Forum.Controllers.CategoryController" ("Forum").
2023-10-23 22:52:37.137 +02:00 [Information] Executing action method "Forum.Controllers.CategoryController.CategoryTable (Forum)" - Validation state: Valid
2023-10-23 22:52:37.144 +02:00 [Information] Executed action method "Forum.Controllers.CategoryController.CategoryTable (Forum)", returned result "Microsoft.AspNetCore.Mvc.ViewResult" in 6.4891ms.
2023-10-23 22:52:37.144 +02:00 [Information] Executing ViewResult, running view "CategoryTable".
2023-10-23 22:52:37.153 +02:00 [Information] Executed ViewResult - view "CategoryTable" executed in 8.972ms.
2023-10-23 22:52:37.153 +02:00 [Information] Executed action "Forum.Controllers.CategoryController.CategoryTable (Forum)" in 44.5901ms
2023-10-23 22:52:37.153 +02:00 [Information] Executed endpoint '"Forum.Controllers.CategoryController.CategoryTable (Forum)"'
2023-10-23 22:52:37.156 +02:00 [Information] Request finished HTTP/2 GET https://localhost:7205/Category/CategoryTable - - - 200 - text/html;+charset=utf-8 56.4966ms
2023-10-23 22:52:37.162 +02:00 [Information] Request starting HTTP/2 GET https://localhost:7205/Category/style.css - -
2023-10-23 22:52:37.162 +02:00 [Information] Request starting HTTP/2 GET https://localhost:7205/_vs/browserLink - -
2023-10-23 22:52:37.162 +02:00 [Information] Request starting HTTP/2 GET https://localhost:7205/_framework/aspnetcore-browser-refresh.js - -
2023-10-23 22:52:37.162 +02:00 [Information] Request finished HTTP/2 GET https://localhost:7205/_framework/aspnetcore-browser-refresh.js - - - 200 12342 application/javascript;+charset=utf-8 0.4875ms
2023-10-23 22:52:37.171 +02:00 [Information] Request finished HTTP/2 GET https://localhost:7205/Category/style.css - - - 404 0 - 9.2985ms
2023-10-23 22:52:37.171 +02:00 [Information] Request finished HTTP/2 GET https://localhost:7205/_vs/browserLink - - - 200 - text/javascript;+charset=UTF-8 9.9044ms
2023-10-23 22:52:38.524 +02:00 [Information] Request starting HTTP/2 GET https://localhost:7205/Room/RoomTable - -
2023-10-23 22:52:38.533 +02:00 [Information] Executing endpoint '"Forum.Controllers.RoomController.RoomTable (Forum)"'
2023-10-23 22:52:38.533 +02:00 [Information] Route matched with "{action = \"RoomTable\", controller = \"Room\", page = \"\", area = \"\"}". Executing controller action with signature "System.Threading.Tasks.Task`1[Microsoft.AspNetCore.Mvc.IActionResult] RoomTable()" on controller "Forum.Controllers.RoomController" ("Forum").
2023-10-23 22:52:38.561 +02:00 [Information] Executing action method "Forum.Controllers.RoomController.RoomTable (Forum)" - Validation state: Valid
2023-10-23 22:52:38.567 +02:00 [Information] Executed action method "Forum.Controllers.RoomController.RoomTable (Forum)", returned result "Microsoft.AspNetCore.Mvc.ViewResult" in 5.7268ms.
2023-10-23 22:52:38.567 +02:00 [Information] Executing ViewResult, running view "RoomTable".
2023-10-23 22:52:38.575 +02:00 [Information] Executed ViewResult - view "RoomTable" executed in 8.0609ms.
2023-10-23 22:52:38.575 +02:00 [Information] Executed action "Forum.Controllers.RoomController.RoomTable (Forum)" in 42.4682ms
2023-10-23 22:52:38.575 +02:00 [Information] Executed endpoint '"Forum.Controllers.RoomController.RoomTable (Forum)"'
2023-10-23 22:52:38.579 +02:00 [Information] Request finished HTTP/2 GET https://localhost:7205/Room/RoomTable - - - 200 - text/html;+charset=utf-8 55.2643ms
2023-10-23 22:52:38.581 +02:00 [Information] Request starting HTTP/2 GET https://localhost:7205/Room/style.css - -
2023-10-23 22:52:38.581 +02:00 [Information] Request starting HTTP/2 GET https://localhost:7205/_vs/browserLink - -
2023-10-23 22:52:38.582 +02:00 [Information] Request starting HTTP/2 GET https://localhost:7205/_framework/aspnetcore-browser-refresh.js - -
2023-10-23 22:52:38.583 +02:00 [Information] Request finished HTTP/2 GET https://localhost:7205/_framework/aspnetcore-browser-refresh.js - - - 200 12342 application/javascript;+charset=utf-8 1.4806ms
2023-10-23 22:52:38.589 +02:00 [Information] Request finished HTTP/2 GET https://localhost:7205/Room/style.css - - - 404 0 - 7.8136ms
2023-10-23 22:52:38.589 +02:00 [Information] Request finished HTTP/2 GET https://localhost:7205/_vs/browserLink - - - 200 - text/javascript;+charset=UTF-8 8.0868ms
2023-10-23 22:52:40.392 +02:00 [Information] Request starting HTTP/2 GET https://localhost:7205/Topic/TopicTable - -
2023-10-23 22:52:40.400 +02:00 [Information] Executing endpoint '"Forum.Controllers.TopicController.TopicTable (Forum)"'
2023-10-23 22:52:40.400 +02:00 [Information] Route matched with "{action = \"TopicTable\", controller = \"Topic\", page = \"\", area = \"\"}". Executing controller action with signature "System.Threading.Tasks.Task`1[Microsoft.AspNetCore.Mvc.IActionResult] TopicTable()" on controller "Forum.Controllers.TopicController" ("Forum").
2023-10-23 22:52:40.432 +02:00 [Information] Executing action method "Forum.Controllers.TopicController.TopicTable (Forum)" - Validation state: Valid
2023-10-23 22:52:40.439 +02:00 [Information] Executed action method "Forum.Controllers.TopicController.TopicTable (Forum)", returned result "Microsoft.AspNetCore.Mvc.ViewResult" in 6.9631ms.
2023-10-23 22:52:40.439 +02:00 [Information] Executing ViewResult, running view "TopicTable".
2023-10-23 22:52:40.448 +02:00 [Information] Executed ViewResult - view "TopicTable" executed in 8.7908ms.
2023-10-23 22:52:40.448 +02:00 [Information] Executed action "Forum.Controllers.TopicController.TopicTable (Forum)" in 47.992ms
2023-10-23 22:52:40.448 +02:00 [Information] Executed endpoint '"Forum.Controllers.TopicController.TopicTable (Forum)"'
2023-10-23 22:52:40.451 +02:00 [Information] Request finished HTTP/2 GET https://localhost:7205/Topic/TopicTable - - - 200 - text/html;+charset=utf-8 58.7945ms
2023-10-23 22:52:40.453 +02:00 [Information] Request starting HTTP/2 GET https://localhost:7205/_framework/aspnetcore-browser-refresh.js - -
2023-10-23 22:52:40.453 +02:00 [Information] Request starting HTTP/2 GET https://localhost:7205/Topic/style.css - -
2023-10-23 22:52:40.453 +02:00 [Information] Request starting HTTP/2 GET https://localhost:7205/_vs/browserLink - -
2023-10-23 22:52:40.454 +02:00 [Information] Request finished HTTP/2 GET https://localhost:7205/_framework/aspnetcore-browser-refresh.js - - - 200 12342 application/javascript;+charset=utf-8 0.6303ms
2023-10-23 22:52:40.462 +02:00 [Information] Request finished HTTP/2 GET https://localhost:7205/Topic/style.css - - - 404 0 - 8.9153ms
2023-10-23 22:52:40.463 +02:00 [Information] Request finished HTTP/2 GET https://localhost:7205/_vs/browserLink - - - 200 - text/javascript;+charset=UTF-8 9.7848ms
2023-10-23 22:52:42.553 +02:00 [Information] Request starting HTTP/2 GET https://localhost:7205/Room/RoomTable - -
2023-10-23 22:52:42.562 +02:00 [Information] Executing endpoint '"Forum.Controllers.RoomController.RoomTable (Forum)"'
2023-10-23 22:52:42.562 +02:00 [Information] Route matched with "{action = \"RoomTable\", controller = \"Room\", page = \"\", area = \"\"}". Executing controller action with signature "System.Threading.Tasks.Task`1[Microsoft.AspNetCore.Mvc.IActionResult] RoomTable()" on controller "Forum.Controllers.RoomController" ("Forum").
2023-10-23 22:52:42.598 +02:00 [Information] Executing action method "Forum.Controllers.RoomController.RoomTable (Forum)" - Validation state: Valid
2023-10-23 22:52:42.605 +02:00 [Information] Executed action method "Forum.Controllers.RoomController.RoomTable (Forum)", returned result "Microsoft.AspNetCore.Mvc.ViewResult" in 6.7302ms.
2023-10-23 22:52:42.605 +02:00 [Information] Executing ViewResult, running view "RoomTable".
2023-10-23 22:52:42.618 +02:00 [Information] Executed ViewResult - view "RoomTable" executed in 12.8099ms.
2023-10-23 22:52:42.618 +02:00 [Information] Executed action "Forum.Controllers.RoomController.RoomTable (Forum)" in 55.8847ms
2023-10-23 22:52:42.618 +02:00 [Information] Executed endpoint '"Forum.Controllers.RoomController.RoomTable (Forum)"'
2023-10-23 22:52:42.661 +02:00 [Information] Request starting HTTP/2 GET https://localhost:7205/Room/style.css - -
2023-10-23 22:52:42.661 +02:00 [Information] Request starting HTTP/2 GET https://localhost:7205/_framework/aspnetcore-browser-refresh.js - -
2023-10-23 22:52:42.661 +02:00 [Information] Request finished HTTP/2 GET https://localhost:7205/_framework/aspnetcore-browser-refresh.js - - - 200 12342 application/javascript;+charset=utf-8 0.3529ms
2023-10-23 22:52:42.680 +02:00 [Information] Request starting HTTP/2 GET https://localhost:7205/_vs/browserLink - -
2023-10-23 22:52:42.749 +02:00 [Information] Request finished HTTP/2 GET https://localhost:7205/Room/style.css - - - 404 0 - 87.6675ms
2023-10-23 22:52:42.789 +02:00 [Information] Request finished HTTP/2 GET https://localhost:7205/Room/RoomTable - - - 200 - text/html;+charset=utf-8 183.1407ms
2023-10-23 22:52:42.844 +02:00 [Information] Request finished HTTP/2 GET https://localhost:7205/_vs/browserLink - - - 200 - text/javascript;+charset=UTF-8 163.8776ms
2023-10-23 22:52:50.623 +02:00 [Information] Request starting HTTP/2 GET https://localhost:7205/Topic/TopicTable - -
2023-10-23 22:52:50.630 +02:00 [Information] Executing endpoint '"Forum.Controllers.TopicController.TopicTable (Forum)"'
2023-10-23 22:52:50.631 +02:00 [Information] Route matched with "{action = \"TopicTable\", controller = \"Topic\", page = \"\", area = \"\"}". Executing controller action with signature "System.Threading.Tasks.Task`1[Microsoft.AspNetCore.Mvc.IActionResult] TopicTable()" on controller "Forum.Controllers.TopicController" ("Forum").
2023-10-23 22:52:50.660 +02:00 [Information] Executing action method "Forum.Controllers.TopicController.TopicTable (Forum)" - Validation state: Valid
2023-10-23 22:52:50.667 +02:00 [Information] Executed action method "Forum.Controllers.TopicController.TopicTable (Forum)", returned result "Microsoft.AspNetCore.Mvc.ViewResult" in 6.7837ms.
2023-10-23 22:52:50.667 +02:00 [Information] Executing ViewResult, running view "TopicTable".
2023-10-23 22:52:50.675 +02:00 [Information] Executed ViewResult - view "TopicTable" executed in 8.4856ms.
2023-10-23 22:52:50.676 +02:00 [Information] Executed action "Forum.Controllers.TopicController.TopicTable (Forum)" in 44.825ms
2023-10-23 22:52:50.676 +02:00 [Information] Executed endpoint '"Forum.Controllers.TopicController.TopicTable (Forum)"'
2023-10-23 22:52:50.678 +02:00 [Information] Request finished HTTP/2 GET https://localhost:7205/Topic/TopicTable - - - 200 - text/html;+charset=utf-8 55.3272ms
2023-10-23 22:52:50.680 +02:00 [Information] Request starting HTTP/2 GET https://localhost:7205/lib/bootstrap/css/crtstyle.css - -
2023-10-23 22:52:50.681 +02:00 [Information] Request starting HTTP/2 GET https://localhost:7205/_framework/aspnetcore-browser-refresh.js - -
2023-10-23 22:52:50.681 +02:00 [Information] Request starting HTTP/2 GET https://localhost:7205/Topic/style.css - -
2023-10-23 22:52:50.681 +02:00 [Information] The file "/lib/bootstrap/css/crtstyle.css" was not modified
2023-10-23 22:52:50.682 +02:00 [Information] Request finished HTTP/2 GET https://localhost:7205/_framework/aspnetcore-browser-refresh.js - - - 200 12342 application/javascript;+charset=utf-8 0.3470ms
2023-10-23 22:52:50.682 +02:00 [Information] Request finished HTTP/2 GET https://localhost:7205/lib/bootstrap/css/crtstyle.css - - - 304 - text/css 1.4314ms
2023-10-23 22:52:50.687 +02:00 [Information] Request starting HTTP/2 GET https://localhost:7205/_vs/browserLink - -
2023-10-23 22:52:50.687 +02:00 [Information] Request finished HTTP/2 GET https://localhost:7205/Topic/style.css - - - 404 0 - 6.0246ms
2023-10-23 22:52:50.691 +02:00 [Information] Request finished HTTP/2 GET https://localhost:7205/_vs/browserLink - - - 200 - text/javascript;+charset=UTF-8 4.4502ms
2023-10-23 22:52:51.986 +02:00 [Information] Request starting HTTP/2 GET https://localhost:7205/Room/RoomTable - -
2023-10-23 22:52:51.992 +02:00 [Information] Executing endpoint '"Forum.Controllers.RoomController.RoomTable (Forum)"'
2023-10-23 22:52:51.993 +02:00 [Information] Route matched with "{action = \"RoomTable\", controller = \"Room\", page = \"\", area = \"\"}". Executing controller action with signature "System.Threading.Tasks.Task`1[Microsoft.AspNetCore.Mvc.IActionResult] RoomTable()" on controller "Forum.Controllers.RoomController" ("Forum").
2023-10-23 22:52:52.019 +02:00 [Information] Executing action method "Forum.Controllers.RoomController.RoomTable (Forum)" - Validation state: Valid
2023-10-23 22:52:52.025 +02:00 [Information] Executed action method "Forum.Controllers.RoomController.RoomTable (Forum)", returned result "Microsoft.AspNetCore.Mvc.ViewResult" in 5.8708ms.
2023-10-23 22:52:52.026 +02:00 [Information] Executing ViewResult, running view "RoomTable".
2023-10-23 22:52:52.036 +02:00 [Information] Executed ViewResult - view "RoomTable" executed in 10.0328ms.
2023-10-23 22:52:52.036 +02:00 [Information] Executed action "Forum.Controllers.RoomController.RoomTable (Forum)" in 42.8796ms
2023-10-23 22:52:52.036 +02:00 [Information] Executed endpoint '"Forum.Controllers.RoomController.RoomTable (Forum)"'
2023-10-23 22:52:52.039 +02:00 [Information] Request finished HTTP/2 GET https://localhost:7205/Room/RoomTable - - - 200 - text/html;+charset=utf-8 53.0157ms
2023-10-23 22:52:52.042 +02:00 [Information] Request starting HTTP/2 GET https://localhost:7205/_framework/aspnetcore-browser-refresh.js - -
2023-10-23 22:52:52.042 +02:00 [Information] Request starting HTTP/2 GET https://localhost:7205/Room/style.css - -
2023-10-23 22:52:52.042 +02:00 [Information] Request starting HTTP/2 GET https://localhost:7205/_vs/browserLink - -
2023-10-23 22:52:52.043 +02:00 [Information] Request finished HTTP/2 GET https://localhost:7205/_framework/aspnetcore-browser-refresh.js - - - 200 12342 application/javascript;+charset=utf-8 1.2717ms
2023-10-23 22:52:52.048 +02:00 [Information] Request finished HTTP/2 GET https://localhost:7205/_vs/browserLink - - - 200 - text/javascript;+charset=UTF-8 6.2525ms
2023-10-23 22:52:52.050 +02:00 [Information] Request finished HTTP/2 GET https://localhost:7205/Room/style.css - - - 404 0 - 8.4685ms
2023-10-23 22:53:01.806 +02:00 [Information] Request starting HTTP/2 GET https://localhost:7205/lib/bootstrap/css/crtstyle.css - -
2023-10-23 22:53:01.806 +02:00 [Information] Request starting HTTP/2 GET https://localhost:7205/Room/style.css - -
2023-10-23 22:53:01.807 +02:00 [Information] The file "/lib/bootstrap/css/crtstyle.css" was not modified
2023-10-23 22:53:01.807 +02:00 [Information] Request finished HTTP/2 GET https://localhost:7205/lib/bootstrap/css/crtstyle.css - - - 304 - text/css 1.0502ms
2023-10-23 22:53:01.813 +02:00 [Information] Request finished HTTP/2 GET https://localhost:7205/Room/style.css - - - 404 0 - 6.5585ms
2023-10-23 22:53:01.893 +02:00 [Information] Request starting HTTP/2 GET https://localhost:7205/lib/bootstrap/js/bootstrap.js.map - -
2023-10-23 22:53:01.947 +02:00 [Information] Sending file. Request path: '"/lib/bootstrap/js/bootstrap.js.map"'. Physical path: '"C:\Users\latif\source\repos\PROJECT_1WEB\Forum\MyShop\wwwroot\lib\bootstrap\js\bootstrap.js.map"'
2023-10-23 22:53:01.948 +02:00 [Information] Request finished HTTP/2 GET https://localhost:7205/lib/bootstrap/js/bootstrap.js.map - - - 200 289522 text/plain 55.3698ms
