2023-10-23 18:44:11.049 +02:00 [Information] User profile is available. Using '"C:\Users\abdik\AppData\Local\ASP.NET\DataProtection-Keys"' as key repository and Windows DPAPI to encrypt keys at rest.
2023-10-23 18:44:11.478 +02:00 [Information] Now listening on: "https://localhost:7205"
2023-10-23 18:44:11.478 +02:00 [Information] Now listening on: "http://localhost:5112"
2023-10-23 18:44:11.481 +02:00 [Information] Application started. Press Ctrl+C to shut down.
2023-10-23 18:44:11.482 +02:00 [Information] Hosting environment: "Development"
2023-10-23 18:44:11.482 +02:00 [Information] Content root path: "C:\Users\abdik\Source\Repos\Forum\MyShop\"
2023-10-23 18:44:11.562 +02:00 [Information] Request starting HTTP/2 GET https://localhost:7205/ - -
2023-10-23 18:44:11.602 +02:00 [Information] Executing endpoint '"Forum.Controllers.HomeController.Index (Forum)"'
2023-10-23 18:44:11.610 +02:00 [Information] Route matched with "{action = \"Index\", controller = \"Home\", page = \"\", area = \"\"}". Executing controller action with signature "Microsoft.AspNetCore.Mvc.IActionResult Index()" on controller "Forum.Controllers.HomeController" ("Forum").
2023-10-23 18:44:11.615 +02:00 [Information] Executing ViewResult, running view "Index".
2023-10-23 18:44:11.716 +02:00 [Information] Executed ViewResult - view "Index" executed in 99.8436ms.
2023-10-23 18:44:11.718 +02:00 [Information] Executed action "Forum.Controllers.HomeController.Index (Forum)" in 107.3859ms
2023-10-23 18:44:11.718 +02:00 [Information] Executed endpoint '"Forum.Controllers.HomeController.Index (Forum)"'
2023-10-23 18:44:11.730 +02:00 [Information] Request starting HTTP/2 GET https://localhost:7205/lib/bootstrap/css/crtstyle.css - -
2023-10-23 18:44:11.730 +02:00 [Information] Request starting HTTP/2 GET https://localhost:7205/css/style.css?v=GnikK2H98wctm5Ubs6lb4mz5RxX2-RwSTOuYmgekITI - -
2023-10-23 18:44:11.730 +02:00 [Information] Request starting HTTP/2 GET https://localhost:7205/lib/jquery/jquery.js - -
2023-10-23 18:44:11.730 +02:00 [Information] Request starting HTTP/2 GET https://localhost:7205/_framework/aspnetcore-browser-refresh.js - -
2023-10-23 18:44:11.730 +02:00 [Information] Request starting HTTP/2 GET https://localhost:7205/lib/bootstrap/js/bootstrap.js - -
2023-10-23 18:44:11.731 +02:00 [Information] Request finished HTTP/2 GET https://localhost:7205/ - - - 200 - text/html;+charset=utf-8 171.2702ms
2023-10-23 18:44:11.731 +02:00 [Information] Request starting HTTP/2 GET https://localhost:7205/style.css - -
2023-10-23 18:44:11.733 +02:00 [Information] Request finished HTTP/2 GET https://localhost:7205/_framework/aspnetcore-browser-refresh.js - - - 200 12342 application/javascript;+charset=utf-8 2.4663ms
2023-10-23 18:44:11.734 +02:00 [Information] Request finished HTTP/2 GET https://localhost:7205/style.css - - - 404 0 - 3.2337ms
2023-10-23 18:44:11.741 +02:00 [Information] The file "/css/style.css" was not modified
2023-10-23 18:44:11.741 +02:00 [Information] The file "/lib/bootstrap/css/crtstyle.css" was not modified
2023-10-23 18:44:11.741 +02:00 [Information] The file "/lib/jquery/jquery.js" was not modified
2023-10-23 18:44:11.741 +02:00 [Information] The file "/lib/bootstrap/js/bootstrap.js" was not modified
2023-10-23 18:44:11.742 +02:00 [Information] Request finished HTTP/2 GET https://localhost:7205/lib/bootstrap/css/crtstyle.css - - - 304 - text/css 11.0824ms
2023-10-23 18:44:11.742 +02:00 [Information] Request finished HTTP/2 GET https://localhost:7205/css/style.css?v=GnikK2H98wctm5Ubs6lb4mz5RxX2-RwSTOuYmgekITI - - - 304 - text/css 11.1052ms
2023-10-23 18:44:11.742 +02:00 [Information] Request finished HTTP/2 GET https://localhost:7205/lib/jquery/jquery.js - - - 304 - application/javascript 11.1167ms
2023-10-23 18:44:11.742 +02:00 [Information] Request finished HTTP/2 GET https://localhost:7205/lib/bootstrap/js/bootstrap.js - - - 304 - application/javascript 11.1384ms
2023-10-23 18:44:11.747 +02:00 [Information] Request starting HTTP/2 GET https://localhost:7205/_vs/browserLink - -
2023-10-23 18:44:11.754 +02:00 [Information] Request finished HTTP/2 GET https://localhost:7205/_vs/browserLink - - - 200 - text/javascript;+charset=UTF-8 7.2201ms
2023-10-23 18:44:18.857 +02:00 [Information] Request starting HTTP/2 GET https://localhost:7205/ - -
2023-10-23 18:44:18.859 +02:00 [Information] Executing endpoint '"Forum.Controllers.HomeController.Index (Forum)"'
2023-10-23 18:44:18.859 +02:00 [Information] Route matched with "{action = \"Index\", controller = \"Home\", page = \"\", area = \"\"}". Executing controller action with signature "Microsoft.AspNetCore.Mvc.IActionResult Index()" on controller "Forum.Controllers.HomeController" ("Forum").
2023-10-23 18:44:18.859 +02:00 [Information] Executing ViewResult, running view "Index".
2023-10-23 18:44:18.868 +02:00 [Information] Executed ViewResult - view "Index" executed in 8.6949ms.
2023-10-23 18:44:18.868 +02:00 [Information] Executed action "Forum.Controllers.HomeController.Index (Forum)" in 9.3971ms
2023-10-23 18:44:18.868 +02:00 [Information] Executed endpoint '"Forum.Controllers.HomeController.Index (Forum)"'
2023-10-23 18:44:18.869 +02:00 [Information] Request finished HTTP/2 GET https://localhost:7205/ - - - 200 - text/html;+charset=utf-8 11.9304ms
2023-10-23 18:44:18.881 +02:00 [Information] Request starting HTTP/2 GET https://localhost:7205/_framework/aspnetcore-browser-refresh.js - -
2023-10-23 18:44:18.881 +02:00 [Information] Request finished HTTP/2 GET https://localhost:7205/_framework/aspnetcore-browser-refresh.js - - - 200 12342 application/javascript;+charset=utf-8 0.6495ms
2023-10-23 18:44:18.882 +02:00 [Information] Request starting HTTP/2 GET https://localhost:7205/style.css - -
2023-10-23 18:44:18.884 +02:00 [Information] Request finished HTTP/2 GET https://localhost:7205/style.css - - - 404 0 - 2.0990ms
2023-10-23 18:44:18.894 +02:00 [Information] Request starting HTTP/2 GET https://localhost:7205/_vs/browserLink - -
2023-10-23 18:44:18.896 +02:00 [Information] Request finished HTTP/2 GET https://localhost:7205/_vs/browserLink - - - 200 - text/javascript;+charset=UTF-8 2.0980ms
