2023-10-24 12:56:11.299 +02:00 [Information] User profile is available. Using '"C:\Users\abdik\AppData\Local\ASP.NET\DataProtection-Keys"' as key repository and Windows DPAPI to encrypt keys at rest.
2023-10-24 12:56:11.680 +02:00 [Information] Now listening on: "https://localhost:7205"
2023-10-24 12:56:11.680 +02:00 [Information] Now listening on: "http://localhost:5112"
2023-10-24 12:56:11.683 +02:00 [Information] Application started. Press Ctrl+C to shut down.
2023-10-24 12:56:11.683 +02:00 [Information] Hosting environment: "Development"
2023-10-24 12:56:11.683 +02:00 [Information] Content root path: "C:\Users\abdik\Source\Repos\Forum\MyShop\"
2023-10-24 12:56:11.744 +02:00 [Information] Request starting HTTP/2 GET https://localhost:7205/ - -
2023-10-24 12:56:11.783 +02:00 [Information] Executing endpoint '"Forum.Controllers.HomeController.Index (Forum)"'
2023-10-24 12:56:11.790 +02:00 [Information] Route matched with "{action = \"Index\", controller = \"Home\", page = \"\", area = \"\"}". Executing controller action with signature "Microsoft.AspNetCore.Mvc.IActionResult Index()" on controller "Forum.Controllers.HomeController" ("Forum").
2023-10-24 12:56:11.794 +02:00 [Information] Executing ViewResult, running view "Index".
2023-10-24 12:56:11.896 +02:00 [Information] Executed ViewResult - view "Index" executed in 100.8647ms.
2023-10-24 12:56:11.898 +02:00 [Information] Executed action "Forum.Controllers.HomeController.Index (Forum)" in 107.4822ms
2023-10-24 12:56:11.898 +02:00 [Information] Executed endpoint '"Forum.Controllers.HomeController.Index (Forum)"'
2023-10-24 12:56:11.910 +02:00 [Information] Request finished HTTP/2 GET https://localhost:7205/ - - - 200 - text/html;+charset=utf-8 168.6252ms
2023-10-24 12:56:11.915 +02:00 [Information] Request starting HTTP/2 GET https://localhost:7205/_framework/aspnetcore-browser-refresh.js - -
2023-10-24 12:56:11.915 +02:00 [Information] Request starting HTTP/2 GET https://localhost:7205/_vs/browserLink - -
2023-10-24 12:56:11.915 +02:00 [Information] Request starting HTTP/2 GET https://localhost:7205/style.css - -
2023-10-24 12:56:11.917 +02:00 [Information] Request finished HTTP/2 GET https://localhost:7205/_framework/aspnetcore-browser-refresh.js - - - 200 12342 application/javascript;+charset=utf-8 1.9180ms
2023-10-24 12:56:11.917 +02:00 [Information] Request finished HTTP/2 GET https://localhost:7205/style.css - - - 404 0 - 2.4287ms
2023-10-24 12:56:11.921 +02:00 [Information] Request finished HTTP/2 GET https://localhost:7205/_vs/browserLink - - - 200 - text/javascript;+charset=UTF-8 5.8359ms
2023-10-24 12:56:17.894 +02:00 [Information] Request starting HTTP/2 GET https://localhost:7205/ - -
2023-10-24 12:56:17.895 +02:00 [Information] Executing endpoint '"Forum.Controllers.HomeController.Index (Forum)"'
2023-10-24 12:56:17.896 +02:00 [Information] Route matched with "{action = \"Index\", controller = \"Home\", page = \"\", area = \"\"}". Executing controller action with signature "Microsoft.AspNetCore.Mvc.IActionResult Index()" on controller "Forum.Controllers.HomeController" ("Forum").
2023-10-24 12:56:17.896 +02:00 [Information] Executing ViewResult, running view "Index".
2023-10-24 12:56:17.904 +02:00 [Information] Executed ViewResult - view "Index" executed in 8.3004ms.
2023-10-24 12:56:17.904 +02:00 [Information] Executed action "Forum.Controllers.HomeController.Index (Forum)" in 8.6957ms
2023-10-24 12:56:17.904 +02:00 [Information] Executed endpoint '"Forum.Controllers.HomeController.Index (Forum)"'
2023-10-24 12:56:17.906 +02:00 [Information] Request finished HTTP/2 GET https://localhost:7205/ - - - 200 - text/html;+charset=utf-8 11.7609ms
2023-10-24 12:56:17.921 +02:00 [Information] Request starting HTTP/2 GET https://localhost:7205/style.css - -
2023-10-24 12:56:17.922 +02:00 [Information] Request starting HTTP/2 GET https://localhost:7205/_framework/aspnetcore-browser-refresh.js - -
2023-10-24 12:56:17.922 +02:00 [Information] Request starting HTTP/2 GET https://localhost:7205/_vs/browserLink - -
2023-10-24 12:56:17.922 +02:00 [Information] Request finished HTTP/2 GET https://localhost:7205/_framework/aspnetcore-browser-refresh.js - - - 200 12342 application/javascript;+charset=utf-8 0.2599ms
2023-10-24 12:56:17.923 +02:00 [Information] Request finished HTTP/2 GET https://localhost:7205/style.css - - - 404 0 - 1.5134ms
2023-10-24 12:56:17.924 +02:00 [Information] Request finished HTTP/2 GET https://localhost:7205/_vs/browserLink - - - 200 - text/javascript;+charset=UTF-8 2.0923ms
