2023-10-29 15:26:00.185 +01:00 [Information] User profile is available. Using '"C:\Users\abdik\AppData\Local\ASP.NET\DataProtection-Keys"' as key repository and Windows DPAPI to encrypt keys at rest.
2023-10-29 15:26:00.594 +01:00 [Information] Now listening on: "https://localhost:7205"
2023-10-29 15:26:00.594 +01:00 [Information] Now listening on: "http://localhost:5112"
2023-10-29 15:26:00.598 +01:00 [Information] Application started. Press Ctrl+C to shut down.
2023-10-29 15:26:00.598 +01:00 [Information] Hosting environment: "Development"
2023-10-29 15:26:00.598 +01:00 [Information] Content root path: "C:\Users\abdik\Source\Repos\Forum\MyShop\"
2023-10-29 15:26:01.200 +01:00 [Information] Request starting HTTP/2 POST https://localhost:7205/Post/Createpost?topicId=1 application/x-www-form-urlencoded 364
2023-10-29 15:26:01.248 +01:00 [Information] Executing endpoint '"Forum.Controllers.PostController.CreatePost (Forum)"'
2023-10-29 15:26:01.269 +01:00 [Information] Route matched with "{action = \"CreatePost\", controller = \"Post\", page = \"\", area = \"\"}". Executing controller action with signature "System.Threading.Tasks.Task`1[Microsoft.AspNetCore.Mvc.IActionResult] CreatePost(Forum.ViewModels.PostCommentViewModel)" on controller "Forum.Controllers.PostController" ("Forum").
2023-10-29 15:26:01.292 +01:00 [Warning] [PostController] Post creation failed Post { PostId: 0, TopicId: 1, UserName: null, PostTitle: "United er mye bedre enn Liverpool", PostTime: 10/29/2023 15:26:01, Topic: null, Comments: null, LatestComment: null }
2023-10-29 15:26:01.296 +01:00 [Information] Executing ViewResult, running view "CreatePost".
2023-10-29 15:26:01.406 +01:00 [Information] Executed ViewResult - view "CreatePost" executed in 109.1485ms.
2023-10-29 15:26:01.407 +01:00 [Information] Executed action "Forum.Controllers.PostController.CreatePost (Forum)" in 138.5126ms
2023-10-29 15:26:01.408 +01:00 [Information] Executed endpoint '"Forum.Controllers.PostController.CreatePost (Forum)"'
2023-10-29 15:26:01.419 +01:00 [Information] Request finished HTTP/2 POST https://localhost:7205/Post/Createpost?topicId=1 application/x-www-form-urlencoded 364 - 200 - text/html;+charset=utf-8 221.8341ms
2023-10-29 15:26:01.426 +01:00 [Information] Request starting HTTP/2 GET https://localhost:7205/_vs/browserLink - -
2023-10-29 15:26:01.426 +01:00 [Information] Request starting HTTP/2 GET https://localhost:7205/_framework/aspnetcore-browser-refresh.js - -
2023-10-29 15:26:01.427 +01:00 [Information] Request finished HTTP/2 GET https://localhost:7205/_framework/aspnetcore-browser-refresh.js - - - 200 12342 application/javascript;+charset=utf-8 1.8368ms
2023-10-29 15:26:01.432 +01:00 [Information] Request finished HTTP/2 GET https://localhost:7205/_vs/browserLink - - - 200 - text/javascript;+charset=UTF-8 6.3500ms
2023-10-29 15:28:59.715 +01:00 [Information] Request starting HTTP/2 POST https://localhost:7205/Post/Createpost?topicId=1 application/x-www-form-urlencoded 407
2023-10-29 15:28:59.720 +01:00 [Information] Executing endpoint '"Forum.Controllers.PostController.CreatePost (Forum)"'
2023-10-29 15:28:59.720 +01:00 [Information] Route matched with "{action = \"CreatePost\", controller = \"Post\", page = \"\", area = \"\"}". Executing controller action with signature "System.Threading.Tasks.Task`1[Microsoft.AspNetCore.Mvc.IActionResult] CreatePost(Forum.ViewModels.PostCommentViewModel)" on controller "Forum.Controllers.PostController" ("Forum").
2023-10-29 15:28:59.721 +01:00 [Warning] [PostController] Post creation failed Post { PostId: 0, TopicId: 1, UserName: null, PostTitle: "United er mye bedre enn Liverpool", PostTime: 10/29/2023 15:28:59, Topic: null, Comments: null, LatestComment: null }
2023-10-29 15:28:59.722 +01:00 [Information] Executing ViewResult, running view "CreatePost".
2023-10-29 15:28:59.727 +01:00 [Information] Executed ViewResult - view "CreatePost" executed in 5.7455ms.
2023-10-29 15:28:59.728 +01:00 [Information] Executed action "Forum.Controllers.PostController.CreatePost (Forum)" in 7.1212ms
2023-10-29 15:28:59.728 +01:00 [Information] Executed endpoint '"Forum.Controllers.PostController.CreatePost (Forum)"'
2023-10-29 15:28:59.729 +01:00 [Information] Request finished HTTP/2 POST https://localhost:7205/Post/Createpost?topicId=1 application/x-www-form-urlencoded 407 - 200 - text/html;+charset=utf-8 13.8108ms
2023-10-29 15:28:59.738 +01:00 [Information] Request starting HTTP/2 GET https://localhost:7205/_vs/browserLink - -
2023-10-29 15:28:59.740 +01:00 [Information] Request finished HTTP/2 GET https://localhost:7205/_vs/browserLink - - - 200 - text/javascript;+charset=UTF-8 2.1307ms
2023-10-29 15:28:59.749 +01:00 [Information] Request starting HTTP/2 GET https://localhost:7205/_framework/aspnetcore-browser-refresh.js - -
2023-10-29 15:28:59.750 +01:00 [Information] Request finished HTTP/2 GET https://localhost:7205/_framework/aspnetcore-browser-refresh.js - - - 200 12342 application/javascript;+charset=utf-8 0.3345ms
2023-10-29 15:29:00.232 +01:00 [Information] Request starting HTTP/2 POST https://localhost:7205/Post/Createpost?topicId=1 application/x-www-form-urlencoded 407
2023-10-29 15:29:00.240 +01:00 [Information] Executing endpoint '"Forum.Controllers.PostController.CreatePost (Forum)"'
2023-10-29 15:29:00.240 +01:00 [Information] Route matched with "{action = \"CreatePost\", controller = \"Post\", page = \"\", area = \"\"}". Executing controller action with signature "System.Threading.Tasks.Task`1[Microsoft.AspNetCore.Mvc.IActionResult] CreatePost(Forum.ViewModels.PostCommentViewModel)" on controller "Forum.Controllers.PostController" ("Forum").
2023-10-29 15:29:00.241 +01:00 [Warning] [PostController] Post creation failed Post { PostId: 0, TopicId: 1, UserName: null, PostTitle: "United er mye bedre enn Liverpool", PostTime: 10/29/2023 15:29:00, Topic: null, Comments: null, LatestComment: null }
2023-10-29 15:29:00.241 +01:00 [Information] Executing ViewResult, running view "CreatePost".
2023-10-29 15:29:00.244 +01:00 [Information] Executed ViewResult - view "CreatePost" executed in 2.8182ms.
2023-10-29 15:29:00.244 +01:00 [Information] Executed action "Forum.Controllers.PostController.CreatePost (Forum)" in 4.0265ms
2023-10-29 15:29:00.244 +01:00 [Information] Executed endpoint '"Forum.Controllers.PostController.CreatePost (Forum)"'
2023-10-29 15:29:00.245 +01:00 [Information] Request finished HTTP/2 POST https://localhost:7205/Post/Createpost?topicId=1 application/x-www-form-urlencoded 407 - 200 - text/html;+charset=utf-8 13.3000ms
2023-10-29 15:29:00.256 +01:00 [Information] Request starting HTTP/2 GET https://localhost:7205/_framework/aspnetcore-browser-refresh.js - -
2023-10-29 15:29:00.256 +01:00 [Information] Request starting HTTP/2 GET https://localhost:7205/_vs/browserLink - -
2023-10-29 15:29:00.256 +01:00 [Information] Request finished HTTP/2 GET https://localhost:7205/_framework/aspnetcore-browser-refresh.js - - - 200 12342 application/javascript;+charset=utf-8 0.1856ms
2023-10-29 15:29:00.258 +01:00 [Information] Request finished HTTP/2 GET https://localhost:7205/_vs/browserLink - - - 200 - text/javascript;+charset=UTF-8 2.1044ms
2023-10-29 15:29:04.546 +01:00 [Information] Request starting HTTP/2 POST https://localhost:7205/Post/Createpost?topicId=1 application/x-www-form-urlencoded 489
2023-10-29 15:29:04.548 +01:00 [Information] Executing endpoint '"Forum.Controllers.PostController.CreatePost (Forum)"'
2023-10-29 15:29:04.548 +01:00 [Information] Route matched with "{action = \"CreatePost\", controller = \"Post\", page = \"\", area = \"\"}". Executing controller action with signature "System.Threading.Tasks.Task`1[Microsoft.AspNetCore.Mvc.IActionResult] CreatePost(Forum.ViewModels.PostCommentViewModel)" on controller "Forum.Controllers.PostController" ("Forum").
2023-10-29 15:29:04.549 +01:00 [Warning] [PostController] Post creation failed Post { PostId: 0, TopicId: 1, UserName: null, PostTitle: "United er mye bedre enn Liverpool", PostTime: 10/29/2023 15:29:04, Topic: null, Comments: null, LatestComment: null }
2023-10-29 15:29:04.549 +01:00 [Information] Executing ViewResult, running view "CreatePost".
2023-10-29 15:29:04.552 +01:00 [Information] Executed ViewResult - view "CreatePost" executed in 2.5226ms.
2023-10-29 15:29:04.552 +01:00 [Information] Executed action "Forum.Controllers.PostController.CreatePost (Forum)" in 3.193ms
2023-10-29 15:29:04.552 +01:00 [Information] Executed endpoint '"Forum.Controllers.PostController.CreatePost (Forum)"'
2023-10-29 15:29:04.552 +01:00 [Information] Request finished HTTP/2 POST https://localhost:7205/Post/Createpost?topicId=1 application/x-www-form-urlencoded 489 - 200 - text/html;+charset=utf-8 5.9226ms
2023-10-29 15:29:04.563 +01:00 [Information] Request starting HTTP/2 GET https://localhost:7205/_vs/browserLink - -
2023-10-29 15:29:04.563 +01:00 [Information] Request starting HTTP/2 GET https://localhost:7205/_framework/aspnetcore-browser-refresh.js - -
2023-10-29 15:29:04.563 +01:00 [Information] Request finished HTTP/2 GET https://localhost:7205/_framework/aspnetcore-browser-refresh.js - - - 200 12342 application/javascript;+charset=utf-8 0.2185ms
2023-10-29 15:29:04.565 +01:00 [Information] Request finished HTTP/2 GET https://localhost:7205/_vs/browserLink - - - 200 - text/javascript;+charset=UTF-8 1.8853ms
2023-10-29 15:29:08.250 +01:00 [Information] Request starting HTTP/2 GET https://localhost:7205/ - -
2023-10-29 15:29:08.252 +01:00 [Information] Executing endpoint '"Forum.Controllers.HomeController.Index (Forum)"'
2023-10-29 15:29:08.254 +01:00 [Information] Route matched with "{action = \"Index\", controller = \"Home\", page = \"\", area = \"\"}". Executing controller action with signature "System.Threading.Tasks.Task`1[Microsoft.AspNetCore.Mvc.IActionResult] Index()" on controller "Forum.Controllers.HomeController" ("Forum").
2023-10-29 15:29:08.269 +01:00 [Information] Executing ViewResult, running view "Index".
2023-10-29 15:29:08.288 +01:00 [Information] Executed ViewResult - view "Index" executed in 19.0832ms.
2023-10-29 15:29:08.288 +01:00 [Information] Executed action "Forum.Controllers.HomeController.Index (Forum)" in 34.542ms
2023-10-29 15:29:08.288 +01:00 [Information] Executed endpoint '"Forum.Controllers.HomeController.Index (Forum)"'
2023-10-29 15:29:08.290 +01:00 [Information] Request finished HTTP/2 GET https://localhost:7205/ - - - 200 - text/html;+charset=utf-8 39.5854ms
2023-10-29 15:29:08.308 +01:00 [Information] Request starting HTTP/2 GET https://localhost:7205/_framework/aspnetcore-browser-refresh.js - -
2023-10-29 15:29:08.308 +01:00 [Information] Request finished HTTP/2 GET https://localhost:7205/_framework/aspnetcore-browser-refresh.js - - - 200 12342 application/javascript;+charset=utf-8 0.1769ms
2023-10-29 15:29:08.308 +01:00 [Information] Request starting HTTP/2 GET https://localhost:7205/_vs/browserLink - -
2023-10-29 15:29:08.310 +01:00 [Information] Request finished HTTP/2 GET https://localhost:7205/_vs/browserLink - - - 200 - text/javascript;+charset=UTF-8 1.5975ms
2023-10-29 15:29:09.564 +01:00 [Information] Request starting HTTP/2 GET https://localhost:7205/Category/CategoryTable - -
2023-10-29 15:29:09.565 +01:00 [Information] Executing endpoint '"Forum.Controllers.CategoryController.CategoryTable (Forum)"'
2023-10-29 15:29:09.567 +01:00 [Information] Route matched with "{action = \"CategoryTable\", controller = \"Category\", page = \"\", area = \"\"}". Executing controller action with signature "System.Threading.Tasks.Task`1[Microsoft.AspNetCore.Mvc.IActionResult] CategoryTable()" on controller "Forum.Controllers.CategoryController" ("Forum").
2023-10-29 15:29:09.572 +01:00 [Information] Executing ViewResult, running view "CategoryTable".
2023-10-29 15:29:09.581 +01:00 [Information] Executed ViewResult - view "CategoryTable" executed in 9.1396ms.
2023-10-29 15:29:09.581 +01:00 [Information] Executed action "Forum.Controllers.CategoryController.CategoryTable (Forum)" in 14.374ms
2023-10-29 15:29:09.581 +01:00 [Information] Executed endpoint '"Forum.Controllers.CategoryController.CategoryTable (Forum)"'
2023-10-29 15:29:09.582 +01:00 [Information] Request finished HTTP/2 GET https://localhost:7205/Category/CategoryTable - - - 200 - text/html;+charset=utf-8 18.6907ms
2023-10-29 15:29:09.593 +01:00 [Information] Request starting HTTP/2 GET https://localhost:7205/_framework/aspnetcore-browser-refresh.js - -
2023-10-29 15:29:09.593 +01:00 [Information] Request starting HTTP/2 GET https://localhost:7205/_vs/browserLink - -
2023-10-29 15:29:09.593 +01:00 [Information] Request finished HTTP/2 GET https://localhost:7205/_framework/aspnetcore-browser-refresh.js - - - 200 12342 application/javascript;+charset=utf-8 0.2073ms
2023-10-29 15:29:09.595 +01:00 [Information] Request finished HTTP/2 GET https://localhost:7205/_vs/browserLink - - - 200 - text/javascript;+charset=UTF-8 2.1077ms
