2023-10-24 12:02:36.423 +02:00 [Information] User profile is available. Using '"C:\Users\abdik\AppData\Local\ASP.NET\DataProtection-Keys"' as key repository and Windows DPAPI to encrypt keys at rest.
2023-10-24 12:02:36.818 +02:00 [Information] Now listening on: "https://localhost:7205"
2023-10-24 12:02:36.818 +02:00 [Information] Now listening on: "http://localhost:5112"
2023-10-24 12:02:36.821 +02:00 [Information] Application started. Press Ctrl+C to shut down.
2023-10-24 12:02:36.822 +02:00 [Information] Hosting environment: "Development"
2023-10-24 12:02:36.822 +02:00 [Information] Content root path: "C:\Users\abdik\Source\Repos\Forum\MyShop\"
2023-10-24 12:02:37.274 +02:00 [Information] Request starting HTTP/2 GET https://localhost:7205/ - -
2023-10-24 12:02:37.309 +02:00 [Information] Executing endpoint '"Forum.Controllers.HomeController.Index (Forum)"'
2023-10-24 12:02:37.316 +02:00 [Information] Route matched with "{action = \"Index\", controller = \"Home\", page = \"\", area = \"\"}". Executing controller action with signature "Microsoft.AspNetCore.Mvc.IActionResult Index()" on controller "Forum.Controllers.HomeController" ("Forum").
2023-10-24 12:02:37.320 +02:00 [Information] Executing ViewResult, running view "Index".
2023-10-24 12:02:37.420 +02:00 [Information] Executed ViewResult - view "Index" executed in 99.226ms.
2023-10-24 12:02:37.422 +02:00 [Information] Executed action "Forum.Controllers.HomeController.Index (Forum)" in 105.2941ms
2023-10-24 12:02:37.422 +02:00 [Information] Executed endpoint '"Forum.Controllers.HomeController.Index (Forum)"'
2023-10-24 12:02:37.434 +02:00 [Information] Request finished HTTP/2 GET https://localhost:7205/ - - - 200 - text/html;+charset=utf-8 161.5389ms
2023-10-24 12:02:37.439 +02:00 [Information] Request starting HTTP/2 GET https://localhost:7205/style.css - -
2023-10-24 12:02:37.439 +02:00 [Information] Request starting HTTP/2 GET https://localhost:7205/css/style.css?v=9lVya84QUdHK81gQHnXo7ABNC7eZT7nB3-k5vXsZcDo - -
2023-10-24 12:02:37.442 +02:00 [Information] Request finished HTTP/2 GET https://localhost:7205/style.css - - - 404 0 - 2.6266ms
2023-10-24 12:02:37.445 +02:00 [Information] Request starting HTTP/2 GET https://localhost:7205/_framework/aspnetcore-browser-refresh.js - -
2023-10-24 12:02:37.446 +02:00 [Information] Request finished HTTP/2 GET https://localhost:7205/_framework/aspnetcore-browser-refresh.js - - - 200 12342 application/javascript;+charset=utf-8 1.4212ms
2023-10-24 12:02:37.450 +02:00 [Information] The file "/css/style.css" was not modified
2023-10-24 12:02:37.450 +02:00 [Information] Request finished HTTP/2 GET https://localhost:7205/css/style.css?v=9lVya84QUdHK81gQHnXo7ABNC7eZT7nB3-k5vXsZcDo - - - 304 - text/css 11.1672ms
2023-10-24 12:02:37.454 +02:00 [Information] Request starting HTTP/2 GET https://localhost:7205/_vs/browserLink - -
2023-10-24 12:02:37.460 +02:00 [Information] Request finished HTTP/2 GET https://localhost:7205/_vs/browserLink - - - 200 - text/javascript;+charset=UTF-8 6.0014ms
