2023-10-27 03:53:58.567 +02:00 [Information] User profile is available. Using '"C:\Users\Johan\AppData\Local\ASP.NET\DataProtection-Keys"' as key repository and Windows DPAPI to encrypt keys at rest.
2023-10-27 03:53:59.135 +02:00 [Information] Now listening on: "https://localhost:7205"
2023-10-27 03:53:59.136 +02:00 [Information] Now listening on: "http://localhost:5112"
2023-10-27 03:53:59.141 +02:00 [Information] Application started. Press Ctrl+C to shut down.
2023-10-27 03:53:59.143 +02:00 [Information] Hosting environment: "Development"
2023-10-27 03:53:59.149 +02:00 [Information] Content root path: "C:\Users\Johan\Source\Repos\N4h0\Forum\MyShop\"
2023-10-27 03:53:59.364 +02:00 [Information] Request starting HTTP/2 GET https://localhost:7205/ - -
2023-10-27 03:53:59.409 +02:00 [Information] Executing endpoint '"Forum.Controllers.HomeController.Index (Forum)"'
2023-10-27 03:53:59.418 +02:00 [Information] Route matched with "{action = \"Index\", controller = \"Home\", page = \"\", area = \"\"}". Executing controller action with signature "System.Threading.Tasks.Task`1[Microsoft.AspNetCore.Mvc.IActionResult] Index()" on controller "Forum.Controllers.HomeController" ("Forum").
2023-10-27 03:53:59.449 +02:00 [Information] Executing ViewResult, running view "Index".
2023-10-27 03:53:59.587 +02:00 [Information] Executed ViewResult - view "Index" executed in 137.6134ms.
2023-10-27 03:53:59.590 +02:00 [Information] Executed action "Forum.Controllers.HomeController.Index (Forum)" in 171.5248ms
2023-10-27 03:53:59.590 +02:00 [Information] Executed endpoint '"Forum.Controllers.HomeController.Index (Forum)"'
2023-10-27 03:53:59.611 +02:00 [Information] Request starting HTTP/2 GET https://localhost:7205/style.css - -
2023-10-27 03:53:59.613 +02:00 [Information] Request finished HTTP/2 GET https://localhost:7205/ - - - 200 - text/html;+charset=utf-8 250.9007ms
2023-10-27 03:53:59.613 +02:00 [Information] Request finished HTTP/2 GET https://localhost:7205/style.css - - - 404 0 - 2.2039ms
2023-10-27 03:53:59.649 +02:00 [Information] Request starting HTTP/2 GET https://localhost:7205/_framework/aspnetcore-browser-refresh.js - -
2023-10-27 03:53:59.652 +02:00 [Information] Request finished HTTP/2 GET https://localhost:7205/_framework/aspnetcore-browser-refresh.js - - - 200 12342 application/javascript;+charset=utf-8 2.9831ms
2023-10-27 03:53:59.656 +02:00 [Information] Request starting HTTP/2 GET https://localhost:7205/_vs/browserLink - -
2023-10-27 03:53:59.665 +02:00 [Information] Request finished HTTP/2 GET https://localhost:7205/_vs/browserLink - - - 200 - text/javascript;+charset=UTF-8 9.3218ms
2023-10-27 03:54:01.295 +02:00 [Information] Request starting HTTP/2 GET https://localhost:7205/Post/PostDetails/1 - -
2023-10-27 03:54:01.297 +02:00 [Information] Executing endpoint '"Forum.Controllers.PostController.PostDetails (Forum)"'
2023-10-27 03:54:01.304 +02:00 [Information] Route matched with "{action = \"PostDetails\", controller = \"Post\", page = \"\", area = \"\"}". Executing controller action with signature "System.Threading.Tasks.Task`1[Microsoft.AspNetCore.Mvc.IActionResult] PostDetails(Int32)" on controller "Forum.Controllers.PostController" ("Forum").
2023-10-27 03:54:01.317 +02:00 [Information] Executing ViewResult, running view "PostDetails".
2023-10-27 03:54:01.381 +02:00 [Information] Executed ViewResult - view "PostDetails" executed in 64.3444ms.
2023-10-27 03:54:01.381 +02:00 [Information] Executed action "Forum.Controllers.PostController.PostDetails (Forum)" in 77.3263ms
2023-10-27 03:54:01.381 +02:00 [Information] Executed endpoint '"Forum.Controllers.PostController.PostDetails (Forum)"'
2023-10-27 03:54:01.382 +02:00 [Information] Request finished HTTP/2 GET https://localhost:7205/Post/PostDetails/1 - - - 200 - text/html;+charset=utf-8 87.8804ms
2023-10-27 03:54:01.390 +02:00 [Information] Request starting HTTP/2 GET https://localhost:7205/_framework/aspnetcore-browser-refresh.js - -
2023-10-27 03:54:01.390 +02:00 [Information] Request starting HTTP/2 GET https://localhost:7205/Post/PostDetails/style.css - -
2023-10-27 03:54:01.390 +02:00 [Information] Request starting HTTP/2 GET https://localhost:7205/_vs/browserLink - -
2023-10-27 03:54:01.390 +02:00 [Information] Request finished HTTP/2 GET https://localhost:7205/_framework/aspnetcore-browser-refresh.js - - - 200 12342 application/javascript;+charset=utf-8 0.3995ms
2023-10-27 03:54:01.392 +02:00 [Information] Executing endpoint '"Forum.Controllers.PostController.PostDetails (Forum)"'
2023-10-27 03:54:01.392 +02:00 [Information] Route matched with "{action = \"PostDetails\", controller = \"Post\", page = \"\", area = \"\"}". Executing controller action with signature "System.Threading.Tasks.Task`1[Microsoft.AspNetCore.Mvc.IActionResult] PostDetails(Int32)" on controller "Forum.Controllers.PostController" ("Forum").
2023-10-27 03:54:01.393 +02:00 [Information] Request finished HTTP/2 GET https://localhost:7205/_vs/browserLink - - - 200 - text/javascript;+charset=UTF-8 2.8352ms
2023-10-27 03:54:01.405 +02:00 [Error] [PostController] post not found for the TopicId 0000
2023-10-27 03:54:01.410 +02:00 [Information] Executing "NotFoundObjectResult", writing value of type '"System.String"'.
2023-10-27 03:54:01.411 +02:00 [Information] Executed action "Forum.Controllers.PostController.PostDetails (Forum)" in 18.9344ms
2023-10-27 03:54:01.411 +02:00 [Information] Executed endpoint '"Forum.Controllers.PostController.PostDetails (Forum)"'
2023-10-27 03:54:01.411 +02:00 [Information] Request finished HTTP/2 GET https://localhost:7205/Post/PostDetails/style.css - - - 404 - text/plain;+charset=utf-8 21.0121ms
2023-10-27 03:54:10.359 +02:00 [Information] Request starting HTTP/2 GET https://localhost:7205/Topic/TopicDetails/1 - -
2023-10-27 03:54:10.360 +02:00 [Information] Executing endpoint '"Forum.Controllers.TopicController.TopicDetails (Forum)"'
2023-10-27 03:54:10.361 +02:00 [Information] Route matched with "{action = \"TopicDetails\", controller = \"Topic\", page = \"\", area = \"\"}". Executing controller action with signature "System.Threading.Tasks.Task`1[Microsoft.AspNetCore.Mvc.IActionResult] TopicDetails(Int32)" on controller "Forum.Controllers.TopicController" ("Forum").
2023-10-27 03:54:10.367 +02:00 [Information] Executing ViewResult, running view "TopicDetails".
2023-10-27 03:54:10.389 +02:00 [Information] Executed ViewResult - view "TopicDetails" executed in 21.7767ms.
2023-10-27 03:54:10.389 +02:00 [Information] Executed action "Forum.Controllers.TopicController.TopicDetails (Forum)" in 27.5121ms
2023-10-27 03:54:10.389 +02:00 [Information] Executed endpoint '"Forum.Controllers.TopicController.TopicDetails (Forum)"'
2023-10-27 03:54:10.390 +02:00 [Information] Request finished HTTP/2 GET https://localhost:7205/Topic/TopicDetails/1 - - - 200 - text/html;+charset=utf-8 30.9324ms
2023-10-27 03:54:10.397 +02:00 [Information] Request starting HTTP/2 GET https://localhost:7205/Topic/TopicDetails/style.css - -
2023-10-27 03:54:10.397 +02:00 [Information] Request starting HTTP/2 GET https://localhost:7205/_framework/aspnetcore-browser-refresh.js - -
2023-10-27 03:54:10.397 +02:00 [Information] Request starting HTTP/2 GET https://localhost:7205/_vs/browserLink - -
2023-10-27 03:54:10.397 +02:00 [Information] Request finished HTTP/2 GET https://localhost:7205/_framework/aspnetcore-browser-refresh.js - - - 200 12342 application/javascript;+charset=utf-8 0.4336ms
2023-10-27 03:54:10.400 +02:00 [Information] Executing endpoint '"Forum.Controllers.TopicController.TopicDetails (Forum)"'
2023-10-27 03:54:10.400 +02:00 [Information] Route matched with "{action = \"TopicDetails\", controller = \"Topic\", page = \"\", area = \"\"}". Executing controller action with signature "System.Threading.Tasks.Task`1[Microsoft.AspNetCore.Mvc.IActionResult] TopicDetails(Int32)" on controller "Forum.Controllers.TopicController" ("Forum").
2023-10-27 03:54:10.401 +02:00 [Information] Request finished HTTP/2 GET https://localhost:7205/_vs/browserLink - - - 200 - text/javascript;+charset=UTF-8 4.4681ms
2023-10-27 03:54:10.405 +02:00 [Error] [TopicController] Topic not found for the TopicId 0000
2023-10-27 03:54:10.405 +02:00 [Information] Executing "NotFoundObjectResult", writing value of type '"System.String"'.
2023-10-27 03:54:10.406 +02:00 [Information] Executed action "Forum.Controllers.TopicController.TopicDetails (Forum)" in 5.5752ms
2023-10-27 03:54:10.406 +02:00 [Information] Executed endpoint '"Forum.Controllers.TopicController.TopicDetails (Forum)"'
2023-10-27 03:54:10.406 +02:00 [Information] Request finished HTTP/2 GET https://localhost:7205/Topic/TopicDetails/style.css - - - 404 - text/plain;+charset=utf-8 9.2510ms
2023-10-27 03:54:14.757 +02:00 [Information] Request starting HTTP/2 GET https://localhost:7205/Post/PostDetails/1 - -
2023-10-27 03:54:14.758 +02:00 [Information] Executing endpoint '"Forum.Controllers.PostController.PostDetails (Forum)"'
2023-10-27 03:54:14.758 +02:00 [Information] Route matched with "{action = \"PostDetails\", controller = \"Post\", page = \"\", area = \"\"}". Executing controller action with signature "System.Threading.Tasks.Task`1[Microsoft.AspNetCore.Mvc.IActionResult] PostDetails(Int32)" on controller "Forum.Controllers.PostController" ("Forum").
2023-10-27 03:54:14.761 +02:00 [Information] Executing ViewResult, running view "PostDetails".
2023-10-27 03:54:14.770 +02:00 [Information] Executed ViewResult - view "PostDetails" executed in 8.9129ms.
2023-10-27 03:54:14.770 +02:00 [Information] Executed action "Forum.Controllers.PostController.PostDetails (Forum)" in 12.4037ms
2023-10-27 03:54:14.770 +02:00 [Information] Executed endpoint '"Forum.Controllers.PostController.PostDetails (Forum)"'
2023-10-27 03:54:14.771 +02:00 [Information] Request finished HTTP/2 GET https://localhost:7205/Post/PostDetails/1 - - - 200 - text/html;+charset=utf-8 14.1950ms
2023-10-27 03:54:14.781 +02:00 [Information] Request starting HTTP/2 GET https://localhost:7205/Post/PostDetails/style.css - -
2023-10-27 03:54:14.781 +02:00 [Information] Request starting HTTP/2 GET https://localhost:7205/_framework/aspnetcore-browser-refresh.js - -
2023-10-27 03:54:14.781 +02:00 [Information] Request starting HTTP/2 GET https://localhost:7205/_vs/browserLink - -
2023-10-27 03:54:14.781 +02:00 [Information] Request finished HTTP/2 GET https://localhost:7205/_framework/aspnetcore-browser-refresh.js - - - 200 12342 application/javascript;+charset=utf-8 0.2682ms
2023-10-27 03:54:14.781 +02:00 [Information] Executing endpoint '"Forum.Controllers.PostController.PostDetails (Forum)"'
2023-10-27 03:54:14.781 +02:00 [Information] Route matched with "{action = \"PostDetails\", controller = \"Post\", page = \"\", area = \"\"}". Executing controller action with signature "System.Threading.Tasks.Task`1[Microsoft.AspNetCore.Mvc.IActionResult] PostDetails(Int32)" on controller "Forum.Controllers.PostController" ("Forum").
2023-10-27 03:54:14.785 +02:00 [Information] Request finished HTTP/2 GET https://localhost:7205/_vs/browserLink - - - 200 - text/javascript;+charset=UTF-8 3.8369ms
2023-10-27 03:54:14.787 +02:00 [Error] [PostController] post not found for the TopicId 0000
2023-10-27 03:54:14.787 +02:00 [Information] Executing "NotFoundObjectResult", writing value of type '"System.String"'.
2023-10-27 03:54:14.787 +02:00 [Information] Executed action "Forum.Controllers.PostController.PostDetails (Forum)" in 6.1958ms
2023-10-27 03:54:14.788 +02:00 [Information] Executed endpoint '"Forum.Controllers.PostController.PostDetails (Forum)"'
2023-10-27 03:54:14.788 +02:00 [Information] Request finished HTTP/2 GET https://localhost:7205/Post/PostDetails/style.css - - - 404 - text/plain;+charset=utf-8 6.6982ms
2023-10-27 03:54:17.668 +02:00 [Information] Request starting HTTP/2 GET https://localhost:7205/Topic/TopicDetails/1 - -
2023-10-27 03:54:17.669 +02:00 [Information] Executing endpoint '"Forum.Controllers.TopicController.TopicDetails (Forum)"'
2023-10-27 03:54:17.669 +02:00 [Information] Route matched with "{action = \"TopicDetails\", controller = \"Topic\", page = \"\", area = \"\"}". Executing controller action with signature "System.Threading.Tasks.Task`1[Microsoft.AspNetCore.Mvc.IActionResult] TopicDetails(Int32)" on controller "Forum.Controllers.TopicController" ("Forum").
2023-10-27 03:54:17.672 +02:00 [Information] Executing ViewResult, running view "TopicDetails".
2023-10-27 03:54:17.682 +02:00 [Information] Executed ViewResult - view "TopicDetails" executed in 10.152ms.
2023-10-27 03:54:17.682 +02:00 [Information] Executed action "Forum.Controllers.TopicController.TopicDetails (Forum)" in 13.627ms
2023-10-27 03:54:17.682 +02:00 [Information] Executed endpoint '"Forum.Controllers.TopicController.TopicDetails (Forum)"'
2023-10-27 03:54:17.684 +02:00 [Information] Request finished HTTP/2 GET https://localhost:7205/Topic/TopicDetails/1 - - - 200 - text/html;+charset=utf-8 15.5502ms
2023-10-27 03:54:17.691 +02:00 [Information] Request starting HTTP/2 GET https://localhost:7205/Topic/TopicDetails/style.css - -
2023-10-27 03:54:17.691 +02:00 [Information] Request starting HTTP/2 GET https://localhost:7205/_framework/aspnetcore-browser-refresh.js - -
2023-10-27 03:54:17.691 +02:00 [Information] Request starting HTTP/2 GET https://localhost:7205/_vs/browserLink - -
2023-10-27 03:54:17.691 +02:00 [Information] Request finished HTTP/2 GET https://localhost:7205/_framework/aspnetcore-browser-refresh.js - - - 200 12342 application/javascript;+charset=utf-8 0.3581ms
2023-10-27 03:54:17.691 +02:00 [Information] Executing endpoint '"Forum.Controllers.TopicController.TopicDetails (Forum)"'
2023-10-27 03:54:17.691 +02:00 [Information] Route matched with "{action = \"TopicDetails\", controller = \"Topic\", page = \"\", area = \"\"}". Executing controller action with signature "System.Threading.Tasks.Task`1[Microsoft.AspNetCore.Mvc.IActionResult] TopicDetails(Int32)" on controller "Forum.Controllers.TopicController" ("Forum").
2023-10-27 03:54:17.695 +02:00 [Information] Request finished HTTP/2 GET https://localhost:7205/_vs/browserLink - - - 200 - text/javascript;+charset=UTF-8 4.0032ms
2023-10-27 03:54:17.698 +02:00 [Error] [TopicController] Topic not found for the TopicId 0000
2023-10-27 03:54:17.698 +02:00 [Information] Executing "NotFoundObjectResult", writing value of type '"System.String"'.
2023-10-27 03:54:17.698 +02:00 [Information] Executed action "Forum.Controllers.TopicController.TopicDetails (Forum)" in 6.5348ms
2023-10-27 03:54:17.698 +02:00 [Information] Executed endpoint '"Forum.Controllers.TopicController.TopicDetails (Forum)"'
2023-10-27 03:54:17.698 +02:00 [Information] Request finished HTTP/2 GET https://localhost:7205/Topic/TopicDetails/style.css - - - 404 - text/plain;+charset=utf-8 7.2390ms
2023-10-27 03:54:28.077 +02:00 [Information] Request starting HTTP/2 GET https://localhost:7205/Room/RoomDetails/1 - -
2023-10-27 03:54:28.079 +02:00 [Information] Executing endpoint '"Forum.Controllers.RoomController.RoomDetails (Forum)"'
2023-10-27 03:54:28.080 +02:00 [Information] Route matched with "{action = \"RoomDetails\", controller = \"Room\", page = \"\", area = \"\"}". Executing controller action with signature "System.Threading.Tasks.Task`1[Microsoft.AspNetCore.Mvc.IActionResult] RoomDetails(Int32)" on controller "Forum.Controllers.RoomController" ("Forum").
2023-10-27 03:54:28.083 +02:00 [Information] RoomDetails called with Room ID: 1
2023-10-27 03:54:28.087 +02:00 [Information] Executing ViewResult, running view "RoomDetails".
2023-10-27 03:54:28.100 +02:00 [Information] Executed ViewResult - view "RoomDetails" executed in 13.1647ms.
2023-10-27 03:54:28.100 +02:00 [Information] Executed action "Forum.Controllers.RoomController.RoomDetails (Forum)" in 19.6009ms
2023-10-27 03:54:28.100 +02:00 [Information] Executed endpoint '"Forum.Controllers.RoomController.RoomDetails (Forum)"'
2023-10-27 03:54:28.101 +02:00 [Information] Request finished HTTP/2 GET https://localhost:7205/Room/RoomDetails/1 - - - 200 - text/html;+charset=utf-8 23.7198ms
2023-10-27 03:54:28.109 +02:00 [Information] Request starting HTTP/2 GET https://localhost:7205/Room/RoomDetails/style.css - -
2023-10-27 03:54:28.109 +02:00 [Information] Request starting HTTP/2 GET https://localhost:7205/_framework/aspnetcore-browser-refresh.js - -
2023-10-27 03:54:28.109 +02:00 [Information] Request starting HTTP/2 GET https://localhost:7205/_vs/browserLink - -
2023-10-27 03:54:28.110 +02:00 [Information] Request finished HTTP/2 GET https://localhost:7205/_framework/aspnetcore-browser-refresh.js - - - 200 12342 application/javascript;+charset=utf-8 0.3186ms
2023-10-27 03:54:28.111 +02:00 [Information] Executing endpoint '"Forum.Controllers.RoomController.RoomDetails (Forum)"'
2023-10-27 03:54:28.111 +02:00 [Information] Route matched with "{action = \"RoomDetails\", controller = \"Room\", page = \"\", area = \"\"}". Executing controller action with signature "System.Threading.Tasks.Task`1[Microsoft.AspNetCore.Mvc.IActionResult] RoomDetails(Int32)" on controller "Forum.Controllers.RoomController" ("Forum").
2023-10-27 03:54:28.112 +02:00 [Information] Request finished HTTP/2 GET https://localhost:7205/_vs/browserLink - - - 200 - text/javascript;+charset=UTF-8 2.3349ms
2023-10-27 03:54:28.114 +02:00 [Information] RoomDetails called with Room ID: 0
2023-10-27 03:54:28.117 +02:00 [Error] Room with ID not found Room ID: 0
2023-10-27 03:54:28.120 +02:00 [Information] Executing StatusCodeResult, setting HTTP status code 404
2023-10-27 03:54:28.120 +02:00 [Information] Executed action "Forum.Controllers.RoomController.RoomDetails (Forum)" in 8.8703ms
2023-10-27 03:54:28.120 +02:00 [Information] Executed endpoint '"Forum.Controllers.RoomController.RoomDetails (Forum)"'
2023-10-27 03:54:28.121 +02:00 [Information] Request finished HTTP/2 GET https://localhost:7205/Room/RoomDetails/style.css - - - 404 0 - 11.2232ms
