2023-10-24 10:16:47.856 +02:00 [Information] User profile is available. Using '"C:\Users\abdik\AppData\Local\ASP.NET\DataProtection-Keys"' as key repository and Windows DPAPI to encrypt keys at rest.
2023-10-24 10:16:48.236 +02:00 [Information] Now listening on: "https://localhost:7205"
2023-10-24 10:16:48.236 +02:00 [Information] Now listening on: "http://localhost:5112"
2023-10-24 10:16:48.239 +02:00 [Information] Application started. Press Ctrl+C to shut down.
2023-10-24 10:16:48.240 +02:00 [Information] Hosting environment: "Development"
2023-10-24 10:16:48.240 +02:00 [Information] Content root path: "C:\Users\abdik\Source\Repos\Forum\MyShop\"
2023-10-24 10:16:48.582 +02:00 [Information] Request starting HTTP/2 GET https://localhost:7205/ - -
2023-10-24 10:16:48.618 +02:00 [Information] Executing endpoint '"Forum.Controllers.HomeController.Index (Forum)"'
2023-10-24 10:16:48.625 +02:00 [Information] Route matched with "{action = \"Index\", controller = \"Home\", page = \"\", area = \"\"}". Executing controller action with signature "Microsoft.AspNetCore.Mvc.IActionResult Index()" on controller "Forum.Controllers.HomeController" ("Forum").
2023-10-24 10:16:48.630 +02:00 [Information] Executing ViewResult, running view "Index".
2023-10-24 10:16:48.724 +02:00 [Information] Executed ViewResult - view "Index" executed in 93.4457ms.
2023-10-24 10:16:48.725 +02:00 [Information] Executed action "Forum.Controllers.HomeController.Index (Forum)" in 99.5182ms
2023-10-24 10:16:48.726 +02:00 [Information] Executed endpoint '"Forum.Controllers.HomeController.Index (Forum)"'
2023-10-24 10:16:48.737 +02:00 [Information] Request finished HTTP/2 GET https://localhost:7205/ - - - 200 - text/html;+charset=utf-8 157.8636ms
2023-10-24 10:16:48.750 +02:00 [Information] Request starting HTTP/2 GET https://localhost:7205/_framework/aspnetcore-browser-refresh.js - -
2023-10-24 10:16:48.750 +02:00 [Information] Request starting HTTP/2 GET https://localhost:7205/style.css - -
2023-10-24 10:16:48.752 +02:00 [Information] Request finished HTTP/2 GET https://localhost:7205/_framework/aspnetcore-browser-refresh.js - - - 200 12342 application/javascript;+charset=utf-8 1.8017ms
2023-10-24 10:16:48.753 +02:00 [Information] Request finished HTTP/2 GET https://localhost:7205/style.css - - - 404 0 - 2.4069ms
2023-10-24 10:16:48.755 +02:00 [Information] Request starting HTTP/2 GET https://localhost:7205/_vs/browserLink - -
2023-10-24 10:16:48.761 +02:00 [Information] Request finished HTTP/2 GET https://localhost:7205/_vs/browserLink - - - 200 - text/javascript;+charset=UTF-8 5.7159ms
