2023-10-18 19:09:42.614 +02:00 [Information] User profile is available. Using '"C:\Users\abdik\AppData\Local\ASP.NET\DataProtection-Keys"' as key repository and Windows DPAPI to encrypt keys at rest.
2023-10-18 19:09:43.022 +02:00 [Information] Now listening on: "https://localhost:7205"
2023-10-18 19:09:43.022 +02:00 [Information] Now listening on: "http://localhost:5112"
2023-10-18 19:09:43.026 +02:00 [Information] Application started. Press Ctrl+C to shut down.
2023-10-18 19:09:43.026 +02:00 [Information] Hosting environment: "Development"
2023-10-18 19:09:43.026 +02:00 [Information] Content root path: "C:\Users\abdik\source\repos\Forum\MyShop\"
2023-10-18 19:09:43.480 +02:00 [Information] Request starting HTTP/2 GET https://localhost:7205/ - -
2023-10-18 19:09:43.521 +02:00 [Information] Executing endpoint '"Forum.Controllers.HomeController.Index (Forum)"'
2023-10-18 19:09:43.528 +02:00 [Information] Route matched with "{action = \"Index\", controller = \"Home\", page = \"\", area = \"\"}". Executing controller action with signature "Microsoft.AspNetCore.Mvc.IActionResult Index()" on controller "Forum.Controllers.HomeController" ("Forum").
2023-10-18 19:09:43.533 +02:00 [Information] Executing ViewResult, running view "Index".
2023-10-18 19:09:43.625 +02:00 [Information] Executed ViewResult - view "Index" executed in 91.6723ms.
2023-10-18 19:09:43.626 +02:00 [Information] Executed action "Forum.Controllers.HomeController.Index (Forum)" in 97.7187ms
2023-10-18 19:09:43.627 +02:00 [Information] Executed endpoint '"Forum.Controllers.HomeController.Index (Forum)"'
2023-10-18 19:09:43.639 +02:00 [Information] Request finished HTTP/2 GET https://localhost:7205/ - - - 200 - text/html;+charset=utf-8 160.8382ms
2023-10-18 19:09:43.645 +02:00 [Information] Request starting HTTP/2 GET https://localhost:7205/_framework/aspnetcore-browser-refresh.js - -
2023-10-18 19:09:43.647 +02:00 [Information] Request finished HTTP/2 GET https://localhost:7205/_framework/aspnetcore-browser-refresh.js - - - 200 12342 application/javascript;+charset=utf-8 1.8239ms
2023-10-18 19:09:43.683 +02:00 [Information] Request starting HTTP/2 GET https://localhost:7205/_vs/browserLink - -
2023-10-18 19:09:43.689 +02:00 [Information] Request finished HTTP/2 GET https://localhost:7205/_vs/browserLink - - - 200 - text/javascript;+charset=UTF-8 6.5349ms
2023-10-18 19:09:45.855 +02:00 [Information] Request starting HTTP/2 GET https://localhost:7205/Search/Search?search=Liverpool - -
2023-10-18 19:09:45.859 +02:00 [Information] Executing endpoint '"Forum.Controllers.SearchController.Search (Forum)"'
2023-10-18 19:09:45.865 +02:00 [Information] Route matched with "{action = \"Search\", controller = \"Search\", page = \"\", area = \"\"}". Executing controller action with signature "Microsoft.AspNetCore.Mvc.IActionResult Search(System.String)" on controller "Forum.Controllers.SearchController" ("Forum").
2023-10-18 19:09:45.893 +02:00 [Information] Executing ViewResult, running view "Search".
2023-10-18 19:09:45.900 +02:00 [Information] Executed ViewResult - view "Search" executed in 7.9402ms.
2023-10-18 19:09:45.901 +02:00 [Information] Executed action "Forum.Controllers.SearchController.Search (Forum)" in 35.0229ms
2023-10-18 19:09:45.901 +02:00 [Information] Executed endpoint '"Forum.Controllers.SearchController.Search (Forum)"'
2023-10-18 19:09:45.902 +02:00 [Information] Request finished HTTP/2 GET https://localhost:7205/Search/Search?search=Liverpool - - - 200 - text/html;+charset=utf-8 46.8127ms
2023-10-18 19:09:45.916 +02:00 [Information] Request starting HTTP/2 GET https://localhost:7205/_vs/browserLink - -
2023-10-18 19:09:45.916 +02:00 [Information] Request starting HTTP/2 GET https://localhost:7205/_framework/aspnetcore-browser-refresh.js - -
2023-10-18 19:09:45.917 +02:00 [Information] Request finished HTTP/2 GET https://localhost:7205/_framework/aspnetcore-browser-refresh.js - - - 200 12342 application/javascript;+charset=utf-8 0.2995ms
2023-10-18 19:09:45.918 +02:00 [Information] Request finished HTTP/2 GET https://localhost:7205/_vs/browserLink - - - 200 - text/javascript;+charset=UTF-8 2.2172ms
2023-10-18 19:09:49.043 +02:00 [Information] Request starting HTTP/2 GET https://localhost:7205/Search/Search?search=Data - -
2023-10-18 19:09:49.052 +02:00 [Information] Executing endpoint '"Forum.Controllers.SearchController.Search (Forum)"'
2023-10-18 19:09:49.052 +02:00 [Information] Route matched with "{action = \"Search\", controller = \"Search\", page = \"\", area = \"\"}". Executing controller action with signature "Microsoft.AspNetCore.Mvc.IActionResult Search(System.String)" on controller "Forum.Controllers.SearchController" ("Forum").
2023-10-18 19:09:49.054 +02:00 [Information] Executing ViewResult, running view "Search".
2023-10-18 19:09:49.056 +02:00 [Information] Executed ViewResult - view "Search" executed in 2.257ms.
2023-10-18 19:09:49.056 +02:00 [Information] Executed action "Forum.Controllers.SearchController.Search (Forum)" in 3.5674ms
2023-10-18 19:09:49.056 +02:00 [Information] Executed endpoint '"Forum.Controllers.SearchController.Search (Forum)"'
2023-10-18 19:09:49.057 +02:00 [Information] Request finished HTTP/2 GET https://localhost:7205/Search/Search?search=Data - - - 200 - text/html;+charset=utf-8 13.3562ms
2023-10-18 19:09:49.073 +02:00 [Information] Request starting HTTP/2 GET https://localhost:7205/_vs/browserLink - -
2023-10-18 19:09:49.073 +02:00 [Information] Request starting HTTP/2 GET https://localhost:7205/_framework/aspnetcore-browser-refresh.js - -
2023-10-18 19:09:49.073 +02:00 [Information] Request finished HTTP/2 GET https://localhost:7205/_framework/aspnetcore-browser-refresh.js - - - 200 12342 application/javascript;+charset=utf-8 0.1955ms
2023-10-18 19:09:49.075 +02:00 [Information] Request finished HTTP/2 GET https://localhost:7205/_vs/browserLink - - - 200 - text/javascript;+charset=UTF-8 2.0144ms
2023-10-18 19:09:51.197 +02:00 [Information] Request starting HTTP/2 GET https://localhost:7205/Search/Search?search=sport - -
2023-10-18 19:09:51.199 +02:00 [Information] Executing endpoint '"Forum.Controllers.SearchController.Search (Forum)"'
2023-10-18 19:09:51.199 +02:00 [Information] Route matched with "{action = \"Search\", controller = \"Search\", page = \"\", area = \"\"}". Executing controller action with signature "Microsoft.AspNetCore.Mvc.IActionResult Search(System.String)" on controller "Forum.Controllers.SearchController" ("Forum").
2023-10-18 19:09:51.200 +02:00 [Information] Executing ViewResult, running view "Search".
2023-10-18 19:09:51.202 +02:00 [Information] Executed ViewResult - view "Search" executed in 2.0049ms.
2023-10-18 19:09:51.202 +02:00 [Information] Executed action "Forum.Controllers.SearchController.Search (Forum)" in 2.7887ms
2023-10-18 19:09:51.202 +02:00 [Information] Executed endpoint '"Forum.Controllers.SearchController.Search (Forum)"'
2023-10-18 19:09:51.202 +02:00 [Information] Request finished HTTP/2 GET https://localhost:7205/Search/Search?search=sport - - - 200 - text/html;+charset=utf-8 5.1465ms
2023-10-18 19:09:51.221 +02:00 [Information] Request starting HTTP/2 GET https://localhost:7205/_vs/browserLink - -
2023-10-18 19:09:51.221 +02:00 [Information] Request starting HTTP/2 GET https://localhost:7205/_framework/aspnetcore-browser-refresh.js - -
2023-10-18 19:09:51.221 +02:00 [Information] Request finished HTTP/2 GET https://localhost:7205/_framework/aspnetcore-browser-refresh.js - - - 200 12342 application/javascript;+charset=utf-8 0.1963ms
2023-10-18 19:09:51.223 +02:00 [Information] Request finished HTTP/2 GET https://localhost:7205/_vs/browserLink - - - 200 - text/javascript;+charset=UTF-8 1.7211ms
2023-10-18 19:09:53.175 +02:00 [Information] Request starting HTTP/2 GET https://localhost:7205/Category/CategoryTable - -
2023-10-18 19:09:53.177 +02:00 [Information] Executing endpoint '"Forum.Controllers.CategoryController.CategoryTable (Forum)"'
2023-10-18 19:09:53.180 +02:00 [Information] Route matched with "{action = \"CategoryTable\", controller = \"Category\", page = \"\", area = \"\"}". Executing controller action with signature "System.Threading.Tasks.Task`1[Microsoft.AspNetCore.Mvc.IActionResult] CategoryTable()" on controller "Forum.Controllers.CategoryController" ("Forum").
2023-10-18 19:09:53.187 +02:00 [Information] Executing ViewResult, running view "CategoryTable".
2023-10-18 19:09:53.195 +02:00 [Information] Executed ViewResult - view "CategoryTable" executed in 8.6096ms.
2023-10-18 19:09:53.195 +02:00 [Information] Executed action "Forum.Controllers.CategoryController.CategoryTable (Forum)" in 15.6535ms
2023-10-18 19:09:53.195 +02:00 [Information] Executed endpoint '"Forum.Controllers.CategoryController.CategoryTable (Forum)"'
2023-10-18 19:09:53.196 +02:00 [Information] Request finished HTTP/2 GET https://localhost:7205/Category/CategoryTable - - - 200 - text/html;+charset=utf-8 21.0485ms
2023-10-18 19:09:53.213 +02:00 [Information] Request starting HTTP/2 GET https://localhost:7205/_framework/aspnetcore-browser-refresh.js - -
2023-10-18 19:09:53.213 +02:00 [Information] Request starting HTTP/2 GET https://localhost:7205/_vs/browserLink - -
2023-10-18 19:09:53.213 +02:00 [Information] Request finished HTTP/2 GET https://localhost:7205/_framework/aspnetcore-browser-refresh.js - - - 200 12342 application/javascript;+charset=utf-8 0.1731ms
2023-10-18 19:09:53.214 +02:00 [Information] Request finished HTTP/2 GET https://localhost:7205/_vs/browserLink - - - 200 - text/javascript;+charset=UTF-8 1.6115ms
2023-10-18 19:09:58.205 +02:00 [Information] Request starting HTTP/2 GET https://localhost:7205/Search/Search?search=%09Culture%2Cfilm+and+music - -
2023-10-18 19:09:58.206 +02:00 [Information] Executing endpoint '"Forum.Controllers.SearchController.Search (Forum)"'
2023-10-18 19:09:58.206 +02:00 [Information] Route matched with "{action = \"Search\", controller = \"Search\", page = \"\", area = \"\"}". Executing controller action with signature "Microsoft.AspNetCore.Mvc.IActionResult Search(System.String)" on controller "Forum.Controllers.SearchController" ("Forum").
2023-10-18 19:09:58.207 +02:00 [Information] Executing ViewResult, running view "Search".
2023-10-18 19:09:58.209 +02:00 [Information] Executed ViewResult - view "Search" executed in 1.7992ms.
2023-10-18 19:09:58.209 +02:00 [Information] Executed action "Forum.Controllers.SearchController.Search (Forum)" in 2.6751ms
2023-10-18 19:09:58.209 +02:00 [Information] Executed endpoint '"Forum.Controllers.SearchController.Search (Forum)"'
2023-10-18 19:09:58.210 +02:00 [Information] Request finished HTTP/2 GET https://localhost:7205/Search/Search?search=%09Culture%2Cfilm+and+music - - - 200 - text/html;+charset=utf-8 5.3445ms
2023-10-18 19:09:58.224 +02:00 [Information] Request starting HTTP/2 GET https://localhost:7205/_vs/browserLink - -
2023-10-18 19:09:58.225 +02:00 [Information] Request starting HTTP/2 GET https://localhost:7205/_framework/aspnetcore-browser-refresh.js - -
2023-10-18 19:09:58.225 +02:00 [Information] Request finished HTTP/2 GET https://localhost:7205/_framework/aspnetcore-browser-refresh.js - - - 200 12342 application/javascript;+charset=utf-8 0.1368ms
2023-10-18 19:09:58.226 +02:00 [Information] Request finished HTTP/2 GET https://localhost:7205/_vs/browserLink - - - 200 - text/javascript;+charset=UTF-8 1.7799ms
2023-10-18 19:10:06.131 +02:00 [Information] Request starting HTTP/2 GET https://localhost:7205/Search/Search?search=Culture - -
2023-10-18 19:10:06.132 +02:00 [Information] Executing endpoint '"Forum.Controllers.SearchController.Search (Forum)"'
2023-10-18 19:10:06.132 +02:00 [Information] Route matched with "{action = \"Search\", controller = \"Search\", page = \"\", area = \"\"}". Executing controller action with signature "Microsoft.AspNetCore.Mvc.IActionResult Search(System.String)" on controller "Forum.Controllers.SearchController" ("Forum").
2023-10-18 19:10:06.133 +02:00 [Information] Executing ViewResult, running view "Search".
2023-10-18 19:10:06.135 +02:00 [Information] Executed ViewResult - view "Search" executed in 1.6237ms.
2023-10-18 19:10:06.135 +02:00 [Information] Executed action "Forum.Controllers.SearchController.Search (Forum)" in 2.3271ms
2023-10-18 19:10:06.135 +02:00 [Information] Executed endpoint '"Forum.Controllers.SearchController.Search (Forum)"'
2023-10-18 19:10:06.135 +02:00 [Information] Request finished HTTP/2 GET https://localhost:7205/Search/Search?search=Culture - - - 200 - text/html;+charset=utf-8 4.5298ms
2023-10-18 19:10:06.152 +02:00 [Information] Request starting HTTP/2 GET https://localhost:7205/_vs/browserLink - -
2023-10-18 19:10:06.153 +02:00 [Information] Request starting HTTP/2 GET https://localhost:7205/_framework/aspnetcore-browser-refresh.js - -
2023-10-18 19:10:06.153 +02:00 [Information] Request finished HTTP/2 GET https://localhost:7205/_framework/aspnetcore-browser-refresh.js - - - 200 12342 application/javascript;+charset=utf-8 0.1246ms
2023-10-18 19:10:06.154 +02:00 [Information] Request finished HTTP/2 GET https://localhost:7205/_vs/browserLink - - - 200 - text/javascript;+charset=UTF-8 2.3661ms
