2023-10-30 18:01:20.805 +01:00 [Information] User profile is available. Using '"C:\Users\abdik\AppData\Local\ASP.NET\DataProtection-Keys"' as key repository and Windows DPAPI to encrypt keys at rest.
2023-10-30 18:01:21.277 +01:00 [Information] Now listening on: "https://localhost:7205"
2023-10-30 18:01:21.277 +01:00 [Information] Now listening on: "http://localhost:5112"
2023-10-30 18:01:21.280 +01:00 [Information] Application started. Press Ctrl+C to shut down.
2023-10-30 18:01:21.280 +01:00 [Information] Hosting environment: "Development"
2023-10-30 18:01:21.280 +01:00 [Information] Content root path: "C:\Users\abdik\Source\Repos\Forum\MyShop\"
2023-10-30 18:01:21.404 +01:00 [Information] Request starting HTTP/2 GET https://localhost:7205/Post/PostDetails/2 - -
2023-10-30 18:01:21.446 +01:00 [Information] Executing endpoint '"Forum.Controllers.PostController.PostDetails (Forum)"'
2023-10-30 18:01:21.462 +01:00 [Information] Route matched with "{action = \"PostDetails\", controller = \"Post\", page = \"\", area = \"\"}". Executing controller action with signature "System.Threading.Tasks.Task`1[Microsoft.AspNetCore.Mvc.IActionResult] PostDetails(Int32)" on controller "Forum.Controllers.PostController" ("Forum").
2023-10-30 18:01:21.504 +01:00 [Information] Executing ViewResult, running view "PostDetails".
2023-10-30 18:01:21.701 +01:00 [Information] Executed ViewResult - view "PostDetails" executed in 196.6018ms.
2023-10-30 18:01:21.703 +01:00 [Information] Executed action "Forum.Controllers.PostController.PostDetails (Forum)" in 240.8359ms
2023-10-30 18:01:21.703 +01:00 [Information] Executed endpoint '"Forum.Controllers.PostController.PostDetails (Forum)"'
2023-10-30 18:01:21.721 +01:00 [Information] Request finished HTTP/2 GET https://localhost:7205/Post/PostDetails/2 - - - 200 - text/html;+charset=utf-8 319.8416ms
2023-10-30 18:01:21.723 +01:00 [Information] Request starting HTTP/2 GET https://localhost:7205/lib/bootstrap/js/bootstrap.js - -
2023-10-30 18:01:21.723 +01:00 [Information] Request starting HTTP/2 GET https://localhost:7205/lib/jquery-validation-unobtrusive/jquery.validate.unobtrusive.js - -
2023-10-30 18:01:21.723 +01:00 [Information] Request starting HTTP/2 GET https://localhost:7205/lib/jquery-validate/jquery.validate.js - -
2023-10-30 18:01:21.725 +01:00 [Information] Request starting HTTP/2 GET https://localhost:7205/_framework/aspnetcore-browser-refresh.js - -
2023-10-30 18:01:21.725 +01:00 [Information] Request starting HTTP/2 GET https://localhost:7205/css/style.css - -
2023-10-30 18:01:21.726 +01:00 [Information] Request starting HTTP/2 GET https://localhost:7205/css/style.css?v=7qXswWkwcHuhatYiXCkiEczRrR7WNwT7ifp5qa6kH28 - -
2023-10-30 18:01:21.726 +01:00 [Information] The file "/lib/jquery-validation-unobtrusive/jquery.validate.unobtrusive.js" was not modified
2023-10-30 18:01:21.726 +01:00 [Information] The file "/lib/bootstrap/js/bootstrap.js" was not modified
2023-10-30 18:01:21.726 +01:00 [Information] The file "/css/style.css" was not modified
2023-10-30 18:01:21.727 +01:00 [Information] The file "/lib/jquery-validate/jquery.validate.js" was not modified
2023-10-30 18:01:21.727 +01:00 [Information] The file "/css/style.css" was not modified
2023-10-30 18:01:21.727 +01:00 [Information] Request finished HTTP/2 GET https://localhost:7205/lib/jquery-validation-unobtrusive/jquery.validate.unobtrusive.js - - - 304 - application/javascript 3.8041ms
2023-10-30 18:01:21.727 +01:00 [Information] Request finished HTTP/2 GET https://localhost:7205/lib/jquery-validate/jquery.validate.js - - - 304 - application/javascript 3.8128ms
2023-10-30 18:01:21.727 +01:00 [Information] Request finished HTTP/2 GET https://localhost:7205/lib/bootstrap/js/bootstrap.js - - - 304 - application/javascript 3.7965ms
2023-10-30 18:01:21.727 +01:00 [Information] Request finished HTTP/2 GET https://localhost:7205/css/style.css?v=7qXswWkwcHuhatYiXCkiEczRrR7WNwT7ifp5qa6kH28 - - - 304 - text/css 1.4360ms
2023-10-30 18:01:21.727 +01:00 [Information] Request finished HTTP/2 GET https://localhost:7205/css/style.css - - - 304 - text/css 1.6118ms
2023-10-30 18:01:21.728 +01:00 [Information] Request finished HTTP/2 GET https://localhost:7205/_framework/aspnetcore-browser-refresh.js - - - 200 12342 application/javascript;+charset=utf-8 2.3639ms
2023-10-30 18:01:21.734 +01:00 [Information] Request starting HTTP/2 GET https://localhost:7205/_vs/browserLink - -
2023-10-30 18:01:21.741 +01:00 [Information] Request finished HTTP/2 GET https://localhost:7205/_vs/browserLink - - - 200 - text/javascript;+charset=UTF-8 6.8599ms
