2023-10-23 20:10:15.646 +02:00 [Information] User profile is available. Using '"C:\Users\abdik\AppData\Local\ASP.NET\DataProtection-Keys"' as key repository and Windows DPAPI to encrypt keys at rest.
2023-10-23 20:10:16.067 +02:00 [Information] Now listening on: "https://localhost:7205"
2023-10-23 20:10:16.067 +02:00 [Information] Now listening on: "http://localhost:5112"
2023-10-23 20:10:16.071 +02:00 [Information] Application started. Press Ctrl+C to shut down.
2023-10-23 20:10:16.071 +02:00 [Information] Hosting environment: "Development"
2023-10-23 20:10:16.071 +02:00 [Information] Content root path: "C:\Users\abdik\Source\Repos\Forum\MyShop\"
2023-10-23 20:10:16.398 +02:00 [Information] Request starting HTTP/2 GET https://localhost:7205/Search/Search?search=Liverpool - -
2023-10-23 20:10:16.442 +02:00 [Information] Executing endpoint '"Forum.Controllers.SearchController.Search (Forum)"'
2023-10-23 20:10:16.456 +02:00 [Information] Route matched with "{action = \"Search\", controller = \"Search\", page = \"\", area = \"\"}". Executing controller action with signature "Microsoft.AspNetCore.Mvc.IActionResult Search(System.String)" on controller "Forum.Controllers.SearchController" ("Forum").
2023-10-23 20:10:16.510 +02:00 [Information] Executing ViewResult, running view "Search".
2023-10-23 20:10:16.613 +02:00 [Information] Executed ViewResult - view "Search" executed in 102.0549ms.
2023-10-23 20:10:16.614 +02:00 [Information] Executed action "Forum.Controllers.SearchController.Search (Forum)" in 157.889ms
2023-10-23 20:10:16.615 +02:00 [Information] Executed endpoint '"Forum.Controllers.SearchController.Search (Forum)"'
2023-10-23 20:10:16.627 +02:00 [Information] Request finished HTTP/2 GET https://localhost:7205/Search/Search?search=Liverpool - - - 200 - text/html;+charset=utf-8 231.8184ms
2023-10-23 20:10:16.637 +02:00 [Information] Request starting HTTP/2 GET https://localhost:7205/Search/style.css - -
2023-10-23 20:10:16.637 +02:00 [Information] Request starting HTTP/2 GET https://localhost:7205/css/style.css?v=35HH4RfJtST0sDq0rMotu1E2heftLFgWrkUbXojxluA - -
2023-10-23 20:10:16.640 +02:00 [Information] The file "/css/style.css" was not modified
2023-10-23 20:10:16.640 +02:00 [Information] Request finished HTTP/2 GET https://localhost:7205/Search/style.css - - - 404 0 - 3.4480ms
2023-10-23 20:10:16.640 +02:00 [Information] Request finished HTTP/2 GET https://localhost:7205/css/style.css?v=35HH4RfJtST0sDq0rMotu1E2heftLFgWrkUbXojxluA - - - 304 - text/css 3.9119ms
2023-10-23 20:10:16.643 +02:00 [Information] Request starting HTTP/2 GET https://localhost:7205/_framework/aspnetcore-browser-refresh.js - -
2023-10-23 20:10:16.645 +02:00 [Information] Request finished HTTP/2 GET https://localhost:7205/_framework/aspnetcore-browser-refresh.js - - - 200 12342 application/javascript;+charset=utf-8 1.6361ms
2023-10-23 20:10:16.646 +02:00 [Information] Request starting HTTP/2 GET https://localhost:7205/_vs/browserLink - -
2023-10-23 20:10:16.653 +02:00 [Information] Request finished HTTP/2 GET https://localhost:7205/_vs/browserLink - - - 200 - text/javascript;+charset=UTF-8 7.1279ms
2023-10-23 20:10:24.666 +02:00 [Information] Request starting HTTP/2 GET https://localhost:7205/Search/Search?search= - -
2023-10-23 20:10:24.668 +02:00 [Information] Executing endpoint '"Forum.Controllers.SearchController.Search (Forum)"'
2023-10-23 20:10:24.668 +02:00 [Information] Route matched with "{action = \"Search\", controller = \"Search\", page = \"\", area = \"\"}". Executing controller action with signature "Microsoft.AspNetCore.Mvc.IActionResult Search(System.String)" on controller "Forum.Controllers.SearchController" ("Forum").
2023-10-23 20:10:24.671 +02:00 [Information] Executing ViewResult, running view "Search".
2023-10-23 20:10:24.678 +02:00 [Information] Executed ViewResult - view "Search" executed in 6.5508ms.
2023-10-23 20:10:24.678 +02:00 [Information] Executed action "Forum.Controllers.SearchController.Search (Forum)" in 9.9824ms
2023-10-23 20:10:24.678 +02:00 [Information] Executed endpoint '"Forum.Controllers.SearchController.Search (Forum)"'
2023-10-23 20:10:24.679 +02:00 [Information] Request finished HTTP/2 GET https://localhost:7205/Search/Search?search= - - - 200 - text/html;+charset=utf-8 12.5866ms
2023-10-23 20:10:24.692 +02:00 [Information] Request starting HTTP/2 GET https://localhost:7205/_framework/aspnetcore-browser-refresh.js - -
2023-10-23 20:10:24.692 +02:00 [Information] Request starting HTTP/2 GET https://localhost:7205/Search/style.css - -
2023-10-23 20:10:24.692 +02:00 [Information] Request finished HTTP/2 GET https://localhost:7205/_framework/aspnetcore-browser-refresh.js - - - 200 12342 application/javascript;+charset=utf-8 0.3922ms
2023-10-23 20:10:24.693 +02:00 [Information] Request finished HTTP/2 GET https://localhost:7205/Search/style.css - - - 404 0 - 0.4547ms
2023-10-23 20:10:24.702 +02:00 [Information] Request starting HTTP/2 GET https://localhost:7205/_vs/browserLink - -
2023-10-23 20:10:24.704 +02:00 [Information] Request finished HTTP/2 GET https://localhost:7205/_vs/browserLink - - - 200 - text/javascript;+charset=UTF-8 1.9779ms
2023-10-23 20:10:26.441 +02:00 [Information] Request starting HTTP/2 GET https://localhost:7205/Search/Search?search=Data - -
2023-10-23 20:10:26.441 +02:00 [Information] Executing endpoint '"Forum.Controllers.SearchController.Search (Forum)"'
2023-10-23 20:10:26.441 +02:00 [Information] Route matched with "{action = \"Search\", controller = \"Search\", page = \"\", area = \"\"}". Executing controller action with signature "Microsoft.AspNetCore.Mvc.IActionResult Search(System.String)" on controller "Forum.Controllers.SearchController" ("Forum").
2023-10-23 20:10:26.444 +02:00 [Information] Executing ViewResult, running view "Search".
2023-10-23 20:10:26.450 +02:00 [Information] Executed ViewResult - view "Search" executed in 5.4523ms.
2023-10-23 20:10:26.450 +02:00 [Information] Executed action "Forum.Controllers.SearchController.Search (Forum)" in 8.4722ms
2023-10-23 20:10:26.450 +02:00 [Information] Executed endpoint '"Forum.Controllers.SearchController.Search (Forum)"'
2023-10-23 20:10:26.451 +02:00 [Information] Request finished HTTP/2 GET https://localhost:7205/Search/Search?search=Data - - - 200 - text/html;+charset=utf-8 10.2475ms
2023-10-23 20:10:26.463 +02:00 [Information] Request starting HTTP/2 GET https://localhost:7205/Search/style.css - -
2023-10-23 20:10:26.464 +02:00 [Information] Request starting HTTP/2 GET https://localhost:7205/_vs/browserLink - -
2023-10-23 20:10:26.464 +02:00 [Information] Request finished HTTP/2 GET https://localhost:7205/Search/style.css - - - 404 0 - 0.5296ms
2023-10-23 20:10:26.464 +02:00 [Information] Request starting HTTP/2 GET https://localhost:7205/_framework/aspnetcore-browser-refresh.js - -
2023-10-23 20:10:26.464 +02:00 [Information] Request finished HTTP/2 GET https://localhost:7205/_framework/aspnetcore-browser-refresh.js - - - 200 12342 application/javascript;+charset=utf-8 0.1677ms
2023-10-23 20:10:26.466 +02:00 [Information] Request finished HTTP/2 GET https://localhost:7205/_vs/browserLink - - - 200 - text/javascript;+charset=UTF-8 2.0510ms
2023-10-23 20:10:33.085 +02:00 [Information] Request starting HTTP/2 GET https://localhost:7205/Search/Search?search=fotball - -
2023-10-23 20:10:33.085 +02:00 [Information] Executing endpoint '"Forum.Controllers.SearchController.Search (Forum)"'
2023-10-23 20:10:33.086 +02:00 [Information] Route matched with "{action = \"Search\", controller = \"Search\", page = \"\", area = \"\"}". Executing controller action with signature "Microsoft.AspNetCore.Mvc.IActionResult Search(System.String)" on controller "Forum.Controllers.SearchController" ("Forum").
2023-10-23 20:10:33.088 +02:00 [Information] Executing ViewResult, running view "Search".
2023-10-23 20:10:33.091 +02:00 [Information] Executed ViewResult - view "Search" executed in 2.2543ms.
2023-10-23 20:10:33.091 +02:00 [Information] Executed action "Forum.Controllers.SearchController.Search (Forum)" in 5.078ms
2023-10-23 20:10:33.091 +02:00 [Information] Executed endpoint '"Forum.Controllers.SearchController.Search (Forum)"'
2023-10-23 20:10:33.091 +02:00 [Information] Request finished HTTP/2 GET https://localhost:7205/Search/Search?search=fotball - - - 200 - text/html;+charset=utf-8 6.6192ms
2023-10-23 20:10:33.100 +02:00 [Information] Request starting HTTP/2 GET https://localhost:7205/Search/style.css - -
2023-10-23 20:10:33.101 +02:00 [Information] Request finished HTTP/2 GET https://localhost:7205/Search/style.css - - - 404 0 - 0.4520ms
2023-10-23 20:10:33.103 +02:00 [Information] Request starting HTTP/2 GET https://localhost:7205/_vs/browserLink - -
2023-10-23 20:10:33.104 +02:00 [Information] Request starting HTTP/2 GET https://localhost:7205/_framework/aspnetcore-browser-refresh.js - -
2023-10-23 20:10:33.104 +02:00 [Information] Request finished HTTP/2 GET https://localhost:7205/_framework/aspnetcore-browser-refresh.js - - - 200 12342 application/javascript;+charset=utf-8 0.1235ms
2023-10-23 20:10:33.105 +02:00 [Information] Request finished HTTP/2 GET https://localhost:7205/_vs/browserLink - - - 200 - text/javascript;+charset=UTF-8 1.9635ms
2023-10-23 20:10:35.119 +02:00 [Information] Request starting HTTP/2 GET https://localhost:7205/Search/Search?search=Liverpool - -
2023-10-23 20:10:35.120 +02:00 [Information] Executing endpoint '"Forum.Controllers.SearchController.Search (Forum)"'
2023-10-23 20:10:35.120 +02:00 [Information] Route matched with "{action = \"Search\", controller = \"Search\", page = \"\", area = \"\"}". Executing controller action with signature "Microsoft.AspNetCore.Mvc.IActionResult Search(System.String)" on controller "Forum.Controllers.SearchController" ("Forum").
2023-10-23 20:10:35.122 +02:00 [Information] Executing ViewResult, running view "Search".
2023-10-23 20:10:35.124 +02:00 [Information] Executed ViewResult - view "Search" executed in 1.9187ms.
2023-10-23 20:10:35.124 +02:00 [Information] Executed action "Forum.Controllers.SearchController.Search (Forum)" in 4.1869ms
2023-10-23 20:10:35.124 +02:00 [Information] Executed endpoint '"Forum.Controllers.SearchController.Search (Forum)"'
2023-10-23 20:10:35.125 +02:00 [Information] Request finished HTTP/2 GET https://localhost:7205/Search/Search?search=Liverpool - - - 200 - text/html;+charset=utf-8 5.8282ms
2023-10-23 20:10:35.137 +02:00 [Information] Request starting HTTP/2 GET https://localhost:7205/Search/style.css - -
2023-10-23 20:10:35.138 +02:00 [Information] Request finished HTTP/2 GET https://localhost:7205/Search/style.css - - - 404 0 - 0.4518ms
2023-10-23 20:10:35.138 +02:00 [Information] Request starting HTTP/2 GET https://localhost:7205/_vs/browserLink - -
2023-10-23 20:10:35.138 +02:00 [Information] Request starting HTTP/2 GET https://localhost:7205/_framework/aspnetcore-browser-refresh.js - -
2023-10-23 20:10:35.138 +02:00 [Information] Request finished HTTP/2 GET https://localhost:7205/_framework/aspnetcore-browser-refresh.js - - - 200 12342 application/javascript;+charset=utf-8 0.2036ms
2023-10-23 20:10:35.141 +02:00 [Information] Request finished HTTP/2 GET https://localhost:7205/_vs/browserLink - - - 200 - text/javascript;+charset=UTF-8 3.3045ms
