2023-10-24 14:09:46.097 +02:00 [Information] User profile is available. Using '"C:\Users\abdik\AppData\Local\ASP.NET\DataProtection-Keys"' as key repository and Windows DPAPI to encrypt keys at rest.
2023-10-24 14:09:46.491 +02:00 [Information] Now listening on: "https://localhost:7205"
2023-10-24 14:09:46.491 +02:00 [Information] Now listening on: "http://localhost:5112"
2023-10-24 14:09:46.494 +02:00 [Information] Application started. Press Ctrl+C to shut down.
2023-10-24 14:09:46.495 +02:00 [Information] Hosting environment: "Development"
2023-10-24 14:09:46.495 +02:00 [Information] Content root path: "C:\Users\abdik\Source\Repos\Forum\MyShop\"
2023-10-24 14:09:46.733 +02:00 [Information] Request starting HTTP/2 GET https://localhost:7205/ - -
2023-10-24 14:09:46.768 +02:00 [Information] Executing endpoint '"Forum.Controllers.HomeController.Index (Forum)"'
2023-10-24 14:09:46.777 +02:00 [Information] Route matched with "{action = \"Index\", controller = \"Home\", page = \"\", area = \"\"}". Executing controller action with signature "Microsoft.AspNetCore.Mvc.IActionResult Index()" on controller "Forum.Controllers.HomeController" ("Forum").
2023-10-24 14:09:46.781 +02:00 [Information] Request starting HTTP/2 GET https://localhost:7205/Topic/TopicDetails/4 - -
2023-10-24 14:09:46.782 +02:00 [Information] Executing ViewResult, running view "Index".
2023-10-24 14:09:46.784 +02:00 [Information] Executing endpoint '"Forum.Controllers.TopicController.TopicDetails (Forum)"'
2023-10-24 14:09:46.793 +02:00 [Information] Route matched with "{action = \"TopicDetails\", controller = \"Topic\", page = \"\", area = \"\"}". Executing controller action with signature "System.Threading.Tasks.Task`1[Microsoft.AspNetCore.Mvc.IActionResult] TopicDetails(Int32)" on controller "Forum.Controllers.TopicController" ("Forum").
2023-10-24 14:09:46.805 +02:00 [Information] Executing ViewResult, running view "TopicDetails".
2023-10-24 14:09:46.885 +02:00 [Information] Executed ViewResult - view "Index" executed in 103.7275ms.
2023-10-24 14:09:46.885 +02:00 [Information] Executed ViewResult - view "TopicDetails" executed in 76.9964ms.
2023-10-24 14:09:46.886 +02:00 [Information] Executed action "Forum.Controllers.TopicController.TopicDetails (Forum)" in 92.8901ms
2023-10-24 14:09:46.886 +02:00 [Information] Executed action "Forum.Controllers.HomeController.Index (Forum)" in 109.4928ms
2023-10-24 14:09:46.887 +02:00 [Information] Executed endpoint '"Forum.Controllers.HomeController.Index (Forum)"'
2023-10-24 14:09:46.887 +02:00 [Information] Executed endpoint '"Forum.Controllers.TopicController.TopicDetails (Forum)"'
2023-10-24 14:09:46.897 +02:00 [Information] Request finished HTTP/2 GET https://localhost:7205/ - - - 200 - text/html;+charset=utf-8 166.5910ms
2023-10-24 14:09:46.897 +02:00 [Information] Request finished HTTP/2 GET https://localhost:7205/Topic/TopicDetails/4 - - - 200 - text/html;+charset=utf-8 115.7817ms
2023-10-24 14:09:46.901 +02:00 [Information] Request starting HTTP/2 GET https://localhost:7205/_framework/aspnetcore-browser-refresh.js - -
2023-10-24 14:09:46.901 +02:00 [Information] Request starting HTTP/2 GET https://localhost:7205/Topic/TopicDetails/style.css - -
2023-10-24 14:09:46.903 +02:00 [Information] Request finished HTTP/2 GET https://localhost:7205/_framework/aspnetcore-browser-refresh.js - - - 200 12342 application/javascript;+charset=utf-8 1.5629ms
2023-10-24 14:09:46.903 +02:00 [Information] Executing endpoint '"Forum.Controllers.TopicController.TopicDetails (Forum)"'
2023-10-24 14:09:46.903 +02:00 [Information] Route matched with "{action = \"TopicDetails\", controller = \"Topic\", page = \"\", area = \"\"}". Executing controller action with signature "System.Threading.Tasks.Task`1[Microsoft.AspNetCore.Mvc.IActionResult] TopicDetails(Int32)" on controller "Forum.Controllers.TopicController" ("Forum").
2023-10-24 14:09:46.910 +02:00 [Error] [TopicController] Topic not found for the TopicId 0000
2023-10-24 14:09:46.915 +02:00 [Information] Executing "NotFoundObjectResult", writing value of type '"System.String"'.
2023-10-24 14:09:46.915 +02:00 [Information] Executed action "Forum.Controllers.TopicController.TopicDetails (Forum)" in 12.305ms
2023-10-24 14:09:46.915 +02:00 [Information] Executed endpoint '"Forum.Controllers.TopicController.TopicDetails (Forum)"'
2023-10-24 14:09:46.916 +02:00 [Information] Request finished HTTP/2 GET https://localhost:7205/Topic/TopicDetails/style.css - - - 404 - text/plain;+charset=utf-8 14.6108ms
2023-10-24 14:09:46.932 +02:00 [Information] Request starting HTTP/2 GET https://localhost:7205/_vs/browserLink - -
2023-10-24 14:09:46.938 +02:00 [Information] Request finished HTTP/2 GET https://localhost:7205/_vs/browserLink - - - 200 - text/javascript;+charset=UTF-8 6.5442ms
2023-10-24 14:09:49.067 +02:00 [Information] Request starting HTTP/2 GET https://localhost:7205/ - -
2023-10-24 14:09:49.067 +02:00 [Information] Executing endpoint '"Forum.Controllers.HomeController.Index (Forum)"'
2023-10-24 14:09:49.067 +02:00 [Information] Route matched with "{action = \"Index\", controller = \"Home\", page = \"\", area = \"\"}". Executing controller action with signature "Microsoft.AspNetCore.Mvc.IActionResult Index()" on controller "Forum.Controllers.HomeController" ("Forum").
2023-10-24 14:09:49.068 +02:00 [Information] Executing ViewResult, running view "Index".
2023-10-24 14:09:49.073 +02:00 [Information] Executed ViewResult - view "Index" executed in 5.1228ms.
2023-10-24 14:09:49.073 +02:00 [Information] Executed action "Forum.Controllers.HomeController.Index (Forum)" in 5.3341ms
2023-10-24 14:09:49.073 +02:00 [Information] Executed endpoint '"Forum.Controllers.HomeController.Index (Forum)"'
2023-10-24 14:09:49.074 +02:00 [Information] Request finished HTTP/2 GET https://localhost:7205/ - - - 200 - text/html;+charset=utf-8 7.5284ms
2023-10-24 14:09:49.087 +02:00 [Information] Request starting HTTP/2 GET https://localhost:7205/style.css - -
2023-10-24 14:09:49.088 +02:00 [Information] Request finished HTTP/2 GET https://localhost:7205/style.css - - - 404 0 - 0.7740ms
2023-10-24 14:09:49.088 +02:00 [Information] Request starting HTTP/2 GET https://localhost:7205/images/fotball.jpg - -
2023-10-24 14:09:49.095 +02:00 [Information] Request starting HTTP/2 GET https://localhost:7205/images/vacation.jpg - -
2023-10-24 14:09:49.095 +02:00 [Information] Request starting HTTP/2 GET https://localhost:7205/_framework/aspnetcore-browser-refresh.js - -
2023-10-24 14:09:49.096 +02:00 [Information] Request finished HTTP/2 GET https://localhost:7205/_framework/aspnetcore-browser-refresh.js - - - 200 12342 application/javascript;+charset=utf-8 0.2457ms
2023-10-24 14:09:49.096 +02:00 [Information] Request starting HTTP/2 GET https://localhost:7205/images/skiEquipments.jpg - -
2023-10-24 14:09:49.096 +02:00 [Information] Request starting HTTP/2 GET https://localhost:7205/_vs/browserLink - -
2023-10-24 14:09:49.097 +02:00 [Information] The file "/images/fotball.jpg" was not modified
2023-10-24 14:09:49.098 +02:00 [Information] The file "/images/vacation.jpg" was not modified
2023-10-24 14:09:49.098 +02:00 [Information] Request finished HTTP/2 GET https://localhost:7205/images/fotball.jpg - - - 304 - image/jpeg 9.3611ms
2023-10-24 14:09:49.098 +02:00 [Information] Request finished HTTP/2 GET https://localhost:7205/images/vacation.jpg - - - 304 - image/jpeg 2.9131ms
2023-10-24 14:09:49.098 +02:00 [Information] The file "/images/skiEquipments.jpg" was not modified
2023-10-24 14:09:49.098 +02:00 [Information] Request finished HTTP/2 GET https://localhost:7205/images/skiEquipments.jpg - - - 304 - image/jpeg 2.4106ms
2023-10-24 14:09:49.099 +02:00 [Information] Request finished HTTP/2 GET https://localhost:7205/_vs/browserLink - - - 200 - text/javascript;+charset=UTF-8 2.2016ms
2023-10-24 14:11:10.525 +02:00 [Information] Request starting HTTP/2 GET https://localhost:7205/_framework/clear-browser-cache - -
2023-10-24 14:11:10.525 +02:00 [Information] Request finished HTTP/2 GET https://localhost:7205/_framework/clear-browser-cache - - - 200 0 - 0.8195ms
