2023-10-26 00:27:27.449 +02:00 [Information] User profile is available. Using '"C:\Users\Johan\AppData\Local\ASP.NET\DataProtection-Keys"' as key repository and Windows DPAPI to encrypt keys at rest.
2023-10-26 00:27:28.048 +02:00 [Information] Now listening on: "https://localhost:7205"
2023-10-26 00:27:28.049 +02:00 [Information] Now listening on: "http://localhost:5112"
2023-10-26 00:27:28.054 +02:00 [Information] Application started. Press Ctrl+C to shut down.
2023-10-26 00:27:28.055 +02:00 [Information] Hosting environment: "Development"
2023-10-26 00:27:28.056 +02:00 [Information] Content root path: "C:\Users\Johan\Source\Repos\N4h0\Forum\MyShop\"
2023-10-26 00:27:28.620 +02:00 [Information] Request starting HTTP/2 GET https://localhost:7205/ - -
2023-10-26 00:27:28.667 +02:00 [Information] Executing endpoint '"Forum.Controllers.HomeController.Index (Forum)"'
2023-10-26 00:27:28.677 +02:00 [Information] Route matched with "{action = \"Index\", controller = \"Home\", page = \"\", area = \"\"}". Executing controller action with signature "System.Threading.Tasks.Task`1[Microsoft.AspNetCore.Mvc.IActionResult] Index()" on controller "Forum.Controllers.HomeController" ("Forum").
2023-10-26 00:27:28.708 +02:00 [Information] Executing ViewResult, running view "Index".
2023-10-26 00:27:28.854 +02:00 [Information] Executed ViewResult - view "Index" executed in 145.5198ms.
2023-10-26 00:27:28.857 +02:00 [Information] Executed action "Forum.Controllers.HomeController.Index (Forum)" in 179.5564ms
2023-10-26 00:27:28.857 +02:00 [Information] Executed endpoint '"Forum.Controllers.HomeController.Index (Forum)"'
2023-10-26 00:27:28.877 +02:00 [Information] Request starting HTTP/2 GET https://localhost:7205/style.css - -
2023-10-26 00:27:28.880 +02:00 [Information] Request finished HTTP/2 GET https://localhost:7205/ - - - 200 - text/html;+charset=utf-8 262.1211ms
2023-10-26 00:27:28.880 +02:00 [Information] Request finished HTTP/2 GET https://localhost:7205/style.css - - - 404 0 - 2.9858ms
2023-10-26 00:27:28.918 +02:00 [Information] Request starting HTTP/2 GET https://localhost:7205/_framework/aspnetcore-browser-refresh.js - -
2023-10-26 00:27:28.921 +02:00 [Information] Request finished HTTP/2 GET https://localhost:7205/_framework/aspnetcore-browser-refresh.js - - - 200 12342 application/javascript;+charset=utf-8 3.0054ms
2023-10-26 00:27:28.925 +02:00 [Information] Request starting HTTP/2 GET https://localhost:7205/_vs/browserLink - -
2023-10-26 00:27:28.935 +02:00 [Information] Request finished HTTP/2 GET https://localhost:7205/_vs/browserLink - - - 200 - text/javascript;+charset=UTF-8 10.4450ms
2023-10-26 00:27:30.333 +02:00 [Information] Request starting HTTP/2 GET https://localhost:7205/Post/PostDetails/1 - -
2023-10-26 00:27:30.335 +02:00 [Information] Executing endpoint '"Forum.Controllers.PostController.PostDetails (Forum)"'
2023-10-26 00:27:30.342 +02:00 [Information] Route matched with "{action = \"PostDetails\", controller = \"Post\", page = \"\", area = \"\"}". Executing controller action with signature "System.Threading.Tasks.Task`1[Microsoft.AspNetCore.Mvc.IActionResult] PostDetails(Int32)" on controller "Forum.Controllers.PostController" ("Forum").
2023-10-26 00:27:30.354 +02:00 [Information] Executing ViewResult, running view "PostDetails".
2023-10-26 00:27:30.423 +02:00 [Information] Executed ViewResult - view "PostDetails" executed in 69.8176ms.
2023-10-26 00:27:30.423 +02:00 [Information] Executed action "Forum.Controllers.PostController.PostDetails (Forum)" in 80.6689ms
2023-10-26 00:27:30.423 +02:00 [Information] Executed endpoint '"Forum.Controllers.PostController.PostDetails (Forum)"'
2023-10-26 00:27:30.424 +02:00 [Information] Request finished HTTP/2 GET https://localhost:7205/Post/PostDetails/1 - - - 200 - text/html;+charset=utf-8 90.7179ms
2023-10-26 00:27:30.432 +02:00 [Information] Request starting HTTP/2 GET https://localhost:7205/_framework/aspnetcore-browser-refresh.js - -
2023-10-26 00:27:30.432 +02:00 [Information] Request starting HTTP/2 GET https://localhost:7205/Post/PostDetails/style.css - -
2023-10-26 00:27:30.432 +02:00 [Information] Request starting HTTP/2 GET https://localhost:7205/_vs/browserLink - -
2023-10-26 00:27:30.432 +02:00 [Information] Request finished HTTP/2 GET https://localhost:7205/_framework/aspnetcore-browser-refresh.js - - - 200 12342 application/javascript;+charset=utf-8 0.4166ms
2023-10-26 00:27:30.435 +02:00 [Information] Executing endpoint '"Forum.Controllers.PostController.PostDetails (Forum)"'
2023-10-26 00:27:30.435 +02:00 [Information] Route matched with "{action = \"PostDetails\", controller = \"Post\", page = \"\", area = \"\"}". Executing controller action with signature "System.Threading.Tasks.Task`1[Microsoft.AspNetCore.Mvc.IActionResult] PostDetails(Int32)" on controller "Forum.Controllers.PostController" ("Forum").
2023-10-26 00:27:30.436 +02:00 [Information] Request finished HTTP/2 GET https://localhost:7205/_vs/browserLink - - - 200 - text/javascript;+charset=UTF-8 4.5132ms
2023-10-26 00:27:30.449 +02:00 [Error] [PostController] post not found for the TopicId 0000
2023-10-26 00:27:30.454 +02:00 [Information] Executing "NotFoundObjectResult", writing value of type '"System.String"'.
2023-10-26 00:27:30.455 +02:00 [Information] Executed action "Forum.Controllers.PostController.PostDetails (Forum)" in 19.5322ms
2023-10-26 00:27:30.455 +02:00 [Information] Executed endpoint '"Forum.Controllers.PostController.PostDetails (Forum)"'
2023-10-26 00:27:30.455 +02:00 [Information] Request finished HTTP/2 GET https://localhost:7205/Post/PostDetails/style.css - - - 404 - text/plain;+charset=utf-8 23.4533ms
2023-10-26 00:27:35.974 +02:00 [Information] Request starting HTTP/2 GET https://localhost:7205/Topic/TopicDetails/1 - -
2023-10-26 00:27:35.975 +02:00 [Information] Executing endpoint '"Forum.Controllers.TopicController.TopicDetails (Forum)"'
2023-10-26 00:27:35.976 +02:00 [Information] Route matched with "{action = \"TopicDetails\", controller = \"Topic\", page = \"\", area = \"\"}". Executing controller action with signature "System.Threading.Tasks.Task`1[Microsoft.AspNetCore.Mvc.IActionResult] TopicDetails(Int32)" on controller "Forum.Controllers.TopicController" ("Forum").
2023-10-26 00:27:35.983 +02:00 [Information] Executing ViewResult, running view "TopicDetails".
2023-10-26 00:27:36.003 +02:00 [Information] Executed ViewResult - view "TopicDetails" executed in 20.4831ms.
2023-10-26 00:27:36.003 +02:00 [Information] Executed action "Forum.Controllers.TopicController.TopicDetails (Forum)" in 26.7969ms
2023-10-26 00:27:36.003 +02:00 [Information] Executed endpoint '"Forum.Controllers.TopicController.TopicDetails (Forum)"'
2023-10-26 00:27:36.004 +02:00 [Information] Request finished HTTP/2 GET https://localhost:7205/Topic/TopicDetails/1 - - - 200 - text/html;+charset=utf-8 30.1153ms
2023-10-26 00:27:36.009 +02:00 [Information] Request starting HTTP/2 GET https://localhost:7205/Topic/TopicDetails/style.css - -
2023-10-26 00:27:36.009 +02:00 [Information] Request starting HTTP/2 GET https://localhost:7205/_framework/aspnetcore-browser-refresh.js - -
2023-10-26 00:27:36.010 +02:00 [Information] Request finished HTTP/2 GET https://localhost:7205/_framework/aspnetcore-browser-refresh.js - - - 200 12342 application/javascript;+charset=utf-8 0.2342ms
2023-10-26 00:27:36.010 +02:00 [Information] Request starting HTTP/2 GET https://localhost:7205/_vs/browserLink - -
2023-10-26 00:27:36.014 +02:00 [Information] Executing endpoint '"Forum.Controllers.TopicController.TopicDetails (Forum)"'
2023-10-26 00:27:36.014 +02:00 [Information] Route matched with "{action = \"TopicDetails\", controller = \"Topic\", page = \"\", area = \"\"}". Executing controller action with signature "System.Threading.Tasks.Task`1[Microsoft.AspNetCore.Mvc.IActionResult] TopicDetails(Int32)" on controller "Forum.Controllers.TopicController" ("Forum").
2023-10-26 00:27:36.015 +02:00 [Information] Request finished HTTP/2 GET https://localhost:7205/_vs/browserLink - - - 200 - text/javascript;+charset=UTF-8 5.9070ms
2023-10-26 00:27:36.020 +02:00 [Error] [TopicController] Topic not found for the TopicId 0000
2023-10-26 00:27:36.020 +02:00 [Information] Executing "NotFoundObjectResult", writing value of type '"System.String"'.
2023-10-26 00:27:36.020 +02:00 [Information] Executed action "Forum.Controllers.TopicController.TopicDetails (Forum)" in 6.5293ms
2023-10-26 00:27:36.020 +02:00 [Information] Executed endpoint '"Forum.Controllers.TopicController.TopicDetails (Forum)"'
2023-10-26 00:27:36.020 +02:00 [Information] Request finished HTTP/2 GET https://localhost:7205/Topic/TopicDetails/style.css - - - 404 - text/plain;+charset=utf-8 11.1805ms
2023-10-26 00:27:42.593 +02:00 [Information] Request starting HTTP/2 GET https://localhost:7205/Room/RoomDetails/1 - -
2023-10-26 00:27:42.594 +02:00 [Information] Executing endpoint '"Forum.Controllers.RoomController.RoomDetails (Forum)"'
2023-10-26 00:27:42.596 +02:00 [Information] Route matched with "{action = \"RoomDetails\", controller = \"Room\", page = \"\", area = \"\"}". Executing controller action with signature "System.Threading.Tasks.Task`1[Microsoft.AspNetCore.Mvc.IActionResult] RoomDetails(Int32)" on controller "Forum.Controllers.RoomController" ("Forum").
2023-10-26 00:27:42.603 +02:00 [Information] Executing ViewResult, running view "RoomDetails".
2023-10-26 00:27:42.617 +02:00 [Information] Executed ViewResult - view "RoomDetails" executed in 14.9766ms.
2023-10-26 00:27:42.617 +02:00 [Information] Executed action "Forum.Controllers.RoomController.RoomDetails (Forum)" in 21.5694ms
2023-10-26 00:27:42.617 +02:00 [Information] Executed endpoint '"Forum.Controllers.RoomController.RoomDetails (Forum)"'
2023-10-26 00:27:42.618 +02:00 [Information] Request finished HTTP/2 GET https://localhost:7205/Room/RoomDetails/1 - - - 200 - text/html;+charset=utf-8 25.6614ms
2023-10-26 00:27:42.624 +02:00 [Information] Request starting HTTP/2 GET https://localhost:7205/Room/RoomDetails/style.css - -
2023-10-26 00:27:42.624 +02:00 [Information] Request starting HTTP/2 GET https://localhost:7205/_framework/aspnetcore-browser-refresh.js - -
2023-10-26 00:27:42.624 +02:00 [Information] Request starting HTTP/2 GET https://localhost:7205/_vs/browserLink - -
2023-10-26 00:27:42.625 +02:00 [Information] Request finished HTTP/2 GET https://localhost:7205/_framework/aspnetcore-browser-refresh.js - - - 200 12342 application/javascript;+charset=utf-8 0.5310ms
2023-10-26 00:27:42.626 +02:00 [Information] Executing endpoint '"Forum.Controllers.RoomController.RoomDetails (Forum)"'
2023-10-26 00:27:42.627 +02:00 [Information] Route matched with "{action = \"RoomDetails\", controller = \"Room\", page = \"\", area = \"\"}". Executing controller action with signature "System.Threading.Tasks.Task`1[Microsoft.AspNetCore.Mvc.IActionResult] RoomDetails(Int32)" on controller "Forum.Controllers.RoomController" ("Forum").
2023-10-26 00:27:42.627 +02:00 [Information] Request finished HTTP/2 GET https://localhost:7205/_vs/browserLink - - - 200 - text/javascript;+charset=UTF-8 2.7573ms
2023-10-26 00:27:42.632 +02:00 [Error] Room with ID not found Room ID: 0
2023-10-26 00:27:42.636 +02:00 [Information] Executing StatusCodeResult, setting HTTP status code 404
2023-10-26 00:27:42.636 +02:00 [Information] Executed action "Forum.Controllers.RoomController.RoomDetails (Forum)" in 8.9325ms
2023-10-26 00:27:42.636 +02:00 [Information] Executed endpoint '"Forum.Controllers.RoomController.RoomDetails (Forum)"'
2023-10-26 00:27:42.636 +02:00 [Information] Request finished HTTP/2 GET https://localhost:7205/Room/RoomDetails/style.css - - - 404 0 - 11.7418ms
2023-10-26 00:27:50.751 +02:00 [Information] Request starting HTTP/2 GET https://localhost:7205/_framework/aspnetcore-browser-refresh.js - -
2023-10-26 00:27:50.751 +02:00 [Information] Request finished HTTP/2 GET https://localhost:7205/_framework/aspnetcore-browser-refresh.js - - - 200 12342 application/javascript;+charset=utf-8 0.1864ms
2023-10-26 00:27:51.965 +02:00 [Information] Request starting HTTP/2 GET https://localhost:7205/_framework/aspnetcore-browser-refresh.js - -
2023-10-26 00:27:51.965 +02:00 [Information] Request finished HTTP/2 GET https://localhost:7205/_framework/aspnetcore-browser-refresh.js - - - 200 12342 application/javascript;+charset=utf-8 0.3859ms
2023-10-26 00:27:52.481 +02:00 [Information] Request starting HTTP/2 GET https://localhost:7205/_framework/aspnetcore-browser-refresh.js - -
2023-10-26 00:27:52.481 +02:00 [Information] Request finished HTTP/2 GET https://localhost:7205/_framework/aspnetcore-browser-refresh.js - - - 200 12342 application/javascript;+charset=utf-8 0.3253ms
2023-10-26 00:27:53.459 +02:00 [Information] Request starting HTTP/2 GET https://localhost:7205/_framework/aspnetcore-browser-refresh.js - -
2023-10-26 00:27:53.459 +02:00 [Information] Request finished HTTP/2 GET https://localhost:7205/_framework/aspnetcore-browser-refresh.js - - - 200 12342 application/javascript;+charset=utf-8 0.2389ms
2023-10-26 00:27:54.464 +02:00 [Information] Request starting HTTP/2 GET https://localhost:7205/_framework/aspnetcore-browser-refresh.js - -
2023-10-26 00:27:54.465 +02:00 [Information] Request finished HTTP/2 GET https://localhost:7205/_framework/aspnetcore-browser-refresh.js - - - 200 12342 application/javascript;+charset=utf-8 0.3548ms
2023-10-26 00:28:06.404 +02:00 [Information] Request starting HTTP/2 GET https://localhost:7205/Room/RoomDetails/1 - -
2023-10-26 00:28:06.406 +02:00 [Information] Executing endpoint '"Forum.Controllers.RoomController.RoomDetails (Forum)"'
2023-10-26 00:28:06.406 +02:00 [Information] Route matched with "{action = \"RoomDetails\", controller = \"Room\", page = \"\", area = \"\"}". Executing controller action with signature "System.Threading.Tasks.Task`1[Microsoft.AspNetCore.Mvc.IActionResult] RoomDetails(Int32)" on controller "Forum.Controllers.RoomController" ("Forum").
2023-10-26 00:28:06.410 +02:00 [Information] Executing ViewResult, running view "RoomDetails".
2023-10-26 00:28:06.418 +02:00 [Information] Executed ViewResult - view "RoomDetails" executed in 7.7621ms.
2023-10-26 00:28:06.418 +02:00 [Information] Executed action "Forum.Controllers.RoomController.RoomDetails (Forum)" in 11.6147ms
2023-10-26 00:28:06.418 +02:00 [Information] Executed endpoint '"Forum.Controllers.RoomController.RoomDetails (Forum)"'
2023-10-26 00:28:06.419 +02:00 [Information] Request finished HTTP/2 GET https://localhost:7205/Room/RoomDetails/1 - - - 200 - text/html;+charset=utf-8 14.7545ms
2023-10-26 00:28:06.427 +02:00 [Information] Request starting HTTP/2 GET https://localhost:7205/Room/RoomDetails/style.css - -
2023-10-26 00:28:06.427 +02:00 [Information] Request starting HTTP/2 GET https://localhost:7205/_framework/aspnetcore-browser-refresh.js - -
2023-10-26 00:28:06.428 +02:00 [Information] Request starting HTTP/2 GET https://localhost:7205/_vs/browserLink - -
2023-10-26 00:28:06.428 +02:00 [Information] Executing endpoint '"Forum.Controllers.RoomController.RoomDetails (Forum)"'
2023-10-26 00:28:06.428 +02:00 [Information] Route matched with "{action = \"RoomDetails\", controller = \"Room\", page = \"\", area = \"\"}". Executing controller action with signature "System.Threading.Tasks.Task`1[Microsoft.AspNetCore.Mvc.IActionResult] RoomDetails(Int32)" on controller "Forum.Controllers.RoomController" ("Forum").
2023-10-26 00:28:06.428 +02:00 [Information] Request finished HTTP/2 GET https://localhost:7205/_framework/aspnetcore-browser-refresh.js - - - 200 12342 application/javascript;+charset=utf-8 0.4192ms
2023-10-26 00:28:06.431 +02:00 [Information] Request finished HTTP/2 GET https://localhost:7205/_vs/browserLink - - - 200 - text/javascript;+charset=UTF-8 3.5623ms
2023-10-26 00:28:06.434 +02:00 [Error] Room with ID not found Room ID: 0
2023-10-26 00:28:06.434 +02:00 [Information] Executing StatusCodeResult, setting HTTP status code 404
2023-10-26 00:28:06.434 +02:00 [Information] Executed action "Forum.Controllers.RoomController.RoomDetails (Forum)" in 6.2108ms
2023-10-26 00:28:06.434 +02:00 [Information] Executed endpoint '"Forum.Controllers.RoomController.RoomDetails (Forum)"'
2023-10-26 00:28:06.434 +02:00 [Information] Request finished HTTP/2 GET https://localhost:7205/Room/RoomDetails/style.css - - - 404 0 - 6.7513ms
