2023-10-24 16:33:34.849 +02:00 [Information] User profile is available. Using '"C:\Users\abdik\AppData\Local\ASP.NET\DataProtection-Keys"' as key repository and Windows DPAPI to encrypt keys at rest.
2023-10-24 16:33:35.275 +02:00 [Information] Now listening on: "https://localhost:7205"
2023-10-24 16:33:35.275 +02:00 [Information] Now listening on: "http://localhost:5112"
2023-10-24 16:33:35.278 +02:00 [Information] Application started. Press Ctrl+C to shut down.
2023-10-24 16:33:35.278 +02:00 [Information] Hosting environment: "Development"
2023-10-24 16:33:35.278 +02:00 [Information] Content root path: "C:\Users\abdik\Source\Repos\Forum\MyShop\"
2023-10-24 16:33:35.444 +02:00 [Information] Request starting HTTP/2 GET https://localhost:7205/ - -
2023-10-24 16:33:35.488 +02:00 [Information] Executing endpoint '"Forum.Controllers.HomeController.Index (Forum)"'
2023-10-24 16:33:35.497 +02:00 [Information] Route matched with "{action = \"Index\", controller = \"Home\", page = \"\", area = \"\"}". Executing controller action with signature "System.Threading.Tasks.Task`1[Microsoft.AspNetCore.Mvc.IActionResult] Index()" on controller "Forum.Controllers.HomeController" ("Forum").
2023-10-24 16:33:35.517 +02:00 [Information] Executing ViewResult, running view "Index".
2023-10-24 16:33:35.630 +02:00 [Information] Executed ViewResult - view "Index" executed in 112.7309ms.
2023-10-24 16:33:35.631 +02:00 [Information] Executed action "Forum.Controllers.HomeController.Index (Forum)" in 133.7865ms
2023-10-24 16:33:35.631 +02:00 [Information] Executed endpoint '"Forum.Controllers.HomeController.Index (Forum)"'
2023-10-24 16:33:35.644 +02:00 [Information] Request finished HTTP/2 GET https://localhost:7205/ - - - 200 - text/html;+charset=utf-8 202.2039ms
2023-10-24 16:33:35.702 +02:00 [Information] Request starting HTTP/2 GET https://localhost:7205/images/fotball.jpg - -
2023-10-24 16:33:35.702 +02:00 [Information] Request starting HTTP/2 GET https://localhost:7205/style.css - -
2023-10-24 16:33:35.702 +02:00 [Information] Request starting HTTP/2 GET https://localhost:7205/_framework/aspnetcore-browser-refresh.js - -
2023-10-24 16:33:35.704 +02:00 [Information] Request finished HTTP/2 GET https://localhost:7205/_framework/aspnetcore-browser-refresh.js - - - 200 12342 application/javascript;+charset=utf-8 1.7940ms
2023-10-24 16:33:35.705 +02:00 [Information] The file "/images/fotball.jpg" was not modified
2023-10-24 16:33:35.705 +02:00 [Information] Request finished HTTP/2 GET https://localhost:7205/images/fotball.jpg - - - 304 - image/jpeg 2.8210ms
2023-10-24 16:33:35.706 +02:00 [Information] Request finished HTTP/2 GET https://localhost:7205/style.css - - - 404 0 - 3.6904ms
2023-10-24 16:33:35.711 +02:00 [Information] Request starting HTTP/2 GET https://localhost:7205/_vs/browserLink - -
2023-10-24 16:33:35.717 +02:00 [Information] Request finished HTTP/2 GET https://localhost:7205/_vs/browserLink - - - 200 - text/javascript;+charset=UTF-8 5.9978ms
