2023-10-30 22:12:28.387 +01:00 [Information] User profile is available. Using '"C:\Users\abdik\AppData\Local\ASP.NET\DataProtection-Keys"' as key repository and Windows DPAPI to encrypt keys at rest.
2023-10-30 22:12:28.873 +01:00 [Information] Now listening on: "https://localhost:7205"
2023-10-30 22:12:28.874 +01:00 [Information] Now listening on: "http://localhost:5112"
2023-10-30 22:12:28.877 +01:00 [Information] Application started. Press Ctrl+C to shut down.
2023-10-30 22:12:28.878 +01:00 [Information] Hosting environment: "Development"
2023-10-30 22:12:28.878 +01:00 [Information] Content root path: "C:\Users\abdik\Source\Repos\Forum\MyShop\"
2023-10-30 22:12:28.986 +01:00 [Information] Request starting HTTP/2 GET https://localhost:7205/ - -
2023-10-30 22:12:29.023 +01:00 [Information] Executing endpoint '"Forum.Controllers.HomeController.Index (Forum)"'
2023-10-30 22:12:29.032 +01:00 [Information] Route matched with "{action = \"Index\", controller = \"Home\", page = \"\", area = \"\"}". Executing controller action with signature "System.Threading.Tasks.Task`1[Microsoft.AspNetCore.Mvc.IActionResult] Index()" on controller "Forum.Controllers.HomeController" ("Forum").
2023-10-30 22:12:29.067 +01:00 [Information] Executing ViewResult, running view "Index".
2023-10-30 22:12:29.228 +01:00 [Information] Executed ViewResult - view "Index" executed in 160.8904ms.
2023-10-30 22:12:29.229 +01:00 [Information] Executed action "Forum.Controllers.HomeController.Index (Forum)" in 196.8656ms
2023-10-30 22:12:29.230 +01:00 [Information] Executed endpoint '"Forum.Controllers.HomeController.Index (Forum)"'
2023-10-30 22:12:29.242 +01:00 [Information] Request finished HTTP/2 GET https://localhost:7205/ - - - 200 - text/html;+charset=utf-8 258.7733ms
2023-10-30 22:12:29.243 +01:00 [Information] Request starting HTTP/2 GET https://localhost:7205/_vs/browserLink - -
2023-10-30 22:12:29.243 +01:00 [Information] Request starting HTTP/2 GET https://localhost:7205/_framework/aspnetcore-browser-refresh.js - -
2023-10-30 22:12:29.245 +01:00 [Information] Request finished HTTP/2 GET https://localhost:7205/_framework/aspnetcore-browser-refresh.js - - - 200 12342 application/javascript;+charset=utf-8 1.6915ms
2023-10-30 22:12:29.250 +01:00 [Information] Request finished HTTP/2 GET https://localhost:7205/_vs/browserLink - - - 200 - text/javascript;+charset=UTF-8 6.4196ms
2023-10-30 22:12:39.325 +01:00 [Information] Request starting HTTP/2 GET https://localhost:7205/Category/CategoryTable - -
2023-10-30 22:12:39.326 +01:00 [Information] Executing endpoint '"Forum.Controllers.CategoryController.CategoryTable (Forum)"'
2023-10-30 22:12:39.328 +01:00 [Information] Route matched with "{action = \"CategoryTable\", controller = \"Category\", page = \"\", area = \"\"}". Executing controller action with signature "System.Threading.Tasks.Task`1[Microsoft.AspNetCore.Mvc.IActionResult] CategoryTable()" on controller "Forum.Controllers.CategoryController" ("Forum").
2023-10-30 22:12:39.339 +01:00 [Information] Executing ViewResult, running view "CategoryTable".
2023-10-30 22:12:39.355 +01:00 [Information] Executed ViewResult - view "CategoryTable" executed in 16.1842ms.
2023-10-30 22:12:39.355 +01:00 [Information] Executed action "Forum.Controllers.CategoryController.CategoryTable (Forum)" in 26.6062ms
2023-10-30 22:12:39.355 +01:00 [Information] Executed endpoint '"Forum.Controllers.CategoryController.CategoryTable (Forum)"'
2023-10-30 22:12:39.356 +01:00 [Information] Request finished HTTP/2 GET https://localhost:7205/Category/CategoryTable - - - 200 - text/html;+charset=utf-8 31.2890ms
2023-10-30 22:12:39.369 +01:00 [Information] Request starting HTTP/2 GET https://localhost:7205/_vs/browserLink - -
2023-10-30 22:12:39.369 +01:00 [Information] Request starting HTTP/2 GET https://localhost:7205/_framework/aspnetcore-browser-refresh.js - -
2023-10-30 22:12:39.369 +01:00 [Information] Request finished HTTP/2 GET https://localhost:7205/_framework/aspnetcore-browser-refresh.js - - - 200 12342 application/javascript;+charset=utf-8 0.3601ms
2023-10-30 22:12:39.371 +01:00 [Information] Request finished HTTP/2 GET https://localhost:7205/_vs/browserLink - - - 200 - text/javascript;+charset=UTF-8 2.4076ms
2023-10-30 22:12:45.254 +01:00 [Information] Request starting HTTP/2 GET https://localhost:7205/Room/RoomTable - -
2023-10-30 22:12:45.257 +01:00 [Information] Executing endpoint '"Forum.Controllers.RoomController.RoomTable (Forum)"'
2023-10-30 22:12:45.258 +01:00 [Information] Route matched with "{action = \"RoomTable\", controller = \"Room\", page = \"\", area = \"\"}". Executing controller action with signature "System.Threading.Tasks.Task`1[Microsoft.AspNetCore.Mvc.IActionResult] RoomTable()" on controller "Forum.Controllers.RoomController" ("Forum").
2023-10-30 22:12:45.269 +01:00 [Information] Executing ViewResult, running view "RoomTable".
2023-10-30 22:12:45.276 +01:00 [Information] Executed ViewResult - view "RoomTable" executed in 7.8631ms.
2023-10-30 22:12:45.276 +01:00 [Information] Executed action "Forum.Controllers.RoomController.RoomTable (Forum)" in 17.7682ms
2023-10-30 22:12:45.276 +01:00 [Information] Executed endpoint '"Forum.Controllers.RoomController.RoomTable (Forum)"'
2023-10-30 22:12:45.277 +01:00 [Information] Request finished HTTP/2 GET https://localhost:7205/Room/RoomTable - - - 200 - text/html;+charset=utf-8 22.8062ms
2023-10-30 22:12:45.293 +01:00 [Information] Request starting HTTP/2 GET https://localhost:7205/_framework/aspnetcore-browser-refresh.js - -
2023-10-30 22:12:45.293 +01:00 [Information] Request starting HTTP/2 GET https://localhost:7205/_vs/browserLink - -
2023-10-30 22:12:45.293 +01:00 [Information] Request finished HTTP/2 GET https://localhost:7205/_framework/aspnetcore-browser-refresh.js - - - 200 12342 application/javascript;+charset=utf-8 0.2025ms
2023-10-30 22:12:45.295 +01:00 [Information] Request finished HTTP/2 GET https://localhost:7205/_vs/browserLink - - - 200 - text/javascript;+charset=UTF-8 1.9839ms
2023-10-30 22:12:45.864 +01:00 [Information] Request starting HTTP/2 GET https://localhost:7205/Topic/TopicTable - -
2023-10-30 22:12:45.864 +01:00 [Information] Executing endpoint '"Forum.Controllers.TopicController.TopicTable (Forum)"'
2023-10-30 22:12:45.866 +01:00 [Information] Route matched with "{action = \"TopicTable\", controller = \"Topic\", page = \"\", area = \"\"}". Executing controller action with signature "System.Threading.Tasks.Task`1[Microsoft.AspNetCore.Mvc.IActionResult] TopicTable()" on controller "Forum.Controllers.TopicController" ("Forum").
2023-10-30 22:12:45.876 +01:00 [Information] Executing ViewResult, running view "TopicTable".
2023-10-30 22:12:45.884 +01:00 [Information] Executed ViewResult - view "TopicTable" executed in 8.4066ms.
2023-10-30 22:12:45.884 +01:00 [Information] Executed action "Forum.Controllers.TopicController.TopicTable (Forum)" in 17.785ms
2023-10-30 22:12:45.884 +01:00 [Information] Executed endpoint '"Forum.Controllers.TopicController.TopicTable (Forum)"'
2023-10-30 22:12:45.885 +01:00 [Information] Request finished HTTP/2 GET https://localhost:7205/Topic/TopicTable - - - 200 - text/html;+charset=utf-8 21.2808ms
2023-10-30 22:12:45.896 +01:00 [Information] Request starting HTTP/2 GET https://localhost:7205/_vs/browserLink - -
2023-10-30 22:12:45.896 +01:00 [Information] Request starting HTTP/2 GET https://localhost:7205/_framework/aspnetcore-browser-refresh.js - -
2023-10-30 22:12:45.896 +01:00 [Information] Request finished HTTP/2 GET https://localhost:7205/_framework/aspnetcore-browser-refresh.js - - - 200 12342 application/javascript;+charset=utf-8 0.2138ms
2023-10-30 22:12:45.898 +01:00 [Information] Request finished HTTP/2 GET https://localhost:7205/_vs/browserLink - - - 200 - text/javascript;+charset=UTF-8 1.7665ms
2023-10-30 22:12:46.649 +01:00 [Information] Request starting HTTP/2 GET https://localhost:7205/Topic/TopicDetails/1 - -
2023-10-30 22:12:46.651 +01:00 [Information] Executing endpoint '"Forum.Controllers.TopicController.TopicDetails (Forum)"'
2023-10-30 22:12:46.658 +01:00 [Information] Route matched with "{action = \"TopicDetails\", controller = \"Topic\", page = \"\", area = \"\"}". Executing controller action with signature "System.Threading.Tasks.Task`1[Microsoft.AspNetCore.Mvc.IActionResult] TopicDetails(Int32)" on controller "Forum.Controllers.TopicController" ("Forum").
2023-10-30 22:12:46.668 +01:00 [Information] Executing ViewResult, running view "TopicDetails".
2023-10-30 22:12:46.695 +01:00 [Information] Executed ViewResult - view "TopicDetails" executed in 26.8909ms.
2023-10-30 22:12:46.695 +01:00 [Information] Executed action "Forum.Controllers.TopicController.TopicDetails (Forum)" in 36.5994ms
2023-10-30 22:12:46.695 +01:00 [Information] Executed endpoint '"Forum.Controllers.TopicController.TopicDetails (Forum)"'
2023-10-30 22:12:46.696 +01:00 [Information] Request finished HTTP/2 GET https://localhost:7205/Topic/TopicDetails/1 - - - 200 - text/html;+charset=utf-8 46.3955ms
2023-10-30 22:12:46.711 +01:00 [Information] Request starting HTTP/2 GET https://localhost:7205/_vs/browserLink - -
2023-10-30 22:12:46.711 +01:00 [Information] Request starting HTTP/2 GET https://localhost:7205/_framework/aspnetcore-browser-refresh.js - -
2023-10-30 22:12:46.711 +01:00 [Information] Request finished HTTP/2 GET https://localhost:7205/_framework/aspnetcore-browser-refresh.js - - - 200 12342 application/javascript;+charset=utf-8 0.2296ms
2023-10-30 22:12:46.713 +01:00 [Information] Request finished HTTP/2 GET https://localhost:7205/_vs/browserLink - - - 200 - text/javascript;+charset=UTF-8 2.0291ms
2023-10-30 22:12:47.543 +01:00 [Information] Request starting HTTP/2 GET https://localhost:7205/Post/PostDetails/2 - -
2023-10-30 22:12:47.543 +01:00 [Information] Executing endpoint '"Forum.Controllers.PostController.PostDetails (Forum)"'
2023-10-30 22:12:47.545 +01:00 [Information] Route matched with "{action = \"PostDetails\", controller = \"Post\", page = \"\", area = \"\"}". Executing controller action with signature "System.Threading.Tasks.Task`1[Microsoft.AspNetCore.Mvc.IActionResult] PostDetails(Int32)" on controller "Forum.Controllers.PostController" ("Forum").
2023-10-30 22:12:47.551 +01:00 [Information] Executing ViewResult, running view "PostDetails".
2023-10-30 22:12:47.565 +01:00 [Information] Executed ViewResult - view "PostDetails" executed in 14.731ms.
2023-10-30 22:12:47.565 +01:00 [Information] Executed action "Forum.Controllers.PostController.PostDetails (Forum)" in 19.7777ms
2023-10-30 22:12:47.565 +01:00 [Information] Executed endpoint '"Forum.Controllers.PostController.PostDetails (Forum)"'
2023-10-30 22:12:47.566 +01:00 [Information] Request finished HTTP/2 GET https://localhost:7205/Post/PostDetails/2 - - - 200 - text/html;+charset=utf-8 23.3090ms
2023-10-30 22:12:47.579 +01:00 [Information] Request starting HTTP/2 GET https://localhost:7205/_framework/aspnetcore-browser-refresh.js - -
2023-10-30 22:12:47.579 +01:00 [Information] Request starting HTTP/2 GET https://localhost:7205/_vs/browserLink - -
2023-10-30 22:12:47.579 +01:00 [Information] Request starting HTTP/2 GET https://localhost:7205/css/style.css - -
2023-10-30 22:12:47.580 +01:00 [Information] Request finished HTTP/2 GET https://localhost:7205/_framework/aspnetcore-browser-refresh.js - - - 200 12342 application/javascript;+charset=utf-8 0.1876ms
2023-10-30 22:12:47.581 +01:00 [Information] Request finished HTTP/2 GET https://localhost:7205/_vs/browserLink - - - 200 - text/javascript;+charset=UTF-8 1.7575ms
2023-10-30 22:12:47.582 +01:00 [Information] The file "/css/style.css" was not modified
2023-10-30 22:12:47.582 +01:00 [Information] Request finished HTTP/2 GET https://localhost:7205/css/style.css - - - 304 - text/css 2.8755ms
