2023-10-24 11:01:45.389 +02:00 [Information] User profile is available. Using '"C:\Users\abdik\AppData\Local\ASP.NET\DataProtection-Keys"' as key repository and Windows DPAPI to encrypt keys at rest.
2023-10-24 11:01:45.775 +02:00 [Information] Now listening on: "https://localhost:7205"
2023-10-24 11:01:45.775 +02:00 [Information] Now listening on: "http://localhost:5112"
2023-10-24 11:01:45.778 +02:00 [Information] Application started. Press Ctrl+C to shut down.
2023-10-24 11:01:45.779 +02:00 [Information] Hosting environment: "Development"
2023-10-24 11:01:45.779 +02:00 [Information] Content root path: "C:\Users\abdik\Source\Repos\Forum\MyShop\"
2023-10-24 11:01:46.160 +02:00 [Information] Request starting HTTP/2 GET https://localhost:7205/ - -
2023-10-24 11:01:46.198 +02:00 [Information] Executing endpoint '"Forum.Controllers.HomeController.Index (Forum)"'
2023-10-24 11:01:46.205 +02:00 [Information] Route matched with "{action = \"Index\", controller = \"Home\", page = \"\", area = \"\"}". Executing controller action with signature "Microsoft.AspNetCore.Mvc.IActionResult Index()" on controller "Forum.Controllers.HomeController" ("Forum").
2023-10-24 11:01:46.209 +02:00 [Information] Executing ViewResult, running view "Index".
2023-10-24 11:01:46.304 +02:00 [Information] Executed ViewResult - view "Index" executed in 94.2679ms.
2023-10-24 11:01:46.306 +02:00 [Information] Executed action "Forum.Controllers.HomeController.Index (Forum)" in 100.6527ms
2023-10-24 11:01:46.306 +02:00 [Information] Executed endpoint '"Forum.Controllers.HomeController.Index (Forum)"'
2023-10-24 11:01:46.325 +02:00 [Information] Request finished HTTP/2 GET https://localhost:7205/ - - - 200 - text/html;+charset=utf-8 166.6656ms
2023-10-24 11:01:46.332 +02:00 [Information] Request starting HTTP/2 GET https://localhost:7205/images/formula1.jpg - -
2023-10-24 11:01:46.332 +02:00 [Information] Request starting HTTP/2 GET https://localhost:7205/style.css - -
2023-10-24 11:01:46.332 +02:00 [Information] Request starting HTTP/2 GET https://localhost:7205/images/fotball.jpg - -
2023-10-24 11:01:46.334 +02:00 [Information] Request finished HTTP/2 GET https://localhost:7205/style.css - - - 404 0 - 2.2696ms
2023-10-24 11:01:46.341 +02:00 [Information] The file "/images/formula1.jpg" was not modified
2023-10-24 11:01:46.341 +02:00 [Information] The file "/images/fotball.jpg" was not modified
2023-10-24 11:01:46.341 +02:00 [Information] Request finished HTTP/2 GET https://localhost:7205/images/formula1.jpg - - - 304 - image/jpeg 9.4196ms
2023-10-24 11:01:46.342 +02:00 [Information] Request starting HTTP/2 GET https://localhost:7205/images/vacation.jpg - -
2023-10-24 11:01:46.341 +02:00 [Information] Request finished HTTP/2 GET https://localhost:7205/images/fotball.jpg - - - 304 - image/jpeg 9.3907ms
2023-10-24 11:01:46.342 +02:00 [Information] Request starting HTTP/2 GET https://localhost:7205/_framework/aspnetcore-browser-refresh.js - -
2023-10-24 11:01:46.342 +02:00 [Information] Request starting HTTP/2 GET https://localhost:7205/_vs/browserLink - -
2023-10-24 11:01:46.343 +02:00 [Information] The file "/images/vacation.jpg" was not modified
2023-10-24 11:01:46.343 +02:00 [Information] Request finished HTTP/2 GET https://localhost:7205/images/vacation.jpg - - - 304 - image/jpeg 1.2984ms
2023-10-24 11:01:46.344 +02:00 [Information] Request finished HTTP/2 GET https://localhost:7205/_framework/aspnetcore-browser-refresh.js - - - 200 12342 application/javascript;+charset=utf-8 1.7997ms
2023-10-24 11:01:46.348 +02:00 [Information] Request finished HTTP/2 GET https://localhost:7205/_vs/browserLink - - - 200 - text/javascript;+charset=UTF-8 6.0118ms
