2023-10-27 03:51:02.505 +02:00 [Information] User profile is available. Using '"C:\Users\Johan\AppData\Local\ASP.NET\DataProtection-Keys"' as key repository and Windows DPAPI to encrypt keys at rest.
2023-10-27 03:51:03.103 +02:00 [Information] Now listening on: "https://localhost:7205"
2023-10-27 03:51:03.104 +02:00 [Information] Now listening on: "http://localhost:5112"
2023-10-27 03:51:03.109 +02:00 [Information] Application started. Press Ctrl+C to shut down.
2023-10-27 03:51:03.111 +02:00 [Information] Hosting environment: "Development"
2023-10-27 03:51:03.112 +02:00 [Information] Content root path: "C:\Users\Johan\Source\Repos\N4h0\Forum\MyShop\"
2023-10-27 03:51:03.517 +02:00 [Information] Request starting HTTP/2 GET https://localhost:7205/ - -
2023-10-27 03:51:03.561 +02:00 [Information] Executing endpoint '"Forum.Controllers.HomeController.Index (Forum)"'
2023-10-27 03:51:03.570 +02:00 [Information] Route matched with "{action = \"Index\", controller = \"Home\", page = \"\", area = \"\"}". Executing controller action with signature "System.Threading.Tasks.Task`1[Microsoft.AspNetCore.Mvc.IActionResult] Index()" on controller "Forum.Controllers.HomeController" ("Forum").
2023-10-27 03:51:03.601 +02:00 [Information] Executing ViewResult, running view "Index".
2023-10-27 03:51:03.739 +02:00 [Information] Executed ViewResult - view "Index" executed in 138.1603ms.
2023-10-27 03:51:03.742 +02:00 [Information] Executed action "Forum.Controllers.HomeController.Index (Forum)" in 171.7887ms
2023-10-27 03:51:03.743 +02:00 [Information] Executed endpoint '"Forum.Controllers.HomeController.Index (Forum)"'
2023-10-27 03:51:03.763 +02:00 [Information] Request starting HTTP/2 GET https://localhost:7205/style.css - -
2023-10-27 03:51:03.765 +02:00 [Information] Request finished HTTP/2 GET https://localhost:7205/ - - - 200 - text/html;+charset=utf-8 250.4035ms
2023-10-27 03:51:03.766 +02:00 [Information] Request finished HTTP/2 GET https://localhost:7205/style.css - - - 404 0 - 2.6634ms
2023-10-27 03:51:03.797 +02:00 [Information] Request starting HTTP/2 GET https://localhost:7205/_framework/aspnetcore-browser-refresh.js - -
2023-10-27 03:51:03.800 +02:00 [Information] Request finished HTTP/2 GET https://localhost:7205/_framework/aspnetcore-browser-refresh.js - - - 200 12342 application/javascript;+charset=utf-8 2.6897ms
2023-10-27 03:51:03.810 +02:00 [Information] Request starting HTTP/2 GET https://localhost:7205/_vs/browserLink - -
2023-10-27 03:51:03.818 +02:00 [Information] Request finished HTTP/2 GET https://localhost:7205/_vs/browserLink - - - 200 - text/javascript;+charset=UTF-8 7.3542ms
2023-10-27 03:51:04.649 +02:00 [Information] Request starting HTTP/2 GET https://localhost:7205/Post/PostDetails/1 - -
2023-10-27 03:51:04.651 +02:00 [Information] Executing endpoint '"Forum.Controllers.PostController.PostDetails (Forum)"'
2023-10-27 03:51:04.658 +02:00 [Information] Route matched with "{action = \"PostDetails\", controller = \"Post\", page = \"\", area = \"\"}". Executing controller action with signature "System.Threading.Tasks.Task`1[Microsoft.AspNetCore.Mvc.IActionResult] PostDetails(Int32)" on controller "Forum.Controllers.PostController" ("Forum").
2023-10-27 03:51:04.672 +02:00 [Information] Executing ViewResult, running view "PostDetails".
2023-10-27 03:51:04.736 +02:00 [Information] Executed ViewResult - view "PostDetails" executed in 64.7992ms.
2023-10-27 03:51:04.736 +02:00 [Information] Executed action "Forum.Controllers.PostController.PostDetails (Forum)" in 78.0474ms
2023-10-27 03:51:04.736 +02:00 [Information] Executed endpoint '"Forum.Controllers.PostController.PostDetails (Forum)"'
2023-10-27 03:51:04.739 +02:00 [Information] Request finished HTTP/2 GET https://localhost:7205/Post/PostDetails/1 - - - 200 - text/html;+charset=utf-8 90.1700ms
2023-10-27 03:51:04.752 +02:00 [Information] Request starting HTTP/2 GET https://localhost:7205/Post/PostDetails/style.css - -
2023-10-27 03:51:04.752 +02:00 [Information] Request starting HTTP/2 GET https://localhost:7205/_vs/browserLink - -
2023-10-27 03:51:04.753 +02:00 [Information] Request starting HTTP/2 GET https://localhost:7205/_framework/aspnetcore-browser-refresh.js - -
2023-10-27 03:51:04.754 +02:00 [Information] Request finished HTTP/2 GET https://localhost:7205/_framework/aspnetcore-browser-refresh.js - - - 200 12342 application/javascript;+charset=utf-8 0.8367ms
2023-10-27 03:51:04.755 +02:00 [Information] Executing endpoint '"Forum.Controllers.PostController.PostDetails (Forum)"'
2023-10-27 03:51:04.755 +02:00 [Information] Route matched with "{action = \"PostDetails\", controller = \"Post\", page = \"\", area = \"\"}". Executing controller action with signature "System.Threading.Tasks.Task`1[Microsoft.AspNetCore.Mvc.IActionResult] PostDetails(Int32)" on controller "Forum.Controllers.PostController" ("Forum").
2023-10-27 03:51:04.757 +02:00 [Information] Request finished HTTP/2 GET https://localhost:7205/_vs/browserLink - - - 200 - text/javascript;+charset=UTF-8 4.8846ms
2023-10-27 03:51:04.767 +02:00 [Error] [PostController] post not found for the TopicId 0000
2023-10-27 03:51:04.772 +02:00 [Information] Executing "NotFoundObjectResult", writing value of type '"System.String"'.
2023-10-27 03:51:04.772 +02:00 [Information] Executed action "Forum.Controllers.PostController.PostDetails (Forum)" in 17.6675ms
2023-10-27 03:51:04.772 +02:00 [Information] Executed endpoint '"Forum.Controllers.PostController.PostDetails (Forum)"'
2023-10-27 03:51:04.773 +02:00 [Information] Request finished HTTP/2 GET https://localhost:7205/Post/PostDetails/style.css - - - 404 - text/plain;+charset=utf-8 20.8534ms
2023-10-27 03:51:06.394 +02:00 [Information] Request starting HTTP/2 GET https://localhost:7205/Topic/TopicDetails/1 - -
2023-10-27 03:51:06.395 +02:00 [Information] Executing endpoint '"Forum.Controllers.TopicController.TopicDetails (Forum)"'
2023-10-27 03:51:06.396 +02:00 [Information] Route matched with "{action = \"TopicDetails\", controller = \"Topic\", page = \"\", area = \"\"}". Executing controller action with signature "System.Threading.Tasks.Task`1[Microsoft.AspNetCore.Mvc.IActionResult] TopicDetails(Int32)" on controller "Forum.Controllers.TopicController" ("Forum").
2023-10-27 03:51:06.402 +02:00 [Information] Executing ViewResult, running view "TopicDetails".
2023-10-27 03:51:06.422 +02:00 [Information] Executed ViewResult - view "TopicDetails" executed in 20.8948ms.
2023-10-27 03:51:06.423 +02:00 [Information] Executed action "Forum.Controllers.TopicController.TopicDetails (Forum)" in 26.2945ms
2023-10-27 03:51:06.423 +02:00 [Information] Executed endpoint '"Forum.Controllers.TopicController.TopicDetails (Forum)"'
2023-10-27 03:51:06.423 +02:00 [Information] Request finished HTTP/2 GET https://localhost:7205/Topic/TopicDetails/1 - - - 200 - text/html;+charset=utf-8 29.4202ms
2023-10-27 03:51:06.430 +02:00 [Information] Request starting HTTP/2 GET https://localhost:7205/Topic/TopicDetails/style.css - -
2023-10-27 03:51:06.430 +02:00 [Information] Request starting HTTP/2 GET https://localhost:7205/_vs/browserLink - -
2023-10-27 03:51:06.430 +02:00 [Information] Request starting HTTP/2 GET https://localhost:7205/_framework/aspnetcore-browser-refresh.js - -
2023-10-27 03:51:06.431 +02:00 [Information] Request finished HTTP/2 GET https://localhost:7205/_framework/aspnetcore-browser-refresh.js - - - 200 12342 application/javascript;+charset=utf-8 0.3980ms
2023-10-27 03:51:06.433 +02:00 [Information] Executing endpoint '"Forum.Controllers.TopicController.TopicDetails (Forum)"'
2023-10-27 03:51:06.433 +02:00 [Information] Route matched with "{action = \"TopicDetails\", controller = \"Topic\", page = \"\", area = \"\"}". Executing controller action with signature "System.Threading.Tasks.Task`1[Microsoft.AspNetCore.Mvc.IActionResult] TopicDetails(Int32)" on controller "Forum.Controllers.TopicController" ("Forum").
2023-10-27 03:51:06.433 +02:00 [Information] Request finished HTTP/2 GET https://localhost:7205/_vs/browserLink - - - 200 - text/javascript;+charset=UTF-8 2.5841ms
2023-10-27 03:51:06.437 +02:00 [Error] [TopicController] Topic not found for the TopicId 0000
2023-10-27 03:51:06.437 +02:00 [Information] Executing "NotFoundObjectResult", writing value of type '"System.String"'.
2023-10-27 03:51:06.438 +02:00 [Information] Executed action "Forum.Controllers.TopicController.TopicDetails (Forum)" in 5.0096ms
2023-10-27 03:51:06.438 +02:00 [Information] Executed endpoint '"Forum.Controllers.TopicController.TopicDetails (Forum)"'
2023-10-27 03:51:06.438 +02:00 [Information] Request finished HTTP/2 GET https://localhost:7205/Topic/TopicDetails/style.css - - - 404 - text/plain;+charset=utf-8 7.6336ms
