2023-10-29 21:01:20.662 +01:00 [Information] User profile is available. Using '"C:\Users\latif\AppData\Local\ASP.NET\DataProtection-Keys"' as key repository and Windows DPAPI to encrypt keys at rest.
2023-10-29 21:01:21.662 +01:00 [Information] Now listening on: "https://localhost:7205"
2023-10-29 21:01:21.664 +01:00 [Information] Now listening on: "http://localhost:5112"
2023-10-29 21:01:21.676 +01:00 [Information] Application started. Press Ctrl+C to shut down.
2023-10-29 21:01:21.678 +01:00 [Information] Hosting environment: "Development"
2023-10-29 21:01:21.680 +01:00 [Information] Content root path: "C:\Users\latif\source\repos\PROJECT_1WEB\Forum\MyShop\"
2023-10-29 21:01:22.195 +01:00 [Information] Request starting HTTP/2 GET https://localhost:7205/ - -
2023-10-29 21:01:22.280 +01:00 [Information] Executing endpoint '"Forum.Controllers.HomeController.Index (Forum)"'
2023-10-29 21:01:22.296 +01:00 [Information] Route matched with "{action = \"Index\", controller = \"Home\", page = \"\", area = \"\"}". Executing controller action with signature "System.Threading.Tasks.Task`1[Microsoft.AspNetCore.Mvc.IActionResult] Index()" on controller "Forum.Controllers.HomeController" ("Forum").
2023-10-29 21:01:22.404 +01:00 [Information] Executing action method "Forum.Controllers.HomeController.Index (Forum)" - Validation state: Valid
2023-10-29 21:01:22.464 +01:00 [Information] Executed action method "Forum.Controllers.HomeController.Index (Forum)", returned result "Microsoft.AspNetCore.Mvc.ViewResult" in 55.236ms.
2023-10-29 21:01:22.472 +01:00 [Information] Executing ViewResult, running view "Index".
2023-10-29 21:01:22.816 +01:00 [Information] Executed ViewResult - view "Index" executed in 344.4952ms.
2023-10-29 21:01:22.821 +01:00 [Information] Executed action "Forum.Controllers.HomeController.Index (Forum)" in 524.3215ms
2023-10-29 21:01:22.822 +01:00 [Information] Executed endpoint '"Forum.Controllers.HomeController.Index (Forum)"'
2023-10-29 21:01:22.855 +01:00 [Information] Request starting HTTP/2 GET https://localhost:7205/css/style.css?v=OAuUuHkE5c_5VUbze80j_dwqvpyh2TACD5YvE8i5osY - -
2023-10-29 21:01:22.864 +01:00 [Information] Request finished HTTP/2 GET https://localhost:7205/ - - - 200 - text/html;+charset=utf-8 674.2493ms
2023-10-29 21:01:22.881 +01:00 [Information] Request starting HTTP/2 GET https://localhost:7205/_framework/aspnetcore-browser-refresh.js - -
2023-10-29 21:01:22.885 +01:00 [Information] Request finished HTTP/2 GET https://localhost:7205/_framework/aspnetcore-browser-refresh.js - - - 200 12342 application/javascript;+charset=utf-8 3.6354ms
2023-10-29 21:01:22.885 +01:00 [Information] Sending file. Request path: '"/css/style.css"'. Physical path: '"C:\Users\latif\source\repos\PROJECT_1WEB\Forum\MyShop\wwwroot\css\style.css"'
2023-10-29 21:01:22.885 +01:00 [Information] Request finished HTTP/2 GET https://localhost:7205/css/style.css?v=OAuUuHkE5c_5VUbze80j_dwqvpyh2TACD5YvE8i5osY - - - 200 7284 text/css 29.5481ms
2023-10-29 21:01:22.896 +01:00 [Information] Request starting HTTP/2 GET https://localhost:7205/_vs/browserLink - -
2023-10-29 21:01:22.919 +01:00 [Information] Request finished HTTP/2 GET https://localhost:7205/_vs/browserLink - - - 200 - text/javascript;+charset=UTF-8 22.6358ms
2023-10-29 21:01:23.013 +01:00 [Information] Request starting HTTP/2 GET https://localhost:7205/favicon.ico - -
2023-10-29 21:01:23.016 +01:00 [Information] Request finished HTTP/2 GET https://localhost:7205/favicon.ico - - - 404 0 - 2.8800ms
2023-10-29 21:01:26.151 +01:00 [Information] Request starting HTTP/2 GET https://localhost:7205/Category/CategoryTable - -
2023-10-29 21:01:26.156 +01:00 [Information] Executing endpoint '"Forum.Controllers.CategoryController.CategoryTable (Forum)"'
2023-10-29 21:01:26.162 +01:00 [Information] Route matched with "{action = \"CategoryTable\", controller = \"Category\", page = \"\", area = \"\"}". Executing controller action with signature "System.Threading.Tasks.Task`1[Microsoft.AspNetCore.Mvc.IActionResult] CategoryTable()" on controller "Forum.Controllers.CategoryController" ("Forum").
2023-10-29 21:01:26.196 +01:00 [Information] Executing action method "Forum.Controllers.CategoryController.CategoryTable (Forum)" - Validation state: Valid
2023-10-29 21:01:26.236 +01:00 [Information] Executed action method "Forum.Controllers.CategoryController.CategoryTable (Forum)", returned result "Microsoft.AspNetCore.Mvc.ViewResult" in 40.0395ms.
2023-10-29 21:01:26.238 +01:00 [Information] Executing ViewResult, running view "CategoryTable".
2023-10-29 21:01:26.286 +01:00 [Information] Executed ViewResult - view "CategoryTable" executed in 49.3272ms.
2023-10-29 21:01:26.286 +01:00 [Information] Executed action "Forum.Controllers.CategoryController.CategoryTable (Forum)" in 124.0557ms
2023-10-29 21:01:26.286 +01:00 [Information] Executed endpoint '"Forum.Controllers.CategoryController.CategoryTable (Forum)"'
2023-10-29 21:01:26.289 +01:00 [Information] Request finished HTTP/2 GET https://localhost:7205/Category/CategoryTable - - - 200 - text/html;+charset=utf-8 137.5583ms
2023-10-29 21:01:26.292 +01:00 [Information] Request starting HTTP/2 GET https://localhost:7205/_vs/browserLink - -
2023-10-29 21:01:26.292 +01:00 [Information] Request starting HTTP/2 GET https://localhost:7205/_framework/aspnetcore-browser-refresh.js - -
2023-10-29 21:01:26.292 +01:00 [Information] Request starting HTTP/2 GET https://localhost:7205/css/style.css?v=OAuUuHkE5c_5VUbze80j_dwqvpyh2TACD5YvE8i5osY - -
2023-10-29 21:01:26.292 +01:00 [Information] Request finished HTTP/2 GET https://localhost:7205/_framework/aspnetcore-browser-refresh.js - - - 200 12342 application/javascript;+charset=utf-8 0.7572ms
2023-10-29 21:01:26.296 +01:00 [Information] The file "/css/style.css" was not modified
2023-10-29 21:01:26.296 +01:00 [Information] Request finished HTTP/2 GET https://localhost:7205/_vs/browserLink - - - 200 - text/javascript;+charset=UTF-8 4.1822ms
2023-10-29 21:01:26.296 +01:00 [Information] Request finished HTTP/2 GET https://localhost:7205/css/style.css?v=OAuUuHkE5c_5VUbze80j_dwqvpyh2TACD5YvE8i5osY - - - 304 - text/css 4.2228ms
2023-10-29 21:01:27.844 +01:00 [Information] Request starting HTTP/2 GET https://localhost:7205/Room/RoomTable - -
2023-10-29 21:01:27.846 +01:00 [Information] Executing endpoint '"Forum.Controllers.RoomController.RoomTable (Forum)"'
2023-10-29 21:01:27.851 +01:00 [Information] Route matched with "{action = \"RoomTable\", controller = \"Room\", page = \"\", area = \"\"}". Executing controller action with signature "System.Threading.Tasks.Task`1[Microsoft.AspNetCore.Mvc.IActionResult] RoomTable()" on controller "Forum.Controllers.RoomController" ("Forum").
2023-10-29 21:01:27.891 +01:00 [Information] Executing action method "Forum.Controllers.RoomController.RoomTable (Forum)" - Validation state: Valid
2023-10-29 21:01:27.945 +01:00 [Information] Executed action method "Forum.Controllers.RoomController.RoomTable (Forum)", returned result "Microsoft.AspNetCore.Mvc.ViewResult" in 53.7803ms.
2023-10-29 21:01:27.946 +01:00 [Information] Executing ViewResult, running view "RoomTable".
2023-10-29 21:01:27.983 +01:00 [Information] Executed ViewResult - view "RoomTable" executed in 38.225ms.
2023-10-29 21:01:27.983 +01:00 [Information] Executed action "Forum.Controllers.RoomController.RoomTable (Forum)" in 132.0165ms
2023-10-29 21:01:27.984 +01:00 [Information] Executed endpoint '"Forum.Controllers.RoomController.RoomTable (Forum)"'
2023-10-29 21:01:27.986 +01:00 [Information] Request finished HTTP/2 GET https://localhost:7205/Room/RoomTable - - - 200 - text/html;+charset=utf-8 141.9146ms
2023-10-29 21:01:27.989 +01:00 [Information] Request starting HTTP/2 GET https://localhost:7205/css/style.css?v=OAuUuHkE5c_5VUbze80j_dwqvpyh2TACD5YvE8i5osY - -
2023-10-29 21:01:27.989 +01:00 [Information] Request starting HTTP/2 GET https://localhost:7205/_framework/aspnetcore-browser-refresh.js - -
2023-10-29 21:01:27.989 +01:00 [Information] Request starting HTTP/2 GET https://localhost:7205/_vs/browserLink - -
2023-10-29 21:01:27.989 +01:00 [Information] Request finished HTTP/2 GET https://localhost:7205/_framework/aspnetcore-browser-refresh.js - - - 200 12342 application/javascript;+charset=utf-8 0.9353ms
2023-10-29 21:01:27.990 +01:00 [Information] The file "/css/style.css" was not modified
2023-10-29 21:01:27.990 +01:00 [Information] Request finished HTTP/2 GET https://localhost:7205/css/style.css?v=OAuUuHkE5c_5VUbze80j_dwqvpyh2TACD5YvE8i5osY - - - 304 - text/css 1.2121ms
2023-10-29 21:01:28.006 +01:00 [Information] Request finished HTTP/2 GET https://localhost:7205/_vs/browserLink - - - 200 - text/javascript;+charset=UTF-8 16.9998ms
2023-10-29 21:01:28.905 +01:00 [Information] Request starting HTTP/2 GET https://localhost:7205/Topic/TopicTable - -
2023-10-29 21:01:28.907 +01:00 [Information] Executing endpoint '"Forum.Controllers.TopicController.TopicTable (Forum)"'
2023-10-29 21:01:28.912 +01:00 [Information] Route matched with "{action = \"TopicTable\", controller = \"Topic\", page = \"\", area = \"\"}". Executing controller action with signature "System.Threading.Tasks.Task`1[Microsoft.AspNetCore.Mvc.IActionResult] TopicTable()" on controller "Forum.Controllers.TopicController" ("Forum").
2023-10-29 21:01:28.945 +01:00 [Information] Executing action method "Forum.Controllers.TopicController.TopicTable (Forum)" - Validation state: Valid
2023-10-29 21:01:28.996 +01:00 [Information] Executed action method "Forum.Controllers.TopicController.TopicTable (Forum)", returned result "Microsoft.AspNetCore.Mvc.ViewResult" in 50.8086ms.
2023-10-29 21:01:28.998 +01:00 [Information] Executing ViewResult, running view "TopicTable".
2023-10-29 21:01:29.023 +01:00 [Information] Executed ViewResult - view "TopicTable" executed in 26.4406ms.
2023-10-29 21:01:29.023 +01:00 [Information] Executed action "Forum.Controllers.TopicController.TopicTable (Forum)" in 110.8396ms
2023-10-29 21:01:29.023 +01:00 [Information] Executed endpoint '"Forum.Controllers.TopicController.TopicTable (Forum)"'
2023-10-29 21:01:29.025 +01:00 [Information] Request finished HTTP/2 GET https://localhost:7205/Topic/TopicTable - - - 200 - text/html;+charset=utf-8 119.9670ms
2023-10-29 21:01:29.036 +01:00 [Information] Request starting HTTP/2 GET https://localhost:7205/_framework/aspnetcore-browser-refresh.js - -
2023-10-29 21:01:29.036 +01:00 [Information] Request starting HTTP/2 GET https://localhost:7205/css/style.css?v=OAuUuHkE5c_5VUbze80j_dwqvpyh2TACD5YvE8i5osY - -
2023-10-29 21:01:29.036 +01:00 [Information] Request starting HTTP/2 GET https://localhost:7205/_vs/browserLink - -
2023-10-29 21:01:29.037 +01:00 [Information] Request finished HTTP/2 GET https://localhost:7205/_framework/aspnetcore-browser-refresh.js - - - 200 12342 application/javascript;+charset=utf-8 0.6107ms
2023-10-29 21:01:29.037 +01:00 [Information] The file "/css/style.css" was not modified
2023-10-29 21:01:29.037 +01:00 [Information] Request finished HTTP/2 GET https://localhost:7205/css/style.css?v=OAuUuHkE5c_5VUbze80j_dwqvpyh2TACD5YvE8i5osY - - - 304 - text/css 0.8642ms
2023-10-29 21:01:29.055 +01:00 [Information] Request finished HTTP/2 GET https://localhost:7205/_vs/browserLink - - - 200 - text/javascript;+charset=UTF-8 19.3094ms
2023-10-29 21:01:32.341 +01:00 [Information] Request starting HTTP/2 GET https://localhost:7205/Identity/Account/Login - -
2023-10-29 21:01:32.343 +01:00 [Information] Executing endpoint '"/Account/Login"'
2023-10-29 21:01:32.385 +01:00 [Information] Route matched with "{page = \"/Account/Login\", area = \"Identity\", action = \"\", controller = \"\"}". Executing page "/Account/Login"
2023-10-29 21:01:32.430 +01:00 [Information] Executing handler method "Forum.Areas.Identity.Pages.Account.LoginModel.OnGetAsync" - ModelState is Valid
2023-10-29 21:01:32.448 +01:00 [Information] AuthenticationScheme: "Identity.External" signed out.
2023-10-29 21:01:32.451 +01:00 [Information] Executed handler method "OnGetAsync", returned result "".
2023-10-29 21:01:32.464 +01:00 [Information] Executing an implicit handler method - ModelState is Valid
2023-10-29 21:01:32.464 +01:00 [Information] Executed an implicit handler method, returned result "Microsoft.AspNetCore.Mvc.RazorPages.PageResult".
2023-10-29 21:01:32.592 +01:00 [Information] Executed page "/Account/Login" in 206.4577ms
2023-10-29 21:01:32.592 +01:00 [Information] Executed endpoint '"/Account/Login"'
2023-10-29 21:01:32.594 +01:00 [Information] Request finished HTTP/2 GET https://localhost:7205/Identity/Account/Login - - - 200 - text/html;+charset=utf-8 253.4592ms
2023-10-29 21:01:32.597 +01:00 [Information] Request starting HTTP/2 GET https://localhost:7205/css/style.css?v=OAuUuHkE5c_5VUbze80j_dwqvpyh2TACD5YvE8i5osY - -
2023-10-29 21:01:32.597 +01:00 [Information] Request starting HTTP/2 GET https://localhost:7205/_framework/aspnetcore-browser-refresh.js - -
2023-10-29 21:01:32.597 +01:00 [Information] Request finished HTTP/2 GET https://localhost:7205/_framework/aspnetcore-browser-refresh.js - - - 200 12342 application/javascript;+charset=utf-8 0.3217ms
2023-10-29 21:01:32.597 +01:00 [Information] The file "/css/style.css" was not modified
2023-10-29 21:01:32.598 +01:00 [Information] Request finished HTTP/2 GET https://localhost:7205/css/style.css?v=OAuUuHkE5c_5VUbze80j_dwqvpyh2TACD5YvE8i5osY - - - 304 - text/css 0.6381ms
2023-10-29 21:01:32.603 +01:00 [Information] Request starting HTTP/2 GET https://localhost:7205/_vs/browserLink - -
2023-10-29 21:01:32.607 +01:00 [Information] Request finished HTTP/2 GET https://localhost:7205/_vs/browserLink - - - 200 - text/javascript;+charset=UTF-8 3.7772ms
2023-10-29 21:01:34.398 +01:00 [Information] Request starting HTTP/2 POST https://localhost:7205/Identity/Account/Login application/x-www-form-urlencoded 280
2023-10-29 21:01:34.409 +01:00 [Information] Executing endpoint '"/Account/Login"'
2023-10-29 21:01:34.410 +01:00 [Information] Route matched with "{page = \"/Account/Login\", area = \"Identity\", action = \"\", controller = \"\"}". Executing page "/Account/Login"
2023-10-29 21:01:34.470 +01:00 [Information] Executing handler method "Forum.Areas.Identity.Pages.Account.LoginModel.OnPostAsync" - ModelState is Valid
2023-10-29 21:01:34.819 +01:00 [Information] AuthenticationScheme: "Identity.Application" signed in.
2023-10-29 21:01:34.825 +01:00 [Information] User logged in.
2023-10-29 21:01:34.827 +01:00 [Information] Executed handler method "OnPostAsync", returned result "Microsoft.AspNetCore.Mvc.LocalRedirectResult".
2023-10-29 21:01:34.829 +01:00 [Information] Executing LocalRedirectResult, redirecting to "/".
2023-10-29 21:01:34.830 +01:00 [Information] Executed page "/Account/Login" in 419.6971ms
2023-10-29 21:01:34.830 +01:00 [Information] Executed endpoint '"/Account/Login"'
2023-10-29 21:01:34.831 +01:00 [Information] Request finished HTTP/2 POST https://localhost:7205/Identity/Account/Login application/x-www-form-urlencoded 280 - 302 0 - 432.3634ms
2023-10-29 21:01:34.835 +01:00 [Information] Request starting HTTP/2 GET https://localhost:7205/ - -
2023-10-29 21:01:34.852 +01:00 [Information] Executing endpoint '"Forum.Controllers.HomeController.Index (Forum)"'
2023-10-29 21:01:34.852 +01:00 [Information] Route matched with "{action = \"Index\", controller = \"Home\", page = \"\", area = \"\"}". Executing controller action with signature "System.Threading.Tasks.Task`1[Microsoft.AspNetCore.Mvc.IActionResult] Index()" on controller "Forum.Controllers.HomeController" ("Forum").
2023-10-29 21:01:34.880 +01:00 [Information] Executing action method "Forum.Controllers.HomeController.Index (Forum)" - Validation state: Valid
2023-10-29 21:01:34.886 +01:00 [Information] Executed action method "Forum.Controllers.HomeController.Index (Forum)", returned result "Microsoft.AspNetCore.Mvc.ViewResult" in 5.7067ms.
2023-10-29 21:01:34.886 +01:00 [Information] Executing ViewResult, running view "Index".
2023-10-29 21:01:34.953 +01:00 [Information] Executed ViewResult - view "Index" executed in 66.4588ms.
2023-10-29 21:01:34.953 +01:00 [Information] Executed action "Forum.Controllers.HomeController.Index (Forum)" in 100.7825ms
2023-10-29 21:01:34.953 +01:00 [Information] Executed endpoint '"Forum.Controllers.HomeController.Index (Forum)"'
2023-10-29 21:01:34.960 +01:00 [Information] Request finished HTTP/2 GET https://localhost:7205/ - - - 200 - text/html;+charset=utf-8 125.2201ms
2023-10-29 21:01:34.963 +01:00 [Information] Request starting HTTP/2 GET https://localhost:7205/css/style.css?v=OAuUuHkE5c_5VUbze80j_dwqvpyh2TACD5YvE8i5osY - -
2023-10-29 21:01:34.963 +01:00 [Information] The file "/css/style.css" was not modified
2023-10-29 21:01:34.963 +01:00 [Information] Request finished HTTP/2 GET https://localhost:7205/css/style.css?v=OAuUuHkE5c_5VUbze80j_dwqvpyh2TACD5YvE8i5osY - - - 304 - text/css 0.4505ms
2023-10-29 21:01:34.964 +01:00 [Information] Request starting HTTP/2 GET https://localhost:7205/_framework/aspnetcore-browser-refresh.js - -
2023-10-29 21:01:34.964 +01:00 [Information] Request starting HTTP/2 GET https://localhost:7205/_vs/browserLink - -
2023-10-29 21:01:34.964 +01:00 [Information] Request finished HTTP/2 GET https://localhost:7205/_framework/aspnetcore-browser-refresh.js - - - 200 12342 application/javascript;+charset=utf-8 0.8217ms
2023-10-29 21:01:34.971 +01:00 [Information] Request finished HTTP/2 GET https://localhost:7205/_vs/browserLink - - - 200 - text/javascript;+charset=UTF-8 7.2617ms
2023-10-29 21:01:36.597 +01:00 [Information] Request starting HTTP/2 GET https://localhost:7205/Category/CategoryTable - -
2023-10-29 21:01:36.607 +01:00 [Information] Executing endpoint '"Forum.Controllers.CategoryController.CategoryTable (Forum)"'
2023-10-29 21:01:36.608 +01:00 [Information] Route matched with "{action = \"CategoryTable\", controller = \"Category\", page = \"\", area = \"\"}". Executing controller action with signature "System.Threading.Tasks.Task`1[Microsoft.AspNetCore.Mvc.IActionResult] CategoryTable()" on controller "Forum.Controllers.CategoryController" ("Forum").
2023-10-29 21:01:36.633 +01:00 [Information] Executing action method "Forum.Controllers.CategoryController.CategoryTable (Forum)" - Validation state: Valid
2023-10-29 21:01:36.637 +01:00 [Information] Executed action method "Forum.Controllers.CategoryController.CategoryTable (Forum)", returned result "Microsoft.AspNetCore.Mvc.ViewResult" in 3.8881ms.
2023-10-29 21:01:36.637 +01:00 [Information] Executing ViewResult, running view "CategoryTable".
2023-10-29 21:01:36.658 +01:00 [Information] Executed ViewResult - view "CategoryTable" executed in 20.3215ms.
2023-10-29 21:01:36.658 +01:00 [Information] Executed action "Forum.Controllers.CategoryController.CategoryTable (Forum)" in 49.8036ms
2023-10-29 21:01:36.658 +01:00 [Information] Executed endpoint '"Forum.Controllers.CategoryController.CategoryTable (Forum)"'
2023-10-29 21:01:36.660 +01:00 [Information] Request finished HTTP/2 GET https://localhost:7205/Category/CategoryTable - - - 200 - text/html;+charset=utf-8 63.2389ms
2023-10-29 21:01:36.664 +01:00 [Information] Request starting HTTP/2 GET https://localhost:7205/_framework/aspnetcore-browser-refresh.js - -
2023-10-29 21:01:36.664 +01:00 [Information] Request starting HTTP/2 GET https://localhost:7205/css/style.css?v=OAuUuHkE5c_5VUbze80j_dwqvpyh2TACD5YvE8i5osY - -
2023-10-29 21:01:36.664 +01:00 [Information] Request starting HTTP/2 GET https://localhost:7205/_vs/browserLink - -
2023-10-29 21:01:36.664 +01:00 [Information] Request finished HTTP/2 GET https://localhost:7205/_framework/aspnetcore-browser-refresh.js - - - 200 12342 application/javascript;+charset=utf-8 0.6030ms
2023-10-29 21:01:36.665 +01:00 [Information] The file "/css/style.css" was not modified
2023-10-29 21:01:36.665 +01:00 [Information] Request finished HTTP/2 GET https://localhost:7205/css/style.css?v=OAuUuHkE5c_5VUbze80j_dwqvpyh2TACD5YvE8i5osY - - - 304 - text/css 0.9427ms
2023-10-29 21:01:36.668 +01:00 [Information] Request finished HTTP/2 GET https://localhost:7205/_vs/browserLink - - - 200 - text/javascript;+charset=UTF-8 3.7703ms
2023-10-29 21:01:41.929 +01:00 [Information] Request starting HTTP/2 GET https://localhost:7205/Room/RoomTable - -
2023-10-29 21:01:41.941 +01:00 [Information] Executing endpoint '"Forum.Controllers.RoomController.RoomTable (Forum)"'
2023-10-29 21:01:41.942 +01:00 [Information] Route matched with "{action = \"RoomTable\", controller = \"Room\", page = \"\", area = \"\"}". Executing controller action with signature "System.Threading.Tasks.Task`1[Microsoft.AspNetCore.Mvc.IActionResult] RoomTable()" on controller "Forum.Controllers.RoomController" ("Forum").
2023-10-29 21:01:41.972 +01:00 [Information] Executing action method "Forum.Controllers.RoomController.RoomTable (Forum)" - Validation state: Valid
2023-10-29 21:01:41.978 +01:00 [Information] Executed action method "Forum.Controllers.RoomController.RoomTable (Forum)", returned result "Microsoft.AspNetCore.Mvc.ViewResult" in 5.8137ms.
2023-10-29 21:01:41.978 +01:00 [Information] Executing ViewResult, running view "RoomTable".
2023-10-29 21:01:41.988 +01:00 [Information] Executed ViewResult - view "RoomTable" executed in 9.7785ms.
2023-10-29 21:01:41.989 +01:00 [Information] Executed action "Forum.Controllers.RoomController.RoomTable (Forum)" in 47.0052ms
2023-10-29 21:01:41.989 +01:00 [Information] Executed endpoint '"Forum.Controllers.RoomController.RoomTable (Forum)"'
2023-10-29 21:01:41.992 +01:00 [Information] Request finished HTTP/2 GET https://localhost:7205/Room/RoomTable - - - 200 - text/html;+charset=utf-8 63.3049ms
2023-10-29 21:01:41.995 +01:00 [Information] Request starting HTTP/2 GET https://localhost:7205/css/style.css?v=OAuUuHkE5c_5VUbze80j_dwqvpyh2TACD5YvE8i5osY - -
2023-10-29 21:01:41.995 +01:00 [Information] Request starting HTTP/2 GET https://localhost:7205/_framework/aspnetcore-browser-refresh.js - -
2023-10-29 21:01:41.995 +01:00 [Information] Request starting HTTP/2 GET https://localhost:7205/_vs/browserLink - -
2023-10-29 21:01:41.996 +01:00 [Information] Request finished HTTP/2 GET https://localhost:7205/_framework/aspnetcore-browser-refresh.js - - - 200 12342 application/javascript;+charset=utf-8 0.6197ms
2023-10-29 21:01:41.996 +01:00 [Information] The file "/css/style.css" was not modified
2023-10-29 21:01:41.996 +01:00 [Information] Request finished HTTP/2 GET https://localhost:7205/css/style.css?v=OAuUuHkE5c_5VUbze80j_dwqvpyh2TACD5YvE8i5osY - - - 304 - text/css 0.8354ms
2023-10-29 21:01:42.000 +01:00 [Information] Request finished HTTP/2 GET https://localhost:7205/_vs/browserLink - - - 200 - text/javascript;+charset=UTF-8 4.8325ms
2023-10-29 21:01:44.853 +01:00 [Information] Request starting HTTP/2 GET https://localhost:7205/Topic/TopicTable - -
2023-10-29 21:01:44.864 +01:00 [Information] Executing endpoint '"Forum.Controllers.TopicController.TopicTable (Forum)"'
2023-10-29 21:01:44.865 +01:00 [Information] Route matched with "{action = \"TopicTable\", controller = \"Topic\", page = \"\", area = \"\"}". Executing controller action with signature "System.Threading.Tasks.Task`1[Microsoft.AspNetCore.Mvc.IActionResult] TopicTable()" on controller "Forum.Controllers.TopicController" ("Forum").
2023-10-29 21:01:44.893 +01:00 [Information] Executing action method "Forum.Controllers.TopicController.TopicTable (Forum)" - Validation state: Valid
2023-10-29 21:01:44.899 +01:00 [Information] Executed action method "Forum.Controllers.TopicController.TopicTable (Forum)", returned result "Microsoft.AspNetCore.Mvc.ViewResult" in 6.1859ms.
2023-10-29 21:01:44.899 +01:00 [Information] Executing ViewResult, running view "TopicTable".
2023-10-29 21:01:44.911 +01:00 [Information] Executed ViewResult - view "TopicTable" executed in 12.0497ms.
2023-10-29 21:01:44.911 +01:00 [Information] Executed action "Forum.Controllers.TopicController.TopicTable (Forum)" in 46.6882ms
2023-10-29 21:01:44.911 +01:00 [Information] Executed endpoint '"Forum.Controllers.TopicController.TopicTable (Forum)"'
2023-10-29 21:01:44.915 +01:00 [Information] Request finished HTTP/2 GET https://localhost:7205/Topic/TopicTable - - - 200 - text/html;+charset=utf-8 61.2939ms
2023-10-29 21:01:44.917 +01:00 [Information] Request starting HTTP/2 GET https://localhost:7205/_vs/browserLink - -
2023-10-29 21:01:44.917 +01:00 [Information] Request starting HTTP/2 GET https://localhost:7205/_framework/aspnetcore-browser-refresh.js - -
2023-10-29 21:01:44.917 +01:00 [Information] Request starting HTTP/2 GET https://localhost:7205/css/style.css?v=OAuUuHkE5c_5VUbze80j_dwqvpyh2TACD5YvE8i5osY - -
2023-10-29 21:01:44.918 +01:00 [Information] Request finished HTTP/2 GET https://localhost:7205/_framework/aspnetcore-browser-refresh.js - - - 200 12342 application/javascript;+charset=utf-8 0.5532ms
2023-10-29 21:01:44.918 +01:00 [Information] The file "/css/style.css" was not modified
2023-10-29 21:01:44.919 +01:00 [Information] Request finished HTTP/2 GET https://localhost:7205/css/style.css?v=OAuUuHkE5c_5VUbze80j_dwqvpyh2TACD5YvE8i5osY - - - 304 - text/css 1.7741ms
2023-10-29 21:01:44.922 +01:00 [Information] Request finished HTTP/2 GET https://localhost:7205/_vs/browserLink - - - 200 - text/javascript;+charset=UTF-8 4.6593ms
2023-10-29 21:01:46.326 +01:00 [Information] Request starting HTTP/2 GET https://localhost:7205/Room/RoomTable - -
2023-10-29 21:01:46.334 +01:00 [Information] Executing endpoint '"Forum.Controllers.RoomController.RoomTable (Forum)"'
2023-10-29 21:01:46.334 +01:00 [Information] Route matched with "{action = \"RoomTable\", controller = \"Room\", page = \"\", area = \"\"}". Executing controller action with signature "System.Threading.Tasks.Task`1[Microsoft.AspNetCore.Mvc.IActionResult] RoomTable()" on controller "Forum.Controllers.RoomController" ("Forum").
2023-10-29 21:01:46.362 +01:00 [Information] Executing action method "Forum.Controllers.RoomController.RoomTable (Forum)" - Validation state: Valid
2023-10-29 21:01:46.368 +01:00 [Information] Executed action method "Forum.Controllers.RoomController.RoomTable (Forum)", returned result "Microsoft.AspNetCore.Mvc.ViewResult" in 5.368ms.
2023-10-29 21:01:46.368 +01:00 [Information] Executing ViewResult, running view "RoomTable".
2023-10-29 21:01:46.379 +01:00 [Information] Executed ViewResult - view "RoomTable" executed in 10.9326ms.
2023-10-29 21:01:46.379 +01:00 [Information] Executed action "Forum.Controllers.RoomController.RoomTable (Forum)" in 45.1591ms
2023-10-29 21:01:46.379 +01:00 [Information] Executed endpoint '"Forum.Controllers.RoomController.RoomTable (Forum)"'
2023-10-29 21:01:46.383 +01:00 [Information] Request finished HTTP/2 GET https://localhost:7205/Room/RoomTable - - - 200 - text/html;+charset=utf-8 56.6617ms
2023-10-29 21:01:46.386 +01:00 [Information] Request starting HTTP/2 GET https://localhost:7205/_vs/browserLink - -
2023-10-29 21:01:46.386 +01:00 [Information] Request starting HTTP/2 GET https://localhost:7205/_framework/aspnetcore-browser-refresh.js - -
2023-10-29 21:01:46.386 +01:00 [Information] Request finished HTTP/2 GET https://localhost:7205/_framework/aspnetcore-browser-refresh.js - - - 200 12342 application/javascript;+charset=utf-8 0.7090ms
2023-10-29 21:01:46.390 +01:00 [Information] Request finished HTTP/2 GET https://localhost:7205/_vs/browserLink - - - 200 - text/javascript;+charset=UTF-8 4.3277ms
2023-10-29 21:01:47.333 +01:00 [Information] Request starting HTTP/2 GET https://localhost:7205/Category/CategoryTable - -
2023-10-29 21:01:47.341 +01:00 [Information] Executing endpoint '"Forum.Controllers.CategoryController.CategoryTable (Forum)"'
2023-10-29 21:01:47.341 +01:00 [Information] Route matched with "{action = \"CategoryTable\", controller = \"Category\", page = \"\", area = \"\"}". Executing controller action with signature "System.Threading.Tasks.Task`1[Microsoft.AspNetCore.Mvc.IActionResult] CategoryTable()" on controller "Forum.Controllers.CategoryController" ("Forum").
2023-10-29 21:01:47.375 +01:00 [Information] Executing action method "Forum.Controllers.CategoryController.CategoryTable (Forum)" - Validation state: Valid
2023-10-29 21:01:47.380 +01:00 [Information] Executed action method "Forum.Controllers.CategoryController.CategoryTable (Forum)", returned result "Microsoft.AspNetCore.Mvc.ViewResult" in 5.4525ms.
2023-10-29 21:01:47.381 +01:00 [Information] Executing ViewResult, running view "CategoryTable".
2023-10-29 21:01:47.403 +01:00 [Information] Executed ViewResult - view "CategoryTable" executed in 22.1694ms.
2023-10-29 21:01:47.403 +01:00 [Information] Executed action "Forum.Controllers.CategoryController.CategoryTable (Forum)" in 61.4972ms
2023-10-29 21:01:47.403 +01:00 [Information] Executed endpoint '"Forum.Controllers.CategoryController.CategoryTable (Forum)"'
2023-10-29 21:01:47.407 +01:00 [Information] Request finished HTTP/2 GET https://localhost:7205/Category/CategoryTable - - - 200 - text/html;+charset=utf-8 73.7481ms
2023-10-29 21:01:47.410 +01:00 [Information] Request starting HTTP/2 GET https://localhost:7205/css/style.css?v=OAuUuHkE5c_5VUbze80j_dwqvpyh2TACD5YvE8i5osY - -
2023-10-29 21:01:47.410 +01:00 [Information] Request starting HTTP/2 GET https://localhost:7205/_vs/browserLink - -
2023-10-29 21:01:47.410 +01:00 [Information] Request starting HTTP/2 GET https://localhost:7205/_framework/aspnetcore-browser-refresh.js - -
2023-10-29 21:01:47.410 +01:00 [Information] Request finished HTTP/2 GET https://localhost:7205/_framework/aspnetcore-browser-refresh.js - - - 200 12342 application/javascript;+charset=utf-8 0.5252ms
2023-10-29 21:01:47.411 +01:00 [Information] The file "/css/style.css" was not modified
2023-10-29 21:01:47.412 +01:00 [Information] Request finished HTTP/2 GET https://localhost:7205/css/style.css?v=OAuUuHkE5c_5VUbze80j_dwqvpyh2TACD5YvE8i5osY - - - 304 - text/css 1.9334ms
2023-10-29 21:01:47.420 +01:00 [Information] Request finished HTTP/2 GET https://localhost:7205/_vs/browserLink - - - 200 - text/javascript;+charset=UTF-8 10.1539ms
2023-10-29 21:02:01.815 +01:00 [Information] Request starting HTTP/2 GET https://localhost:7205/Room/RoomTable - -
2023-10-29 21:02:01.822 +01:00 [Information] Executing endpoint '"Forum.Controllers.RoomController.RoomTable (Forum)"'
2023-10-29 21:02:01.822 +01:00 [Information] Route matched with "{action = \"RoomTable\", controller = \"Room\", page = \"\", area = \"\"}". Executing controller action with signature "System.Threading.Tasks.Task`1[Microsoft.AspNetCore.Mvc.IActionResult] RoomTable()" on controller "Forum.Controllers.RoomController" ("Forum").
2023-10-29 21:02:01.852 +01:00 [Information] Executing action method "Forum.Controllers.RoomController.RoomTable (Forum)" - Validation state: Valid
2023-10-29 21:02:01.858 +01:00 [Information] Executed action method "Forum.Controllers.RoomController.RoomTable (Forum)", returned result "Microsoft.AspNetCore.Mvc.ViewResult" in 5.4791ms.
2023-10-29 21:02:01.858 +01:00 [Information] Executing ViewResult, running view "RoomTable".
2023-10-29 21:02:01.866 +01:00 [Information] Executed ViewResult - view "RoomTable" executed in 8.6618ms.
2023-10-29 21:02:01.867 +01:00 [Information] Executed action "Forum.Controllers.RoomController.RoomTable (Forum)" in 44.4919ms
2023-10-29 21:02:01.867 +01:00 [Information] Executed endpoint '"Forum.Controllers.RoomController.RoomTable (Forum)"'
2023-10-29 21:02:01.870 +01:00 [Information] Request finished HTTP/2 GET https://localhost:7205/Room/RoomTable - - - 200 - text/html;+charset=utf-8 55.5354ms
2023-10-29 21:02:01.874 +01:00 [Information] Request starting HTTP/2 GET https://localhost:7205/_vs/browserLink - -
2023-10-29 21:02:01.874 +01:00 [Information] Request starting HTTP/2 GET https://localhost:7205/_framework/aspnetcore-browser-refresh.js - -
2023-10-29 21:02:01.874 +01:00 [Information] Request starting HTTP/2 GET https://localhost:7205/css/style.css?v=OAuUuHkE5c_5VUbze80j_dwqvpyh2TACD5YvE8i5osY - -
2023-10-29 21:02:01.875 +01:00 [Information] The file "/css/style.css" was not modified
2023-10-29 21:02:01.875 +01:00 [Information] Request finished HTTP/2 GET https://localhost:7205/_framework/aspnetcore-browser-refresh.js - - - 200 12342 application/javascript;+charset=utf-8 0.9258ms
2023-10-29 21:02:01.875 +01:00 [Information] Request finished HTTP/2 GET https://localhost:7205/css/style.css?v=OAuUuHkE5c_5VUbze80j_dwqvpyh2TACD5YvE8i5osY - - - 304 - text/css 1.5202ms
2023-10-29 21:02:01.891 +01:00 [Information] Request finished HTTP/2 GET https://localhost:7205/_vs/browserLink - - - 200 - text/javascript;+charset=UTF-8 17.5293ms
2023-10-29 21:02:04.030 +01:00 [Information] Request starting HTTP/2 GET https://localhost:7205/Topic/TopicTable - -
2023-10-29 21:02:04.036 +01:00 [Information] Executing endpoint '"Forum.Controllers.TopicController.TopicTable (Forum)"'
2023-10-29 21:02:04.036 +01:00 [Information] Route matched with "{action = \"TopicTable\", controller = \"Topic\", page = \"\", area = \"\"}". Executing controller action with signature "System.Threading.Tasks.Task`1[Microsoft.AspNetCore.Mvc.IActionResult] TopicTable()" on controller "Forum.Controllers.TopicController" ("Forum").
2023-10-29 21:02:04.069 +01:00 [Information] Executing action method "Forum.Controllers.TopicController.TopicTable (Forum)" - Validation state: Valid
2023-10-29 21:02:04.074 +01:00 [Information] Executed action method "Forum.Controllers.TopicController.TopicTable (Forum)", returned result "Microsoft.AspNetCore.Mvc.ViewResult" in 5.611ms.
2023-10-29 21:02:04.075 +01:00 [Information] Executing ViewResult, running view "TopicTable".
2023-10-29 21:02:04.085 +01:00 [Information] Executed ViewResult - view "TopicTable" executed in 10.6359ms.
2023-10-29 21:02:04.085 +01:00 [Information] Executed action "Forum.Controllers.TopicController.TopicTable (Forum)" in 48.9153ms
2023-10-29 21:02:04.086 +01:00 [Information] Executed endpoint '"Forum.Controllers.TopicController.TopicTable (Forum)"'
2023-10-29 21:02:04.090 +01:00 [Information] Request finished HTTP/2 GET https://localhost:7205/Topic/TopicTable - - - 200 - text/html;+charset=utf-8 60.2746ms
2023-10-29 21:02:04.093 +01:00 [Information] Request starting HTTP/2 GET https://localhost:7205/_vs/browserLink - -
2023-10-29 21:02:04.093 +01:00 [Information] Request starting HTTP/2 GET https://localhost:7205/_framework/aspnetcore-browser-refresh.js - -
2023-10-29 21:02:04.093 +01:00 [Information] Request finished HTTP/2 GET https://localhost:7205/_framework/aspnetcore-browser-refresh.js - - - 200 12342 application/javascript;+charset=utf-8 0.5352ms
2023-10-29 21:02:04.098 +01:00 [Information] Request finished HTTP/2 GET https://localhost:7205/_vs/browserLink - - - 200 - text/javascript;+charset=UTF-8 5.1117ms
2023-10-29 21:02:05.890 +01:00 [Information] Request starting HTTP/2 GET https://localhost:7205/Room/RoomTable - -
2023-10-29 21:02:05.898 +01:00 [Information] Executing endpoint '"Forum.Controllers.RoomController.RoomTable (Forum)"'
2023-10-29 21:02:05.898 +01:00 [Information] Route matched with "{action = \"RoomTable\", controller = \"Room\", page = \"\", area = \"\"}". Executing controller action with signature "System.Threading.Tasks.Task`1[Microsoft.AspNetCore.Mvc.IActionResult] RoomTable()" on controller "Forum.Controllers.RoomController" ("Forum").
2023-10-29 21:02:05.929 +01:00 [Information] Executing action method "Forum.Controllers.RoomController.RoomTable (Forum)" - Validation state: Valid
2023-10-29 21:02:05.935 +01:00 [Information] Executed action method "Forum.Controllers.RoomController.RoomTable (Forum)", returned result "Microsoft.AspNetCore.Mvc.ViewResult" in 5.9781ms.
2023-10-29 21:02:05.936 +01:00 [Information] Executing ViewResult, running view "RoomTable".
2023-10-29 21:02:05.945 +01:00 [Information] Executed ViewResult - view "RoomTable" executed in 8.8492ms.
2023-10-29 21:02:05.945 +01:00 [Information] Executed action "Forum.Controllers.RoomController.RoomTable (Forum)" in 46.4269ms
2023-10-29 21:02:05.945 +01:00 [Information] Executed endpoint '"Forum.Controllers.RoomController.RoomTable (Forum)"'
2023-10-29 21:02:05.949 +01:00 [Information] Request finished HTTP/2 GET https://localhost:7205/Room/RoomTable - - - 200 - text/html;+charset=utf-8 59.0003ms
2023-10-29 21:02:05.952 +01:00 [Information] Request starting HTTP/2 GET https://localhost:7205/css/style.css?v=OAuUuHkE5c_5VUbze80j_dwqvpyh2TACD5YvE8i5osY - -
2023-10-29 21:02:05.952 +01:00 [Information] Request starting HTTP/2 GET https://localhost:7205/_framework/aspnetcore-browser-refresh.js - -
2023-10-29 21:02:05.952 +01:00 [Information] Request starting HTTP/2 GET https://localhost:7205/_vs/browserLink - -
2023-10-29 21:02:05.952 +01:00 [Information] Request finished HTTP/2 GET https://localhost:7205/_framework/aspnetcore-browser-refresh.js - - - 200 12342 application/javascript;+charset=utf-8 1.1010ms
2023-10-29 21:02:05.952 +01:00 [Information] The file "/css/style.css" was not modified
2023-10-29 21:02:05.953 +01:00 [Information] Request finished HTTP/2 GET https://localhost:7205/css/style.css?v=OAuUuHkE5c_5VUbze80j_dwqvpyh2TACD5YvE8i5osY - - - 304 - text/css 1.6634ms
2023-10-29 21:02:05.957 +01:00 [Information] Request finished HTTP/2 GET https://localhost:7205/_vs/browserLink - - - 200 - text/javascript;+charset=UTF-8 5.3479ms
2023-10-29 21:02:06.888 +01:00 [Information] Request starting HTTP/2 GET https://localhost:7205/Category/CategoryTable - -
2023-10-29 21:02:06.895 +01:00 [Information] Executing endpoint '"Forum.Controllers.CategoryController.CategoryTable (Forum)"'
2023-10-29 21:02:06.895 +01:00 [Information] Route matched with "{action = \"CategoryTable\", controller = \"Category\", page = \"\", area = \"\"}". Executing controller action with signature "System.Threading.Tasks.Task`1[Microsoft.AspNetCore.Mvc.IActionResult] CategoryTable()" on controller "Forum.Controllers.CategoryController" ("Forum").
2023-10-29 21:02:06.920 +01:00 [Information] Executing action method "Forum.Controllers.CategoryController.CategoryTable (Forum)" - Validation state: Valid
2023-10-29 21:02:06.926 +01:00 [Information] Executed action method "Forum.Controllers.CategoryController.CategoryTable (Forum)", returned result "Microsoft.AspNetCore.Mvc.ViewResult" in 5.7561ms.
2023-10-29 21:02:06.926 +01:00 [Information] Executing ViewResult, running view "CategoryTable".
2023-10-29 21:02:06.936 +01:00 [Information] Executed ViewResult - view "CategoryTable" executed in 9.9805ms.
2023-10-29 21:02:06.937 +01:00 [Information] Executed action "Forum.Controllers.CategoryController.CategoryTable (Forum)" in 41.355ms
2023-10-29 21:02:06.937 +01:00 [Information] Executed endpoint '"Forum.Controllers.CategoryController.CategoryTable (Forum)"'
2023-10-29 21:02:06.939 +01:00 [Information] Request finished HTTP/2 GET https://localhost:7205/Category/CategoryTable - - - 200 - text/html;+charset=utf-8 51.8805ms
2023-10-29 21:02:06.942 +01:00 [Information] Request starting HTTP/2 GET https://localhost:7205/_vs/browserLink - -
2023-10-29 21:02:06.942 +01:00 [Information] Request starting HTTP/2 GET https://localhost:7205/_framework/aspnetcore-browser-refresh.js - -
2023-10-29 21:02:06.943 +01:00 [Information] Request finished HTTP/2 GET https://localhost:7205/_framework/aspnetcore-browser-refresh.js - - - 200 12342 application/javascript;+charset=utf-8 0.5908ms
2023-10-29 21:02:06.946 +01:00 [Information] Request finished HTTP/2 GET https://localhost:7205/_vs/browserLink - - - 200 - text/javascript;+charset=UTF-8 3.4159ms
