2023-10-24 14:39:35.344 +02:00 [Information] User profile is available. Using '"C:\Users\abdik\AppData\Local\ASP.NET\DataProtection-Keys"' as key repository and Windows DPAPI to encrypt keys at rest.
2023-10-24 14:39:35.740 +02:00 [Information] Now listening on: "https://localhost:7205"
2023-10-24 14:39:35.740 +02:00 [Information] Now listening on: "http://localhost:5112"
2023-10-24 14:39:35.743 +02:00 [Information] Application started. Press Ctrl+C to shut down.
2023-10-24 14:39:35.744 +02:00 [Information] Hosting environment: "Development"
2023-10-24 14:39:35.744 +02:00 [Information] Content root path: "C:\Users\abdik\Source\Repos\Forum\MyShop\"
2023-10-24 14:39:36.082 +02:00 [Information] Request starting HTTP/2 GET https://localhost:7205/Search/Search?search=Liverpool - -
2023-10-24 14:39:36.123 +02:00 [Information] Executing endpoint '"Forum.Controllers.SearchController.Search (Forum)"'
2023-10-24 14:39:36.136 +02:00 [Information] Route matched with "{action = \"Search\", controller = \"Search\", page = \"\", area = \"\"}". Executing controller action with signature "Microsoft.AspNetCore.Mvc.IActionResult Search(System.String)" on controller "Forum.Controllers.SearchController" ("Forum").
2023-10-24 14:39:36.180 +02:00 [Information] Executing ViewResult, running view "Search".
2023-10-24 14:39:36.276 +02:00 [Information] Executed ViewResult - view "Search" executed in 94.9534ms.
2023-10-24 14:39:36.278 +02:00 [Information] Executed action "Forum.Controllers.SearchController.Search (Forum)" in 141.7509ms
2023-10-24 14:39:36.279 +02:00 [Information] Executed endpoint '"Forum.Controllers.SearchController.Search (Forum)"'
2023-10-24 14:39:36.291 +02:00 [Information] Request finished HTTP/2 GET https://localhost:7205/Search/Search?search=Liverpool - - - 200 - text/html;+charset=utf-8 211.7674ms
2023-10-24 14:39:36.301 +02:00 [Information] Request starting HTTP/2 GET https://localhost:7205/Search/style.css - -
2023-10-24 14:39:36.301 +02:00 [Information] Request starting HTTP/2 GET https://localhost:7205/css/style.css?v=l5Iz_l9ngncCa7RBHFoGIqzK6IOAKT_ANwuQAZFFdAE - -
2023-10-24 14:39:36.305 +02:00 [Information] The file "/css/style.css" was not modified
2023-10-24 14:39:36.305 +02:00 [Information] Request finished HTTP/2 GET https://localhost:7205/css/style.css?v=l5Iz_l9ngncCa7RBHFoGIqzK6IOAKT_ANwuQAZFFdAE - - - 304 - text/css 3.5356ms
2023-10-24 14:39:36.306 +02:00 [Information] Request finished HTTP/2 GET https://localhost:7205/Search/style.css - - - 404 0 - 4.6176ms
2023-10-24 14:39:36.309 +02:00 [Information] Request starting HTTP/2 GET https://localhost:7205/_framework/aspnetcore-browser-refresh.js - -
2023-10-24 14:39:36.311 +02:00 [Information] Request finished HTTP/2 GET https://localhost:7205/_framework/aspnetcore-browser-refresh.js - - - 200 12342 application/javascript;+charset=utf-8 1.6056ms
2023-10-24 14:39:36.312 +02:00 [Information] Request starting HTTP/2 GET https://localhost:7205/_vs/browserLink - -
2023-10-24 14:39:36.318 +02:00 [Information] Request finished HTTP/2 GET https://localhost:7205/_vs/browserLink - - - 200 - text/javascript;+charset=UTF-8 5.9010ms
2023-10-24 14:39:42.971 +02:00 [Information] Request starting HTTP/2 GET https://localhost:7205/Search/Search?search=Liverpool - -
2023-10-24 14:39:42.980 +02:00 [Information] Executing endpoint '"Forum.Controllers.SearchController.Search (Forum)"'
2023-10-24 14:39:42.980 +02:00 [Information] Route matched with "{action = \"Search\", controller = \"Search\", page = \"\", area = \"\"}". Executing controller action with signature "Microsoft.AspNetCore.Mvc.IActionResult Search(System.String)" on controller "Forum.Controllers.SearchController" ("Forum").
2023-10-24 14:39:42.982 +02:00 [Information] Executing ViewResult, running view "Search".
2023-10-24 14:39:42.986 +02:00 [Information] Executed ViewResult - view "Search" executed in 3.5178ms.
2023-10-24 14:39:42.986 +02:00 [Information] Executed action "Forum.Controllers.SearchController.Search (Forum)" in 5.7325ms
2023-10-24 14:39:42.986 +02:00 [Information] Executed endpoint '"Forum.Controllers.SearchController.Search (Forum)"'
2023-10-24 14:39:42.987 +02:00 [Information] Request finished HTTP/2 GET https://localhost:7205/Search/Search?search=Liverpool - - - 200 - text/html;+charset=utf-8 15.9781ms
2023-10-24 14:39:43.004 +02:00 [Information] Request starting HTTP/2 GET https://localhost:7205/Search/style.css - -
2023-10-24 14:39:43.004 +02:00 [Information] Request starting HTTP/2 GET https://localhost:7205/_framework/aspnetcore-browser-refresh.js - -
2023-10-24 14:39:43.005 +02:00 [Information] Request finished HTTP/2 GET https://localhost:7205/_framework/aspnetcore-browser-refresh.js - - - 200 12342 application/javascript;+charset=utf-8 0.3457ms
2023-10-24 14:39:43.006 +02:00 [Information] Request finished HTTP/2 GET https://localhost:7205/Search/style.css - - - 404 0 - 1.6341ms
2023-10-24 14:39:43.012 +02:00 [Information] Request starting HTTP/2 GET https://localhost:7205/_vs/browserLink - -
2023-10-24 14:39:43.014 +02:00 [Information] Request finished HTTP/2 GET https://localhost:7205/_vs/browserLink - - - 200 - text/javascript;+charset=UTF-8 1.8876ms
2023-10-24 14:39:44.182 +02:00 [Information] Request starting HTTP/2 GET https://localhost:7205/Category/CategoryTable - -
2023-10-24 14:39:44.184 +02:00 [Information] Executing endpoint '"Forum.Controllers.CategoryController.CategoryTable (Forum)"'
2023-10-24 14:39:44.187 +02:00 [Information] Route matched with "{action = \"CategoryTable\", controller = \"Category\", page = \"\", area = \"\"}". Executing controller action with signature "System.Threading.Tasks.Task`1[Microsoft.AspNetCore.Mvc.IActionResult] CategoryTable()" on controller "Forum.Controllers.CategoryController" ("Forum").
2023-10-24 14:39:44.193 +02:00 [Information] Executing ViewResult, running view "CategoryTable".
2023-10-24 14:39:44.202 +02:00 [Information] Executed ViewResult - view "CategoryTable" executed in 9.2208ms.
2023-10-24 14:39:44.202 +02:00 [Information] Executed action "Forum.Controllers.CategoryController.CategoryTable (Forum)" in 15.3016ms
2023-10-24 14:39:44.202 +02:00 [Information] Executed endpoint '"Forum.Controllers.CategoryController.CategoryTable (Forum)"'
2023-10-24 14:39:44.203 +02:00 [Information] Request finished HTTP/2 GET https://localhost:7205/Category/CategoryTable - - - 200 - text/html;+charset=utf-8 20.5824ms
2023-10-24 14:39:44.219 +02:00 [Information] Request starting HTTP/2 GET https://localhost:7205/Category/style.css - -
2023-10-24 14:39:44.219 +02:00 [Information] Request starting HTTP/2 GET https://localhost:7205/_vs/browserLink - -
2023-10-24 14:39:44.220 +02:00 [Information] Request starting HTTP/2 GET https://localhost:7205/_framework/aspnetcore-browser-refresh.js - -
2023-10-24 14:39:44.220 +02:00 [Information] Request finished HTTP/2 GET https://localhost:7205/_framework/aspnetcore-browser-refresh.js - - - 200 12342 application/javascript;+charset=utf-8 0.1198ms
2023-10-24 14:39:44.221 +02:00 [Information] Request finished HTTP/2 GET https://localhost:7205/_vs/browserLink - - - 200 - text/javascript;+charset=UTF-8 1.7274ms
2023-10-24 14:39:44.221 +02:00 [Information] Request finished HTTP/2 GET https://localhost:7205/Category/style.css - - - 404 0 - 2.6327ms
2023-10-24 14:39:45.642 +02:00 [Information] Request starting HTTP/2 GET https://localhost:7205/Search/Search?search=Liverpool - -
2023-10-24 14:39:45.643 +02:00 [Information] Executing endpoint '"Forum.Controllers.SearchController.Search (Forum)"'
2023-10-24 14:39:45.643 +02:00 [Information] Route matched with "{action = \"Search\", controller = \"Search\", page = \"\", area = \"\"}". Executing controller action with signature "Microsoft.AspNetCore.Mvc.IActionResult Search(System.String)" on controller "Forum.Controllers.SearchController" ("Forum").
2023-10-24 14:39:45.645 +02:00 [Information] Executing ViewResult, running view "Search".
2023-10-24 14:39:45.647 +02:00 [Information] Executed ViewResult - view "Search" executed in 2.4447ms.
2023-10-24 14:39:45.648 +02:00 [Information] Executed action "Forum.Controllers.SearchController.Search (Forum)" in 4.023ms
2023-10-24 14:39:45.648 +02:00 [Information] Executed endpoint '"Forum.Controllers.SearchController.Search (Forum)"'
2023-10-24 14:39:45.648 +02:00 [Information] Request finished HTTP/2 GET https://localhost:7205/Search/Search?search=Liverpool - - - 200 - text/html;+charset=utf-8 6.5545ms
2023-10-24 14:39:45.663 +02:00 [Information] Request starting HTTP/2 GET https://localhost:7205/Search/style.css - -
2023-10-24 14:39:45.663 +02:00 [Information] Request starting HTTP/2 GET https://localhost:7205/_framework/aspnetcore-browser-refresh.js - -
2023-10-24 14:39:45.663 +02:00 [Information] Request starting HTTP/2 GET https://localhost:7205/_vs/browserLink - -
2023-10-24 14:39:45.663 +02:00 [Information] Request finished HTTP/2 GET https://localhost:7205/_framework/aspnetcore-browser-refresh.js - - - 200 12342 application/javascript;+charset=utf-8 0.1846ms
2023-10-24 14:39:45.665 +02:00 [Information] Request finished HTTP/2 GET https://localhost:7205/Search/style.css - - - 404 0 - 1.7589ms
2023-10-24 14:39:45.665 +02:00 [Information] Request finished HTTP/2 GET https://localhost:7205/_vs/browserLink - - - 200 - text/javascript;+charset=UTF-8 2.2633ms
