2023-10-29 15:25:32.089 +01:00 [Information] User profile is available. Using '"C:\Users\abdik\AppData\Local\ASP.NET\DataProtection-Keys"' as key repository and Windows DPAPI to encrypt keys at rest.
2023-10-29 15:25:32.500 +01:00 [Information] Now listening on: "https://localhost:7205"
2023-10-29 15:25:32.500 +01:00 [Information] Now listening on: "http://localhost:5112"
2023-10-29 15:25:32.503 +01:00 [Information] Application started. Press Ctrl+C to shut down.
2023-10-29 15:25:32.503 +01:00 [Information] Hosting environment: "Development"
2023-10-29 15:25:32.503 +01:00 [Information] Content root path: "C:\Users\abdik\Source\Repos\Forum\MyShop\"
2023-10-29 15:25:32.711 +01:00 [Information] Request starting HTTP/2 POST https://localhost:7205/Post/Createpost?topicId=1 application/x-www-form-urlencoded 364
2023-10-29 15:25:32.760 +01:00 [Information] Executing endpoint '"Forum.Controllers.PostController.CreatePost (Forum)"'
2023-10-29 15:25:32.782 +01:00 [Information] Route matched with "{action = \"CreatePost\", controller = \"Post\", page = \"\", area = \"\"}". Executing controller action with signature "System.Threading.Tasks.Task`1[Microsoft.AspNetCore.Mvc.IActionResult] CreatePost(Forum.ViewModels.PostCommentViewModel)" on controller "Forum.Controllers.PostController" ("Forum").
2023-10-29 15:25:32.809 +01:00 [Warning] [PostController] Post creation failed Post { PostId: 0, TopicId: 1, UserName: null, PostTitle: "United er mye bedre enn Liverpool", PostTime: 10/29/2023 15:25:32, Topic: null, Comments: null, LatestComment: null }
2023-10-29 15:25:32.814 +01:00 [Information] Executing ViewResult, running view "CreatePost".
2023-10-29 15:25:32.933 +01:00 [Information] Executed ViewResult - view "CreatePost" executed in 118.6416ms.
2023-10-29 15:25:32.935 +01:00 [Information] Executed action "Forum.Controllers.PostController.CreatePost (Forum)" in 152.2331ms
2023-10-29 15:25:32.935 +01:00 [Information] Executed endpoint '"Forum.Controllers.PostController.CreatePost (Forum)"'
2023-10-29 15:25:32.948 +01:00 [Information] Request finished HTTP/2 POST https://localhost:7205/Post/Createpost?topicId=1 application/x-www-form-urlencoded 364 - 200 - text/html;+charset=utf-8 239.4894ms
2023-10-29 15:25:32.954 +01:00 [Information] Request starting HTTP/2 GET https://localhost:7205/_vs/browserLink - -
2023-10-29 15:25:32.954 +01:00 [Information] Request starting HTTP/2 GET https://localhost:7205/_framework/aspnetcore-browser-refresh.js - -
2023-10-29 15:25:32.956 +01:00 [Information] Request finished HTTP/2 GET https://localhost:7205/_framework/aspnetcore-browser-refresh.js - - - 200 12342 application/javascript;+charset=utf-8 2.7189ms
2023-10-29 15:25:32.960 +01:00 [Information] Request finished HTTP/2 GET https://localhost:7205/_vs/browserLink - - - 200 - text/javascript;+charset=UTF-8 6.5244ms
2023-10-29 15:25:33.514 +01:00 [Information] Request starting HTTP/2 POST https://localhost:7205/Post/Createpost?topicId=1 application/x-www-form-urlencoded 364
2023-10-29 15:25:33.518 +01:00 [Information] Executing endpoint '"Forum.Controllers.PostController.CreatePost (Forum)"'
2023-10-29 15:25:33.519 +01:00 [Information] Route matched with "{action = \"CreatePost\", controller = \"Post\", page = \"\", area = \"\"}". Executing controller action with signature "System.Threading.Tasks.Task`1[Microsoft.AspNetCore.Mvc.IActionResult] CreatePost(Forum.ViewModels.PostCommentViewModel)" on controller "Forum.Controllers.PostController" ("Forum").
2023-10-29 15:25:33.520 +01:00 [Warning] [PostController] Post creation failed Post { PostId: 0, TopicId: 1, UserName: null, PostTitle: "United er mye bedre enn Liverpool", PostTime: 10/29/2023 15:25:33, Topic: null, Comments: null, LatestComment: null }
2023-10-29 15:25:33.520 +01:00 [Information] Executing ViewResult, running view "CreatePost".
2023-10-29 15:25:33.525 +01:00 [Information] Executed ViewResult - view "CreatePost" executed in 5.3036ms.
2023-10-29 15:25:33.525 +01:00 [Information] Executed action "Forum.Controllers.PostController.CreatePost (Forum)" in 6.6863ms
2023-10-29 15:25:33.525 +01:00 [Information] Executed endpoint '"Forum.Controllers.PostController.CreatePost (Forum)"'
2023-10-29 15:25:33.526 +01:00 [Information] Request finished HTTP/2 POST https://localhost:7205/Post/Createpost?topicId=1 application/x-www-form-urlencoded 364 - 200 - text/html;+charset=utf-8 12.6837ms
2023-10-29 15:25:33.537 +01:00 [Information] Request starting HTTP/2 GET https://localhost:7205/_framework/aspnetcore-browser-refresh.js - -
2023-10-29 15:25:33.537 +01:00 [Information] Request starting HTTP/2 GET https://localhost:7205/_vs/browserLink - -
2023-10-29 15:25:33.537 +01:00 [Information] Request finished HTTP/2 GET https://localhost:7205/_framework/aspnetcore-browser-refresh.js - - - 200 12342 application/javascript;+charset=utf-8 0.3554ms
2023-10-29 15:25:33.539 +01:00 [Information] Request finished HTTP/2 GET https://localhost:7205/_vs/browserLink - - - 200 - text/javascript;+charset=UTF-8 2.4090ms
2023-10-29 15:25:33.745 +01:00 [Information] Request starting HTTP/2 POST https://localhost:7205/Post/Createpost?topicId=1 application/x-www-form-urlencoded 364
2023-10-29 15:25:33.753 +01:00 [Information] Executing endpoint '"Forum.Controllers.PostController.CreatePost (Forum)"'
2023-10-29 15:25:33.753 +01:00 [Information] Route matched with "{action = \"CreatePost\", controller = \"Post\", page = \"\", area = \"\"}". Executing controller action with signature "System.Threading.Tasks.Task`1[Microsoft.AspNetCore.Mvc.IActionResult] CreatePost(Forum.ViewModels.PostCommentViewModel)" on controller "Forum.Controllers.PostController" ("Forum").
2023-10-29 15:25:33.754 +01:00 [Warning] [PostController] Post creation failed Post { PostId: 0, TopicId: 1, UserName: null, PostTitle: "United er mye bedre enn Liverpool", PostTime: 10/29/2023 15:25:33, Topic: null, Comments: null, LatestComment: null }
2023-10-29 15:25:33.754 +01:00 [Information] Executing ViewResult, running view "CreatePost".
2023-10-29 15:25:33.757 +01:00 [Information] Executed ViewResult - view "CreatePost" executed in 2.6296ms.
2023-10-29 15:25:33.757 +01:00 [Information] Executed action "Forum.Controllers.PostController.CreatePost (Forum)" in 3.8966ms
2023-10-29 15:25:33.757 +01:00 [Information] Executed endpoint '"Forum.Controllers.PostController.CreatePost (Forum)"'
2023-10-29 15:25:33.758 +01:00 [Information] Request finished HTTP/2 POST https://localhost:7205/Post/Createpost?topicId=1 application/x-www-form-urlencoded 364 - 200 - text/html;+charset=utf-8 13.3132ms
2023-10-29 15:25:33.766 +01:00 [Information] Request starting HTTP/2 GET https://localhost:7205/_framework/aspnetcore-browser-refresh.js - -
2023-10-29 15:25:33.766 +01:00 [Information] Request starting HTTP/2 GET https://localhost:7205/_vs/browserLink - -
2023-10-29 15:25:33.767 +01:00 [Information] Request finished HTTP/2 GET https://localhost:7205/_framework/aspnetcore-browser-refresh.js - - - 200 12342 application/javascript;+charset=utf-8 0.2023ms
2023-10-29 15:25:33.768 +01:00 [Information] Request finished HTTP/2 GET https://localhost:7205/_vs/browserLink - - - 200 - text/javascript;+charset=UTF-8 1.9177ms
2023-10-29 15:25:33.915 +01:00 [Information] Request starting HTTP/2 POST https://localhost:7205/Post/Createpost?topicId=1 application/x-www-form-urlencoded 364
2023-10-29 15:25:33.917 +01:00 [Information] Executing endpoint '"Forum.Controllers.PostController.CreatePost (Forum)"'
2023-10-29 15:25:33.917 +01:00 [Information] Route matched with "{action = \"CreatePost\", controller = \"Post\", page = \"\", area = \"\"}". Executing controller action with signature "System.Threading.Tasks.Task`1[Microsoft.AspNetCore.Mvc.IActionResult] CreatePost(Forum.ViewModels.PostCommentViewModel)" on controller "Forum.Controllers.PostController" ("Forum").
2023-10-29 15:25:33.918 +01:00 [Warning] [PostController] Post creation failed Post { PostId: 0, TopicId: 1, UserName: null, PostTitle: "United er mye bedre enn Liverpool", PostTime: 10/29/2023 15:25:33, Topic: null, Comments: null, LatestComment: null }
2023-10-29 15:25:33.918 +01:00 [Information] Executing ViewResult, running view "CreatePost".
2023-10-29 15:25:33.938 +01:00 [Information] Executed ViewResult - view "CreatePost" executed in 20.0817ms.
2023-10-29 15:25:33.938 +01:00 [Information] Executed action "Forum.Controllers.PostController.CreatePost (Forum)" in 20.9246ms
2023-10-29 15:25:33.938 +01:00 [Information] Executed endpoint '"Forum.Controllers.PostController.CreatePost (Forum)"'
2023-10-29 15:25:33.939 +01:00 [Information] Request finished HTTP/2 POST https://localhost:7205/Post/Createpost?topicId=1 application/x-www-form-urlencoded 364 - 200 - text/html;+charset=utf-8 24.0495ms
2023-10-29 15:25:33.946 +01:00 [Information] Request starting HTTP/2 GET https://localhost:7205/_framework/aspnetcore-browser-refresh.js - -
2023-10-29 15:25:33.946 +01:00 [Information] Request starting HTTP/2 GET https://localhost:7205/_vs/browserLink - -
2023-10-29 15:25:33.946 +01:00 [Information] Request finished HTTP/2 GET https://localhost:7205/_framework/aspnetcore-browser-refresh.js - - - 200 12342 application/javascript;+charset=utf-8 0.2318ms
2023-10-29 15:25:33.949 +01:00 [Information] Request finished HTTP/2 GET https://localhost:7205/_vs/browserLink - - - 200 - text/javascript;+charset=UTF-8 2.5272ms
2023-10-29 15:25:34.098 +01:00 [Information] Request starting HTTP/2 POST https://localhost:7205/Post/Createpost?topicId=1 application/x-www-form-urlencoded 364
2023-10-29 15:25:34.100 +01:00 [Information] Executing endpoint '"Forum.Controllers.PostController.CreatePost (Forum)"'
2023-10-29 15:25:34.100 +01:00 [Information] Route matched with "{action = \"CreatePost\", controller = \"Post\", page = \"\", area = \"\"}". Executing controller action with signature "System.Threading.Tasks.Task`1[Microsoft.AspNetCore.Mvc.IActionResult] CreatePost(Forum.ViewModels.PostCommentViewModel)" on controller "Forum.Controllers.PostController" ("Forum").
2023-10-29 15:25:34.101 +01:00 [Warning] [PostController] Post creation failed Post { PostId: 0, TopicId: 1, UserName: null, PostTitle: "United er mye bedre enn Liverpool", PostTime: 10/29/2023 15:25:34, Topic: null, Comments: null, LatestComment: null }
2023-10-29 15:25:34.101 +01:00 [Information] Executing ViewResult, running view "CreatePost".
2023-10-29 15:25:34.104 +01:00 [Information] Executed ViewResult - view "CreatePost" executed in 2.5339ms.
2023-10-29 15:25:34.104 +01:00 [Information] Executed action "Forum.Controllers.PostController.CreatePost (Forum)" in 3.3513ms
2023-10-29 15:25:34.104 +01:00 [Information] Executed endpoint '"Forum.Controllers.PostController.CreatePost (Forum)"'
2023-10-29 15:25:34.104 +01:00 [Information] Request finished HTTP/2 POST https://localhost:7205/Post/Createpost?topicId=1 application/x-www-form-urlencoded 364 - 200 - text/html;+charset=utf-8 6.6614ms
2023-10-29 15:25:34.114 +01:00 [Information] Request starting HTTP/2 GET https://localhost:7205/_vs/browserLink - -
2023-10-29 15:25:34.114 +01:00 [Information] Request starting HTTP/2 GET https://localhost:7205/_framework/aspnetcore-browser-refresh.js - -
2023-10-29 15:25:34.114 +01:00 [Information] Request finished HTTP/2 GET https://localhost:7205/_framework/aspnetcore-browser-refresh.js - - - 200 12342 application/javascript;+charset=utf-8 0.2207ms
2023-10-29 15:25:34.116 +01:00 [Information] Request finished HTTP/2 GET https://localhost:7205/_vs/browserLink - - - 200 - text/javascript;+charset=UTF-8 1.8682ms
