2023-10-29 22:40:43.389 +01:00 [Information] User profile is available. Using '"C:\Users\latif\AppData\Local\ASP.NET\DataProtection-Keys"' as key repository and Windows DPAPI to encrypt keys at rest.
2023-10-29 22:40:44.781 +01:00 [Information] Now listening on: "https://localhost:7205"
2023-10-29 22:40:44.783 +01:00 [Information] Now listening on: "http://localhost:5112"
2023-10-29 22:40:44.807 +01:00 [Information] Application started. Press Ctrl+C to shut down.
2023-10-29 22:40:44.812 +01:00 [Information] Hosting environment: "Development"
2023-10-29 22:40:44.814 +01:00 [Information] Content root path: "C:\Users\latif\source\repos\PROJECT_1WEB\Forum\MyShop\"
2023-10-29 22:40:45.764 +01:00 [Information] Request starting HTTP/2 GET https://localhost:7205/ - -
2023-10-29 22:40:45.997 +01:00 [Information] Executing endpoint '"Forum.Controllers.HomeController.Index (Forum)"'
2023-10-29 22:40:46.038 +01:00 [Information] Route matched with "{action = \"Index\", controller = \"Home\", page = \"\", area = \"\"}". Executing controller action with signature "System.Threading.Tasks.Task`1[Microsoft.AspNetCore.Mvc.IActionResult] Index()" on controller "Forum.Controllers.HomeController" ("Forum").
2023-10-29 22:40:46.154 +01:00 [Information] Executing action method "Forum.Controllers.HomeController.Index (Forum)" - Validation state: Valid
2023-10-29 22:40:46.256 +01:00 [Information] Executed action method "Forum.Controllers.HomeController.Index (Forum)", returned result "Microsoft.AspNetCore.Mvc.ViewResult" in 89.8611ms.
2023-10-29 22:40:46.279 +01:00 [Information] Executing ViewResult, running view "Index".
2023-10-29 22:40:46.905 +01:00 [Information] Executed ViewResult - view "Index" executed in 632.8331ms.
2023-10-29 22:40:46.916 +01:00 [Information] Executed action "Forum.Controllers.HomeController.Index (Forum)" in 877.2036ms
2023-10-29 22:40:46.919 +01:00 [Information] Executed endpoint '"Forum.Controllers.HomeController.Index (Forum)"'
2023-10-29 22:40:46.989 +01:00 [Information] Request finished HTTP/2 GET https://localhost:7205/ - - - 200 - text/html;+charset=utf-8 1235.7206ms
2023-10-29 22:40:47.015 +01:00 [Information] Request starting HTTP/2 GET https://localhost:7205/_vs/browserLink - -
2023-10-29 22:40:47.015 +01:00 [Information] Request starting HTTP/2 GET https://localhost:7205/_framework/aspnetcore-browser-refresh.js - -
2023-10-29 22:40:47.036 +01:00 [Information] Request finished HTTP/2 GET https://localhost:7205/_framework/aspnetcore-browser-refresh.js - - - 200 12342 application/javascript;+charset=utf-8 21.2017ms
2023-10-29 22:40:47.051 +01:00 [Information] Request finished HTTP/2 GET https://localhost:7205/_vs/browserLink - - - 200 - text/javascript;+charset=UTF-8 36.2194ms
2023-10-29 22:40:47.173 +01:00 [Information] Request starting HTTP/2 GET https://localhost:7205/favicon.ico - -
2023-10-29 22:40:47.182 +01:00 [Information] Request finished HTTP/2 GET https://localhost:7205/favicon.ico - - - 404 0 - 9.1356ms
2023-10-29 22:40:49.748 +01:00 [Information] Request starting HTTP/2 GET https://localhost:7205/Identity/Account/Login - -
2023-10-29 22:40:49.764 +01:00 [Information] Executing endpoint '"/Account/Login"'
2023-10-29 22:40:49.814 +01:00 [Information] Route matched with "{page = \"/Account/Login\", area = \"Identity\", action = \"\", controller = \"\"}". Executing page "/Account/Login"
2023-10-29 22:40:49.870 +01:00 [Information] Executing handler method "Forum.Areas.Identity.Pages.Account.LoginModel.OnGetAsync" - ModelState is Valid
2023-10-29 22:40:49.886 +01:00 [Information] AuthenticationScheme: "Identity.External" signed out.
2023-10-29 22:40:49.889 +01:00 [Information] Executed handler method "OnGetAsync", returned result "".
2023-10-29 22:40:49.897 +01:00 [Information] Executing an implicit handler method - ModelState is Valid
2023-10-29 22:40:49.897 +01:00 [Information] Executed an implicit handler method, returned result "Microsoft.AspNetCore.Mvc.RazorPages.PageResult".
2023-10-29 22:40:50.017 +01:00 [Information] Executed page "/Account/Login" in 202.3934ms
2023-10-29 22:40:50.018 +01:00 [Information] Executed endpoint '"/Account/Login"'
2023-10-29 22:40:50.020 +01:00 [Information] Request finished HTTP/2 GET https://localhost:7205/Identity/Account/Login - - - 200 - text/html;+charset=utf-8 271.6666ms
2023-10-29 22:40:50.025 +01:00 [Information] Request starting HTTP/2 GET https://localhost:7205/_framework/aspnetcore-browser-refresh.js - -
2023-10-29 22:40:50.026 +01:00 [Information] Request finished HTTP/2 GET https://localhost:7205/_framework/aspnetcore-browser-refresh.js - - - 200 12342 application/javascript;+charset=utf-8 0.5001ms
2023-10-29 22:40:50.038 +01:00 [Information] Request starting HTTP/2 GET https://localhost:7205/_vs/browserLink - -
2023-10-29 22:40:50.048 +01:00 [Information] Request finished HTTP/2 GET https://localhost:7205/_vs/browserLink - - - 200 - text/javascript;+charset=UTF-8 10.5120ms
2023-10-29 22:40:51.358 +01:00 [Information] Request starting HTTP/2 POST https://localhost:7205/Identity/Account/Login application/x-www-form-urlencoded 280
2023-10-29 22:40:51.367 +01:00 [Information] Executing endpoint '"/Account/Login"'
2023-10-29 22:40:51.367 +01:00 [Information] Route matched with "{page = \"/Account/Login\", area = \"Identity\", action = \"\", controller = \"\"}". Executing page "/Account/Login"
2023-10-29 22:40:51.419 +01:00 [Information] Executing handler method "Forum.Areas.Identity.Pages.Account.LoginModel.OnPostAsync" - ModelState is Valid
2023-10-29 22:40:51.724 +01:00 [Information] AuthenticationScheme: "Identity.Application" signed in.
2023-10-29 22:40:51.728 +01:00 [Information] User logged in.
2023-10-29 22:40:51.729 +01:00 [Information] Executed handler method "OnPostAsync", returned result "Microsoft.AspNetCore.Mvc.LocalRedirectResult".
2023-10-29 22:40:51.730 +01:00 [Information] Executing LocalRedirectResult, redirecting to "/".
2023-10-29 22:40:51.730 +01:00 [Information] Executed page "/Account/Login" in 362.7824ms
2023-10-29 22:40:51.730 +01:00 [Information] Executed endpoint '"/Account/Login"'
2023-10-29 22:40:51.731 +01:00 [Information] Request finished HTTP/2 POST https://localhost:7205/Identity/Account/Login application/x-www-form-urlencoded 280 - 302 0 - 373.2949ms
2023-10-29 22:40:51.735 +01:00 [Information] Request starting HTTP/2 GET https://localhost:7205/ - -
2023-10-29 22:40:51.747 +01:00 [Information] Executing endpoint '"Forum.Controllers.HomeController.Index (Forum)"'
2023-10-29 22:40:51.747 +01:00 [Information] Route matched with "{action = \"Index\", controller = \"Home\", page = \"\", area = \"\"}". Executing controller action with signature "System.Threading.Tasks.Task`1[Microsoft.AspNetCore.Mvc.IActionResult] Index()" on controller "Forum.Controllers.HomeController" ("Forum").
2023-10-29 22:40:51.764 +01:00 [Information] Executing action method "Forum.Controllers.HomeController.Index (Forum)" - Validation state: Valid
2023-10-29 22:40:51.768 +01:00 [Information] Executed action method "Forum.Controllers.HomeController.Index (Forum)", returned result "Microsoft.AspNetCore.Mvc.ViewResult" in 3.6024ms.
2023-10-29 22:40:51.769 +01:00 [Information] Executing ViewResult, running view "Index".
2023-10-29 22:40:51.808 +01:00 [Information] Executed ViewResult - view "Index" executed in 39.1918ms.
2023-10-29 22:40:51.808 +01:00 [Information] Executed action "Forum.Controllers.HomeController.Index (Forum)" in 60.4409ms
2023-10-29 22:40:51.808 +01:00 [Information] Executed endpoint '"Forum.Controllers.HomeController.Index (Forum)"'
2023-10-29 22:40:51.812 +01:00 [Information] Request finished HTTP/2 GET https://localhost:7205/ - - - 200 - text/html;+charset=utf-8 77.3486ms
2023-10-29 22:40:51.816 +01:00 [Information] Request starting HTTP/2 GET https://localhost:7205/_framework/aspnetcore-browser-refresh.js - -
2023-10-29 22:40:51.816 +01:00 [Information] Request starting HTTP/2 GET https://localhost:7205/_vs/browserLink - -
2023-10-29 22:40:51.816 +01:00 [Information] Request finished HTTP/2 GET https://localhost:7205/_framework/aspnetcore-browser-refresh.js - - - 200 12342 application/javascript;+charset=utf-8 0.4868ms
2023-10-29 22:40:51.829 +01:00 [Information] Request finished HTTP/2 GET https://localhost:7205/_vs/browserLink - - - 200 - text/javascript;+charset=UTF-8 12.3770ms
2023-10-29 22:40:53.400 +01:00 [Information] Request starting HTTP/2 GET https://localhost:7205/Category/CategoryTable - -
2023-10-29 22:40:53.405 +01:00 [Information] Executing endpoint '"Forum.Controllers.CategoryController.CategoryTable (Forum)"'
2023-10-29 22:40:53.410 +01:00 [Information] Route matched with "{action = \"CategoryTable\", controller = \"Category\", page = \"\", area = \"\"}". Executing controller action with signature "System.Threading.Tasks.Task`1[Microsoft.AspNetCore.Mvc.IActionResult] CategoryTable()" on controller "Forum.Controllers.CategoryController" ("Forum").
2023-10-29 22:40:53.425 +01:00 [Information] Executing action method "Forum.Controllers.CategoryController.CategoryTable (Forum)" - Validation state: Valid
2023-10-29 22:40:53.450 +01:00 [Information] Executed action method "Forum.Controllers.CategoryController.CategoryTable (Forum)", returned result "Microsoft.AspNetCore.Mvc.ViewResult" in 24.5622ms.
2023-10-29 22:40:53.451 +01:00 [Information] Executing ViewResult, running view "CategoryTable".
2023-10-29 22:40:53.484 +01:00 [Information] Executed ViewResult - view "CategoryTable" executed in 33.6197ms.
2023-10-29 22:40:53.484 +01:00 [Information] Executed action "Forum.Controllers.CategoryController.CategoryTable (Forum)" in 74.4791ms
2023-10-29 22:40:53.484 +01:00 [Information] Executed endpoint '"Forum.Controllers.CategoryController.CategoryTable (Forum)"'
2023-10-29 22:40:53.487 +01:00 [Information] Request finished HTTP/2 GET https://localhost:7205/Category/CategoryTable - - - 200 - text/html;+charset=utf-8 87.1198ms
2023-10-29 22:40:53.490 +01:00 [Information] Request starting HTTP/2 GET https://localhost:7205/_vs/browserLink - -
2023-10-29 22:40:53.490 +01:00 [Information] Request starting HTTP/2 GET https://localhost:7205/_framework/aspnetcore-browser-refresh.js - -
2023-10-29 22:40:53.490 +01:00 [Information] Request finished HTTP/2 GET https://localhost:7205/_framework/aspnetcore-browser-refresh.js - - - 200 12342 application/javascript;+charset=utf-8 0.3705ms
2023-10-29 22:40:53.506 +01:00 [Information] Request finished HTTP/2 GET https://localhost:7205/_vs/browserLink - - - 200 - text/javascript;+charset=UTF-8 15.8554ms
2023-10-29 22:40:54.984 +01:00 [Information] Request starting HTTP/2 GET https://localhost:7205/Category/CreateCategory - -
2023-10-29 22:40:55.004 +01:00 [Information] Executing endpoint '"Forum.Controllers.CategoryController.CreateCategory (Forum)"'
2023-10-29 22:40:55.006 +01:00 [Information] Route matched with "{action = \"CreateCategory\", controller = \"Category\", page = \"\", area = \"\"}". Executing controller action with signature "Microsoft.AspNetCore.Mvc.IActionResult CreateCategory()" on controller "Forum.Controllers.CategoryController" ("Forum").
2023-10-29 22:40:55.023 +01:00 [Information] Executing action method "Forum.Controllers.CategoryController.CreateCategory (Forum)" - Validation state: Valid
2023-10-29 22:40:55.024 +01:00 [Information] Executed action method "Forum.Controllers.CategoryController.CreateCategory (Forum)", returned result "Microsoft.AspNetCore.Mvc.ViewResult" in 0.2896ms.
2023-10-29 22:40:55.024 +01:00 [Information] Executing ViewResult, running view "CreateCategory".
2023-10-29 22:40:55.044 +01:00 [Information] Executed ViewResult - view "CreateCategory" executed in 20.3178ms.
2023-10-29 22:40:55.044 +01:00 [Information] Executed action "Forum.Controllers.CategoryController.CreateCategory (Forum)" in 38.6996ms
2023-10-29 22:40:55.044 +01:00 [Information] Executed endpoint '"Forum.Controllers.CategoryController.CreateCategory (Forum)"'
2023-10-29 22:40:55.052 +01:00 [Information] Request finished HTTP/2 GET https://localhost:7205/Category/CreateCategory - - - 200 - text/html;+charset=utf-8 67.1420ms
2023-10-29 22:40:55.058 +01:00 [Information] Request starting HTTP/2 GET https://localhost:7205/_vs/browserLink - -
2023-10-29 22:40:55.058 +01:00 [Information] Request starting HTTP/2 GET https://localhost:7205/_framework/aspnetcore-browser-refresh.js - -
2023-10-29 22:40:55.058 +01:00 [Information] Request finished HTTP/2 GET https://localhost:7205/_framework/aspnetcore-browser-refresh.js - - - 200 12342 application/javascript;+charset=utf-8 0.4154ms
2023-10-29 22:40:55.065 +01:00 [Information] Request finished HTTP/2 GET https://localhost:7205/_vs/browserLink - - - 200 - text/javascript;+charset=UTF-8 5.6793ms
