2023-10-24 10:33:56.134 +02:00 [Information] User profile is available. Using '"C:\Users\abdik\AppData\Local\ASP.NET\DataProtection-Keys"' as key repository and Windows DPAPI to encrypt keys at rest.
2023-10-24 10:33:56.511 +02:00 [Information] Now listening on: "https://localhost:7205"
2023-10-24 10:33:56.511 +02:00 [Information] Now listening on: "http://localhost:5112"
2023-10-24 10:33:56.515 +02:00 [Information] Application started. Press Ctrl+C to shut down.
2023-10-24 10:33:56.515 +02:00 [Information] Hosting environment: "Development"
2023-10-24 10:33:56.515 +02:00 [Information] Content root path: "C:\Users\abdik\Source\Repos\Forum\MyShop\"
2023-10-24 10:33:56.866 +02:00 [Information] Request starting HTTP/2 GET https://localhost:7205/ - -
2023-10-24 10:33:56.903 +02:00 [Information] Executing endpoint '"Forum.Controllers.HomeController.Index (Forum)"'
2023-10-24 10:33:56.910 +02:00 [Information] Route matched with "{action = \"Index\", controller = \"Home\", page = \"\", area = \"\"}". Executing controller action with signature "Microsoft.AspNetCore.Mvc.IActionResult Index()" on controller "Forum.Controllers.HomeController" ("Forum").
2023-10-24 10:33:56.914 +02:00 [Information] Executing ViewResult, running view "Index".
2023-10-24 10:33:57.008 +02:00 [Information] Executed ViewResult - view "Index" executed in 93.055ms.
2023-10-24 10:33:57.009 +02:00 [Information] Executed action "Forum.Controllers.HomeController.Index (Forum)" in 99.2205ms
2023-10-24 10:33:57.009 +02:00 [Information] Executed endpoint '"Forum.Controllers.HomeController.Index (Forum)"'
2023-10-24 10:33:57.021 +02:00 [Information] Request finished HTTP/2 GET https://localhost:7205/ - - - 200 - text/html;+charset=utf-8 157.7719ms
2023-10-24 10:33:57.028 +02:00 [Information] Request starting HTTP/2 GET https://localhost:7205/style.css - -
2023-10-24 10:33:57.028 +02:00 [Information] Request starting HTTP/2 GET https://localhost:7205/_framework/aspnetcore-browser-refresh.js - -
2023-10-24 10:33:57.030 +02:00 [Information] Request finished HTTP/2 GET https://localhost:7205/_framework/aspnetcore-browser-refresh.js - - - 200 12342 application/javascript;+charset=utf-8 1.7441ms
2023-10-24 10:33:57.030 +02:00 [Information] Request finished HTTP/2 GET https://localhost:7205/style.css - - - 404 0 - 2.3664ms
2023-10-24 10:33:57.035 +02:00 [Information] Request starting HTTP/2 GET https://localhost:7205/_vs/browserLink - -
2023-10-24 10:33:57.042 +02:00 [Information] Request finished HTTP/2 GET https://localhost:7205/_vs/browserLink - - - 200 - text/javascript;+charset=UTF-8 6.2429ms
