2023-10-30 20:51:50.048 +01:00 [Information] User profile is available. Using '"C:\Users\abdik\AppData\Local\ASP.NET\DataProtection-Keys"' as key repository and Windows DPAPI to encrypt keys at rest.
2023-10-30 20:51:50.550 +01:00 [Information] Now listening on: "https://localhost:7205"
2023-10-30 20:51:50.551 +01:00 [Information] Now listening on: "http://localhost:5112"
2023-10-30 20:51:50.554 +01:00 [Information] Application started. Press Ctrl+C to shut down.
2023-10-30 20:51:50.555 +01:00 [Information] Hosting environment: "Development"
2023-10-30 20:51:50.555 +01:00 [Information] Content root path: "C:\Users\abdik\Source\Repos\Forum\MyShop\"
2023-10-30 20:51:51.074 +01:00 [Information] Request starting HTTP/2 GET https://localhost:7205/Category/CategoryDetails/3 - -
2023-10-30 20:51:51.124 +01:00 [Information] Executing endpoint '"Forum.Controllers.CategoryController.CategoryDetails (Forum)"'
2023-10-30 20:51:51.140 +01:00 [Information] Route matched with "{action = \"CategoryDetails\", controller = \"Category\", page = \"\", area = \"\"}". Executing controller action with signature "System.Threading.Tasks.Task`1[Microsoft.AspNetCore.Mvc.IActionResult] CategoryDetails(Int32)" on controller "Forum.Controllers.CategoryController" ("Forum").
2023-10-30 20:51:51.145 +01:00 [Information] [CategoryController] Id passed to categorydetails: 3.
2023-10-30 20:51:51.146 +01:00 [Information] [CategoryRep] Getting the category with id: 3: 
2023-10-30 20:51:51.171 +01:00 [Information] Executing ViewResult, running view "CategoryDetails".
2023-10-30 20:51:51.301 +01:00 [Information] Executed ViewResult - view "CategoryDetails" executed in 129.9846ms.
2023-10-30 20:51:51.303 +01:00 [Information] Executed action "Forum.Controllers.CategoryController.CategoryDetails (Forum)" in 163.0668ms
2023-10-30 20:51:51.303 +01:00 [Information] Executed endpoint '"Forum.Controllers.CategoryController.CategoryDetails (Forum)"'
2023-10-30 20:51:51.315 +01:00 [Information] Request finished HTTP/2 GET https://localhost:7205/Category/CategoryDetails/3 - - - 200 - text/html;+charset=utf-8 243.9179ms
2023-10-30 20:51:51.319 +01:00 [Information] Request starting HTTP/2 GET https://localhost:7205/lib/jquery-validate/jquery.validate.js - -
2023-10-30 20:51:51.319 +01:00 [Information] Request starting HTTP/2 GET https://localhost:7205/lib/jquery-validation-unobtrusive/jquery.validate.unobtrusive.js - -
2023-10-30 20:51:51.319 +01:00 [Information] Request starting HTTP/2 GET https://localhost:7205/_framework/aspnetcore-browser-refresh.js - -
2023-10-30 20:51:51.319 +01:00 [Information] Request starting HTTP/2 GET https://localhost:7205/css/style.css?v=AgJcY_VeUqGDk3PkviFyUgWw-jRgbwAkkqJ2YJ3RfHE - -
2023-10-30 20:51:51.319 +01:00 [Information] Request starting HTTP/2 GET https://localhost:7205/lib/bootstrap/js/bootstrap.js - -
2023-10-30 20:51:51.321 +01:00 [Information] Request finished HTTP/2 GET https://localhost:7205/_framework/aspnetcore-browser-refresh.js - - - 200 12342 application/javascript;+charset=utf-8 1.8479ms
2023-10-30 20:51:51.329 +01:00 [Information] The file "/lib/bootstrap/js/bootstrap.js" was not modified
2023-10-30 20:51:51.329 +01:00 [Information] The file "/lib/jquery-validate/jquery.validate.js" was not modified
2023-10-30 20:51:51.329 +01:00 [Information] The file "/lib/jquery-validation-unobtrusive/jquery.validate.unobtrusive.js" was not modified
2023-10-30 20:51:51.329 +01:00 [Information] The file "/css/style.css" was not modified
2023-10-30 20:51:51.329 +01:00 [Information] Request finished HTTP/2 GET https://localhost:7205/lib/bootstrap/js/bootstrap.js - - - 304 - application/javascript 10.0926ms
2023-10-30 20:51:51.329 +01:00 [Information] Request finished HTTP/2 GET https://localhost:7205/lib/jquery-validation-unobtrusive/jquery.validate.unobtrusive.js - - - 304 - application/javascript 10.1527ms
2023-10-30 20:51:51.329 +01:00 [Information] Request finished HTTP/2 GET https://localhost:7205/lib/jquery-validate/jquery.validate.js - - - 304 - application/javascript 10.1449ms
2023-10-30 20:51:51.329 +01:00 [Information] Request finished HTTP/2 GET https://localhost:7205/css/style.css?v=AgJcY_VeUqGDk3PkviFyUgWw-jRgbwAkkqJ2YJ3RfHE - - - 304 - text/css 10.1620ms
2023-10-30 20:51:51.344 +01:00 [Information] Request starting HTTP/2 GET https://localhost:7205/_vs/browserLink - -
2023-10-30 20:51:51.351 +01:00 [Information] Request finished HTTP/2 GET https://localhost:7205/_vs/browserLink - - - 200 - text/javascript;+charset=UTF-8 6.5783ms
2023-10-30 20:51:54.678 +01:00 [Information] Request starting HTTP/2 GET https://localhost:7205/Category/CategoryTable - -
2023-10-30 20:51:54.681 +01:00 [Information] Executing endpoint '"Forum.Controllers.CategoryController.CategoryTable (Forum)"'
2023-10-30 20:51:54.683 +01:00 [Information] Route matched with "{action = \"CategoryTable\", controller = \"Category\", page = \"\", area = \"\"}". Executing controller action with signature "System.Threading.Tasks.Task`1[Microsoft.AspNetCore.Mvc.IActionResult] CategoryTable()" on controller "Forum.Controllers.CategoryController" ("Forum").
2023-10-30 20:51:54.689 +01:00 [Information] Executing ViewResult, running view "CategoryTable".
2023-10-30 20:51:54.701 +01:00 [Information] Executed ViewResult - view "CategoryTable" executed in 11.8584ms.
2023-10-30 20:51:54.701 +01:00 [Information] Executed action "Forum.Controllers.CategoryController.CategoryTable (Forum)" in 17.8822ms
2023-10-30 20:51:54.701 +01:00 [Information] Executed endpoint '"Forum.Controllers.CategoryController.CategoryTable (Forum)"'
2023-10-30 20:51:54.702 +01:00 [Information] Request finished HTTP/2 GET https://localhost:7205/Category/CategoryTable - - - 200 - text/html;+charset=utf-8 24.4952ms
2023-10-30 20:51:54.716 +01:00 [Information] Request starting HTTP/2 GET https://localhost:7205/_framework/aspnetcore-browser-refresh.js - -
2023-10-30 20:51:54.717 +01:00 [Information] Request finished HTTP/2 GET https://localhost:7205/_framework/aspnetcore-browser-refresh.js - - - 200 12342 application/javascript;+charset=utf-8 0.3801ms
2023-10-30 20:51:54.720 +01:00 [Information] Request starting HTTP/2 GET https://localhost:7205/_vs/browserLink - -
2023-10-30 20:51:54.724 +01:00 [Information] Request finished HTTP/2 GET https://localhost:7205/_vs/browserLink - - - 200 - text/javascript;+charset=UTF-8 4.5732ms
2023-10-30 20:51:55.706 +01:00 [Information] Request starting HTTP/2 GET https://localhost:7205/Room/RoomTable - -
2023-10-30 20:51:55.714 +01:00 [Information] Executing endpoint '"Forum.Controllers.RoomController.RoomTable (Forum)"'
2023-10-30 20:51:55.716 +01:00 [Information] Route matched with "{action = \"RoomTable\", controller = \"Room\", page = \"\", area = \"\"}". Executing controller action with signature "System.Threading.Tasks.Task`1[Microsoft.AspNetCore.Mvc.IActionResult] RoomTable()" on controller "Forum.Controllers.RoomController" ("Forum").
2023-10-30 20:51:55.720 +01:00 [Information] Executing ViewResult, running view "RoomTable".
2023-10-30 20:51:55.725 +01:00 [Information] Executed ViewResult - view "RoomTable" executed in 4.8697ms.
2023-10-30 20:51:55.725 +01:00 [Information] Executed action "Forum.Controllers.RoomController.RoomTable (Forum)" in 9.2056ms
2023-10-30 20:51:55.725 +01:00 [Information] Executed endpoint '"Forum.Controllers.RoomController.RoomTable (Forum)"'
2023-10-30 20:51:55.726 +01:00 [Information] Request finished HTTP/2 GET https://localhost:7205/Room/RoomTable - - - 200 - text/html;+charset=utf-8 19.9232ms
2023-10-30 20:51:55.740 +01:00 [Information] Request starting HTTP/2 GET https://localhost:7205/_framework/aspnetcore-browser-refresh.js - -
2023-10-30 20:51:55.740 +01:00 [Information] Request starting HTTP/2 GET https://localhost:7205/_vs/browserLink - -
2023-10-30 20:51:55.740 +01:00 [Information] Request finished HTTP/2 GET https://localhost:7205/_framework/aspnetcore-browser-refresh.js - - - 200 12342 application/javascript;+charset=utf-8 0.2250ms
2023-10-30 20:51:55.741 +01:00 [Information] Request finished HTTP/2 GET https://localhost:7205/_vs/browserLink - - - 200 - text/javascript;+charset=UTF-8 1.8345ms
2023-10-30 20:51:56.940 +01:00 [Information] Request starting HTTP/2 GET https://localhost:7205/Category/CategoryTable - -
2023-10-30 20:51:56.942 +01:00 [Information] Executing endpoint '"Forum.Controllers.CategoryController.CategoryTable (Forum)"'
2023-10-30 20:51:56.942 +01:00 [Information] Route matched with "{action = \"CategoryTable\", controller = \"Category\", page = \"\", area = \"\"}". Executing controller action with signature "System.Threading.Tasks.Task`1[Microsoft.AspNetCore.Mvc.IActionResult] CategoryTable()" on controller "Forum.Controllers.CategoryController" ("Forum").
2023-10-30 20:51:56.943 +01:00 [Information] Executing ViewResult, running view "CategoryTable".
2023-10-30 20:51:56.945 +01:00 [Information] Executed ViewResult - view "CategoryTable" executed in 2.0287ms.
2023-10-30 20:51:56.945 +01:00 [Information] Executed action "Forum.Controllers.CategoryController.CategoryTable (Forum)" in 3.0639ms
2023-10-30 20:51:56.945 +01:00 [Information] Executed endpoint '"Forum.Controllers.CategoryController.CategoryTable (Forum)"'
2023-10-30 20:51:56.946 +01:00 [Information] Request finished HTTP/2 GET https://localhost:7205/Category/CategoryTable - - - 200 - text/html;+charset=utf-8 5.5431ms
2023-10-30 20:51:56.955 +01:00 [Information] Request starting HTTP/2 GET https://localhost:7205/_vs/browserLink - -
2023-10-30 20:51:56.956 +01:00 [Information] Request finished HTTP/2 GET https://localhost:7205/_vs/browserLink - - - 200 - text/javascript;+charset=UTF-8 1.6960ms
2023-10-30 20:51:56.957 +01:00 [Information] Request starting HTTP/2 GET https://localhost:7205/_framework/aspnetcore-browser-refresh.js - -
2023-10-30 20:51:56.957 +01:00 [Information] Request finished HTTP/2 GET https://localhost:7205/_framework/aspnetcore-browser-refresh.js - - - 200 12342 application/javascript;+charset=utf-8 0.1176ms
2023-10-30 20:52:13.458 +01:00 [Information] Request starting HTTP/2 GET https://localhost:7205/Category/CategoryTable - -
2023-10-30 20:52:13.460 +01:00 [Information] Executing endpoint '"Forum.Controllers.CategoryController.CategoryTable (Forum)"'
2023-10-30 20:52:13.460 +01:00 [Information] Route matched with "{action = \"CategoryTable\", controller = \"Category\", page = \"\", area = \"\"}". Executing controller action with signature "System.Threading.Tasks.Task`1[Microsoft.AspNetCore.Mvc.IActionResult] CategoryTable()" on controller "Forum.Controllers.CategoryController" ("Forum").
2023-10-30 20:52:13.460 +01:00 [Information] Executing ViewResult, running view "CategoryTable".
2023-10-30 20:52:13.463 +01:00 [Information] Executed ViewResult - view "CategoryTable" executed in 2.6903ms.
2023-10-30 20:52:13.463 +01:00 [Information] Executed action "Forum.Controllers.CategoryController.CategoryTable (Forum)" in 3.1929ms
2023-10-30 20:52:13.463 +01:00 [Information] Executed endpoint '"Forum.Controllers.CategoryController.CategoryTable (Forum)"'
2023-10-30 20:52:13.464 +01:00 [Information] Request finished HTTP/2 GET https://localhost:7205/Category/CategoryTable - - - 200 - text/html;+charset=utf-8 5.5159ms
2023-10-30 20:52:13.474 +01:00 [Information] Request starting HTTP/2 GET https://localhost:7205/_framework/aspnetcore-browser-refresh.js - -
2023-10-30 20:52:13.474 +01:00 [Information] Request starting HTTP/2 GET https://localhost:7205/_vs/browserLink - -
2023-10-30 20:52:13.474 +01:00 [Information] Request finished HTTP/2 GET https://localhost:7205/_framework/aspnetcore-browser-refresh.js - - - 200 12342 application/javascript;+charset=utf-8 0.1982ms
2023-10-30 20:52:13.475 +01:00 [Information] Request finished HTTP/2 GET https://localhost:7205/_vs/browserLink - - - 200 - text/javascript;+charset=UTF-8 1.8207ms
2023-10-30 20:52:22.473 +01:00 [Information] Request starting HTTP/2 GET https://localhost:7205/Room/RoomTable - -
2023-10-30 20:52:22.476 +01:00 [Information] Executing endpoint '"Forum.Controllers.RoomController.RoomTable (Forum)"'
2023-10-30 20:52:22.476 +01:00 [Information] Route matched with "{action = \"RoomTable\", controller = \"Room\", page = \"\", area = \"\"}". Executing controller action with signature "System.Threading.Tasks.Task`1[Microsoft.AspNetCore.Mvc.IActionResult] RoomTable()" on controller "Forum.Controllers.RoomController" ("Forum").
2023-10-30 20:52:22.477 +01:00 [Information] Executing ViewResult, running view "RoomTable".
2023-10-30 20:52:22.479 +01:00 [Information] Executed ViewResult - view "RoomTable" executed in 2.4066ms.
2023-10-30 20:52:22.479 +01:00 [Information] Executed action "Forum.Controllers.RoomController.RoomTable (Forum)" in 2.9676ms
2023-10-30 20:52:22.479 +01:00 [Information] Executed endpoint '"Forum.Controllers.RoomController.RoomTable (Forum)"'
2023-10-30 20:52:22.480 +01:00 [Information] Request finished HTTP/2 GET https://localhost:7205/Room/RoomTable - - - 200 - text/html;+charset=utf-8 7.1538ms
2023-10-30 20:52:22.494 +01:00 [Information] Request starting HTTP/2 GET https://localhost:7205/_framework/aspnetcore-browser-refresh.js - -
2023-10-30 20:52:22.494 +01:00 [Information] Request starting HTTP/2 GET https://localhost:7205/_vs/browserLink - -
2023-10-30 20:52:22.495 +01:00 [Information] Request finished HTTP/2 GET https://localhost:7205/_framework/aspnetcore-browser-refresh.js - - - 200 12342 application/javascript;+charset=utf-8 0.1995ms
2023-10-30 20:52:22.497 +01:00 [Information] Request finished HTTP/2 GET https://localhost:7205/_vs/browserLink - - - 200 - text/javascript;+charset=UTF-8 2.0835ms
2023-10-30 20:52:24.462 +01:00 [Information] Request starting HTTP/2 GET https://localhost:7205/Room/RoomDetails/1 - -
2023-10-30 20:52:24.463 +01:00 [Information] Executing endpoint '"Forum.Controllers.RoomController.RoomDetails (Forum)"'
2023-10-30 20:52:24.465 +01:00 [Information] Route matched with "{action = \"RoomDetails\", controller = \"Room\", page = \"\", area = \"\"}". Executing controller action with signature "System.Threading.Tasks.Task`1[Microsoft.AspNetCore.Mvc.IActionResult] RoomDetails(Int32)" on controller "Forum.Controllers.RoomController" ("Forum").
2023-10-30 20:52:24.467 +01:00 [Information] RoomDetails called with Room ID: 1
2023-10-30 20:52:24.471 +01:00 [Information] Executing ViewResult, running view "RoomDetails".
2023-10-30 20:52:24.494 +01:00 [Information] Executed ViewResult - view "RoomDetails" executed in 23.2975ms.
2023-10-30 20:52:24.494 +01:00 [Information] Executed action "Forum.Controllers.RoomController.RoomDetails (Forum)" in 28.6618ms
2023-10-30 20:52:24.494 +01:00 [Information] Executed endpoint '"Forum.Controllers.RoomController.RoomDetails (Forum)"'
2023-10-30 20:52:24.495 +01:00 [Information] Request finished HTTP/2 GET https://localhost:7205/Room/RoomDetails/1 - - - 200 - text/html;+charset=utf-8 32.7864ms
2023-10-30 20:52:24.506 +01:00 [Information] Request starting HTTP/2 GET https://localhost:7205/_framework/aspnetcore-browser-refresh.js - -
2023-10-30 20:52:24.506 +01:00 [Information] Request starting HTTP/2 GET https://localhost:7205/_vs/browserLink - -
2023-10-30 20:52:24.506 +01:00 [Information] Request finished HTTP/2 GET https://localhost:7205/_framework/aspnetcore-browser-refresh.js - - - 200 12342 application/javascript;+charset=utf-8 0.1639ms
2023-10-30 20:52:24.507 +01:00 [Information] Request finished HTTP/2 GET https://localhost:7205/_vs/browserLink - - - 200 - text/javascript;+charset=UTF-8 1.6900ms
2023-10-30 20:52:26.002 +01:00 [Information] Request starting HTTP/2 GET https://localhost:7205/Topic/TopicDetails/1 - -
2023-10-30 20:52:26.003 +01:00 [Information] Executing endpoint '"Forum.Controllers.TopicController.TopicDetails (Forum)"'
2023-10-30 20:52:26.005 +01:00 [Information] Route matched with "{action = \"TopicDetails\", controller = \"Topic\", page = \"\", area = \"\"}". Executing controller action with signature "System.Threading.Tasks.Task`1[Microsoft.AspNetCore.Mvc.IActionResult] TopicDetails(Int32)" on controller "Forum.Controllers.TopicController" ("Forum").
2023-10-30 20:52:26.010 +01:00 [Information] Executing ViewResult, running view "TopicDetails".
2023-10-30 20:52:26.048 +01:00 [Information] Executed ViewResult - view "TopicDetails" executed in 38.344ms.
2023-10-30 20:52:26.048 +01:00 [Information] Executed action "Forum.Controllers.TopicController.TopicDetails (Forum)" in 43.071ms
2023-10-30 20:52:26.048 +01:00 [Information] Executed endpoint '"Forum.Controllers.TopicController.TopicDetails (Forum)"'
2023-10-30 20:52:26.049 +01:00 [Information] Request finished HTTP/2 GET https://localhost:7205/Topic/TopicDetails/1 - - - 200 - text/html;+charset=utf-8 46.9585ms
2023-10-30 20:52:26.062 +01:00 [Information] Request starting HTTP/2 GET https://localhost:7205/_framework/aspnetcore-browser-refresh.js - -
2023-10-30 20:52:26.063 +01:00 [Information] Request starting HTTP/2 GET https://localhost:7205/_vs/browserLink - -
2023-10-30 20:52:26.063 +01:00 [Information] Request finished HTTP/2 GET https://localhost:7205/_framework/aspnetcore-browser-refresh.js - - - 200 12342 application/javascript;+charset=utf-8 0.1641ms
2023-10-30 20:52:26.064 +01:00 [Information] Request finished HTTP/2 GET https://localhost:7205/_vs/browserLink - - - 200 - text/javascript;+charset=UTF-8 1.7462ms
2023-10-30 20:52:27.087 +01:00 [Information] Request starting HTTP/2 GET https://localhost:7205/Post/PostDetails/2 - -
2023-10-30 20:52:27.089 +01:00 [Information] Executing endpoint '"Forum.Controllers.PostController.PostDetails (Forum)"'
2023-10-30 20:52:27.091 +01:00 [Information] Route matched with "{action = \"PostDetails\", controller = \"Post\", page = \"\", area = \"\"}". Executing controller action with signature "System.Threading.Tasks.Task`1[Microsoft.AspNetCore.Mvc.IActionResult] PostDetails(Int32)" on controller "Forum.Controllers.PostController" ("Forum").
2023-10-30 20:52:27.096 +01:00 [Information] Executing ViewResult, running view "PostDetails".
2023-10-30 20:52:27.110 +01:00 [Information] Executed ViewResult - view "PostDetails" executed in 13.9882ms.
2023-10-30 20:52:27.110 +01:00 [Information] Executed action "Forum.Controllers.PostController.PostDetails (Forum)" in 18.904ms
2023-10-30 20:52:27.110 +01:00 [Information] Executed endpoint '"Forum.Controllers.PostController.PostDetails (Forum)"'
2023-10-30 20:52:27.111 +01:00 [Information] Request finished HTTP/2 GET https://localhost:7205/Post/PostDetails/2 - - - 200 - text/html;+charset=utf-8 23.9540ms
2023-10-30 20:52:27.122 +01:00 [Information] Request starting HTTP/2 GET https://localhost:7205/_framework/aspnetcore-browser-refresh.js - -
2023-10-30 20:52:27.122 +01:00 [Information] Request starting HTTP/2 GET https://localhost:7205/css/style.css - -
2023-10-30 20:52:27.122 +01:00 [Information] Request starting HTTP/2 GET https://localhost:7205/_vs/browserLink - -
2023-10-30 20:52:27.122 +01:00 [Information] Request finished HTTP/2 GET https://localhost:7205/_framework/aspnetcore-browser-refresh.js - - - 200 12342 application/javascript;+charset=utf-8 0.1896ms
2023-10-30 20:52:27.122 +01:00 [Information] The file "/css/style.css" was not modified
2023-10-30 20:52:27.122 +01:00 [Information] Request finished HTTP/2 GET https://localhost:7205/css/style.css - - - 304 - text/css 0.6133ms
2023-10-30 20:52:27.124 +01:00 [Information] Request finished HTTP/2 GET https://localhost:7205/_vs/browserLink - - - 200 - text/javascript;+charset=UTF-8 1.8739ms
2023-10-30 20:54:14.437 +01:00 [Information] Request starting HTTP/2 GET https://localhost:7205/css/style.css?__browserLink_refresh=43b46fc6135a4b3393817c4e37beeda1 - -
2023-10-30 20:54:14.446 +01:00 [Information] Sending file. Request path: '"/css/style.css"'. Physical path: '"C:\Users\abdik\Source\Repos\Forum\MyShop\wwwroot\css\style.css"'
2023-10-30 20:54:14.446 +01:00 [Information] Request finished HTTP/2 GET https://localhost:7205/css/style.css?__browserLink_refresh=43b46fc6135a4b3393817c4e37beeda1 - - - 200 12961 text/css 9.8224ms
2023-10-30 20:54:15.658 +01:00 [Information] Request starting HTTP/2 GET https://localhost:7205/_framework/clear-browser-cache - -
2023-10-30 20:54:15.658 +01:00 [Information] Request finished HTTP/2 GET https://localhost:7205/_framework/clear-browser-cache - - - 200 0 - 0.7819ms
