2023-10-23 20:38:52.188 +02:00 [Information] User profile is available. Using '"C:\Users\abdik\AppData\Local\ASP.NET\DataProtection-Keys"' as key repository and Windows DPAPI to encrypt keys at rest.
2023-10-23 20:38:52.634 +02:00 [Information] Now listening on: "https://localhost:7205"
2023-10-23 20:38:52.634 +02:00 [Information] Now listening on: "http://localhost:5112"
2023-10-23 20:38:52.637 +02:00 [Information] Application started. Press Ctrl+C to shut down.
2023-10-23 20:38:52.637 +02:00 [Information] Hosting environment: "Development"
2023-10-23 20:38:52.637 +02:00 [Information] Content root path: "C:\Users\abdik\Source\Repos\Forum\MyShop\"
2023-10-23 20:38:52.839 +02:00 [Information] Request starting HTTP/2 GET https://localhost:7205/Search/Search?search=Liverpool - -
2023-10-23 20:38:52.881 +02:00 [Information] Executing endpoint '"Forum.Controllers.SearchController.Search (Forum)"'
2023-10-23 20:38:52.895 +02:00 [Information] Route matched with "{action = \"Search\", controller = \"Search\", page = \"\", area = \"\"}". Executing controller action with signature "Microsoft.AspNetCore.Mvc.IActionResult Search(System.String)" on controller "Forum.Controllers.SearchController" ("Forum").
2023-10-23 20:38:52.940 +02:00 [Information] Executing ViewResult, running view "Search".
2023-10-23 20:38:53.040 +02:00 [Information] Executed ViewResult - view "Search" executed in 98.5876ms.
2023-10-23 20:38:53.041 +02:00 [Information] Executed action "Forum.Controllers.SearchController.Search (Forum)" in 145.7101ms
2023-10-23 20:38:53.041 +02:00 [Information] Executed endpoint '"Forum.Controllers.SearchController.Search (Forum)"'
2023-10-23 20:38:53.053 +02:00 [Information] Request starting HTTP/2 GET https://localhost:7205/css/style.css?v=35HH4RfJtST0sDq0rMotu1E2heftLFgWrkUbXojxluA - -
2023-10-23 20:38:53.053 +02:00 [Information] Request starting HTTP/2 GET https://localhost:7205/_framework/aspnetcore-browser-refresh.js - -
2023-10-23 20:38:53.053 +02:00 [Information] Request starting HTTP/2 GET https://localhost:7205/Search/style.css - -
2023-10-23 20:38:53.053 +02:00 [Information] Request finished HTTP/2 GET https://localhost:7205/Search/Search?search=Liverpool - - - 200 - text/html;+charset=utf-8 217.9975ms
2023-10-23 20:38:53.055 +02:00 [Information] Request finished HTTP/2 GET https://localhost:7205/_framework/aspnetcore-browser-refresh.js - - - 200 12342 application/javascript;+charset=utf-8 2.1339ms
2023-10-23 20:38:53.055 +02:00 [Information] Request finished HTTP/2 GET https://localhost:7205/Search/style.css - - - 404 0 - 2.6992ms
2023-10-23 20:38:53.056 +02:00 [Information] The file "/css/style.css" was not modified
2023-10-23 20:38:53.056 +02:00 [Information] Request finished HTTP/2 GET https://localhost:7205/css/style.css?v=35HH4RfJtST0sDq0rMotu1E2heftLFgWrkUbXojxluA - - - 304 - text/css 3.3177ms
2023-10-23 20:38:53.064 +02:00 [Information] Request starting HTTP/2 GET https://localhost:7205/_vs/browserLink - -
2023-10-23 20:38:53.071 +02:00 [Information] Request finished HTTP/2 GET https://localhost:7205/_vs/browserLink - - - 200 - text/javascript;+charset=UTF-8 7.0116ms
