2023-10-24 11:25:31.443 +02:00 [Information] User profile is available. Using '"C:\Users\abdik\AppData\Local\ASP.NET\DataProtection-Keys"' as key repository and Windows DPAPI to encrypt keys at rest.
2023-10-24 11:25:31.832 +02:00 [Information] Now listening on: "https://localhost:7205"
2023-10-24 11:25:31.832 +02:00 [Information] Now listening on: "http://localhost:5112"
2023-10-24 11:25:31.836 +02:00 [Information] Application started. Press Ctrl+C to shut down.
2023-10-24 11:25:31.836 +02:00 [Information] Hosting environment: "Development"
2023-10-24 11:25:31.836 +02:00 [Information] Content root path: "C:\Users\abdik\Source\Repos\Forum\MyShop\"
2023-10-24 11:25:32.170 +02:00 [Information] Request starting HTTP/2 GET https://localhost:7205/ - -
2023-10-24 11:25:32.207 +02:00 [Information] Executing endpoint '"Forum.Controllers.HomeController.Index (Forum)"'
2023-10-24 11:25:32.215 +02:00 [Information] Route matched with "{action = \"Index\", controller = \"Home\", page = \"\", area = \"\"}". Executing controller action with signature "Microsoft.AspNetCore.Mvc.IActionResult Index()" on controller "Forum.Controllers.HomeController" ("Forum").
2023-10-24 11:25:32.220 +02:00 [Information] Executing ViewResult, running view "Index".
2023-10-24 11:25:32.320 +02:00 [Information] Executed ViewResult - view "Index" executed in 99.1466ms.
2023-10-24 11:25:32.321 +02:00 [Information] Executed action "Forum.Controllers.HomeController.Index (Forum)" in 105.6677ms
2023-10-24 11:25:32.322 +02:00 [Information] Executed endpoint '"Forum.Controllers.HomeController.Index (Forum)"'
2023-10-24 11:25:32.333 +02:00 [Information] Request finished HTTP/2 GET https://localhost:7205/ - - - 200 - text/html;+charset=utf-8 166.1337ms
2023-10-24 11:25:32.337 +02:00 [Information] Request starting HTTP/2 GET https://localhost:7205/css/style.css?v=9lVya84QUdHK81gQHnXo7ABNC7eZT7nB3-k5vXsZcDo - -
2023-10-24 11:25:32.337 +02:00 [Information] Request starting HTTP/2 GET https://localhost:7205/lib/jquery/jquery.js - -
2023-10-24 11:25:32.337 +02:00 [Information] Request starting HTTP/2 GET https://localhost:7205/lib/bootstrap/js/bootstrap.js - -
2023-10-24 11:25:32.337 +02:00 [Information] Request starting HTTP/2 GET https://localhost:7205/images/formula1.jpg - -
2023-10-24 11:25:32.337 +02:00 [Information] Request starting HTTP/2 GET https://localhost:7205/lib/bootstrap/css/crtstyle.css - -
2023-10-24 11:25:32.338 +02:00 [Information] Request starting HTTP/2 GET https://localhost:7205/images/fotball.jpg - -
2023-10-24 11:25:32.337 +02:00 [Information] Request starting HTTP/2 GET https://localhost:7205/style.css - -
2023-10-24 11:25:32.340 +02:00 [Information] Request finished HTTP/2 GET https://localhost:7205/style.css - - - 404 0 - 2.9023ms
2023-10-24 11:25:32.346 +02:00 [Information] Sending file. Request path: '"/lib/bootstrap/css/crtstyle.css"'. Physical path: '"C:\Users\abdik\Source\Repos\Forum\MyShop\wwwroot\lib\bootstrap\css\crtStyle.css"'
2023-10-24 11:25:32.346 +02:00 [Information] Sending file. Request path: '"/css/style.css"'. Physical path: '"C:\Users\abdik\Source\Repos\Forum\MyShop\wwwroot\css\style.css"'
2023-10-24 11:25:32.346 +02:00 [Information] Request finished HTTP/2 GET https://localhost:7205/lib/bootstrap/css/crtstyle.css - - - 200 1786 text/css 8.7160ms
2023-10-24 11:25:32.346 +02:00 [Information] Request finished HTTP/2 GET https://localhost:7205/css/style.css?v=9lVya84QUdHK81gQHnXo7ABNC7eZT7nB3-k5vXsZcDo - - - 200 2795 text/css 8.7933ms
2023-10-24 11:25:32.347 +02:00 [Information] Sending file. Request path: '"/lib/bootstrap/js/bootstrap.js"'. Physical path: '"C:\Users\abdik\Source\Repos\Forum\MyShop\wwwroot\lib\bootstrap\js\bootstrap.js"'
2023-10-24 11:25:32.347 +02:00 [Information] Sending file. Request path: '"/lib/jquery/jquery.js"'. Physical path: '"C:\Users\abdik\Source\Repos\Forum\MyShop\wwwroot\lib\jquery\jquery.js"'
2023-10-24 11:25:32.347 +02:00 [Information] Request finished HTTP/2 GET https://localhost:7205/lib/bootstrap/js/bootstrap.js - - - 200 153194 application/javascript 9.2702ms
2023-10-24 11:25:32.347 +02:00 [Information] Request finished HTTP/2 GET https://localhost:7205/lib/jquery/jquery.js - - - 200 296030 application/javascript 9.2819ms
2023-10-24 11:25:32.351 +02:00 [Information] Sending file. Request path: '"/images/formula1.jpg"'. Physical path: '"C:\Users\abdik\Source\Repos\Forum\MyShop\wwwroot\images\formula1.jpg"'
2023-10-24 11:25:32.351 +02:00 [Information] Request finished HTTP/2 GET https://localhost:7205/images/formula1.jpg - - - 200 1574551 image/jpeg 13.5558ms
2023-10-24 11:25:32.351 +02:00 [Information] Sending file. Request path: '"/images/fotball.jpg"'. Physical path: '"C:\Users\abdik\Source\Repos\Forum\MyShop\wwwroot\images\fotball.jpg"'
2023-10-24 11:25:32.351 +02:00 [Information] Request finished HTTP/2 GET https://localhost:7205/images/fotball.jpg - - - 200 1749225 image/jpeg 13.6612ms
2023-10-24 11:25:32.366 +02:00 [Information] Request starting HTTP/2 GET https://localhost:7205/images/vacation.jpg - -
2023-10-24 11:25:32.366 +02:00 [Information] Request starting HTTP/2 GET https://localhost:7205/_framework/aspnetcore-browser-refresh.js - -
2023-10-24 11:25:32.367 +02:00 [Information] Request finished HTTP/2 GET https://localhost:7205/_framework/aspnetcore-browser-refresh.js - - - 200 12342 application/javascript;+charset=utf-8 1.1292ms
2023-10-24 11:25:32.369 +02:00 [Information] Sending file. Request path: '"/images/vacation.jpg"'. Physical path: '"C:\Users\abdik\Source\Repos\Forum\MyShop\wwwroot\images\vacation.jpg"'
2023-10-24 11:25:32.369 +02:00 [Information] Request finished HTTP/2 GET https://localhost:7205/images/vacation.jpg - - - 200 564804 image/jpeg 3.2844ms
2023-10-24 11:25:32.377 +02:00 [Information] Request starting HTTP/2 GET https://localhost:7205/_vs/browserLink - -
2023-10-24 11:25:32.383 +02:00 [Information] Request finished HTTP/2 GET https://localhost:7205/_vs/browserLink - - - 200 - text/javascript;+charset=UTF-8 6.0481ms
