2023-10-30 21:37:50.308 +01:00 [Information] User profile is available. Using '"C:\Users\abdik\AppData\Local\ASP.NET\DataProtection-Keys"' as key repository and Windows DPAPI to encrypt keys at rest.
2023-10-30 21:37:50.821 +01:00 [Information] Now listening on: "https://localhost:7205"
2023-10-30 21:37:50.821 +01:00 [Information] Now listening on: "http://localhost:5112"
2023-10-30 21:37:50.825 +01:00 [Information] Application started. Press Ctrl+C to shut down.
2023-10-30 21:37:50.826 +01:00 [Information] Hosting environment: "Development"
2023-10-30 21:37:50.826 +01:00 [Information] Content root path: "C:\Users\abdik\Source\Repos\Forum\MyShop\"
2023-10-30 21:37:52.110 +01:00 [Information] Request starting HTTP/2 GET https://localhost:7205/Topic/TopicTable - -
2023-10-30 21:37:52.156 +01:00 [Information] Executing endpoint '"Forum.Controllers.TopicController.TopicTable (Forum)"'
2023-10-30 21:37:52.168 +01:00 [Information] Route matched with "{action = \"TopicTable\", controller = \"Topic\", page = \"\", area = \"\"}". Executing controller action with signature "System.Threading.Tasks.Task`1[Microsoft.AspNetCore.Mvc.IActionResult] TopicTable()" on controller "Forum.Controllers.TopicController" ("Forum").
2023-10-30 21:37:52.197 +01:00 [Information] Executing ViewResult, running view "TopicTable".
2023-10-30 21:37:52.307 +01:00 [Information] Executed ViewResult - view "TopicTable" executed in 109.1357ms.
2023-10-30 21:37:52.309 +01:00 [Information] Executed action "Forum.Controllers.TopicController.TopicTable (Forum)" in 140.5896ms
2023-10-30 21:37:52.310 +01:00 [Information] Executed endpoint '"Forum.Controllers.TopicController.TopicTable (Forum)"'
2023-10-30 21:37:52.323 +01:00 [Information] Request finished HTTP/2 GET https://localhost:7205/Topic/TopicTable - - - 200 - text/html;+charset=utf-8 216.6795ms
2023-10-30 21:37:52.324 +01:00 [Information] Request starting HTTP/2 GET https://localhost:7205/_framework/aspnetcore-browser-refresh.js - -
2023-10-30 21:37:52.324 +01:00 [Information] Request starting HTTP/2 GET https://localhost:7205/css/style.css?v=23NGxWHpSmfEHfsX2YujyP5NighLb05kTFrOwgcBk0U - -
2023-10-30 21:37:52.326 +01:00 [Information] Request finished HTTP/2 GET https://localhost:7205/_framework/aspnetcore-browser-refresh.js - - - 200 12342 application/javascript;+charset=utf-8 2.0827ms
2023-10-30 21:37:52.334 +01:00 [Information] The file "/css/style.css" was not modified
2023-10-30 21:37:52.335 +01:00 [Information] Request finished HTTP/2 GET https://localhost:7205/css/style.css?v=23NGxWHpSmfEHfsX2YujyP5NighLb05kTFrOwgcBk0U - - - 304 - text/css 10.4259ms
2023-10-30 21:37:52.338 +01:00 [Information] Request starting HTTP/2 GET https://localhost:7205/_vs/browserLink - -
2023-10-30 21:37:52.345 +01:00 [Information] Request finished HTTP/2 GET https://localhost:7205/_vs/browserLink - - - 200 - text/javascript;+charset=UTF-8 6.7605ms
