2023-10-29 22:46:10.741 +01:00 [Information] User profile is available. Using '"C:\Users\latif\AppData\Local\ASP.NET\DataProtection-Keys"' as key repository and Windows DPAPI to encrypt keys at rest.
2023-10-29 22:46:11.980 +01:00 [Information] Now listening on: "https://localhost:7205"
2023-10-29 22:46:11.982 +01:00 [Information] Now listening on: "http://localhost:5112"
2023-10-29 22:46:12.003 +01:00 [Information] Application started. Press Ctrl+C to shut down.
2023-10-29 22:46:12.007 +01:00 [Information] Hosting environment: "Development"
2023-10-29 22:46:12.009 +01:00 [Information] Content root path: "C:\Users\latif\source\repos\PROJECT_1WEB\Forum\MyShop\"
2023-10-29 22:46:12.824 +01:00 [Information] Request starting HTTP/2 GET https://localhost:7205/ - -
2023-10-29 22:46:13.050 +01:00 [Information] Executing endpoint '"Forum.Controllers.HomeController.Index (Forum)"'
2023-10-29 22:46:13.093 +01:00 [Information] Route matched with "{action = \"Index\", controller = \"Home\", page = \"\", area = \"\"}". Executing controller action with signature "System.Threading.Tasks.Task`1[Microsoft.AspNetCore.Mvc.IActionResult] Index()" on controller "Forum.Controllers.HomeController" ("Forum").
2023-10-29 22:46:13.194 +01:00 [Information] Executing action method "Forum.Controllers.HomeController.Index (Forum)" - Validation state: Valid
2023-10-29 22:46:13.293 +01:00 [Information] Executed action method "Forum.Controllers.HomeController.Index (Forum)", returned result "Microsoft.AspNetCore.Mvc.ViewResult" in 84.8107ms.
2023-10-29 22:46:13.315 +01:00 [Information] Executing ViewResult, running view "Index".
2023-10-29 22:46:13.932 +01:00 [Information] Executed ViewResult - view "Index" executed in 621.5628ms.
2023-10-29 22:46:13.950 +01:00 [Information] Executed action "Forum.Controllers.HomeController.Index (Forum)" in 855.0631ms
2023-10-29 22:46:13.952 +01:00 [Information] Executed endpoint '"Forum.Controllers.HomeController.Index (Forum)"'
2023-10-29 22:46:14.020 +01:00 [Information] Request starting HTTP/2 GET https://localhost:7205/css/style.css?v=rYKnG-JB9M2x-H4nVgrp-vEkdVLuLY8MBOpZDywim-4 - -
2023-10-29 22:46:14.036 +01:00 [Information] The file "/css/style.css" was not modified
2023-10-29 22:46:14.038 +01:00 [Information] Request finished HTTP/2 GET https://localhost:7205/css/style.css?v=rYKnG-JB9M2x-H4nVgrp-vEkdVLuLY8MBOpZDywim-4 - - - 304 - text/css 17.8701ms
2023-10-29 22:46:14.038 +01:00 [Information] Request finished HTTP/2 GET https://localhost:7205/ - - - 200 - text/html;+charset=utf-8 1229.0123ms
2023-10-29 22:46:14.049 +01:00 [Information] Request starting HTTP/2 GET https://localhost:7205/_vs/browserLink - -
2023-10-29 22:46:14.049 +01:00 [Information] Request starting HTTP/2 GET https://localhost:7205/_framework/aspnetcore-browser-refresh.js - -
2023-10-29 22:46:14.064 +01:00 [Information] Request finished HTTP/2 GET https://localhost:7205/_framework/aspnetcore-browser-refresh.js - - - 200 12342 application/javascript;+charset=utf-8 15.1627ms
2023-10-29 22:46:14.091 +01:00 [Information] Request finished HTTP/2 GET https://localhost:7205/_vs/browserLink - - - 200 - text/javascript;+charset=UTF-8 41.8804ms
2023-10-29 22:46:14.251 +01:00 [Information] Request starting HTTP/2 GET https://localhost:7205/favicon.ico - -
2023-10-29 22:46:14.255 +01:00 [Information] Request finished HTTP/2 GET https://localhost:7205/favicon.ico - - - 404 0 - 3.7915ms
2023-10-29 22:46:17.537 +01:00 [Information] Request starting HTTP/2 GET https://localhost:7205/Identity/Account/Login - -
2023-10-29 22:46:17.542 +01:00 [Information] Executing endpoint '"/Account/Login"'
2023-10-29 22:46:17.589 +01:00 [Information] Route matched with "{page = \"/Account/Login\", area = \"Identity\", action = \"\", controller = \"\"}". Executing page "/Account/Login"
2023-10-29 22:46:17.647 +01:00 [Information] Executing handler method "Forum.Areas.Identity.Pages.Account.LoginModel.OnGetAsync" - ModelState is Valid
2023-10-29 22:46:17.660 +01:00 [Information] AuthenticationScheme: "Identity.External" signed out.
2023-10-29 22:46:17.663 +01:00 [Information] Executed handler method "OnGetAsync", returned result "".
2023-10-29 22:46:17.674 +01:00 [Information] Executing an implicit handler method - ModelState is Valid
2023-10-29 22:46:17.674 +01:00 [Information] Executed an implicit handler method, returned result "Microsoft.AspNetCore.Mvc.RazorPages.PageResult".
2023-10-29 22:46:17.817 +01:00 [Information] Executed page "/Account/Login" in 228.0089ms
2023-10-29 22:46:17.818 +01:00 [Information] Executed endpoint '"/Account/Login"'
2023-10-29 22:46:17.821 +01:00 [Information] Request finished HTTP/2 GET https://localhost:7205/Identity/Account/Login - - - 200 - text/html;+charset=utf-8 283.3713ms
2023-10-29 22:46:17.826 +01:00 [Information] Request starting HTTP/2 GET https://localhost:7205/_framework/aspnetcore-browser-refresh.js - -
2023-10-29 22:46:17.826 +01:00 [Information] Request finished HTTP/2 GET https://localhost:7205/_framework/aspnetcore-browser-refresh.js - - - 200 12342 application/javascript;+charset=utf-8 1.1525ms
2023-10-29 22:46:17.835 +01:00 [Information] Request starting HTTP/2 GET https://localhost:7205/_vs/browserLink - -
2023-10-29 22:46:17.845 +01:00 [Information] Request finished HTTP/2 GET https://localhost:7205/_vs/browserLink - - - 200 - text/javascript;+charset=UTF-8 10.4144ms
2023-10-29 22:46:19.180 +01:00 [Information] Request starting HTTP/2 POST https://localhost:7205/Identity/Account/Login application/x-www-form-urlencoded 280
2023-10-29 22:46:19.190 +01:00 [Information] Executing endpoint '"/Account/Login"'
2023-10-29 22:46:19.190 +01:00 [Information] Route matched with "{page = \"/Account/Login\", area = \"Identity\", action = \"\", controller = \"\"}". Executing page "/Account/Login"
2023-10-29 22:46:19.243 +01:00 [Information] Executing handler method "Forum.Areas.Identity.Pages.Account.LoginModel.OnPostAsync" - ModelState is Valid
2023-10-29 22:46:19.548 +01:00 [Information] AuthenticationScheme: "Identity.Application" signed in.
2023-10-29 22:46:19.551 +01:00 [Information] User logged in.
2023-10-29 22:46:19.552 +01:00 [Information] Executed handler method "OnPostAsync", returned result "Microsoft.AspNetCore.Mvc.LocalRedirectResult".
2023-10-29 22:46:19.553 +01:00 [Information] Executing LocalRedirectResult, redirecting to "/".
2023-10-29 22:46:19.553 +01:00 [Information] Executed page "/Account/Login" in 363.103ms
2023-10-29 22:46:19.553 +01:00 [Information] Executed endpoint '"/Account/Login"'
2023-10-29 22:46:19.554 +01:00 [Information] Request finished HTTP/2 POST https://localhost:7205/Identity/Account/Login application/x-www-form-urlencoded 280 - 302 0 - 373.3173ms
2023-10-29 22:46:19.557 +01:00 [Information] Request starting HTTP/2 GET https://localhost:7205/ - -
2023-10-29 22:46:19.566 +01:00 [Information] Executing endpoint '"Forum.Controllers.HomeController.Index (Forum)"'
2023-10-29 22:46:19.566 +01:00 [Information] Route matched with "{action = \"Index\", controller = \"Home\", page = \"\", area = \"\"}". Executing controller action with signature "System.Threading.Tasks.Task`1[Microsoft.AspNetCore.Mvc.IActionResult] Index()" on controller "Forum.Controllers.HomeController" ("Forum").
2023-10-29 22:46:19.591 +01:00 [Information] Executing action method "Forum.Controllers.HomeController.Index (Forum)" - Validation state: Valid
2023-10-29 22:46:19.596 +01:00 [Information] Executed action method "Forum.Controllers.HomeController.Index (Forum)", returned result "Microsoft.AspNetCore.Mvc.ViewResult" in 5.5568ms.
2023-10-29 22:46:19.597 +01:00 [Information] Executing ViewResult, running view "Index".
2023-10-29 22:46:19.638 +01:00 [Information] Executed ViewResult - view "Index" executed in 40.998ms.
2023-10-29 22:46:19.638 +01:00 [Information] Executed action "Forum.Controllers.HomeController.Index (Forum)" in 71.3514ms
2023-10-29 22:46:19.638 +01:00 [Information] Executed endpoint '"Forum.Controllers.HomeController.Index (Forum)"'
2023-10-29 22:46:19.642 +01:00 [Information] Request finished HTTP/2 GET https://localhost:7205/ - - - 200 - text/html;+charset=utf-8 84.6382ms
2023-10-29 22:46:19.645 +01:00 [Information] Request starting HTTP/2 GET https://localhost:7205/_framework/aspnetcore-browser-refresh.js - -
2023-10-29 22:46:19.645 +01:00 [Information] Request starting HTTP/2 GET https://localhost:7205/_vs/browserLink - -
2023-10-29 22:46:19.645 +01:00 [Information] Request finished HTTP/2 GET https://localhost:7205/_framework/aspnetcore-browser-refresh.js - - - 200 12342 application/javascript;+charset=utf-8 0.4233ms
2023-10-29 22:46:19.648 +01:00 [Information] Request finished HTTP/2 GET https://localhost:7205/_vs/browserLink - - - 200 - text/javascript;+charset=UTF-8 2.8101ms
2023-10-29 22:46:21.811 +01:00 [Information] Request starting HTTP/2 GET https://localhost:7205/Category/CategoryTable - -
2023-10-29 22:46:21.817 +01:00 [Information] Executing endpoint '"Forum.Controllers.CategoryController.CategoryTable (Forum)"'
2023-10-29 22:46:21.823 +01:00 [Information] Route matched with "{action = \"CategoryTable\", controller = \"Category\", page = \"\", area = \"\"}". Executing controller action with signature "System.Threading.Tasks.Task`1[Microsoft.AspNetCore.Mvc.IActionResult] CategoryTable()" on controller "Forum.Controllers.CategoryController" ("Forum").
2023-10-29 22:46:21.843 +01:00 [Information] Executing action method "Forum.Controllers.CategoryController.CategoryTable (Forum)" - Validation state: Valid
2023-10-29 22:46:21.872 +01:00 [Information] Executed action method "Forum.Controllers.CategoryController.CategoryTable (Forum)", returned result "Microsoft.AspNetCore.Mvc.ViewResult" in 28.9745ms.
2023-10-29 22:46:21.873 +01:00 [Information] Executing ViewResult, running view "CategoryTable".
2023-10-29 22:46:21.902 +01:00 [Information] Executed ViewResult - view "CategoryTable" executed in 29.1507ms.
2023-10-29 22:46:21.902 +01:00 [Information] Executed action "Forum.Controllers.CategoryController.CategoryTable (Forum)" in 79.0196ms
2023-10-29 22:46:21.902 +01:00 [Information] Executed endpoint '"Forum.Controllers.CategoryController.CategoryTable (Forum)"'
2023-10-29 22:46:21.904 +01:00 [Information] Request finished HTTP/2 GET https://localhost:7205/Category/CategoryTable - - - 200 - text/html;+charset=utf-8 92.7026ms
2023-10-29 22:46:21.908 +01:00 [Information] Request starting HTTP/2 GET https://localhost:7205/_vs/browserLink - -
2023-10-29 22:46:21.908 +01:00 [Information] Request starting HTTP/2 GET https://localhost:7205/_framework/aspnetcore-browser-refresh.js - -
2023-10-29 22:46:21.908 +01:00 [Information] Request finished HTTP/2 GET https://localhost:7205/_framework/aspnetcore-browser-refresh.js - - - 200 12342 application/javascript;+charset=utf-8 0.4373ms
2023-10-29 22:46:21.913 +01:00 [Information] Request finished HTTP/2 GET https://localhost:7205/_vs/browserLink - - - 200 - text/javascript;+charset=UTF-8 5.3650ms
2023-10-29 22:46:23.479 +01:00 [Information] Request starting HTTP/2 GET https://localhost:7205/Category/CreateCategory - -
2023-10-29 22:46:23.497 +01:00 [Information] Executing endpoint '"Forum.Controllers.CategoryController.CreateCategory (Forum)"'
2023-10-29 22:46:23.499 +01:00 [Information] Route matched with "{action = \"CreateCategory\", controller = \"Category\", page = \"\", area = \"\"}". Executing controller action with signature "Microsoft.AspNetCore.Mvc.IActionResult CreateCategory()" on controller "Forum.Controllers.CategoryController" ("Forum").
2023-10-29 22:46:23.520 +01:00 [Information] Executing action method "Forum.Controllers.CategoryController.CreateCategory (Forum)" - Validation state: Valid
2023-10-29 22:46:23.521 +01:00 [Information] Executed action method "Forum.Controllers.CategoryController.CreateCategory (Forum)", returned result "Microsoft.AspNetCore.Mvc.ViewResult" in 0.4596ms.
2023-10-29 22:46:23.522 +01:00 [Information] Executing ViewResult, running view "CreateCategory".
2023-10-29 22:46:23.544 +01:00 [Information] Executed ViewResult - view "CreateCategory" executed in 22.9146ms.
2023-10-29 22:46:23.544 +01:00 [Information] Executed action "Forum.Controllers.CategoryController.CreateCategory (Forum)" in 44.6422ms
2023-10-29 22:46:23.544 +01:00 [Information] Executed endpoint '"Forum.Controllers.CategoryController.CreateCategory (Forum)"'
2023-10-29 22:46:23.551 +01:00 [Information] Request finished HTTP/2 GET https://localhost:7205/Category/CreateCategory - - - 200 - text/html;+charset=utf-8 71.6700ms
2023-10-29 22:46:23.554 +01:00 [Information] Request starting HTTP/2 GET https://localhost:7205/_vs/browserLink - -
2023-10-29 22:46:23.554 +01:00 [Information] Request starting HTTP/2 GET https://localhost:7205/_framework/aspnetcore-browser-refresh.js - -
2023-10-29 22:46:23.554 +01:00 [Information] Request finished HTTP/2 GET https://localhost:7205/_framework/aspnetcore-browser-refresh.js - - - 200 12342 application/javascript;+charset=utf-8 0.3685ms
2023-10-29 22:46:23.564 +01:00 [Information] Request finished HTTP/2 GET https://localhost:7205/_vs/browserLink - - - 200 - text/javascript;+charset=UTF-8 10.2923ms
2023-10-29 22:46:26.575 +01:00 [Information] Request starting HTTP/2 GET https://localhost:7205/Room/RoomTable - -
2023-10-29 22:46:26.580 +01:00 [Information] Executing endpoint '"Forum.Controllers.RoomController.RoomTable (Forum)"'
2023-10-29 22:46:26.585 +01:00 [Information] Route matched with "{action = \"RoomTable\", controller = \"Room\", page = \"\", area = \"\"}". Executing controller action with signature "System.Threading.Tasks.Task`1[Microsoft.AspNetCore.Mvc.IActionResult] RoomTable()" on controller "Forum.Controllers.RoomController" ("Forum").
2023-10-29 22:46:26.601 +01:00 [Information] Executing action method "Forum.Controllers.RoomController.RoomTable (Forum)" - Validation state: Valid
2023-10-29 22:46:26.634 +01:00 [Information] Executed action method "Forum.Controllers.RoomController.RoomTable (Forum)", returned result "Microsoft.AspNetCore.Mvc.ViewResult" in 32.8644ms.
2023-10-29 22:46:26.635 +01:00 [Information] Executing ViewResult, running view "RoomTable".
2023-10-29 22:46:26.657 +01:00 [Information] Executed ViewResult - view "RoomTable" executed in 22.6867ms.
2023-10-29 22:46:26.657 +01:00 [Information] Executed action "Forum.Controllers.RoomController.RoomTable (Forum)" in 71.9657ms
2023-10-29 22:46:26.657 +01:00 [Information] Executed endpoint '"Forum.Controllers.RoomController.RoomTable (Forum)"'
2023-10-29 22:46:26.660 +01:00 [Information] Request finished HTTP/2 GET https://localhost:7205/Room/RoomTable - - - 200 - text/html;+charset=utf-8 84.8541ms
2023-10-29 22:46:26.663 +01:00 [Information] Request starting HTTP/2 GET https://localhost:7205/_framework/aspnetcore-browser-refresh.js - -
2023-10-29 22:46:26.663 +01:00 [Information] Request starting HTTP/2 GET https://localhost:7205/_vs/browserLink - -
2023-10-29 22:46:26.663 +01:00 [Information] Request finished HTTP/2 GET https://localhost:7205/_framework/aspnetcore-browser-refresh.js - - - 200 12342 application/javascript;+charset=utf-8 0.4346ms
2023-10-29 22:46:26.666 +01:00 [Information] Request finished HTTP/2 GET https://localhost:7205/_vs/browserLink - - - 200 - text/javascript;+charset=UTF-8 3.4532ms
2023-10-29 22:46:28.015 +01:00 [Information] Request starting HTTP/2 GET https://localhost:7205/Room/RoomDetails/1 - -
2023-10-29 22:46:28.022 +01:00 [Information] Executing endpoint '"Forum.Controllers.RoomController.RoomDetails (Forum)"'
2023-10-29 22:46:28.027 +01:00 [Information] Route matched with "{action = \"RoomDetails\", controller = \"Room\", page = \"\", area = \"\"}". Executing controller action with signature "System.Threading.Tasks.Task`1[Microsoft.AspNetCore.Mvc.IActionResult] RoomDetails(Int32)" on controller "Forum.Controllers.RoomController" ("Forum").
2023-10-29 22:46:28.045 +01:00 [Information] Executing action method "Forum.Controllers.RoomController.RoomDetails (Forum)" - Validation state: Valid
2023-10-29 22:46:28.049 +01:00 [Information] RoomDetails called with Room ID: 1
2023-10-29 22:46:28.059 +01:00 [Information] Executed action method "Forum.Controllers.RoomController.RoomDetails (Forum)", returned result "Microsoft.AspNetCore.Mvc.ViewResult" in 13.8368ms.
2023-10-29 22:46:28.061 +01:00 [Information] Executing ViewResult, running view "RoomDetails".
2023-10-29 22:46:28.141 +01:00 [Information] Executed ViewResult - view "RoomDetails" executed in 80.9382ms.
2023-10-29 22:46:28.141 +01:00 [Information] Executed action "Forum.Controllers.RoomController.RoomDetails (Forum)" in 113.3967ms
2023-10-29 22:46:28.141 +01:00 [Information] Executed endpoint '"Forum.Controllers.RoomController.RoomDetails (Forum)"'
2023-10-29 22:46:28.143 +01:00 [Information] Request finished HTTP/2 GET https://localhost:7205/Room/RoomDetails/1 - - - 200 - text/html;+charset=utf-8 128.2025ms
2023-10-29 22:46:28.146 +01:00 [Information] Request starting HTTP/2 GET https://localhost:7205/_framework/aspnetcore-browser-refresh.js - -
2023-10-29 22:46:28.146 +01:00 [Information] Request starting HTTP/2 GET https://localhost:7205/_vs/browserLink - -
2023-10-29 22:46:28.147 +01:00 [Information] Request finished HTTP/2 GET https://localhost:7205/_framework/aspnetcore-browser-refresh.js - - - 200 12342 application/javascript;+charset=utf-8 0.2967ms
2023-10-29 22:46:28.150 +01:00 [Information] Request finished HTTP/2 GET https://localhost:7205/_vs/browserLink - - - 200 - text/javascript;+charset=UTF-8 3.3310ms
2023-10-29 22:46:29.943 +01:00 [Information] Request starting HTTP/2 GET https://localhost:7205/Topic/CreateTopic?roomId=1 - -
2023-10-29 22:46:29.948 +01:00 [Information] Executing endpoint '"Forum.Controllers.TopicController.CreateTopic (Forum)"'
2023-10-29 22:46:29.950 +01:00 [Information] Route matched with "{action = \"CreateTopic\", controller = \"Topic\", page = \"\", area = \"\"}". Executing controller action with signature "Microsoft.AspNetCore.Mvc.IActionResult CreateTopic(Int32)" on controller "Forum.Controllers.TopicController" ("Forum").
2023-10-29 22:46:29.978 +01:00 [Information] Executing action method "Forum.Controllers.TopicController.CreateTopic (Forum)" - Validation state: Valid
2023-10-29 22:46:29.979 +01:00 [Information] Executed action method "Forum.Controllers.TopicController.CreateTopic (Forum)", returned result "Microsoft.AspNetCore.Mvc.ViewResult" in 0.4147ms.
2023-10-29 22:46:29.980 +01:00 [Information] Executing ViewResult, running view "CreateTopic".
2023-10-29 22:46:30.010 +01:00 [Information] Executed ViewResult - view "CreateTopic" executed in 30.699ms.
2023-10-29 22:46:30.010 +01:00 [Information] Executed action "Forum.Controllers.TopicController.CreateTopic (Forum)" in 60.0901ms
2023-10-29 22:46:30.010 +01:00 [Information] Executed endpoint '"Forum.Controllers.TopicController.CreateTopic (Forum)"'
2023-10-29 22:46:30.012 +01:00 [Information] Request finished HTTP/2 GET https://localhost:7205/Topic/CreateTopic?roomId=1 - - - 200 - text/html;+charset=utf-8 68.7739ms
2023-10-29 22:46:30.017 +01:00 [Information] Request starting HTTP/2 GET https://localhost:7205/_vs/browserLink - -
2023-10-29 22:46:30.017 +01:00 [Information] Request starting HTTP/2 GET https://localhost:7205/_framework/aspnetcore-browser-refresh.js - -
2023-10-29 22:46:30.017 +01:00 [Information] Request finished HTTP/2 GET https://localhost:7205/_framework/aspnetcore-browser-refresh.js - - - 200 12342 application/javascript;+charset=utf-8 0.4472ms
2023-10-29 22:46:30.062 +01:00 [Information] Request finished HTTP/2 GET https://localhost:7205/_vs/browserLink - - - 200 - text/javascript;+charset=UTF-8 44.5965ms
2023-10-29 22:46:33.221 +01:00 [Information] Request starting HTTP/2 GET https://localhost:7205/Category/CategoryTable - -
2023-10-29 22:46:33.227 +01:00 [Information] Executing endpoint '"Forum.Controllers.CategoryController.CategoryTable (Forum)"'
2023-10-29 22:46:33.227 +01:00 [Information] Route matched with "{action = \"CategoryTable\", controller = \"Category\", page = \"\", area = \"\"}". Executing controller action with signature "System.Threading.Tasks.Task`1[Microsoft.AspNetCore.Mvc.IActionResult] CategoryTable()" on controller "Forum.Controllers.CategoryController" ("Forum").
2023-10-29 22:46:33.244 +01:00 [Information] Executing action method "Forum.Controllers.CategoryController.CategoryTable (Forum)" - Validation state: Valid
2023-10-29 22:46:33.248 +01:00 [Information] Executed action method "Forum.Controllers.CategoryController.CategoryTable (Forum)", returned result "Microsoft.AspNetCore.Mvc.ViewResult" in 3.4609ms.
2023-10-29 22:46:33.248 +01:00 [Information] Executing ViewResult, running view "CategoryTable".
2023-10-29 22:46:33.255 +01:00 [Information] Executed ViewResult - view "CategoryTable" executed in 6.7739ms.
2023-10-29 22:46:33.255 +01:00 [Information] Executed action "Forum.Controllers.CategoryController.CategoryTable (Forum)" in 27.8197ms
2023-10-29 22:46:33.255 +01:00 [Information] Executed endpoint '"Forum.Controllers.CategoryController.CategoryTable (Forum)"'
2023-10-29 22:46:33.258 +01:00 [Information] Request finished HTTP/2 GET https://localhost:7205/Category/CategoryTable - - - 200 - text/html;+charset=utf-8 36.9424ms
2023-10-29 22:46:33.261 +01:00 [Information] Request starting HTTP/2 GET https://localhost:7205/_framework/aspnetcore-browser-refresh.js - -
2023-10-29 22:46:33.261 +01:00 [Information] Request starting HTTP/2 GET https://localhost:7205/_vs/browserLink - -
2023-10-29 22:46:33.261 +01:00 [Information] Request finished HTTP/2 GET https://localhost:7205/_framework/aspnetcore-browser-refresh.js - - - 200 12342 application/javascript;+charset=utf-8 0.4666ms
2023-10-29 22:46:33.265 +01:00 [Information] Request finished HTTP/2 GET https://localhost:7205/_vs/browserLink - - - 200 - text/javascript;+charset=UTF-8 3.4838ms
2023-10-29 22:46:36.152 +01:00 [Information] Request starting HTTP/2 GET https://localhost:7205/Category/CategoryDetails/1 - -
2023-10-29 22:46:36.158 +01:00 [Information] Executing endpoint '"Forum.Controllers.CategoryController.CategoryDetails (Forum)"'
2023-10-29 22:46:36.161 +01:00 [Information] Route matched with "{action = \"CategoryDetails\", controller = \"Category\", page = \"\", area = \"\"}". Executing controller action with signature "System.Threading.Tasks.Task`1[Microsoft.AspNetCore.Mvc.IActionResult] CategoryDetails(Int32)" on controller "Forum.Controllers.CategoryController" ("Forum").
2023-10-29 22:46:36.178 +01:00 [Information] Executing action method "Forum.Controllers.CategoryController.CategoryDetails (Forum)" - Validation state: Valid
2023-10-29 22:46:36.182 +01:00 [Information] [CategoryController] ID: 1.
2023-10-29 22:46:36.186 +01:00 [Information] [CategoryRep] Getting the category with id: 1: 
2023-10-29 22:46:36.196 +01:00 [Information] [CategoryController] ID passed to CategoryController after database operation: 1.
2023-10-29 22:46:36.197 +01:00 [Information] Executed action method "Forum.Controllers.CategoryController.CategoryDetails (Forum)", returned result "Microsoft.AspNetCore.Mvc.ViewResult" in 18.7381ms.
2023-10-29 22:46:36.197 +01:00 [Information] Executing ViewResult, running view "CategoryDetails".
2023-10-29 22:46:36.224 +01:00 [Information] Executed ViewResult - view "CategoryDetails" executed in 27.7617ms.
2023-10-29 22:46:36.225 +01:00 [Information] Executed action "Forum.Controllers.CategoryController.CategoryDetails (Forum)" in 63.3417ms
2023-10-29 22:46:36.225 +01:00 [Information] Executed endpoint '"Forum.Controllers.CategoryController.CategoryDetails (Forum)"'
2023-10-29 22:46:36.227 +01:00 [Information] Request finished HTTP/2 GET https://localhost:7205/Category/CategoryDetails/1 - - - 200 - text/html;+charset=utf-8 74.3571ms
2023-10-29 22:46:36.230 +01:00 [Information] Request starting HTTP/2 GET https://localhost:7205/_vs/browserLink - -
2023-10-29 22:46:36.230 +01:00 [Information] Request starting HTTP/2 GET https://localhost:7205/_framework/aspnetcore-browser-refresh.js - -
2023-10-29 22:46:36.230 +01:00 [Information] Request finished HTTP/2 GET https://localhost:7205/_framework/aspnetcore-browser-refresh.js - - - 200 12342 application/javascript;+charset=utf-8 0.3193ms
2023-10-29 22:46:36.233 +01:00 [Information] Request finished HTTP/2 GET https://localhost:7205/_vs/browserLink - - - 200 - text/javascript;+charset=UTF-8 3.3384ms
2023-10-29 22:46:38.435 +01:00 [Information] Request starting HTTP/2 GET https://localhost:7205/Room/CreateRoom?categoryId=1 - -
2023-10-29 22:46:38.467 +01:00 [Information] Executing endpoint '"Forum.Controllers.RoomController.CreateRoom (Forum)"'
2023-10-29 22:46:38.468 +01:00 [Information] Route matched with "{action = \"CreateRoom\", controller = \"Room\", page = \"\", area = \"\"}". Executing controller action with signature "Microsoft.AspNetCore.Mvc.IActionResult CreateRoom(Int32)" on controller "Forum.Controllers.RoomController" ("Forum").
2023-10-29 22:46:38.484 +01:00 [Information] Executing action method "Forum.Controllers.RoomController.CreateRoom (Forum)" - Validation state: Valid
2023-10-29 22:46:38.484 +01:00 [Information] Executed action method "Forum.Controllers.RoomController.CreateRoom (Forum)", returned result "Microsoft.AspNetCore.Mvc.ViewResult" in 0.2644ms.
2023-10-29 22:46:38.485 +01:00 [Information] Executing ViewResult, running view "CreateRoom".
2023-10-29 22:46:38.506 +01:00 [Information] Executed ViewResult - view "CreateRoom" executed in 20.9716ms.
2023-10-29 22:46:38.506 +01:00 [Information] Executed action "Forum.Controllers.RoomController.CreateRoom (Forum)" in 37.2217ms
2023-10-29 22:46:38.506 +01:00 [Information] Executed endpoint '"Forum.Controllers.RoomController.CreateRoom (Forum)"'
2023-10-29 22:46:38.508 +01:00 [Information] Request finished HTTP/2 GET https://localhost:7205/Room/CreateRoom?categoryId=1 - - - 200 - text/html;+charset=utf-8 72.8687ms
2023-10-29 22:46:38.511 +01:00 [Information] Request starting HTTP/2 GET https://localhost:7205/_vs/browserLink - -
2023-10-29 22:46:38.511 +01:00 [Information] Request starting HTTP/2 GET https://localhost:7205/_framework/aspnetcore-browser-refresh.js - -
2023-10-29 22:46:38.511 +01:00 [Information] Request finished HTTP/2 GET https://localhost:7205/_framework/aspnetcore-browser-refresh.js - - - 200 12342 application/javascript;+charset=utf-8 0.3966ms
2023-10-29 22:46:38.515 +01:00 [Information] Request finished HTTP/2 GET https://localhost:7205/_vs/browserLink - - - 200 - text/javascript;+charset=UTF-8 3.8903ms
