2023-10-24 09:55:47.278 +02:00 [Information] User profile is available. Using '"C:\Users\abdik\AppData\Local\ASP.NET\DataProtection-Keys"' as key repository and Windows DPAPI to encrypt keys at rest.
2023-10-24 09:55:47.696 +02:00 [Information] Now listening on: "https://localhost:7205"
2023-10-24 09:55:47.696 +02:00 [Information] Now listening on: "http://localhost:5112"
2023-10-24 09:55:47.699 +02:00 [Information] Application started. Press Ctrl+C to shut down.
2023-10-24 09:55:47.699 +02:00 [Information] Hosting environment: "Development"
2023-10-24 09:55:47.699 +02:00 [Information] Content root path: "C:\Users\abdik\Source\Repos\Forum\MyShop\"
2023-10-24 09:55:47.944 +02:00 [Information] Request starting HTTP/2 GET https://localhost:7205/ - -
2023-10-24 09:55:47.982 +02:00 [Information] Executing endpoint '"Forum.Controllers.HomeController.Index (Forum)"'
2023-10-24 09:55:47.989 +02:00 [Information] Route matched with "{action = \"Index\", controller = \"Home\", page = \"\", area = \"\"}". Executing controller action with signature "Microsoft.AspNetCore.Mvc.IActionResult Index()" on controller "Forum.Controllers.HomeController" ("Forum").
2023-10-24 09:55:47.993 +02:00 [Information] Executing ViewResult, running view "Index".
2023-10-24 09:55:48.090 +02:00 [Information] Executed ViewResult - view "Index" executed in 96.4847ms.
2023-10-24 09:55:48.092 +02:00 [Information] Executed action "Forum.Controllers.HomeController.Index (Forum)" in 102.7834ms
2023-10-24 09:55:48.092 +02:00 [Information] Executed endpoint '"Forum.Controllers.HomeController.Index (Forum)"'
2023-10-24 09:55:48.105 +02:00 [Information] Request finished HTTP/2 GET https://localhost:7205/ - - - 200 - text/html;+charset=utf-8 163.4147ms
2023-10-24 09:55:48.111 +02:00 [Information] Request starting HTTP/2 GET https://localhost:7205/style.css - -
2023-10-24 09:55:48.111 +02:00 [Information] Request starting HTTP/2 GET https://localhost:7205/path-to-image-2.jpg - -
2023-10-24 09:55:48.111 +02:00 [Information] Request starting HTTP/2 GET https://localhost:7205/path-to-image-1.jpg - -
2023-10-24 09:55:48.116 +02:00 [Information] Request finished HTTP/2 GET https://localhost:7205/path-to-image-2.jpg - - - 404 0 - 4.8469ms
2023-10-24 09:55:48.120 +02:00 [Information] Request starting HTTP/2 GET https://localhost:7205/path-to-image-3.jpg - -
2023-10-24 09:55:48.122 +02:00 [Information] Request finished HTTP/2 GET https://localhost:7205/path-to-image-1.jpg - - - 404 0 - 10.3944ms
2023-10-24 09:55:48.122 +02:00 [Information] Request finished HTTP/2 GET https://localhost:7205/style.css - - - 404 0 - 10.4197ms
2023-10-24 09:55:48.125 +02:00 [Information] Request starting HTTP/2 GET https://localhost:7205/_framework/aspnetcore-browser-refresh.js - -
2023-10-24 09:55:48.127 +02:00 [Information] Request finished HTTP/2 GET https://localhost:7205/_framework/aspnetcore-browser-refresh.js - - - 200 12342 application/javascript;+charset=utf-8 1.5410ms
2023-10-24 09:55:48.130 +02:00 [Information] Request finished HTTP/2 GET https://localhost:7205/path-to-image-3.jpg - - - 404 0 - 9.6130ms
2023-10-24 09:55:48.131 +02:00 [Information] Request starting HTTP/2 GET https://localhost:7205/_vs/browserLink - -
2023-10-24 09:55:48.137 +02:00 [Information] Request finished HTTP/2 GET https://localhost:7205/_vs/browserLink - - - 200 - text/javascript;+charset=UTF-8 6.8005ms
2023-10-24 09:55:48.139 +02:00 [Information] Request starting HTTP/2 GET https://localhost:7205/path-to-image-1.jpg - -
2023-10-24 09:55:48.139 +02:00 [Information] Request starting HTTP/2 GET https://localhost:7205/path-to-image-3.jpg - -
2023-10-24 09:55:48.139 +02:00 [Information] Request starting HTTP/2 GET https://localhost:7205/path-to-image-2.jpg - -
2023-10-24 09:55:48.142 +02:00 [Information] Request finished HTTP/2 GET https://localhost:7205/path-to-image-2.jpg - - - 404 0 - 3.1344ms
2023-10-24 09:55:48.142 +02:00 [Information] Request finished HTTP/2 GET https://localhost:7205/path-to-image-1.jpg - - - 404 0 - 3.1750ms
2023-10-24 09:55:48.142 +02:00 [Information] Request finished HTTP/2 GET https://localhost:7205/path-to-image-3.jpg - - - 404 0 - 3.1442ms
