2023-10-14 13:33:19.133 +02:00 [Information] User profile is available. Using '"C:\Users\abdik\AppData\Local\ASP.NET\DataProtection-Keys"' as key repository and Windows DPAPI to encrypt keys at rest.
2023-10-14 13:33:19.520 +02:00 [Information] Now listening on: "https://localhost:7205"
2023-10-14 13:33:19.520 +02:00 [Information] Now listening on: "http://localhost:5112"
2023-10-14 13:33:19.523 +02:00 [Information] Application started. Press Ctrl+C to shut down.
2023-10-14 13:33:19.523 +02:00 [Information] Hosting environment: "Development"
2023-10-14 13:33:19.523 +02:00 [Information] Content root path: "C:\Users\abdik\source\repos\Riktig\MyShop\"
2023-10-14 13:33:19.642 +02:00 [Information] Request starting HTTP/2 POST https://localhost:7205/Category/CreateCategory application/x-www-form-urlencoded 231
2023-10-14 13:33:19.682 +02:00 [Information] Executing endpoint '"Forum.Controllers.CategoryController.CreateCategory (Forum)"'
2023-10-14 13:33:19.702 +02:00 [Information] Route matched with "{action = \"CreateCategory\", controller = \"Category\", page = \"\", area = \"\"}". Executing controller action with signature "System.Threading.Tasks.Task`1[Microsoft.AspNetCore.Mvc.IActionResult] CreateCategory(Forum.Models.Category)" on controller "Forum.Controllers.CategoryController" ("Forum").
2023-10-14 13:33:19.726 +02:00 [Warning] [CategoryController] Category creation failed Category { CategoryId: 0, Name: null, Rooms: null }
2023-10-14 13:33:19.730 +02:00 [Information] Executing ViewResult, running view "CreateCategory".
2023-10-14 13:33:19.822 +02:00 [Information] Executed ViewResult - view "CreateCategory" executed in 91.8386ms.
2023-10-14 13:33:19.823 +02:00 [Information] Executed action "Forum.Controllers.CategoryController.CreateCategory (Forum)" in 121.2294ms
2023-10-14 13:33:19.824 +02:00 [Information] Executed endpoint '"Forum.Controllers.CategoryController.CreateCategory (Forum)"'
2023-10-14 13:33:19.834 +02:00 [Information] Request starting HTTP/2 GET https://localhost:7205/_framework/aspnetcore-browser-refresh.js - -
2023-10-14 13:33:19.834 +02:00 [Information] Request starting HTTP/2 GET https://localhost:7205/_vs/browserLink - -
2023-10-14 13:33:19.835 +02:00 [Information] Request finished HTTP/2 POST https://localhost:7205/Category/CreateCategory application/x-www-form-urlencoded 231 - 200 - text/html;+charset=utf-8 195.1510ms
2023-10-14 13:33:19.835 +02:00 [Information] Request finished HTTP/2 GET https://localhost:7205/_framework/aspnetcore-browser-refresh.js - - - 200 12342 application/javascript;+charset=utf-8 1.4646ms
2023-10-14 13:33:19.840 +02:00 [Information] Request finished HTTP/2 GET https://localhost:7205/_vs/browserLink - - - 200 - text/javascript;+charset=UTF-8 5.8967ms
2023-10-14 13:33:27.194 +02:00 [Information] Request starting HTTP/2 POST https://localhost:7205/Category/CreateCategory application/x-www-form-urlencoded 231
2023-10-14 13:33:27.199 +02:00 [Information] Executing endpoint '"Forum.Controllers.CategoryController.CreateCategory (Forum)"'
2023-10-14 13:33:27.199 +02:00 [Information] Route matched with "{action = \"CreateCategory\", controller = \"Category\", page = \"\", area = \"\"}". Executing controller action with signature "System.Threading.Tasks.Task`1[Microsoft.AspNetCore.Mvc.IActionResult] CreateCategory(Forum.Models.Category)" on controller "Forum.Controllers.CategoryController" ("Forum").
2023-10-14 13:33:27.200 +02:00 [Warning] [CategoryController] Category creation failed Category { CategoryId: 0, Name: null, Rooms: null }
2023-10-14 13:33:27.200 +02:00 [Information] Executing ViewResult, running view "CreateCategory".
2023-10-14 13:33:27.205 +02:00 [Information] Executed ViewResult - view "CreateCategory" executed in 4.6086ms.
2023-10-14 13:33:27.205 +02:00 [Information] Executed action "Forum.Controllers.CategoryController.CreateCategory (Forum)" in 5.7081ms
2023-10-14 13:33:27.205 +02:00 [Information] Executed endpoint '"Forum.Controllers.CategoryController.CreateCategory (Forum)"'
2023-10-14 13:33:27.206 +02:00 [Information] Request finished HTTP/2 POST https://localhost:7205/Category/CreateCategory application/x-www-form-urlencoded 231 - 200 - text/html;+charset=utf-8 11.6425ms
2023-10-14 13:33:27.214 +02:00 [Information] Request starting HTTP/2 GET https://localhost:7205/_vs/browserLink - -
2023-10-14 13:33:27.214 +02:00 [Information] Request starting HTTP/2 GET https://localhost:7205/_framework/aspnetcore-browser-refresh.js - -
2023-10-14 13:33:27.214 +02:00 [Information] Request finished HTTP/2 GET https://localhost:7205/_framework/aspnetcore-browser-refresh.js - - - 200 12342 application/javascript;+charset=utf-8 0.3361ms
2023-10-14 13:33:27.215 +02:00 [Information] Request finished HTTP/2 GET https://localhost:7205/_vs/browserLink - - - 200 - text/javascript;+charset=UTF-8 1.9713ms
2023-10-14 13:33:28.139 +02:00 [Information] Request starting HTTP/2 GET https://localhost:7205/Room/RoomTable - -
2023-10-14 13:33:28.148 +02:00 [Information] Executing endpoint '"Forum.Controllers.RoomController.RoomTable (Forum)"'
2023-10-14 13:33:28.150 +02:00 [Information] Route matched with "{action = \"RoomTable\", controller = \"Room\", page = \"\", area = \"\"}". Executing controller action with signature "System.Threading.Tasks.Task`1[Microsoft.AspNetCore.Mvc.IActionResult] RoomTable()" on controller "Forum.Controllers.RoomController" ("Forum").
2023-10-14 13:33:28.160 +02:00 [Information] Executing ViewResult, running view "RoomTable".
2023-10-14 13:33:28.168 +02:00 [Information] Executed ViewResult - view "RoomTable" executed in 8.7629ms.
2023-10-14 13:33:28.169 +02:00 [Information] Executed action "Forum.Controllers.RoomController.RoomTable (Forum)" in 18.0361ms
2023-10-14 13:33:28.169 +02:00 [Information] Executed endpoint '"Forum.Controllers.RoomController.RoomTable (Forum)"'
2023-10-14 13:33:28.169 +02:00 [Information] Request finished HTTP/2 GET https://localhost:7205/Room/RoomTable - - - 200 - text/html;+charset=utf-8 29.9499ms
2023-10-14 13:33:28.177 +02:00 [Information] Request starting HTTP/2 GET https://localhost:7205/_vs/browserLink - -
2023-10-14 13:33:28.177 +02:00 [Information] Request starting HTTP/2 GET https://localhost:7205/_framework/aspnetcore-browser-refresh.js - -
2023-10-14 13:33:28.177 +02:00 [Information] Request finished HTTP/2 GET https://localhost:7205/_framework/aspnetcore-browser-refresh.js - - - 200 12342 application/javascript;+charset=utf-8 0.1746ms
2023-10-14 13:33:28.179 +02:00 [Information] Request finished HTTP/2 GET https://localhost:7205/_vs/browserLink - - - 200 - text/javascript;+charset=UTF-8 2.2632ms
2023-10-14 13:33:28.688 +02:00 [Information] Request starting HTTP/2 GET https://localhost:7205/Category/CategoryTable - -
2023-10-14 13:33:28.690 +02:00 [Information] Executing endpoint '"Forum.Controllers.CategoryController.CategoryTable (Forum)"'
2023-10-14 13:33:28.691 +02:00 [Information] Route matched with "{action = \"CategoryTable\", controller = \"Category\", page = \"\", area = \"\"}". Executing controller action with signature "System.Threading.Tasks.Task`1[Microsoft.AspNetCore.Mvc.IActionResult] CategoryTable()" on controller "Forum.Controllers.CategoryController" ("Forum").
2023-10-14 13:33:28.697 +02:00 [Information] Executing ViewResult, running view "CategoryTable".
2023-10-14 13:33:28.704 +02:00 [Information] Executed ViewResult - view "CategoryTable" executed in 7.2366ms.
2023-10-14 13:33:28.704 +02:00 [Information] Executed action "Forum.Controllers.CategoryController.CategoryTable (Forum)" in 12.7734ms
2023-10-14 13:33:28.704 +02:00 [Information] Executed endpoint '"Forum.Controllers.CategoryController.CategoryTable (Forum)"'
2023-10-14 13:33:28.705 +02:00 [Information] Request finished HTTP/2 GET https://localhost:7205/Category/CategoryTable - - - 200 - text/html;+charset=utf-8 17.1233ms
2023-10-14 13:33:28.711 +02:00 [Information] Request starting HTTP/2 GET https://localhost:7205/_vs/browserLink - -
2023-10-14 13:33:28.711 +02:00 [Information] Request starting HTTP/2 GET https://localhost:7205/_framework/aspnetcore-browser-refresh.js - -
2023-10-14 13:33:28.711 +02:00 [Information] Request finished HTTP/2 GET https://localhost:7205/_framework/aspnetcore-browser-refresh.js - - - 200 12342 application/javascript;+charset=utf-8 0.1609ms
2023-10-14 13:33:28.713 +02:00 [Information] Request finished HTTP/2 GET https://localhost:7205/_vs/browserLink - - - 200 - text/javascript;+charset=UTF-8 1.9047ms
2023-10-14 13:33:29.992 +02:00 [Information] Request starting HTTP/2 GET https://localhost:7205/Category/CreateCategory - -
2023-10-14 13:33:29.994 +02:00 [Information] Executing endpoint '"Forum.Controllers.CategoryController.CreateCategory (Forum)"'
2023-10-14 13:33:29.995 +02:00 [Information] Route matched with "{action = \"CreateCategory\", controller = \"Category\", page = \"\", area = \"\"}". Executing controller action with signature "Microsoft.AspNetCore.Mvc.IActionResult CreateCategory()" on controller "Forum.Controllers.CategoryController" ("Forum").
2023-10-14 13:33:29.995 +02:00 [Information] Executing ViewResult, running view "CreateCategory".
2023-10-14 13:33:29.998 +02:00 [Information] Executed ViewResult - view "CreateCategory" executed in 2.3317ms.
2023-10-14 13:33:29.998 +02:00 [Information] Executed action "Forum.Controllers.CategoryController.CreateCategory (Forum)" in 2.5374ms
2023-10-14 13:33:29.998 +02:00 [Information] Executed endpoint '"Forum.Controllers.CategoryController.CreateCategory (Forum)"'
2023-10-14 13:33:29.998 +02:00 [Information] Request finished HTTP/2 GET https://localhost:7205/Category/CreateCategory - - - 200 - text/html;+charset=utf-8 6.0246ms
2023-10-14 13:33:30.004 +02:00 [Information] Request starting HTTP/2 GET https://localhost:7205/_vs/browserLink - -
2023-10-14 13:33:30.004 +02:00 [Information] Request starting HTTP/2 GET https://localhost:7205/_framework/aspnetcore-browser-refresh.js - -
2023-10-14 13:33:30.004 +02:00 [Information] Request finished HTTP/2 GET https://localhost:7205/_framework/aspnetcore-browser-refresh.js - - - 200 12342 application/javascript;+charset=utf-8 0.1622ms
2023-10-14 13:33:30.006 +02:00 [Information] Request finished HTTP/2 GET https://localhost:7205/_vs/browserLink - - - 200 - text/javascript;+charset=UTF-8 1.7797ms
2023-10-14 13:33:30.942 +02:00 [Information] Request starting HTTP/2 POST https://localhost:7205/Category/CreateCategory application/x-www-form-urlencoded 231
2023-10-14 13:33:30.944 +02:00 [Information] Executing endpoint '"Forum.Controllers.CategoryController.CreateCategory (Forum)"'
2023-10-14 13:33:30.944 +02:00 [Information] Route matched with "{action = \"CreateCategory\", controller = \"Category\", page = \"\", area = \"\"}". Executing controller action with signature "System.Threading.Tasks.Task`1[Microsoft.AspNetCore.Mvc.IActionResult] CreateCategory(Forum.Models.Category)" on controller "Forum.Controllers.CategoryController" ("Forum").
2023-10-14 13:33:30.945 +02:00 [Warning] [CategoryController] Category creation failed Category { CategoryId: 0, Name: null, Rooms: null }
2023-10-14 13:33:30.945 +02:00 [Information] Executing ViewResult, running view "CreateCategory".
2023-10-14 13:33:30.946 +02:00 [Information] Executed ViewResult - view "CreateCategory" executed in 1.7206ms.
2023-10-14 13:33:30.946 +02:00 [Information] Executed action "Forum.Controllers.CategoryController.CreateCategory (Forum)" in 2.2422ms
2023-10-14 13:33:30.946 +02:00 [Information] Executed endpoint '"Forum.Controllers.CategoryController.CreateCategory (Forum)"'
2023-10-14 13:33:30.947 +02:00 [Information] Request finished HTTP/2 POST https://localhost:7205/Category/CreateCategory application/x-www-form-urlencoded 231 - 200 - text/html;+charset=utf-8 4.5870ms
2023-10-14 13:33:30.953 +02:00 [Information] Request starting HTTP/2 GET https://localhost:7205/_vs/browserLink - -
2023-10-14 13:33:30.954 +02:00 [Information] Request starting HTTP/2 GET https://localhost:7205/_framework/aspnetcore-browser-refresh.js - -
2023-10-14 13:33:30.954 +02:00 [Information] Request finished HTTP/2 GET https://localhost:7205/_framework/aspnetcore-browser-refresh.js - - - 200 12342 application/javascript;+charset=utf-8 0.1410ms
2023-10-14 13:33:30.955 +02:00 [Information] Request finished HTTP/2 GET https://localhost:7205/_vs/browserLink - - - 200 - text/javascript;+charset=UTF-8 1.8121ms
2023-10-14 13:33:34.696 +02:00 [Information] Request starting HTTP/2 GET https://localhost:7205/Room/RoomTable - -
2023-10-14 13:33:34.698 +02:00 [Information] Executing endpoint '"Forum.Controllers.RoomController.RoomTable (Forum)"'
2023-10-14 13:33:34.698 +02:00 [Information] Route matched with "{action = \"RoomTable\", controller = \"Room\", page = \"\", area = \"\"}". Executing controller action with signature "System.Threading.Tasks.Task`1[Microsoft.AspNetCore.Mvc.IActionResult] RoomTable()" on controller "Forum.Controllers.RoomController" ("Forum").
2023-10-14 13:33:34.699 +02:00 [Information] Executing ViewResult, running view "RoomTable".
2023-10-14 13:33:34.700 +02:00 [Information] Executed ViewResult - view "RoomTable" executed in 1.6699ms.
2023-10-14 13:33:34.700 +02:00 [Information] Executed action "Forum.Controllers.RoomController.RoomTable (Forum)" in 2.1527ms
2023-10-14 13:33:34.700 +02:00 [Information] Executed endpoint '"Forum.Controllers.RoomController.RoomTable (Forum)"'
2023-10-14 13:33:34.701 +02:00 [Information] Request finished HTTP/2 GET https://localhost:7205/Room/RoomTable - - - 200 - text/html;+charset=utf-8 5.3570ms
2023-10-14 13:33:34.709 +02:00 [Information] Request starting HTTP/2 GET https://localhost:7205/_vs/browserLink - -
2023-10-14 13:33:34.709 +02:00 [Information] Request starting HTTP/2 GET https://localhost:7205/_framework/aspnetcore-browser-refresh.js - -
2023-10-14 13:33:34.710 +02:00 [Information] Request finished HTTP/2 GET https://localhost:7205/_framework/aspnetcore-browser-refresh.js - - - 200 12342 application/javascript;+charset=utf-8 0.1344ms
2023-10-14 13:33:34.711 +02:00 [Information] Request finished HTTP/2 GET https://localhost:7205/_vs/browserLink - - - 200 - text/javascript;+charset=UTF-8 1.7119ms
2023-10-14 13:33:35.710 +02:00 [Information] Request starting HTTP/2 GET https://localhost:7205/Room/RoomDetails/1 - -
2023-10-14 13:33:35.711 +02:00 [Information] Executing endpoint '"Forum.Controllers.RoomController.RoomDetails (Forum)"'
2023-10-14 13:33:35.713 +02:00 [Information] Route matched with "{action = \"RoomDetails\", controller = \"Room\", page = \"\", area = \"\"}". Executing controller action with signature "System.Threading.Tasks.Task`1[Microsoft.AspNetCore.Mvc.IActionResult] RoomDetails(Int32)" on controller "Forum.Controllers.RoomController" ("Forum").
2023-10-14 13:33:35.719 +02:00 [Information] Executing ViewResult, running view "RoomDetails".
2023-10-14 13:33:35.737 +02:00 [Information] Executed ViewResult - view "RoomDetails" executed in 18.7ms.
2023-10-14 13:33:35.737 +02:00 [Information] Executed action "Forum.Controllers.RoomController.RoomDetails (Forum)" in 23.7949ms
2023-10-14 13:33:35.737 +02:00 [Information] Executed endpoint '"Forum.Controllers.RoomController.RoomDetails (Forum)"'
2023-10-14 13:33:35.738 +02:00 [Information] Request finished HTTP/2 GET https://localhost:7205/Room/RoomDetails/1 - - - 200 - text/html;+charset=utf-8 27.8059ms
2023-10-14 13:33:35.745 +02:00 [Information] Request starting HTTP/2 GET https://localhost:7205/_vs/browserLink - -
2023-10-14 13:33:35.746 +02:00 [Information] Request starting HTTP/2 GET https://localhost:7205/_framework/aspnetcore-browser-refresh.js - -
2023-10-14 13:33:35.747 +02:00 [Information] Request finished HTTP/2 GET https://localhost:7205/_framework/aspnetcore-browser-refresh.js - - - 200 12342 application/javascript;+charset=utf-8 0.1671ms
2023-10-14 13:33:35.747 +02:00 [Information] Request finished HTTP/2 GET https://localhost:7205/_vs/browserLink - - - 200 - text/javascript;+charset=UTF-8 1.9612ms
2023-10-14 13:33:36.500 +02:00 [Information] Request starting HTTP/2 GET https://localhost:7205/Topic/CreateTopic?roomId=1 - -
2023-10-14 13:33:36.501 +02:00 [Information] Executing endpoint '"Forum.Controllers.TopicController.CreateTopic (Forum)"'
2023-10-14 13:33:36.502 +02:00 [Information] Route matched with "{action = \"CreateTopic\", controller = \"Topic\", page = \"\", area = \"\"}". Executing controller action with signature "Microsoft.AspNetCore.Mvc.IActionResult CreateTopic(Int32)" on controller "Forum.Controllers.TopicController" ("Forum").
2023-10-14 13:33:36.506 +02:00 [Information] Executing ViewResult, running view "CreateTopic".
2023-10-14 13:33:36.515 +02:00 [Information] Executed ViewResult - view "CreateTopic" executed in 9.7779ms.
2023-10-14 13:33:36.515 +02:00 [Information] Executed action "Forum.Controllers.TopicController.CreateTopic (Forum)" in 12.9178ms
2023-10-14 13:33:36.515 +02:00 [Information] Executed endpoint '"Forum.Controllers.TopicController.CreateTopic (Forum)"'
2023-10-14 13:33:36.516 +02:00 [Information] Request finished HTTP/2 GET https://localhost:7205/Topic/CreateTopic?roomId=1 - - - 200 - text/html;+charset=utf-8 15.8272ms
2023-10-14 13:33:36.524 +02:00 [Information] Request starting HTTP/2 GET https://localhost:7205/_vs/browserLink - -
2023-10-14 13:33:36.524 +02:00 [Information] Request starting HTTP/2 GET https://localhost:7205/_framework/aspnetcore-browser-refresh.js - -
2023-10-14 13:33:36.524 +02:00 [Information] Request finished HTTP/2 GET https://localhost:7205/_framework/aspnetcore-browser-refresh.js - - - 200 12342 application/javascript;+charset=utf-8 0.1656ms
2023-10-14 13:33:36.525 +02:00 [Information] Request finished HTTP/2 GET https://localhost:7205/_vs/browserLink - - - 200 - text/javascript;+charset=UTF-8 1.7266ms
2023-10-14 13:33:37.341 +02:00 [Information] Request starting HTTP/2 POST https://localhost:7205/Topic/CreateTopic application/x-www-form-urlencoded 245
2023-10-14 13:33:37.343 +02:00 [Information] Executing endpoint '"Forum.Controllers.TopicController.CreateTopic (Forum)"'
2023-10-14 13:33:37.345 +02:00 [Information] Route matched with "{action = \"CreateTopic\", controller = \"Topic\", page = \"\", area = \"\"}". Executing controller action with signature "System.Threading.Tasks.Task`1[Microsoft.AspNetCore.Mvc.IActionResult] CreateTopic(Forum.ViewModels.CreateTopicViewModel)" on controller "Forum.Controllers.TopicController" ("Forum").
2023-10-14 13:33:37.346 +02:00 [Warning] [TopicController] Topic creation failed CreateTopicViewModel { RoomId: 1, TopicName: null }
2023-10-14 13:33:37.346 +02:00 [Information] Executing ViewResult, running view "CreateTopic".
2023-10-14 13:33:37.348 +02:00 [Information] Executed ViewResult - view "CreateTopic" executed in 2.0912ms.
2023-10-14 13:33:37.348 +02:00 [Information] Executed action "Forum.Controllers.TopicController.CreateTopic (Forum)" in 3.3334ms
2023-10-14 13:33:37.348 +02:00 [Information] Executed endpoint '"Forum.Controllers.TopicController.CreateTopic (Forum)"'
2023-10-14 13:33:37.349 +02:00 [Information] Request finished HTTP/2 POST https://localhost:7205/Topic/CreateTopic application/x-www-form-urlencoded 245 - 200 - text/html;+charset=utf-8 7.9490ms
2023-10-14 13:33:37.355 +02:00 [Information] Request starting HTTP/2 GET https://localhost:7205/_vs/browserLink - -
2023-10-14 13:33:37.357 +02:00 [Information] Request starting HTTP/2 GET https://localhost:7205/_framework/aspnetcore-browser-refresh.js - -
2023-10-14 13:33:37.357 +02:00 [Information] Request finished HTTP/2 GET https://localhost:7205/_framework/aspnetcore-browser-refresh.js - - - 200 12342 application/javascript;+charset=utf-8 0.1968ms
2023-10-14 13:33:37.357 +02:00 [Information] Request finished HTTP/2 GET https://localhost:7205/_vs/browserLink - - - 200 - text/javascript;+charset=UTF-8 2.0042ms
2023-10-14 13:33:43.266 +02:00 [Information] Request starting HTTP/2 GET https://localhost:7205/Topic/CreateTopic?roomId=1 - -
2023-10-14 13:33:43.268 +02:00 [Information] Executing endpoint '"Forum.Controllers.TopicController.CreateTopic (Forum)"'
2023-10-14 13:33:43.268 +02:00 [Information] Route matched with "{action = \"CreateTopic\", controller = \"Topic\", page = \"\", area = \"\"}". Executing controller action with signature "Microsoft.AspNetCore.Mvc.IActionResult CreateTopic(Int32)" on controller "Forum.Controllers.TopicController" ("Forum").
2023-10-14 13:33:43.268 +02:00 [Information] Executing ViewResult, running view "CreateTopic".
2023-10-14 13:33:43.270 +02:00 [Information] Executed ViewResult - view "CreateTopic" executed in 1.9478ms.
2023-10-14 13:33:43.270 +02:00 [Information] Executed action "Forum.Controllers.TopicController.CreateTopic (Forum)" in 2.2249ms
2023-10-14 13:33:43.270 +02:00 [Information] Executed endpoint '"Forum.Controllers.TopicController.CreateTopic (Forum)"'
2023-10-14 13:33:43.271 +02:00 [Information] Request finished HTTP/2 GET https://localhost:7205/Topic/CreateTopic?roomId=1 - - - 200 - text/html;+charset=utf-8 4.5803ms
2023-10-14 13:33:43.282 +02:00 [Information] Request starting HTTP/2 GET https://localhost:7205/_framework/aspnetcore-browser-refresh.js - -
2023-10-14 13:33:43.282 +02:00 [Information] Request finished HTTP/2 GET https://localhost:7205/_framework/aspnetcore-browser-refresh.js - - - 200 12342 application/javascript;+charset=utf-8 0.1719ms
2023-10-14 13:33:43.941 +02:00 [Information] Request starting HTTP/2 GET https://localhost:7205/Category/CategoryTable - -
2023-10-14 13:33:43.942 +02:00 [Information] Executing endpoint '"Forum.Controllers.CategoryController.CategoryTable (Forum)"'
2023-10-14 13:33:43.942 +02:00 [Information] Route matched with "{action = \"CategoryTable\", controller = \"Category\", page = \"\", area = \"\"}". Executing controller action with signature "System.Threading.Tasks.Task`1[Microsoft.AspNetCore.Mvc.IActionResult] CategoryTable()" on controller "Forum.Controllers.CategoryController" ("Forum").
2023-10-14 13:33:43.943 +02:00 [Information] Executing ViewResult, running view "CategoryTable".
2023-10-14 13:33:43.945 +02:00 [Information] Executed ViewResult - view "CategoryTable" executed in 1.7257ms.
2023-10-14 13:33:43.945 +02:00 [Information] Executed action "Forum.Controllers.CategoryController.CategoryTable (Forum)" in 2.2082ms
2023-10-14 13:33:43.945 +02:00 [Information] Executed endpoint '"Forum.Controllers.CategoryController.CategoryTable (Forum)"'
2023-10-14 13:33:43.945 +02:00 [Information] Request finished HTTP/2 GET https://localhost:7205/Category/CategoryTable - - - 200 - text/html;+charset=utf-8 4.4276ms
2023-10-14 13:33:43.953 +02:00 [Information] Request starting HTTP/2 GET https://localhost:7205/_vs/browserLink - -
2023-10-14 13:33:43.953 +02:00 [Information] Request starting HTTP/2 GET https://localhost:7205/_framework/aspnetcore-browser-refresh.js - -
2023-10-14 13:33:43.953 +02:00 [Information] Request finished HTTP/2 GET https://localhost:7205/_framework/aspnetcore-browser-refresh.js - - - 200 12342 application/javascript;+charset=utf-8 0.1079ms
2023-10-14 13:33:43.954 +02:00 [Information] Request finished HTTP/2 GET https://localhost:7205/_vs/browserLink - - - 200 - text/javascript;+charset=UTF-8 1.5777ms
2023-10-14 13:33:44.777 +02:00 [Information] Request starting HTTP/2 GET https://localhost:7205/Category/CreateCategory - -
2023-10-14 13:33:44.778 +02:00 [Information] Executing endpoint '"Forum.Controllers.CategoryController.CreateCategory (Forum)"'
2023-10-14 13:33:44.778 +02:00 [Information] Route matched with "{action = \"CreateCategory\", controller = \"Category\", page = \"\", area = \"\"}". Executing controller action with signature "Microsoft.AspNetCore.Mvc.IActionResult CreateCategory()" on controller "Forum.Controllers.CategoryController" ("Forum").
2023-10-14 13:33:44.778 +02:00 [Information] Executing ViewResult, running view "CreateCategory".
2023-10-14 13:33:44.780 +02:00 [Information] Executed ViewResult - view "CreateCategory" executed in 1.6414ms.
2023-10-14 13:33:44.780 +02:00 [Information] Executed action "Forum.Controllers.CategoryController.CreateCategory (Forum)" in 1.733ms
2023-10-14 13:33:44.780 +02:00 [Information] Executed endpoint '"Forum.Controllers.CategoryController.CreateCategory (Forum)"'
2023-10-14 13:33:44.781 +02:00 [Information] Request finished HTTP/2 GET https://localhost:7205/Category/CreateCategory - - - 200 - text/html;+charset=utf-8 3.8564ms
2023-10-14 13:33:44.789 +02:00 [Information] Request starting HTTP/2 GET https://localhost:7205/_vs/browserLink - -
2023-10-14 13:33:44.789 +02:00 [Information] Request starting HTTP/2 GET https://localhost:7205/_framework/aspnetcore-browser-refresh.js - -
2023-10-14 13:33:44.789 +02:00 [Information] Request finished HTTP/2 GET https://localhost:7205/_framework/aspnetcore-browser-refresh.js - - - 200 12342 application/javascript;+charset=utf-8 0.1188ms
2023-10-14 13:33:44.790 +02:00 [Information] Request finished HTTP/2 GET https://localhost:7205/_vs/browserLink - - - 200 - text/javascript;+charset=UTF-8 1.5616ms
2023-10-14 13:33:45.392 +02:00 [Information] Request starting HTTP/2 POST https://localhost:7205/Category/CreateCategory application/x-www-form-urlencoded 231
2023-10-14 13:33:45.393 +02:00 [Information] Executing endpoint '"Forum.Controllers.CategoryController.CreateCategory (Forum)"'
2023-10-14 13:33:45.393 +02:00 [Information] Route matched with "{action = \"CreateCategory\", controller = \"Category\", page = \"\", area = \"\"}". Executing controller action with signature "System.Threading.Tasks.Task`1[Microsoft.AspNetCore.Mvc.IActionResult] CreateCategory(Forum.Models.Category)" on controller "Forum.Controllers.CategoryController" ("Forum").
2023-10-14 13:33:45.394 +02:00 [Warning] [CategoryController] Category creation failed Category { CategoryId: 0, Name: null, Rooms: null }
2023-10-14 13:33:45.394 +02:00 [Information] Executing ViewResult, running view "CreateCategory".
2023-10-14 13:33:45.395 +02:00 [Information] Executed ViewResult - view "CreateCategory" executed in 1.5715ms.
2023-10-14 13:33:45.395 +02:00 [Information] Executed action "Forum.Controllers.CategoryController.CreateCategory (Forum)" in 2.04ms
2023-10-14 13:33:45.395 +02:00 [Information] Executed endpoint '"Forum.Controllers.CategoryController.CreateCategory (Forum)"'
2023-10-14 13:33:45.396 +02:00 [Information] Request finished HTTP/2 POST https://localhost:7205/Category/CreateCategory application/x-www-form-urlencoded 231 - 200 - text/html;+charset=utf-8 4.0944ms
2023-10-14 13:33:45.403 +02:00 [Information] Request starting HTTP/2 GET https://localhost:7205/_vs/browserLink - -
2023-10-14 13:33:45.403 +02:00 [Information] Request starting HTTP/2 GET https://localhost:7205/_framework/aspnetcore-browser-refresh.js - -
2023-10-14 13:33:45.403 +02:00 [Information] Request finished HTTP/2 GET https://localhost:7205/_framework/aspnetcore-browser-refresh.js - - - 200 12342 application/javascript;+charset=utf-8 0.1312ms
2023-10-14 13:33:45.404 +02:00 [Information] Request finished HTTP/2 GET https://localhost:7205/_vs/browserLink - - - 200 - text/javascript;+charset=UTF-8 1.7555ms
