2023-10-23 20:11:21.694 +02:00 [Information] User profile is available. Using '"C:\Users\abdik\AppData\Local\ASP.NET\DataProtection-Keys"' as key repository and Windows DPAPI to encrypt keys at rest.
2023-10-23 20:11:22.103 +02:00 [Information] Now listening on: "https://localhost:7205"
2023-10-23 20:11:22.103 +02:00 [Information] Now listening on: "http://localhost:5112"
2023-10-23 20:11:22.106 +02:00 [Information] Application started. Press Ctrl+C to shut down.
2023-10-23 20:11:22.106 +02:00 [Information] Hosting environment: "Development"
2023-10-23 20:11:22.107 +02:00 [Information] Content root path: "C:\Users\abdik\Source\Repos\Forum\MyShop\"
2023-10-23 20:11:22.346 +02:00 [Information] Request starting HTTP/2 GET https://localhost:7205/Search/Search?search=Liverpool - -
2023-10-23 20:11:22.385 +02:00 [Information] Executing endpoint '"Forum.Controllers.SearchController.Search (Forum)"'
2023-10-23 20:11:22.398 +02:00 [Information] Route matched with "{action = \"Search\", controller = \"Search\", page = \"\", area = \"\"}". Executing controller action with signature "Microsoft.AspNetCore.Mvc.IActionResult Search(System.String)" on controller "Forum.Controllers.SearchController" ("Forum").
2023-10-23 20:11:22.449 +02:00 [Information] Executing ViewResult, running view "Search".
2023-10-23 20:11:22.553 +02:00 [Information] Executed ViewResult - view "Search" executed in 104.1738ms.
2023-10-23 20:11:22.554 +02:00 [Information] Executed action "Forum.Controllers.SearchController.Search (Forum)" in 156.2012ms
2023-10-23 20:11:22.555 +02:00 [Information] Executed endpoint '"Forum.Controllers.SearchController.Search (Forum)"'
2023-10-23 20:11:22.568 +02:00 [Information] Request finished HTTP/2 GET https://localhost:7205/Search/Search?search=Liverpool - - - 200 - text/html;+charset=utf-8 223.9513ms
2023-10-23 20:11:22.569 +02:00 [Information] Request starting HTTP/2 GET https://localhost:7205/_framework/aspnetcore-browser-refresh.js - -
2023-10-23 20:11:22.572 +02:00 [Information] Request finished HTTP/2 GET https://localhost:7205/_framework/aspnetcore-browser-refresh.js - - - 200 12342 application/javascript;+charset=utf-8 2.4795ms
2023-10-23 20:11:22.572 +02:00 [Information] Request starting HTTP/2 GET https://localhost:7205/Search/style.css - -
2023-10-23 20:11:22.574 +02:00 [Information] Request finished HTTP/2 GET https://localhost:7205/Search/style.css - - - 404 0 - 2.6805ms
2023-10-23 20:11:22.582 +02:00 [Information] Request starting HTTP/2 GET https://localhost:7205/_vs/browserLink - -
2023-10-23 20:11:22.588 +02:00 [Information] Request finished HTTP/2 GET https://localhost:7205/_vs/browserLink - - - 200 - text/javascript;+charset=UTF-8 6.3386ms
