2023-10-23 19:30:02.866 +02:00 [Information] User profile is available. Using '"C:\Users\abdik\AppData\Local\ASP.NET\DataProtection-Keys"' as key repository and Windows DPAPI to encrypt keys at rest.
2023-10-23 19:30:03.292 +02:00 [Information] Now listening on: "https://localhost:7205"
2023-10-23 19:30:03.292 +02:00 [Information] Now listening on: "http://localhost:5112"
2023-10-23 19:30:03.295 +02:00 [Information] Application started. Press Ctrl+C to shut down.
2023-10-23 19:30:03.296 +02:00 [Information] Hosting environment: "Development"
2023-10-23 19:30:03.296 +02:00 [Information] Content root path: "C:\Users\abdik\Source\Repos\Forum\MyShop\"
2023-10-23 19:30:03.547 +02:00 [Information] Request starting HTTP/2 GET https://localhost:7205/ - -
2023-10-23 19:30:03.591 +02:00 [Information] Executing endpoint '"Forum.Controllers.HomeController.Index (Forum)"'
2023-10-23 19:30:03.598 +02:00 [Information] Route matched with "{action = \"Index\", controller = \"Home\", page = \"\", area = \"\"}". Executing controller action with signature "Microsoft.AspNetCore.Mvc.IActionResult Index()" on controller "Forum.Controllers.HomeController" ("Forum").
2023-10-23 19:30:03.603 +02:00 [Information] Executing ViewResult, running view "Index".
2023-10-23 19:30:03.707 +02:00 [Information] Executed ViewResult - view "Index" executed in 104.0502ms.
2023-10-23 19:30:03.709 +02:00 [Information] Executed action "Forum.Controllers.HomeController.Index (Forum)" in 110.2302ms
2023-10-23 19:30:03.709 +02:00 [Information] Executed endpoint '"Forum.Controllers.HomeController.Index (Forum)"'
2023-10-23 19:30:03.721 +02:00 [Information] Request starting HTTP/2 GET https://localhost:7205/style.css - -
2023-10-23 19:30:03.721 +02:00 [Information] Request starting HTTP/2 GET https://localhost:7205/_framework/aspnetcore-browser-refresh.js - -
2023-10-23 19:30:03.721 +02:00 [Information] Request starting HTTP/2 GET https://localhost:7205/css/style.css?v=FlcldbE8xM1Thg3yicSDGGG24QfOh8smt24UGWi3HzE - -
2023-10-23 19:30:03.722 +02:00 [Information] Request finished HTTP/2 GET https://localhost:7205/ - - - 200 - text/html;+charset=utf-8 178.1914ms
2023-10-23 19:30:03.723 +02:00 [Information] Request finished HTTP/2 GET https://localhost:7205/_framework/aspnetcore-browser-refresh.js - - - 200 12342 application/javascript;+charset=utf-8 1.9122ms
2023-10-23 19:30:03.725 +02:00 [Information] Request finished HTTP/2 GET https://localhost:7205/style.css - - - 404 0 - 4.4249ms
2023-10-23 19:30:03.733 +02:00 [Information] The file "/css/style.css" was not modified
2023-10-23 19:30:03.733 +02:00 [Information] Request finished HTTP/2 GET https://localhost:7205/css/style.css?v=FlcldbE8xM1Thg3yicSDGGG24QfOh8smt24UGWi3HzE - - - 304 - text/css 12.2930ms
2023-10-23 19:30:03.741 +02:00 [Information] Request starting HTTP/2 GET https://localhost:7205/_vs/browserLink - -
2023-10-23 19:30:03.749 +02:00 [Information] Request finished HTTP/2 GET https://localhost:7205/_vs/browserLink - - - 200 - text/javascript;+charset=UTF-8 7.5159ms
