2023-10-24 11:30:17.186 +02:00 [Information] User profile is available. Using '"C:\Users\abdik\AppData\Local\ASP.NET\DataProtection-Keys"' as key repository and Windows DPAPI to encrypt keys at rest.
2023-10-24 11:30:17.598 +02:00 [Information] Now listening on: "https://localhost:7205"
2023-10-24 11:30:17.598 +02:00 [Information] Now listening on: "http://localhost:5112"
2023-10-24 11:30:17.601 +02:00 [Information] Application started. Press Ctrl+C to shut down.
2023-10-24 11:30:17.602 +02:00 [Information] Hosting environment: "Development"
2023-10-24 11:30:17.602 +02:00 [Information] Content root path: "C:\Users\abdik\Source\Repos\Forum\MyShop\"
2023-10-24 11:30:17.848 +02:00 [Information] Request starting HTTP/2 GET https://localhost:7205/ - -
2023-10-24 11:30:17.885 +02:00 [Information] Executing endpoint '"Forum.Controllers.HomeController.Index (Forum)"'
2023-10-24 11:30:17.892 +02:00 [Information] Route matched with "{action = \"Index\", controller = \"Home\", page = \"\", area = \"\"}". Executing controller action with signature "Microsoft.AspNetCore.Mvc.IActionResult Index()" on controller "Forum.Controllers.HomeController" ("Forum").
2023-10-24 11:30:17.896 +02:00 [Information] Executing ViewResult, running view "Index".
2023-10-24 11:30:17.993 +02:00 [Information] Executed ViewResult - view "Index" executed in 95.836ms.
2023-10-24 11:30:17.994 +02:00 [Information] Executed action "Forum.Controllers.HomeController.Index (Forum)" in 101.9653ms
2023-10-24 11:30:17.995 +02:00 [Information] Executed endpoint '"Forum.Controllers.HomeController.Index (Forum)"'
2023-10-24 11:30:18.008 +02:00 [Information] Request finished HTTP/2 GET https://localhost:7205/ - - - 200 - text/html;+charset=utf-8 162.2694ms
2023-10-24 11:30:18.009 +02:00 [Information] Request starting HTTP/2 GET https://localhost:7205/_framework/aspnetcore-browser-refresh.js - -
2023-10-24 11:30:18.009 +02:00 [Information] Request starting HTTP/2 GET https://localhost:7205/_vs/browserLink - -
2023-10-24 11:30:18.009 +02:00 [Information] Request starting HTTP/2 GET https://localhost:7205/style.css - -
2023-10-24 11:30:18.011 +02:00 [Information] Request finished HTTP/2 GET https://localhost:7205/_framework/aspnetcore-browser-refresh.js - - - 200 12342 application/javascript;+charset=utf-8 2.1253ms
2023-10-24 11:30:18.012 +02:00 [Information] Request finished HTTP/2 GET https://localhost:7205/style.css - - - 404 0 - 2.7986ms
2023-10-24 11:30:18.016 +02:00 [Information] Request finished HTTP/2 GET https://localhost:7205/_vs/browserLink - - - 200 - text/javascript;+charset=UTF-8 6.9965ms
