2023-10-23 19:45:08.286 +02:00 [Information] User profile is available. Using '"C:\Users\abdik\AppData\Local\ASP.NET\DataProtection-Keys"' as key repository and Windows DPAPI to encrypt keys at rest.
2023-10-23 19:45:08.712 +02:00 [Information] Now listening on: "https://localhost:7205"
2023-10-23 19:45:08.712 +02:00 [Information] Now listening on: "http://localhost:5112"
2023-10-23 19:45:08.715 +02:00 [Information] Application started. Press Ctrl+C to shut down.
2023-10-23 19:45:08.716 +02:00 [Information] Hosting environment: "Development"
2023-10-23 19:45:08.716 +02:00 [Information] Content root path: "C:\Users\abdik\Source\Repos\Forum\MyShop\"
2023-10-23 19:45:08.863 +02:00 [Information] Request starting HTTP/2 GET https://localhost:7205/Category/CategoryTable - -
2023-10-23 19:45:08.905 +02:00 [Information] Executing endpoint '"Forum.Controllers.CategoryController.CategoryTable (Forum)"'
2023-10-23 19:45:08.916 +02:00 [Information] Route matched with "{action = \"CategoryTable\", controller = \"Category\", page = \"\", area = \"\"}". Executing controller action with signature "System.Threading.Tasks.Task`1[Microsoft.AspNetCore.Mvc.IActionResult] CategoryTable()" on controller "Forum.Controllers.CategoryController" ("Forum").
2023-10-23 19:45:08.930 +02:00 [Information] Executing ViewResult, running view "CategoryTable".
2023-10-23 19:45:09.034 +02:00 [Information] Executed ViewResult - view "CategoryTable" executed in 103.5442ms.
2023-10-23 19:45:09.035 +02:00 [Information] Executed action "Forum.Controllers.CategoryController.CategoryTable (Forum)" in 118.9652ms
2023-10-23 19:45:09.035 +02:00 [Information] Executed endpoint '"Forum.Controllers.CategoryController.CategoryTable (Forum)"'
2023-10-23 19:45:09.047 +02:00 [Information] Request finished HTTP/2 GET https://localhost:7205/Category/CategoryTable - - - 200 - text/html;+charset=utf-8 186.7727ms
2023-10-23 19:45:09.058 +02:00 [Information] Request starting HTTP/2 GET https://localhost:7205/Category/style.css - -
2023-10-23 19:45:09.058 +02:00 [Information] Request starting HTTP/2 GET https://localhost:7205/css/style.css?v=35HH4RfJtST0sDq0rMotu1E2heftLFgWrkUbXojxluA - -
2023-10-23 19:45:09.061 +02:00 [Information] Request finished HTTP/2 GET https://localhost:7205/Category/style.css - - - 404 0 - 3.5705ms
2023-10-23 19:45:09.067 +02:00 [Information] Request starting HTTP/2 GET https://localhost:7205/_framework/aspnetcore-browser-refresh.js - -
2023-10-23 19:45:09.068 +02:00 [Information] Request finished HTTP/2 GET https://localhost:7205/_framework/aspnetcore-browser-refresh.js - - - 200 12342 application/javascript;+charset=utf-8 1.6789ms
2023-10-23 19:45:09.068 +02:00 [Information] The file "/css/style.css" was not modified
2023-10-23 19:45:09.069 +02:00 [Information] Request finished HTTP/2 GET https://localhost:7205/css/style.css?v=35HH4RfJtST0sDq0rMotu1E2heftLFgWrkUbXojxluA - - - 304 - text/css 10.6238ms
2023-10-23 19:45:09.071 +02:00 [Information] Request starting HTTP/2 GET https://localhost:7205/_vs/browserLink - -
2023-10-23 19:45:09.077 +02:00 [Information] Request finished HTTP/2 GET https://localhost:7205/_vs/browserLink - - - 200 - text/javascript;+charset=UTF-8 6.2232ms
