2023-10-24 10:26:52.939 +02:00 [Information] User profile is available. Using '"C:\Users\abdik\AppData\Local\ASP.NET\DataProtection-Keys"' as key repository and Windows DPAPI to encrypt keys at rest.
2023-10-24 10:26:53.330 +02:00 [Information] Now listening on: "https://localhost:7205"
2023-10-24 10:26:53.330 +02:00 [Information] Now listening on: "http://localhost:5112"
2023-10-24 10:26:53.333 +02:00 [Information] Application started. Press Ctrl+C to shut down.
2023-10-24 10:26:53.333 +02:00 [Information] Hosting environment: "Development"
2023-10-24 10:26:53.333 +02:00 [Information] Content root path: "C:\Users\abdik\Source\Repos\Forum\MyShop\"
2023-10-24 10:26:53.618 +02:00 [Information] Request starting HTTP/2 GET https://localhost:7205/ - -
2023-10-24 10:26:53.656 +02:00 [Information] Executing endpoint '"Forum.Controllers.HomeController.Index (Forum)"'
2023-10-24 10:26:53.663 +02:00 [Information] Route matched with "{action = \"Index\", controller = \"Home\", page = \"\", area = \"\"}". Executing controller action with signature "Microsoft.AspNetCore.Mvc.IActionResult Index()" on controller "Forum.Controllers.HomeController" ("Forum").
2023-10-24 10:26:53.667 +02:00 [Information] Executing ViewResult, running view "Index".
2023-10-24 10:26:53.763 +02:00 [Information] Executed ViewResult - view "Index" executed in 94.8991ms.
2023-10-24 10:26:53.764 +02:00 [Information] Executed action "Forum.Controllers.HomeController.Index (Forum)" in 100.8187ms
2023-10-24 10:26:53.764 +02:00 [Information] Executed endpoint '"Forum.Controllers.HomeController.Index (Forum)"'
2023-10-24 10:26:53.775 +02:00 [Information] Request finished HTTP/2 GET https://localhost:7205/ - - - 200 - text/html;+charset=utf-8 159.9765ms
2023-10-24 10:26:53.782 +02:00 [Information] Request starting HTTP/2 GET https://localhost:7205/_framework/aspnetcore-browser-refresh.js - -
2023-10-24 10:26:53.782 +02:00 [Information] Request starting HTTP/2 GET https://localhost:7205/style.css - -
2023-10-24 10:26:53.783 +02:00 [Information] Request finished HTTP/2 GET https://localhost:7205/_framework/aspnetcore-browser-refresh.js - - - 200 12342 application/javascript;+charset=utf-8 1.7157ms
2023-10-24 10:26:53.784 +02:00 [Information] Request finished HTTP/2 GET https://localhost:7205/style.css - - - 404 0 - 2.3721ms
2023-10-24 10:26:53.792 +02:00 [Information] Request starting HTTP/2 GET https://localhost:7205/_vs/browserLink - -
2023-10-24 10:26:53.799 +02:00 [Information] Request finished HTTP/2 GET https://localhost:7205/_vs/browserLink - - - 200 - text/javascript;+charset=UTF-8 6.2582ms
