2023-10-27 03:43:02.118 +02:00 [Information] User profile is available. Using '"C:\Users\Johan\AppData\Local\ASP.NET\DataProtection-Keys"' as key repository and Windows DPAPI to encrypt keys at rest.
2023-10-27 03:43:02.673 +02:00 [Information] Now listening on: "https://localhost:7205"
2023-10-27 03:43:02.674 +02:00 [Information] Now listening on: "http://localhost:5112"
2023-10-27 03:43:02.679 +02:00 [Information] Application started. Press Ctrl+C to shut down.
2023-10-27 03:43:02.680 +02:00 [Information] Hosting environment: "Development"
2023-10-27 03:43:02.681 +02:00 [Information] Content root path: "C:\Users\Johan\Source\Repos\N4h0\Forum\MyShop\"
2023-10-27 03:43:03.168 +02:00 [Information] Request starting HTTP/2 GET https://localhost:7205/ - -
2023-10-27 03:43:03.212 +02:00 [Information] Executing endpoint '"Forum.Controllers.HomeController.Index (Forum)"'
2023-10-27 03:43:03.221 +02:00 [Information] Route matched with "{action = \"Index\", controller = \"Home\", page = \"\", area = \"\"}". Executing controller action with signature "System.Threading.Tasks.Task`1[Microsoft.AspNetCore.Mvc.IActionResult] Index()" on controller "Forum.Controllers.HomeController" ("Forum").
2023-10-27 03:43:03.252 +02:00 [Information] Executing ViewResult, running view "Index".
2023-10-27 03:43:03.390 +02:00 [Information] Executed ViewResult - view "Index" executed in 138.5388ms.
2023-10-27 03:43:03.393 +02:00 [Information] Executed action "Forum.Controllers.HomeController.Index (Forum)" in 171.9144ms
2023-10-27 03:43:03.394 +02:00 [Information] Executed endpoint '"Forum.Controllers.HomeController.Index (Forum)"'
2023-10-27 03:43:03.414 +02:00 [Information] Request starting HTTP/2 GET https://localhost:7205/style.css - -
2023-10-27 03:43:03.415 +02:00 [Information] Request finished HTTP/2 GET https://localhost:7205/ - - - 200 - text/html;+charset=utf-8 248.7233ms
2023-10-27 03:43:03.419 +02:00 [Information] Request finished HTTP/2 GET https://localhost:7205/style.css - - - 404 0 - 5.1977ms
2023-10-27 03:43:03.447 +02:00 [Information] Request starting HTTP/2 GET https://localhost:7205/_framework/aspnetcore-browser-refresh.js - -
2023-10-27 03:43:03.450 +02:00 [Information] Request finished HTTP/2 GET https://localhost:7205/_framework/aspnetcore-browser-refresh.js - - - 200 12342 application/javascript;+charset=utf-8 3.0164ms
2023-10-27 03:43:03.454 +02:00 [Information] Request starting HTTP/2 GET https://localhost:7205/_vs/browserLink - -
2023-10-27 03:43:03.461 +02:00 [Information] Request finished HTTP/2 GET https://localhost:7205/_vs/browserLink - - - 200 - text/javascript;+charset=UTF-8 7.5517ms
2023-10-27 03:43:04.470 +02:00 [Information] Request starting HTTP/2 GET https://localhost:7205/Post/PostDetails/1 - -
2023-10-27 03:43:04.473 +02:00 [Information] Executing endpoint '"Forum.Controllers.PostController.PostDetails (Forum)"'
2023-10-27 03:43:04.480 +02:00 [Information] Route matched with "{action = \"PostDetails\", controller = \"Post\", page = \"\", area = \"\"}". Executing controller action with signature "System.Threading.Tasks.Task`1[Microsoft.AspNetCore.Mvc.IActionResult] PostDetails(Int32)" on controller "Forum.Controllers.PostController" ("Forum").
2023-10-27 03:43:04.494 +02:00 [Information] Executing ViewResult, running view "PostDetails".
2023-10-27 03:43:04.558 +02:00 [Information] Executed ViewResult - view "PostDetails" executed in 63.4186ms.
2023-10-27 03:43:04.558 +02:00 [Information] Executed action "Forum.Controllers.PostController.PostDetails (Forum)" in 77.88ms
2023-10-27 03:43:04.558 +02:00 [Information] Executed endpoint '"Forum.Controllers.PostController.PostDetails (Forum)"'
2023-10-27 03:43:04.559 +02:00 [Information] Request finished HTTP/2 GET https://localhost:7205/Post/PostDetails/1 - - - 200 - text/html;+charset=utf-8 88.4558ms
2023-10-27 03:43:04.567 +02:00 [Information] Request starting HTTP/2 GET https://localhost:7205/_framework/aspnetcore-browser-refresh.js - -
2023-10-27 03:43:04.567 +02:00 [Information] Request starting HTTP/2 GET https://localhost:7205/Post/PostDetails/style.css - -
2023-10-27 03:43:04.567 +02:00 [Information] Request starting HTTP/2 GET https://localhost:7205/_vs/browserLink - -
2023-10-27 03:43:04.567 +02:00 [Information] Request finished HTTP/2 GET https://localhost:7205/_framework/aspnetcore-browser-refresh.js - - - 200 12342 application/javascript;+charset=utf-8 0.4111ms
2023-10-27 03:43:04.570 +02:00 [Information] Executing endpoint '"Forum.Controllers.PostController.PostDetails (Forum)"'
2023-10-27 03:43:04.570 +02:00 [Information] Route matched with "{action = \"PostDetails\", controller = \"Post\", page = \"\", area = \"\"}". Executing controller action with signature "System.Threading.Tasks.Task`1[Microsoft.AspNetCore.Mvc.IActionResult] PostDetails(Int32)" on controller "Forum.Controllers.PostController" ("Forum").
2023-10-27 03:43:04.574 +02:00 [Information] Request finished HTTP/2 GET https://localhost:7205/_vs/browserLink - - - 200 - text/javascript;+charset=UTF-8 6.8452ms
2023-10-27 03:43:04.583 +02:00 [Error] [PostController] post not found for the TopicId 0000
2023-10-27 03:43:04.588 +02:00 [Information] Executing "NotFoundObjectResult", writing value of type '"System.String"'.
2023-10-27 03:43:04.588 +02:00 [Information] Executed action "Forum.Controllers.PostController.PostDetails (Forum)" in 18.0793ms
2023-10-27 03:43:04.588 +02:00 [Information] Executed endpoint '"Forum.Controllers.PostController.PostDetails (Forum)"'
2023-10-27 03:43:04.588 +02:00 [Information] Request finished HTTP/2 GET https://localhost:7205/Post/PostDetails/style.css - - - 404 - text/plain;+charset=utf-8 21.9001ms
