2023-10-24 10:02:41.984 +02:00 [Information] User profile is available. Using '"C:\Users\abdik\AppData\Local\ASP.NET\DataProtection-Keys"' as key repository and Windows DPAPI to encrypt keys at rest.
2023-10-24 10:02:42.361 +02:00 [Information] Now listening on: "https://localhost:7205"
2023-10-24 10:02:42.361 +02:00 [Information] Now listening on: "http://localhost:5112"
2023-10-24 10:02:42.364 +02:00 [Information] Application started. Press Ctrl+C to shut down.
2023-10-24 10:02:42.364 +02:00 [Information] Hosting environment: "Development"
2023-10-24 10:02:42.364 +02:00 [Information] Content root path: "C:\Users\abdik\Source\Repos\Forum\MyShop\"
2023-10-24 10:02:42.730 +02:00 [Information] Request starting HTTP/2 GET https://localhost:7205/ - -
2023-10-24 10:02:42.770 +02:00 [Information] Executing endpoint '"Forum.Controllers.HomeController.Index (Forum)"'
2023-10-24 10:02:42.778 +02:00 [Information] Route matched with "{action = \"Index\", controller = \"Home\", page = \"\", area = \"\"}". Executing controller action with signature "Microsoft.AspNetCore.Mvc.IActionResult Index()" on controller "Forum.Controllers.HomeController" ("Forum").
2023-10-24 10:02:42.782 +02:00 [Information] Executing ViewResult, running view "Index".
2023-10-24 10:02:42.877 +02:00 [Information] Executed ViewResult - view "Index" executed in 94.0093ms.
2023-10-24 10:02:42.878 +02:00 [Information] Executed action "Forum.Controllers.HomeController.Index (Forum)" in 100.4471ms
2023-10-24 10:02:42.879 +02:00 [Information] Executed endpoint '"Forum.Controllers.HomeController.Index (Forum)"'
2023-10-24 10:02:42.890 +02:00 [Information] Request finished HTTP/2 GET https://localhost:7205/ - - - 200 - text/html;+charset=utf-8 163.1071ms
2023-10-24 10:02:42.894 +02:00 [Information] Request starting HTTP/2 GET https://localhost:7205/lib/bootstrap/js/bootstrap.js - -
2023-10-24 10:02:42.894 +02:00 [Information] Request starting HTTP/2 GET https://localhost:7205/css/style.css?v=35HH4RfJtST0sDq0rMotu1E2heftLFgWrkUbXojxluA - -
2023-10-24 10:02:42.894 +02:00 [Information] Request starting HTTP/2 GET https://localhost:7205/_framework/aspnetcore-browser-refresh.js - -
2023-10-24 10:02:42.894 +02:00 [Information] Request starting HTTP/2 GET https://localhost:7205/style.css - -
2023-10-24 10:02:42.894 +02:00 [Information] Request starting HTTP/2 GET https://localhost:7205/lib/jquery/jquery.js - -
2023-10-24 10:02:42.894 +02:00 [Information] Request starting HTTP/2 GET https://localhost:7205/lib/bootstrap/css/crtstyle.css - -
2023-10-24 10:02:42.894 +02:00 [Information] Request starting HTTP/2 GET https://localhost:7205/... - -
2023-10-24 10:02:42.896 +02:00 [Information] Request finished HTTP/2 GET https://localhost:7205/_framework/aspnetcore-browser-refresh.js - - - 200 12342 application/javascript;+charset=utf-8 2.1629ms
2023-10-24 10:02:42.898 +02:00 [Information] Request finished HTTP/2 GET https://localhost:7205/... - - - 404 0 - 4.0291ms
2023-10-24 10:02:42.905 +02:00 [Information] Request finished HTTP/2 GET https://localhost:7205/style.css - - - 404 0 - 10.4249ms
2023-10-24 10:02:42.905 +02:00 [Information] The file "/lib/jquery/jquery.js" was not modified
2023-10-24 10:02:42.905 +02:00 [Information] The file "/lib/bootstrap/js/bootstrap.js" was not modified
2023-10-24 10:02:42.905 +02:00 [Information] The file "/css/style.css" was not modified
2023-10-24 10:02:42.905 +02:00 [Information] The file "/lib/bootstrap/css/crtstyle.css" was not modified
2023-10-24 10:02:42.905 +02:00 [Information] Request finished HTTP/2 GET https://localhost:7205/lib/jquery/jquery.js - - - 304 - application/javascript 11.0512ms
2023-10-24 10:02:42.905 +02:00 [Information] Request finished HTTP/2 GET https://localhost:7205/css/style.css?v=35HH4RfJtST0sDq0rMotu1E2heftLFgWrkUbXojxluA - - - 304 - text/css 11.1071ms
2023-10-24 10:02:42.905 +02:00 [Information] Request finished HTTP/2 GET https://localhost:7205/lib/bootstrap/css/crtstyle.css - - - 304 - text/css 11.1245ms
2023-10-24 10:02:42.905 +02:00 [Information] Request finished HTTP/2 GET https://localhost:7205/lib/bootstrap/js/bootstrap.js - - - 304 - application/javascript 11.1360ms
2023-10-24 10:02:42.911 +02:00 [Information] Request starting HTTP/2 GET https://localhost:7205/_vs/browserLink - -
2023-10-24 10:02:42.917 +02:00 [Information] Request finished HTTP/2 GET https://localhost:7205/_vs/browserLink - - - 200 - text/javascript;+charset=UTF-8 6.0447ms
2023-10-24 10:02:42.920 +02:00 [Information] Request starting HTTP/2 GET https://localhost:7205/... - -
2023-10-24 10:02:42.931 +02:00 [Information] Request finished HTTP/2 GET https://localhost:7205/... - - - 404 0 - 10.4303ms
