2023-10-24 12:34:22.173 +02:00 [Information] User profile is available. Using '"C:\Users\abdik\AppData\Local\ASP.NET\DataProtection-Keys"' as key repository and Windows DPAPI to encrypt keys at rest.
2023-10-24 12:34:22.568 +02:00 [Information] Now listening on: "https://localhost:7205"
2023-10-24 12:34:22.568 +02:00 [Information] Now listening on: "http://localhost:5112"
2023-10-24 12:34:22.570 +02:00 [Information] Application started. Press Ctrl+C to shut down.
2023-10-24 12:34:22.571 +02:00 [Information] Hosting environment: "Development"
2023-10-24 12:34:22.571 +02:00 [Information] Content root path: "C:\Users\abdik\Source\Repos\Forum\MyShop\"
2023-10-24 12:34:23.110 +02:00 [Information] Request starting HTTP/2 GET https://localhost:7205/ - -
2023-10-24 12:34:23.147 +02:00 [Information] Executing endpoint '"Forum.Controllers.HomeController.Index (Forum)"'
2023-10-24 12:34:23.154 +02:00 [Information] Route matched with "{action = \"Index\", controller = \"Home\", page = \"\", area = \"\"}". Executing controller action with signature "Microsoft.AspNetCore.Mvc.IActionResult Index()" on controller "Forum.Controllers.HomeController" ("Forum").
2023-10-24 12:34:23.159 +02:00 [Information] Executing ViewResult, running view "Index".
2023-10-24 12:34:23.265 +02:00 [Information] Executed ViewResult - view "Index" executed in 104.4153ms.
2023-10-24 12:34:23.266 +02:00 [Information] Executed action "Forum.Controllers.HomeController.Index (Forum)" in 111.6221ms
2023-10-24 12:34:23.267 +02:00 [Information] Executed endpoint '"Forum.Controllers.HomeController.Index (Forum)"'
2023-10-24 12:34:23.284 +02:00 [Information] Request finished HTTP/2 GET https://localhost:7205/ - - - 200 - text/html;+charset=utf-8 176.0863ms
2023-10-24 12:34:23.315 +02:00 [Information] Request starting HTTP/2 GET https://localhost:7205/_framework/aspnetcore-browser-refresh.js - -
2023-10-24 12:34:23.315 +02:00 [Information] Request starting HTTP/2 GET https://localhost:7205/css/style.css?v=9lVya84QUdHK81gQHnXo7ABNC7eZT7nB3-k5vXsZcDo - -
2023-10-24 12:34:23.315 +02:00 [Information] Request starting HTTP/2 GET https://localhost:7205/style.css - -
2023-10-24 12:34:23.317 +02:00 [Information] Request finished HTTP/2 GET https://localhost:7205/_framework/aspnetcore-browser-refresh.js - - - 200 12342 application/javascript;+charset=utf-8 2.0957ms
2023-10-24 12:34:23.318 +02:00 [Information] Request finished HTTP/2 GET https://localhost:7205/style.css - - - 404 0 - 2.5407ms
2023-10-24 12:34:23.326 +02:00 [Information] The file "/css/style.css" was not modified
2023-10-24 12:34:23.326 +02:00 [Information] Request finished HTTP/2 GET https://localhost:7205/css/style.css?v=9lVya84QUdHK81gQHnXo7ABNC7eZT7nB3-k5vXsZcDo - - - 304 - text/css 11.3989ms
2023-10-24 12:34:23.337 +02:00 [Information] Request starting HTTP/2 GET https://localhost:7205/_vs/browserLink - -
2023-10-24 12:34:23.344 +02:00 [Information] Request finished HTTP/2 GET https://localhost:7205/_vs/browserLink - - - 200 - text/javascript;+charset=UTF-8 7.1219ms
