2023-10-29 15:49:35.612 +01:00 [Information] User profile is available. Using '"C:\Users\abdik\AppData\Local\ASP.NET\DataProtection-Keys"' as key repository and Windows DPAPI to encrypt keys at rest.
2023-10-29 15:49:36.025 +01:00 [Information] Now listening on: "https://localhost:7205"
2023-10-29 15:49:36.025 +01:00 [Information] Now listening on: "http://localhost:5112"
2023-10-29 15:49:36.028 +01:00 [Information] Application started. Press Ctrl+C to shut down.
2023-10-29 15:49:36.029 +01:00 [Information] Hosting environment: "Development"
2023-10-29 15:49:36.029 +01:00 [Information] Content root path: "C:\Users\abdik\Source\Repos\Forum\MyShop\"
2023-10-29 15:49:36.253 +01:00 [Information] Request starting HTTP/2 GET https://localhost:7205/ - -
2023-10-29 15:49:36.301 +01:00 [Information] Executing endpoint '"Forum.Controllers.HomeController.Index (Forum)"'
2023-10-29 15:49:36.311 +01:00 [Information] Route matched with "{action = \"Index\", controller = \"Home\", page = \"\", area = \"\"}". Executing controller action with signature "System.Threading.Tasks.Task`1[Microsoft.AspNetCore.Mvc.IActionResult] Index()" on controller "Forum.Controllers.HomeController" ("Forum").
2023-10-29 15:49:36.333 +01:00 [Information] Executing ViewResult, running view "Index".
2023-10-29 15:49:36.460 +01:00 [Information] Executed ViewResult - view "Index" executed in 126.4549ms.
2023-10-29 15:49:36.461 +01:00 [Information] Executed action "Forum.Controllers.HomeController.Index (Forum)" in 149.8081ms
2023-10-29 15:49:36.462 +01:00 [Information] Executed endpoint '"Forum.Controllers.HomeController.Index (Forum)"'
2023-10-29 15:49:36.479 +01:00 [Information] Request finished HTTP/2 GET https://localhost:7205/ - - - 200 - text/html;+charset=utf-8 229.3956ms
2023-10-29 15:49:36.502 +01:00 [Information] Request starting HTTP/2 GET https://localhost:7205/_framework/aspnetcore-browser-refresh.js - -
2023-10-29 15:49:36.505 +01:00 [Information] Request finished HTTP/2 GET https://localhost:7205/_framework/aspnetcore-browser-refresh.js - - - 200 12342 application/javascript;+charset=utf-8 2.7495ms
2023-10-29 15:49:36.508 +01:00 [Information] Request starting HTTP/2 GET https://localhost:7205/_vs/browserLink - -
2023-10-29 15:49:36.515 +01:00 [Information] Request finished HTTP/2 GET https://localhost:7205/_vs/browserLink - - - 200 - text/javascript;+charset=UTF-8 7.1853ms
2023-10-29 15:49:39.148 +01:00 [Information] Request starting HTTP/2 GET https://localhost:7205/Post/PostDetails/8 - -
2023-10-29 15:49:39.151 +01:00 [Information] Executing endpoint '"Forum.Controllers.PostController.PostDetails (Forum)"'
2023-10-29 15:49:39.160 +01:00 [Information] Route matched with "{action = \"PostDetails\", controller = \"Post\", page = \"\", area = \"\"}". Executing controller action with signature "System.Threading.Tasks.Task`1[Microsoft.AspNetCore.Mvc.IActionResult] PostDetails(Int32)" on controller "Forum.Controllers.PostController" ("Forum").
2023-10-29 15:49:39.168 +01:00 [Information] Executing ViewResult, running view "PostDetails".
2023-10-29 15:49:39.207 +01:00 [Information] Executed ViewResult - view "PostDetails" executed in 38.8904ms.
2023-10-29 15:49:39.207 +01:00 [Information] Executed action "Forum.Controllers.PostController.PostDetails (Forum)" in 47.3949ms
2023-10-29 15:49:39.207 +01:00 [Information] Executed endpoint '"Forum.Controllers.PostController.PostDetails (Forum)"'
2023-10-29 15:49:39.208 +01:00 [Information] Request finished HTTP/2 GET https://localhost:7205/Post/PostDetails/8 - - - 200 - text/html;+charset=utf-8 60.4938ms
2023-10-29 15:49:39.218 +01:00 [Information] Request starting HTTP/2 GET https://localhost:7205/_framework/aspnetcore-browser-refresh.js - -
2023-10-29 15:49:39.219 +01:00 [Information] Request starting HTTP/2 GET https://localhost:7205/_vs/browserLink - -
2023-10-29 15:49:39.219 +01:00 [Information] Request finished HTTP/2 GET https://localhost:7205/_framework/aspnetcore-browser-refresh.js - - - 200 12342 application/javascript;+charset=utf-8 0.4161ms
2023-10-29 15:49:39.221 +01:00 [Information] Request finished HTTP/2 GET https://localhost:7205/_vs/browserLink - - - 200 - text/javascript;+charset=UTF-8 2.4070ms
2023-10-29 15:49:42.381 +01:00 [Information] Request starting HTTP/2 GET https://localhost:7205/ - -
2023-10-29 15:49:42.389 +01:00 [Information] Executing endpoint '"Forum.Controllers.HomeController.Index (Forum)"'
2023-10-29 15:49:42.389 +01:00 [Information] Route matched with "{action = \"Index\", controller = \"Home\", page = \"\", area = \"\"}". Executing controller action with signature "System.Threading.Tasks.Task`1[Microsoft.AspNetCore.Mvc.IActionResult] Index()" on controller "Forum.Controllers.HomeController" ("Forum").
2023-10-29 15:49:42.390 +01:00 [Information] Executing ViewResult, running view "Index".
2023-10-29 15:49:42.393 +01:00 [Information] Executed ViewResult - view "Index" executed in 2.8107ms.
2023-10-29 15:49:42.393 +01:00 [Information] Executed action "Forum.Controllers.HomeController.Index (Forum)" in 3.8701ms
2023-10-29 15:49:42.393 +01:00 [Information] Executed endpoint '"Forum.Controllers.HomeController.Index (Forum)"'
2023-10-29 15:49:42.394 +01:00 [Information] Request finished HTTP/2 GET https://localhost:7205/ - - - 200 - text/html;+charset=utf-8 13.9309ms
2023-10-29 15:49:42.416 +01:00 [Information] Request starting HTTP/2 GET https://localhost:7205/_framework/aspnetcore-browser-refresh.js - -
2023-10-29 15:49:42.416 +01:00 [Information] Request finished HTTP/2 GET https://localhost:7205/_framework/aspnetcore-browser-refresh.js - - - 200 12342 application/javascript;+charset=utf-8 0.2029ms
2023-10-29 15:50:45.729 +01:00 [Information] Request starting HTTP/2 GET https://localhost:7205/Post/PostDetails/8 - -
2023-10-29 15:50:45.733 +01:00 [Information] Executing endpoint '"Forum.Controllers.PostController.PostDetails (Forum)"'
2023-10-29 15:50:45.733 +01:00 [Information] Route matched with "{action = \"PostDetails\", controller = \"Post\", page = \"\", area = \"\"}". Executing controller action with signature "System.Threading.Tasks.Task`1[Microsoft.AspNetCore.Mvc.IActionResult] PostDetails(Int32)" on controller "Forum.Controllers.PostController" ("Forum").
2023-10-29 15:50:45.734 +01:00 [Information] Executing ViewResult, running view "PostDetails".
2023-10-29 15:50:45.739 +01:00 [Information] Executed ViewResult - view "PostDetails" executed in 4.6228ms.
2023-10-29 15:50:45.739 +01:00 [Information] Executed action "Forum.Controllers.PostController.PostDetails (Forum)" in 6.0304ms
2023-10-29 15:50:45.739 +01:00 [Information] Executed endpoint '"Forum.Controllers.PostController.PostDetails (Forum)"'
2023-10-29 15:50:45.740 +01:00 [Information] Request finished HTTP/2 GET https://localhost:7205/Post/PostDetails/8 - - - 200 - text/html;+charset=utf-8 10.5522ms
2023-10-29 15:50:45.750 +01:00 [Information] Request starting HTTP/2 GET https://localhost:7205/_framework/aspnetcore-browser-refresh.js - -
2023-10-29 15:50:45.750 +01:00 [Information] Request starting HTTP/2 GET https://localhost:7205/_vs/browserLink - -
2023-10-29 15:50:45.751 +01:00 [Information] Request finished HTTP/2 GET https://localhost:7205/_framework/aspnetcore-browser-refresh.js - - - 200 12342 application/javascript;+charset=utf-8 0.1992ms
2023-10-29 15:50:45.752 +01:00 [Information] Request finished HTTP/2 GET https://localhost:7205/_vs/browserLink - - - 200 - text/javascript;+charset=UTF-8 1.9960ms
