2023-10-18 19:34:59.318 +02:00 [Information] User profile is available. Using '"C:\Users\abdik\AppData\Local\ASP.NET\DataProtection-Keys"' as key repository and Windows DPAPI to encrypt keys at rest.
2023-10-18 19:34:59.707 +02:00 [Information] Now listening on: "https://localhost:7205"
2023-10-18 19:34:59.707 +02:00 [Information] Now listening on: "http://localhost:5112"
2023-10-18 19:34:59.710 +02:00 [Information] Application started. Press Ctrl+C to shut down.
2023-10-18 19:34:59.711 +02:00 [Information] Hosting environment: "Development"
2023-10-18 19:34:59.711 +02:00 [Information] Content root path: "C:\Users\abdik\source\repos\Forum\MyShop\"
2023-10-18 19:35:00.320 +02:00 [Information] Request starting HTTP/2 GET https://localhost:7205/Post/PostDetails/1 - -
2023-10-18 19:35:00.361 +02:00 [Information] Executing endpoint '"Forum.Controllers.PostController.PostDetails (Forum)"'
2023-10-18 19:35:00.378 +02:00 [Information] Route matched with "{action = \"PostDetails\", controller = \"Post\", page = \"\", area = \"\"}". Executing controller action with signature "System.Threading.Tasks.Task`1[Microsoft.AspNetCore.Mvc.IActionResult] PostDetails(Int32)" on controller "Forum.Controllers.PostController" ("Forum").
2023-10-18 19:35:00.399 +02:00 [Information] Executing ViewResult, running view "PostDetails".
2023-10-18 19:35:00.506 +02:00 [Information] Executed ViewResult - view "PostDetails" executed in 106.4935ms.
2023-10-18 19:35:00.508 +02:00 [Information] Executed action "Forum.Controllers.PostController.PostDetails (Forum)" in 129.6946ms
2023-10-18 19:35:00.509 +02:00 [Information] Executed endpoint '"Forum.Controllers.PostController.PostDetails (Forum)"'
2023-10-18 19:35:00.520 +02:00 [Information] Request finished HTTP/2 GET https://localhost:7205/Post/PostDetails/1 - - - 200 - text/html;+charset=utf-8 202.4106ms
2023-10-18 19:35:00.536 +02:00 [Information] Request starting HTTP/2 GET https://localhost:7205/_vs/browserLink - -
2023-10-18 19:35:00.536 +02:00 [Information] Request starting HTTP/2 GET https://localhost:7205/_framework/aspnetcore-browser-refresh.js - -
2023-10-18 19:35:00.538 +02:00 [Information] Request finished HTTP/2 GET https://localhost:7205/_framework/aspnetcore-browser-refresh.js - - - 200 12342 application/javascript;+charset=utf-8 1.7973ms
2023-10-18 19:35:00.543 +02:00 [Information] Request finished HTTP/2 GET https://localhost:7205/_vs/browserLink - - - 200 - text/javascript;+charset=UTF-8 6.2757ms
2023-10-18 19:35:03.464 +02:00 [Information] Request starting HTTP/2 GET https://localhost:7205/Topic/TopicTable - -
2023-10-18 19:35:03.467 +02:00 [Information] Executing endpoint '"Forum.Controllers.TopicController.TopicTable (Forum)"'
2023-10-18 19:35:03.469 +02:00 [Information] Route matched with "{action = \"TopicTable\", controller = \"Topic\", page = \"\", area = \"\"}". Executing controller action with signature "System.Threading.Tasks.Task`1[Microsoft.AspNetCore.Mvc.IActionResult] TopicTable()" on controller "Forum.Controllers.TopicController" ("Forum").
2023-10-18 19:35:03.478 +02:00 [Information] Executing ViewResult, running view "TopicTable".
2023-10-18 19:35:03.487 +02:00 [Information] Executed ViewResult - view "TopicTable" executed in 9.2392ms.
2023-10-18 19:35:03.487 +02:00 [Information] Executed action "Forum.Controllers.TopicController.TopicTable (Forum)" in 17.7294ms
2023-10-18 19:35:03.487 +02:00 [Information] Executed endpoint '"Forum.Controllers.TopicController.TopicTable (Forum)"'
2023-10-18 19:35:03.488 +02:00 [Information] Request finished HTTP/2 GET https://localhost:7205/Topic/TopicTable - - - 200 - text/html;+charset=utf-8 24.4546ms
2023-10-18 19:35:03.503 +02:00 [Information] Request starting HTTP/2 GET https://localhost:7205/_vs/browserLink - -
2023-10-18 19:35:03.503 +02:00 [Information] Request starting HTTP/2 GET https://localhost:7205/_framework/aspnetcore-browser-refresh.js - -
2023-10-18 19:35:03.503 +02:00 [Information] Request finished HTTP/2 GET https://localhost:7205/_framework/aspnetcore-browser-refresh.js - - - 200 12342 application/javascript;+charset=utf-8 0.3220ms
2023-10-18 19:35:03.504 +02:00 [Information] Request finished HTTP/2 GET https://localhost:7205/_vs/browserLink - - - 200 - text/javascript;+charset=UTF-8 1.7396ms
2023-10-18 19:35:07.259 +02:00 [Information] Request starting HTTP/2 GET https://localhost:7205/Search/Search?search=go - -
2023-10-18 19:35:07.267 +02:00 [Information] Executing endpoint '"Forum.Controllers.SearchController.Search (Forum)"'
2023-10-18 19:35:07.268 +02:00 [Information] Route matched with "{action = \"Search\", controller = \"Search\", page = \"\", area = \"\"}". Executing controller action with signature "Microsoft.AspNetCore.Mvc.IActionResult Search(System.String)" on controller "Forum.Controllers.SearchController" ("Forum").
2023-10-18 19:35:07.288 +02:00 [Information] Executing ViewResult, running view "Search".
2023-10-18 19:35:07.292 +02:00 [Information] Executed ViewResult - view "Search" executed in 4.9725ms.
2023-10-18 19:35:07.292 +02:00 [Information] Executed action "Forum.Controllers.SearchController.Search (Forum)" in 24.9011ms
2023-10-18 19:35:07.292 +02:00 [Information] Executed endpoint '"Forum.Controllers.SearchController.Search (Forum)"'
2023-10-18 19:35:07.293 +02:00 [Information] Request finished HTTP/2 GET https://localhost:7205/Search/Search?search=go - - - 200 - text/html;+charset=utf-8 34.7298ms
2023-10-18 19:35:07.308 +02:00 [Information] Request starting HTTP/2 GET https://localhost:7205/_vs/browserLink - -
2023-10-18 19:35:07.309 +02:00 [Information] Request starting HTTP/2 GET https://localhost:7205/_framework/aspnetcore-browser-refresh.js - -
2023-10-18 19:35:07.310 +02:00 [Information] Request finished HTTP/2 GET https://localhost:7205/_framework/aspnetcore-browser-refresh.js - - - 200 12342 application/javascript;+charset=utf-8 0.1773ms
2023-10-18 19:35:07.310 +02:00 [Information] Request finished HTTP/2 GET https://localhost:7205/_vs/browserLink - - - 200 - text/javascript;+charset=UTF-8 2.0302ms
2023-10-18 19:35:13.663 +02:00 [Information] Request starting HTTP/2 GET https://localhost:7205/Topic/TopicTable - -
2023-10-18 19:35:13.666 +02:00 [Information] Executing endpoint '"Forum.Controllers.TopicController.TopicTable (Forum)"'
2023-10-18 19:35:13.666 +02:00 [Information] Route matched with "{action = \"TopicTable\", controller = \"Topic\", page = \"\", area = \"\"}". Executing controller action with signature "System.Threading.Tasks.Task`1[Microsoft.AspNetCore.Mvc.IActionResult] TopicTable()" on controller "Forum.Controllers.TopicController" ("Forum").
2023-10-18 19:35:13.667 +02:00 [Information] Executing ViewResult, running view "TopicTable".
2023-10-18 19:35:13.669 +02:00 [Information] Executed ViewResult - view "TopicTable" executed in 2.2132ms.
2023-10-18 19:35:13.669 +02:00 [Information] Executed action "Forum.Controllers.TopicController.TopicTable (Forum)" in 2.7413ms
2023-10-18 19:35:13.669 +02:00 [Information] Executed endpoint '"Forum.Controllers.TopicController.TopicTable (Forum)"'
2023-10-18 19:35:13.670 +02:00 [Information] Request finished HTTP/2 GET https://localhost:7205/Topic/TopicTable - - - 200 - text/html;+charset=utf-8 6.2844ms
2023-10-18 19:35:13.685 +02:00 [Information] Request starting HTTP/2 GET https://localhost:7205/_framework/aspnetcore-browser-refresh.js - -
2023-10-18 19:35:13.685 +02:00 [Information] Request finished HTTP/2 GET https://localhost:7205/_framework/aspnetcore-browser-refresh.js - - - 200 12342 application/javascript;+charset=utf-8 0.1823ms
2023-10-18 19:35:45.811 +02:00 [Information] Request starting HTTP/2 GET https://localhost:7205/ - -
2023-10-18 19:35:45.812 +02:00 [Information] Executing endpoint '"Forum.Controllers.HomeController.Index (Forum)"'
2023-10-18 19:35:45.813 +02:00 [Information] Route matched with "{action = \"Index\", controller = \"Home\", page = \"\", area = \"\"}". Executing controller action with signature "Microsoft.AspNetCore.Mvc.IActionResult Index()" on controller "Forum.Controllers.HomeController" ("Forum").
2023-10-18 19:35:45.813 +02:00 [Information] Executing ViewResult, running view "Index".
2023-10-18 19:35:45.817 +02:00 [Information] Executed ViewResult - view "Index" executed in 4.323ms.
2023-10-18 19:35:45.817 +02:00 [Information] Executed action "Forum.Controllers.HomeController.Index (Forum)" in 4.5507ms
2023-10-18 19:35:45.817 +02:00 [Information] Executed endpoint '"Forum.Controllers.HomeController.Index (Forum)"'
2023-10-18 19:35:45.818 +02:00 [Information] Request finished HTTP/2 GET https://localhost:7205/ - - - 200 - text/html;+charset=utf-8 7.4008ms
2023-10-18 19:35:45.836 +02:00 [Information] Request starting HTTP/2 GET https://localhost:7205/_framework/aspnetcore-browser-refresh.js - -
2023-10-18 19:35:45.836 +02:00 [Information] Request finished HTTP/2 GET https://localhost:7205/_framework/aspnetcore-browser-refresh.js - - - 200 12342 application/javascript;+charset=utf-8 0.1884ms
2023-10-18 19:35:45.841 +02:00 [Information] Request starting HTTP/2 GET https://localhost:7205/_vs/browserLink - -
2023-10-18 19:35:45.843 +02:00 [Information] Request finished HTTP/2 GET https://localhost:7205/_vs/browserLink - - - 200 - text/javascript;+charset=UTF-8 1.6767ms
2023-10-18 19:35:53.010 +02:00 [Information] Request starting HTTP/2 GET https://localhost:7205/Search/Search?search=Data - -
2023-10-18 19:35:53.018 +02:00 [Information] AuthenticationScheme: "Identity.Application" signed out.
2023-10-18 19:35:53.019 +02:00 [Information] AuthenticationScheme: "Identity.External" signed out.
2023-10-18 19:35:53.019 +02:00 [Information] AuthenticationScheme: "Identity.TwoFactorUserId" signed out.
2023-10-18 19:35:53.022 +02:00 [Information] "Identity.Application" was not authenticated. Failure message: "No principal."
2023-10-18 19:35:53.022 +02:00 [Information] "Identity.Application" was not authenticated. Failure message: "No principal."
2023-10-18 19:35:53.022 +02:00 [Information] Executing endpoint '"Forum.Controllers.SearchController.Search (Forum)"'
2023-10-18 19:35:53.022 +02:00 [Information] Route matched with "{action = \"Search\", controller = \"Search\", page = \"\", area = \"\"}". Executing controller action with signature "Microsoft.AspNetCore.Mvc.IActionResult Search(System.String)" on controller "Forum.Controllers.SearchController" ("Forum").
2023-10-18 19:35:53.024 +02:00 [Information] Executing ViewResult, running view "Search".
2023-10-18 19:35:53.029 +02:00 [Information] Executed ViewResult - view "Search" executed in 4.2877ms.
2023-10-18 19:35:53.029 +02:00 [Information] Executed action "Forum.Controllers.SearchController.Search (Forum)" in 6.7064ms
2023-10-18 19:35:53.029 +02:00 [Information] Executed endpoint '"Forum.Controllers.SearchController.Search (Forum)"'
2023-10-18 19:35:53.030 +02:00 [Information] Request finished HTTP/2 GET https://localhost:7205/Search/Search?search=Data - - - 200 - text/html;+charset=utf-8 19.9719ms
2023-10-18 19:35:53.055 +02:00 [Information] Request starting HTTP/2 GET https://localhost:7205/_vs/browserLink - -
2023-10-18 19:35:53.056 +02:00 [Information] Request starting HTTP/2 GET https://localhost:7205/_framework/aspnetcore-browser-refresh.js - -
2023-10-18 19:35:53.056 +02:00 [Information] Request finished HTTP/2 GET https://localhost:7205/_framework/aspnetcore-browser-refresh.js - - - 200 12342 application/javascript;+charset=utf-8 0.1458ms
2023-10-18 19:35:53.057 +02:00 [Information] Request finished HTTP/2 GET https://localhost:7205/_vs/browserLink - - - 200 - text/javascript;+charset=UTF-8 1.8761ms
2023-10-18 19:35:54.299 +02:00 [Information] Request starting HTTP/2 GET https://localhost:7205/Category/CategoryDetails/2 - -
2023-10-18 19:35:54.300 +02:00 [Information] Executing endpoint '"Forum.Controllers.CategoryController.CategoryDetails (Forum)"'
2023-10-18 19:35:54.301 +02:00 [Information] Route matched with "{action = \"CategoryDetails\", controller = \"Category\", page = \"\", area = \"\"}". Executing controller action with signature "System.Threading.Tasks.Task`1[Microsoft.AspNetCore.Mvc.IActionResult] CategoryDetails(Int32)" on controller "Forum.Controllers.CategoryController" ("Forum").
2023-10-18 19:35:54.307 +02:00 [Information] Executing ViewResult, running view "CategoryDetails".
2023-10-18 19:35:54.315 +02:00 [Information] Executed ViewResult - view "CategoryDetails" executed in 8.639ms.
2023-10-18 19:35:54.315 +02:00 [Information] Executed action "Forum.Controllers.CategoryController.CategoryDetails (Forum)" in 13.6907ms
2023-10-18 19:35:54.315 +02:00 [Information] Executed endpoint '"Forum.Controllers.CategoryController.CategoryDetails (Forum)"'
2023-10-18 19:35:54.316 +02:00 [Information] Request finished HTTP/2 GET https://localhost:7205/Category/CategoryDetails/2 - - - 200 - text/html;+charset=utf-8 16.5761ms
2023-10-18 19:35:54.334 +02:00 [Information] Request starting HTTP/2 GET https://localhost:7205/_vs/browserLink - -
2023-10-18 19:35:54.334 +02:00 [Information] Request starting HTTP/2 GET https://localhost:7205/_framework/aspnetcore-browser-refresh.js - -
2023-10-18 19:35:54.334 +02:00 [Information] Request finished HTTP/2 GET https://localhost:7205/_framework/aspnetcore-browser-refresh.js - - - 200 12342 application/javascript;+charset=utf-8 0.1780ms
2023-10-18 19:35:54.336 +02:00 [Information] Request finished HTTP/2 GET https://localhost:7205/_vs/browserLink - - - 200 - text/javascript;+charset=UTF-8 2.0183ms
2023-10-18 19:35:58.124 +02:00 [Information] Request starting HTTP/2 GET https://localhost:7205/Search/Search?search=Liverpool - -
2023-10-18 19:35:58.125 +02:00 [Information] Executing endpoint '"Forum.Controllers.SearchController.Search (Forum)"'
2023-10-18 19:35:58.125 +02:00 [Information] Route matched with "{action = \"Search\", controller = \"Search\", page = \"\", area = \"\"}". Executing controller action with signature "Microsoft.AspNetCore.Mvc.IActionResult Search(System.String)" on controller "Forum.Controllers.SearchController" ("Forum").
2023-10-18 19:35:58.129 +02:00 [Information] Executing ViewResult, running view "Search".
2023-10-18 19:35:58.132 +02:00 [Information] Executed ViewResult - view "Search" executed in 3.2386ms.
2023-10-18 19:35:58.132 +02:00 [Information] Executed action "Forum.Controllers.SearchController.Search (Forum)" in 6.5933ms
2023-10-18 19:35:58.132 +02:00 [Information] Executed endpoint '"Forum.Controllers.SearchController.Search (Forum)"'
2023-10-18 19:35:58.133 +02:00 [Information] Request finished HTTP/2 GET https://localhost:7205/Search/Search?search=Liverpool - - - 200 - text/html;+charset=utf-8 8.4138ms
2023-10-18 19:35:58.149 +02:00 [Information] Request starting HTTP/2 GET https://localhost:7205/_vs/browserLink - -
2023-10-18 19:35:58.150 +02:00 [Information] Request starting HTTP/2 GET https://localhost:7205/_framework/aspnetcore-browser-refresh.js - -
2023-10-18 19:35:58.150 +02:00 [Information] Request finished HTTP/2 GET https://localhost:7205/_framework/aspnetcore-browser-refresh.js - - - 200 12342 application/javascript;+charset=utf-8 0.1701ms
2023-10-18 19:35:58.151 +02:00 [Information] Request finished HTTP/2 GET https://localhost:7205/_vs/browserLink - - - 200 - text/javascript;+charset=UTF-8 1.9495ms
2023-10-18 19:35:59.187 +02:00 [Information] Request starting HTTP/2 GET https://localhost:7205/Post/PostDetails/1 - -
2023-10-18 19:35:59.189 +02:00 [Information] Executing endpoint '"Forum.Controllers.PostController.PostDetails (Forum)"'
2023-10-18 19:35:59.189 +02:00 [Information] Route matched with "{action = \"PostDetails\", controller = \"Post\", page = \"\", area = \"\"}". Executing controller action with signature "System.Threading.Tasks.Task`1[Microsoft.AspNetCore.Mvc.IActionResult] PostDetails(Int32)" on controller "Forum.Controllers.PostController" ("Forum").
2023-10-18 19:35:59.191 +02:00 [Information] Executing ViewResult, running view "PostDetails".
2023-10-18 19:35:59.193 +02:00 [Information] Executed ViewResult - view "PostDetails" executed in 2.5197ms.
2023-10-18 19:35:59.193 +02:00 [Information] Executed action "Forum.Controllers.PostController.PostDetails (Forum)" in 4.6267ms
2023-10-18 19:35:59.193 +02:00 [Information] Executed endpoint '"Forum.Controllers.PostController.PostDetails (Forum)"'
2023-10-18 19:35:59.194 +02:00 [Information] Request finished HTTP/2 GET https://localhost:7205/Post/PostDetails/1 - - - 200 - text/html;+charset=utf-8 6.7435ms
2023-10-18 19:35:59.207 +02:00 [Information] Request starting HTTP/2 GET https://localhost:7205/_vs/browserLink - -
2023-10-18 19:35:59.208 +02:00 [Information] Request starting HTTP/2 GET https://localhost:7205/_framework/aspnetcore-browser-refresh.js - -
2023-10-18 19:35:59.209 +02:00 [Information] Request finished HTTP/2 GET https://localhost:7205/_framework/aspnetcore-browser-refresh.js - - - 200 12342 application/javascript;+charset=utf-8 0.1618ms
2023-10-18 19:35:59.209 +02:00 [Information] Request finished HTTP/2 GET https://localhost:7205/_vs/browserLink - - - 200 - text/javascript;+charset=UTF-8 1.9544ms
2023-10-18 19:36:08.079 +02:00 [Information] Request starting HTTP/2 GET https://localhost:7205/_framework/aspnetcore-browser-refresh.js - -
2023-10-18 19:36:08.079 +02:00 [Information] Request finished HTTP/2 GET https://localhost:7205/_framework/aspnetcore-browser-refresh.js - - - 200 12342 application/javascript;+charset=utf-8 0.1444ms
2023-10-18 19:37:15.869 +02:00 [Information] Request starting HTTP/2 GET https://localhost:7205/Room/RoomTable - -
2023-10-18 19:37:15.869 +02:00 [Information] Executing endpoint '"Forum.Controllers.RoomController.RoomTable (Forum)"'
2023-10-18 19:37:15.871 +02:00 [Information] Route matched with "{action = \"RoomTable\", controller = \"Room\", page = \"\", area = \"\"}". Executing controller action with signature "System.Threading.Tasks.Task`1[Microsoft.AspNetCore.Mvc.IActionResult] RoomTable()" on controller "Forum.Controllers.RoomController" ("Forum").
2023-10-18 19:37:15.876 +02:00 [Information] Executing ViewResult, running view "RoomTable".
2023-10-18 19:37:15.880 +02:00 [Information] Executed ViewResult - view "RoomTable" executed in 4.2581ms.
2023-10-18 19:37:15.880 +02:00 [Information] Executed action "Forum.Controllers.RoomController.RoomTable (Forum)" in 9.4997ms
2023-10-18 19:37:15.880 +02:00 [Information] Executed endpoint '"Forum.Controllers.RoomController.RoomTable (Forum)"'
2023-10-18 19:37:15.881 +02:00 [Information] Request finished HTTP/2 GET https://localhost:7205/Room/RoomTable - - - 200 - text/html;+charset=utf-8 12.4028ms
2023-10-18 19:37:15.904 +02:00 [Information] Request starting HTTP/2 GET https://localhost:7205/_framework/aspnetcore-browser-refresh.js - -
2023-10-18 19:37:15.905 +02:00 [Information] Request finished HTTP/2 GET https://localhost:7205/_framework/aspnetcore-browser-refresh.js - - - 200 12342 application/javascript;+charset=utf-8 0.1453ms
2023-10-18 19:37:15.909 +02:00 [Information] Request starting HTTP/2 GET https://localhost:7205/_vs/browserLink - -
2023-10-18 19:37:15.911 +02:00 [Information] Request finished HTTP/2 GET https://localhost:7205/_vs/browserLink - - - 200 - text/javascript;+charset=UTF-8 1.9638ms
2023-10-18 19:37:16.788 +02:00 [Information] Request starting HTTP/2 GET https://localhost:7205/Topic/TopicTable - -
2023-10-18 19:37:16.788 +02:00 [Information] Executing endpoint '"Forum.Controllers.TopicController.TopicTable (Forum)"'
2023-10-18 19:37:16.788 +02:00 [Information] Route matched with "{action = \"TopicTable\", controller = \"Topic\", page = \"\", area = \"\"}". Executing controller action with signature "System.Threading.Tasks.Task`1[Microsoft.AspNetCore.Mvc.IActionResult] TopicTable()" on controller "Forum.Controllers.TopicController" ("Forum").
2023-10-18 19:37:16.789 +02:00 [Information] Executing ViewResult, running view "TopicTable".
2023-10-18 19:37:16.791 +02:00 [Information] Executed ViewResult - view "TopicTable" executed in 2.0725ms.
2023-10-18 19:37:16.791 +02:00 [Information] Executed action "Forum.Controllers.TopicController.TopicTable (Forum)" in 3.1816ms
2023-10-18 19:37:16.791 +02:00 [Information] Executed endpoint '"Forum.Controllers.TopicController.TopicTable (Forum)"'
2023-10-18 19:37:16.792 +02:00 [Information] Request finished HTTP/2 GET https://localhost:7205/Topic/TopicTable - - - 200 - text/html;+charset=utf-8 4.2815ms
2023-10-18 19:37:16.809 +02:00 [Information] Request starting HTTP/2 GET https://localhost:7205/_vs/browserLink - -
2023-10-18 19:37:16.809 +02:00 [Information] Request starting HTTP/2 GET https://localhost:7205/_framework/aspnetcore-browser-refresh.js - -
2023-10-18 19:37:16.809 +02:00 [Information] Request finished HTTP/2 GET https://localhost:7205/_framework/aspnetcore-browser-refresh.js - - - 200 12342 application/javascript;+charset=utf-8 0.1602ms
2023-10-18 19:37:16.811 +02:00 [Information] Request finished HTTP/2 GET https://localhost:7205/_vs/browserLink - - - 200 - text/javascript;+charset=UTF-8 1.7574ms
2023-10-18 19:37:20.273 +02:00 [Information] Request starting HTTP/2 GET https://localhost:7205/Search/Search?search=j - -
2023-10-18 19:37:20.273 +02:00 [Information] Executing endpoint '"Forum.Controllers.SearchController.Search (Forum)"'
2023-10-18 19:37:20.273 +02:00 [Information] Route matched with "{action = \"Search\", controller = \"Search\", page = \"\", area = \"\"}". Executing controller action with signature "Microsoft.AspNetCore.Mvc.IActionResult Search(System.String)" on controller "Forum.Controllers.SearchController" ("Forum").
2023-10-18 19:37:20.276 +02:00 [Information] Executing ViewResult, running view "Search".
2023-10-18 19:37:20.277 +02:00 [Information] Executed ViewResult - view "Search" executed in 1.4881ms.
2023-10-18 19:37:20.277 +02:00 [Information] Executed action "Forum.Controllers.SearchController.Search (Forum)" in 3.6292ms
2023-10-18 19:37:20.277 +02:00 [Information] Executed endpoint '"Forum.Controllers.SearchController.Search (Forum)"'
2023-10-18 19:37:20.278 +02:00 [Information] Request finished HTTP/2 GET https://localhost:7205/Search/Search?search=j - - - 200 - text/html;+charset=utf-8 4.9226ms
2023-10-18 19:37:20.301 +02:00 [Information] Request starting HTTP/2 GET https://localhost:7205/_vs/browserLink - -
2023-10-18 19:37:20.302 +02:00 [Information] Request starting HTTP/2 GET https://localhost:7205/_framework/aspnetcore-browser-refresh.js - -
2023-10-18 19:37:20.302 +02:00 [Information] Request finished HTTP/2 GET https://localhost:7205/_framework/aspnetcore-browser-refresh.js - - - 200 12342 application/javascript;+charset=utf-8 0.1267ms
2023-10-18 19:37:20.303 +02:00 [Information] Request finished HTTP/2 GET https://localhost:7205/_vs/browserLink - - - 200 - text/javascript;+charset=UTF-8 1.7207ms
2023-10-18 19:37:22.633 +02:00 [Information] Request starting HTTP/2 GET https://localhost:7205/Category/CategoryDetails/5 - -
2023-10-18 19:37:22.634 +02:00 [Information] Executing endpoint '"Forum.Controllers.CategoryController.CategoryDetails (Forum)"'
2023-10-18 19:37:22.634 +02:00 [Information] Route matched with "{action = \"CategoryDetails\", controller = \"Category\", page = \"\", area = \"\"}". Executing controller action with signature "System.Threading.Tasks.Task`1[Microsoft.AspNetCore.Mvc.IActionResult] CategoryDetails(Int32)" on controller "Forum.Controllers.CategoryController" ("Forum").
2023-10-18 19:37:22.636 +02:00 [Information] Executing ViewResult, running view "CategoryDetails".
2023-10-18 19:37:22.638 +02:00 [Information] Executed ViewResult - view "CategoryDetails" executed in 2.1426ms.
2023-10-18 19:37:22.638 +02:00 [Information] Executed action "Forum.Controllers.CategoryController.CategoryDetails (Forum)" in 3.6627ms
2023-10-18 19:37:22.638 +02:00 [Information] Executed endpoint '"Forum.Controllers.CategoryController.CategoryDetails (Forum)"'
2023-10-18 19:37:22.639 +02:00 [Information] Request finished HTTP/2 GET https://localhost:7205/Category/CategoryDetails/5 - - - 200 - text/html;+charset=utf-8 6.0016ms
2023-10-18 19:37:22.652 +02:00 [Information] Request starting HTTP/2 GET https://localhost:7205/_vs/browserLink - -
2023-10-18 19:37:22.652 +02:00 [Information] Request starting HTTP/2 GET https://localhost:7205/_framework/aspnetcore-browser-refresh.js - -
2023-10-18 19:37:22.652 +02:00 [Information] Request finished HTTP/2 GET https://localhost:7205/_framework/aspnetcore-browser-refresh.js - - - 200 12342 application/javascript;+charset=utf-8 0.1739ms
2023-10-18 19:37:22.654 +02:00 [Information] Request finished HTTP/2 GET https://localhost:7205/_vs/browserLink - - - 200 - text/javascript;+charset=UTF-8 1.6742ms
2023-10-18 19:37:26.642 +02:00 [Information] Request starting HTTP/2 GET https://localhost:7205/Search/Search?search=Data - -
2023-10-18 19:37:26.642 +02:00 [Information] Executing endpoint '"Forum.Controllers.SearchController.Search (Forum)"'
2023-10-18 19:37:26.642 +02:00 [Information] Route matched with "{action = \"Search\", controller = \"Search\", page = \"\", area = \"\"}". Executing controller action with signature "Microsoft.AspNetCore.Mvc.IActionResult Search(System.String)" on controller "Forum.Controllers.SearchController" ("Forum").
2023-10-18 19:37:26.645 +02:00 [Information] Executing ViewResult, running view "Search".
2023-10-18 19:37:26.646 +02:00 [Information] Executed ViewResult - view "Search" executed in 1.5824ms.
2023-10-18 19:37:26.646 +02:00 [Information] Executed action "Forum.Controllers.SearchController.Search (Forum)" in 4.0556ms
2023-10-18 19:37:26.646 +02:00 [Information] Executed endpoint '"Forum.Controllers.SearchController.Search (Forum)"'
2023-10-18 19:37:26.647 +02:00 [Information] Request finished HTTP/2 GET https://localhost:7205/Search/Search?search=Data - - - 200 - text/html;+charset=utf-8 5.2848ms
2023-10-18 19:37:26.666 +02:00 [Information] Request starting HTTP/2 GET https://localhost:7205/_vs/browserLink - -
2023-10-18 19:37:26.666 +02:00 [Information] Request starting HTTP/2 GET https://localhost:7205/_framework/aspnetcore-browser-refresh.js - -
2023-10-18 19:37:26.666 +02:00 [Information] Request finished HTTP/2 GET https://localhost:7205/_framework/aspnetcore-browser-refresh.js - - - 200 12342 application/javascript;+charset=utf-8 0.1109ms
2023-10-18 19:37:26.668 +02:00 [Information] Request finished HTTP/2 GET https://localhost:7205/_vs/browserLink - - - 200 - text/javascript;+charset=UTF-8 1.6662ms
2023-10-18 19:37:28.180 +02:00 [Information] Request starting HTTP/2 GET https://localhost:7205/Room/RoomTable - -
2023-10-18 19:37:28.181 +02:00 [Information] Executing endpoint '"Forum.Controllers.RoomController.RoomTable (Forum)"'
2023-10-18 19:37:28.181 +02:00 [Information] Route matched with "{action = \"RoomTable\", controller = \"Room\", page = \"\", area = \"\"}". Executing controller action with signature "System.Threading.Tasks.Task`1[Microsoft.AspNetCore.Mvc.IActionResult] RoomTable()" on controller "Forum.Controllers.RoomController" ("Forum").
2023-10-18 19:37:28.182 +02:00 [Information] Executing ViewResult, running view "RoomTable".
2023-10-18 19:37:28.184 +02:00 [Information] Executed ViewResult - view "RoomTable" executed in 1.5179ms.
2023-10-18 19:37:28.184 +02:00 [Information] Executed action "Forum.Controllers.RoomController.RoomTable (Forum)" in 2.7548ms
2023-10-18 19:37:28.184 +02:00 [Information] Executed endpoint '"Forum.Controllers.RoomController.RoomTable (Forum)"'
2023-10-18 19:37:28.184 +02:00 [Information] Request finished HTTP/2 GET https://localhost:7205/Room/RoomTable - - - 200 - text/html;+charset=utf-8 4.6628ms
2023-10-18 19:37:28.199 +02:00 [Information] Request starting HTTP/2 GET https://localhost:7205/_vs/browserLink - -
2023-10-18 19:37:28.199 +02:00 [Information] Request starting HTTP/2 GET https://localhost:7205/_framework/aspnetcore-browser-refresh.js - -
2023-10-18 19:37:28.199 +02:00 [Information] Request finished HTTP/2 GET https://localhost:7205/_framework/aspnetcore-browser-refresh.js - - - 200 12342 application/javascript;+charset=utf-8 0.1478ms
2023-10-18 19:37:28.201 +02:00 [Information] Request finished HTTP/2 GET https://localhost:7205/_vs/browserLink - - - 200 - text/javascript;+charset=UTF-8 1.8441ms
2023-10-18 19:37:29.304 +02:00 [Information] Request starting HTTP/2 GET https://localhost:7205/Room/RoomDetails/1 - -
2023-10-18 19:37:29.305 +02:00 [Information] Executing endpoint '"Forum.Controllers.RoomController.RoomDetails (Forum)"'
2023-10-18 19:37:29.307 +02:00 [Information] Route matched with "{action = \"RoomDetails\", controller = \"Room\", page = \"\", area = \"\"}". Executing controller action with signature "System.Threading.Tasks.Task`1[Microsoft.AspNetCore.Mvc.IActionResult] RoomDetails(Int32)" on controller "Forum.Controllers.RoomController" ("Forum").
2023-10-18 19:37:29.312 +02:00 [Information] Executing ViewResult, running view "RoomDetails".
2023-10-18 19:37:29.317 +02:00 [Information] Executed ViewResult - view "RoomDetails" executed in 5.7236ms.
2023-10-18 19:37:29.317 +02:00 [Information] Executed action "Forum.Controllers.RoomController.RoomDetails (Forum)" in 10.3858ms
2023-10-18 19:37:29.317 +02:00 [Information] Executed endpoint '"Forum.Controllers.RoomController.RoomDetails (Forum)"'
2023-10-18 19:37:29.318 +02:00 [Information] Request finished HTTP/2 GET https://localhost:7205/Room/RoomDetails/1 - - - 200 - text/html;+charset=utf-8 13.3760ms
2023-10-18 19:37:29.332 +02:00 [Information] Request starting HTTP/2 GET https://localhost:7205/_vs/browserLink - -
2023-10-18 19:37:29.333 +02:00 [Information] Request starting HTTP/2 GET https://localhost:7205/_framework/aspnetcore-browser-refresh.js - -
2023-10-18 19:37:29.333 +02:00 [Information] Request finished HTTP/2 GET https://localhost:7205/_framework/aspnetcore-browser-refresh.js - - - 200 12342 application/javascript;+charset=utf-8 0.1226ms
2023-10-18 19:37:29.334 +02:00 [Information] Request finished HTTP/2 GET https://localhost:7205/_vs/browserLink - - - 200 - text/javascript;+charset=UTF-8 1.8440ms
2023-10-18 19:37:30.280 +02:00 [Information] Request starting HTTP/2 GET https://localhost:7205/Topic/TopicDetails/1 - -
2023-10-18 19:37:30.280 +02:00 [Information] Executing endpoint '"Forum.Controllers.TopicController.TopicDetails (Forum)"'
2023-10-18 19:37:30.282 +02:00 [Information] Route matched with "{action = \"TopicDetails\", controller = \"Topic\", page = \"\", area = \"\"}". Executing controller action with signature "System.Threading.Tasks.Task`1[Microsoft.AspNetCore.Mvc.IActionResult] TopicDetails(Int32)" on controller "Forum.Controllers.TopicController" ("Forum").
2023-10-18 19:37:30.286 +02:00 [Information] Executing ViewResult, running view "TopicDetails".
2023-10-18 19:37:30.294 +02:00 [Information] Executed ViewResult - view "TopicDetails" executed in 8.1381ms.
2023-10-18 19:37:30.294 +02:00 [Information] Executed action "Forum.Controllers.TopicController.TopicDetails (Forum)" in 12.2512ms
2023-10-18 19:37:30.294 +02:00 [Information] Executed endpoint '"Forum.Controllers.TopicController.TopicDetails (Forum)"'
2023-10-18 19:37:30.295 +02:00 [Information] Request finished HTTP/2 GET https://localhost:7205/Topic/TopicDetails/1 - - - 200 - text/html;+charset=utf-8 15.0592ms
2023-10-18 19:37:30.310 +02:00 [Information] Request starting HTTP/2 GET https://localhost:7205/_vs/browserLink - -
2023-10-18 19:37:30.312 +02:00 [Information] Request starting HTTP/2 GET https://localhost:7205/_framework/aspnetcore-browser-refresh.js - -
2023-10-18 19:37:30.312 +02:00 [Information] Request finished HTTP/2 GET https://localhost:7205/_framework/aspnetcore-browser-refresh.js - - - 200 12342 application/javascript;+charset=utf-8 0.1689ms
2023-10-18 19:37:30.312 +02:00 [Information] Request finished HTTP/2 GET https://localhost:7205/_vs/browserLink - - - 200 - text/javascript;+charset=UTF-8 1.6509ms
2023-10-18 19:37:31.810 +02:00 [Information] Request starting HTTP/2 GET https://localhost:7205/Post/PostDetails/1 - -
2023-10-18 19:37:31.810 +02:00 [Information] Executing endpoint '"Forum.Controllers.PostController.PostDetails (Forum)"'
2023-10-18 19:37:31.810 +02:00 [Information] Route matched with "{action = \"PostDetails\", controller = \"Post\", page = \"\", area = \"\"}". Executing controller action with signature "System.Threading.Tasks.Task`1[Microsoft.AspNetCore.Mvc.IActionResult] PostDetails(Int32)" on controller "Forum.Controllers.PostController" ("Forum").
2023-10-18 19:37:31.812 +02:00 [Information] Executing ViewResult, running view "PostDetails".
2023-10-18 19:37:31.815 +02:00 [Information] Executed ViewResult - view "PostDetails" executed in 2.4119ms.
2023-10-18 19:37:31.815 +02:00 [Information] Executed action "Forum.Controllers.PostController.PostDetails (Forum)" in 4.7157ms
2023-10-18 19:37:31.815 +02:00 [Information] Executed endpoint '"Forum.Controllers.PostController.PostDetails (Forum)"'
2023-10-18 19:37:31.816 +02:00 [Information] Request finished HTTP/2 GET https://localhost:7205/Post/PostDetails/1 - - - 200 - text/html;+charset=utf-8 6.1097ms
2023-10-18 19:37:31.830 +02:00 [Information] Request starting HTTP/2 GET https://localhost:7205/_vs/browserLink - -
2023-10-18 19:37:31.831 +02:00 [Information] Request starting HTTP/2 GET https://localhost:7205/_framework/aspnetcore-browser-refresh.js - -
2023-10-18 19:37:31.831 +02:00 [Information] Request finished HTTP/2 GET https://localhost:7205/_framework/aspnetcore-browser-refresh.js - - - 200 12342 application/javascript;+charset=utf-8 0.1584ms
2023-10-18 19:37:31.832 +02:00 [Information] Request finished HTTP/2 GET https://localhost:7205/_vs/browserLink - - - 200 - text/javascript;+charset=UTF-8 1.6618ms
2023-10-18 19:37:34.597 +02:00 [Information] Request starting HTTP/2 GET https://localhost:7205/Search/Search?search=see - -
2023-10-18 19:37:34.597 +02:00 [Information] Executing endpoint '"Forum.Controllers.SearchController.Search (Forum)"'
2023-10-18 19:37:34.597 +02:00 [Information] Route matched with "{action = \"Search\", controller = \"Search\", page = \"\", area = \"\"}". Executing controller action with signature "Microsoft.AspNetCore.Mvc.IActionResult Search(System.String)" on controller "Forum.Controllers.SearchController" ("Forum").
2023-10-18 19:37:34.599 +02:00 [Information] Executing ViewResult, running view "Search".
2023-10-18 19:37:34.601 +02:00 [Information] Executed ViewResult - view "Search" executed in 1.504ms.
2023-10-18 19:37:34.601 +02:00 [Information] Executed action "Forum.Controllers.SearchController.Search (Forum)" in 3.422ms
2023-10-18 19:37:34.601 +02:00 [Information] Executed endpoint '"Forum.Controllers.SearchController.Search (Forum)"'
2023-10-18 19:37:34.601 +02:00 [Information] Request finished HTTP/2 GET https://localhost:7205/Search/Search?search=see - - - 200 - text/html;+charset=utf-8 4.5428ms
2023-10-18 19:37:34.617 +02:00 [Information] Request starting HTTP/2 GET https://localhost:7205/_vs/browserLink - -
2023-10-18 19:37:34.617 +02:00 [Information] Request starting HTTP/2 GET https://localhost:7205/_framework/aspnetcore-browser-refresh.js - -
2023-10-18 19:37:34.617 +02:00 [Information] Request finished HTTP/2 GET https://localhost:7205/_framework/aspnetcore-browser-refresh.js - - - 200 12342 application/javascript;+charset=utf-8 0.0929ms
2023-10-18 19:37:34.618 +02:00 [Information] Request finished HTTP/2 GET https://localhost:7205/_vs/browserLink - - - 200 - text/javascript;+charset=UTF-8 1.6900ms
2023-10-18 19:37:37.349 +02:00 [Information] Request starting HTTP/2 GET https://localhost:7205/ - -
2023-10-18 19:37:37.349 +02:00 [Information] Executing endpoint '"Forum.Controllers.HomeController.Index (Forum)"'
2023-10-18 19:37:37.349 +02:00 [Information] Route matched with "{action = \"Index\", controller = \"Home\", page = \"\", area = \"\"}". Executing controller action with signature "Microsoft.AspNetCore.Mvc.IActionResult Index()" on controller "Forum.Controllers.HomeController" ("Forum").
2023-10-18 19:37:37.349 +02:00 [Information] Executing ViewResult, running view "Index".
2023-10-18 19:37:37.351 +02:00 [Information] Executed ViewResult - view "Index" executed in 2.2216ms.
2023-10-18 19:37:37.351 +02:00 [Information] Executed action "Forum.Controllers.HomeController.Index (Forum)" in 2.3865ms
2023-10-18 19:37:37.352 +02:00 [Information] Executed endpoint '"Forum.Controllers.HomeController.Index (Forum)"'
2023-10-18 19:37:37.352 +02:00 [Information] Request finished HTTP/2 GET https://localhost:7205/ - - - 200 - text/html;+charset=utf-8 3.6649ms
2023-10-18 19:37:37.370 +02:00 [Information] Request starting HTTP/2 GET https://localhost:7205/_framework/aspnetcore-browser-refresh.js - -
2023-10-18 19:37:37.370 +02:00 [Information] Request finished HTTP/2 GET https://localhost:7205/_framework/aspnetcore-browser-refresh.js - - - 200 12342 application/javascript;+charset=utf-8 0.4147ms
2023-10-18 19:37:37.378 +02:00 [Information] Request starting HTTP/2 GET https://localhost:7205/_vs/browserLink - -
2023-10-18 19:37:37.379 +02:00 [Information] Request finished HTTP/2 GET https://localhost:7205/_vs/browserLink - - - 200 - text/javascript;+charset=UTF-8 1.5211ms
