2023-10-23 18:39:38.399 +02:00 [Information] User profile is available. Using '"C:\Users\abdik\AppData\Local\ASP.NET\DataProtection-Keys"' as key repository and Windows DPAPI to encrypt keys at rest.
2023-10-23 18:39:38.790 +02:00 [Information] Now listening on: "https://localhost:7205"
2023-10-23 18:39:38.791 +02:00 [Information] Now listening on: "http://localhost:5112"
2023-10-23 18:39:38.794 +02:00 [Information] Application started. Press Ctrl+C to shut down.
2023-10-23 18:39:38.795 +02:00 [Information] Hosting environment: "Development"
2023-10-23 18:39:38.795 +02:00 [Information] Content root path: "C:\Users\abdik\Source\Repos\Forum\MyShop\"
2023-10-23 18:39:39.101 +02:00 [Information] Request starting HTTP/2 GET https://localhost:7205/ - -
2023-10-23 18:39:39.139 +02:00 [Information] Executing endpoint '"Forum.Controllers.HomeController.Index (Forum)"'
2023-10-23 18:39:39.147 +02:00 [Information] Route matched with "{action = \"Index\", controller = \"Home\", page = \"\", area = \"\"}". Executing controller action with signature "Microsoft.AspNetCore.Mvc.IActionResult Index()" on controller "Forum.Controllers.HomeController" ("Forum").
2023-10-23 18:39:39.151 +02:00 [Information] Executing ViewResult, running view "Index".
2023-10-23 18:39:39.244 +02:00 [Information] Executed ViewResult - view "Index" executed in 92.7555ms.
2023-10-23 18:39:39.246 +02:00 [Information] Executed action "Forum.Controllers.HomeController.Index (Forum)" in 98.9814ms
2023-10-23 18:39:39.246 +02:00 [Information] Executed endpoint '"Forum.Controllers.HomeController.Index (Forum)"'
2023-10-23 18:39:39.259 +02:00 [Information] Request finished HTTP/2 GET https://localhost:7205/ - - - 200 - text/html;+charset=utf-8 160.3605ms
2023-10-23 18:39:39.260 +02:00 [Information] Request starting HTTP/2 GET https://localhost:7205/style.css - -
2023-10-23 18:39:39.260 +02:00 [Information] Request starting HTTP/2 GET https://localhost:7205/_framework/aspnetcore-browser-refresh.js - -
2023-10-23 18:39:39.260 +02:00 [Information] Request starting HTTP/2 GET https://localhost:7205/img/omnifood-logo.png - -
2023-10-23 18:39:39.262 +02:00 [Information] Request finished HTTP/2 GET https://localhost:7205/_framework/aspnetcore-browser-refresh.js - - - 200 12342 application/javascript;+charset=utf-8 2.2397ms
2023-10-23 18:39:39.263 +02:00 [Information] Request finished HTTP/2 GET https://localhost:7205/style.css - - - 404 0 - 2.7325ms
2023-10-23 18:39:39.263 +02:00 [Information] Request finished HTTP/2 GET https://localhost:7205/img/omnifood-logo.png - - - 404 0 - 2.7425ms
2023-10-23 18:39:39.278 +02:00 [Information] Request starting HTTP/2 GET https://localhost:7205/_vs/browserLink - -
2023-10-23 18:39:39.285 +02:00 [Information] Request finished HTTP/2 GET https://localhost:7205/_vs/browserLink - - - 200 - text/javascript;+charset=UTF-8 6.9085ms
