2023-10-24 12:04:08.092 +02:00 [Information] User profile is available. Using '"C:\Users\abdik\AppData\Local\ASP.NET\DataProtection-Keys"' as key repository and Windows DPAPI to encrypt keys at rest.
2023-10-24 12:04:08.513 +02:00 [Information] Now listening on: "https://localhost:7205"
2023-10-24 12:04:08.513 +02:00 [Information] Now listening on: "http://localhost:5112"
2023-10-24 12:04:08.516 +02:00 [Information] Application started. Press Ctrl+C to shut down.
2023-10-24 12:04:08.517 +02:00 [Information] Hosting environment: "Development"
2023-10-24 12:04:08.517 +02:00 [Information] Content root path: "C:\Users\abdik\Source\Repos\Forum\MyShop\"
2023-10-24 12:04:09.109 +02:00 [Information] Request starting HTTP/2 GET https://localhost:7205/ - -
2023-10-24 12:04:09.145 +02:00 [Information] Executing endpoint '"Forum.Controllers.HomeController.Index (Forum)"'
2023-10-24 12:04:09.152 +02:00 [Information] Route matched with "{action = \"Index\", controller = \"Home\", page = \"\", area = \"\"}". Executing controller action with signature "Microsoft.AspNetCore.Mvc.IActionResult Index()" on controller "Forum.Controllers.HomeController" ("Forum").
2023-10-24 12:04:09.157 +02:00 [Information] Executing ViewResult, running view "Index".
2023-10-24 12:04:09.260 +02:00 [Information] Executed ViewResult - view "Index" executed in 102.9018ms.
2023-10-24 12:04:09.262 +02:00 [Information] Executed action "Forum.Controllers.HomeController.Index (Forum)" in 109.5189ms
2023-10-24 12:04:09.262 +02:00 [Information] Executed endpoint '"Forum.Controllers.HomeController.Index (Forum)"'
2023-10-24 12:04:09.273 +02:00 [Information] Request finished HTTP/2 GET https://localhost:7205/ - - - 200 - text/html;+charset=utf-8 166.6355ms
2023-10-24 12:04:09.277 +02:00 [Information] Request starting HTTP/2 GET https://localhost:7205/_framework/aspnetcore-browser-refresh.js - -
2023-10-24 12:04:09.277 +02:00 [Information] Request starting HTTP/2 GET https://localhost:7205/style.css - -
2023-10-24 12:04:09.277 +02:00 [Information] Request starting HTTP/2 GET https://localhost:7205/_vs/browserLink - -
2023-10-24 12:04:09.279 +02:00 [Information] Request finished HTTP/2 GET https://localhost:7205/_framework/aspnetcore-browser-refresh.js - - - 200 12342 application/javascript;+charset=utf-8 1.9488ms
2023-10-24 12:04:09.279 +02:00 [Information] Request finished HTTP/2 GET https://localhost:7205/style.css - - - 404 0 - 2.4854ms
2023-10-24 12:04:09.284 +02:00 [Information] Request finished HTTP/2 GET https://localhost:7205/_vs/browserLink - - - 200 - text/javascript;+charset=UTF-8 6.8100ms
2023-10-24 12:04:22.045 +02:00 [Information] Request starting HTTP/2 GET https://localhost:7205/Category/CategoryTable - -
2023-10-24 12:04:22.047 +02:00 [Information] Executing endpoint '"Forum.Controllers.CategoryController.CategoryTable (Forum)"'
2023-10-24 12:04:22.049 +02:00 [Information] Route matched with "{action = \"CategoryTable\", controller = \"Category\", page = \"\", area = \"\"}". Executing controller action with signature "System.Threading.Tasks.Task`1[Microsoft.AspNetCore.Mvc.IActionResult] CategoryTable()" on controller "Forum.Controllers.CategoryController" ("Forum").
2023-10-24 12:04:22.059 +02:00 [Information] Executing ViewResult, running view "CategoryTable".
2023-10-24 12:04:22.072 +02:00 [Information] Executed ViewResult - view "CategoryTable" executed in 13.0959ms.
2023-10-24 12:04:22.072 +02:00 [Information] Executed action "Forum.Controllers.CategoryController.CategoryTable (Forum)" in 22.3541ms
2023-10-24 12:04:22.072 +02:00 [Information] Executed endpoint '"Forum.Controllers.CategoryController.CategoryTable (Forum)"'
2023-10-24 12:04:22.073 +02:00 [Information] Request finished HTTP/2 GET https://localhost:7205/Category/CategoryTable - - - 200 - text/html;+charset=utf-8 27.8313ms
2023-10-24 12:04:22.093 +02:00 [Information] Request starting HTTP/2 GET https://localhost:7205/Category/style.css - -
2023-10-24 12:04:22.093 +02:00 [Information] Request starting HTTP/2 GET https://localhost:7205/_vs/browserLink - -
2023-10-24 12:04:22.093 +02:00 [Information] Request starting HTTP/2 GET https://localhost:7205/_framework/aspnetcore-browser-refresh.js - -
2023-10-24 12:04:22.093 +02:00 [Information] Request finished HTTP/2 GET https://localhost:7205/_framework/aspnetcore-browser-refresh.js - - - 200 12342 application/javascript;+charset=utf-8 0.3515ms
2023-10-24 12:04:22.095 +02:00 [Information] Request finished HTTP/2 GET https://localhost:7205/Category/style.css - - - 404 0 - 2.3224ms
2023-10-24 12:04:22.095 +02:00 [Information] Request finished HTTP/2 GET https://localhost:7205/_vs/browserLink - - - 200 - text/javascript;+charset=UTF-8 2.3924ms
2023-10-24 12:04:31.593 +02:00 [Information] Request starting HTTP/2 GET https://localhost:7205/ - -
2023-10-24 12:04:31.594 +02:00 [Information] Executing endpoint '"Forum.Controllers.HomeController.Index (Forum)"'
2023-10-24 12:04:31.594 +02:00 [Information] Route matched with "{action = \"Index\", controller = \"Home\", page = \"\", area = \"\"}". Executing controller action with signature "Microsoft.AspNetCore.Mvc.IActionResult Index()" on controller "Forum.Controllers.HomeController" ("Forum").
2023-10-24 12:04:31.594 +02:00 [Information] Executing ViewResult, running view "Index".
2023-10-24 12:04:31.600 +02:00 [Information] Executed ViewResult - view "Index" executed in 6.1758ms.
2023-10-24 12:04:31.600 +02:00 [Information] Executed action "Forum.Controllers.HomeController.Index (Forum)" in 6.3198ms
2023-10-24 12:04:31.600 +02:00 [Information] Executed endpoint '"Forum.Controllers.HomeController.Index (Forum)"'
2023-10-24 12:04:31.601 +02:00 [Information] Request finished HTTP/2 GET https://localhost:7205/ - - - 200 - text/html;+charset=utf-8 8.1588ms
2023-10-24 12:04:31.633 +02:00 [Information] Request starting HTTP/2 GET https://localhost:7205/_framework/aspnetcore-browser-refresh.js - -
2023-10-24 12:04:31.633 +02:00 [Information] Request starting HTTP/2 GET https://localhost:7205/style.css - -
2023-10-24 12:04:31.633 +02:00 [Information] Request starting HTTP/2 GET https://localhost:7205/_vs/browserLink - -
2023-10-24 12:04:31.633 +02:00 [Information] Request finished HTTP/2 GET https://localhost:7205/_framework/aspnetcore-browser-refresh.js - - - 200 12342 application/javascript;+charset=utf-8 0.2378ms
2023-10-24 12:04:31.633 +02:00 [Information] Request finished HTTP/2 GET https://localhost:7205/style.css - - - 404 0 - 0.5983ms
2023-10-24 12:04:31.635 +02:00 [Information] Request finished HTTP/2 GET https://localhost:7205/_vs/browserLink - - - 200 - text/javascript;+charset=UTF-8 1.9684ms
2023-10-24 12:04:50.081 +02:00 [Information] Request starting HTTP/2 GET https://localhost:7205/Room/RoomTable - -
2023-10-24 12:04:50.082 +02:00 [Information] Executing endpoint '"Forum.Controllers.RoomController.RoomTable (Forum)"'
2023-10-24 12:04:50.084 +02:00 [Information] Route matched with "{action = \"RoomTable\", controller = \"Room\", page = \"\", area = \"\"}". Executing controller action with signature "System.Threading.Tasks.Task`1[Microsoft.AspNetCore.Mvc.IActionResult] RoomTable()" on controller "Forum.Controllers.RoomController" ("Forum").
2023-10-24 12:04:50.090 +02:00 [Information] Executing ViewResult, running view "RoomTable".
2023-10-24 12:04:50.097 +02:00 [Information] Executed ViewResult - view "RoomTable" executed in 6.8516ms.
2023-10-24 12:04:50.097 +02:00 [Information] Executed action "Forum.Controllers.RoomController.RoomTable (Forum)" in 12.9914ms
2023-10-24 12:04:50.097 +02:00 [Information] Executed endpoint '"Forum.Controllers.RoomController.RoomTable (Forum)"'
2023-10-24 12:04:50.098 +02:00 [Information] Request finished HTTP/2 GET https://localhost:7205/Room/RoomTable - - - 200 - text/html;+charset=utf-8 16.3536ms
2023-10-24 12:04:50.116 +02:00 [Information] Request starting HTTP/2 GET https://localhost:7205/Room/style.css - -
2023-10-24 12:04:50.117 +02:00 [Information] Request starting HTTP/2 GET https://localhost:7205/_framework/aspnetcore-browser-refresh.js - -
2023-10-24 12:04:50.117 +02:00 [Information] Request finished HTTP/2 GET https://localhost:7205/_framework/aspnetcore-browser-refresh.js - - - 200 12342 application/javascript;+charset=utf-8 0.1873ms
2023-10-24 12:04:50.118 +02:00 [Information] Request finished HTTP/2 GET https://localhost:7205/Room/style.css - - - 404 0 - 1.6995ms
2023-10-24 12:04:50.124 +02:00 [Information] Request starting HTTP/2 GET https://localhost:7205/_vs/browserLink - -
2023-10-24 12:04:50.126 +02:00 [Information] Request finished HTTP/2 GET https://localhost:7205/_vs/browserLink - - - 200 - text/javascript;+charset=UTF-8 1.6789ms
2023-10-24 12:04:52.105 +02:00 [Information] Request starting HTTP/2 GET https://localhost:7205/Topic/TopicTable - -
2023-10-24 12:04:52.106 +02:00 [Information] Executing endpoint '"Forum.Controllers.TopicController.TopicTable (Forum)"'
2023-10-24 12:04:52.107 +02:00 [Information] Route matched with "{action = \"TopicTable\", controller = \"Topic\", page = \"\", area = \"\"}". Executing controller action with signature "System.Threading.Tasks.Task`1[Microsoft.AspNetCore.Mvc.IActionResult] TopicTable()" on controller "Forum.Controllers.TopicController" ("Forum").
2023-10-24 12:04:52.114 +02:00 [Information] Executing ViewResult, running view "TopicTable".
2023-10-24 12:04:52.121 +02:00 [Information] Executed ViewResult - view "TopicTable" executed in 7.6669ms.
2023-10-24 12:04:52.121 +02:00 [Information] Executed action "Forum.Controllers.TopicController.TopicTable (Forum)" in 13.9761ms
2023-10-24 12:04:52.121 +02:00 [Information] Executed endpoint '"Forum.Controllers.TopicController.TopicTable (Forum)"'
2023-10-24 12:04:52.122 +02:00 [Information] Request finished HTTP/2 GET https://localhost:7205/Topic/TopicTable - - - 200 - text/html;+charset=utf-8 16.8754ms
2023-10-24 12:04:52.139 +02:00 [Information] Request starting HTTP/2 GET https://localhost:7205/Topic/style.css - -
2023-10-24 12:04:52.139 +02:00 [Information] Request starting HTTP/2 GET https://localhost:7205/_vs/browserLink - -
2023-10-24 12:04:52.139 +02:00 [Information] Request starting HTTP/2 GET https://localhost:7205/_framework/aspnetcore-browser-refresh.js - -
2023-10-24 12:04:52.139 +02:00 [Information] Request finished HTTP/2 GET https://localhost:7205/_framework/aspnetcore-browser-refresh.js - - - 200 12342 application/javascript;+charset=utf-8 0.1442ms
2023-10-24 12:04:52.141 +02:00 [Information] Request finished HTTP/2 GET https://localhost:7205/Topic/style.css - - - 404 0 - 1.6856ms
2023-10-24 12:04:52.141 +02:00 [Information] Request finished HTTP/2 GET https://localhost:7205/_vs/browserLink - - - 200 - text/javascript;+charset=UTF-8 1.7639ms
2023-10-24 12:04:55.066 +02:00 [Information] Request starting HTTP/2 GET https://localhost:7205/Category/CategoryTable - -
2023-10-24 12:04:55.066 +02:00 [Information] Executing endpoint '"Forum.Controllers.CategoryController.CategoryTable (Forum)"'
2023-10-24 12:04:55.066 +02:00 [Information] Route matched with "{action = \"CategoryTable\", controller = \"Category\", page = \"\", area = \"\"}". Executing controller action with signature "System.Threading.Tasks.Task`1[Microsoft.AspNetCore.Mvc.IActionResult] CategoryTable()" on controller "Forum.Controllers.CategoryController" ("Forum").
2023-10-24 12:04:55.068 +02:00 [Information] Executing ViewResult, running view "CategoryTable".
2023-10-24 12:04:55.070 +02:00 [Information] Executed ViewResult - view "CategoryTable" executed in 1.8581ms.
2023-10-24 12:04:55.070 +02:00 [Information] Executed action "Forum.Controllers.CategoryController.CategoryTable (Forum)" in 3.4997ms
2023-10-24 12:04:55.070 +02:00 [Information] Executed endpoint '"Forum.Controllers.CategoryController.CategoryTable (Forum)"'
2023-10-24 12:04:55.071 +02:00 [Information] Request finished HTTP/2 GET https://localhost:7205/Category/CategoryTable - - - 200 - text/html;+charset=utf-8 4.9684ms
2023-10-24 12:04:55.088 +02:00 [Information] Request starting HTTP/2 GET https://localhost:7205/Category/style.css - -
2023-10-24 12:04:55.088 +02:00 [Information] Request finished HTTP/2 GET https://localhost:7205/Category/style.css - - - 404 0 - 0.4888ms
2023-10-24 12:04:55.088 +02:00 [Information] Request starting HTTP/2 GET https://localhost:7205/_vs/browserLink - -
2023-10-24 12:04:55.088 +02:00 [Information] Request starting HTTP/2 GET https://localhost:7205/_framework/aspnetcore-browser-refresh.js - -
2023-10-24 12:04:55.089 +02:00 [Information] Request finished HTTP/2 GET https://localhost:7205/_framework/aspnetcore-browser-refresh.js - - - 200 12342 application/javascript;+charset=utf-8 0.1127ms
2023-10-24 12:04:55.090 +02:00 [Information] Request finished HTTP/2 GET https://localhost:7205/_vs/browserLink - - - 200 - text/javascript;+charset=UTF-8 1.6949ms
2023-10-24 12:04:58.808 +02:00 [Information] Request starting HTTP/2 GET https://localhost:7205/ - -
2023-10-24 12:04:58.809 +02:00 [Information] Executing endpoint '"Forum.Controllers.HomeController.Index (Forum)"'
2023-10-24 12:04:58.809 +02:00 [Information] Route matched with "{action = \"Index\", controller = \"Home\", page = \"\", area = \"\"}". Executing controller action with signature "Microsoft.AspNetCore.Mvc.IActionResult Index()" on controller "Forum.Controllers.HomeController" ("Forum").
2023-10-24 12:04:58.809 +02:00 [Information] Executing ViewResult, running view "Index".
2023-10-24 12:04:58.811 +02:00 [Information] Executed ViewResult - view "Index" executed in 2.549ms.
2023-10-24 12:04:58.811 +02:00 [Information] Executed action "Forum.Controllers.HomeController.Index (Forum)" in 2.6549ms
2023-10-24 12:04:58.811 +02:00 [Information] Executed endpoint '"Forum.Controllers.HomeController.Index (Forum)"'
2023-10-24 12:04:58.812 +02:00 [Information] Request finished HTTP/2 GET https://localhost:7205/ - - - 200 - text/html;+charset=utf-8 4.1782ms
2023-10-24 12:04:58.827 +02:00 [Information] Request starting HTTP/2 GET https://localhost:7205/style.css - -
2023-10-24 12:04:58.828 +02:00 [Information] Request finished HTTP/2 GET https://localhost:7205/style.css - - - 404 0 - 0.4920ms
2023-10-24 12:04:58.833 +02:00 [Information] Request starting HTTP/2 GET https://localhost:7205/_framework/aspnetcore-browser-refresh.js - -
2023-10-24 12:04:58.833 +02:00 [Information] Request finished HTTP/2 GET https://localhost:7205/_framework/aspnetcore-browser-refresh.js - - - 200 12342 application/javascript;+charset=utf-8 0.1682ms
2023-10-24 12:04:58.833 +02:00 [Information] Request starting HTTP/2 GET https://localhost:7205/_vs/browserLink - -
2023-10-24 12:04:58.835 +02:00 [Information] Request finished HTTP/2 GET https://localhost:7205/_vs/browserLink - - - 200 - text/javascript;+charset=UTF-8 1.6082ms
2023-10-24 12:05:07.557 +02:00 [Information] Request starting HTTP/2 GET https://localhost:7205/style.css - -
2023-10-24 12:05:07.557 +02:00 [Information] Request finished HTTP/2 GET https://localhost:7205/style.css - - - 404 0 - 0.4297ms
2023-10-24 12:05:07.672 +02:00 [Information] Request starting HTTP/2 GET https://localhost:7205/lib/bootstrap/js/bootstrap.js.map - -
2023-10-24 12:05:07.681 +02:00 [Information] Sending file. Request path: '"/lib/bootstrap/js/bootstrap.js.map"'. Physical path: '"C:\Users\abdik\Source\Repos\Forum\MyShop\wwwroot\lib\bootstrap\js\bootstrap.js.map"'
2023-10-24 12:05:07.681 +02:00 [Information] Request finished HTTP/2 GET https://localhost:7205/lib/bootstrap/js/bootstrap.js.map - - - 200 289522 text/plain 9.1079ms
2023-10-24 12:05:29.966 +02:00 [Information] Request starting HTTP/2 GET https://localhost:7205/Room/RoomTable - -
2023-10-24 12:05:29.967 +02:00 [Information] Executing endpoint '"Forum.Controllers.RoomController.RoomTable (Forum)"'
2023-10-24 12:05:29.967 +02:00 [Information] Route matched with "{action = \"RoomTable\", controller = \"Room\", page = \"\", area = \"\"}". Executing controller action with signature "System.Threading.Tasks.Task`1[Microsoft.AspNetCore.Mvc.IActionResult] RoomTable()" on controller "Forum.Controllers.RoomController" ("Forum").
2023-10-24 12:05:29.969 +02:00 [Information] Executing ViewResult, running view "RoomTable".
2023-10-24 12:05:29.971 +02:00 [Information] Executed ViewResult - view "RoomTable" executed in 1.8377ms.
2023-10-24 12:05:29.971 +02:00 [Information] Executed action "Forum.Controllers.RoomController.RoomTable (Forum)" in 3.9248ms
2023-10-24 12:05:29.971 +02:00 [Information] Executed endpoint '"Forum.Controllers.RoomController.RoomTable (Forum)"'
2023-10-24 12:05:29.972 +02:00 [Information] Request finished HTTP/2 GET https://localhost:7205/Room/RoomTable - - - 200 - text/html;+charset=utf-8 5.4308ms
2023-10-24 12:05:29.990 +02:00 [Information] Request starting HTTP/2 GET https://localhost:7205/_vs/browserLink - -
2023-10-24 12:05:29.990 +02:00 [Information] Request starting HTTP/2 GET https://localhost:7205/Room/style.css - -
2023-10-24 12:05:29.990 +02:00 [Information] Request starting HTTP/2 GET https://localhost:7205/_framework/aspnetcore-browser-refresh.js - -
2023-10-24 12:05:29.991 +02:00 [Information] Request finished HTTP/2 GET https://localhost:7205/_framework/aspnetcore-browser-refresh.js - - - 200 12342 application/javascript;+charset=utf-8 0.1118ms
2023-10-24 12:05:29.991 +02:00 [Information] Request finished HTTP/2 GET https://localhost:7205/Room/style.css - - - 404 0 - 0.4686ms
2023-10-24 12:05:29.992 +02:00 [Information] Request finished HTTP/2 GET https://localhost:7205/_vs/browserLink - - - 200 - text/javascript;+charset=UTF-8 1.6571ms
2023-10-24 12:05:40.733 +02:00 [Information] Request starting HTTP/2 GET https://localhost:7205/ - -
2023-10-24 12:05:40.734 +02:00 [Information] Executing endpoint '"Forum.Controllers.HomeController.Index (Forum)"'
2023-10-24 12:05:40.734 +02:00 [Information] Route matched with "{action = \"Index\", controller = \"Home\", page = \"\", area = \"\"}". Executing controller action with signature "Microsoft.AspNetCore.Mvc.IActionResult Index()" on controller "Forum.Controllers.HomeController" ("Forum").
2023-10-24 12:05:40.734 +02:00 [Information] Executing ViewResult, running view "Index".
2023-10-24 12:05:40.737 +02:00 [Information] Executed ViewResult - view "Index" executed in 2.9595ms.
2023-10-24 12:05:40.737 +02:00 [Information] Executed action "Forum.Controllers.HomeController.Index (Forum)" in 3.0669ms
2023-10-24 12:05:40.737 +02:00 [Information] Executed endpoint '"Forum.Controllers.HomeController.Index (Forum)"'
2023-10-24 12:05:40.738 +02:00 [Information] Request finished HTTP/2 GET https://localhost:7205/ - - - 200 - text/html;+charset=utf-8 4.9824ms
2023-10-24 12:05:40.769 +02:00 [Information] Request starting HTTP/2 GET https://localhost:7205/style.css - -
2023-10-24 12:05:40.770 +02:00 [Information] Request finished HTTP/2 GET https://localhost:7205/style.css - - - 404 0 - 0.3711ms
2023-10-24 12:05:40.777 +02:00 [Information] Request starting HTTP/2 GET https://localhost:7205/_framework/aspnetcore-browser-refresh.js - -
2023-10-24 12:05:40.778 +02:00 [Information] Request finished HTTP/2 GET https://localhost:7205/_framework/aspnetcore-browser-refresh.js - - - 200 12342 application/javascript;+charset=utf-8 0.1628ms
2023-10-24 12:05:40.780 +02:00 [Information] Request starting HTTP/2 GET https://localhost:7205/_vs/browserLink - -
2023-10-24 12:05:40.782 +02:00 [Information] Request finished HTTP/2 GET https://localhost:7205/_vs/browserLink - - - 200 - text/javascript;+charset=UTF-8 1.5447ms
2023-10-24 12:07:25.379 +02:00 [Information] Request starting HTTP/2 GET https://localhost:7205/_framework/clear-browser-cache - -
2023-10-24 12:07:25.380 +02:00 [Information] Request finished HTTP/2 GET https://localhost:7205/_framework/clear-browser-cache - - - 200 0 - 0.6379ms
