2023-10-30 21:17:59.487 +01:00 [Information] User profile is available. Using '"C:\Users\abdik\AppData\Local\ASP.NET\DataProtection-Keys"' as key repository and Windows DPAPI to encrypt keys at rest.
2023-10-30 21:17:59.978 +01:00 [Information] Now listening on: "https://localhost:7205"
2023-10-30 21:17:59.978 +01:00 [Information] Now listening on: "http://localhost:5112"
2023-10-30 21:17:59.982 +01:00 [Information] Application started. Press Ctrl+C to shut down.
2023-10-30 21:17:59.982 +01:00 [Information] Hosting environment: "Development"
2023-10-30 21:17:59.982 +01:00 [Information] Content root path: "C:\Users\abdik\Source\Repos\Forum\MyShop\"
2023-10-30 21:18:00.098 +01:00 [Information] Request starting HTTP/2 GET https://localhost:7205/Room/RoomDetails/1 - -
2023-10-30 21:18:00.200 +01:00 [Information] Executing endpoint '"Forum.Controllers.RoomController.RoomDetails (Forum)"'
2023-10-30 21:18:00.215 +01:00 [Information] Route matched with "{action = \"RoomDetails\", controller = \"Room\", page = \"\", area = \"\"}". Executing controller action with signature "System.Threading.Tasks.Task`1[Microsoft.AspNetCore.Mvc.IActionResult] RoomDetails(Int32)" on controller "Forum.Controllers.RoomController" ("Forum").
2023-10-30 21:18:00.221 +01:00 [Information] RoomDetails called with Room ID: 1
2023-10-30 21:18:00.240 +01:00 [Information] Executing ViewResult, running view "RoomDetails".
2023-10-30 21:18:00.391 +01:00 [Information] Executed ViewResult - view "RoomDetails" executed in 150.714ms.
2023-10-30 21:18:00.393 +01:00 [Information] Executed action "Forum.Controllers.RoomController.RoomDetails (Forum)" in 177.5312ms
2023-10-30 21:18:00.393 +01:00 [Information] Executed endpoint '"Forum.Controllers.RoomController.RoomDetails (Forum)"'
2023-10-30 21:18:00.405 +01:00 [Information] Request finished HTTP/2 GET https://localhost:7205/Room/RoomDetails/1 - - - 200 - text/html;+charset=utf-8 308.6917ms
2023-10-30 21:18:00.405 +01:00 [Information] Request starting HTTP/2 GET https://localhost:7205/lib/bootstrap/js/bootstrap.js - -
2023-10-30 21:18:00.417 +01:00 [Information] Sending file. Request path: '"/lib/bootstrap/js/bootstrap.js"'. Physical path: '"C:\Users\abdik\Source\Repos\Forum\MyShop\wwwroot\lib\bootstrap\js\bootstrap.js"'
2023-10-30 21:18:00.417 +01:00 [Information] Request finished HTTP/2 GET https://localhost:7205/lib/bootstrap/js/bootstrap.js - - - 200 153194 application/javascript 11.7493ms
2023-10-30 21:18:00.436 +01:00 [Information] Request starting HTTP/2 GET https://localhost:7205/css/style.css?v=Tb4Pfccy8831dJdOy1d0eVRXG3wMRFWv6l-k6kufTKc - -
2023-10-30 21:18:00.437 +01:00 [Information] Sending file. Request path: '"/css/style.css"'. Physical path: '"C:\Users\abdik\Source\Repos\Forum\MyShop\wwwroot\css\style.css"'
2023-10-30 21:18:00.437 +01:00 [Information] Request finished HTTP/2 GET https://localhost:7205/css/style.css?v=Tb4Pfccy8831dJdOy1d0eVRXG3wMRFWv6l-k6kufTKc - - - 200 12873 text/css 1.0037ms
2023-10-30 21:18:00.441 +01:00 [Information] Request starting HTTP/2 GET https://localhost:7205/lib/jquery-validate/jquery.validate.js - -
2023-10-30 21:18:00.441 +01:00 [Information] Request starting HTTP/2 GET https://localhost:7205/lib/jquery-validation-unobtrusive/jquery.validate.unobtrusive.js - -
2023-10-30 21:18:00.441 +01:00 [Information] Request starting HTTP/2 GET https://localhost:7205/_framework/aspnetcore-browser-refresh.js - -
2023-10-30 21:18:00.442 +01:00 [Information] Sending file. Request path: '"/lib/jquery-validation-unobtrusive/jquery.validate.unobtrusive.js"'. Physical path: '"C:\Users\abdik\Source\Repos\Forum\MyShop\wwwroot\lib\jquery-validation-unobtrusive\jquery.validate.unobtrusive.js"'
2023-10-30 21:18:00.442 +01:00 [Information] Sending file. Request path: '"/lib/jquery-validate/jquery.validate.js"'. Physical path: '"C:\Users\abdik\Source\Repos\Forum\MyShop\wwwroot\lib\jquery-validate\jquery.validate.js"'
2023-10-30 21:18:00.442 +01:00 [Information] Request finished HTTP/2 GET https://localhost:7205/lib/jquery-validation-unobtrusive/jquery.validate.unobtrusive.js - - - 200 19820 application/javascript 0.6257ms
2023-10-30 21:18:00.442 +01:00 [Information] Request finished HTTP/2 GET https://localhost:7205/lib/jquery-validate/jquery.validate.js - - - 200 53841 application/javascript 0.8493ms
2023-10-30 21:18:00.443 +01:00 [Information] Request finished HTTP/2 GET https://localhost:7205/_framework/aspnetcore-browser-refresh.js - - - 200 12342 application/javascript;+charset=utf-8 1.2681ms
2023-10-30 21:18:00.445 +01:00 [Information] Request starting HTTP/2 GET https://localhost:7205/_vs/browserLink - -
2023-10-30 21:18:00.450 +01:00 [Information] Request finished HTTP/2 GET https://localhost:7205/_vs/browserLink - - - 200 - text/javascript;+charset=UTF-8 5.3431ms
