2023-10-24 17:28:50.817 +02:00 [Information] User profile is available. Using '"C:\Users\abdik\AppData\Local\ASP.NET\DataProtection-Keys"' as key repository and Windows DPAPI to encrypt keys at rest.
2023-10-24 17:28:51.223 +02:00 [Information] Now listening on: "https://localhost:7205"
2023-10-24 17:28:51.223 +02:00 [Information] Now listening on: "http://localhost:5112"
2023-10-24 17:28:51.226 +02:00 [Information] Application started. Press Ctrl+C to shut down.
2023-10-24 17:28:51.226 +02:00 [Information] Hosting environment: "Development"
2023-10-24 17:28:51.226 +02:00 [Information] Content root path: "C:\Users\abdik\Source\Repos\Forum\MyShop\"
2023-10-24 17:28:51.464 +02:00 [Information] Request starting HTTP/2 GET https://localhost:7205/ - -
2023-10-24 17:28:51.506 +02:00 [Information] Executing endpoint '"Forum.Controllers.HomeController.Index (Forum)"'
2023-10-24 17:28:51.515 +02:00 [Information] Route matched with "{action = \"Index\", controller = \"Home\", page = \"\", area = \"\"}". Executing controller action with signature "System.Threading.Tasks.Task`1[Microsoft.AspNetCore.Mvc.IActionResult] Index()" on controller "Forum.Controllers.HomeController" ("Forum").
2023-10-24 17:28:51.536 +02:00 [Information] Executing ViewResult, running view "Index".
2023-10-24 17:28:51.648 +02:00 [Information] Executed ViewResult - view "Index" executed in 111.246ms.
2023-10-24 17:28:51.649 +02:00 [Information] Executed action "Forum.Controllers.HomeController.Index (Forum)" in 134.323ms
2023-10-24 17:28:51.650 +02:00 [Information] Executed endpoint '"Forum.Controllers.HomeController.Index (Forum)"'
2023-10-24 17:28:51.661 +02:00 [Information] Request finished HTTP/2 GET https://localhost:7205/ - - - 200 - text/html;+charset=utf-8 199.9415ms
2023-10-24 17:28:51.686 +02:00 [Information] Request starting HTTP/2 GET https://localhost:7205/style.css - -
2023-10-24 17:28:51.688 +02:00 [Information] Request finished HTTP/2 GET https://localhost:7205/style.css - - - 404 0 - 2.3444ms
2023-10-24 17:28:51.717 +02:00 [Information] Request starting HTTP/2 GET https://localhost:7205/_framework/aspnetcore-browser-refresh.js - -
2023-10-24 17:28:51.719 +02:00 [Information] Request finished HTTP/2 GET https://localhost:7205/_framework/aspnetcore-browser-refresh.js - - - 200 12342 application/javascript;+charset=utf-8 1.9525ms
2023-10-24 17:28:51.732 +02:00 [Information] Request starting HTTP/2 GET https://localhost:7205/_vs/browserLink - -
2023-10-24 17:28:51.739 +02:00 [Information] Request finished HTTP/2 GET https://localhost:7205/_vs/browserLink - - - 200 - text/javascript;+charset=UTF-8 6.7048ms
