2023-10-24 13:07:24.904 +02:00 [Information] User profile is available. Using '"C:\Users\abdik\AppData\Local\ASP.NET\DataProtection-Keys"' as key repository and Windows DPAPI to encrypt keys at rest.
2023-10-24 13:07:25.292 +02:00 [Information] Now listening on: "https://localhost:7205"
2023-10-24 13:07:25.292 +02:00 [Information] Now listening on: "http://localhost:5112"
2023-10-24 13:07:25.295 +02:00 [Information] Application started. Press Ctrl+C to shut down.
2023-10-24 13:07:25.295 +02:00 [Information] Hosting environment: "Development"
2023-10-24 13:07:25.295 +02:00 [Information] Content root path: "C:\Users\abdik\Source\Repos\Forum\MyShop\"
2023-10-24 13:07:25.600 +02:00 [Information] Request starting HTTP/2 GET https://localhost:7205/ - -
2023-10-24 13:07:25.637 +02:00 [Information] Executing endpoint '"Forum.Controllers.HomeController.Index (Forum)"'
2023-10-24 13:07:25.644 +02:00 [Information] Route matched with "{action = \"Index\", controller = \"Home\", page = \"\", area = \"\"}". Executing controller action with signature "Microsoft.AspNetCore.Mvc.IActionResult Index()" on controller "Forum.Controllers.HomeController" ("Forum").
2023-10-24 13:07:25.648 +02:00 [Information] Executing ViewResult, running view "Index".
2023-10-24 13:07:25.753 +02:00 [Information] Executed ViewResult - view "Index" executed in 104.241ms.
2023-10-24 13:07:25.754 +02:00 [Information] Executed action "Forum.Controllers.HomeController.Index (Forum)" in 110.4627ms
2023-10-24 13:07:25.755 +02:00 [Information] Executed endpoint '"Forum.Controllers.HomeController.Index (Forum)"'
2023-10-24 13:07:25.767 +02:00 [Information] Request finished HTTP/2 GET https://localhost:7205/ - - - 200 - text/html;+charset=utf-8 169.3909ms
2023-10-24 13:07:25.771 +02:00 [Information] Request starting HTTP/2 GET https://localhost:7205/_framework/aspnetcore-browser-refresh.js - -
2023-10-24 13:07:25.771 +02:00 [Information] Request starting HTTP/2 GET https://localhost:7205/style.css - -
2023-10-24 13:07:25.773 +02:00 [Information] Request finished HTTP/2 GET https://localhost:7205/_framework/aspnetcore-browser-refresh.js - - - 200 12342 application/javascript;+charset=utf-8 2.1857ms
2023-10-24 13:07:25.774 +02:00 [Information] Request finished HTTP/2 GET https://localhost:7205/style.css - - - 404 0 - 2.9849ms
2023-10-24 13:07:25.780 +02:00 [Information] Request starting HTTP/2 GET https://localhost:7205/_vs/browserLink - -
2023-10-24 13:07:25.786 +02:00 [Information] Request finished HTTP/2 GET https://localhost:7205/_vs/browserLink - - - 200 - text/javascript;+charset=UTF-8 6.1188ms
