2023-10-24 10:50:36.155 +02:00 [Information] User profile is available. Using '"C:\Users\abdik\AppData\Local\ASP.NET\DataProtection-Keys"' as key repository and Windows DPAPI to encrypt keys at rest.
2023-10-24 10:50:36.557 +02:00 [Information] Now listening on: "https://localhost:7205"
2023-10-24 10:50:36.557 +02:00 [Information] Now listening on: "http://localhost:5112"
2023-10-24 10:50:36.560 +02:00 [Information] Application started. Press Ctrl+C to shut down.
2023-10-24 10:50:36.560 +02:00 [Information] Hosting environment: "Development"
2023-10-24 10:50:36.560 +02:00 [Information] Content root path: "C:\Users\abdik\Source\Repos\Forum\MyShop\"
2023-10-24 10:50:36.828 +02:00 [Information] Request starting HTTP/2 GET https://localhost:7205/ - -
2023-10-24 10:50:36.865 +02:00 [Information] Executing endpoint '"Forum.Controllers.HomeController.Index (Forum)"'
2023-10-24 10:50:36.872 +02:00 [Information] Route matched with "{action = \"Index\", controller = \"Home\", page = \"\", area = \"\"}". Executing controller action with signature "Microsoft.AspNetCore.Mvc.IActionResult Index()" on controller "Forum.Controllers.HomeController" ("Forum").
2023-10-24 10:50:36.876 +02:00 [Information] Executing ViewResult, running view "Index".
2023-10-24 10:50:36.976 +02:00 [Information] Executed ViewResult - view "Index" executed in 98.151ms.
2023-10-24 10:50:36.977 +02:00 [Information] Executed action "Forum.Controllers.HomeController.Index (Forum)" in 105.2058ms
2023-10-24 10:50:36.978 +02:00 [Information] Executed endpoint '"Forum.Controllers.HomeController.Index (Forum)"'
2023-10-24 10:50:36.990 +02:00 [Information] Request finished HTTP/2 GET https://localhost:7205/ - - - 200 - text/html;+charset=utf-8 164.6347ms
2023-10-24 10:50:36.996 +02:00 [Information] Request starting HTTP/2 GET https://localhost:7205/style.css - -
2023-10-24 10:50:36.999 +02:00 [Information] Request finished HTTP/2 GET https://localhost:7205/style.css - - - 404 0 - 2.9492ms
2023-10-24 10:50:37.003 +02:00 [Information] Request starting HTTP/2 GET https://localhost:7205/_framework/aspnetcore-browser-refresh.js - -
2023-10-24 10:50:37.005 +02:00 [Information] Request finished HTTP/2 GET https://localhost:7205/_framework/aspnetcore-browser-refresh.js - - - 200 12342 application/javascript;+charset=utf-8 1.4463ms
2023-10-24 10:50:37.013 +02:00 [Information] Request starting HTTP/2 GET https://localhost:7205/_vs/browserLink - -
2023-10-24 10:50:37.020 +02:00 [Information] Request finished HTTP/2 GET https://localhost:7205/_vs/browserLink - - - 200 - text/javascript;+charset=UTF-8 7.0428ms
