2023-10-29 20:59:37.196 +01:00 [Information] User profile is available. Using '"C:\Users\latif\AppData\Local\ASP.NET\DataProtection-Keys"' as key repository and Windows DPAPI to encrypt keys at rest.
2023-10-29 20:59:38.355 +01:00 [Information] Now listening on: "https://localhost:7205"
2023-10-29 20:59:38.358 +01:00 [Information] Now listening on: "http://localhost:5112"
2023-10-29 20:59:38.367 +01:00 [Information] Application started. Press Ctrl+C to shut down.
2023-10-29 20:59:38.370 +01:00 [Information] Hosting environment: "Development"
2023-10-29 20:59:38.372 +01:00 [Information] Content root path: "C:\Users\latif\source\repos\PROJECT_1WEB\Forum\MyShop\"
2023-10-29 20:59:39.083 +01:00 [Information] Request starting HTTP/2 GET https://localhost:7205/ - -
2023-10-29 20:59:39.241 +01:00 [Information] Executing endpoint '"Forum.Controllers.HomeController.Index (Forum)"'
2023-10-29 20:59:39.279 +01:00 [Information] Route matched with "{action = \"Index\", controller = \"Home\", page = \"\", area = \"\"}". Executing controller action with signature "System.Threading.Tasks.Task`1[Microsoft.AspNetCore.Mvc.IActionResult] Index()" on controller "Forum.Controllers.HomeController" ("Forum").
2023-10-29 20:59:39.429 +01:00 [Information] Executing action method "Forum.Controllers.HomeController.Index (Forum)" - Validation state: Valid
2023-10-29 20:59:39.547 +01:00 [Information] Executed action method "Forum.Controllers.HomeController.Index (Forum)", returned result "Microsoft.AspNetCore.Mvc.ViewResult" in 102.8058ms.
2023-10-29 20:59:39.573 +01:00 [Information] Executing ViewResult, running view "Index".
2023-10-29 20:59:40.310 +01:00 [Information] Executed ViewResult - view "Index" executed in 742.482ms.
2023-10-29 20:59:40.326 +01:00 [Information] Executed action "Forum.Controllers.HomeController.Index (Forum)" in 1045.9131ms
2023-10-29 20:59:40.328 +01:00 [Information] Executed endpoint '"Forum.Controllers.HomeController.Index (Forum)"'
2023-10-29 20:59:40.410 +01:00 [Information] Request starting HTTP/2 GET https://localhost:7205/css/style.css?v=GYaCYPZ07dHz6FUjm8c2W3Scx--sF5hSAK8OsHIcejs - -
2023-10-29 20:59:40.425 +01:00 [Information] Request finished HTTP/2 GET https://localhost:7205/ - - - 200 - text/html;+charset=utf-8 1345.4424ms
2023-10-29 20:59:40.439 +01:00 [Information] Request starting HTTP/2 GET https://localhost:7205/_framework/aspnetcore-browser-refresh.js - -
2023-10-29 20:59:40.455 +01:00 [Information] Request starting HTTP/2 GET https://localhost:7205/_vs/browserLink - -
2023-10-29 20:59:40.456 +01:00 [Information] Request finished HTTP/2 GET https://localhost:7205/_framework/aspnetcore-browser-refresh.js - - - 200 12342 application/javascript;+charset=utf-8 16.2668ms
2023-10-29 20:59:40.492 +01:00 [Information] Sending file. Request path: '"/css/style.css"'. Physical path: '"C:\Users\latif\source\repos\PROJECT_1WEB\Forum\MyShop\wwwroot\css\style.css"'
2023-10-29 20:59:40.492 +01:00 [Information] Request finished HTTP/2 GET https://localhost:7205/css/style.css?v=GYaCYPZ07dHz6FUjm8c2W3Scx--sF5hSAK8OsHIcejs - - - 200 7283 text/css 82.5208ms
2023-10-29 20:59:40.494 +01:00 [Information] Request finished HTTP/2 GET https://localhost:7205/_vs/browserLink - - - 200 - text/javascript;+charset=UTF-8 38.8305ms
2023-10-29 20:59:40.598 +01:00 [Information] Request starting HTTP/2 GET https://localhost:7205/favicon.ico - -
2023-10-29 20:59:40.604 +01:00 [Information] Request finished HTTP/2 GET https://localhost:7205/favicon.ico - - - 404 0 - 6.0198ms
2023-10-29 20:59:42.346 +01:00 [Information] Request starting HTTP/2 GET https://localhost:7205/Category/CategoryTable - -
2023-10-29 20:59:42.351 +01:00 [Information] Executing endpoint '"Forum.Controllers.CategoryController.CategoryTable (Forum)"'
2023-10-29 20:59:42.354 +01:00 [Information] Route matched with "{action = \"CategoryTable\", controller = \"Category\", page = \"\", area = \"\"}". Executing controller action with signature "System.Threading.Tasks.Task`1[Microsoft.AspNetCore.Mvc.IActionResult] CategoryTable()" on controller "Forum.Controllers.CategoryController" ("Forum").
2023-10-29 20:59:42.393 +01:00 [Information] Executing action method "Forum.Controllers.CategoryController.CategoryTable (Forum)" - Validation state: Valid
2023-10-29 20:59:42.434 +01:00 [Information] Executed action method "Forum.Controllers.CategoryController.CategoryTable (Forum)", returned result "Microsoft.AspNetCore.Mvc.ViewResult" in 40.8324ms.
2023-10-29 20:59:42.436 +01:00 [Information] Executing ViewResult, running view "CategoryTable".
2023-10-29 20:59:42.493 +01:00 [Information] Executed ViewResult - view "CategoryTable" executed in 58.3685ms.
2023-10-29 20:59:42.494 +01:00 [Information] Executed action "Forum.Controllers.CategoryController.CategoryTable (Forum)" in 138.803ms
2023-10-29 20:59:42.494 +01:00 [Information] Executed endpoint '"Forum.Controllers.CategoryController.CategoryTable (Forum)"'
2023-10-29 20:59:42.496 +01:00 [Information] Request finished HTTP/2 GET https://localhost:7205/Category/CategoryTable - - - 200 - text/html;+charset=utf-8 150.0765ms
2023-10-29 20:59:42.508 +01:00 [Information] Request starting HTTP/2 GET https://localhost:7205/_framework/aspnetcore-browser-refresh.js - -
2023-10-29 20:59:42.509 +01:00 [Information] Request starting HTTP/2 GET https://localhost:7205/css/style.css?v=GYaCYPZ07dHz6FUjm8c2W3Scx--sF5hSAK8OsHIcejs - -
2023-10-29 20:59:42.509 +01:00 [Information] Request starting HTTP/2 GET https://localhost:7205/_vs/browserLink - -
2023-10-29 20:59:42.509 +01:00 [Information] Request finished HTTP/2 GET https://localhost:7205/_framework/aspnetcore-browser-refresh.js - - - 200 12342 application/javascript;+charset=utf-8 0.9774ms
2023-10-29 20:59:42.525 +01:00 [Information] The file "/css/style.css" was not modified
2023-10-29 20:59:42.526 +01:00 [Information] Request finished HTTP/2 GET https://localhost:7205/css/style.css?v=GYaCYPZ07dHz6FUjm8c2W3Scx--sF5hSAK8OsHIcejs - - - 304 - text/css 17.4960ms
2023-10-29 20:59:42.526 +01:00 [Information] Request finished HTTP/2 GET https://localhost:7205/_vs/browserLink - - - 200 - text/javascript;+charset=UTF-8 18.3413ms
2023-10-29 20:59:43.794 +01:00 [Information] Request starting HTTP/2 GET https://localhost:7205/Room/RoomTable - -
2023-10-29 20:59:43.796 +01:00 [Information] Executing endpoint '"Forum.Controllers.RoomController.RoomTable (Forum)"'
2023-10-29 20:59:43.801 +01:00 [Information] Route matched with "{action = \"RoomTable\", controller = \"Room\", page = \"\", area = \"\"}". Executing controller action with signature "System.Threading.Tasks.Task`1[Microsoft.AspNetCore.Mvc.IActionResult] RoomTable()" on controller "Forum.Controllers.RoomController" ("Forum").
2023-10-29 20:59:43.843 +01:00 [Information] Executing action method "Forum.Controllers.RoomController.RoomTable (Forum)" - Validation state: Valid
2023-10-29 20:59:43.894 +01:00 [Information] Executed action method "Forum.Controllers.RoomController.RoomTable (Forum)", returned result "Microsoft.AspNetCore.Mvc.ViewResult" in 51.0104ms.
2023-10-29 20:59:43.895 +01:00 [Information] Executing ViewResult, running view "RoomTable".
2023-10-29 20:59:43.922 +01:00 [Information] Executed ViewResult - view "RoomTable" executed in 27.3405ms.
2023-10-29 20:59:43.922 +01:00 [Information] Executed action "Forum.Controllers.RoomController.RoomTable (Forum)" in 120.5483ms
2023-10-29 20:59:43.922 +01:00 [Information] Executed endpoint '"Forum.Controllers.RoomController.RoomTable (Forum)"'
2023-10-29 20:59:43.926 +01:00 [Information] Request finished HTTP/2 GET https://localhost:7205/Room/RoomTable - - - 200 - text/html;+charset=utf-8 131.4890ms
2023-10-29 20:59:43.937 +01:00 [Information] Request starting HTTP/2 GET https://localhost:7205/css/style.css?v=GYaCYPZ07dHz6FUjm8c2W3Scx--sF5hSAK8OsHIcejs - -
2023-10-29 20:59:43.937 +01:00 [Information] Request starting HTTP/2 GET https://localhost:7205/_vs/browserLink - -
2023-10-29 20:59:43.937 +01:00 [Information] Request starting HTTP/2 GET https://localhost:7205/_framework/aspnetcore-browser-refresh.js - -
2023-10-29 20:59:43.938 +01:00 [Information] The file "/css/style.css" was not modified
2023-10-29 20:59:43.938 +01:00 [Information] Request finished HTTP/2 GET https://localhost:7205/_framework/aspnetcore-browser-refresh.js - - - 200 12342 application/javascript;+charset=utf-8 1.2811ms
2023-10-29 20:59:43.938 +01:00 [Information] Request finished HTTP/2 GET https://localhost:7205/css/style.css?v=GYaCYPZ07dHz6FUjm8c2W3Scx--sF5hSAK8OsHIcejs - - - 304 - text/css 1.4391ms
2023-10-29 20:59:43.942 +01:00 [Information] Request finished HTTP/2 GET https://localhost:7205/_vs/browserLink - - - 200 - text/javascript;+charset=UTF-8 5.7228ms
2023-10-29 20:59:44.821 +01:00 [Information] Request starting HTTP/2 GET https://localhost:7205/Topic/TopicTable - -
2023-10-29 20:59:44.823 +01:00 [Information] Executing endpoint '"Forum.Controllers.TopicController.TopicTable (Forum)"'
2023-10-29 20:59:44.829 +01:00 [Information] Route matched with "{action = \"TopicTable\", controller = \"Topic\", page = \"\", area = \"\"}". Executing controller action with signature "System.Threading.Tasks.Task`1[Microsoft.AspNetCore.Mvc.IActionResult] TopicTable()" on controller "Forum.Controllers.TopicController" ("Forum").
2023-10-29 20:59:44.864 +01:00 [Information] Executing action method "Forum.Controllers.TopicController.TopicTable (Forum)" - Validation state: Valid
2023-10-29 20:59:44.918 +01:00 [Information] Executed action method "Forum.Controllers.TopicController.TopicTable (Forum)", returned result "Microsoft.AspNetCore.Mvc.ViewResult" in 53.6698ms.
2023-10-29 20:59:44.919 +01:00 [Information] Executing ViewResult, running view "TopicTable".
2023-10-29 20:59:44.946 +01:00 [Information] Executed ViewResult - view "TopicTable" executed in 28.4215ms.
2023-10-29 20:59:44.947 +01:00 [Information] Executed action "Forum.Controllers.TopicController.TopicTable (Forum)" in 117.4692ms
2023-10-29 20:59:44.947 +01:00 [Information] Executed endpoint '"Forum.Controllers.TopicController.TopicTable (Forum)"'
2023-10-29 20:59:44.949 +01:00 [Information] Request finished HTTP/2 GET https://localhost:7205/Topic/TopicTable - - - 200 - text/html;+charset=utf-8 127.5900ms
2023-10-29 20:59:44.961 +01:00 [Information] Request starting HTTP/2 GET https://localhost:7205/_vs/browserLink - -
2023-10-29 20:59:44.961 +01:00 [Information] Request starting HTTP/2 GET https://localhost:7205/_framework/aspnetcore-browser-refresh.js - -
2023-10-29 20:59:44.961 +01:00 [Information] Request starting HTTP/2 GET https://localhost:7205/css/style.css?v=GYaCYPZ07dHz6FUjm8c2W3Scx--sF5hSAK8OsHIcejs - -
2023-10-29 20:59:44.962 +01:00 [Information] Request finished HTTP/2 GET https://localhost:7205/_framework/aspnetcore-browser-refresh.js - - - 200 12342 application/javascript;+charset=utf-8 0.8037ms
2023-10-29 20:59:44.962 +01:00 [Information] The file "/css/style.css" was not modified
2023-10-29 20:59:44.962 +01:00 [Information] Request finished HTTP/2 GET https://localhost:7205/css/style.css?v=GYaCYPZ07dHz6FUjm8c2W3Scx--sF5hSAK8OsHIcejs - - - 304 - text/css 1.6027ms
2023-10-29 20:59:44.965 +01:00 [Information] Request finished HTTP/2 GET https://localhost:7205/_vs/browserLink - - - 200 - text/javascript;+charset=UTF-8 4.1462ms
2023-10-29 20:59:48.325 +01:00 [Information] Request starting HTTP/2 GET https://localhost:7205/Category/CategoryTable - -
2023-10-29 20:59:48.329 +01:00 [Information] Executing endpoint '"Forum.Controllers.CategoryController.CategoryTable (Forum)"'
2023-10-29 20:59:48.329 +01:00 [Information] Route matched with "{action = \"CategoryTable\", controller = \"Category\", page = \"\", area = \"\"}". Executing controller action with signature "System.Threading.Tasks.Task`1[Microsoft.AspNetCore.Mvc.IActionResult] CategoryTable()" on controller "Forum.Controllers.CategoryController" ("Forum").
2023-10-29 20:59:48.360 +01:00 [Information] Executing action method "Forum.Controllers.CategoryController.CategoryTable (Forum)" - Validation state: Valid
2023-10-29 20:59:48.365 +01:00 [Information] Executed action method "Forum.Controllers.CategoryController.CategoryTable (Forum)", returned result "Microsoft.AspNetCore.Mvc.ViewResult" in 4.7957ms.
2023-10-29 20:59:48.365 +01:00 [Information] Executing ViewResult, running view "CategoryTable".
2023-10-29 20:59:48.372 +01:00 [Information] Executed ViewResult - view "CategoryTable" executed in 7.5162ms.
2023-10-29 20:59:48.373 +01:00 [Information] Executed action "Forum.Controllers.CategoryController.CategoryTable (Forum)" in 43.6544ms
2023-10-29 20:59:48.373 +01:00 [Information] Executed endpoint '"Forum.Controllers.CategoryController.CategoryTable (Forum)"'
2023-10-29 20:59:48.375 +01:00 [Information] Request finished HTTP/2 GET https://localhost:7205/Category/CategoryTable - - - 200 - text/html;+charset=utf-8 50.6067ms
2023-10-29 20:59:48.378 +01:00 [Information] Request starting HTTP/2 GET https://localhost:7205/_framework/aspnetcore-browser-refresh.js - -
2023-10-29 20:59:48.378 +01:00 [Information] Request starting HTTP/2 GET https://localhost:7205/css/style.css?v=GYaCYPZ07dHz6FUjm8c2W3Scx--sF5hSAK8OsHIcejs - -
2023-10-29 20:59:48.378 +01:00 [Information] Request starting HTTP/2 GET https://localhost:7205/_vs/browserLink - -
2023-10-29 20:59:48.378 +01:00 [Information] The file "/css/style.css" was not modified
2023-10-29 20:59:48.378 +01:00 [Information] Request finished HTTP/2 GET https://localhost:7205/css/style.css?v=GYaCYPZ07dHz6FUjm8c2W3Scx--sF5hSAK8OsHIcejs - - - 304 - text/css 1.0054ms
2023-10-29 20:59:48.378 +01:00 [Information] Request finished HTTP/2 GET https://localhost:7205/_framework/aspnetcore-browser-refresh.js - - - 200 12342 application/javascript;+charset=utf-8 0.8874ms
2023-10-29 20:59:48.384 +01:00 [Information] Request finished HTTP/2 GET https://localhost:7205/_vs/browserLink - - - 200 - text/javascript;+charset=UTF-8 6.0185ms
2023-10-29 20:59:50.556 +01:00 [Information] Request starting HTTP/2 GET https://localhost:7205/Category/CategoryGrid - -
2023-10-29 20:59:50.557 +01:00 [Information] Executing endpoint '"Forum.Controllers.CategoryController.CategoryGrid (Forum)"'
2023-10-29 20:59:50.561 +01:00 [Information] Route matched with "{action = \"CategoryGrid\", controller = \"Category\", page = \"\", area = \"\"}". Executing controller action with signature "System.Threading.Tasks.Task`1[Microsoft.AspNetCore.Mvc.IActionResult] CategoryGrid()" on controller "Forum.Controllers.CategoryController" ("Forum").
2023-10-29 20:59:50.597 +01:00 [Information] Executing action method "Forum.Controllers.CategoryController.CategoryGrid (Forum)" - Validation state: Valid
2023-10-29 20:59:50.604 +01:00 [Information] Executed action method "Forum.Controllers.CategoryController.CategoryGrid (Forum)", returned result "Microsoft.AspNetCore.Mvc.ViewResult" in 6.5751ms.
2023-10-29 20:59:50.606 +01:00 [Information] Executing ViewResult, running view "CategoryGrid".
2023-10-29 20:59:50.641 +01:00 [Information] Executed ViewResult - view "CategoryGrid" executed in 36.4766ms.
2023-10-29 20:59:50.641 +01:00 [Information] Executed action "Forum.Controllers.CategoryController.CategoryGrid (Forum)" in 80.0372ms
2023-10-29 20:59:50.641 +01:00 [Information] Executed endpoint '"Forum.Controllers.CategoryController.CategoryGrid (Forum)"'
2023-10-29 20:59:50.644 +01:00 [Information] Request finished HTTP/2 GET https://localhost:7205/Category/CategoryGrid - - - 200 - text/html;+charset=utf-8 87.9804ms
2023-10-29 20:59:50.656 +01:00 [Information] Request starting HTTP/2 GET https://localhost:7205/css/style.css?v=GYaCYPZ07dHz6FUjm8c2W3Scx--sF5hSAK8OsHIcejs - -
2023-10-29 20:59:50.656 +01:00 [Information] Request starting HTTP/2 GET https://localhost:7205/_framework/aspnetcore-browser-refresh.js - -
2023-10-29 20:59:50.657 +01:00 [Information] The file "/css/style.css" was not modified
2023-10-29 20:59:50.657 +01:00 [Information] Request finished HTTP/2 GET https://localhost:7205/css/style.css?v=GYaCYPZ07dHz6FUjm8c2W3Scx--sF5hSAK8OsHIcejs - - - 304 - text/css 0.8731ms
2023-10-29 20:59:50.657 +01:00 [Information] Request finished HTTP/2 GET https://localhost:7205/_framework/aspnetcore-browser-refresh.js - - - 200 12342 application/javascript;+charset=utf-8 0.7621ms
2023-10-29 20:59:50.658 +01:00 [Information] Request starting HTTP/2 GET https://localhost:7205/_vs/browserLink - -
2023-10-29 20:59:50.680 +01:00 [Information] Request finished HTTP/2 GET https://localhost:7205/_vs/browserLink - - - 200 - text/javascript;+charset=UTF-8 22.4422ms
2023-10-29 20:59:54.687 +01:00 [Information] Request starting HTTP/2 GET https://localhost:7205/Identity/Account/Login - -
2023-10-29 20:59:54.690 +01:00 [Information] Executing endpoint '"/Account/Login"'
2023-10-29 20:59:54.733 +01:00 [Information] Route matched with "{page = \"/Account/Login\", area = \"Identity\", action = \"\", controller = \"\"}". Executing page "/Account/Login"
2023-10-29 20:59:54.780 +01:00 [Information] Executing handler method "Forum.Areas.Identity.Pages.Account.LoginModel.OnGetAsync" - ModelState is Valid
2023-10-29 20:59:54.796 +01:00 [Information] AuthenticationScheme: "Identity.External" signed out.
2023-10-29 20:59:54.799 +01:00 [Information] Executed handler method "OnGetAsync", returned result "".
2023-10-29 20:59:54.808 +01:00 [Information] Executing an implicit handler method - ModelState is Valid
2023-10-29 20:59:54.808 +01:00 [Information] Executed an implicit handler method, returned result "Microsoft.AspNetCore.Mvc.RazorPages.PageResult".
2023-10-29 20:59:54.920 +01:00 [Information] Executed page "/Account/Login" in 186.7648ms
2023-10-29 20:59:54.920 +01:00 [Information] Executed endpoint '"/Account/Login"'
2023-10-29 20:59:54.925 +01:00 [Information] Request finished HTTP/2 GET https://localhost:7205/Identity/Account/Login - - - 200 - text/html;+charset=utf-8 237.1488ms
2023-10-29 20:59:54.927 +01:00 [Information] Request starting HTTP/2 GET https://localhost:7205/css/style.css?v=GYaCYPZ07dHz6FUjm8c2W3Scx--sF5hSAK8OsHIcejs - -
2023-10-29 20:59:54.928 +01:00 [Information] Request starting HTTP/2 GET https://localhost:7205/_framework/aspnetcore-browser-refresh.js - -
2023-10-29 20:59:54.928 +01:00 [Information] The file "/css/style.css" was not modified
2023-10-29 20:59:54.928 +01:00 [Information] Request finished HTTP/2 GET https://localhost:7205/css/style.css?v=GYaCYPZ07dHz6FUjm8c2W3Scx--sF5hSAK8OsHIcejs - - - 304 - text/css 0.8880ms
2023-10-29 20:59:54.928 +01:00 [Information] Request finished HTTP/2 GET https://localhost:7205/_framework/aspnetcore-browser-refresh.js - - - 200 12342 application/javascript;+charset=utf-8 0.4974ms
2023-10-29 20:59:54.934 +01:00 [Information] Request starting HTTP/2 GET https://localhost:7205/_vs/browserLink - -
2023-10-29 20:59:54.939 +01:00 [Information] Request finished HTTP/2 GET https://localhost:7205/_vs/browserLink - - - 200 - text/javascript;+charset=UTF-8 4.5153ms
2023-10-29 20:59:56.439 +01:00 [Information] Request starting HTTP/2 POST https://localhost:7205/Identity/Account/Login application/x-www-form-urlencoded 280
2023-10-29 20:59:56.449 +01:00 [Information] Executing endpoint '"/Account/Login"'
2023-10-29 20:59:56.449 +01:00 [Information] Route matched with "{page = \"/Account/Login\", area = \"Identity\", action = \"\", controller = \"\"}". Executing page "/Account/Login"
2023-10-29 20:59:56.508 +01:00 [Information] Executing handler method "Forum.Areas.Identity.Pages.Account.LoginModel.OnPostAsync" - ModelState is Valid
2023-10-29 20:59:56.868 +01:00 [Information] AuthenticationScheme: "Identity.Application" signed in.
2023-10-29 20:59:56.873 +01:00 [Information] User logged in.
2023-10-29 20:59:56.875 +01:00 [Information] Executed handler method "OnPostAsync", returned result "Microsoft.AspNetCore.Mvc.LocalRedirectResult".
2023-10-29 20:59:56.876 +01:00 [Information] Executing LocalRedirectResult, redirecting to "/".
2023-10-29 20:59:56.877 +01:00 [Information] Executed page "/Account/Login" in 427.2849ms
2023-10-29 20:59:56.877 +01:00 [Information] Executed endpoint '"/Account/Login"'
2023-10-29 20:59:56.877 +01:00 [Information] Request finished HTTP/2 POST https://localhost:7205/Identity/Account/Login application/x-www-form-urlencoded 280 - 302 0 - 438.5606ms
2023-10-29 20:59:56.882 +01:00 [Information] Request starting HTTP/2 GET https://localhost:7205/ - -
2023-10-29 20:59:56.897 +01:00 [Information] Executing endpoint '"Forum.Controllers.HomeController.Index (Forum)"'
2023-10-29 20:59:56.898 +01:00 [Information] Route matched with "{action = \"Index\", controller = \"Home\", page = \"\", area = \"\"}". Executing controller action with signature "System.Threading.Tasks.Task`1[Microsoft.AspNetCore.Mvc.IActionResult] Index()" on controller "Forum.Controllers.HomeController" ("Forum").
2023-10-29 20:59:56.927 +01:00 [Information] Executing action method "Forum.Controllers.HomeController.Index (Forum)" - Validation state: Valid
2023-10-29 20:59:56.934 +01:00 [Information] Executed action method "Forum.Controllers.HomeController.Index (Forum)", returned result "Microsoft.AspNetCore.Mvc.ViewResult" in 6.5732ms.
2023-10-29 20:59:56.934 +01:00 [Information] Executing ViewResult, running view "Index".
2023-10-29 20:59:57.006 +01:00 [Information] Executed ViewResult - view "Index" executed in 72.0226ms.
2023-10-29 20:59:57.007 +01:00 [Information] Executed action "Forum.Controllers.HomeController.Index (Forum)" in 109.0222ms
2023-10-29 20:59:57.007 +01:00 [Information] Executed endpoint '"Forum.Controllers.HomeController.Index (Forum)"'
2023-10-29 20:59:57.013 +01:00 [Information] Request finished HTTP/2 GET https://localhost:7205/ - - - 200 - text/html;+charset=utf-8 130.7850ms
2023-10-29 20:59:57.016 +01:00 [Information] Request starting HTTP/2 GET https://localhost:7205/css/style.css?v=GYaCYPZ07dHz6FUjm8c2W3Scx--sF5hSAK8OsHIcejs - -
2023-10-29 20:59:57.016 +01:00 [Information] The file "/css/style.css" was not modified
2023-10-29 20:59:57.016 +01:00 [Information] Request finished HTTP/2 GET https://localhost:7205/css/style.css?v=GYaCYPZ07dHz6FUjm8c2W3Scx--sF5hSAK8OsHIcejs - - - 304 - text/css 0.6046ms
2023-10-29 20:59:57.017 +01:00 [Information] Request starting HTTP/2 GET https://localhost:7205/_vs/browserLink - -
2023-10-29 20:59:57.017 +01:00 [Information] Request starting HTTP/2 GET https://localhost:7205/_framework/aspnetcore-browser-refresh.js - -
2023-10-29 20:59:57.017 +01:00 [Information] Request finished HTTP/2 GET https://localhost:7205/_framework/aspnetcore-browser-refresh.js - - - 200 12342 application/javascript;+charset=utf-8 0.6225ms
2023-10-29 20:59:57.021 +01:00 [Information] Request finished HTTP/2 GET https://localhost:7205/_vs/browserLink - - - 200 - text/javascript;+charset=UTF-8 4.6446ms
2023-10-29 20:59:58.703 +01:00 [Information] Request starting HTTP/2 GET https://localhost:7205/Category/CategoryTable - -
2023-10-29 20:59:58.711 +01:00 [Information] Executing endpoint '"Forum.Controllers.CategoryController.CategoryTable (Forum)"'
2023-10-29 20:59:58.711 +01:00 [Information] Route matched with "{action = \"CategoryTable\", controller = \"Category\", page = \"\", area = \"\"}". Executing controller action with signature "System.Threading.Tasks.Task`1[Microsoft.AspNetCore.Mvc.IActionResult] CategoryTable()" on controller "Forum.Controllers.CategoryController" ("Forum").
2023-10-29 20:59:58.738 +01:00 [Information] Executing action method "Forum.Controllers.CategoryController.CategoryTable (Forum)" - Validation state: Valid
2023-10-29 20:59:58.744 +01:00 [Information] Executed action method "Forum.Controllers.CategoryController.CategoryTable (Forum)", returned result "Microsoft.AspNetCore.Mvc.ViewResult" in 5.7835ms.
2023-10-29 20:59:58.744 +01:00 [Information] Executing ViewResult, running view "CategoryTable".
2023-10-29 20:59:58.758 +01:00 [Information] Executed ViewResult - view "CategoryTable" executed in 14.0129ms.
2023-10-29 20:59:58.758 +01:00 [Information] Executed action "Forum.Controllers.CategoryController.CategoryTable (Forum)" in 46.7423ms
2023-10-29 20:59:58.758 +01:00 [Information] Executed endpoint '"Forum.Controllers.CategoryController.CategoryTable (Forum)"'
2023-10-29 20:59:58.760 +01:00 [Information] Request finished HTTP/2 GET https://localhost:7205/Category/CategoryTable - - - 200 - text/html;+charset=utf-8 57.3582ms
2023-10-29 20:59:58.763 +01:00 [Information] Request starting HTTP/2 GET https://localhost:7205/_framework/aspnetcore-browser-refresh.js - -
2023-10-29 20:59:58.763 +01:00 [Information] Request starting HTTP/2 GET https://localhost:7205/_vs/browserLink - -
2023-10-29 20:59:58.764 +01:00 [Information] Request finished HTTP/2 GET https://localhost:7205/_framework/aspnetcore-browser-refresh.js - - - 200 12342 application/javascript;+charset=utf-8 0.8949ms
2023-10-29 20:59:58.792 +01:00 [Information] Request finished HTTP/2 GET https://localhost:7205/_vs/browserLink - - - 200 - text/javascript;+charset=UTF-8 28.7906ms
2023-10-29 21:00:00.352 +01:00 [Information] Request starting HTTP/2 GET https://localhost:7205/Room/RoomTable - -
2023-10-29 21:00:00.364 +01:00 [Information] Executing endpoint '"Forum.Controllers.RoomController.RoomTable (Forum)"'
2023-10-29 21:00:00.365 +01:00 [Information] Route matched with "{action = \"RoomTable\", controller = \"Room\", page = \"\", area = \"\"}". Executing controller action with signature "System.Threading.Tasks.Task`1[Microsoft.AspNetCore.Mvc.IActionResult] RoomTable()" on controller "Forum.Controllers.RoomController" ("Forum").
2023-10-29 21:00:00.395 +01:00 [Information] Executing action method "Forum.Controllers.RoomController.RoomTable (Forum)" - Validation state: Valid
2023-10-29 21:00:00.401 +01:00 [Information] Executed action method "Forum.Controllers.RoomController.RoomTable (Forum)", returned result "Microsoft.AspNetCore.Mvc.ViewResult" in 6.2704ms.
2023-10-29 21:00:00.401 +01:00 [Information] Executing ViewResult, running view "RoomTable".
2023-10-29 21:00:00.412 +01:00 [Information] Executed ViewResult - view "RoomTable" executed in 10.2909ms.
2023-10-29 21:00:00.412 +01:00 [Information] Executed action "Forum.Controllers.RoomController.RoomTable (Forum)" in 47.0962ms
2023-10-29 21:00:00.412 +01:00 [Information] Executed endpoint '"Forum.Controllers.RoomController.RoomTable (Forum)"'
2023-10-29 21:00:00.415 +01:00 [Information] Request finished HTTP/2 GET https://localhost:7205/Room/RoomTable - - - 200 - text/html;+charset=utf-8 62.2536ms
2023-10-29 21:00:00.418 +01:00 [Information] Request starting HTTP/2 GET https://localhost:7205/css/style.css?v=GYaCYPZ07dHz6FUjm8c2W3Scx--sF5hSAK8OsHIcejs - -
2023-10-29 21:00:00.418 +01:00 [Information] Request starting HTTP/2 GET https://localhost:7205/_framework/aspnetcore-browser-refresh.js - -
2023-10-29 21:00:00.418 +01:00 [Information] Request starting HTTP/2 GET https://localhost:7205/_vs/browserLink - -
2023-10-29 21:00:00.418 +01:00 [Information] Request finished HTTP/2 GET https://localhost:7205/_framework/aspnetcore-browser-refresh.js - - - 200 12342 application/javascript;+charset=utf-8 0.7349ms
2023-10-29 21:00:00.418 +01:00 [Information] The file "/css/style.css" was not modified
2023-10-29 21:00:00.419 +01:00 [Information] Request finished HTTP/2 GET https://localhost:7205/css/style.css?v=GYaCYPZ07dHz6FUjm8c2W3Scx--sF5hSAK8OsHIcejs - - - 304 - text/css 1.5473ms
2023-10-29 21:00:00.440 +01:00 [Information] Request finished HTTP/2 GET https://localhost:7205/_vs/browserLink - - - 200 - text/javascript;+charset=UTF-8 22.4735ms
2023-10-29 21:00:02.762 +01:00 [Information] Request starting HTTP/2 GET https://localhost:7205/Topic/TopicTable - -
2023-10-29 21:00:02.772 +01:00 [Information] Executing endpoint '"Forum.Controllers.TopicController.TopicTable (Forum)"'
2023-10-29 21:00:02.772 +01:00 [Information] Route matched with "{action = \"TopicTable\", controller = \"Topic\", page = \"\", area = \"\"}". Executing controller action with signature "System.Threading.Tasks.Task`1[Microsoft.AspNetCore.Mvc.IActionResult] TopicTable()" on controller "Forum.Controllers.TopicController" ("Forum").
2023-10-29 21:00:02.800 +01:00 [Information] Executing action method "Forum.Controllers.TopicController.TopicTable (Forum)" - Validation state: Valid
2023-10-29 21:00:02.805 +01:00 [Information] Executed action method "Forum.Controllers.TopicController.TopicTable (Forum)", returned result "Microsoft.AspNetCore.Mvc.ViewResult" in 5.1091ms.
2023-10-29 21:00:02.805 +01:00 [Information] Executing ViewResult, running view "TopicTable".
2023-10-29 21:00:02.817 +01:00 [Information] Executed ViewResult - view "TopicTable" executed in 12.058ms.
2023-10-29 21:00:02.817 +01:00 [Information] Executed action "Forum.Controllers.TopicController.TopicTable (Forum)" in 45.632ms
2023-10-29 21:00:02.818 +01:00 [Information] Executed endpoint '"Forum.Controllers.TopicController.TopicTable (Forum)"'
2023-10-29 21:00:02.819 +01:00 [Information] Request finished HTTP/2 GET https://localhost:7205/Topic/TopicTable - - - 200 - text/html;+charset=utf-8 57.7868ms
2023-10-29 21:00:02.822 +01:00 [Information] Request starting HTTP/2 GET https://localhost:7205/_vs/browserLink - -
2023-10-29 21:00:02.822 +01:00 [Information] Request starting HTTP/2 GET https://localhost:7205/_framework/aspnetcore-browser-refresh.js - -
2023-10-29 21:00:02.822 +01:00 [Information] Request starting HTTP/2 GET https://localhost:7205/css/style.css?v=GYaCYPZ07dHz6FUjm8c2W3Scx--sF5hSAK8OsHIcejs - -
2023-10-29 21:00:02.823 +01:00 [Information] Request finished HTTP/2 GET https://localhost:7205/_framework/aspnetcore-browser-refresh.js - - - 200 12342 application/javascript;+charset=utf-8 0.4857ms
2023-10-29 21:00:02.823 +01:00 [Information] The file "/css/style.css" was not modified
2023-10-29 21:00:02.823 +01:00 [Information] Request finished HTTP/2 GET https://localhost:7205/css/style.css?v=GYaCYPZ07dHz6FUjm8c2W3Scx--sF5hSAK8OsHIcejs - - - 304 - text/css 1.3416ms
2023-10-29 21:00:02.827 +01:00 [Information] Request finished HTTP/2 GET https://localhost:7205/_vs/browserLink - - - 200 - text/javascript;+charset=UTF-8 5.0665ms
2023-10-29 21:00:06.390 +01:00 [Information] Request starting HTTP/2 GET https://localhost:7205/Room/RoomTable - -
2023-10-29 21:00:06.396 +01:00 [Information] Executing endpoint '"Forum.Controllers.RoomController.RoomTable (Forum)"'
2023-10-29 21:00:06.396 +01:00 [Information] Route matched with "{action = \"RoomTable\", controller = \"Room\", page = \"\", area = \"\"}". Executing controller action with signature "System.Threading.Tasks.Task`1[Microsoft.AspNetCore.Mvc.IActionResult] RoomTable()" on controller "Forum.Controllers.RoomController" ("Forum").
2023-10-29 21:00:06.427 +01:00 [Information] Executing action method "Forum.Controllers.RoomController.RoomTable (Forum)" - Validation state: Valid
2023-10-29 21:00:06.433 +01:00 [Information] Executed action method "Forum.Controllers.RoomController.RoomTable (Forum)", returned result "Microsoft.AspNetCore.Mvc.ViewResult" in 6.0458ms.
2023-10-29 21:00:06.433 +01:00 [Information] Executing ViewResult, running view "RoomTable".
2023-10-29 21:00:06.444 +01:00 [Information] Executed ViewResult - view "RoomTable" executed in 10.4355ms.
2023-10-29 21:00:06.444 +01:00 [Information] Executed action "Forum.Controllers.RoomController.RoomTable (Forum)" in 47.5135ms
2023-10-29 21:00:06.444 +01:00 [Information] Executed endpoint '"Forum.Controllers.RoomController.RoomTable (Forum)"'
2023-10-29 21:00:06.447 +01:00 [Information] Request finished HTTP/2 GET https://localhost:7205/Room/RoomTable - - - 200 - text/html;+charset=utf-8 56.9330ms
2023-10-29 21:00:06.451 +01:00 [Information] Request starting HTTP/2 GET https://localhost:7205/_framework/aspnetcore-browser-refresh.js - -
2023-10-29 21:00:06.451 +01:00 [Information] Request starting HTTP/2 GET https://localhost:7205/_vs/browserLink - -
2023-10-29 21:00:06.451 +01:00 [Information] Request starting HTTP/2 GET https://localhost:7205/css/style.css?v=GYaCYPZ07dHz6FUjm8c2W3Scx--sF5hSAK8OsHIcejs - -
2023-10-29 21:00:06.451 +01:00 [Information] Request finished HTTP/2 GET https://localhost:7205/_framework/aspnetcore-browser-refresh.js - - - 200 12342 application/javascript;+charset=utf-8 0.7365ms
2023-10-29 21:00:06.451 +01:00 [Information] The file "/css/style.css" was not modified
2023-10-29 21:00:06.452 +01:00 [Information] Request finished HTTP/2 GET https://localhost:7205/css/style.css?v=GYaCYPZ07dHz6FUjm8c2W3Scx--sF5hSAK8OsHIcejs - - - 304 - text/css 1.0722ms
2023-10-29 21:00:06.455 +01:00 [Information] Request finished HTTP/2 GET https://localhost:7205/_vs/browserLink - - - 200 - text/javascript;+charset=UTF-8 4.7261ms
2023-10-29 21:00:07.769 +01:00 [Information] Request starting HTTP/2 GET https://localhost:7205/Category/CategoryTable - -
2023-10-29 21:00:07.774 +01:00 [Information] Executing endpoint '"Forum.Controllers.CategoryController.CategoryTable (Forum)"'
2023-10-29 21:00:07.775 +01:00 [Information] Route matched with "{action = \"CategoryTable\", controller = \"Category\", page = \"\", area = \"\"}". Executing controller action with signature "System.Threading.Tasks.Task`1[Microsoft.AspNetCore.Mvc.IActionResult] CategoryTable()" on controller "Forum.Controllers.CategoryController" ("Forum").
2023-10-29 21:00:07.803 +01:00 [Information] Executing action method "Forum.Controllers.CategoryController.CategoryTable (Forum)" - Validation state: Valid
2023-10-29 21:00:07.809 +01:00 [Information] Executed action method "Forum.Controllers.CategoryController.CategoryTable (Forum)", returned result "Microsoft.AspNetCore.Mvc.ViewResult" in 6.2953ms.
2023-10-29 21:00:07.810 +01:00 [Information] Executing ViewResult, running view "CategoryTable".
2023-10-29 21:00:07.818 +01:00 [Information] Executed ViewResult - view "CategoryTable" executed in 8.1865ms.
2023-10-29 21:00:07.819 +01:00 [Information] Executed action "Forum.Controllers.CategoryController.CategoryTable (Forum)" in 44.258ms
2023-10-29 21:00:07.819 +01:00 [Information] Executed endpoint '"Forum.Controllers.CategoryController.CategoryTable (Forum)"'
2023-10-29 21:00:07.821 +01:00 [Information] Request finished HTTP/2 GET https://localhost:7205/Category/CategoryTable - - - 200 - text/html;+charset=utf-8 52.8701ms
2023-10-29 21:00:07.824 +01:00 [Information] Request starting HTTP/2 GET https://localhost:7205/_framework/aspnetcore-browser-refresh.js - -
2023-10-29 21:00:07.824 +01:00 [Information] Request starting HTTP/2 GET https://localhost:7205/_vs/browserLink - -
2023-10-29 21:00:07.825 +01:00 [Information] Request finished HTTP/2 GET https://localhost:7205/_framework/aspnetcore-browser-refresh.js - - - 200 12342 application/javascript;+charset=utf-8 0.5412ms
2023-10-29 21:00:07.829 +01:00 [Information] Request finished HTTP/2 GET https://localhost:7205/_vs/browserLink - - - 200 - text/javascript;+charset=UTF-8 4.9467ms
2023-10-29 21:00:13.392 +01:00 [Information] Request starting HTTP/2 GET https://localhost:7205/Room/RoomTable - -
2023-10-29 21:00:13.398 +01:00 [Information] Executing endpoint '"Forum.Controllers.RoomController.RoomTable (Forum)"'
2023-10-29 21:00:13.398 +01:00 [Information] Route matched with "{action = \"RoomTable\", controller = \"Room\", page = \"\", area = \"\"}". Executing controller action with signature "System.Threading.Tasks.Task`1[Microsoft.AspNetCore.Mvc.IActionResult] RoomTable()" on controller "Forum.Controllers.RoomController" ("Forum").
2023-10-29 21:00:13.428 +01:00 [Information] Executing action method "Forum.Controllers.RoomController.RoomTable (Forum)" - Validation state: Valid
2023-10-29 21:00:13.434 +01:00 [Information] Executed action method "Forum.Controllers.RoomController.RoomTable (Forum)", returned result "Microsoft.AspNetCore.Mvc.ViewResult" in 5.2733ms.
2023-10-29 21:00:13.434 +01:00 [Information] Executing ViewResult, running view "RoomTable".
2023-10-29 21:00:13.444 +01:00 [Information] Executed ViewResult - view "RoomTable" executed in 10.1483ms.
2023-10-29 21:00:13.444 +01:00 [Information] Executed action "Forum.Controllers.RoomController.RoomTable (Forum)" in 45.82ms
2023-10-29 21:00:13.444 +01:00 [Information] Executed endpoint '"Forum.Controllers.RoomController.RoomTable (Forum)"'
2023-10-29 21:00:13.446 +01:00 [Information] Request finished HTTP/2 GET https://localhost:7205/Room/RoomTable - - - 200 - text/html;+charset=utf-8 54.0125ms
2023-10-29 21:00:13.450 +01:00 [Information] Request starting HTTP/2 GET https://localhost:7205/_framework/aspnetcore-browser-refresh.js - -
2023-10-29 21:00:13.450 +01:00 [Information] Request starting HTTP/2 GET https://localhost:7205/css/style.css?v=GYaCYPZ07dHz6FUjm8c2W3Scx--sF5hSAK8OsHIcejs - -
2023-10-29 21:00:13.450 +01:00 [Information] Request starting HTTP/2 GET https://localhost:7205/_vs/browserLink - -
2023-10-29 21:00:13.451 +01:00 [Information] Request finished HTTP/2 GET https://localhost:7205/_framework/aspnetcore-browser-refresh.js - - - 200 12342 application/javascript;+charset=utf-8 0.8149ms
2023-10-29 21:00:13.451 +01:00 [Information] The file "/css/style.css" was not modified
2023-10-29 21:00:13.451 +01:00 [Information] Request finished HTTP/2 GET https://localhost:7205/css/style.css?v=GYaCYPZ07dHz6FUjm8c2W3Scx--sF5hSAK8OsHIcejs - - - 304 - text/css 1.3058ms
2023-10-29 21:00:13.455 +01:00 [Information] Request finished HTTP/2 GET https://localhost:7205/_vs/browserLink - - - 200 - text/javascript;+charset=UTF-8 4.9179ms
2023-10-29 21:00:15.344 +01:00 [Information] Request starting HTTP/2 GET https://localhost:7205/Topic/TopicTable - -
2023-10-29 21:00:15.350 +01:00 [Information] Executing endpoint '"Forum.Controllers.TopicController.TopicTable (Forum)"'
2023-10-29 21:00:15.350 +01:00 [Information] Route matched with "{action = \"TopicTable\", controller = \"Topic\", page = \"\", area = \"\"}". Executing controller action with signature "System.Threading.Tasks.Task`1[Microsoft.AspNetCore.Mvc.IActionResult] TopicTable()" on controller "Forum.Controllers.TopicController" ("Forum").
2023-10-29 21:00:15.386 +01:00 [Information] Executing action method "Forum.Controllers.TopicController.TopicTable (Forum)" - Validation state: Valid
2023-10-29 21:00:15.392 +01:00 [Information] Executed action method "Forum.Controllers.TopicController.TopicTable (Forum)", returned result "Microsoft.AspNetCore.Mvc.ViewResult" in 5.9112ms.
2023-10-29 21:00:15.393 +01:00 [Information] Executing ViewResult, running view "TopicTable".
2023-10-29 21:00:15.402 +01:00 [Information] Executed ViewResult - view "TopicTable" executed in 9.9199ms.
2023-10-29 21:00:15.403 +01:00 [Information] Executed action "Forum.Controllers.TopicController.TopicTable (Forum)" in 52.4196ms
2023-10-29 21:00:15.403 +01:00 [Information] Executed endpoint '"Forum.Controllers.TopicController.TopicTable (Forum)"'
2023-10-29 21:00:15.405 +01:00 [Information] Request finished HTTP/2 GET https://localhost:7205/Topic/TopicTable - - - 200 - text/html;+charset=utf-8 61.8373ms
2023-10-29 21:00:15.408 +01:00 [Information] Request starting HTTP/2 GET https://localhost:7205/_vs/browserLink - -
2023-10-29 21:00:15.408 +01:00 [Information] Request starting HTTP/2 GET https://localhost:7205/_framework/aspnetcore-browser-refresh.js - -
2023-10-29 21:00:15.409 +01:00 [Information] Request finished HTTP/2 GET https://localhost:7205/_framework/aspnetcore-browser-refresh.js - - - 200 12342 application/javascript;+charset=utf-8 0.3820ms
2023-10-29 21:00:15.413 +01:00 [Information] Request finished HTTP/2 GET https://localhost:7205/_vs/browserLink - - - 200 - text/javascript;+charset=UTF-8 4.6773ms
2023-10-29 21:00:17.267 +01:00 [Information] Request starting HTTP/2 GET https://localhost:7205/Room/RoomTable - -
2023-10-29 21:00:17.272 +01:00 [Information] Executing endpoint '"Forum.Controllers.RoomController.RoomTable (Forum)"'
2023-10-29 21:00:17.272 +01:00 [Information] Route matched with "{action = \"RoomTable\", controller = \"Room\", page = \"\", area = \"\"}". Executing controller action with signature "System.Threading.Tasks.Task`1[Microsoft.AspNetCore.Mvc.IActionResult] RoomTable()" on controller "Forum.Controllers.RoomController" ("Forum").
2023-10-29 21:00:17.299 +01:00 [Information] Executing action method "Forum.Controllers.RoomController.RoomTable (Forum)" - Validation state: Valid
2023-10-29 21:00:17.305 +01:00 [Information] Executed action method "Forum.Controllers.RoomController.RoomTable (Forum)", returned result "Microsoft.AspNetCore.Mvc.ViewResult" in 6.102ms.
2023-10-29 21:00:17.306 +01:00 [Information] Executing ViewResult, running view "RoomTable".
2023-10-29 21:00:17.314 +01:00 [Information] Executed ViewResult - view "RoomTable" executed in 8.8289ms.
2023-10-29 21:00:17.315 +01:00 [Information] Executed action "Forum.Controllers.RoomController.RoomTable (Forum)" in 42.8078ms
2023-10-29 21:00:17.315 +01:00 [Information] Executed endpoint '"Forum.Controllers.RoomController.RoomTable (Forum)"'
2023-10-29 21:00:17.317 +01:00 [Information] Request finished HTTP/2 GET https://localhost:7205/Room/RoomTable - - - 200 - text/html;+charset=utf-8 50.7212ms
2023-10-29 21:00:17.320 +01:00 [Information] Request starting HTTP/2 GET https://localhost:7205/_vs/browserLink - -
2023-10-29 21:00:17.320 +01:00 [Information] Request starting HTTP/2 GET https://localhost:7205/_framework/aspnetcore-browser-refresh.js - -
2023-10-29 21:00:17.320 +01:00 [Information] Request starting HTTP/2 GET https://localhost:7205/css/style.css?v=GYaCYPZ07dHz6FUjm8c2W3Scx--sF5hSAK8OsHIcejs - -
2023-10-29 21:00:17.320 +01:00 [Information] The file "/css/style.css" was not modified
2023-10-29 21:00:17.320 +01:00 [Information] Request finished HTTP/2 GET https://localhost:7205/_framework/aspnetcore-browser-refresh.js - - - 200 12342 application/javascript;+charset=utf-8 0.6323ms
2023-10-29 21:00:17.321 +01:00 [Information] Request finished HTTP/2 GET https://localhost:7205/css/style.css?v=GYaCYPZ07dHz6FUjm8c2W3Scx--sF5hSAK8OsHIcejs - - - 304 - text/css 0.8365ms
2023-10-29 21:00:17.325 +01:00 [Information] Request finished HTTP/2 GET https://localhost:7205/_vs/browserLink - - - 200 - text/javascript;+charset=UTF-8 5.1895ms
2023-10-29 21:00:18.965 +01:00 [Information] Request starting HTTP/2 GET https://localhost:7205/Category/CategoryTable - -
2023-10-29 21:00:18.972 +01:00 [Information] Executing endpoint '"Forum.Controllers.CategoryController.CategoryTable (Forum)"'
2023-10-29 21:00:18.972 +01:00 [Information] Route matched with "{action = \"CategoryTable\", controller = \"Category\", page = \"\", area = \"\"}". Executing controller action with signature "System.Threading.Tasks.Task`1[Microsoft.AspNetCore.Mvc.IActionResult] CategoryTable()" on controller "Forum.Controllers.CategoryController" ("Forum").
2023-10-29 21:00:19.002 +01:00 [Information] Executing action method "Forum.Controllers.CategoryController.CategoryTable (Forum)" - Validation state: Valid
2023-10-29 21:00:19.008 +01:00 [Information] Executed action method "Forum.Controllers.CategoryController.CategoryTable (Forum)", returned result "Microsoft.AspNetCore.Mvc.ViewResult" in 5.6512ms.
2023-10-29 21:00:19.008 +01:00 [Information] Executing ViewResult, running view "CategoryTable".
2023-10-29 21:00:19.016 +01:00 [Information] Executed ViewResult - view "CategoryTable" executed in 8.4348ms.
2023-10-29 21:00:19.017 +01:00 [Information] Executed action "Forum.Controllers.CategoryController.CategoryTable (Forum)" in 44.8139ms
2023-10-29 21:00:19.017 +01:00 [Information] Executed endpoint '"Forum.Controllers.CategoryController.CategoryTable (Forum)"'
2023-10-29 21:00:19.021 +01:00 [Information] Request finished HTTP/2 GET https://localhost:7205/Category/CategoryTable - - - 200 - text/html;+charset=utf-8 56.0871ms
2023-10-29 21:00:19.025 +01:00 [Information] Request starting HTTP/2 GET https://localhost:7205/_framework/aspnetcore-browser-refresh.js - -
2023-10-29 21:00:19.025 +01:00 [Information] Request starting HTTP/2 GET https://localhost:7205/_vs/browserLink - -
2023-10-29 21:00:19.025 +01:00 [Information] Request finished HTTP/2 GET https://localhost:7205/_framework/aspnetcore-browser-refresh.js - - - 200 12342 application/javascript;+charset=utf-8 0.6173ms
2023-10-29 21:00:19.029 +01:00 [Information] Request finished HTTP/2 GET https://localhost:7205/_vs/browserLink - - - 200 - text/javascript;+charset=UTF-8 5.0047ms
2023-10-29 21:00:26.090 +01:00 [Information] Request starting HTTP/2 GET https://localhost:7205/Room/RoomTable - -
2023-10-29 21:00:26.097 +01:00 [Information] Executing endpoint '"Forum.Controllers.RoomController.RoomTable (Forum)"'
2023-10-29 21:00:26.097 +01:00 [Information] Route matched with "{action = \"RoomTable\", controller = \"Room\", page = \"\", area = \"\"}". Executing controller action with signature "System.Threading.Tasks.Task`1[Microsoft.AspNetCore.Mvc.IActionResult] RoomTable()" on controller "Forum.Controllers.RoomController" ("Forum").
2023-10-29 21:00:26.127 +01:00 [Information] Executing action method "Forum.Controllers.RoomController.RoomTable (Forum)" - Validation state: Valid
2023-10-29 21:00:26.133 +01:00 [Information] Executed action method "Forum.Controllers.RoomController.RoomTable (Forum)", returned result "Microsoft.AspNetCore.Mvc.ViewResult" in 5.8736ms.
2023-10-29 21:00:26.134 +01:00 [Information] Executing ViewResult, running view "RoomTable".
2023-10-29 21:00:26.143 +01:00 [Information] Executed ViewResult - view "RoomTable" executed in 9.2752ms.
2023-10-29 21:00:26.143 +01:00 [Information] Executed action "Forum.Controllers.RoomController.RoomTable (Forum)" in 46.0787ms
2023-10-29 21:00:26.143 +01:00 [Information] Executed endpoint '"Forum.Controllers.RoomController.RoomTable (Forum)"'
2023-10-29 21:00:26.145 +01:00 [Information] Request finished HTTP/2 GET https://localhost:7205/Room/RoomTable - - - 200 - text/html;+charset=utf-8 54.8131ms
2023-10-29 21:00:26.148 +01:00 [Information] Request starting HTTP/2 GET https://localhost:7205/css/style.css?v=GYaCYPZ07dHz6FUjm8c2W3Scx--sF5hSAK8OsHIcejs - -
2023-10-29 21:00:26.149 +01:00 [Information] Request starting HTTP/2 GET https://localhost:7205/_framework/aspnetcore-browser-refresh.js - -
2023-10-29 21:00:26.149 +01:00 [Information] Request starting HTTP/2 GET https://localhost:7205/_vs/browserLink - -
2023-10-29 21:00:26.149 +01:00 [Information] The file "/css/style.css" was not modified
2023-10-29 21:00:26.149 +01:00 [Information] Request finished HTTP/2 GET https://localhost:7205/_framework/aspnetcore-browser-refresh.js - - - 200 12342 application/javascript;+charset=utf-8 0.5335ms
2023-10-29 21:00:26.149 +01:00 [Information] Request finished HTTP/2 GET https://localhost:7205/css/style.css?v=GYaCYPZ07dHz6FUjm8c2W3Scx--sF5hSAK8OsHIcejs - - - 304 - text/css 0.9425ms
2023-10-29 21:00:26.154 +01:00 [Information] Request finished HTTP/2 GET https://localhost:7205/_vs/browserLink - - - 200 - text/javascript;+charset=UTF-8 4.5765ms
2023-10-29 21:00:28.782 +01:00 [Information] Request starting HTTP/2 GET https://localhost:7205/Topic/TopicTable - -
2023-10-29 21:00:28.788 +01:00 [Information] Executing endpoint '"Forum.Controllers.TopicController.TopicTable (Forum)"'
2023-10-29 21:00:28.788 +01:00 [Information] Route matched with "{action = \"TopicTable\", controller = \"Topic\", page = \"\", area = \"\"}". Executing controller action with signature "System.Threading.Tasks.Task`1[Microsoft.AspNetCore.Mvc.IActionResult] TopicTable()" on controller "Forum.Controllers.TopicController" ("Forum").
2023-10-29 21:00:28.818 +01:00 [Information] Executing action method "Forum.Controllers.TopicController.TopicTable (Forum)" - Validation state: Valid
2023-10-29 21:00:28.824 +01:00 [Information] Executed action method "Forum.Controllers.TopicController.TopicTable (Forum)", returned result "Microsoft.AspNetCore.Mvc.ViewResult" in 5.4816ms.
2023-10-29 21:00:28.824 +01:00 [Information] Executing ViewResult, running view "TopicTable".
2023-10-29 21:00:28.833 +01:00 [Information] Executed ViewResult - view "TopicTable" executed in 8.4617ms.
2023-10-29 21:00:28.833 +01:00 [Information] Executed action "Forum.Controllers.TopicController.TopicTable (Forum)" in 44.6216ms
2023-10-29 21:00:28.833 +01:00 [Information] Executed endpoint '"Forum.Controllers.TopicController.TopicTable (Forum)"'
2023-10-29 21:00:28.836 +01:00 [Information] Request finished HTTP/2 GET https://localhost:7205/Topic/TopicTable - - - 200 - text/html;+charset=utf-8 54.1786ms
2023-10-29 21:00:28.839 +01:00 [Information] Request starting HTTP/2 GET https://localhost:7205/_framework/aspnetcore-browser-refresh.js - -
2023-10-29 21:00:28.839 +01:00 [Information] Request starting HTTP/2 GET https://localhost:7205/_vs/browserLink - -
2023-10-29 21:00:28.839 +01:00 [Information] Request finished HTTP/2 GET https://localhost:7205/_framework/aspnetcore-browser-refresh.js - - - 200 12342 application/javascript;+charset=utf-8 0.7952ms
2023-10-29 21:00:28.846 +01:00 [Information] Request finished HTTP/2 GET https://localhost:7205/_vs/browserLink - - - 200 - text/javascript;+charset=UTF-8 7.6721ms
2023-10-29 21:00:30.998 +01:00 [Information] Request starting HTTP/2 GET https://localhost:7205/Category/CategoryTable - -
2023-10-29 21:00:31.006 +01:00 [Information] Executing endpoint '"Forum.Controllers.CategoryController.CategoryTable (Forum)"'
2023-10-29 21:00:31.006 +01:00 [Information] Route matched with "{action = \"CategoryTable\", controller = \"Category\", page = \"\", area = \"\"}". Executing controller action with signature "System.Threading.Tasks.Task`1[Microsoft.AspNetCore.Mvc.IActionResult] CategoryTable()" on controller "Forum.Controllers.CategoryController" ("Forum").
2023-10-29 21:00:31.033 +01:00 [Information] Executing action method "Forum.Controllers.CategoryController.CategoryTable (Forum)" - Validation state: Valid
2023-10-29 21:00:31.039 +01:00 [Information] Executed action method "Forum.Controllers.CategoryController.CategoryTable (Forum)", returned result "Microsoft.AspNetCore.Mvc.ViewResult" in 5.7999ms.
2023-10-29 21:00:31.039 +01:00 [Information] Executing ViewResult, running view "CategoryTable".
2023-10-29 21:00:31.048 +01:00 [Information] Executed ViewResult - view "CategoryTable" executed in 8.484ms.
2023-10-29 21:00:31.049 +01:00 [Information] Executed action "Forum.Controllers.CategoryController.CategoryTable (Forum)" in 42.5872ms
2023-10-29 21:00:31.049 +01:00 [Information] Executed endpoint '"Forum.Controllers.CategoryController.CategoryTable (Forum)"'
2023-10-29 21:00:31.052 +01:00 [Information] Request finished HTTP/2 GET https://localhost:7205/Category/CategoryTable - - - 200 - text/html;+charset=utf-8 53.7237ms
2023-10-29 21:00:31.055 +01:00 [Information] Request starting HTTP/2 GET https://localhost:7205/_vs/browserLink - -
2023-10-29 21:00:31.055 +01:00 [Information] Request starting HTTP/2 GET https://localhost:7205/_framework/aspnetcore-browser-refresh.js - -
2023-10-29 21:00:31.055 +01:00 [Information] Request finished HTTP/2 GET https://localhost:7205/_framework/aspnetcore-browser-refresh.js - - - 200 12342 application/javascript;+charset=utf-8 0.5377ms
2023-10-29 21:00:31.059 +01:00 [Information] Request finished HTTP/2 GET https://localhost:7205/_vs/browserLink - - - 200 - text/javascript;+charset=UTF-8 4.4989ms
