2023-10-29 14:25:31.029 +01:00 [Information] User profile is available. Using '"C:\Users\abdik\AppData\Local\ASP.NET\DataProtection-Keys"' as key repository and Windows DPAPI to encrypt keys at rest.
2023-10-29 14:25:31.438 +01:00 [Information] Now listening on: "https://localhost:7205"
2023-10-29 14:25:31.439 +01:00 [Information] Now listening on: "http://localhost:5112"
2023-10-29 14:25:31.442 +01:00 [Information] Application started. Press Ctrl+C to shut down.
2023-10-29 14:25:31.442 +01:00 [Information] Hosting environment: "Development"
2023-10-29 14:25:31.442 +01:00 [Information] Content root path: "C:\Users\abdik\Source\Repos\Forum\MyShop\"
2023-10-29 14:25:31.879 +01:00 [Information] Request starting HTTP/2 GET https://localhost:7205/Topic/TopicDetails/1 - -
2023-10-29 14:25:31.917 +01:00 [Information] Executing endpoint '"Forum.Controllers.TopicController.TopicDetails (Forum)"'
2023-10-29 14:25:31.932 +01:00 [Information] Route matched with "{action = \"TopicDetails\", controller = \"Topic\", page = \"\", area = \"\"}". Executing controller action with signature "System.Threading.Tasks.Task`1[Microsoft.AspNetCore.Mvc.IActionResult] TopicDetails(Int32)" on controller "Forum.Controllers.TopicController" ("Forum").
2023-10-29 14:25:31.948 +01:00 [Information] Executing ViewResult, running view "TopicDetails".
2023-10-29 14:25:32.089 +01:00 [Information] Executed ViewResult - view "TopicDetails" executed in 140.8306ms.
2023-10-29 14:25:32.091 +01:00 [Information] Executed action "Forum.Controllers.TopicController.TopicDetails (Forum)" in 158.6417ms
2023-10-29 14:25:32.091 +01:00 [Information] Executed endpoint '"Forum.Controllers.TopicController.TopicDetails (Forum)"'
2023-10-29 14:25:32.102 +01:00 [Information] Request finished HTTP/2 GET https://localhost:7205/Topic/TopicDetails/1 - - - 200 - text/html;+charset=utf-8 225.8002ms
2023-10-29 14:25:32.103 +01:00 [Information] Request starting HTTP/2 GET https://localhost:7205/_vs/browserLink - -
2023-10-29 14:25:32.103 +01:00 [Information] Request starting HTTP/2 GET https://localhost:7205/_framework/aspnetcore-browser-refresh.js - -
2023-10-29 14:25:32.103 +01:00 [Information] Request starting HTTP/2 GET https://localhost:7205/css/style.css?v=WdTnk-tLUSm3ZW2x6qLfHkgxmfnYuYrUv0OKJTfJWOw - -
2023-10-29 14:25:32.105 +01:00 [Information] Request finished HTTP/2 GET https://localhost:7205/_framework/aspnetcore-browser-refresh.js - - - 200 12342 application/javascript;+charset=utf-8 2.0305ms
2023-10-29 14:25:32.106 +01:00 [Information] The file "/css/style.css" was not modified
2023-10-29 14:25:32.107 +01:00 [Information] Request finished HTTP/2 GET https://localhost:7205/css/style.css?v=WdTnk-tLUSm3ZW2x6qLfHkgxmfnYuYrUv0OKJTfJWOw - - - 304 - text/css 3.4929ms
2023-10-29 14:25:32.110 +01:00 [Information] Request finished HTTP/2 GET https://localhost:7205/_vs/browserLink - - - 200 - text/javascript;+charset=UTF-8 6.8561ms
2023-10-29 14:25:35.896 +01:00 [Information] Request starting HTTP/2 GET https://localhost:7205/ - -
2023-10-29 14:25:35.898 +01:00 [Information] Executing endpoint '"Forum.Controllers.HomeController.Index (Forum)"'
2023-10-29 14:25:35.899 +01:00 [Information] Route matched with "{action = \"Index\", controller = \"Home\", page = \"\", area = \"\"}". Executing controller action with signature "System.Threading.Tasks.Task`1[Microsoft.AspNetCore.Mvc.IActionResult] Index()" on controller "Forum.Controllers.HomeController" ("Forum").
2023-10-29 14:25:35.908 +01:00 [Information] Executing ViewResult, running view "Index".
2023-10-29 14:25:35.938 +01:00 [Information] Executed ViewResult - view "Index" executed in 30.0804ms.
2023-10-29 14:25:35.938 +01:00 [Information] Executed action "Forum.Controllers.HomeController.Index (Forum)" in 38.4694ms
2023-10-29 14:25:35.938 +01:00 [Information] Executed endpoint '"Forum.Controllers.HomeController.Index (Forum)"'
2023-10-29 14:25:35.940 +01:00 [Information] Request finished HTTP/2 GET https://localhost:7205/ - - - 200 - text/html;+charset=utf-8 43.7609ms
2023-10-29 14:25:35.960 +01:00 [Information] Request starting HTTP/2 GET https://localhost:7205/_framework/aspnetcore-browser-refresh.js - -
2023-10-29 14:25:35.961 +01:00 [Information] Request starting HTTP/2 GET https://localhost:7205/_vs/browserLink - -
2023-10-29 14:25:35.961 +01:00 [Information] Request finished HTTP/2 GET https://localhost:7205/_framework/aspnetcore-browser-refresh.js - - - 200 12342 application/javascript;+charset=utf-8 0.4274ms
2023-10-29 14:25:35.963 +01:00 [Information] Request finished HTTP/2 GET https://localhost:7205/_vs/browserLink - - - 200 - text/javascript;+charset=UTF-8 2.3351ms
2023-10-29 14:25:43.126 +01:00 [Information] Request starting HTTP/2 GET https://localhost:7205/Category/CategoryTable - -
2023-10-29 14:25:43.128 +01:00 [Information] Executing endpoint '"Forum.Controllers.CategoryController.CategoryTable (Forum)"'
2023-10-29 14:25:43.129 +01:00 [Information] Route matched with "{action = \"CategoryTable\", controller = \"Category\", page = \"\", area = \"\"}". Executing controller action with signature "System.Threading.Tasks.Task`1[Microsoft.AspNetCore.Mvc.IActionResult] CategoryTable()" on controller "Forum.Controllers.CategoryController" ("Forum").
2023-10-29 14:25:43.134 +01:00 [Information] Executing ViewResult, running view "CategoryTable".
2023-10-29 14:25:43.141 +01:00 [Information] Executed ViewResult - view "CategoryTable" executed in 7.3746ms.
2023-10-29 14:25:43.141 +01:00 [Information] Executed action "Forum.Controllers.CategoryController.CategoryTable (Forum)" in 11.4878ms
2023-10-29 14:25:43.141 +01:00 [Information] Executed endpoint '"Forum.Controllers.CategoryController.CategoryTable (Forum)"'
2023-10-29 14:25:43.142 +01:00 [Information] Request finished HTTP/2 GET https://localhost:7205/Category/CategoryTable - - - 200 - text/html;+charset=utf-8 15.5369ms
2023-10-29 14:25:43.153 +01:00 [Information] Request starting HTTP/2 GET https://localhost:7205/_vs/browserLink - -
2023-10-29 14:25:43.153 +01:00 [Information] Request starting HTTP/2 GET https://localhost:7205/_framework/aspnetcore-browser-refresh.js - -
2023-10-29 14:25:43.153 +01:00 [Information] Request finished HTTP/2 GET https://localhost:7205/_framework/aspnetcore-browser-refresh.js - - - 200 12342 application/javascript;+charset=utf-8 0.1954ms
2023-10-29 14:25:43.154 +01:00 [Information] Request finished HTTP/2 GET https://localhost:7205/_vs/browserLink - - - 200 - text/javascript;+charset=UTF-8 1.6769ms
