2023-10-24 17:29:38.238 +02:00 [Information] User profile is available. Using '"C:\Users\abdik\AppData\Local\ASP.NET\DataProtection-Keys"' as key repository and Windows DPAPI to encrypt keys at rest.
2023-10-24 17:29:38.634 +02:00 [Information] Now listening on: "https://localhost:7205"
2023-10-24 17:29:38.634 +02:00 [Information] Now listening on: "http://localhost:5112"
2023-10-24 17:29:38.637 +02:00 [Information] Application started. Press Ctrl+C to shut down.
2023-10-24 17:29:38.638 +02:00 [Information] Hosting environment: "Development"
2023-10-24 17:29:38.638 +02:00 [Information] Content root path: "C:\Users\abdik\Source\Repos\Forum\MyShop\"
2023-10-24 17:29:39.093 +02:00 [Information] Request starting HTTP/2 GET https://localhost:7205/ - -
2023-10-24 17:29:39.130 +02:00 [Information] Executing endpoint '"Forum.Controllers.HomeController.Index (Forum)"'
2023-10-24 17:29:39.139 +02:00 [Information] Route matched with "{action = \"Index\", controller = \"Home\", page = \"\", area = \"\"}". Executing controller action with signature "System.Threading.Tasks.Task`1[Microsoft.AspNetCore.Mvc.IActionResult] Index()" on controller "Forum.Controllers.HomeController" ("Forum").
2023-10-24 17:29:39.162 +02:00 [Information] Executing ViewResult, running view "Index".
2023-10-24 17:29:39.272 +02:00 [Information] Executed ViewResult - view "Index" executed in 110.3786ms.
2023-10-24 17:29:39.273 +02:00 [Information] Executed action "Forum.Controllers.HomeController.Index (Forum)" in 133.6303ms
2023-10-24 17:29:39.274 +02:00 [Information] Executed endpoint '"Forum.Controllers.HomeController.Index (Forum)"'
2023-10-24 17:29:39.287 +02:00 [Information] Request finished HTTP/2 GET https://localhost:7205/ - - - 200 - text/html;+charset=utf-8 196.3610ms
2023-10-24 17:29:39.303 +02:00 [Information] Request starting HTTP/2 GET https://localhost:7205/style.css - -
2023-10-24 17:29:39.305 +02:00 [Information] Request finished HTTP/2 GET https://localhost:7205/style.css - - - 404 0 - 2.4191ms
2023-10-24 17:29:39.337 +02:00 [Information] Request starting HTTP/2 GET https://localhost:7205/_framework/aspnetcore-browser-refresh.js - -
2023-10-24 17:29:39.339 +02:00 [Information] Request finished HTTP/2 GET https://localhost:7205/_framework/aspnetcore-browser-refresh.js - - - 200 12342 application/javascript;+charset=utf-8 1.8777ms
2023-10-24 17:29:39.352 +02:00 [Information] Request starting HTTP/2 GET https://localhost:7205/_vs/browserLink - -
2023-10-24 17:29:39.360 +02:00 [Information] Request finished HTTP/2 GET https://localhost:7205/_vs/browserLink - - - 200 - text/javascript;+charset=UTF-8 7.8420ms
