2023-10-24 12:02:04.897 +02:00 [Information] User profile is available. Using '"C:\Users\abdik\AppData\Local\ASP.NET\DataProtection-Keys"' as key repository and Windows DPAPI to encrypt keys at rest.
2023-10-24 12:02:05.311 +02:00 [Information] Now listening on: "https://localhost:7205"
2023-10-24 12:02:05.311 +02:00 [Information] Now listening on: "http://localhost:5112"
2023-10-24 12:02:05.314 +02:00 [Information] Application started. Press Ctrl+C to shut down.
2023-10-24 12:02:05.314 +02:00 [Information] Hosting environment: "Development"
2023-10-24 12:02:05.314 +02:00 [Information] Content root path: "C:\Users\abdik\Source\Repos\Forum\MyShop\"
2023-10-24 12:02:05.889 +02:00 [Information] Request starting HTTP/2 GET https://localhost:7205/ - -
2023-10-24 12:02:05.928 +02:00 [Information] Executing endpoint '"Forum.Controllers.HomeController.Index (Forum)"'
2023-10-24 12:02:05.936 +02:00 [Information] Route matched with "{action = \"Index\", controller = \"Home\", page = \"\", area = \"\"}". Executing controller action with signature "Microsoft.AspNetCore.Mvc.IActionResult Index()" on controller "Forum.Controllers.HomeController" ("Forum").
2023-10-24 12:02:05.941 +02:00 [Information] Executing ViewResult, running view "Index".
2023-10-24 12:02:06.049 +02:00 [Information] Executed ViewResult - view "Index" executed in 107.9432ms.
2023-10-24 12:02:06.051 +02:00 [Information] Executed action "Forum.Controllers.HomeController.Index (Forum)" in 114.8264ms
2023-10-24 12:02:06.051 +02:00 [Information] Executed endpoint '"Forum.Controllers.HomeController.Index (Forum)"'
2023-10-24 12:02:06.066 +02:00 [Information] Request finished HTTP/2 GET https://localhost:7205/ - - - 200 - text/html;+charset=utf-8 179.3498ms
2023-10-24 12:02:06.074 +02:00 [Information] Request starting HTTP/2 GET https://localhost:7205/images/fotball.jpg - -
2023-10-24 12:02:06.074 +02:00 [Information] Request starting HTTP/2 GET https://localhost:7205/style.css - -
2023-10-24 12:02:06.077 +02:00 [Information] Request finished HTTP/2 GET https://localhost:7205/style.css - - - 404 0 - 2.9766ms
2023-10-24 12:02:06.084 +02:00 [Information] The file "/images/fotball.jpg" was not modified
2023-10-24 12:02:06.085 +02:00 [Information] Request finished HTTP/2 GET https://localhost:7205/images/fotball.jpg - - - 304 - image/jpeg 10.5614ms
2023-10-24 12:02:06.114 +02:00 [Information] Request starting HTTP/2 GET https://localhost:7205/_framework/aspnetcore-browser-refresh.js - -
2023-10-24 12:02:06.116 +02:00 [Information] Request finished HTTP/2 GET https://localhost:7205/_framework/aspnetcore-browser-refresh.js - - - 200 12342 application/javascript;+charset=utf-8 1.7986ms
2023-10-24 12:02:06.126 +02:00 [Information] Request starting HTTP/2 GET https://localhost:7205/_vs/browserLink - -
2023-10-24 12:02:06.133 +02:00 [Information] Request finished HTTP/2 GET https://localhost:7205/_vs/browserLink - - - 200 - text/javascript;+charset=UTF-8 6.5379ms
