2023-10-18 19:15:06.751 +02:00 [Information] User profile is available. Using '"C:\Users\abdik\AppData\Local\ASP.NET\DataProtection-Keys"' as key repository and Windows DPAPI to encrypt keys at rest.
2023-10-18 19:15:07.138 +02:00 [Information] Now listening on: "https://localhost:7205"
2023-10-18 19:15:07.138 +02:00 [Information] Now listening on: "http://localhost:5112"
2023-10-18 19:15:07.141 +02:00 [Information] Application started. Press Ctrl+C to shut down.
2023-10-18 19:15:07.141 +02:00 [Information] Hosting environment: "Development"
2023-10-18 19:15:07.141 +02:00 [Information] Content root path: "C:\Users\abdik\source\repos\Forum\MyShop\"
2023-10-18 19:15:07.488 +02:00 [Information] Request starting HTTP/2 GET https://localhost:7205/Search/Search?search=Culture - -
2023-10-18 19:15:07.527 +02:00 [Information] Executing endpoint '"Forum.Controllers.SearchController.Search (Forum)"'
2023-10-18 19:15:07.541 +02:00 [Information] Route matched with "{action = \"Search\", controller = \"Search\", page = \"\", area = \"\"}". Executing controller action with signature "Microsoft.AspNetCore.Mvc.IActionResult Search(System.String)" on controller "Forum.Controllers.SearchController" ("Forum").
2023-10-18 19:15:07.577 +02:00 [Information] Executing ViewResult, running view "Search".
2023-10-18 19:15:07.662 +02:00 [Information] Executed ViewResult - view "Search" executed in 84.6664ms.
2023-10-18 19:15:07.664 +02:00 [Information] Executed action "Forum.Controllers.SearchController.Search (Forum)" in 122.8636ms
2023-10-18 19:15:07.664 +02:00 [Information] Executed endpoint '"Forum.Controllers.SearchController.Search (Forum)"'
2023-10-18 19:15:07.676 +02:00 [Information] Request finished HTTP/2 GET https://localhost:7205/Search/Search?search=Culture - - - 200 - text/html;+charset=utf-8 190.4831ms
2023-10-18 19:15:07.680 +02:00 [Information] Request starting HTTP/2 GET https://localhost:7205/lib/jquery/jquery.js - -
2023-10-18 19:15:07.680 +02:00 [Information] Request starting HTTP/2 GET https://localhost:7205/lib/bootstrap/js/bootstrap.js - -
2023-10-18 19:15:07.690 +02:00 [Information] Request starting HTTP/2 GET https://localhost:7205/_framework/aspnetcore-browser-refresh.js - -
2023-10-18 19:15:07.692 +02:00 [Information] Request finished HTTP/2 GET https://localhost:7205/_framework/aspnetcore-browser-refresh.js - - - 200 12342 application/javascript;+charset=utf-8 1.7412ms
2023-10-18 19:15:07.723 +02:00 [Information] Sending file. Request path: '"/lib/bootstrap/js/bootstrap.js"'. Physical path: '"C:\Users\abdik\source\repos\Forum\MyShop\wwwroot\lib\bootstrap\js\bootstrap.js"'
2023-10-18 19:15:07.724 +02:00 [Information] Request finished HTTP/2 GET https://localhost:7205/lib/bootstrap/js/bootstrap.js - - - 200 153194 application/javascript 43.4856ms
2023-10-18 19:15:07.726 +02:00 [Information] Request starting HTTP/2 GET https://localhost:7205/_vs/browserLink - -
2023-10-18 19:15:07.732 +02:00 [Information] Request finished HTTP/2 GET https://localhost:7205/_vs/browserLink - - - 200 - text/javascript;+charset=UTF-8 5.2968ms
2023-10-18 19:15:07.751 +02:00 [Information] Sending file. Request path: '"/lib/jquery/jquery.js"'. Physical path: '"C:\Users\abdik\source\repos\Forum\MyShop\wwwroot\lib\jquery\jquery.js"'
2023-10-18 19:15:07.751 +02:00 [Information] Request finished HTTP/2 GET https://localhost:7205/lib/jquery/jquery.js - - - 200 296030 application/javascript 70.9431ms
2023-10-18 19:15:09.912 +02:00 [Information] Request starting HTTP/2 GET https://localhost:7205/ - -
2023-10-18 19:15:09.915 +02:00 [Information] Executing endpoint '"Forum.Controllers.HomeController.Index (Forum)"'
2023-10-18 19:15:09.916 +02:00 [Information] Route matched with "{action = \"Index\", controller = \"Home\", page = \"\", area = \"\"}". Executing controller action with signature "Microsoft.AspNetCore.Mvc.IActionResult Index()" on controller "Forum.Controllers.HomeController" ("Forum").
2023-10-18 19:15:09.917 +02:00 [Information] Executing ViewResult, running view "Index".
2023-10-18 19:15:09.924 +02:00 [Information] Executed ViewResult - view "Index" executed in 7.9954ms.
2023-10-18 19:15:09.925 +02:00 [Information] Executed action "Forum.Controllers.HomeController.Index (Forum)" in 8.4666ms
2023-10-18 19:15:09.925 +02:00 [Information] Executed endpoint '"Forum.Controllers.HomeController.Index (Forum)"'
2023-10-18 19:15:09.926 +02:00 [Information] Request finished HTTP/2 GET https://localhost:7205/ - - - 200 - text/html;+charset=utf-8 13.8374ms
2023-10-18 19:15:09.939 +02:00 [Information] Request starting HTTP/2 GET https://localhost:7205/_vs/browserLink - -
2023-10-18 19:15:09.939 +02:00 [Information] Request starting HTTP/2 GET https://localhost:7205/_framework/aspnetcore-browser-refresh.js - -
2023-10-18 19:15:09.939 +02:00 [Information] Request finished HTTP/2 GET https://localhost:7205/_framework/aspnetcore-browser-refresh.js - - - 200 12342 application/javascript;+charset=utf-8 0.2990ms
2023-10-18 19:15:09.940 +02:00 [Information] Request finished HTTP/2 GET https://localhost:7205/_vs/browserLink - - - 200 - text/javascript;+charset=UTF-8 1.8261ms
2023-10-18 19:15:13.193 +02:00 [Information] Request starting HTTP/2 GET https://localhost:7205/Search/Search?search=fotball - -
2023-10-18 19:15:13.201 +02:00 [Information] Executing endpoint '"Forum.Controllers.SearchController.Search (Forum)"'
2023-10-18 19:15:13.201 +02:00 [Information] Route matched with "{action = \"Search\", controller = \"Search\", page = \"\", area = \"\"}". Executing controller action with signature "Microsoft.AspNetCore.Mvc.IActionResult Search(System.String)" on controller "Forum.Controllers.SearchController" ("Forum").
2023-10-18 19:15:13.202 +02:00 [Information] Executing ViewResult, running view "Search".
2023-10-18 19:15:13.204 +02:00 [Information] Executed ViewResult - view "Search" executed in 1.9375ms.
2023-10-18 19:15:13.204 +02:00 [Information] Executed action "Forum.Controllers.SearchController.Search (Forum)" in 3.646ms
2023-10-18 19:15:13.204 +02:00 [Information] Executed endpoint '"Forum.Controllers.SearchController.Search (Forum)"'
2023-10-18 19:15:13.205 +02:00 [Information] Request finished HTTP/2 GET https://localhost:7205/Search/Search?search=fotball - - - 200 - text/html;+charset=utf-8 12.5221ms
2023-10-18 19:15:13.222 +02:00 [Information] Request starting HTTP/2 GET https://localhost:7205/_framework/aspnetcore-browser-refresh.js - -
2023-10-18 19:15:13.222 +02:00 [Information] Request starting HTTP/2 GET https://localhost:7205/_vs/browserLink - -
2023-10-18 19:15:13.222 +02:00 [Information] Request finished HTTP/2 GET https://localhost:7205/_framework/aspnetcore-browser-refresh.js - - - 200 12342 application/javascript;+charset=utf-8 0.1614ms
2023-10-18 19:15:13.224 +02:00 [Information] Request finished HTTP/2 GET https://localhost:7205/_vs/browserLink - - - 200 - text/javascript;+charset=UTF-8 1.6644ms
2023-10-18 19:15:14.996 +02:00 [Information] Request starting HTTP/2 GET https://localhost:7205/Topic/TopicTable - -
2023-10-18 19:15:14.998 +02:00 [Information] Executing endpoint '"Forum.Controllers.TopicController.TopicTable (Forum)"'
2023-10-18 19:15:15.000 +02:00 [Information] Route matched with "{action = \"TopicTable\", controller = \"Topic\", page = \"\", area = \"\"}". Executing controller action with signature "System.Threading.Tasks.Task`1[Microsoft.AspNetCore.Mvc.IActionResult] TopicTable()" on controller "Forum.Controllers.TopicController" ("Forum").
2023-10-18 19:15:15.007 +02:00 [Information] Executing ViewResult, running view "TopicTable".
2023-10-18 19:15:15.013 +02:00 [Information] Executed ViewResult - view "TopicTable" executed in 6.8601ms.
2023-10-18 19:15:15.013 +02:00 [Information] Executed action "Forum.Controllers.TopicController.TopicTable (Forum)" in 12.9275ms
2023-10-18 19:15:15.013 +02:00 [Information] Executed endpoint '"Forum.Controllers.TopicController.TopicTable (Forum)"'
2023-10-18 19:15:15.014 +02:00 [Information] Request finished HTTP/2 GET https://localhost:7205/Topic/TopicTable - - - 200 - text/html;+charset=utf-8 17.5831ms
2023-10-18 19:15:15.029 +02:00 [Information] Request starting HTTP/2 GET https://localhost:7205/_framework/aspnetcore-browser-refresh.js - -
2023-10-18 19:15:15.029 +02:00 [Information] Request starting HTTP/2 GET https://localhost:7205/_vs/browserLink - -
2023-10-18 19:15:15.029 +02:00 [Information] Request finished HTTP/2 GET https://localhost:7205/_framework/aspnetcore-browser-refresh.js - - - 200 12342 application/javascript;+charset=utf-8 0.2054ms
2023-10-18 19:15:15.031 +02:00 [Information] Request finished HTTP/2 GET https://localhost:7205/_vs/browserLink - - - 200 - text/javascript;+charset=UTF-8 1.7801ms
2023-10-18 19:15:15.390 +02:00 [Information] Request starting HTTP/2 GET https://localhost:7205/Topic/TopicTable - -
2023-10-18 19:15:15.392 +02:00 [Information] Executing endpoint '"Forum.Controllers.TopicController.TopicTable (Forum)"'
2023-10-18 19:15:15.392 +02:00 [Information] Route matched with "{action = \"TopicTable\", controller = \"Topic\", page = \"\", area = \"\"}". Executing controller action with signature "System.Threading.Tasks.Task`1[Microsoft.AspNetCore.Mvc.IActionResult] TopicTable()" on controller "Forum.Controllers.TopicController" ("Forum").
2023-10-18 19:15:15.393 +02:00 [Information] Executing ViewResult, running view "TopicTable".
2023-10-18 19:15:15.394 +02:00 [Information] Executed ViewResult - view "TopicTable" executed in 1.7936ms.
2023-10-18 19:15:15.394 +02:00 [Information] Executed action "Forum.Controllers.TopicController.TopicTable (Forum)" in 2.2749ms
2023-10-18 19:15:15.395 +02:00 [Information] Executed endpoint '"Forum.Controllers.TopicController.TopicTable (Forum)"'
2023-10-18 19:15:15.395 +02:00 [Information] Request finished HTTP/2 GET https://localhost:7205/Topic/TopicTable - - - 200 - text/html;+charset=utf-8 5.3166ms
2023-10-18 19:15:15.412 +02:00 [Information] Request starting HTTP/2 GET https://localhost:7205/_vs/browserLink - -
2023-10-18 19:15:15.412 +02:00 [Information] Request starting HTTP/2 GET https://localhost:7205/_framework/aspnetcore-browser-refresh.js - -
2023-10-18 19:15:15.412 +02:00 [Information] Request finished HTTP/2 GET https://localhost:7205/_framework/aspnetcore-browser-refresh.js - - - 200 12342 application/javascript;+charset=utf-8 0.1362ms
2023-10-18 19:15:15.414 +02:00 [Information] Request finished HTTP/2 GET https://localhost:7205/_vs/browserLink - - - 200 - text/javascript;+charset=UTF-8 1.9452ms
2023-10-18 19:15:16.816 +02:00 [Information] Request starting HTTP/2 GET https://localhost:7205/Topic/TopicTable - -
2023-10-18 19:15:16.818 +02:00 [Information] Executing endpoint '"Forum.Controllers.TopicController.TopicTable (Forum)"'
2023-10-18 19:15:16.818 +02:00 [Information] Route matched with "{action = \"TopicTable\", controller = \"Topic\", page = \"\", area = \"\"}". Executing controller action with signature "System.Threading.Tasks.Task`1[Microsoft.AspNetCore.Mvc.IActionResult] TopicTable()" on controller "Forum.Controllers.TopicController" ("Forum").
2023-10-18 19:15:16.819 +02:00 [Information] Executing ViewResult, running view "TopicTable".
2023-10-18 19:15:16.821 +02:00 [Information] Executed ViewResult - view "TopicTable" executed in 2.3636ms.
2023-10-18 19:15:16.821 +02:00 [Information] Executed action "Forum.Controllers.TopicController.TopicTable (Forum)" in 3.1958ms
2023-10-18 19:15:16.821 +02:00 [Information] Executed endpoint '"Forum.Controllers.TopicController.TopicTable (Forum)"'
2023-10-18 19:15:16.822 +02:00 [Information] Request finished HTTP/2 GET https://localhost:7205/Topic/TopicTable - - - 200 - text/html;+charset=utf-8 6.1124ms
2023-10-18 19:15:16.836 +02:00 [Information] Request starting HTTP/2 GET https://localhost:7205/_framework/aspnetcore-browser-refresh.js - -
2023-10-18 19:15:16.836 +02:00 [Information] Request starting HTTP/2 GET https://localhost:7205/_vs/browserLink - -
2023-10-18 19:15:16.836 +02:00 [Information] Request finished HTTP/2 GET https://localhost:7205/_framework/aspnetcore-browser-refresh.js - - - 200 12342 application/javascript;+charset=utf-8 0.2002ms
2023-10-18 19:15:16.839 +02:00 [Information] Request finished HTTP/2 GET https://localhost:7205/_vs/browserLink - - - 200 - text/javascript;+charset=UTF-8 2.4542ms
2023-10-18 19:15:17.290 +02:00 [Information] Request starting HTTP/2 GET https://localhost:7205/Room/RoomTable - -
2023-10-18 19:15:17.291 +02:00 [Information] Executing endpoint '"Forum.Controllers.RoomController.RoomTable (Forum)"'
2023-10-18 19:15:17.293 +02:00 [Information] Route matched with "{action = \"RoomTable\", controller = \"Room\", page = \"\", area = \"\"}". Executing controller action with signature "System.Threading.Tasks.Task`1[Microsoft.AspNetCore.Mvc.IActionResult] RoomTable()" on controller "Forum.Controllers.RoomController" ("Forum").
2023-10-18 19:15:17.298 +02:00 [Information] Executing ViewResult, running view "RoomTable".
2023-10-18 19:15:17.304 +02:00 [Information] Executed ViewResult - view "RoomTable" executed in 6.4978ms.
2023-10-18 19:15:17.304 +02:00 [Information] Executed action "Forum.Controllers.RoomController.RoomTable (Forum)" in 11.2262ms
2023-10-18 19:15:17.304 +02:00 [Information] Executed endpoint '"Forum.Controllers.RoomController.RoomTable (Forum)"'
2023-10-18 19:15:17.305 +02:00 [Information] Request finished HTTP/2 GET https://localhost:7205/Room/RoomTable - - - 200 - text/html;+charset=utf-8 14.7426ms
2023-10-18 19:15:17.321 +02:00 [Information] Request starting HTTP/2 GET https://localhost:7205/_framework/aspnetcore-browser-refresh.js - -
2023-10-18 19:15:17.321 +02:00 [Information] Request starting HTTP/2 GET https://localhost:7205/_vs/browserLink - -
2023-10-18 19:15:17.321 +02:00 [Information] Request finished HTTP/2 GET https://localhost:7205/_framework/aspnetcore-browser-refresh.js - - - 200 12342 application/javascript;+charset=utf-8 0.2365ms
2023-10-18 19:15:17.323 +02:00 [Information] Request finished HTTP/2 GET https://localhost:7205/_vs/browserLink - - - 200 - text/javascript;+charset=UTF-8 2.0581ms
2023-10-18 19:15:18.047 +02:00 [Information] Request starting HTTP/2 GET https://localhost:7205/Topic/TopicTable - -
2023-10-18 19:15:18.048 +02:00 [Information] Executing endpoint '"Forum.Controllers.TopicController.TopicTable (Forum)"'
2023-10-18 19:15:18.048 +02:00 [Information] Route matched with "{action = \"TopicTable\", controller = \"Topic\", page = \"\", area = \"\"}". Executing controller action with signature "System.Threading.Tasks.Task`1[Microsoft.AspNetCore.Mvc.IActionResult] TopicTable()" on controller "Forum.Controllers.TopicController" ("Forum").
2023-10-18 19:15:18.049 +02:00 [Information] Executing ViewResult, running view "TopicTable".
2023-10-18 19:15:18.050 +02:00 [Information] Executed ViewResult - view "TopicTable" executed in 1.5304ms.
2023-10-18 19:15:18.050 +02:00 [Information] Executed action "Forum.Controllers.TopicController.TopicTable (Forum)" in 1.865ms
2023-10-18 19:15:18.050 +02:00 [Information] Executed endpoint '"Forum.Controllers.TopicController.TopicTable (Forum)"'
2023-10-18 19:15:18.051 +02:00 [Information] Request finished HTTP/2 GET https://localhost:7205/Topic/TopicTable - - - 200 - text/html;+charset=utf-8 3.9662ms
2023-10-18 19:15:18.069 +02:00 [Information] Request starting HTTP/2 GET https://localhost:7205/_vs/browserLink - -
2023-10-18 19:15:18.069 +02:00 [Information] Request starting HTTP/2 GET https://localhost:7205/_framework/aspnetcore-browser-refresh.js - -
2023-10-18 19:15:18.069 +02:00 [Information] Request finished HTTP/2 GET https://localhost:7205/_framework/aspnetcore-browser-refresh.js - - - 200 12342 application/javascript;+charset=utf-8 0.1891ms
2023-10-18 19:15:18.070 +02:00 [Information] Request finished HTTP/2 GET https://localhost:7205/_vs/browserLink - - - 200 - text/javascript;+charset=UTF-8 1.5220ms
2023-10-18 19:15:20.505 +02:00 [Information] Request starting HTTP/2 GET https://localhost:7205/Search/Search?search=Liverpool - -
2023-10-18 19:15:20.506 +02:00 [Information] Executing endpoint '"Forum.Controllers.SearchController.Search (Forum)"'
2023-10-18 19:15:20.507 +02:00 [Information] Route matched with "{action = \"Search\", controller = \"Search\", page = \"\", area = \"\"}". Executing controller action with signature "Microsoft.AspNetCore.Mvc.IActionResult Search(System.String)" on controller "Forum.Controllers.SearchController" ("Forum").
2023-10-18 19:15:20.508 +02:00 [Information] Executing ViewResult, running view "Search".
2023-10-18 19:15:20.511 +02:00 [Information] Executed ViewResult - view "Search" executed in 3.2016ms.
2023-10-18 19:15:20.511 +02:00 [Information] Executed action "Forum.Controllers.SearchController.Search (Forum)" in 4.2733ms
2023-10-18 19:15:20.511 +02:00 [Information] Executed endpoint '"Forum.Controllers.SearchController.Search (Forum)"'
2023-10-18 19:15:20.512 +02:00 [Information] Request finished HTTP/2 GET https://localhost:7205/Search/Search?search=Liverpool - - - 200 - text/html;+charset=utf-8 6.7661ms
2023-10-18 19:15:20.527 +02:00 [Information] Request starting HTTP/2 GET https://localhost:7205/_vs/browserLink - -
2023-10-18 19:15:20.527 +02:00 [Information] Request starting HTTP/2 GET https://localhost:7205/_framework/aspnetcore-browser-refresh.js - -
2023-10-18 19:15:20.527 +02:00 [Information] Request finished HTTP/2 GET https://localhost:7205/_framework/aspnetcore-browser-refresh.js - - - 200 12342 application/javascript;+charset=utf-8 0.2373ms
2023-10-18 19:15:20.529 +02:00 [Information] Request finished HTTP/2 GET https://localhost:7205/_vs/browserLink - - - 200 - text/javascript;+charset=UTF-8 1.8203ms
