2023-10-23 19:45:59.815 +02:00 [Information] User profile is available. Using '"C:\Users\abdik\AppData\Local\ASP.NET\DataProtection-Keys"' as key repository and Windows DPAPI to encrypt keys at rest.
2023-10-23 19:46:00.243 +02:00 [Information] Now listening on: "https://localhost:7205"
2023-10-23 19:46:00.243 +02:00 [Information] Now listening on: "http://localhost:5112"
2023-10-23 19:46:00.247 +02:00 [Information] Application started. Press Ctrl+C to shut down.
2023-10-23 19:46:00.247 +02:00 [Information] Hosting environment: "Development"
2023-10-23 19:46:00.247 +02:00 [Information] Content root path: "C:\Users\abdik\Source\Repos\Forum\MyShop\"
2023-10-23 19:46:00.457 +02:00 [Information] Request starting HTTP/2 GET https://localhost:7205/Category/CategoryTable - -
2023-10-23 19:46:00.496 +02:00 [Information] Executing endpoint '"Forum.Controllers.CategoryController.CategoryTable (Forum)"'
2023-10-23 19:46:00.506 +02:00 [Information] Route matched with "{action = \"CategoryTable\", controller = \"Category\", page = \"\", area = \"\"}". Executing controller action with signature "System.Threading.Tasks.Task`1[Microsoft.AspNetCore.Mvc.IActionResult] CategoryTable()" on controller "Forum.Controllers.CategoryController" ("Forum").
2023-10-23 19:46:00.523 +02:00 [Information] Executing ViewResult, running view "CategoryTable".
2023-10-23 19:46:00.623 +02:00 [Information] Executed ViewResult - view "CategoryTable" executed in 101.6943ms.
2023-10-23 19:46:00.624 +02:00 [Information] Executed action "Forum.Controllers.CategoryController.CategoryTable (Forum)" in 117.6605ms
2023-10-23 19:46:00.624 +02:00 [Information] Executed endpoint '"Forum.Controllers.CategoryController.CategoryTable (Forum)"'
2023-10-23 19:46:00.637 +02:00 [Information] Request starting HTTP/2 GET https://localhost:7205/Category/style.css - -
2023-10-23 19:46:00.637 +02:00 [Information] Request starting HTTP/2 GET https://localhost:7205/_framework/aspnetcore-browser-refresh.js - -
2023-10-23 19:46:00.637 +02:00 [Information] Request starting HTTP/2 GET https://localhost:7205/_vs/browserLink - -
2023-10-23 19:46:00.638 +02:00 [Information] Request finished HTTP/2 GET https://localhost:7205/Category/CategoryTable - - - 200 - text/html;+charset=utf-8 182.7719ms
2023-10-23 19:46:00.639 +02:00 [Information] Request finished HTTP/2 GET https://localhost:7205/_framework/aspnetcore-browser-refresh.js - - - 200 12342 application/javascript;+charset=utf-8 2.1475ms
2023-10-23 19:46:00.641 +02:00 [Information] Request finished HTTP/2 GET https://localhost:7205/Category/style.css - - - 404 0 - 3.7752ms
2023-10-23 19:46:00.644 +02:00 [Information] Request finished HTTP/2 GET https://localhost:7205/_vs/browserLink - - - 200 - text/javascript;+charset=UTF-8 6.7007ms
2023-10-23 19:46:01.632 +02:00 [Information] Request starting HTTP/2 GET https://localhost:7205/Category/CategoryDetails/3 - -
2023-10-23 19:46:01.633 +02:00 [Information] Executing endpoint '"Forum.Controllers.CategoryController.CategoryDetails (Forum)"'
2023-10-23 19:46:01.642 +02:00 [Information] Route matched with "{action = \"CategoryDetails\", controller = \"Category\", page = \"\", area = \"\"}". Executing controller action with signature "System.Threading.Tasks.Task`1[Microsoft.AspNetCore.Mvc.IActionResult] CategoryDetails(Int32)" on controller "Forum.Controllers.CategoryController" ("Forum").
2023-10-23 19:46:01.652 +02:00 [Information] Executing ViewResult, running view "CategoryDetails".
2023-10-23 19:46:01.680 +02:00 [Information] Executed ViewResult - view "CategoryDetails" executed in 28.2874ms.
2023-10-23 19:46:01.680 +02:00 [Information] Executed action "Forum.Controllers.CategoryController.CategoryDetails (Forum)" in 38.0622ms
2023-10-23 19:46:01.680 +02:00 [Information] Executed endpoint '"Forum.Controllers.CategoryController.CategoryDetails (Forum)"'
2023-10-23 19:46:01.681 +02:00 [Information] Request finished HTTP/2 GET https://localhost:7205/Category/CategoryDetails/3 - - - 200 - text/html;+charset=utf-8 49.1611ms
2023-10-23 19:46:01.690 +02:00 [Information] Request starting HTTP/2 GET https://localhost:7205/Category/CategoryDetails/style.css - -
2023-10-23 19:46:01.691 +02:00 [Information] Executing endpoint '"Forum.Controllers.CategoryController.CategoryDetails (Forum)"'
2023-10-23 19:46:01.691 +02:00 [Information] Route matched with "{action = \"CategoryDetails\", controller = \"Category\", page = \"\", area = \"\"}". Executing controller action with signature "System.Threading.Tasks.Task`1[Microsoft.AspNetCore.Mvc.IActionResult] CategoryDetails(Int32)" on controller "Forum.Controllers.CategoryController" ("Forum").
2023-10-23 19:46:01.692 +02:00 [Information] Request starting HTTP/2 GET https://localhost:7205/_framework/aspnetcore-browser-refresh.js - -
2023-10-23 19:46:01.692 +02:00 [Information] Request starting HTTP/2 GET https://localhost:7205/_vs/browserLink - -
2023-10-23 19:46:01.693 +02:00 [Information] Request finished HTTP/2 GET https://localhost:7205/_framework/aspnetcore-browser-refresh.js - - - 200 12342 application/javascript;+charset=utf-8 0.3479ms
2023-10-23 19:46:01.695 +02:00 [Information] Request finished HTTP/2 GET https://localhost:7205/_vs/browserLink - - - 200 - text/javascript;+charset=UTF-8 2.7890ms
2023-10-23 19:46:01.702 +02:00 [Error] [CategoryController] Item not found for the ItemId 0000
2023-10-23 19:46:01.706 +02:00 [Information] Executing "NotFoundObjectResult", writing value of type '"System.String"'.
2023-10-23 19:46:01.707 +02:00 [Information] Executed action "Forum.Controllers.CategoryController.CategoryDetails (Forum)" in 15.9717ms
2023-10-23 19:46:01.707 +02:00 [Information] Executed endpoint '"Forum.Controllers.CategoryController.CategoryDetails (Forum)"'
2023-10-23 19:46:01.707 +02:00 [Information] Request finished HTTP/2 GET https://localhost:7205/Category/CategoryDetails/style.css - - - 404 - text/plain;+charset=utf-8 16.8098ms
2023-10-23 19:46:03.477 +02:00 [Information] Request starting HTTP/2 GET https://localhost:7205/Category/CategoryTable - -
2023-10-23 19:46:03.479 +02:00 [Information] Executing endpoint '"Forum.Controllers.CategoryController.CategoryTable (Forum)"'
2023-10-23 19:46:03.479 +02:00 [Information] Route matched with "{action = \"CategoryTable\", controller = \"Category\", page = \"\", area = \"\"}". Executing controller action with signature "System.Threading.Tasks.Task`1[Microsoft.AspNetCore.Mvc.IActionResult] CategoryTable()" on controller "Forum.Controllers.CategoryController" ("Forum").
2023-10-23 19:46:03.481 +02:00 [Information] Executing ViewResult, running view "CategoryTable".
2023-10-23 19:46:03.483 +02:00 [Information] Executed ViewResult - view "CategoryTable" executed in 2.4001ms.
2023-10-23 19:46:03.483 +02:00 [Information] Executed action "Forum.Controllers.CategoryController.CategoryTable (Forum)" in 4.2645ms
2023-10-23 19:46:03.483 +02:00 [Information] Executed endpoint '"Forum.Controllers.CategoryController.CategoryTable (Forum)"'
2023-10-23 19:46:03.484 +02:00 [Information] Request finished HTTP/2 GET https://localhost:7205/Category/CategoryTable - - - 200 - text/html;+charset=utf-8 6.8103ms
2023-10-23 19:46:03.494 +02:00 [Information] Request starting HTTP/2 GET https://localhost:7205/Category/style.css - -
2023-10-23 19:46:03.494 +02:00 [Information] Request starting HTTP/2 GET https://localhost:7205/_framework/aspnetcore-browser-refresh.js - -
2023-10-23 19:46:03.494 +02:00 [Information] Request starting HTTP/2 GET https://localhost:7205/_vs/browserLink - -
2023-10-23 19:46:03.494 +02:00 [Information] Request finished HTTP/2 GET https://localhost:7205/_framework/aspnetcore-browser-refresh.js - - - 200 12342 application/javascript;+charset=utf-8 0.1315ms
2023-10-23 19:46:03.494 +02:00 [Information] Request finished HTTP/2 GET https://localhost:7205/Category/style.css - - - 404 0 - 0.5283ms
2023-10-23 19:46:03.496 +02:00 [Information] Request finished HTTP/2 GET https://localhost:7205/_vs/browserLink - - - 200 - text/javascript;+charset=UTF-8 2.2197ms
2023-10-23 19:46:05.377 +02:00 [Information] Request starting HTTP/2 GET https://localhost:7205/Room/RoomTable - -
2023-10-23 19:46:05.377 +02:00 [Information] Executing endpoint '"Forum.Controllers.RoomController.RoomTable (Forum)"'
2023-10-23 19:46:05.379 +02:00 [Information] Route matched with "{action = \"RoomTable\", controller = \"Room\", page = \"\", area = \"\"}". Executing controller action with signature "System.Threading.Tasks.Task`1[Microsoft.AspNetCore.Mvc.IActionResult] RoomTable()" on controller "Forum.Controllers.RoomController" ("Forum").
2023-10-23 19:46:05.384 +02:00 [Information] Executing ViewResult, running view "RoomTable".
2023-10-23 19:46:05.390 +02:00 [Information] Executed ViewResult - view "RoomTable" executed in 5.5959ms.
2023-10-23 19:46:05.390 +02:00 [Information] Executed action "Forum.Controllers.RoomController.RoomTable (Forum)" in 10.2815ms
2023-10-23 19:46:05.390 +02:00 [Information] Executed endpoint '"Forum.Controllers.RoomController.RoomTable (Forum)"'
2023-10-23 19:46:05.390 +02:00 [Information] Request finished HTTP/2 GET https://localhost:7205/Room/RoomTable - - - 200 - text/html;+charset=utf-8 13.9145ms
2023-10-23 19:46:05.403 +02:00 [Information] Request starting HTTP/2 GET https://localhost:7205/Room/style.css - -
2023-10-23 19:46:05.404 +02:00 [Information] Request starting HTTP/2 GET https://localhost:7205/_framework/aspnetcore-browser-refresh.js - -
2023-10-23 19:46:05.404 +02:00 [Information] Request starting HTTP/2 GET https://localhost:7205/_vs/browserLink - -
2023-10-23 19:46:05.404 +02:00 [Information] Request finished HTTP/2 GET https://localhost:7205/_framework/aspnetcore-browser-refresh.js - - - 200 12342 application/javascript;+charset=utf-8 0.1421ms
2023-10-23 19:46:05.405 +02:00 [Information] Request finished HTTP/2 GET https://localhost:7205/Room/style.css - - - 404 0 - 1.9224ms
2023-10-23 19:46:05.407 +02:00 [Information] Request finished HTTP/2 GET https://localhost:7205/_vs/browserLink - - - 200 - text/javascript;+charset=UTF-8 3.0792ms
2023-10-23 19:46:06.696 +02:00 [Information] Request starting HTTP/2 GET https://localhost:7205/Category/CategoryTable - -
2023-10-23 19:46:06.696 +02:00 [Information] Executing endpoint '"Forum.Controllers.CategoryController.CategoryTable (Forum)"'
2023-10-23 19:46:06.696 +02:00 [Information] Route matched with "{action = \"CategoryTable\", controller = \"Category\", page = \"\", area = \"\"}". Executing controller action with signature "System.Threading.Tasks.Task`1[Microsoft.AspNetCore.Mvc.IActionResult] CategoryTable()" on controller "Forum.Controllers.CategoryController" ("Forum").
2023-10-23 19:46:06.698 +02:00 [Information] Executing ViewResult, running view "CategoryTable".
2023-10-23 19:46:06.700 +02:00 [Information] Executed ViewResult - view "CategoryTable" executed in 2.359ms.
2023-10-23 19:46:06.700 +02:00 [Information] Executed action "Forum.Controllers.CategoryController.CategoryTable (Forum)" in 3.798ms
2023-10-23 19:46:06.700 +02:00 [Information] Executed endpoint '"Forum.Controllers.CategoryController.CategoryTable (Forum)"'
2023-10-23 19:46:06.701 +02:00 [Information] Request finished HTTP/2 GET https://localhost:7205/Category/CategoryTable - - - 200 - text/html;+charset=utf-8 5.3438ms
2023-10-23 19:46:06.713 +02:00 [Information] Request starting HTTP/2 GET https://localhost:7205/Category/style.css - -
2023-10-23 19:46:06.713 +02:00 [Information] Request starting HTTP/2 GET https://localhost:7205/_framework/aspnetcore-browser-refresh.js - -
2023-10-23 19:46:06.713 +02:00 [Information] Request starting HTTP/2 GET https://localhost:7205/_vs/browserLink - -
2023-10-23 19:46:06.713 +02:00 [Information] Request finished HTTP/2 GET https://localhost:7205/Category/style.css - - - 404 0 - 0.4501ms
2023-10-23 19:46:06.713 +02:00 [Information] Request finished HTTP/2 GET https://localhost:7205/_framework/aspnetcore-browser-refresh.js - - - 200 12342 application/javascript;+charset=utf-8 0.1114ms
2023-10-23 19:46:06.720 +02:00 [Information] Request finished HTTP/2 GET https://localhost:7205/_vs/browserLink - - - 200 - text/javascript;+charset=UTF-8 6.2734ms
2023-10-23 19:46:07.777 +02:00 [Information] Request starting HTTP/2 GET https://localhost:7205/Category/CategoryDetails/4 - -
2023-10-23 19:46:07.777 +02:00 [Information] Executing endpoint '"Forum.Controllers.CategoryController.CategoryDetails (Forum)"'
2023-10-23 19:46:07.777 +02:00 [Information] Route matched with "{action = \"CategoryDetails\", controller = \"Category\", page = \"\", area = \"\"}". Executing controller action with signature "System.Threading.Tasks.Task`1[Microsoft.AspNetCore.Mvc.IActionResult] CategoryDetails(Int32)" on controller "Forum.Controllers.CategoryController" ("Forum").
2023-10-23 19:46:07.780 +02:00 [Information] Executing ViewResult, running view "CategoryDetails".
2023-10-23 19:46:07.783 +02:00 [Information] Executed ViewResult - view "CategoryDetails" executed in 3.0259ms.
2023-10-23 19:46:07.783 +02:00 [Information] Executed action "Forum.Controllers.CategoryController.CategoryDetails (Forum)" in 5.1652ms
2023-10-23 19:46:07.783 +02:00 [Information] Executed endpoint '"Forum.Controllers.CategoryController.CategoryDetails (Forum)"'
2023-10-23 19:46:07.783 +02:00 [Information] Request finished HTTP/2 GET https://localhost:7205/Category/CategoryDetails/4 - - - 200 - text/html;+charset=utf-8 6.7592ms
2023-10-23 19:46:07.799 +02:00 [Information] Request starting HTTP/2 GET https://localhost:7205/Category/CategoryDetails/style.css - -
2023-10-23 19:46:07.799 +02:00 [Information] Request starting HTTP/2 GET https://localhost:7205/_framework/aspnetcore-browser-refresh.js - -
2023-10-23 19:46:07.799 +02:00 [Information] Request starting HTTP/2 GET https://localhost:7205/_vs/browserLink - -
2023-10-23 19:46:07.800 +02:00 [Information] Request finished HTTP/2 GET https://localhost:7205/_framework/aspnetcore-browser-refresh.js - - - 200 12342 application/javascript;+charset=utf-8 0.1733ms
2023-10-23 19:46:07.800 +02:00 [Information] Executing endpoint '"Forum.Controllers.CategoryController.CategoryDetails (Forum)"'
2023-10-23 19:46:07.800 +02:00 [Information] Route matched with "{action = \"CategoryDetails\", controller = \"Category\", page = \"\", area = \"\"}". Executing controller action with signature "System.Threading.Tasks.Task`1[Microsoft.AspNetCore.Mvc.IActionResult] CategoryDetails(Int32)" on controller "Forum.Controllers.CategoryController" ("Forum").
2023-10-23 19:46:07.802 +02:00 [Information] Request finished HTTP/2 GET https://localhost:7205/_vs/browserLink - - - 200 - text/javascript;+charset=UTF-8 2.2694ms
2023-10-23 19:46:07.803 +02:00 [Error] [CategoryController] Item not found for the ItemId 0000
2023-10-23 19:46:07.803 +02:00 [Information] Executing "NotFoundObjectResult", writing value of type '"System.String"'.
2023-10-23 19:46:07.803 +02:00 [Information] Executed action "Forum.Controllers.CategoryController.CategoryDetails (Forum)" in 3.0915ms
2023-10-23 19:46:07.803 +02:00 [Information] Executed endpoint '"Forum.Controllers.CategoryController.CategoryDetails (Forum)"'
2023-10-23 19:46:07.803 +02:00 [Information] Request finished HTTP/2 GET https://localhost:7205/Category/CategoryDetails/style.css - - - 404 - text/plain;+charset=utf-8 3.7391ms
2023-10-23 19:46:08.962 +02:00 [Information] Request starting HTTP/2 GET https://localhost:7205/Category/CategoryTable - -
2023-10-23 19:46:08.963 +02:00 [Information] Executing endpoint '"Forum.Controllers.CategoryController.CategoryTable (Forum)"'
2023-10-23 19:46:08.963 +02:00 [Information] Route matched with "{action = \"CategoryTable\", controller = \"Category\", page = \"\", area = \"\"}". Executing controller action with signature "System.Threading.Tasks.Task`1[Microsoft.AspNetCore.Mvc.IActionResult] CategoryTable()" on controller "Forum.Controllers.CategoryController" ("Forum").
2023-10-23 19:46:08.964 +02:00 [Information] Executing ViewResult, running view "CategoryTable".
2023-10-23 19:46:08.966 +02:00 [Information] Executed ViewResult - view "CategoryTable" executed in 1.8668ms.
2023-10-23 19:46:08.966 +02:00 [Information] Executed action "Forum.Controllers.CategoryController.CategoryTable (Forum)" in 3.3273ms
2023-10-23 19:46:08.966 +02:00 [Information] Executed endpoint '"Forum.Controllers.CategoryController.CategoryTable (Forum)"'
2023-10-23 19:46:08.967 +02:00 [Information] Request finished HTTP/2 GET https://localhost:7205/Category/CategoryTable - - - 200 - text/html;+charset=utf-8 4.9677ms
2023-10-23 19:46:08.978 +02:00 [Information] Request starting HTTP/2 GET https://localhost:7205/Category/style.css - -
2023-10-23 19:46:08.978 +02:00 [Information] Request starting HTTP/2 GET https://localhost:7205/_vs/browserLink - -
2023-10-23 19:46:08.978 +02:00 [Information] Request starting HTTP/2 GET https://localhost:7205/_framework/aspnetcore-browser-refresh.js - -
2023-10-23 19:46:08.979 +02:00 [Information] Request finished HTTP/2 GET https://localhost:7205/Category/style.css - - - 404 0 - 0.5095ms
2023-10-23 19:46:08.979 +02:00 [Information] Request finished HTTP/2 GET https://localhost:7205/_framework/aspnetcore-browser-refresh.js - - - 200 12342 application/javascript;+charset=utf-8 0.1928ms
2023-10-23 19:46:08.981 +02:00 [Information] Request finished HTTP/2 GET https://localhost:7205/_vs/browserLink - - - 200 - text/javascript;+charset=UTF-8 2.0782ms
