2023-10-30 18:20:04.758 +01:00 [Information] User profile is available. Using '"C:\Users\abdik\AppData\Local\ASP.NET\DataProtection-Keys"' as key repository and Windows DPAPI to encrypt keys at rest.
2023-10-30 18:20:05.216 +01:00 [Information] Now listening on: "https://localhost:7205"
2023-10-30 18:20:05.216 +01:00 [Information] Now listening on: "http://localhost:5112"
2023-10-30 18:20:05.219 +01:00 [Information] Application started. Press Ctrl+C to shut down.
2023-10-30 18:20:05.220 +01:00 [Information] Hosting environment: "Development"
2023-10-30 18:20:05.220 +01:00 [Information] Content root path: "C:\Users\abdik\Source\Repos\Forum\MyShop\"
2023-10-30 18:20:05.354 +01:00 [Information] Request starting HTTP/2 GET https://localhost:7205/Post/PostDetails/9 - -
2023-10-30 18:20:05.393 +01:00 [Information] Executing endpoint '"Forum.Controllers.PostController.PostDetails (Forum)"'
2023-10-30 18:20:05.407 +01:00 [Information] Route matched with "{action = \"PostDetails\", controller = \"Post\", page = \"\", area = \"\"}". Executing controller action with signature "System.Threading.Tasks.Task`1[Microsoft.AspNetCore.Mvc.IActionResult] PostDetails(Int32)" on controller "Forum.Controllers.PostController" ("Forum").
2023-10-30 18:20:05.449 +01:00 [Information] Executing ViewResult, running view "PostDetails".
2023-10-30 18:20:05.614 +01:00 [Information] Executed ViewResult - view "PostDetails" executed in 164.7845ms.
2023-10-30 18:20:05.615 +01:00 [Information] Executed action "Forum.Controllers.PostController.PostDetails (Forum)" in 207.6048ms
2023-10-30 18:20:05.615 +01:00 [Information] Executed endpoint '"Forum.Controllers.PostController.PostDetails (Forum)"'
2023-10-30 18:20:05.630 +01:00 [Information] Request finished HTTP/2 GET https://localhost:7205/Post/PostDetails/9 - - - 200 - text/html;+charset=utf-8 278.2418ms
2023-10-30 18:20:05.631 +01:00 [Information] Request starting HTTP/2 GET https://localhost:7205/css/style.css?v=7qXswWkwcHuhatYiXCkiEczRrR7WNwT7ifp5qa6kH28 - -
2023-10-30 18:20:05.631 +01:00 [Information] Request starting HTTP/2 GET https://localhost:7205/_framework/aspnetcore-browser-refresh.js - -
2023-10-30 18:20:05.631 +01:00 [Information] Request starting HTTP/2 GET https://localhost:7205/css/style.css - -
2023-10-30 18:20:05.633 +01:00 [Information] Request finished HTTP/2 GET https://localhost:7205/_framework/aspnetcore-browser-refresh.js - - - 200 12342 application/javascript;+charset=utf-8 1.7454ms
2023-10-30 18:20:05.634 +01:00 [Information] The file "/css/style.css" was not modified
2023-10-30 18:20:05.634 +01:00 [Information] The file "/css/style.css" was not modified
2023-10-30 18:20:05.634 +01:00 [Information] Request finished HTTP/2 GET https://localhost:7205/css/style.css - - - 304 - text/css 2.9054ms
2023-10-30 18:20:05.634 +01:00 [Information] Request finished HTTP/2 GET https://localhost:7205/css/style.css?v=7qXswWkwcHuhatYiXCkiEczRrR7WNwT7ifp5qa6kH28 - - - 304 - text/css 2.9269ms
2023-10-30 18:20:05.638 +01:00 [Information] Request starting HTTP/2 GET https://localhost:7205/_vs/browserLink - -
2023-10-30 18:20:05.644 +01:00 [Information] Request finished HTTP/2 GET https://localhost:7205/_vs/browserLink - - - 200 - text/javascript;+charset=UTF-8 5.4980ms
