2023-10-29 15:30:25.018 +01:00 [Information] User profile is available. Using '"C:\Users\abdik\AppData\Local\ASP.NET\DataProtection-Keys"' as key repository and Windows DPAPI to encrypt keys at rest.
2023-10-29 15:30:25.442 +01:00 [Information] Now listening on: "https://localhost:7205"
2023-10-29 15:30:25.442 +01:00 [Information] Now listening on: "http://localhost:5112"
2023-10-29 15:30:25.445 +01:00 [Information] Application started. Press Ctrl+C to shut down.
2023-10-29 15:30:25.445 +01:00 [Information] Hosting environment: "Development"
2023-10-29 15:30:25.445 +01:00 [Information] Content root path: "C:\Users\abdik\Source\Repos\Forum\MyShop\"
2023-10-29 15:30:25.650 +01:00 [Information] Request starting HTTP/2 GET https://localhost:7205/Category/CategoryTable - -
2023-10-29 15:30:25.691 +01:00 [Information] Executing endpoint '"Forum.Controllers.CategoryController.CategoryTable (Forum)"'
2023-10-29 15:30:25.701 +01:00 [Information] Route matched with "{action = \"CategoryTable\", controller = \"Category\", page = \"\", area = \"\"}". Executing controller action with signature "System.Threading.Tasks.Task`1[Microsoft.AspNetCore.Mvc.IActionResult] CategoryTable()" on controller "Forum.Controllers.CategoryController" ("Forum").
2023-10-29 15:30:25.716 +01:00 [Information] Executing ViewResult, running view "CategoryTable".
2023-10-29 15:30:25.813 +01:00 [Information] Executed ViewResult - view "CategoryTable" executed in 97.7829ms.
2023-10-29 15:30:25.815 +01:00 [Information] Executed action "Forum.Controllers.CategoryController.CategoryTable (Forum)" in 113.386ms
2023-10-29 15:30:25.815 +01:00 [Information] Executed endpoint '"Forum.Controllers.CategoryController.CategoryTable (Forum)"'
2023-10-29 15:30:25.827 +01:00 [Information] Request finished HTTP/2 GET https://localhost:7205/Category/CategoryTable - - - 200 - text/html;+charset=utf-8 179.6379ms
2023-10-29 15:30:25.828 +01:00 [Information] Request starting HTTP/2 GET https://localhost:7205/lib/jquery/jquery.js - -
2023-10-29 15:30:25.828 +01:00 [Information] Request starting HTTP/2 GET https://localhost:7205/lib/bootstrap/css/crtstyle.css - -
2023-10-29 15:30:25.828 +01:00 [Information] Request starting HTTP/2 GET https://localhost:7205/css/style.css?v=WdTnk-tLUSm3ZW2x6qLfHkgxmfnYuYrUv0OKJTfJWOw - -
2023-10-29 15:30:25.828 +01:00 [Information] Request starting HTTP/2 GET https://localhost:7205/_framework/aspnetcore-browser-refresh.js - -
2023-10-29 15:30:25.828 +01:00 [Information] Request starting HTTP/2 GET https://localhost:7205/lib/bootstrap/js/bootstrap.js - -
2023-10-29 15:30:25.830 +01:00 [Information] Request finished HTTP/2 GET https://localhost:7205/_framework/aspnetcore-browser-refresh.js - - - 200 12342 application/javascript;+charset=utf-8 1.8385ms
2023-10-29 15:30:25.838 +01:00 [Information] The file "/css/style.css" was not modified
2023-10-29 15:30:25.838 +01:00 [Information] The file "/lib/bootstrap/css/crtstyle.css" was not modified
2023-10-29 15:30:25.838 +01:00 [Information] The file "/lib/jquery/jquery.js" was not modified
2023-10-29 15:30:25.838 +01:00 [Information] The file "/lib/bootstrap/js/bootstrap.js" was not modified
2023-10-29 15:30:25.838 +01:00 [Information] Request finished HTTP/2 GET https://localhost:7205/css/style.css?v=WdTnk-tLUSm3ZW2x6qLfHkgxmfnYuYrUv0OKJTfJWOw - - - 304 - text/css 10.3781ms
2023-10-29 15:30:25.838 +01:00 [Information] Request finished HTTP/2 GET https://localhost:7205/lib/bootstrap/css/crtstyle.css - - - 304 - text/css 10.4166ms
2023-10-29 15:30:25.838 +01:00 [Information] Request finished HTTP/2 GET https://localhost:7205/lib/jquery/jquery.js - - - 304 - application/javascript 10.4030ms
2023-10-29 15:30:25.838 +01:00 [Information] Request finished HTTP/2 GET https://localhost:7205/lib/bootstrap/js/bootstrap.js - - - 304 - application/javascript 10.4396ms
2023-10-29 15:30:25.843 +01:00 [Information] Request starting HTTP/2 GET https://localhost:7205/_vs/browserLink - -
2023-10-29 15:30:25.849 +01:00 [Information] Request finished HTTP/2 GET https://localhost:7205/_vs/browserLink - - - 200 - text/javascript;+charset=UTF-8 5.7448ms
2023-10-29 15:30:26.960 +01:00 [Information] Request starting HTTP/2 GET https://localhost:7205/Category/CategoryDetails/1 - -
2023-10-29 15:30:26.964 +01:00 [Information] Executing endpoint '"Forum.Controllers.CategoryController.CategoryDetails (Forum)"'
2023-10-29 15:30:26.972 +01:00 [Information] Route matched with "{action = \"CategoryDetails\", controller = \"Category\", page = \"\", area = \"\"}". Executing controller action with signature "System.Threading.Tasks.Task`1[Microsoft.AspNetCore.Mvc.IActionResult] CategoryDetails(Int32)" on controller "Forum.Controllers.CategoryController" ("Forum").
2023-10-29 15:30:26.976 +01:00 [Information] [CategoryController] ID: 1.
2023-10-29 15:30:26.977 +01:00 [Information] [CategoryRep] Getting the category with id: 1: 
2023-10-29 15:30:26.980 +01:00 [Information] [CategoryController] ID passed to CategoryController after database operation: 1.
2023-10-29 15:30:26.981 +01:00 [Information] Executing ViewResult, running view "CategoryDetails".
2023-10-29 15:30:27.009 +01:00 [Information] Executed ViewResult - view "CategoryDetails" executed in 28.721ms.
2023-10-29 15:30:27.009 +01:00 [Information] Executed action "Forum.Controllers.CategoryController.CategoryDetails (Forum)" in 37.1793ms
2023-10-29 15:30:27.009 +01:00 [Information] Executed endpoint '"Forum.Controllers.CategoryController.CategoryDetails (Forum)"'
2023-10-29 15:30:27.011 +01:00 [Information] Request finished HTTP/2 GET https://localhost:7205/Category/CategoryDetails/1 - - - 200 - text/html;+charset=utf-8 50.4685ms
2023-10-29 15:30:27.022 +01:00 [Information] Request starting HTTP/2 GET https://localhost:7205/_vs/browserLink - -
2023-10-29 15:30:27.022 +01:00 [Information] Request starting HTTP/2 GET https://localhost:7205/_framework/aspnetcore-browser-refresh.js - -
2023-10-29 15:30:27.023 +01:00 [Information] Request finished HTTP/2 GET https://localhost:7205/_framework/aspnetcore-browser-refresh.js - - - 200 12342 application/javascript;+charset=utf-8 0.3731ms
2023-10-29 15:30:27.024 +01:00 [Information] Request finished HTTP/2 GET https://localhost:7205/_vs/browserLink - - - 200 - text/javascript;+charset=UTF-8 2.1489ms
2023-10-29 15:30:27.910 +01:00 [Information] Request starting HTTP/2 GET https://localhost:7205/Room/RoomDetails/1 - -
2023-10-29 15:30:27.919 +01:00 [Information] Executing endpoint '"Forum.Controllers.RoomController.RoomDetails (Forum)"'
2023-10-29 15:30:27.921 +01:00 [Information] Route matched with "{action = \"RoomDetails\", controller = \"Room\", page = \"\", area = \"\"}". Executing controller action with signature "System.Threading.Tasks.Task`1[Microsoft.AspNetCore.Mvc.IActionResult] RoomDetails(Int32)" on controller "Forum.Controllers.RoomController" ("Forum").
2023-10-29 15:30:27.922 +01:00 [Information] RoomDetails called with Room ID: 1
2023-10-29 15:30:27.926 +01:00 [Information] Executing ViewResult, running view "RoomDetails".
2023-10-29 15:30:27.945 +01:00 [Information] Executed ViewResult - view "RoomDetails" executed in 19.1819ms.
2023-10-29 15:30:27.945 +01:00 [Information] Executed action "Forum.Controllers.RoomController.RoomDetails (Forum)" in 24.0935ms
2023-10-29 15:30:27.945 +01:00 [Information] Executed endpoint '"Forum.Controllers.RoomController.RoomDetails (Forum)"'
2023-10-29 15:30:27.946 +01:00 [Information] Request finished HTTP/2 GET https://localhost:7205/Room/RoomDetails/1 - - - 200 - text/html;+charset=utf-8 35.4064ms
2023-10-29 15:30:27.956 +01:00 [Information] Request starting HTTP/2 GET https://localhost:7205/_vs/browserLink - -
2023-10-29 15:30:27.956 +01:00 [Information] Request starting HTTP/2 GET https://localhost:7205/_framework/aspnetcore-browser-refresh.js - -
2023-10-29 15:30:27.956 +01:00 [Information] Request finished HTTP/2 GET https://localhost:7205/_framework/aspnetcore-browser-refresh.js - - - 200 12342 application/javascript;+charset=utf-8 0.2397ms
2023-10-29 15:30:27.958 +01:00 [Information] Request finished HTTP/2 GET https://localhost:7205/_vs/browserLink - - - 200 - text/javascript;+charset=UTF-8 1.8391ms
2023-10-29 15:30:29.399 +01:00 [Information] Request starting HTTP/2 GET https://localhost:7205/Topic/TopicDetails/1 - -
2023-10-29 15:30:29.401 +01:00 [Information] Executing endpoint '"Forum.Controllers.TopicController.TopicDetails (Forum)"'
2023-10-29 15:30:29.403 +01:00 [Information] Route matched with "{action = \"TopicDetails\", controller = \"Topic\", page = \"\", area = \"\"}". Executing controller action with signature "System.Threading.Tasks.Task`1[Microsoft.AspNetCore.Mvc.IActionResult] TopicDetails(Int32)" on controller "Forum.Controllers.TopicController" ("Forum").
2023-10-29 15:30:29.408 +01:00 [Information] Executing ViewResult, running view "TopicDetails".
2023-10-29 15:30:29.432 +01:00 [Information] Executed ViewResult - view "TopicDetails" executed in 24.3244ms.
2023-10-29 15:30:29.432 +01:00 [Information] Executed action "Forum.Controllers.TopicController.TopicDetails (Forum)" in 28.7526ms
2023-10-29 15:30:29.432 +01:00 [Information] Executed endpoint '"Forum.Controllers.TopicController.TopicDetails (Forum)"'
2023-10-29 15:30:29.433 +01:00 [Information] Request finished HTTP/2 GET https://localhost:7205/Topic/TopicDetails/1 - - - 200 - text/html;+charset=utf-8 33.4503ms
2023-10-29 15:30:29.444 +01:00 [Information] Request starting HTTP/2 GET https://localhost:7205/_vs/browserLink - -
2023-10-29 15:30:29.444 +01:00 [Information] Request starting HTTP/2 GET https://localhost:7205/_framework/aspnetcore-browser-refresh.js - -
2023-10-29 15:30:29.444 +01:00 [Information] Request finished HTTP/2 GET https://localhost:7205/_framework/aspnetcore-browser-refresh.js - - - 200 12342 application/javascript;+charset=utf-8 0.1675ms
2023-10-29 15:30:29.446 +01:00 [Information] Request finished HTTP/2 GET https://localhost:7205/_vs/browserLink - - - 200 - text/javascript;+charset=UTF-8 2.0371ms
2023-10-29 15:30:30.679 +01:00 [Information] Request starting HTTP/2 GET https://localhost:7205/Post/CreatePost?topicId=1 - -
2023-10-29 15:30:30.684 +01:00 [Information] Executing endpoint '"Forum.Controllers.PostController.CreatePost (Forum)"'
2023-10-29 15:30:30.685 +01:00 [Information] Route matched with "{action = \"CreatePost\", controller = \"Post\", page = \"\", area = \"\"}". Executing controller action with signature "Microsoft.AspNetCore.Mvc.IActionResult CreatePost(Int32)" on controller "Forum.Controllers.PostController" ("Forum").
2023-10-29 15:30:30.688 +01:00 [Information] Executing ViewResult, running view "CreatePost".
2023-10-29 15:30:30.710 +01:00 [Information] Executed ViewResult - view "CreatePost" executed in 21.6719ms.
2023-10-29 15:30:30.710 +01:00 [Information] Executed action "Forum.Controllers.PostController.CreatePost (Forum)" in 25.1815ms
2023-10-29 15:30:30.710 +01:00 [Information] Executed endpoint '"Forum.Controllers.PostController.CreatePost (Forum)"'
2023-10-29 15:30:30.711 +01:00 [Information] Request finished HTTP/2 GET https://localhost:7205/Post/CreatePost?topicId=1 - - - 200 - text/html;+charset=utf-8 31.7837ms
2023-10-29 15:30:30.721 +01:00 [Information] Request starting HTTP/2 GET https://localhost:7205/_framework/aspnetcore-browser-refresh.js - -
2023-10-29 15:30:30.721 +01:00 [Information] Request starting HTTP/2 GET https://localhost:7205/_vs/browserLink - -
2023-10-29 15:30:30.721 +01:00 [Information] Request finished HTTP/2 GET https://localhost:7205/_framework/aspnetcore-browser-refresh.js - - - 200 12342 application/javascript;+charset=utf-8 0.1833ms
2023-10-29 15:30:30.723 +01:00 [Information] Request finished HTTP/2 GET https://localhost:7205/_vs/browserLink - - - 200 - text/javascript;+charset=UTF-8 1.6599ms
2023-10-29 15:30:32.884 +01:00 [Information] Request starting HTTP/2 POST https://localhost:7205/Post/Createpost?topicId=1 application/x-www-form-urlencoded 317
2023-10-29 15:30:32.887 +01:00 [Information] Executing endpoint '"Forum.Controllers.PostController.CreatePost (Forum)"'
2023-10-29 15:30:32.893 +01:00 [Information] Route matched with "{action = \"CreatePost\", controller = \"Post\", page = \"\", area = \"\"}". Executing controller action with signature "System.Threading.Tasks.Task`1[Microsoft.AspNetCore.Mvc.IActionResult] CreatePost(Forum.ViewModels.PostCommentViewModel)" on controller "Forum.Controllers.PostController" ("Forum").
2023-10-29 15:30:32.909 +01:00 [Warning] [PostController] Post creation failed Post { PostId: 0, TopicId: 1, UserName: null, PostTitle: "United er mye bedre enn Liverpool", PostTime: 10/29/2023 15:30:32, Topic: null, Comments: null, LatestComment: null }
2023-10-29 15:30:32.910 +01:00 [Information] Executing ViewResult, running view "CreatePost".
2023-10-29 15:30:32.912 +01:00 [Information] Executed ViewResult - view "CreatePost" executed in 2.3142ms.
2023-10-29 15:30:32.912 +01:00 [Information] Executed action "Forum.Controllers.PostController.CreatePost (Forum)" in 18.8518ms
2023-10-29 15:30:32.912 +01:00 [Information] Executed endpoint '"Forum.Controllers.PostController.CreatePost (Forum)"'
2023-10-29 15:30:32.913 +01:00 [Information] Request finished HTTP/2 POST https://localhost:7205/Post/Createpost?topicId=1 application/x-www-form-urlencoded 317 - 200 - text/html;+charset=utf-8 28.3519ms
2023-10-29 15:30:32.926 +01:00 [Information] Request starting HTTP/2 GET https://localhost:7205/_framework/aspnetcore-browser-refresh.js - -
2023-10-29 15:30:32.926 +01:00 [Information] Request starting HTTP/2 GET https://localhost:7205/_vs/browserLink - -
2023-10-29 15:30:32.926 +01:00 [Information] Request finished HTTP/2 GET https://localhost:7205/_framework/aspnetcore-browser-refresh.js - - - 200 12342 application/javascript;+charset=utf-8 0.1837ms
2023-10-29 15:30:32.928 +01:00 [Information] Request finished HTTP/2 GET https://localhost:7205/_vs/browserLink - - - 200 - text/javascript;+charset=UTF-8 1.8423ms
