2023-10-25 17:35:43.280 +02:00 [Information] User profile is available. Using '"C:\Users\Johan\AppData\Local\ASP.NET\DataProtection-Keys"' as key repository and Windows DPAPI to encrypt keys at rest.
2023-10-25 17:35:43.840 +02:00 [Information] Now listening on: "https://localhost:7205"
2023-10-25 17:35:43.841 +02:00 [Information] Now listening on: "http://localhost:5112"
2023-10-25 17:35:43.847 +02:00 [Information] Application started. Press Ctrl+C to shut down.
2023-10-25 17:35:43.848 +02:00 [Information] Hosting environment: "Development"
2023-10-25 17:35:43.849 +02:00 [Information] Content root path: "C:\Users\Johan\Source\Repos\N4h0\Forum\MyShop\"
2023-10-25 17:35:45.701 +02:00 [Information] Request starting HTTP/2 GET https://localhost:7205/ - -
2023-10-25 17:35:45.743 +02:00 [Information] Executing endpoint '"Forum.Controllers.HomeController.Index (Forum)"'
2023-10-25 17:35:45.753 +02:00 [Information] Route matched with "{action = \"Index\", controller = \"Home\", page = \"\", area = \"\"}". Executing controller action with signature "System.Threading.Tasks.Task`1[Microsoft.AspNetCore.Mvc.IActionResult] Index()" on controller "Forum.Controllers.HomeController" ("Forum").
2023-10-25 17:35:45.786 +02:00 [Information] Executing ViewResult, running view "Index".
2023-10-25 17:35:45.877 +02:00 [Information] Executed ViewResult - view "Index" executed in 91.6211ms.
2023-10-25 17:35:45.878 +02:00 [Information] Executed action "Forum.Controllers.HomeController.Index (Forum)" in 124.0848ms
2023-10-25 17:35:45.878 +02:00 [Information] Executed endpoint '"Forum.Controllers.HomeController.Index (Forum)"'
2023-10-25 17:35:45.888 +02:00 [Information] Request finished HTTP/2 GET https://localhost:7205/ - - - 200 - text/html;+charset=utf-8 189.7228ms
2023-10-25 17:35:45.892 +02:00 [Information] Request starting HTTP/2 GET https://localhost:7205/style.css - -
2023-10-25 17:35:45.895 +02:00 [Information] Request finished HTTP/2 GET https://localhost:7205/style.css - - - 404 0 - 3.3552ms
2023-10-25 17:35:45.922 +02:00 [Information] Request starting HTTP/2 GET https://localhost:7205/_framework/aspnetcore-browser-refresh.js - -
2023-10-25 17:35:45.924 +02:00 [Information] Request finished HTTP/2 GET https://localhost:7205/_framework/aspnetcore-browser-refresh.js - - - 200 12342 application/javascript;+charset=utf-8 2.6600ms
2023-10-25 17:35:48.890 +02:00 [Information] Request starting HTTP/2 GET https://localhost:7205/Category/CategoryDetails/3 - -
2023-10-25 17:35:48.892 +02:00 [Information] Executing endpoint '"Forum.Controllers.CategoryController.CategoryDetails (Forum)"'
2023-10-25 17:35:48.899 +02:00 [Information] Route matched with "{action = \"CategoryDetails\", controller = \"Category\", page = \"\", area = \"\"}". Executing controller action with signature "System.Threading.Tasks.Task`1[Microsoft.AspNetCore.Mvc.IActionResult] CategoryDetails(Int32)" on controller "Forum.Controllers.CategoryController" ("Forum").
2023-10-25 17:35:48.907 +02:00 [Information] [CategoryController] ID passed to CategoryController: 3.
2023-10-25 17:35:48.908 +02:00 [Information] [CategoryRep] Getting the category with id: 3: 
2023-10-25 17:35:48.918 +02:00 [Information] [CategoryController] ID passed to CategoryController after database operation: 3.
2023-10-25 17:35:48.918 +02:00 [Information] Executing ViewResult, running view "CategoryDetails".
2023-10-25 17:35:48.952 +02:00 [Information] Executed ViewResult - view "CategoryDetails" executed in 33.4804ms.
2023-10-25 17:35:48.952 +02:00 [Information] Executed action "Forum.Controllers.CategoryController.CategoryDetails (Forum)" in 52.7735ms
2023-10-25 17:35:48.952 +02:00 [Information] Executed endpoint '"Forum.Controllers.CategoryController.CategoryDetails (Forum)"'
2023-10-25 17:35:48.952 +02:00 [Information] Request finished HTTP/2 GET https://localhost:7205/Category/CategoryDetails/3 - - - 200 - text/html;+charset=utf-8 61.3908ms
2023-10-25 17:35:48.966 +02:00 [Information] Request starting HTTP/2 GET https://localhost:7205/Category/CategoryDetails/style.css - -
2023-10-25 17:35:48.967 +02:00 [Information] Executing endpoint '"Forum.Controllers.CategoryController.CategoryDetails (Forum)"'
2023-10-25 17:35:48.967 +02:00 [Information] Route matched with "{action = \"CategoryDetails\", controller = \"Category\", page = \"\", area = \"\"}". Executing controller action with signature "System.Threading.Tasks.Task`1[Microsoft.AspNetCore.Mvc.IActionResult] CategoryDetails(Int32)" on controller "Forum.Controllers.CategoryController" ("Forum").
2023-10-25 17:35:48.967 +02:00 [Information] Request starting HTTP/2 GET https://localhost:7205/_framework/aspnetcore-browser-refresh.js - -
2023-10-25 17:35:48.968 +02:00 [Information] Request finished HTTP/2 GET https://localhost:7205/_framework/aspnetcore-browser-refresh.js - - - 200 12342 application/javascript;+charset=utf-8 0.3031ms
2023-10-25 17:35:48.972 +02:00 [Information] [CategoryController] ID passed to CategoryController: 0.
2023-10-25 17:35:48.973 +02:00 [Information] [CategoryRep] Getting the category with id: 0: 
2023-10-25 17:35:48.977 +02:00 [Information] [CategoryController] ID passed to CategoryController after database operation: 0.
2023-10-25 17:35:48.983 +02:00 [Error] [CategoryController] Category not found for the categoryId 0.
2023-10-25 17:35:48.988 +02:00 [Information] Executing "NotFoundObjectResult", writing value of type '"System.String"'.
2023-10-25 17:35:48.989 +02:00 [Information] Executed action "Forum.Controllers.CategoryController.CategoryDetails (Forum)" in 22.2344ms
2023-10-25 17:35:48.989 +02:00 [Information] Executed endpoint '"Forum.Controllers.CategoryController.CategoryDetails (Forum)"'
2023-10-25 17:35:48.989 +02:00 [Information] Request finished HTTP/2 GET https://localhost:7205/Category/CategoryDetails/style.css - - - 404 - text/plain;+charset=utf-8 23.6854ms
2023-10-25 17:36:10.711 +02:00 [Information] Request starting HTTP/2 GET https://localhost:7205/ - -
2023-10-25 17:36:10.712 +02:00 [Information] Executing endpoint '"Forum.Controllers.HomeController.Index (Forum)"'
2023-10-25 17:36:10.712 +02:00 [Information] Route matched with "{action = \"Index\", controller = \"Home\", page = \"\", area = \"\"}". Executing controller action with signature "System.Threading.Tasks.Task`1[Microsoft.AspNetCore.Mvc.IActionResult] Index()" on controller "Forum.Controllers.HomeController" ("Forum").
2023-10-25 17:36:10.716 +02:00 [Information] Executing ViewResult, running view "Index".
2023-10-25 17:36:10.717 +02:00 [Information] Executed ViewResult - view "Index" executed in 1.1226ms.
2023-10-25 17:36:10.717 +02:00 [Information] Executed action "Forum.Controllers.HomeController.Index (Forum)" in 4.3736ms
2023-10-25 17:36:10.717 +02:00 [Information] Executed endpoint '"Forum.Controllers.HomeController.Index (Forum)"'
2023-10-25 17:36:10.717 +02:00 [Information] Request finished HTTP/2 GET https://localhost:7205/ - - - 200 - text/html;+charset=utf-8 5.5320ms
2023-10-25 17:36:10.731 +02:00 [Information] Request starting HTTP/2 GET https://localhost:7205/style.css - -
2023-10-25 17:36:10.731 +02:00 [Information] Request starting HTTP/2 GET https://localhost:7205/_framework/aspnetcore-browser-refresh.js - -
2023-10-25 17:36:10.732 +02:00 [Information] Request finished HTTP/2 GET https://localhost:7205/_framework/aspnetcore-browser-refresh.js - - - 200 12342 application/javascript;+charset=utf-8 0.1312ms
2023-10-25 17:36:10.732 +02:00 [Information] Request finished HTTP/2 GET https://localhost:7205/style.css - - - 404 0 - 0.4763ms
2023-10-25 17:36:14.707 +02:00 [Information] Request starting HTTP/2 GET https://localhost:7205/Category/CategoryDetails/3 - -
2023-10-25 17:36:14.708 +02:00 [Information] Executing endpoint '"Forum.Controllers.CategoryController.CategoryDetails (Forum)"'
2023-10-25 17:36:14.708 +02:00 [Information] Route matched with "{action = \"CategoryDetails\", controller = \"Category\", page = \"\", area = \"\"}". Executing controller action with signature "System.Threading.Tasks.Task`1[Microsoft.AspNetCore.Mvc.IActionResult] CategoryDetails(Int32)" on controller "Forum.Controllers.CategoryController" ("Forum").
2023-10-25 17:36:14.711 +02:00 [Information] [CategoryController] ID passed to CategoryController: 3.
2023-10-25 17:36:14.712 +02:00 [Information] [CategoryRep] Getting the category with id: 3: 
2023-10-25 17:36:14.715 +02:00 [Information] [CategoryController] ID passed to CategoryController after database operation: 3.
2023-10-25 17:36:14.715 +02:00 [Information] Executing ViewResult, running view "CategoryDetails".
2023-10-25 17:36:14.718 +02:00 [Information] Executed ViewResult - view "CategoryDetails" executed in 2.5869ms.
2023-10-25 17:36:14.718 +02:00 [Information] Executed action "Forum.Controllers.CategoryController.CategoryDetails (Forum)" in 9.7049ms
2023-10-25 17:36:14.718 +02:00 [Information] Executed endpoint '"Forum.Controllers.CategoryController.CategoryDetails (Forum)"'
2023-10-25 17:36:14.718 +02:00 [Information] Request finished HTTP/2 GET https://localhost:7205/Category/CategoryDetails/3 - - - 200 - text/html;+charset=utf-8 10.2428ms
2023-10-25 17:36:14.731 +02:00 [Information] Request starting HTTP/2 GET https://localhost:7205/Category/CategoryDetails/style.css - -
2023-10-25 17:36:14.731 +02:00 [Information] Request starting HTTP/2 GET https://localhost:7205/_framework/aspnetcore-browser-refresh.js - -
2023-10-25 17:36:14.732 +02:00 [Information] Request finished HTTP/2 GET https://localhost:7205/_framework/aspnetcore-browser-refresh.js - - - 200 12342 application/javascript;+charset=utf-8 0.1858ms
2023-10-25 17:36:14.732 +02:00 [Information] Executing endpoint '"Forum.Controllers.CategoryController.CategoryDetails (Forum)"'
2023-10-25 17:36:14.732 +02:00 [Information] Route matched with "{action = \"CategoryDetails\", controller = \"Category\", page = \"\", area = \"\"}". Executing controller action with signature "System.Threading.Tasks.Task`1[Microsoft.AspNetCore.Mvc.IActionResult] CategoryDetails(Int32)" on controller "Forum.Controllers.CategoryController" ("Forum").
2023-10-25 17:36:14.735 +02:00 [Information] [CategoryController] ID passed to CategoryController: 0.
2023-10-25 17:36:14.736 +02:00 [Information] [CategoryRep] Getting the category with id: 0: 
2023-10-25 17:36:14.738 +02:00 [Information] [CategoryController] ID passed to CategoryController after database operation: 0.
2023-10-25 17:36:14.739 +02:00 [Error] [CategoryController] Category not found for the categoryId 0.
2023-10-25 17:36:14.739 +02:00 [Information] Executing "NotFoundObjectResult", writing value of type '"System.String"'.
2023-10-25 17:36:14.739 +02:00 [Information] Executed action "Forum.Controllers.CategoryController.CategoryDetails (Forum)" in 7.7862ms
2023-10-25 17:36:14.739 +02:00 [Information] Executed endpoint '"Forum.Controllers.CategoryController.CategoryDetails (Forum)"'
2023-10-25 17:36:14.740 +02:00 [Information] Request finished HTTP/2 GET https://localhost:7205/Category/CategoryDetails/style.css - - - 404 - text/plain;+charset=utf-8 8.3299ms
