2023-10-23 19:24:55.600 +02:00 [Information] User profile is available. Using '"C:\Users\abdik\AppData\Local\ASP.NET\DataProtection-Keys"' as key repository and Windows DPAPI to encrypt keys at rest.
2023-10-23 19:24:56.037 +02:00 [Information] Now listening on: "https://localhost:7205"
2023-10-23 19:24:56.037 +02:00 [Information] Now listening on: "http://localhost:5112"
2023-10-23 19:24:56.040 +02:00 [Information] Application started. Press Ctrl+C to shut down.
2023-10-23 19:24:56.041 +02:00 [Information] Hosting environment: "Development"
2023-10-23 19:24:56.041 +02:00 [Information] Content root path: "C:\Users\abdik\Source\Repos\Forum\MyShop\"
2023-10-23 19:24:56.569 +02:00 [Information] Request starting HTTP/2 GET https://localhost:7205/Topic/TopicTable - -
2023-10-23 19:24:56.609 +02:00 [Information] Executing endpoint '"Forum.Controllers.TopicController.TopicTable (Forum)"'
2023-10-23 19:24:56.618 +02:00 [Information] Route matched with "{action = \"TopicTable\", controller = \"Topic\", page = \"\", area = \"\"}". Executing controller action with signature "System.Threading.Tasks.Task`1[Microsoft.AspNetCore.Mvc.IActionResult] TopicTable()" on controller "Forum.Controllers.TopicController" ("Forum").
2023-10-23 19:24:56.632 +02:00 [Information] Executing ViewResult, running view "TopicTable".
2023-10-23 19:24:56.729 +02:00 [Information] Executed ViewResult - view "TopicTable" executed in 96.9496ms.
2023-10-23 19:24:56.731 +02:00 [Information] Executed action "Forum.Controllers.TopicController.TopicTable (Forum)" in 112.9726ms
2023-10-23 19:24:56.731 +02:00 [Information] Executed endpoint '"Forum.Controllers.TopicController.TopicTable (Forum)"'
2023-10-23 19:24:56.745 +02:00 [Information] Request finished HTTP/2 GET https://localhost:7205/Topic/TopicTable - - - 200 - text/html;+charset=utf-8 177.8371ms
2023-10-23 19:24:56.746 +02:00 [Information] Request starting HTTP/2 GET https://localhost:7205/Topic/style.css - -
2023-10-23 19:24:56.746 +02:00 [Information] Request starting HTTP/2 GET https://localhost:7205/css/style.css?v=FlcldbE8xM1Thg3yicSDGGG24QfOh8smt24UGWi3HzE - -
2023-10-23 19:24:56.746 +02:00 [Information] Request starting HTTP/2 GET https://localhost:7205/_framework/aspnetcore-browser-refresh.js - -
2023-10-23 19:24:56.748 +02:00 [Information] Request finished HTTP/2 GET https://localhost:7205/_framework/aspnetcore-browser-refresh.js - - - 200 12342 application/javascript;+charset=utf-8 2.5307ms
2023-10-23 19:24:56.750 +02:00 [Information] Request finished HTTP/2 GET https://localhost:7205/Topic/style.css - - - 404 0 - 4.2870ms
2023-10-23 19:24:56.756 +02:00 [Information] The file "/css/style.css" was not modified
2023-10-23 19:24:56.756 +02:00 [Information] Request finished HTTP/2 GET https://localhost:7205/css/style.css?v=FlcldbE8xM1Thg3yicSDGGG24QfOh8smt24UGWi3HzE - - - 304 - text/css 10.7134ms
2023-10-23 19:24:56.802 +02:00 [Information] Request starting HTTP/2 GET https://localhost:7205/_vs/browserLink - -
2023-10-23 19:24:56.809 +02:00 [Information] Request finished HTTP/2 GET https://localhost:7205/_vs/browserLink - - - 200 - text/javascript;+charset=UTF-8 7.4643ms
2023-10-23 19:24:59.235 +02:00 [Information] Request starting HTTP/2 GET https://localhost:7205/ - -
2023-10-23 19:24:59.237 +02:00 [Information] Executing endpoint '"Forum.Controllers.HomeController.Index (Forum)"'
2023-10-23 19:24:59.238 +02:00 [Information] Route matched with "{action = \"Index\", controller = \"Home\", page = \"\", area = \"\"}". Executing controller action with signature "Microsoft.AspNetCore.Mvc.IActionResult Index()" on controller "Forum.Controllers.HomeController" ("Forum").
2023-10-23 19:24:59.239 +02:00 [Information] Executing ViewResult, running view "Index".
2023-10-23 19:24:59.253 +02:00 [Information] Executed ViewResult - view "Index" executed in 14.6528ms.
2023-10-23 19:24:59.253 +02:00 [Information] Executed action "Forum.Controllers.HomeController.Index (Forum)" in 15.1592ms
2023-10-23 19:24:59.253 +02:00 [Information] Executed endpoint '"Forum.Controllers.HomeController.Index (Forum)"'
2023-10-23 19:24:59.254 +02:00 [Information] Request finished HTTP/2 GET https://localhost:7205/ - - - 200 - text/html;+charset=utf-8 19.4157ms
2023-10-23 19:24:59.270 +02:00 [Information] Request starting HTTP/2 GET https://localhost:7205/_framework/aspnetcore-browser-refresh.js - -
2023-10-23 19:24:59.270 +02:00 [Information] Request starting HTTP/2 GET https://localhost:7205/style.css - -
2023-10-23 19:24:59.270 +02:00 [Information] Request starting HTTP/2 GET https://localhost:7205/css/style.css?v=FlcldbE8xM1Thg3yicSDGGG24QfOh8smt24UGWi3HzE - -
2023-10-23 19:24:59.270 +02:00 [Information] Request finished HTTP/2 GET https://localhost:7205/_framework/aspnetcore-browser-refresh.js - - - 200 12342 application/javascript;+charset=utf-8 0.3227ms
2023-10-23 19:24:59.270 +02:00 [Information] Request finished HTTP/2 GET https://localhost:7205/style.css - - - 404 0 - 0.5447ms
2023-10-23 19:24:59.270 +02:00 [Information] The file "/css/style.css" was not modified
2023-10-23 19:24:59.270 +02:00 [Information] Request finished HTTP/2 GET https://localhost:7205/css/style.css?v=FlcldbE8xM1Thg3yicSDGGG24QfOh8smt24UGWi3HzE - - - 304 - text/css 0.5536ms
2023-10-23 19:24:59.293 +02:00 [Information] Request starting HTTP/2 GET https://localhost:7205/_vs/browserLink - -
2023-10-23 19:24:59.295 +02:00 [Information] Request finished HTTP/2 GET https://localhost:7205/_vs/browserLink - - - 200 - text/javascript;+charset=UTF-8 2.2934ms
2023-10-23 19:25:03.881 +02:00 [Information] Request starting HTTP/2 GET https://localhost:7205/Topic/TopicTable - -
2023-10-23 19:25:03.882 +02:00 [Information] Executing endpoint '"Forum.Controllers.TopicController.TopicTable (Forum)"'
2023-10-23 19:25:03.882 +02:00 [Information] Route matched with "{action = \"TopicTable\", controller = \"Topic\", page = \"\", area = \"\"}". Executing controller action with signature "System.Threading.Tasks.Task`1[Microsoft.AspNetCore.Mvc.IActionResult] TopicTable()" on controller "Forum.Controllers.TopicController" ("Forum").
2023-10-23 19:25:03.884 +02:00 [Information] Executing ViewResult, running view "TopicTable".
2023-10-23 19:25:03.886 +02:00 [Information] Executed ViewResult - view "TopicTable" executed in 2.2095ms.
2023-10-23 19:25:03.886 +02:00 [Information] Executed action "Forum.Controllers.TopicController.TopicTable (Forum)" in 3.9243ms
2023-10-23 19:25:03.886 +02:00 [Information] Executed endpoint '"Forum.Controllers.TopicController.TopicTable (Forum)"'
2023-10-23 19:25:03.887 +02:00 [Information] Request finished HTTP/2 GET https://localhost:7205/Topic/TopicTable - - - 200 - text/html;+charset=utf-8 5.5027ms
2023-10-23 19:25:03.897 +02:00 [Information] Request starting HTTP/2 GET https://localhost:7205/css/style.css?v=FlcldbE8xM1Thg3yicSDGGG24QfOh8smt24UGWi3HzE - -
2023-10-23 19:25:03.897 +02:00 [Information] The file "/css/style.css" was not modified
2023-10-23 19:25:03.898 +02:00 [Information] Request finished HTTP/2 GET https://localhost:7205/css/style.css?v=FlcldbE8xM1Thg3yicSDGGG24QfOh8smt24UGWi3HzE - - - 304 - text/css 0.4450ms
2023-10-23 19:25:03.900 +02:00 [Information] Request starting HTTP/2 GET https://localhost:7205/Topic/style.css - -
2023-10-23 19:25:03.900 +02:00 [Information] Request starting HTTP/2 GET https://localhost:7205/_framework/aspnetcore-browser-refresh.js - -
2023-10-23 19:25:03.900 +02:00 [Information] Request finished HTTP/2 GET https://localhost:7205/_framework/aspnetcore-browser-refresh.js - - - 200 12342 application/javascript;+charset=utf-8 0.1877ms
2023-10-23 19:25:03.901 +02:00 [Information] Request finished HTTP/2 GET https://localhost:7205/Topic/style.css - - - 404 0 - 0.4023ms
2023-10-23 19:25:03.907 +02:00 [Information] Request starting HTTP/2 GET https://localhost:7205/_vs/browserLink - -
2023-10-23 19:25:03.909 +02:00 [Information] Request finished HTTP/2 GET https://localhost:7205/_vs/browserLink - - - 200 - text/javascript;+charset=UTF-8 1.8825ms
2023-10-23 19:25:13.712 +02:00 [Information] Request starting HTTP/2 GET https://localhost:7205/ - -
2023-10-23 19:25:13.713 +02:00 [Information] Executing endpoint '"Forum.Controllers.HomeController.Index (Forum)"'
2023-10-23 19:25:13.713 +02:00 [Information] Route matched with "{action = \"Index\", controller = \"Home\", page = \"\", area = \"\"}". Executing controller action with signature "Microsoft.AspNetCore.Mvc.IActionResult Index()" on controller "Forum.Controllers.HomeController" ("Forum").
2023-10-23 19:25:13.713 +02:00 [Information] Executing ViewResult, running view "Index".
2023-10-23 19:25:13.716 +02:00 [Information] Executed ViewResult - view "Index" executed in 3.4885ms.
2023-10-23 19:25:13.717 +02:00 [Information] Executed action "Forum.Controllers.HomeController.Index (Forum)" in 3.6773ms
2023-10-23 19:25:13.717 +02:00 [Information] Executed endpoint '"Forum.Controllers.HomeController.Index (Forum)"'
2023-10-23 19:25:13.717 +02:00 [Information] Request finished HTTP/2 GET https://localhost:7205/ - - - 200 - text/html;+charset=utf-8 5.4026ms
2023-10-23 19:25:13.726 +02:00 [Information] Request starting HTTP/2 GET https://localhost:7205/css/style.css?v=FlcldbE8xM1Thg3yicSDGGG24QfOh8smt24UGWi3HzE - -
2023-10-23 19:25:13.727 +02:00 [Information] The file "/css/style.css" was not modified
2023-10-23 19:25:13.727 +02:00 [Information] Request finished HTTP/2 GET https://localhost:7205/css/style.css?v=FlcldbE8xM1Thg3yicSDGGG24QfOh8smt24UGWi3HzE - - - 304 - text/css 0.5616ms
2023-10-23 19:25:13.727 +02:00 [Information] Request starting HTTP/2 GET https://localhost:7205/style.css - -
2023-10-23 19:25:13.727 +02:00 [Information] Request starting HTTP/2 GET https://localhost:7205/_framework/aspnetcore-browser-refresh.js - -
2023-10-23 19:25:13.727 +02:00 [Information] Request finished HTTP/2 GET https://localhost:7205/_framework/aspnetcore-browser-refresh.js - - - 200 12342 application/javascript;+charset=utf-8 0.1901ms
2023-10-23 19:25:13.727 +02:00 [Information] Request finished HTTP/2 GET https://localhost:7205/style.css - - - 404 0 - 0.3208ms
2023-10-23 19:25:13.740 +02:00 [Information] Request starting HTTP/2 GET https://localhost:7205/_vs/browserLink - -
2023-10-23 19:25:13.742 +02:00 [Information] Request finished HTTP/2 GET https://localhost:7205/_vs/browserLink - - - 200 - text/javascript;+charset=UTF-8 1.7851ms
2023-10-23 19:25:20.262 +02:00 [Information] Request starting HTTP/2 GET https://localhost:7205/style.css - -
2023-10-23 19:25:20.262 +02:00 [Information] Request starting HTTP/2 GET https://localhost:7205/css/style.css?v=FlcldbE8xM1Thg3yicSDGGG24QfOh8smt24UGWi3HzE - -
2023-10-23 19:25:20.262 +02:00 [Information] The file "/css/style.css" was not modified
2023-10-23 19:25:20.262 +02:00 [Information] Request finished HTTP/2 GET https://localhost:7205/css/style.css?v=FlcldbE8xM1Thg3yicSDGGG24QfOh8smt24UGWi3HzE - - - 304 - text/css 0.4594ms
2023-10-23 19:25:20.262 +02:00 [Information] Request finished HTTP/2 GET https://localhost:7205/style.css - - - 404 0 - 0.6122ms
2023-10-23 19:25:56.763 +02:00 [Information] Request starting HTTP/2 GET https://localhost:7205/Search/Search?search=Liverpool - -
2023-10-23 19:25:56.764 +02:00 [Information] Executing endpoint '"Forum.Controllers.SearchController.Search (Forum)"'
2023-10-23 19:25:56.771 +02:00 [Information] Route matched with "{action = \"Search\", controller = \"Search\", page = \"\", area = \"\"}". Executing controller action with signature "Microsoft.AspNetCore.Mvc.IActionResult Search(System.String)" on controller "Forum.Controllers.SearchController" ("Forum").
2023-10-23 19:25:56.804 +02:00 [Information] Executing ViewResult, running view "Search".
2023-10-23 19:25:56.811 +02:00 [Information] Executed ViewResult - view "Search" executed in 7.2262ms.
2023-10-23 19:25:56.811 +02:00 [Information] Executed action "Forum.Controllers.SearchController.Search (Forum)" in 40.6807ms
2023-10-23 19:25:56.811 +02:00 [Information] Executed endpoint '"Forum.Controllers.SearchController.Search (Forum)"'
2023-10-23 19:25:56.812 +02:00 [Information] Request finished HTTP/2 GET https://localhost:7205/Search/Search?search=Liverpool - - - 200 - text/html;+charset=utf-8 49.2691ms
2023-10-23 19:25:56.828 +02:00 [Information] Request starting HTTP/2 GET https://localhost:7205/Search/style.css - -
2023-10-23 19:25:56.828 +02:00 [Information] Request starting HTTP/2 GET https://localhost:7205/css/style.css?v=FlcldbE8xM1Thg3yicSDGGG24QfOh8smt24UGWi3HzE - -
2023-10-23 19:25:56.829 +02:00 [Information] Request finished HTTP/2 GET https://localhost:7205/Search/style.css - - - 404 0 - 0.4827ms
2023-10-23 19:25:56.829 +02:00 [Information] The file "/css/style.css" was not modified
2023-10-23 19:25:56.829 +02:00 [Information] Request finished HTTP/2 GET https://localhost:7205/css/style.css?v=FlcldbE8xM1Thg3yicSDGGG24QfOh8smt24UGWi3HzE - - - 304 - text/css 0.2690ms
2023-10-23 19:25:56.830 +02:00 [Information] Request starting HTTP/2 GET https://localhost:7205/_framework/aspnetcore-browser-refresh.js - -
2023-10-23 19:25:56.830 +02:00 [Information] Request finished HTTP/2 GET https://localhost:7205/_framework/aspnetcore-browser-refresh.js - - - 200 12342 application/javascript;+charset=utf-8 0.1010ms
2023-10-23 19:25:56.859 +02:00 [Information] Request starting HTTP/2 GET https://localhost:7205/_vs/browserLink - -
2023-10-23 19:25:56.860 +02:00 [Information] Request finished HTTP/2 GET https://localhost:7205/_vs/browserLink - - - 200 - text/javascript;+charset=UTF-8 1.6847ms
2023-10-23 19:26:02.407 +02:00 [Information] Request starting HTTP/2 GET https://localhost:7205/Identity/Account/Login - -
2023-10-23 19:26:02.408 +02:00 [Information] Executing endpoint '"/Account/Login"'
2023-10-23 19:26:02.415 +02:00 [Information] Route matched with "{page = \"/Account/Login\", area = \"Identity\", action = \"\", controller = \"\"}". Executing page "/Account/Login"
2023-10-23 19:26:02.423 +02:00 [Information] Executing handler method "Forum.Areas.Identity.Pages.Account.LoginModel.OnGetAsync" - ModelState is Valid
2023-10-23 19:26:02.426 +02:00 [Information] AuthenticationScheme: "Identity.External" signed out.
2023-10-23 19:26:02.427 +02:00 [Information] Executed handler method "OnGetAsync", returned result "".
2023-10-23 19:26:02.430 +02:00 [Information] Executing an implicit handler method - ModelState is Valid
2023-10-23 19:26:02.430 +02:00 [Information] Executed an implicit handler method, returned result "Microsoft.AspNetCore.Mvc.RazorPages.PageResult".
2023-10-23 19:26:02.458 +02:00 [Information] Executed page "/Account/Login" in 42.5477ms
2023-10-23 19:26:02.458 +02:00 [Information] Executed endpoint '"/Account/Login"'
2023-10-23 19:26:02.458 +02:00 [Information] Request finished HTTP/2 GET https://localhost:7205/Identity/Account/Login - - - 200 - text/html;+charset=utf-8 51.5789ms
2023-10-23 19:26:02.470 +02:00 [Information] Request starting HTTP/2 GET https://localhost:7205/Identity/Account/style.css - -
2023-10-23 19:26:02.470 +02:00 [Information] Request starting HTTP/2 GET https://localhost:7205/Identity/lib/jquery-validation/dist/jquery.validate.js - -
2023-10-23 19:26:02.471 +02:00 [Information] Request starting HTTP/2 GET https://localhost:7205/Identity/lib/jquery-validation-unobtrusive/jquery.validate.unobtrusive.js - -
2023-10-23 19:26:02.471 +02:00 [Information] Request starting HTTP/2 GET https://localhost:7205/_framework/aspnetcore-browser-refresh.js - -
2023-10-23 19:26:02.471 +02:00 [Information] Request finished HTTP/2 GET https://localhost:7205/_framework/aspnetcore-browser-refresh.js - - - 200 12342 application/javascript;+charset=utf-8 0.1753ms
2023-10-23 19:26:02.473 +02:00 [Information] Request finished HTTP/2 GET https://localhost:7205/Identity/Account/style.css - - - 404 0 - 3.7222ms
2023-10-23 19:26:02.476 +02:00 [Information] Sending file. Request path: '"/Identity/lib/jquery-validation-unobtrusive/jquery.validate.unobtrusive.js"'. Physical path: '"C:\Users\abdik\.nuget\packages\microsoft.aspnetcore.identity.ui\6.0.20\staticwebassets\V5\lib\jquery-validation-unobtrusive\jquery.validate.unobtrusive.js"'
2023-10-23 19:26:02.476 +02:00 [Information] Sending file. Request path: '"/Identity/lib/jquery-validation/dist/jquery.validate.js"'. Physical path: '"C:\Users\abdik\.nuget\packages\microsoft.aspnetcore.identity.ui\6.0.20\staticwebassets\V5\lib\jquery-validation\dist\jquery.validate.js"'
2023-10-23 19:26:02.476 +02:00 [Information] Request finished HTTP/2 GET https://localhost:7205/Identity/lib/jquery-validation/dist/jquery.validate.js - - - 200 48676 application/javascript 5.4368ms
2023-10-23 19:26:02.476 +02:00 [Information] Request finished HTTP/2 GET https://localhost:7205/Identity/lib/jquery-validation-unobtrusive/jquery.validate.unobtrusive.js - - - 200 19366 application/javascript 5.0770ms
2023-10-23 19:26:02.482 +02:00 [Information] Request starting HTTP/2 GET https://localhost:7205/_vs/browserLink - -
2023-10-23 19:26:02.483 +02:00 [Information] Request finished HTTP/2 GET https://localhost:7205/_vs/browserLink - - - 200 - text/javascript;+charset=UTF-8 1.6972ms
2023-10-23 19:26:03.648 +02:00 [Information] Request starting HTTP/2 POST https://localhost:7205/Identity/Account/Login application/x-www-form-urlencoded 280
2023-10-23 19:26:03.649 +02:00 [Information] Executing endpoint '"/Account/Login"'
2023-10-23 19:26:03.649 +02:00 [Information] Route matched with "{page = \"/Account/Login\", area = \"Identity\", action = \"\", controller = \"\"}". Executing page "/Account/Login"
2023-10-23 19:26:03.657 +02:00 [Information] Executing handler method "Forum.Areas.Identity.Pages.Account.LoginModel.OnPostAsync" - ModelState is Valid
2023-10-23 19:26:03.704 +02:00 [Information] AuthenticationScheme: "Identity.Application" signed in.
2023-10-23 19:26:03.704 +02:00 [Information] User logged in.
2023-10-23 19:26:03.705 +02:00 [Information] Executed handler method "OnPostAsync", returned result "Microsoft.AspNetCore.Mvc.LocalRedirectResult".
2023-10-23 19:26:03.705 +02:00 [Information] Executing LocalRedirectResult, redirecting to "/".
2023-10-23 19:26:03.705 +02:00 [Information] Executed page "/Account/Login" in 56.0281ms
2023-10-23 19:26:03.705 +02:00 [Information] Executed endpoint '"/Account/Login"'
2023-10-23 19:26:03.706 +02:00 [Information] Request finished HTTP/2 POST https://localhost:7205/Identity/Account/Login application/x-www-form-urlencoded 280 - 302 0 - 57.3016ms
2023-10-23 19:26:03.709 +02:00 [Information] Request starting HTTP/2 GET https://localhost:7205/ - -
2023-10-23 19:26:03.711 +02:00 [Information] Executing endpoint '"Forum.Controllers.HomeController.Index (Forum)"'
2023-10-23 19:26:03.712 +02:00 [Information] Route matched with "{action = \"Index\", controller = \"Home\", page = \"\", area = \"\"}". Executing controller action with signature "Microsoft.AspNetCore.Mvc.IActionResult Index()" on controller "Forum.Controllers.HomeController" ("Forum").
2023-10-23 19:26:03.712 +02:00 [Information] Executing ViewResult, running view "Index".
2023-10-23 19:26:03.715 +02:00 [Information] Executed ViewResult - view "Index" executed in 3.3201ms.
2023-10-23 19:26:03.715 +02:00 [Information] Executed action "Forum.Controllers.HomeController.Index (Forum)" in 3.4308ms
2023-10-23 19:26:03.715 +02:00 [Information] Executed endpoint '"Forum.Controllers.HomeController.Index (Forum)"'
2023-10-23 19:26:03.716 +02:00 [Information] Request finished HTTP/2 GET https://localhost:7205/ - - - 200 - text/html;+charset=utf-8 7.0661ms
2023-10-23 19:26:03.731 +02:00 [Information] Request starting HTTP/2 GET https://localhost:7205/style.css - -
2023-10-23 19:26:03.731 +02:00 [Information] Request starting HTTP/2 GET https://localhost:7205/_framework/aspnetcore-browser-refresh.js - -
2023-10-23 19:26:03.731 +02:00 [Information] Request finished HTTP/2 GET https://localhost:7205/_framework/aspnetcore-browser-refresh.js - - - 200 12342 application/javascript;+charset=utf-8 0.1455ms
2023-10-23 19:26:03.732 +02:00 [Information] Request finished HTTP/2 GET https://localhost:7205/style.css - - - 404 0 - 1.6736ms
2023-10-23 19:26:03.735 +02:00 [Information] Request starting HTTP/2 GET https://localhost:7205/_vs/browserLink - -
2023-10-23 19:26:03.737 +02:00 [Information] Request finished HTTP/2 GET https://localhost:7205/_vs/browserLink - - - 200 - text/javascript;+charset=UTF-8 2.4496ms
2023-10-23 19:26:06.982 +02:00 [Information] Request starting HTTP/2 GET https://localhost:7205/Room/RoomTable - -
2023-10-23 19:26:06.985 +02:00 [Information] Executing endpoint '"Forum.Controllers.RoomController.RoomTable (Forum)"'
2023-10-23 19:26:06.987 +02:00 [Information] Route matched with "{action = \"RoomTable\", controller = \"Room\", page = \"\", area = \"\"}". Executing controller action with signature "System.Threading.Tasks.Task`1[Microsoft.AspNetCore.Mvc.IActionResult] RoomTable()" on controller "Forum.Controllers.RoomController" ("Forum").
2023-10-23 19:26:06.991 +02:00 [Information] Executing ViewResult, running view "RoomTable".
2023-10-23 19:26:06.998 +02:00 [Information] Executed ViewResult - view "RoomTable" executed in 7.6733ms.
2023-10-23 19:26:06.998 +02:00 [Information] Executed action "Forum.Controllers.RoomController.RoomTable (Forum)" in 11.7939ms
2023-10-23 19:26:06.998 +02:00 [Information] Executed endpoint '"Forum.Controllers.RoomController.RoomTable (Forum)"'
2023-10-23 19:26:06.999 +02:00 [Information] Request finished HTTP/2 GET https://localhost:7205/Room/RoomTable - - - 200 - text/html;+charset=utf-8 17.6026ms
2023-10-23 19:26:07.007 +02:00 [Information] Request starting HTTP/2 GET https://localhost:7205/css/style.css?v=FlcldbE8xM1Thg3yicSDGGG24QfOh8smt24UGWi3HzE - -
2023-10-23 19:26:07.008 +02:00 [Information] The file "/css/style.css" was not modified
2023-10-23 19:26:07.008 +02:00 [Information] Request finished HTTP/2 GET https://localhost:7205/css/style.css?v=FlcldbE8xM1Thg3yicSDGGG24QfOh8smt24UGWi3HzE - - - 304 - text/css 0.5598ms
2023-10-23 19:26:07.008 +02:00 [Information] Request starting HTTP/2 GET https://localhost:7205/_framework/aspnetcore-browser-refresh.js - -
2023-10-23 19:26:07.008 +02:00 [Information] Request starting HTTP/2 GET https://localhost:7205/Room/style.css - -
2023-10-23 19:26:07.008 +02:00 [Information] Request finished HTTP/2 GET https://localhost:7205/_framework/aspnetcore-browser-refresh.js - - - 200 12342 application/javascript;+charset=utf-8 0.1965ms
2023-10-23 19:26:07.011 +02:00 [Information] Request finished HTTP/2 GET https://localhost:7205/Room/style.css - - - 404 0 - 2.8656ms
2023-10-23 19:26:07.020 +02:00 [Information] Request starting HTTP/2 GET https://localhost:7205/_vs/browserLink - -
2023-10-23 19:26:07.022 +02:00 [Information] Request finished HTTP/2 GET https://localhost:7205/_vs/browserLink - - - 200 - text/javascript;+charset=UTF-8 1.8437ms
2023-10-23 19:26:08.024 +02:00 [Information] Request starting HTTP/2 GET https://localhost:7205/Topic/TopicTable - -
2023-10-23 19:26:08.026 +02:00 [Information] Executing endpoint '"Forum.Controllers.TopicController.TopicTable (Forum)"'
2023-10-23 19:26:08.026 +02:00 [Information] Route matched with "{action = \"TopicTable\", controller = \"Topic\", page = \"\", area = \"\"}". Executing controller action with signature "System.Threading.Tasks.Task`1[Microsoft.AspNetCore.Mvc.IActionResult] TopicTable()" on controller "Forum.Controllers.TopicController" ("Forum").
2023-10-23 19:26:08.027 +02:00 [Information] Executing ViewResult, running view "TopicTable".
2023-10-23 19:26:08.029 +02:00 [Information] Executed ViewResult - view "TopicTable" executed in 2.8177ms.
2023-10-23 19:26:08.029 +02:00 [Information] Executed action "Forum.Controllers.TopicController.TopicTable (Forum)" in 3.2387ms
2023-10-23 19:26:08.029 +02:00 [Information] Executed endpoint '"Forum.Controllers.TopicController.TopicTable (Forum)"'
2023-10-23 19:26:08.030 +02:00 [Information] Request finished HTTP/2 GET https://localhost:7205/Topic/TopicTable - - - 200 - text/html;+charset=utf-8 6.1294ms
2023-10-23 19:26:08.041 +02:00 [Information] Request starting HTTP/2 GET https://localhost:7205/Topic/style.css - -
2023-10-23 19:26:08.043 +02:00 [Information] Request finished HTTP/2 GET https://localhost:7205/Topic/style.css - - - 404 0 - 1.3535ms
2023-10-23 19:26:08.046 +02:00 [Information] Request starting HTTP/2 GET https://localhost:7205/_vs/browserLink - -
2023-10-23 19:26:08.046 +02:00 [Information] Request starting HTTP/2 GET https://localhost:7205/_framework/aspnetcore-browser-refresh.js - -
2023-10-23 19:26:08.047 +02:00 [Information] Request finished HTTP/2 GET https://localhost:7205/_framework/aspnetcore-browser-refresh.js - - - 200 12342 application/javascript;+charset=utf-8 0.6573ms
2023-10-23 19:26:08.049 +02:00 [Information] Request finished HTTP/2 GET https://localhost:7205/_vs/browserLink - - - 200 - text/javascript;+charset=UTF-8 3.3237ms
2023-10-23 19:26:10.264 +02:00 [Information] Request starting HTTP/2 GET https://localhost:7205/Category/CategoryTable - -
2023-10-23 19:26:10.265 +02:00 [Information] Executing endpoint '"Forum.Controllers.CategoryController.CategoryTable (Forum)"'
2023-10-23 19:26:10.267 +02:00 [Information] Route matched with "{action = \"CategoryTable\", controller = \"Category\", page = \"\", area = \"\"}". Executing controller action with signature "System.Threading.Tasks.Task`1[Microsoft.AspNetCore.Mvc.IActionResult] CategoryTable()" on controller "Forum.Controllers.CategoryController" ("Forum").
2023-10-23 19:26:10.271 +02:00 [Information] Executing ViewResult, running view "CategoryTable".
2023-10-23 19:26:10.278 +02:00 [Information] Executed ViewResult - view "CategoryTable" executed in 7.8433ms.
2023-10-23 19:26:10.278 +02:00 [Information] Executed action "Forum.Controllers.CategoryController.CategoryTable (Forum)" in 11.1492ms
2023-10-23 19:26:10.278 +02:00 [Information] Executed endpoint '"Forum.Controllers.CategoryController.CategoryTable (Forum)"'
2023-10-23 19:26:10.279 +02:00 [Information] Request finished HTTP/2 GET https://localhost:7205/Category/CategoryTable - - - 200 - text/html;+charset=utf-8 15.4088ms
2023-10-23 19:26:10.289 +02:00 [Information] Request starting HTTP/2 GET https://localhost:7205/Category/style.css - -
2023-10-23 19:26:10.292 +02:00 [Information] Request finished HTTP/2 GET https://localhost:7205/Category/style.css - - - 404 0 - 2.8866ms
2023-10-23 19:26:10.292 +02:00 [Information] Request starting HTTP/2 GET https://localhost:7205/_framework/aspnetcore-browser-refresh.js - -
2023-10-23 19:26:10.292 +02:00 [Information] Request starting HTTP/2 GET https://localhost:7205/_vs/browserLink - -
2023-10-23 19:26:10.292 +02:00 [Information] Request finished HTTP/2 GET https://localhost:7205/_framework/aspnetcore-browser-refresh.js - - - 200 12342 application/javascript;+charset=utf-8 0.1199ms
2023-10-23 19:26:10.294 +02:00 [Information] Request finished HTTP/2 GET https://localhost:7205/_vs/browserLink - - - 200 - text/javascript;+charset=UTF-8 1.9069ms
2023-10-23 19:26:13.334 +02:00 [Information] Request starting HTTP/2 GET https://localhost:7205/Category/CategoryDetails/1 - -
2023-10-23 19:26:13.335 +02:00 [Information] Executing endpoint '"Forum.Controllers.CategoryController.CategoryDetails (Forum)"'
2023-10-23 19:26:13.337 +02:00 [Information] Route matched with "{action = \"CategoryDetails\", controller = \"Category\", page = \"\", area = \"\"}". Executing controller action with signature "System.Threading.Tasks.Task`1[Microsoft.AspNetCore.Mvc.IActionResult] CategoryDetails(Int32)" on controller "Forum.Controllers.CategoryController" ("Forum").
2023-10-23 19:26:13.342 +02:00 [Information] Executing ViewResult, running view "CategoryDetails".
2023-10-23 19:26:13.354 +02:00 [Information] Executed ViewResult - view "CategoryDetails" executed in 11.8757ms.
2023-10-23 19:26:13.354 +02:00 [Information] Executed action "Forum.Controllers.CategoryController.CategoryDetails (Forum)" in 16.5594ms
2023-10-23 19:26:13.354 +02:00 [Information] Executed endpoint '"Forum.Controllers.CategoryController.CategoryDetails (Forum)"'
2023-10-23 19:26:13.355 +02:00 [Information] Request finished HTTP/2 GET https://localhost:7205/Category/CategoryDetails/1 - - - 200 - text/html;+charset=utf-8 20.8582ms
2023-10-23 19:26:13.369 +02:00 [Information] Request starting HTTP/2 GET https://localhost:7205/Category/CategoryDetails/style.css - -
2023-10-23 19:26:13.369 +02:00 [Information] Request starting HTTP/2 GET https://localhost:7205/_framework/aspnetcore-browser-refresh.js - -
2023-10-23 19:26:13.370 +02:00 [Information] Request starting HTTP/2 GET https://localhost:7205/_vs/browserLink - -
2023-10-23 19:26:13.370 +02:00 [Information] Request finished HTTP/2 GET https://localhost:7205/_framework/aspnetcore-browser-refresh.js - - - 200 12342 application/javascript;+charset=utf-8 0.1340ms
2023-10-23 19:26:13.371 +02:00 [Information] Executing endpoint '"Forum.Controllers.CategoryController.CategoryDetails (Forum)"'
2023-10-23 19:26:13.371 +02:00 [Information] Route matched with "{action = \"CategoryDetails\", controller = \"Category\", page = \"\", area = \"\"}". Executing controller action with signature "System.Threading.Tasks.Task`1[Microsoft.AspNetCore.Mvc.IActionResult] CategoryDetails(Int32)" on controller "Forum.Controllers.CategoryController" ("Forum").
2023-10-23 19:26:13.372 +02:00 [Information] Request finished HTTP/2 GET https://localhost:7205/_vs/browserLink - - - 200 - text/javascript;+charset=UTF-8 2.3901ms
2023-10-23 19:26:13.379 +02:00 [Error] [CategoryController] Item not found for the ItemId 0000
2023-10-23 19:26:13.380 +02:00 [Information] Executing "NotFoundObjectResult", writing value of type '"System.String"'.
2023-10-23 19:26:13.380 +02:00 [Information] Executed action "Forum.Controllers.CategoryController.CategoryDetails (Forum)" in 9.0179ms
2023-10-23 19:26:13.380 +02:00 [Information] Executed endpoint '"Forum.Controllers.CategoryController.CategoryDetails (Forum)"'
2023-10-23 19:26:13.380 +02:00 [Information] Request finished HTTP/2 GET https://localhost:7205/Category/CategoryDetails/style.css - - - 404 - text/plain;+charset=utf-8 11.0717ms
2023-10-23 19:26:16.122 +02:00 [Information] Request starting HTTP/2 GET https://localhost:7205/Room/RoomDetails/1 - -
2023-10-23 19:26:16.123 +02:00 [Information] Executing endpoint '"Forum.Controllers.RoomController.RoomDetails (Forum)"'
2023-10-23 19:26:16.125 +02:00 [Information] Route matched with "{action = \"RoomDetails\", controller = \"Room\", page = \"\", area = \"\"}". Executing controller action with signature "System.Threading.Tasks.Task`1[Microsoft.AspNetCore.Mvc.IActionResult] RoomDetails(Int32)" on controller "Forum.Controllers.RoomController" ("Forum").
2023-10-23 19:26:16.129 +02:00 [Information] Executing ViewResult, running view "RoomDetails".
2023-10-23 19:26:16.136 +02:00 [Information] Executed ViewResult - view "RoomDetails" executed in 6.6042ms.
2023-10-23 19:26:16.136 +02:00 [Information] Executed action "Forum.Controllers.RoomController.RoomDetails (Forum)" in 10.3172ms
2023-10-23 19:26:16.136 +02:00 [Information] Executed endpoint '"Forum.Controllers.RoomController.RoomDetails (Forum)"'
2023-10-23 19:26:16.137 +02:00 [Information] Request finished HTTP/2 GET https://localhost:7205/Room/RoomDetails/1 - - - 200 - text/html;+charset=utf-8 14.9224ms
2023-10-23 19:26:16.147 +02:00 [Information] Request starting HTTP/2 GET https://localhost:7205/css/style.css?v=FlcldbE8xM1Thg3yicSDGGG24QfOh8smt24UGWi3HzE - -
2023-10-23 19:26:16.147 +02:00 [Information] The file "/css/style.css" was not modified
2023-10-23 19:26:16.147 +02:00 [Information] Request finished HTTP/2 GET https://localhost:7205/css/style.css?v=FlcldbE8xM1Thg3yicSDGGG24QfOh8smt24UGWi3HzE - - - 304 - text/css 0.3401ms
2023-10-23 19:26:16.148 +02:00 [Information] Request starting HTTP/2 GET https://localhost:7205/Room/RoomDetails/style.css - -
2023-10-23 19:26:16.148 +02:00 [Information] Request starting HTTP/2 GET https://localhost:7205/_framework/aspnetcore-browser-refresh.js - -
2023-10-23 19:26:16.148 +02:00 [Information] Request finished HTTP/2 GET https://localhost:7205/_framework/aspnetcore-browser-refresh.js - - - 200 12342 application/javascript;+charset=utf-8 0.1362ms
2023-10-23 19:26:16.149 +02:00 [Information] Executing endpoint '"Forum.Controllers.RoomController.RoomDetails (Forum)"'
2023-10-23 19:26:16.149 +02:00 [Information] Route matched with "{action = \"RoomDetails\", controller = \"Room\", page = \"\", area = \"\"}". Executing controller action with signature "System.Threading.Tasks.Task`1[Microsoft.AspNetCore.Mvc.IActionResult] RoomDetails(Int32)" on controller "Forum.Controllers.RoomController" ("Forum").
2023-10-23 19:26:16.151 +02:00 [Error] Room with ID not found Room ID: 0
2023-10-23 19:26:16.154 +02:00 [Information] Executing StatusCodeResult, setting HTTP status code 404
2023-10-23 19:26:16.154 +02:00 [Information] Executed action "Forum.Controllers.RoomController.RoomDetails (Forum)" in 4.686ms
2023-10-23 19:26:16.154 +02:00 [Information] Executed endpoint '"Forum.Controllers.RoomController.RoomDetails (Forum)"'
2023-10-23 19:26:16.154 +02:00 [Information] Request finished HTTP/2 GET https://localhost:7205/Room/RoomDetails/style.css - - - 404 0 - 6.1668ms
2023-10-23 19:26:16.155 +02:00 [Information] Request starting HTTP/2 GET https://localhost:7205/_vs/browserLink - -
2023-10-23 19:26:16.157 +02:00 [Information] Request finished HTTP/2 GET https://localhost:7205/_vs/browserLink - - - 200 - text/javascript;+charset=UTF-8 1.6707ms
2023-10-23 19:26:16.863 +02:00 [Information] Request starting HTTP/2 GET https://localhost:7205/Topic/TopicDetails/1 - -
2023-10-23 19:26:16.864 +02:00 [Information] Executing endpoint '"Forum.Controllers.TopicController.TopicDetails (Forum)"'
2023-10-23 19:26:16.866 +02:00 [Information] Route matched with "{action = \"TopicDetails\", controller = \"Topic\", page = \"\", area = \"\"}". Executing controller action with signature "System.Threading.Tasks.Task`1[Microsoft.AspNetCore.Mvc.IActionResult] TopicDetails(Int32)" on controller "Forum.Controllers.TopicController" ("Forum").
2023-10-23 19:26:16.870 +02:00 [Information] Executing ViewResult, running view "TopicDetails".
2023-10-23 19:26:16.879 +02:00 [Information] Executed ViewResult - view "TopicDetails" executed in 9.218ms.
2023-10-23 19:26:16.879 +02:00 [Information] Executed action "Forum.Controllers.TopicController.TopicDetails (Forum)" in 12.6997ms
2023-10-23 19:26:16.879 +02:00 [Information] Executed endpoint '"Forum.Controllers.TopicController.TopicDetails (Forum)"'
2023-10-23 19:26:16.879 +02:00 [Information] Request finished HTTP/2 GET https://localhost:7205/Topic/TopicDetails/1 - - - 200 - text/html;+charset=utf-8 16.6871ms
2023-10-23 19:26:16.893 +02:00 [Information] Request starting HTTP/2 GET https://localhost:7205/Topic/TopicDetails/style.css - -
2023-10-23 19:26:16.893 +02:00 [Information] Request starting HTTP/2 GET https://localhost:7205/_framework/aspnetcore-browser-refresh.js - -
2023-10-23 19:26:16.893 +02:00 [Information] Request starting HTTP/2 GET https://localhost:7205/_vs/browserLink - -
2023-10-23 19:26:16.894 +02:00 [Information] Request finished HTTP/2 GET https://localhost:7205/_framework/aspnetcore-browser-refresh.js - - - 200 12342 application/javascript;+charset=utf-8 0.1382ms
2023-10-23 19:26:16.894 +02:00 [Information] Executing endpoint '"Forum.Controllers.TopicController.TopicDetails (Forum)"'
2023-10-23 19:26:16.894 +02:00 [Information] Route matched with "{action = \"TopicDetails\", controller = \"Topic\", page = \"\", area = \"\"}". Executing controller action with signature "System.Threading.Tasks.Task`1[Microsoft.AspNetCore.Mvc.IActionResult] TopicDetails(Int32)" on controller "Forum.Controllers.TopicController" ("Forum").
2023-10-23 19:26:16.896 +02:00 [Information] Request finished HTTP/2 GET https://localhost:7205/_vs/browserLink - - - 200 - text/javascript;+charset=UTF-8 2.0798ms
2023-10-23 19:26:16.896 +02:00 [Error] [TopicController] Topic not found for the TopicId 0000
2023-10-23 19:26:16.896 +02:00 [Information] Executing "NotFoundObjectResult", writing value of type '"System.String"'.
2023-10-23 19:26:16.897 +02:00 [Information] Executed action "Forum.Controllers.TopicController.TopicDetails (Forum)" in 2.3455ms
2023-10-23 19:26:16.897 +02:00 [Information] Executed endpoint '"Forum.Controllers.TopicController.TopicDetails (Forum)"'
2023-10-23 19:26:16.897 +02:00 [Information] Request finished HTTP/2 GET https://localhost:7205/Topic/TopicDetails/style.css - - - 404 - text/plain;+charset=utf-8 3.8454ms
2023-10-23 19:26:18.341 +02:00 [Information] Request starting HTTP/2 GET https://localhost:7205/Post/PostDetails/1 - -
2023-10-23 19:26:18.343 +02:00 [Information] Executing endpoint '"Forum.Controllers.PostController.PostDetails (Forum)"'
2023-10-23 19:26:18.344 +02:00 [Information] Route matched with "{action = \"PostDetails\", controller = \"Post\", page = \"\", area = \"\"}". Executing controller action with signature "System.Threading.Tasks.Task`1[Microsoft.AspNetCore.Mvc.IActionResult] PostDetails(Int32)" on controller "Forum.Controllers.PostController" ("Forum").
2023-10-23 19:26:18.349 +02:00 [Information] Executing ViewResult, running view "PostDetails".
2023-10-23 19:26:18.358 +02:00 [Information] Executed ViewResult - view "PostDetails" executed in 8.9505ms.
2023-10-23 19:26:18.358 +02:00 [Information] Executed action "Forum.Controllers.PostController.PostDetails (Forum)" in 13.3341ms
2023-10-23 19:26:18.358 +02:00 [Information] Executed endpoint '"Forum.Controllers.PostController.PostDetails (Forum)"'
2023-10-23 19:26:18.359 +02:00 [Information] Request finished HTTP/2 GET https://localhost:7205/Post/PostDetails/1 - - - 200 - text/html;+charset=utf-8 17.2564ms
2023-10-23 19:26:18.372 +02:00 [Information] Request starting HTTP/2 GET https://localhost:7205/Post/PostDetails/style.css - -
2023-10-23 19:26:18.372 +02:00 [Information] Request starting HTTP/2 GET https://localhost:7205/_framework/aspnetcore-browser-refresh.js - -
2023-10-23 19:26:18.372 +02:00 [Information] Request finished HTTP/2 GET https://localhost:7205/_framework/aspnetcore-browser-refresh.js - - - 200 12342 application/javascript;+charset=utf-8 0.2013ms
2023-10-23 19:26:18.374 +02:00 [Information] Executing endpoint '"Forum.Controllers.PostController.PostDetails (Forum)"'
2023-10-23 19:26:18.374 +02:00 [Information] Route matched with "{action = \"PostDetails\", controller = \"Post\", page = \"\", area = \"\"}". Executing controller action with signature "System.Threading.Tasks.Task`1[Microsoft.AspNetCore.Mvc.IActionResult] PostDetails(Int32)" on controller "Forum.Controllers.PostController" ("Forum").
2023-10-23 19:26:18.376 +02:00 [Error] [PostController] post not found for the TopicId 0000
2023-10-23 19:26:18.376 +02:00 [Information] Executing "NotFoundObjectResult", writing value of type '"System.String"'.
2023-10-23 19:26:18.377 +02:00 [Information] Executed action "Forum.Controllers.PostController.PostDetails (Forum)" in 1.985ms
2023-10-23 19:26:18.377 +02:00 [Information] Executed endpoint '"Forum.Controllers.PostController.PostDetails (Forum)"'
2023-10-23 19:26:18.378 +02:00 [Information] Request finished HTTP/2 GET https://localhost:7205/Post/PostDetails/style.css - - - 404 - text/plain;+charset=utf-8 5.3661ms
2023-10-23 19:26:18.384 +02:00 [Information] Request starting HTTP/2 GET https://localhost:7205/_vs/browserLink - -
2023-10-23 19:26:18.386 +02:00 [Information] Request finished HTTP/2 GET https://localhost:7205/_vs/browserLink - - - 200 - text/javascript;+charset=UTF-8 1.7320ms
