2023-10-29 14:24:58.487 +01:00 [Information] User profile is available. Using '"C:\Users\abdik\AppData\Local\ASP.NET\DataProtection-Keys"' as key repository and Windows DPAPI to encrypt keys at rest.
2023-10-29 14:24:58.893 +01:00 [Information] Now listening on: "https://localhost:7205"
2023-10-29 14:24:58.893 +01:00 [Information] Now listening on: "http://localhost:5112"
2023-10-29 14:24:58.896 +01:00 [Information] Application started. Press Ctrl+C to shut down.
2023-10-29 14:24:58.897 +01:00 [Information] Hosting environment: "Development"
2023-10-29 14:24:58.897 +01:00 [Information] Content root path: "C:\Users\abdik\Source\Repos\Forum\MyShop\"
2023-10-29 14:24:59.224 +01:00 [Information] Request starting HTTP/2 GET https://localhost:7205/Post/PostDetails/1 - -
2023-10-29 14:24:59.262 +01:00 [Information] Executing endpoint '"Forum.Controllers.PostController.PostDetails (Forum)"'
2023-10-29 14:24:59.276 +01:00 [Information] Route matched with "{action = \"PostDetails\", controller = \"Post\", page = \"\", area = \"\"}". Executing controller action with signature "System.Threading.Tasks.Task`1[Microsoft.AspNetCore.Mvc.IActionResult] PostDetails(Int32)" on controller "Forum.Controllers.PostController" ("Forum").
2023-10-29 14:24:59.300 +01:00 [Information] Executing ViewResult, running view "PostDetails".
2023-10-29 14:24:59.419 +01:00 [Information] Executed ViewResult - view "PostDetails" executed in 118.771ms.
2023-10-29 14:24:59.421 +01:00 [Information] Executed action "Forum.Controllers.PostController.PostDetails (Forum)" in 143.9949ms
2023-10-29 14:24:59.421 +01:00 [Information] Executed endpoint '"Forum.Controllers.PostController.PostDetails (Forum)"'
2023-10-29 14:24:59.433 +01:00 [Information] Request finished HTTP/2 GET https://localhost:7205/Post/PostDetails/1 - - - 200 - text/html;+charset=utf-8 210.9787ms
2023-10-29 14:24:59.434 +01:00 [Information] Request starting HTTP/2 GET https://localhost:7205/lib/bootstrap/js/bootstrap.js - -
2023-10-29 14:24:59.434 +01:00 [Information] Request starting HTTP/2 GET https://localhost:7205/_framework/aspnetcore-browser-refresh.js - -
2023-10-29 14:24:59.434 +01:00 [Information] Request starting HTTP/2 GET https://localhost:7205/lib/jquery/jquery.js - -
2023-10-29 14:24:59.434 +01:00 [Information] Request starting HTTP/2 GET https://localhost:7205/lib/bootstrap/css/crtstyle.css - -
2023-10-29 14:24:59.436 +01:00 [Information] Request finished HTTP/2 GET https://localhost:7205/_framework/aspnetcore-browser-refresh.js - - - 200 12342 application/javascript;+charset=utf-8 2.1418ms
2023-10-29 14:24:59.437 +01:00 [Information] The file "/lib/bootstrap/js/bootstrap.js" was not modified
2023-10-29 14:24:59.437 +01:00 [Information] The file "/lib/jquery/jquery.js" was not modified
2023-10-29 14:24:59.437 +01:00 [Information] The file "/lib/bootstrap/css/crtstyle.css" was not modified
2023-10-29 14:24:59.437 +01:00 [Information] Request finished HTTP/2 GET https://localhost:7205/lib/jquery/jquery.js - - - 304 - application/javascript 3.5525ms
2023-10-29 14:24:59.437 +01:00 [Information] Request finished HTTP/2 GET https://localhost:7205/lib/bootstrap/css/crtstyle.css - - - 304 - text/css 3.5641ms
2023-10-29 14:24:59.437 +01:00 [Information] Request finished HTTP/2 GET https://localhost:7205/lib/bootstrap/js/bootstrap.js - - - 304 - application/javascript 3.5718ms
2023-10-29 14:24:59.444 +01:00 [Information] Request starting HTTP/2 GET https://localhost:7205/_vs/browserLink - -
2023-10-29 14:24:59.452 +01:00 [Information] Request finished HTTP/2 GET https://localhost:7205/_vs/browserLink - - - 200 - text/javascript;+charset=UTF-8 7.7942ms
2023-10-29 14:25:01.734 +01:00 [Information] Request starting HTTP/2 GET https://localhost:7205/ - -
2023-10-29 14:25:01.735 +01:00 [Information] Executing endpoint '"Forum.Controllers.HomeController.Index (Forum)"'
2023-10-29 14:25:01.737 +01:00 [Information] Route matched with "{action = \"Index\", controller = \"Home\", page = \"\", area = \"\"}". Executing controller action with signature "System.Threading.Tasks.Task`1[Microsoft.AspNetCore.Mvc.IActionResult] Index()" on controller "Forum.Controllers.HomeController" ("Forum").
2023-10-29 14:25:01.745 +01:00 [Information] Executing ViewResult, running view "Index".
2023-10-29 14:25:01.769 +01:00 [Information] Executed ViewResult - view "Index" executed in 24.8465ms.
2023-10-29 14:25:01.769 +01:00 [Information] Executed action "Forum.Controllers.HomeController.Index (Forum)" in 32.0674ms
2023-10-29 14:25:01.769 +01:00 [Information] Executed endpoint '"Forum.Controllers.HomeController.Index (Forum)"'
2023-10-29 14:25:01.771 +01:00 [Information] Request finished HTTP/2 GET https://localhost:7205/ - - - 200 - text/html;+charset=utf-8 36.8651ms
2023-10-29 14:25:01.780 +01:00 [Information] Request starting HTTP/2 GET https://localhost:7205/images/fotball.jpg - -
2023-10-29 14:25:01.780 +01:00 [Information] Request starting HTTP/2 GET https://localhost:7205/images/formula1.jpg - -
2023-10-29 14:25:01.781 +01:00 [Information] The file "/images/fotball.jpg" was not modified
2023-10-29 14:25:01.781 +01:00 [Information] The file "/images/formula1.jpg" was not modified
2023-10-29 14:25:01.781 +01:00 [Information] Request finished HTTP/2 GET https://localhost:7205/images/fotball.jpg - - - 304 - image/jpeg 0.5242ms
2023-10-29 14:25:01.781 +01:00 [Information] Request finished HTTP/2 GET https://localhost:7205/images/formula1.jpg - - - 304 - image/jpeg 0.5281ms
2023-10-29 14:25:01.787 +01:00 [Information] Request starting HTTP/2 GET https://localhost:7205/images/vacation.jpg - -
2023-10-29 14:25:01.787 +01:00 [Information] Request starting HTTP/2 GET https://localhost:7205/images/mosque.jpg - -
2023-10-29 14:25:01.787 +01:00 [Information] Request starting HTTP/2 GET https://localhost:7205/_framework/aspnetcore-browser-refresh.js - -
2023-10-29 14:25:01.787 +01:00 [Information] Request starting HTTP/2 GET https://localhost:7205/images/cyberS.jpg - -
2023-10-29 14:25:01.787 +01:00 [Information] Request starting HTTP/2 GET https://localhost:7205/images/skiEquipments.jpg - -
2023-10-29 14:25:01.787 +01:00 [Information] The file "/images/mosque.jpg" was not modified
2023-10-29 14:25:01.787 +01:00 [Information] The file "/images/vacation.jpg" was not modified
2023-10-29 14:25:01.787 +01:00 [Information] Request starting HTTP/2 GET https://localhost:7205/_vs/browserLink - -
2023-10-29 14:25:01.788 +01:00 [Information] The file "/images/cyberS.jpg" was not modified
2023-10-29 14:25:01.788 +01:00 [Information] Request finished HTTP/2 GET https://localhost:7205/_framework/aspnetcore-browser-refresh.js - - - 200 12342 application/javascript;+charset=utf-8 0.3395ms
2023-10-29 14:25:01.788 +01:00 [Information] The file "/images/skiEquipments.jpg" was not modified
2023-10-29 14:25:01.788 +01:00 [Information] Request finished HTTP/2 GET https://localhost:7205/images/cyberS.jpg - - - 304 - image/jpeg 0.2380ms
2023-10-29 14:25:01.788 +01:00 [Information] Request finished HTTP/2 GET https://localhost:7205/images/vacation.jpg - - - 304 - image/jpeg 0.3993ms
2023-10-29 14:25:01.788 +01:00 [Information] Request finished HTTP/2 GET https://localhost:7205/images/mosque.jpg - - - 304 - image/jpeg 0.4469ms
2023-10-29 14:25:01.788 +01:00 [Information] Request finished HTTP/2 GET https://localhost:7205/images/skiEquipments.jpg - - - 304 - image/jpeg 0.2974ms
2023-10-29 14:25:01.791 +01:00 [Information] Request finished HTTP/2 GET https://localhost:7205/_vs/browserLink - - - 200 - text/javascript;+charset=UTF-8 3.9727ms
2023-10-29 14:25:03.429 +01:00 [Information] Request starting HTTP/2 GET https://localhost:7205/Post/PostDetails/1 - -
2023-10-29 14:25:03.432 +01:00 [Information] Executing endpoint '"Forum.Controllers.PostController.PostDetails (Forum)"'
2023-10-29 14:25:03.432 +01:00 [Information] Route matched with "{action = \"PostDetails\", controller = \"Post\", page = \"\", area = \"\"}". Executing controller action with signature "System.Threading.Tasks.Task`1[Microsoft.AspNetCore.Mvc.IActionResult] PostDetails(Int32)" on controller "Forum.Controllers.PostController" ("Forum").
2023-10-29 14:25:03.434 +01:00 [Information] Executing ViewResult, running view "PostDetails".
2023-10-29 14:25:03.439 +01:00 [Information] Executed ViewResult - view "PostDetails" executed in 4.2503ms.
2023-10-29 14:25:03.439 +01:00 [Information] Executed action "Forum.Controllers.PostController.PostDetails (Forum)" in 7.0052ms
2023-10-29 14:25:03.439 +01:00 [Information] Executed endpoint '"Forum.Controllers.PostController.PostDetails (Forum)"'
2023-10-29 14:25:03.439 +01:00 [Information] Request finished HTTP/2 GET https://localhost:7205/Post/PostDetails/1 - - - 200 - text/html;+charset=utf-8 10.2443ms
2023-10-29 14:25:03.451 +01:00 [Information] Request starting HTTP/2 GET https://localhost:7205/_vs/browserLink - -
2023-10-29 14:25:03.451 +01:00 [Information] Request starting HTTP/2 GET https://localhost:7205/_framework/aspnetcore-browser-refresh.js - -
2023-10-29 14:25:03.451 +01:00 [Information] Request finished HTTP/2 GET https://localhost:7205/_framework/aspnetcore-browser-refresh.js - - - 200 12342 application/javascript;+charset=utf-8 0.2011ms
2023-10-29 14:25:03.452 +01:00 [Information] Request finished HTTP/2 GET https://localhost:7205/_vs/browserLink - - - 200 - text/javascript;+charset=UTF-8 1.6718ms
2023-10-29 14:25:09.804 +01:00 [Information] Request starting HTTP/2 GET https://localhost:7205/Category/CategoryTable - -
2023-10-29 14:25:09.805 +01:00 [Information] Executing endpoint '"Forum.Controllers.CategoryController.CategoryTable (Forum)"'
2023-10-29 14:25:09.807 +01:00 [Information] Route matched with "{action = \"CategoryTable\", controller = \"Category\", page = \"\", area = \"\"}". Executing controller action with signature "System.Threading.Tasks.Task`1[Microsoft.AspNetCore.Mvc.IActionResult] CategoryTable()" on controller "Forum.Controllers.CategoryController" ("Forum").
2023-10-29 14:25:09.812 +01:00 [Information] Executing ViewResult, running view "CategoryTable".
2023-10-29 14:25:09.820 +01:00 [Information] Executed ViewResult - view "CategoryTable" executed in 8.547ms.
2023-10-29 14:25:09.820 +01:00 [Information] Executed action "Forum.Controllers.CategoryController.CategoryTable (Forum)" in 13.4916ms
2023-10-29 14:25:09.820 +01:00 [Information] Executed endpoint '"Forum.Controllers.CategoryController.CategoryTable (Forum)"'
2023-10-29 14:25:09.821 +01:00 [Information] Request finished HTTP/2 GET https://localhost:7205/Category/CategoryTable - - - 200 - text/html;+charset=utf-8 16.6763ms
2023-10-29 14:25:09.833 +01:00 [Information] Request starting HTTP/2 GET https://localhost:7205/_framework/aspnetcore-browser-refresh.js - -
2023-10-29 14:25:09.833 +01:00 [Information] Request starting HTTP/2 GET https://localhost:7205/_vs/browserLink - -
2023-10-29 14:25:09.833 +01:00 [Information] Request finished HTTP/2 GET https://localhost:7205/_framework/aspnetcore-browser-refresh.js - - - 200 12342 application/javascript;+charset=utf-8 0.1833ms
2023-10-29 14:25:09.835 +01:00 [Information] Request finished HTTP/2 GET https://localhost:7205/_vs/browserLink - - - 200 - text/javascript;+charset=UTF-8 1.9590ms
2023-10-29 14:25:10.918 +01:00 [Information] Request starting HTTP/2 GET https://localhost:7205/Category/CategoryDetails/1 - -
2023-10-29 14:25:10.920 +01:00 [Information] Executing endpoint '"Forum.Controllers.CategoryController.CategoryDetails (Forum)"'
2023-10-29 14:25:10.921 +01:00 [Information] Route matched with "{action = \"CategoryDetails\", controller = \"Category\", page = \"\", area = \"\"}". Executing controller action with signature "System.Threading.Tasks.Task`1[Microsoft.AspNetCore.Mvc.IActionResult] CategoryDetails(Int32)" on controller "Forum.Controllers.CategoryController" ("Forum").
2023-10-29 14:25:10.923 +01:00 [Information] [CategoryController] ID: 1.
2023-10-29 14:25:10.924 +01:00 [Information] [CategoryRep] Getting the category with id: 1: 
2023-10-29 14:25:10.927 +01:00 [Information] [CategoryController] ID passed to CategoryController after database operation: 1.
2023-10-29 14:25:10.927 +01:00 [Information] Executing ViewResult, running view "CategoryDetails".
2023-10-29 14:25:10.939 +01:00 [Information] Executed ViewResult - view "CategoryDetails" executed in 11.9536ms.
2023-10-29 14:25:10.939 +01:00 [Information] Executed action "Forum.Controllers.CategoryController.CategoryDetails (Forum)" in 17.4462ms
2023-10-29 14:25:10.939 +01:00 [Information] Executed endpoint '"Forum.Controllers.CategoryController.CategoryDetails (Forum)"'
2023-10-29 14:25:10.940 +01:00 [Information] Request finished HTTP/2 GET https://localhost:7205/Category/CategoryDetails/1 - - - 200 - text/html;+charset=utf-8 21.9008ms
2023-10-29 14:25:10.951 +01:00 [Information] Request starting HTTP/2 GET https://localhost:7205/_framework/aspnetcore-browser-refresh.js - -
2023-10-29 14:25:10.951 +01:00 [Information] Request starting HTTP/2 GET https://localhost:7205/_vs/browserLink - -
2023-10-29 14:25:10.951 +01:00 [Information] Request finished HTTP/2 GET https://localhost:7205/_framework/aspnetcore-browser-refresh.js - - - 200 12342 application/javascript;+charset=utf-8 0.1723ms
2023-10-29 14:25:10.953 +01:00 [Information] Request finished HTTP/2 GET https://localhost:7205/_vs/browserLink - - - 200 - text/javascript;+charset=UTF-8 1.9222ms
2023-10-29 14:25:13.367 +01:00 [Information] Request starting HTTP/2 GET https://localhost:7205/Room/RoomDetails/1 - -
2023-10-29 14:25:13.368 +01:00 [Information] Executing endpoint '"Forum.Controllers.RoomController.RoomDetails (Forum)"'
2023-10-29 14:25:13.369 +01:00 [Information] Route matched with "{action = \"RoomDetails\", controller = \"Room\", page = \"\", area = \"\"}". Executing controller action with signature "System.Threading.Tasks.Task`1[Microsoft.AspNetCore.Mvc.IActionResult] RoomDetails(Int32)" on controller "Forum.Controllers.RoomController" ("Forum").
2023-10-29 14:25:13.371 +01:00 [Information] RoomDetails called with Room ID: 1
2023-10-29 14:25:13.375 +01:00 [Information] Executing ViewResult, running view "RoomDetails".
2023-10-29 14:25:13.387 +01:00 [Information] Executed ViewResult - view "RoomDetails" executed in 11.7893ms.
2023-10-29 14:25:13.387 +01:00 [Information] Executed action "Forum.Controllers.RoomController.RoomDetails (Forum)" in 17.5046ms
2023-10-29 14:25:13.387 +01:00 [Information] Executed endpoint '"Forum.Controllers.RoomController.RoomDetails (Forum)"'
2023-10-29 14:25:13.387 +01:00 [Information] Request finished HTTP/2 GET https://localhost:7205/Room/RoomDetails/1 - - - 200 - text/html;+charset=utf-8 20.4170ms
2023-10-29 14:25:13.400 +01:00 [Information] Request starting HTTP/2 GET https://localhost:7205/_vs/browserLink - -
2023-10-29 14:25:13.400 +01:00 [Information] Request starting HTTP/2 GET https://localhost:7205/_framework/aspnetcore-browser-refresh.js - -
2023-10-29 14:25:13.400 +01:00 [Information] Request finished HTTP/2 GET https://localhost:7205/_framework/aspnetcore-browser-refresh.js - - - 200 12342 application/javascript;+charset=utf-8 0.1962ms
2023-10-29 14:25:13.402 +01:00 [Information] Request finished HTTP/2 GET https://localhost:7205/_vs/browserLink - - - 200 - text/javascript;+charset=UTF-8 1.7309ms
2023-10-29 14:25:14.292 +01:00 [Information] Request starting HTTP/2 GET https://localhost:7205/Topic/TopicDetails/1 - -
2023-10-29 14:25:14.293 +01:00 [Information] Executing endpoint '"Forum.Controllers.TopicController.TopicDetails (Forum)"'
2023-10-29 14:25:14.295 +01:00 [Information] Route matched with "{action = \"TopicDetails\", controller = \"Topic\", page = \"\", area = \"\"}". Executing controller action with signature "System.Threading.Tasks.Task`1[Microsoft.AspNetCore.Mvc.IActionResult] TopicDetails(Int32)" on controller "Forum.Controllers.TopicController" ("Forum").
2023-10-29 14:25:14.301 +01:00 [Information] Executing ViewResult, running view "TopicDetails".
2023-10-29 14:25:14.316 +01:00 [Information] Executed ViewResult - view "TopicDetails" executed in 15.4234ms.
2023-10-29 14:25:14.316 +01:00 [Information] Executed action "Forum.Controllers.TopicController.TopicDetails (Forum)" in 21.3225ms
2023-10-29 14:25:14.316 +01:00 [Information] Executed endpoint '"Forum.Controllers.TopicController.TopicDetails (Forum)"'
2023-10-29 14:25:14.317 +01:00 [Information] Request finished HTTP/2 GET https://localhost:7205/Topic/TopicDetails/1 - - - 200 - text/html;+charset=utf-8 24.9931ms
2023-10-29 14:25:14.326 +01:00 [Information] Request starting HTTP/2 GET https://localhost:7205/_framework/aspnetcore-browser-refresh.js - -
2023-10-29 14:25:14.326 +01:00 [Information] Request starting HTTP/2 GET https://localhost:7205/_vs/browserLink - -
2023-10-29 14:25:14.326 +01:00 [Information] Request finished HTTP/2 GET https://localhost:7205/_framework/aspnetcore-browser-refresh.js - - - 200 12342 application/javascript;+charset=utf-8 0.2131ms
2023-10-29 14:25:14.328 +01:00 [Information] Request finished HTTP/2 GET https://localhost:7205/_vs/browserLink - - - 200 - text/javascript;+charset=UTF-8 1.6992ms
