2023-10-27 03:55:55.290 +02:00 [Information] User profile is available. Using '"C:\Users\Johan\AppData\Local\ASP.NET\DataProtection-Keys"' as key repository and Windows DPAPI to encrypt keys at rest.
2023-10-27 03:55:55.860 +02:00 [Information] Now listening on: "https://localhost:7205"
2023-10-27 03:55:55.861 +02:00 [Information] Now listening on: "http://localhost:5112"
2023-10-27 03:55:55.866 +02:00 [Information] Application started. Press Ctrl+C to shut down.
2023-10-27 03:55:55.867 +02:00 [Information] Hosting environment: "Development"
2023-10-27 03:55:55.868 +02:00 [Information] Content root path: "C:\Users\Johan\Source\Repos\N4h0\Forum\MyShop\"
2023-10-27 03:55:56.127 +02:00 [Information] Request starting HTTP/2 GET https://localhost:7205/ - -
2023-10-27 03:55:56.171 +02:00 [Information] Executing endpoint '"Forum.Controllers.HomeController.Index (Forum)"'
2023-10-27 03:55:56.181 +02:00 [Information] Route matched with "{action = \"Index\", controller = \"Home\", page = \"\", area = \"\"}". Executing controller action with signature "System.Threading.Tasks.Task`1[Microsoft.AspNetCore.Mvc.IActionResult] Index()" on controller "Forum.Controllers.HomeController" ("Forum").
2023-10-27 03:55:56.216 +02:00 [Information] Executing ViewResult, running view "Index".
2023-10-27 03:55:56.355 +02:00 [Information] Executed ViewResult - view "Index" executed in 139.2647ms.
2023-10-27 03:55:56.358 +02:00 [Information] Executed action "Forum.Controllers.HomeController.Index (Forum)" in 176.753ms
2023-10-27 03:55:56.358 +02:00 [Information] Executed endpoint '"Forum.Controllers.HomeController.Index (Forum)"'
2023-10-27 03:55:56.377 +02:00 [Information] Request starting HTTP/2 GET https://localhost:7205/style.css - -
2023-10-27 03:55:56.380 +02:00 [Information] Request finished HTTP/2 GET https://localhost:7205/style.css - - - 404 0 - 2.2418ms
2023-10-27 03:55:56.380 +02:00 [Information] Request finished HTTP/2 GET https://localhost:7205/ - - - 200 - text/html;+charset=utf-8 256.1191ms
2023-10-27 03:55:56.413 +02:00 [Information] Request starting HTTP/2 GET https://localhost:7205/_framework/aspnetcore-browser-refresh.js - -
2023-10-27 03:55:56.416 +02:00 [Information] Request finished HTTP/2 GET https://localhost:7205/_framework/aspnetcore-browser-refresh.js - - - 200 12342 application/javascript;+charset=utf-8 2.8518ms
2023-10-27 03:55:56.421 +02:00 [Information] Request starting HTTP/2 GET https://localhost:7205/_vs/browserLink - -
2023-10-27 03:55:56.431 +02:00 [Information] Request finished HTTP/2 GET https://localhost:7205/_vs/browserLink - - - 200 - text/javascript;+charset=UTF-8 10.2024ms
2023-10-27 03:55:58.077 +02:00 [Information] Request starting HTTP/2 GET https://localhost:7205/Post/PostDetails/1 - -
2023-10-27 03:55:58.079 +02:00 [Information] Executing endpoint '"Forum.Controllers.PostController.PostDetails (Forum)"'
2023-10-27 03:55:58.086 +02:00 [Information] Route matched with "{action = \"PostDetails\", controller = \"Post\", page = \"\", area = \"\"}". Executing controller action with signature "System.Threading.Tasks.Task`1[Microsoft.AspNetCore.Mvc.IActionResult] PostDetails(Int32)" on controller "Forum.Controllers.PostController" ("Forum").
2023-10-27 03:55:58.099 +02:00 [Information] Executing ViewResult, running view "PostDetails".
2023-10-27 03:55:58.161 +02:00 [Information] Executed ViewResult - view "PostDetails" executed in 62.5755ms.
2023-10-27 03:55:58.161 +02:00 [Information] Executed action "Forum.Controllers.PostController.PostDetails (Forum)" in 75.7027ms
2023-10-27 03:55:58.161 +02:00 [Information] Executed endpoint '"Forum.Controllers.PostController.PostDetails (Forum)"'
2023-10-27 03:55:58.162 +02:00 [Information] Request finished HTTP/2 GET https://localhost:7205/Post/PostDetails/1 - - - 200 - text/html;+charset=utf-8 85.8787ms
2023-10-27 03:55:58.169 +02:00 [Information] Request starting HTTP/2 GET https://localhost:7205/_framework/aspnetcore-browser-refresh.js - -
2023-10-27 03:55:58.169 +02:00 [Information] Request starting HTTP/2 GET https://localhost:7205/Post/PostDetails/style.css - -
2023-10-27 03:55:58.170 +02:00 [Information] Request starting HTTP/2 GET https://localhost:7205/_vs/browserLink - -
2023-10-27 03:55:58.170 +02:00 [Information] Request finished HTTP/2 GET https://localhost:7205/_framework/aspnetcore-browser-refresh.js - - - 200 12342 application/javascript;+charset=utf-8 0.4853ms
2023-10-27 03:55:58.173 +02:00 [Information] Executing endpoint '"Forum.Controllers.PostController.PostDetails (Forum)"'
2023-10-27 03:55:58.173 +02:00 [Information] Route matched with "{action = \"PostDetails\", controller = \"Post\", page = \"\", area = \"\"}". Executing controller action with signature "System.Threading.Tasks.Task`1[Microsoft.AspNetCore.Mvc.IActionResult] PostDetails(Int32)" on controller "Forum.Controllers.PostController" ("Forum").
2023-10-27 03:55:58.174 +02:00 [Information] Request finished HTTP/2 GET https://localhost:7205/_vs/browserLink - - - 200 - text/javascript;+charset=UTF-8 4.4882ms
2023-10-27 03:55:58.186 +02:00 [Error] [PostController] post not found for the TopicId 0000
2023-10-27 03:55:58.191 +02:00 [Information] Executing "NotFoundObjectResult", writing value of type '"System.String"'.
2023-10-27 03:55:58.192 +02:00 [Information] Executed action "Forum.Controllers.PostController.PostDetails (Forum)" in 18.5933ms
2023-10-27 03:55:58.192 +02:00 [Information] Executed endpoint '"Forum.Controllers.PostController.PostDetails (Forum)"'
2023-10-27 03:55:58.192 +02:00 [Information] Request finished HTTP/2 GET https://localhost:7205/Post/PostDetails/style.css - - - 404 - text/plain;+charset=utf-8 22.6604ms
2023-10-27 03:55:59.674 +02:00 [Information] Request starting HTTP/2 GET https://localhost:7205/Topic/TopicDetails/1 - -
2023-10-27 03:55:59.675 +02:00 [Information] Executing endpoint '"Forum.Controllers.TopicController.TopicDetails (Forum)"'
2023-10-27 03:55:59.677 +02:00 [Information] Route matched with "{action = \"TopicDetails\", controller = \"Topic\", page = \"\", area = \"\"}". Executing controller action with signature "System.Threading.Tasks.Task`1[Microsoft.AspNetCore.Mvc.IActionResult] TopicDetails(Int32)" on controller "Forum.Controllers.TopicController" ("Forum").
2023-10-27 03:55:59.683 +02:00 [Information] Executing ViewResult, running view "TopicDetails".
2023-10-27 03:55:59.703 +02:00 [Information] Executed ViewResult - view "TopicDetails" executed in 20.509ms.
2023-10-27 03:55:59.703 +02:00 [Information] Executed action "Forum.Controllers.TopicController.TopicDetails (Forum)" in 26.5719ms
2023-10-27 03:55:59.703 +02:00 [Information] Executed endpoint '"Forum.Controllers.TopicController.TopicDetails (Forum)"'
2023-10-27 03:55:59.704 +02:00 [Information] Request finished HTTP/2 GET https://localhost:7205/Topic/TopicDetails/1 - - - 200 - text/html;+charset=utf-8 29.9355ms
2023-10-27 03:55:59.712 +02:00 [Information] Request starting HTTP/2 GET https://localhost:7205/Topic/TopicDetails/style.css - -
2023-10-27 03:55:59.712 +02:00 [Information] Request starting HTTP/2 GET https://localhost:7205/_framework/aspnetcore-browser-refresh.js - -
2023-10-27 03:55:59.712 +02:00 [Information] Request starting HTTP/2 GET https://localhost:7205/_vs/browserLink - -
2023-10-27 03:55:59.712 +02:00 [Information] Request finished HTTP/2 GET https://localhost:7205/_framework/aspnetcore-browser-refresh.js - - - 200 12342 application/javascript;+charset=utf-8 0.4185ms
2023-10-27 03:55:59.714 +02:00 [Information] Executing endpoint '"Forum.Controllers.TopicController.TopicDetails (Forum)"'
2023-10-27 03:55:59.714 +02:00 [Information] Route matched with "{action = \"TopicDetails\", controller = \"Topic\", page = \"\", area = \"\"}". Executing controller action with signature "System.Threading.Tasks.Task`1[Microsoft.AspNetCore.Mvc.IActionResult] TopicDetails(Int32)" on controller "Forum.Controllers.TopicController" ("Forum").
2023-10-27 03:55:59.714 +02:00 [Information] Request finished HTTP/2 GET https://localhost:7205/_vs/browserLink - - - 200 - text/javascript;+charset=UTF-8 2.6051ms
2023-10-27 03:55:59.719 +02:00 [Error] [TopicController] Topic not found for the TopicId 0000
2023-10-27 03:55:59.719 +02:00 [Information] Executing "NotFoundObjectResult", writing value of type '"System.String"'.
2023-10-27 03:55:59.719 +02:00 [Information] Executed action "Forum.Controllers.TopicController.TopicDetails (Forum)" in 5.1975ms
2023-10-27 03:55:59.719 +02:00 [Information] Executed endpoint '"Forum.Controllers.TopicController.TopicDetails (Forum)"'
2023-10-27 03:55:59.719 +02:00 [Information] Request finished HTTP/2 GET https://localhost:7205/Topic/TopicDetails/style.css - - - 404 - text/plain;+charset=utf-8 7.8801ms
