2023-10-30 00:23:23.520 +01:00 [Information] User profile is available. Using '"C:\Users\Johan\AppData\Local\ASP.NET\DataProtection-Keys"' as key repository and Windows DPAPI to encrypt keys at rest.
2023-10-30 00:23:24.061 +01:00 [Information] Now listening on: "https://localhost:7205"
2023-10-30 00:23:24.062 +01:00 [Information] Now listening on: "http://localhost:5112"
2023-10-30 00:23:24.067 +01:00 [Information] Application started. Press Ctrl+C to shut down.
2023-10-30 00:23:24.068 +01:00 [Information] Hosting environment: "Development"
2023-10-30 00:23:24.069 +01:00 [Information] Content root path: "C:\Users\Johan\Source\Repos\N4h0\Forum\MyShop\"
2023-10-30 00:23:25.649 +01:00 [Information] Request starting HTTP/2 GET https://localhost:7205/ - -
2023-10-30 00:23:25.714 +01:00 [Information] AuthenticationScheme: "Identity.Application" signed out.
2023-10-30 00:23:25.715 +01:00 [Information] AuthenticationScheme: "Identity.External" signed out.
2023-10-30 00:23:25.715 +01:00 [Information] AuthenticationScheme: "Identity.TwoFactorUserId" signed out.
2023-10-30 00:23:25.718 +01:00 [Information] "Identity.Application" was not authenticated. Failure message: "No principal."
2023-10-30 00:23:25.721 +01:00 [Information] Executing endpoint '"Forum.Controllers.HomeController.Index (Forum)"'
2023-10-30 00:23:25.731 +01:00 [Information] Route matched with "{action = \"Index\", controller = \"Home\", page = \"\", area = \"\"}". Executing controller action with signature "System.Threading.Tasks.Task`1[Microsoft.AspNetCore.Mvc.IActionResult] Index()" on controller "Forum.Controllers.HomeController" ("Forum").
2023-10-30 00:23:25.759 +01:00 [Information] Executing ViewResult, running view "Index".
2023-10-30 00:23:25.930 +01:00 [Information] Executed ViewResult - view "Index" executed in 171.7746ms.
2023-10-30 00:23:25.933 +01:00 [Information] Executed action "Forum.Controllers.HomeController.Index (Forum)" in 202.5247ms
2023-10-30 00:23:25.934 +01:00 [Information] Executed endpoint '"Forum.Controllers.HomeController.Index (Forum)"'
2023-10-30 00:23:25.960 +01:00 [Information] Request starting HTTP/2 GET https://localhost:7205/lib/jquery-validate/jquery.validate.js - -
2023-10-30 00:23:25.960 +01:00 [Information] Request starting HTTP/2 GET https://localhost:7205/lib/jquery-validation-unobtrusive/jquery.validate.unobtrusive.js - -
2023-10-30 00:23:25.960 +01:00 [Information] Request starting HTTP/2 GET https://localhost:7205/css/style.css?v=rYKnG-JB9M2x-H4nVgrp-vEkdVLuLY8MBOpZDywim-4 - -
2023-10-30 00:23:25.964 +01:00 [Information] Request finished HTTP/2 GET https://localhost:7205/ - - - 200 - text/html;+charset=utf-8 316.6853ms
2023-10-30 00:23:25.970 +01:00 [Information] Sending file. Request path: '"/css/style.css"'. Physical path: '"C:\Users\Johan\Source\Repos\N4h0\Forum\MyShop\wwwroot\css\style.css"'
2023-10-30 00:23:25.970 +01:00 [Information] Request finished HTTP/2 GET https://localhost:7205/css/style.css?v=rYKnG-JB9M2x-H4nVgrp-vEkdVLuLY8MBOpZDywim-4 - - - 200 7349 text/css 10.5328ms
2023-10-30 00:23:25.984 +01:00 [Information] Sending file. Request path: '"/lib/jquery-validation-unobtrusive/jquery.validate.unobtrusive.js"'. Physical path: '"C:\Users\Johan\Source\Repos\N4h0\Forum\MyShop\wwwroot\lib\jquery-validation-unobtrusive\jquery.validate.unobtrusive.js"'
2023-10-30 00:23:25.984 +01:00 [Information] Sending file. Request path: '"/lib/jquery-validate/jquery.validate.js"'. Physical path: '"C:\Users\Johan\Source\Repos\N4h0\Forum\MyShop\wwwroot\lib\jquery-validate\jquery.validate.js"'
2023-10-30 00:23:25.984 +01:00 [Information] Request finished HTTP/2 GET https://localhost:7205/lib/jquery-validation-unobtrusive/jquery.validate.unobtrusive.js - - - 200 19820 application/javascript 24.8115ms
2023-10-30 00:23:25.985 +01:00 [Information] Request finished HTTP/2 GET https://localhost:7205/lib/jquery-validate/jquery.validate.js - - - 200 53841 application/javascript 24.8958ms
2023-10-30 00:23:25.999 +01:00 [Information] Request starting HTTP/2 GET https://localhost:7205/_framework/aspnetcore-browser-refresh.js - -
2023-10-30 00:23:26.001 +01:00 [Information] Request finished HTTP/2 GET https://localhost:7205/_framework/aspnetcore-browser-refresh.js - - - 200 12342 application/javascript;+charset=utf-8 2.2837ms
2023-10-30 00:23:26.007 +01:00 [Information] Request starting HTTP/2 GET https://localhost:7205/_vs/browserLink - -
2023-10-30 00:23:26.071 +01:00 [Information] Request finished HTTP/2 GET https://localhost:7205/_vs/browserLink - - - 200 - text/javascript;+charset=UTF-8 64.0090ms
