2023-10-23 18:40:45.708 +02:00 [Information] User profile is available. Using '"C:\Users\abdik\AppData\Local\ASP.NET\DataProtection-Keys"' as key repository and Windows DPAPI to encrypt keys at rest.
2023-10-23 18:40:46.142 +02:00 [Information] Now listening on: "https://localhost:7205"
2023-10-23 18:40:46.142 +02:00 [Information] Now listening on: "http://localhost:5112"
2023-10-23 18:40:46.145 +02:00 [Information] Application started. Press Ctrl+C to shut down.
2023-10-23 18:40:46.145 +02:00 [Information] Hosting environment: "Development"
2023-10-23 18:40:46.146 +02:00 [Information] Content root path: "C:\Users\abdik\Source\Repos\Forum\MyShop\"
2023-10-23 18:40:46.651 +02:00 [Information] Request starting HTTP/2 GET https://localhost:7205/ - -
2023-10-23 18:40:46.691 +02:00 [Information] Executing endpoint '"Forum.Controllers.HomeController.Index (Forum)"'
2023-10-23 18:40:46.699 +02:00 [Information] Route matched with "{action = \"Index\", controller = \"Home\", page = \"\", area = \"\"}". Executing controller action with signature "Microsoft.AspNetCore.Mvc.IActionResult Index()" on controller "Forum.Controllers.HomeController" ("Forum").
2023-10-23 18:40:46.704 +02:00 [Information] Executing ViewResult, running view "Index".
2023-10-23 18:40:46.800 +02:00 [Information] Executed ViewResult - view "Index" executed in 96.0484ms.
2023-10-23 18:40:46.802 +02:00 [Information] Executed action "Forum.Controllers.HomeController.Index (Forum)" in 102.5637ms
2023-10-23 18:40:46.802 +02:00 [Information] Executed endpoint '"Forum.Controllers.HomeController.Index (Forum)"'
2023-10-23 18:40:46.815 +02:00 [Information] Request starting HTTP/2 GET https://localhost:7205/_vs/browserLink - -
2023-10-23 18:40:46.815 +02:00 [Information] Request starting HTTP/2 GET https://localhost:7205/style.css - -
2023-10-23 18:40:46.815 +02:00 [Information] Request starting HTTP/2 GET https://localhost:7205/_framework/aspnetcore-browser-refresh.js - -
2023-10-23 18:40:46.815 +02:00 [Information] Request starting HTTP/2 GET https://localhost:7205/img/omnifood-logo.png - -
2023-10-23 18:40:46.815 +02:00 [Information] Request finished HTTP/2 GET https://localhost:7205/ - - - 200 - text/html;+charset=utf-8 165.8587ms
2023-10-23 18:40:46.817 +02:00 [Information] Request finished HTTP/2 GET https://localhost:7205/_framework/aspnetcore-browser-refresh.js - - - 200 12342 application/javascript;+charset=utf-8 2.0705ms
2023-10-23 18:40:46.817 +02:00 [Information] Request finished HTTP/2 GET https://localhost:7205/img/omnifood-logo.png - - - 404 0 - 2.4606ms
2023-10-23 18:40:46.817 +02:00 [Information] Request finished HTTP/2 GET https://localhost:7205/style.css - - - 404 0 - 2.4589ms
2023-10-23 18:40:46.822 +02:00 [Information] Request finished HTTP/2 GET https://localhost:7205/_vs/browserLink - - - 200 - text/javascript;+charset=UTF-8 7.5598ms
2023-10-23 18:40:51.958 +02:00 [Information] Request starting HTTP/2 GET https://localhost:7205/Category/CategoryTable - -
2023-10-23 18:40:51.960 +02:00 [Information] Executing endpoint '"Forum.Controllers.CategoryController.CategoryTable (Forum)"'
2023-10-23 18:40:51.963 +02:00 [Information] Route matched with "{action = \"CategoryTable\", controller = \"Category\", page = \"\", area = \"\"}". Executing controller action with signature "System.Threading.Tasks.Task`1[Microsoft.AspNetCore.Mvc.IActionResult] CategoryTable()" on controller "Forum.Controllers.CategoryController" ("Forum").
2023-10-23 18:40:51.973 +02:00 [Information] Executing ViewResult, running view "CategoryTable".
2023-10-23 18:40:51.987 +02:00 [Information] Executed ViewResult - view "CategoryTable" executed in 14.5013ms.
2023-10-23 18:40:51.987 +02:00 [Information] Executed action "Forum.Controllers.CategoryController.CategoryTable (Forum)" in 24.6209ms
2023-10-23 18:40:51.988 +02:00 [Information] Executed endpoint '"Forum.Controllers.CategoryController.CategoryTable (Forum)"'
2023-10-23 18:40:51.988 +02:00 [Information] Request finished HTTP/2 GET https://localhost:7205/Category/CategoryTable - - - 200 - text/html;+charset=utf-8 30.5719ms
2023-10-23 18:40:51.999 +02:00 [Information] Request starting HTTP/2 GET https://localhost:7205/_framework/aspnetcore-browser-refresh.js - -
2023-10-23 18:40:51.999 +02:00 [Information] Request starting HTTP/2 GET https://localhost:7205/Category/img/omnifood-logo.png - -
2023-10-23 18:40:51.999 +02:00 [Information] Request starting HTTP/2 GET https://localhost:7205/Category/style.css - -
2023-10-23 18:40:51.999 +02:00 [Information] Request finished HTTP/2 GET https://localhost:7205/_framework/aspnetcore-browser-refresh.js - - - 200 12342 application/javascript;+charset=utf-8 0.2696ms
2023-10-23 18:40:52.001 +02:00 [Information] Request finished HTTP/2 GET https://localhost:7205/Category/style.css - - - 404 0 - 1.8286ms
2023-10-23 18:40:52.001 +02:00 [Information] Request finished HTTP/2 GET https://localhost:7205/Category/img/omnifood-logo.png - - - 404 0 - 1.8180ms
2023-10-23 18:40:52.008 +02:00 [Information] Request starting HTTP/2 GET https://localhost:7205/_vs/browserLink - -
2023-10-23 18:40:52.010 +02:00 [Information] Request finished HTTP/2 GET https://localhost:7205/_vs/browserLink - - - 200 - text/javascript;+charset=UTF-8 2.4304ms
2023-10-23 18:40:53.934 +02:00 [Information] Request starting HTTP/2 GET https://localhost:7205/Room/RoomTable - -
2023-10-23 18:40:53.934 +02:00 [Information] Executing endpoint '"Forum.Controllers.RoomController.RoomTable (Forum)"'
2023-10-23 18:40:53.936 +02:00 [Information] Route matched with "{action = \"RoomTable\", controller = \"Room\", page = \"\", area = \"\"}". Executing controller action with signature "System.Threading.Tasks.Task`1[Microsoft.AspNetCore.Mvc.IActionResult] RoomTable()" on controller "Forum.Controllers.RoomController" ("Forum").
2023-10-23 18:40:53.943 +02:00 [Information] Executing ViewResult, running view "RoomTable".
2023-10-23 18:40:53.953 +02:00 [Information] Executed ViewResult - view "RoomTable" executed in 10.4765ms.
2023-10-23 18:40:53.953 +02:00 [Information] Executed action "Forum.Controllers.RoomController.RoomTable (Forum)" in 16.4582ms
2023-10-23 18:40:53.953 +02:00 [Information] Executed endpoint '"Forum.Controllers.RoomController.RoomTable (Forum)"'
2023-10-23 18:40:53.954 +02:00 [Information] Request finished HTTP/2 GET https://localhost:7205/Room/RoomTable - - - 200 - text/html;+charset=utf-8 20.0860ms
2023-10-23 18:40:53.964 +02:00 [Information] Request starting HTTP/2 GET https://localhost:7205/Room/style.css - -
2023-10-23 18:40:53.966 +02:00 [Information] Request finished HTTP/2 GET https://localhost:7205/Room/style.css - - - 404 0 - 2.0040ms
2023-10-23 18:40:53.967 +02:00 [Information] Request starting HTTP/2 GET https://localhost:7205/Room/img/omnifood-logo.png - -
2023-10-23 18:40:53.967 +02:00 [Information] Request starting HTTP/2 GET https://localhost:7205/_framework/aspnetcore-browser-refresh.js - -
2023-10-23 18:40:53.968 +02:00 [Information] Request finished HTTP/2 GET https://localhost:7205/_framework/aspnetcore-browser-refresh.js - - - 200 12342 application/javascript;+charset=utf-8 0.1612ms
2023-10-23 18:40:53.968 +02:00 [Information] Request finished HTTP/2 GET https://localhost:7205/Room/img/omnifood-logo.png - - - 404 0 - 0.3035ms
2023-10-23 18:40:53.973 +02:00 [Information] Request starting HTTP/2 GET https://localhost:7205/_vs/browserLink - -
2023-10-23 18:40:53.975 +02:00 [Information] Request finished HTTP/2 GET https://localhost:7205/_vs/browserLink - - - 200 - text/javascript;+charset=UTF-8 1.7379ms
2023-10-23 18:40:55.099 +02:00 [Information] Request starting HTTP/2 GET https://localhost:7205/Topic/TopicTable - -
2023-10-23 18:40:55.099 +02:00 [Information] Executing endpoint '"Forum.Controllers.TopicController.TopicTable (Forum)"'
2023-10-23 18:40:55.101 +02:00 [Information] Route matched with "{action = \"TopicTable\", controller = \"Topic\", page = \"\", area = \"\"}". Executing controller action with signature "System.Threading.Tasks.Task`1[Microsoft.AspNetCore.Mvc.IActionResult] TopicTable()" on controller "Forum.Controllers.TopicController" ("Forum").
2023-10-23 18:40:55.108 +02:00 [Information] Executing ViewResult, running view "TopicTable".
2023-10-23 18:40:55.115 +02:00 [Information] Executed ViewResult - view "TopicTable" executed in 7.42ms.
2023-10-23 18:40:55.115 +02:00 [Information] Executed action "Forum.Controllers.TopicController.TopicTable (Forum)" in 13.9576ms
2023-10-23 18:40:55.115 +02:00 [Information] Executed endpoint '"Forum.Controllers.TopicController.TopicTable (Forum)"'
2023-10-23 18:40:55.116 +02:00 [Information] Request finished HTTP/2 GET https://localhost:7205/Topic/TopicTable - - - 200 - text/html;+charset=utf-8 17.2500ms
2023-10-23 18:40:55.126 +02:00 [Information] Request starting HTTP/2 GET https://localhost:7205/Topic/style.css - -
2023-10-23 18:40:55.127 +02:00 [Information] Request starting HTTP/2 GET https://localhost:7205/Topic/img/omnifood-logo.png - -
2023-10-23 18:40:55.127 +02:00 [Information] Request starting HTTP/2 GET https://localhost:7205/_framework/aspnetcore-browser-refresh.js - -
2023-10-23 18:40:55.127 +02:00 [Information] Request finished HTTP/2 GET https://localhost:7205/_framework/aspnetcore-browser-refresh.js - - - 200 12342 application/javascript;+charset=utf-8 0.1285ms
2023-10-23 18:40:55.128 +02:00 [Information] Request finished HTTP/2 GET https://localhost:7205/Topic/img/omnifood-logo.png - - - 404 0 - 0.8274ms
2023-10-23 18:40:55.128 +02:00 [Information] Request finished HTTP/2 GET https://localhost:7205/Topic/style.css - - - 404 0 - 1.6192ms
2023-10-23 18:40:55.134 +02:00 [Information] Request starting HTTP/2 GET https://localhost:7205/_vs/browserLink - -
2023-10-23 18:40:55.136 +02:00 [Information] Request finished HTTP/2 GET https://localhost:7205/_vs/browserLink - - - 200 - text/javascript;+charset=UTF-8 1.6796ms
2023-10-23 18:40:56.724 +02:00 [Information] Request starting HTTP/2 GET https://localhost:7205/ - -
2023-10-23 18:40:56.724 +02:00 [Information] Executing endpoint '"Forum.Controllers.HomeController.Index (Forum)"'
2023-10-23 18:40:56.724 +02:00 [Information] Route matched with "{action = \"Index\", controller = \"Home\", page = \"\", area = \"\"}". Executing controller action with signature "Microsoft.AspNetCore.Mvc.IActionResult Index()" on controller "Forum.Controllers.HomeController" ("Forum").
2023-10-23 18:40:56.725 +02:00 [Information] Executing ViewResult, running view "Index".
2023-10-23 18:40:56.728 +02:00 [Information] Executed ViewResult - view "Index" executed in 3.5453ms.
2023-10-23 18:40:56.728 +02:00 [Information] Executed action "Forum.Controllers.HomeController.Index (Forum)" in 3.6862ms
2023-10-23 18:40:56.728 +02:00 [Information] Executed endpoint '"Forum.Controllers.HomeController.Index (Forum)"'
2023-10-23 18:40:56.729 +02:00 [Information] Request finished HTTP/2 GET https://localhost:7205/ - - - 200 - text/html;+charset=utf-8 5.2833ms
2023-10-23 18:40:56.741 +02:00 [Information] Request starting HTTP/2 GET https://localhost:7205/style.css - -
2023-10-23 18:40:56.742 +02:00 [Information] Request finished HTTP/2 GET https://localhost:7205/style.css - - - 404 0 - 0.6474ms
2023-10-23 18:40:56.743 +02:00 [Information] Request starting HTTP/2 GET https://localhost:7205/_framework/aspnetcore-browser-refresh.js - -
2023-10-23 18:40:56.743 +02:00 [Information] Request finished HTTP/2 GET https://localhost:7205/_framework/aspnetcore-browser-refresh.js - - - 200 12342 application/javascript;+charset=utf-8 0.1357ms
2023-10-23 18:40:56.745 +02:00 [Information] Request starting HTTP/2 GET https://localhost:7205/img/omnifood-logo.png - -
2023-10-23 18:40:56.745 +02:00 [Information] Request finished HTTP/2 GET https://localhost:7205/img/omnifood-logo.png - - - 404 0 - 0.3327ms
2023-10-23 18:40:56.748 +02:00 [Information] Request starting HTTP/2 GET https://localhost:7205/_vs/browserLink - -
2023-10-23 18:40:56.749 +02:00 [Information] Request finished HTTP/2 GET https://localhost:7205/_vs/browserLink - - - 200 - text/javascript;+charset=UTF-8 1.8222ms
