2023-10-29 16:34:03.345 +01:00 [Information] User profile is available. Using '"C:\Users\abdik\AppData\Local\ASP.NET\DataProtection-Keys"' as key repository and Windows DPAPI to encrypt keys at rest.
2023-10-29 16:34:03.764 +01:00 [Information] Now listening on: "https://localhost:7205"
2023-10-29 16:34:03.764 +01:00 [Information] Now listening on: "http://localhost:5112"
2023-10-29 16:34:03.766 +01:00 [Information] Application started. Press Ctrl+C to shut down.
2023-10-29 16:34:03.767 +01:00 [Information] Hosting environment: "Development"
2023-10-29 16:34:03.767 +01:00 [Information] Content root path: "C:\Users\abdik\Source\Repos\Forum\MyShop\"
2023-10-29 16:34:06.332 +01:00 [Information] Request starting HTTP/2 GET https://localhost:7205/ - -
2023-10-29 16:34:06.369 +01:00 [Information] Executing endpoint '"Forum.Controllers.HomeController.Index (Forum)"'
2023-10-29 16:34:06.379 +01:00 [Information] Route matched with "{action = \"Index\", controller = \"Home\", page = \"\", area = \"\"}". Executing controller action with signature "System.Threading.Tasks.Task`1[Microsoft.AspNetCore.Mvc.IActionResult] Index()" on controller "Forum.Controllers.HomeController" ("Forum").
2023-10-29 16:34:06.400 +01:00 [Information] Executing ViewResult, running view "Index".
2023-10-29 16:34:06.527 +01:00 [Information] Executed ViewResult - view "Index" executed in 125.2317ms.
2023-10-29 16:34:06.528 +01:00 [Information] Executed action "Forum.Controllers.HomeController.Index (Forum)" in 148.9121ms
2023-10-29 16:34:06.528 +01:00 [Information] Executed endpoint '"Forum.Controllers.HomeController.Index (Forum)"'
2023-10-29 16:34:06.542 +01:00 [Information] Request finished HTTP/2 GET https://localhost:7205/ - - - 200 - text/html;+charset=utf-8 212.1140ms
2023-10-29 16:34:06.543 +01:00 [Information] Request starting HTTP/2 GET https://localhost:7205/lib/bootstrap/css/crtstyle.css - -
2023-10-29 16:34:06.543 +01:00 [Information] Request starting HTTP/2 GET https://localhost:7205/lib/bootstrap/js/bootstrap.js - -
2023-10-29 16:34:06.545 +01:00 [Information] Request starting HTTP/2 GET https://localhost:7205/lib/jquery/jquery.js - -
2023-10-29 16:34:06.545 +01:00 [Information] Request starting HTTP/2 GET https://localhost:7205/css/style.css?v=1NnCpz49ZDxuI2JZArm0Y9ip1y575ST2gevqmbs5yk4 - -
2023-10-29 16:34:06.545 +01:00 [Information] Request starting HTTP/2 GET https://localhost:7205/images/formula1.jpg - -
2023-10-29 16:34:06.545 +01:00 [Information] Request starting HTTP/2 GET https://localhost:7205/images/fotball.jpg - -
2023-10-29 16:34:06.551 +01:00 [Information] Sending file. Request path: '"/lib/bootstrap/css/crtstyle.css"'. Physical path: '"C:\Users\abdik\Source\Repos\Forum\MyShop\wwwroot\lib\bootstrap\css\crtStyle.css"'
2023-10-29 16:34:06.551 +01:00 [Information] Sending file. Request path: '"/css/style.css"'. Physical path: '"C:\Users\abdik\Source\Repos\Forum\MyShop\wwwroot\css\style.css"'
2023-10-29 16:34:06.551 +01:00 [Information] Sending file. Request path: '"/lib/jquery/jquery.js"'. Physical path: '"C:\Users\abdik\Source\Repos\Forum\MyShop\wwwroot\lib\jquery\jquery.js"'
2023-10-29 16:34:06.551 +01:00 [Information] Sending file. Request path: '"/lib/bootstrap/js/bootstrap.js"'. Physical path: '"C:\Users\abdik\Source\Repos\Forum\MyShop\wwwroot\lib\bootstrap\js\bootstrap.js"'
2023-10-29 16:34:06.551 +01:00 [Information] Request finished HTTP/2 GET https://localhost:7205/lib/bootstrap/css/crtstyle.css - - - 200 1786 text/css 8.5552ms
2023-10-29 16:34:06.551 +01:00 [Information] Request finished HTTP/2 GET https://localhost:7205/lib/jquery/jquery.js - - - 200 296030 application/javascript 6.1726ms
2023-10-29 16:34:06.551 +01:00 [Information] Request finished HTTP/2 GET https://localhost:7205/lib/bootstrap/js/bootstrap.js - - - 200 153194 application/javascript 8.6030ms
2023-10-29 16:34:06.551 +01:00 [Information] Request finished HTTP/2 GET https://localhost:7205/css/style.css?v=1NnCpz49ZDxuI2JZArm0Y9ip1y575ST2gevqmbs5yk4 - - - 200 4232 text/css 6.1707ms
2023-10-29 16:34:06.580 +01:00 [Information] Sending file. Request path: '"/images/fotball.jpg"'. Physical path: '"C:\Users\abdik\Source\Repos\Forum\MyShop\wwwroot\images\fotball.jpg"'
2023-10-29 16:34:06.580 +01:00 [Information] Sending file. Request path: '"/images/formula1.jpg"'. Physical path: '"C:\Users\abdik\Source\Repos\Forum\MyShop\wwwroot\images\formula1.jpg"'
2023-10-29 16:34:06.580 +01:00 [Information] Request finished HTTP/2 GET https://localhost:7205/images/fotball.jpg - - - 200 1588856 image/jpeg 35.1714ms
2023-10-29 16:34:06.580 +01:00 [Information] Request finished HTTP/2 GET https://localhost:7205/images/formula1.jpg - - - 200 1574551 image/jpeg 35.2262ms
2023-10-29 16:34:06.587 +01:00 [Information] Request starting HTTP/2 GET https://localhost:7205/images/mosque.jpg - -
2023-10-29 16:34:06.587 +01:00 [Information] Request starting HTTP/2 GET https://localhost:7205/images/vacation.jpg - -
2023-10-29 16:34:06.588 +01:00 [Information] Request starting HTTP/2 GET https://localhost:7205/_framework/aspnetcore-browser-refresh.js - -
2023-10-29 16:34:06.588 +01:00 [Information] Request starting HTTP/2 GET https://localhost:7205/images/cyberS.jpg - -
2023-10-29 16:34:06.588 +01:00 [Information] Request starting HTTP/2 GET https://localhost:7205/images/skiEquipments.jpg - -
2023-10-29 16:34:06.588 +01:00 [Information] Request starting HTTP/2 GET https://localhost:7205/_vs/browserLink - -
2023-10-29 16:34:06.589 +01:00 [Information] Request finished HTTP/2 GET https://localhost:7205/_framework/aspnetcore-browser-refresh.js - - - 200 12342 application/javascript;+charset=utf-8 1.4217ms
2023-10-29 16:34:06.591 +01:00 [Information] Sending file. Request path: '"/images/vacation.jpg"'. Physical path: '"C:\Users\abdik\Source\Repos\Forum\MyShop\wwwroot\images\vacation.jpg"'
2023-10-29 16:34:06.591 +01:00 [Information] Request finished HTTP/2 GET https://localhost:7205/images/vacation.jpg - - - 200 617541 image/jpeg 4.4363ms
2023-10-29 16:34:06.596 +01:00 [Information] Request finished HTTP/2 GET https://localhost:7205/_vs/browserLink - - - 200 - text/javascript;+charset=UTF-8 8.2628ms
2023-10-29 16:34:06.630 +01:00 [Information] Sending file. Request path: '"/images/cyberS.jpg"'. Physical path: '"C:\Users\abdik\Source\Repos\Forum\MyShop\wwwroot\images\cyberS.jpg"'
2023-10-29 16:34:06.630 +01:00 [Information] Request finished HTTP/2 GET https://localhost:7205/images/cyberS.jpg - - - 200 1891447 image/jpeg 42.4139ms
2023-10-29 16:34:06.636 +01:00 [Information] Sending file. Request path: '"/images/skiEquipments.jpg"'. Physical path: '"C:\Users\abdik\Source\Repos\Forum\MyShop\wwwroot\images\skiEquipments.jpg"'
2023-10-29 16:34:06.636 +01:00 [Information] Request finished HTTP/2 GET https://localhost:7205/images/skiEquipments.jpg - - - 200 2293710 image/jpeg 47.6773ms
2023-10-29 16:34:06.644 +01:00 [Information] Sending file. Request path: '"/images/mosque.jpg"'. Physical path: '"C:\Users\abdik\Source\Repos\Forum\MyShop\wwwroot\images\mosque.jpg"'
2023-10-29 16:34:06.644 +01:00 [Information] Request finished HTTP/2 GET https://localhost:7205/images/mosque.jpg - - - 200 3633928 image/jpeg 57.5147ms
2023-10-29 16:34:07.236 +01:00 [Information] Request starting HTTP/2 GET https://localhost:7205/ - -
2023-10-29 16:34:07.237 +01:00 [Information] Executing endpoint '"Forum.Controllers.HomeController.Index (Forum)"'
2023-10-29 16:34:07.238 +01:00 [Information] Route matched with "{action = \"Index\", controller = \"Home\", page = \"\", area = \"\"}". Executing controller action with signature "System.Threading.Tasks.Task`1[Microsoft.AspNetCore.Mvc.IActionResult] Index()" on controller "Forum.Controllers.HomeController" ("Forum").
2023-10-29 16:34:07.239 +01:00 [Information] Executing ViewResult, running view "Index".
2023-10-29 16:34:07.253 +01:00 [Information] Executed ViewResult - view "Index" executed in 13.7985ms.
2023-10-29 16:34:07.253 +01:00 [Information] Executed action "Forum.Controllers.HomeController.Index (Forum)" in 15.7237ms
2023-10-29 16:34:07.253 +01:00 [Information] Executed endpoint '"Forum.Controllers.HomeController.Index (Forum)"'
2023-10-29 16:34:07.255 +01:00 [Information] Request finished HTTP/2 GET https://localhost:7205/ - - - 200 - text/html;+charset=utf-8 19.2221ms
2023-10-29 16:34:07.266 +01:00 [Information] Request starting HTTP/2 GET https://localhost:7205/_framework/aspnetcore-browser-refresh.js - -
2023-10-29 16:34:07.266 +01:00 [Information] Request starting HTTP/2 GET https://localhost:7205/_vs/browserLink - -
2023-10-29 16:34:07.266 +01:00 [Information] Request starting HTTP/2 GET https://localhost:7205/css/style.css?v=1NnCpz49ZDxuI2JZArm0Y9ip1y575ST2gevqmbs5yk4 - -
2023-10-29 16:34:07.266 +01:00 [Information] Request finished HTTP/2 GET https://localhost:7205/_framework/aspnetcore-browser-refresh.js - - - 200 12342 application/javascript;+charset=utf-8 0.2967ms
2023-10-29 16:34:07.267 +01:00 [Information] The file "/css/style.css" was not modified
2023-10-29 16:34:07.267 +01:00 [Information] Request finished HTTP/2 GET https://localhost:7205/css/style.css?v=1NnCpz49ZDxuI2JZArm0Y9ip1y575ST2gevqmbs5yk4 - - - 304 - text/css 0.9509ms
2023-10-29 16:34:07.268 +01:00 [Information] Request finished HTTP/2 GET https://localhost:7205/_vs/browserLink - - - 200 - text/javascript;+charset=UTF-8 1.8420ms
2023-10-29 16:34:07.965 +01:00 [Information] Request starting HTTP/2 GET https://localhost:7205/Identity/Account/Login - -
2023-10-29 16:34:07.967 +01:00 [Information] Executing endpoint '"/Account/Login"'
2023-10-29 16:34:07.978 +01:00 [Information] Route matched with "{page = \"/Account/Login\", area = \"Identity\", action = \"\", controller = \"\"}". Executing page "/Account/Login"
2023-10-29 16:34:07.988 +01:00 [Information] Executing handler method "Forum.Areas.Identity.Pages.Account.LoginModel.OnGetAsync" - ModelState is Valid
2023-10-29 16:34:07.990 +01:00 [Information] AuthenticationScheme: "Identity.External" signed out.
2023-10-29 16:34:07.991 +01:00 [Information] Executed handler method "OnGetAsync", returned result "".
2023-10-29 16:34:07.993 +01:00 [Information] Executing an implicit handler method - ModelState is Valid
2023-10-29 16:34:07.993 +01:00 [Information] Executed an implicit handler method, returned result "Microsoft.AspNetCore.Mvc.RazorPages.PageResult".
2023-10-29 16:34:08.022 +01:00 [Information] Executed page "/Account/Login" in 44.1179ms
2023-10-29 16:34:08.022 +01:00 [Information] Executed endpoint '"/Account/Login"'
2023-10-29 16:34:08.023 +01:00 [Information] Request finished HTTP/2 GET https://localhost:7205/Identity/Account/Login - - - 200 - text/html;+charset=utf-8 57.4869ms
2023-10-29 16:34:08.034 +01:00 [Information] Request starting HTTP/2 GET https://localhost:7205/css/style.css?v=1NnCpz49ZDxuI2JZArm0Y9ip1y575ST2gevqmbs5yk4 - -
2023-10-29 16:34:08.034 +01:00 [Information] Request starting HTTP/2 GET https://localhost:7205/_framework/aspnetcore-browser-refresh.js - -
2023-10-29 16:34:08.034 +01:00 [Information] Request starting HTTP/2 GET https://localhost:7205/Identity/lib/jquery-validation/dist/jquery.validate.js - -
2023-10-29 16:34:08.034 +01:00 [Information] Request starting HTTP/2 GET https://localhost:7205/Identity/lib/jquery-validation-unobtrusive/jquery.validate.unobtrusive.js - -
2023-10-29 16:34:08.034 +01:00 [Information] Request finished HTTP/2 GET https://localhost:7205/_framework/aspnetcore-browser-refresh.js - - - 200 12342 application/javascript;+charset=utf-8 0.2042ms
2023-10-29 16:34:08.034 +01:00 [Information] The file "/css/style.css" was not modified
2023-10-29 16:34:08.034 +01:00 [Information] Request finished HTTP/2 GET https://localhost:7205/css/style.css?v=1NnCpz49ZDxuI2JZArm0Y9ip1y575ST2gevqmbs5yk4 - - - 304 - text/css 0.3923ms
2023-10-29 16:34:08.035 +01:00 [Information] Sending file. Request path: '"/Identity/lib/jquery-validation-unobtrusive/jquery.validate.unobtrusive.js"'. Physical path: '"C:\Users\abdik\.nuget\packages\microsoft.aspnetcore.identity.ui\6.0.20\staticwebassets\V5\lib\jquery-validation-unobtrusive\jquery.validate.unobtrusive.js"'
2023-10-29 16:34:08.035 +01:00 [Information] Sending file. Request path: '"/Identity/lib/jquery-validation/dist/jquery.validate.js"'. Physical path: '"C:\Users\abdik\.nuget\packages\microsoft.aspnetcore.identity.ui\6.0.20\staticwebassets\V5\lib\jquery-validation\dist\jquery.validate.js"'
2023-10-29 16:34:08.035 +01:00 [Information] Request finished HTTP/2 GET https://localhost:7205/Identity/lib/jquery-validation-unobtrusive/jquery.validate.unobtrusive.js - - - 200 19366 application/javascript 1.2262ms
2023-10-29 16:34:08.035 +01:00 [Information] Request finished HTTP/2 GET https://localhost:7205/Identity/lib/jquery-validation/dist/jquery.validate.js - - - 200 48676 application/javascript 1.2927ms
2023-10-29 16:34:08.042 +01:00 [Information] Request starting HTTP/2 GET https://localhost:7205/_vs/browserLink - -
2023-10-29 16:34:08.044 +01:00 [Information] Request finished HTTP/2 GET https://localhost:7205/_vs/browserLink - - - 200 - text/javascript;+charset=UTF-8 1.8548ms
2023-10-29 16:34:09.523 +01:00 [Information] Request starting HTTP/2 POST https://localhost:7205/Identity/Account/Login application/x-www-form-urlencoded 280
2023-10-29 16:34:09.526 +01:00 [Information] Executing endpoint '"/Account/Login"'
2023-10-29 16:34:09.526 +01:00 [Information] Route matched with "{page = \"/Account/Login\", area = \"Identity\", action = \"\", controller = \"\"}". Executing page "/Account/Login"
2023-10-29 16:34:09.536 +01:00 [Information] Executing handler method "Forum.Areas.Identity.Pages.Account.LoginModel.OnPostAsync" - ModelState is Valid
2023-10-29 16:34:09.584 +01:00 [Information] AuthenticationScheme: "Identity.Application" signed in.
2023-10-29 16:34:09.584 +01:00 [Information] User logged in.
2023-10-29 16:34:09.585 +01:00 [Information] Executed handler method "OnPostAsync", returned result "Microsoft.AspNetCore.Mvc.LocalRedirectResult".
2023-10-29 16:34:09.585 +01:00 [Information] Executing LocalRedirectResult, redirecting to "/".
2023-10-29 16:34:09.585 +01:00 [Information] Executed page "/Account/Login" in 58.7622ms
2023-10-29 16:34:09.585 +01:00 [Information] Executed endpoint '"/Account/Login"'
2023-10-29 16:34:09.585 +01:00 [Information] Request finished HTTP/2 POST https://localhost:7205/Identity/Account/Login application/x-www-form-urlencoded 280 - 302 0 - 61.9147ms
2023-10-29 16:34:09.589 +01:00 [Information] Request starting HTTP/2 GET https://localhost:7205/ - -
2023-10-29 16:34:09.591 +01:00 [Information] Executing endpoint '"Forum.Controllers.HomeController.Index (Forum)"'
2023-10-29 16:34:09.591 +01:00 [Information] Route matched with "{action = \"Index\", controller = \"Home\", page = \"\", area = \"\"}". Executing controller action with signature "System.Threading.Tasks.Task`1[Microsoft.AspNetCore.Mvc.IActionResult] Index()" on controller "Forum.Controllers.HomeController" ("Forum").
2023-10-29 16:34:09.592 +01:00 [Information] Executing ViewResult, running view "Index".
2023-10-29 16:34:09.599 +01:00 [Information] Executed ViewResult - view "Index" executed in 6.8706ms.
2023-10-29 16:34:09.599 +01:00 [Information] Executed action "Forum.Controllers.HomeController.Index (Forum)" in 7.718ms
2023-10-29 16:34:09.599 +01:00 [Information] Executed endpoint '"Forum.Controllers.HomeController.Index (Forum)"'
2023-10-29 16:34:09.600 +01:00 [Information] Request finished HTTP/2 GET https://localhost:7205/ - - - 200 - text/html;+charset=utf-8 11.7306ms
2023-10-29 16:34:09.613 +01:00 [Information] Request starting HTTP/2 GET https://localhost:7205/_framework/aspnetcore-browser-refresh.js - -
2023-10-29 16:34:09.613 +01:00 [Information] Request starting HTTP/2 GET https://localhost:7205/css/style.css?v=1NnCpz49ZDxuI2JZArm0Y9ip1y575ST2gevqmbs5yk4 - -
2023-10-29 16:34:09.613 +01:00 [Information] Request starting HTTP/2 GET https://localhost:7205/_vs/browserLink - -
2023-10-29 16:34:09.613 +01:00 [Information] Request finished HTTP/2 GET https://localhost:7205/_framework/aspnetcore-browser-refresh.js - - - 200 12342 application/javascript;+charset=utf-8 0.2000ms
2023-10-29 16:34:09.613 +01:00 [Information] The file "/css/style.css" was not modified
2023-10-29 16:34:09.613 +01:00 [Information] Request finished HTTP/2 GET https://localhost:7205/css/style.css?v=1NnCpz49ZDxuI2JZArm0Y9ip1y575ST2gevqmbs5yk4 - - - 304 - text/css 0.3821ms
2023-10-29 16:34:09.615 +01:00 [Information] Request finished HTTP/2 GET https://localhost:7205/_vs/browserLink - - - 200 - text/javascript;+charset=UTF-8 1.7921ms
2023-10-29 16:37:44.392 +01:00 [Information] Request starting HTTP/2 GET https://localhost:7205/_framework/clear-browser-cache - -
2023-10-29 16:37:44.392 +01:00 [Information] Request finished HTTP/2 GET https://localhost:7205/_framework/clear-browser-cache - - - 200 0 - 0.2739ms
2023-10-29 16:37:44.625 +01:00 [Information] Request starting HTTP/2 GET https://localhost:7205/css/style.css?nonce=1698593864623 - -
2023-10-29 16:37:44.625 +01:00 [Information] Sending file. Request path: '"/css/style.css"'. Physical path: '"C:\Users\abdik\Source\Repos\Forum\MyShop\wwwroot\css\style.css"'
2023-10-29 16:37:44.625 +01:00 [Information] Request finished HTTP/2 GET https://localhost:7205/css/style.css?nonce=1698593864623 - - - 200 4227 text/css 0.9027ms
2023-10-29 16:37:44.912 +01:00 [Information] Request starting HTTP/2 GET https://localhost:7205/ - -
2023-10-29 16:37:44.915 +01:00 [Information] Executing endpoint '"Forum.Controllers.HomeController.Index (Forum)"'
2023-10-29 16:37:44.915 +01:00 [Information] Route matched with "{action = \"Index\", controller = \"Home\", page = \"\", area = \"\"}". Executing controller action with signature "System.Threading.Tasks.Task`1[Microsoft.AspNetCore.Mvc.IActionResult] Index()" on controller "Forum.Controllers.HomeController" ("Forum").
2023-10-29 16:37:44.916 +01:00 [Information] Executing ViewResult, running view "Index".
2023-10-29 16:37:44.924 +01:00 [Information] Executed ViewResult - view "Index" executed in 7.7614ms.
2023-10-29 16:37:44.924 +01:00 [Information] Executed action "Forum.Controllers.HomeController.Index (Forum)" in 8.595ms
2023-10-29 16:37:44.924 +01:00 [Information] Executed endpoint '"Forum.Controllers.HomeController.Index (Forum)"'
2023-10-29 16:37:44.926 +01:00 [Information] Request finished HTTP/2 GET https://localhost:7205/ - - - 200 - text/html;+charset=utf-8 13.0744ms
2023-10-29 16:37:44.934 +01:00 [Information] Request starting HTTP/2 GET https://localhost:7205/lib/bootstrap/css/crtstyle.css - -
2023-10-29 16:37:44.934 +01:00 [Information] Sending file. Request path: '"/lib/bootstrap/css/crtstyle.css"'. Physical path: '"C:\Users\abdik\Source\Repos\Forum\MyShop\wwwroot\lib\bootstrap\css\crtStyle.css"'
2023-10-29 16:37:44.935 +01:00 [Information] Request finished HTTP/2 GET https://localhost:7205/lib/bootstrap/css/crtstyle.css - - - 200 1786 text/css 0.6829ms
2023-10-29 16:37:44.964 +01:00 [Information] Request starting HTTP/2 GET https://localhost:7205/css/style.css?v=WCObKK-ETPIKiFm_cZRyQqb8qWKSiLpJQ6dpBIm89Hg - -
2023-10-29 16:37:44.965 +01:00 [Information] Sending file. Request path: '"/css/style.css"'. Physical path: '"C:\Users\abdik\Source\Repos\Forum\MyShop\wwwroot\css\style.css"'
2023-10-29 16:37:44.965 +01:00 [Information] Request finished HTTP/2 GET https://localhost:7205/css/style.css?v=WCObKK-ETPIKiFm_cZRyQqb8qWKSiLpJQ6dpBIm89Hg - - - 200 4227 text/css 0.5859ms
2023-10-29 16:37:44.971 +01:00 [Information] Request starting HTTP/2 GET https://localhost:7205/lib/bootstrap/js/bootstrap.js - -
2023-10-29 16:37:44.972 +01:00 [Information] Sending file. Request path: '"/lib/bootstrap/js/bootstrap.js"'. Physical path: '"C:\Users\abdik\Source\Repos\Forum\MyShop\wwwroot\lib\bootstrap\js\bootstrap.js"'
2023-10-29 16:37:44.972 +01:00 [Information] Request finished HTTP/2 GET https://localhost:7205/lib/bootstrap/js/bootstrap.js - - - 200 153194 application/javascript 1.0315ms
2023-10-29 16:37:44.972 +01:00 [Information] Request starting HTTP/2 GET https://localhost:7205/lib/jquery/jquery.js - -
2023-10-29 16:37:44.973 +01:00 [Information] Request starting HTTP/2 GET https://localhost:7205/images/formula1.jpg - -
2023-10-29 16:37:44.973 +01:00 [Information] Request starting HTTP/2 GET https://localhost:7205/images/fotball.jpg - -
2023-10-29 16:37:44.975 +01:00 [Information] Sending file. Request path: '"/lib/jquery/jquery.js"'. Physical path: '"C:\Users\abdik\Source\Repos\Forum\MyShop\wwwroot\lib\jquery\jquery.js"'
2023-10-29 16:37:44.975 +01:00 [Information] Request finished HTTP/2 GET https://localhost:7205/lib/jquery/jquery.js - - - 200 296030 application/javascript 2.9836ms
2023-10-29 16:37:44.985 +01:00 [Information] Sending file. Request path: '"/images/formula1.jpg"'. Physical path: '"C:\Users\abdik\Source\Repos\Forum\MyShop\wwwroot\images\formula1.jpg"'
2023-10-29 16:37:44.985 +01:00 [Information] Sending file. Request path: '"/images/fotball.jpg"'. Physical path: '"C:\Users\abdik\Source\Repos\Forum\MyShop\wwwroot\images\fotball.jpg"'
2023-10-29 16:37:44.985 +01:00 [Information] Request finished HTTP/2 GET https://localhost:7205/images/formula1.jpg - - - 200 1574551 image/jpeg 12.5604ms
2023-10-29 16:37:44.985 +01:00 [Information] Request finished HTTP/2 GET https://localhost:7205/images/fotball.jpg - - - 200 1588856 image/jpeg 12.5528ms
2023-10-29 16:37:44.995 +01:00 [Information] Request starting HTTP/2 GET https://localhost:7205/images/mosque.jpg - -
2023-10-29 16:37:44.995 +01:00 [Information] Request starting HTTP/2 GET https://localhost:7205/images/vacation.jpg - -
2023-10-29 16:37:44.995 +01:00 [Information] Request starting HTTP/2 GET https://localhost:7205/images/cyberS.jpg - -
2023-10-29 16:37:44.999 +01:00 [Information] Sending file. Request path: '"/images/vacation.jpg"'. Physical path: '"C:\Users\abdik\Source\Repos\Forum\MyShop\wwwroot\images\vacation.jpg"'
2023-10-29 16:37:45.001 +01:00 [Information] Request finished HTTP/2 GET https://localhost:7205/images/vacation.jpg - - - 200 617541 image/jpeg 5.5778ms
2023-10-29 16:37:45.005 +01:00 [Information] Request starting HTTP/2 GET https://localhost:7205/_framework/aspnetcore-browser-refresh.js - -
2023-10-29 16:37:45.014 +01:00 [Information] Request finished HTTP/2 GET https://localhost:7205/_framework/aspnetcore-browser-refresh.js - - - 200 12342 application/javascript;+charset=utf-8 9.0983ms
2023-10-29 16:37:45.018 +01:00 [Information] Request starting HTTP/2 GET https://localhost:7205/images/skiEquipments.jpg - -
2023-10-29 16:37:45.031 +01:00 [Information] Sending file. Request path: '"/images/cyberS.jpg"'. Physical path: '"C:\Users\abdik\Source\Repos\Forum\MyShop\wwwroot\images\cyberS.jpg"'
2023-10-29 16:37:45.031 +01:00 [Information] Request finished HTTP/2 GET https://localhost:7205/images/cyberS.jpg - - - 200 1891447 image/jpeg 36.0108ms
2023-10-29 16:37:45.052 +01:00 [Information] Request starting HTTP/2 GET https://localhost:7205/_vs/browserLink - -
2023-10-29 16:37:45.074 +01:00 [Information] Request finished HTTP/2 GET https://localhost:7205/_vs/browserLink - - - 200 - text/javascript;+charset=UTF-8 21.4253ms
2023-10-29 16:37:45.075 +01:00 [Information] Sending file. Request path: '"/images/mosque.jpg"'. Physical path: '"C:\Users\abdik\Source\Repos\Forum\MyShop\wwwroot\images\mosque.jpg"'
2023-10-29 16:37:45.075 +01:00 [Information] Request finished HTTP/2 GET https://localhost:7205/images/mosque.jpg - - - 200 3633928 image/jpeg 79.8367ms
2023-10-29 16:37:45.089 +01:00 [Information] Sending file. Request path: '"/images/skiEquipments.jpg"'. Physical path: '"C:\Users\abdik\Source\Repos\Forum\MyShop\wwwroot\images\skiEquipments.jpg"'
2023-10-29 16:37:45.089 +01:00 [Information] Request finished HTTP/2 GET https://localhost:7205/images/skiEquipments.jpg - - - 200 2293710 image/jpeg 70.7696ms
2023-10-29 16:38:18.325 +01:00 [Information] Request starting HTTP/2 GET https://localhost:7205/_framework/clear-browser-cache - -
2023-10-29 16:38:18.325 +01:00 [Information] Request finished HTTP/2 GET https://localhost:7205/_framework/clear-browser-cache - - - 200 0 - 0.1561ms
2023-10-29 16:38:18.535 +01:00 [Information] Request starting HTTP/2 GET https://localhost:7205/css/style.css?nonce=1698593898533 - -
2023-10-29 16:38:18.535 +01:00 [Information] Sending file. Request path: '"/css/style.css"'. Physical path: '"C:\Users\abdik\Source\Repos\Forum\MyShop\wwwroot\css\style.css"'
2023-10-29 16:38:18.536 +01:00 [Information] Request finished HTTP/2 GET https://localhost:7205/css/style.css?nonce=1698593898533 - - - 200 4689 text/css 0.6944ms
2023-10-29 16:38:19.010 +01:00 [Information] Request starting HTTP/2 GET https://localhost:7205/ - -
2023-10-29 16:38:19.013 +01:00 [Information] Executing endpoint '"Forum.Controllers.HomeController.Index (Forum)"'
2023-10-29 16:38:19.013 +01:00 [Information] Route matched with "{action = \"Index\", controller = \"Home\", page = \"\", area = \"\"}". Executing controller action with signature "System.Threading.Tasks.Task`1[Microsoft.AspNetCore.Mvc.IActionResult] Index()" on controller "Forum.Controllers.HomeController" ("Forum").
2023-10-29 16:38:19.013 +01:00 [Information] Executing ViewResult, running view "Index".
2023-10-29 16:38:19.019 +01:00 [Information] Executed ViewResult - view "Index" executed in 6.071ms.
2023-10-29 16:38:19.019 +01:00 [Information] Executed action "Forum.Controllers.HomeController.Index (Forum)" in 6.5318ms
2023-10-29 16:38:19.019 +01:00 [Information] Executed endpoint '"Forum.Controllers.HomeController.Index (Forum)"'
2023-10-29 16:38:19.021 +01:00 [Information] Request finished HTTP/2 GET https://localhost:7205/ - - - 200 - text/html;+charset=utf-8 10.5445ms
2023-10-29 16:38:19.027 +01:00 [Information] Request starting HTTP/2 GET https://localhost:7205/lib/bootstrap/css/crtstyle.css - -
2023-10-29 16:38:19.028 +01:00 [Information] Sending file. Request path: '"/lib/bootstrap/css/crtstyle.css"'. Physical path: '"C:\Users\abdik\Source\Repos\Forum\MyShop\wwwroot\lib\bootstrap\css\crtStyle.css"'
2023-10-29 16:38:19.028 +01:00 [Information] Request finished HTTP/2 GET https://localhost:7205/lib/bootstrap/css/crtstyle.css - - - 200 1786 text/css 0.6994ms
2023-10-29 16:38:19.037 +01:00 [Information] Request starting HTTP/2 GET https://localhost:7205/css/style.css?v=9EjQSzzN90EiysTtZEglSMi8uxzWne1MO4Z22c5Ffck - -
2023-10-29 16:38:19.037 +01:00 [Information] Sending file. Request path: '"/css/style.css"'. Physical path: '"C:\Users\abdik\Source\Repos\Forum\MyShop\wwwroot\css\style.css"'
2023-10-29 16:38:19.037 +01:00 [Information] Request finished HTTP/2 GET https://localhost:7205/css/style.css?v=9EjQSzzN90EiysTtZEglSMi8uxzWne1MO4Z22c5Ffck - - - 200 4689 text/css 0.5463ms
2023-10-29 16:38:19.041 +01:00 [Information] Request starting HTTP/2 GET https://localhost:7205/lib/bootstrap/js/bootstrap.js - -
2023-10-29 16:38:19.041 +01:00 [Information] Request starting HTTP/2 GET https://localhost:7205/lib/jquery/jquery.js - -
2023-10-29 16:38:19.042 +01:00 [Information] Sending file. Request path: '"/lib/bootstrap/js/bootstrap.js"'. Physical path: '"C:\Users\abdik\Source\Repos\Forum\MyShop\wwwroot\lib\bootstrap\js\bootstrap.js"'
2023-10-29 16:38:19.042 +01:00 [Information] Request finished HTTP/2 GET https://localhost:7205/lib/bootstrap/js/bootstrap.js - - - 200 153194 application/javascript 1.1395ms
2023-10-29 16:38:19.043 +01:00 [Information] Sending file. Request path: '"/lib/jquery/jquery.js"'. Physical path: '"C:\Users\abdik\Source\Repos\Forum\MyShop\wwwroot\lib\jquery\jquery.js"'
2023-10-29 16:38:19.043 +01:00 [Information] Request finished HTTP/2 GET https://localhost:7205/lib/jquery/jquery.js - - - 200 296030 application/javascript 1.2255ms
2023-10-29 16:38:19.043 +01:00 [Information] Request starting HTTP/2 GET https://localhost:7205/images/formula1.jpg - -
2023-10-29 16:38:19.043 +01:00 [Information] Request starting HTTP/2 GET https://localhost:7205/images/fotball.jpg - -
2023-10-29 16:38:19.054 +01:00 [Information] Request starting HTTP/2 GET https://localhost:7205/images/vacation.jpg - -
2023-10-29 16:38:19.059 +01:00 [Information] Sending file. Request path: '"/images/formula1.jpg"'. Physical path: '"C:\Users\abdik\Source\Repos\Forum\MyShop\wwwroot\images\formula1.jpg"'
2023-10-29 16:38:19.059 +01:00 [Information] Sending file. Request path: '"/images/fotball.jpg"'. Physical path: '"C:\Users\abdik\Source\Repos\Forum\MyShop\wwwroot\images\fotball.jpg"'
2023-10-29 16:38:19.059 +01:00 [Information] Request finished HTTP/2 GET https://localhost:7205/images/formula1.jpg - - - 200 1574551 image/jpeg 16.0469ms
2023-10-29 16:38:19.059 +01:00 [Information] Request finished HTTP/2 GET https://localhost:7205/images/fotball.jpg - - - 200 1588856 image/jpeg 16.0330ms
2023-10-29 16:38:19.060 +01:00 [Information] Sending file. Request path: '"/images/vacation.jpg"'. Physical path: '"C:\Users\abdik\Source\Repos\Forum\MyShop\wwwroot\images\vacation.jpg"'
2023-10-29 16:38:19.060 +01:00 [Information] Request finished HTTP/2 GET https://localhost:7205/images/vacation.jpg - - - 200 617541 image/jpeg 5.6273ms
2023-10-29 16:38:19.074 +01:00 [Information] Request starting HTTP/2 GET https://localhost:7205/_framework/aspnetcore-browser-refresh.js - -
2023-10-29 16:38:19.074 +01:00 [Information] Request finished HTTP/2 GET https://localhost:7205/_framework/aspnetcore-browser-refresh.js - - - 200 12342 application/javascript;+charset=utf-8 0.1749ms
2023-10-29 16:38:19.075 +01:00 [Information] Request starting HTTP/2 GET https://localhost:7205/images/mosque.jpg - -
2023-10-29 16:38:19.076 +01:00 [Information] Request starting HTTP/2 GET https://localhost:7205/images/cyberS.jpg - -
2023-10-29 16:38:19.078 +01:00 [Information] Request starting HTTP/2 GET https://localhost:7205/images/skiEquipments.jpg - -
2023-10-29 16:38:19.121 +01:00 [Information] Sending file. Request path: '"/images/cyberS.jpg"'. Physical path: '"C:\Users\abdik\Source\Repos\Forum\MyShop\wwwroot\images\cyberS.jpg"'
2023-10-29 16:38:19.134 +01:00 [Information] Request finished HTTP/2 GET https://localhost:7205/images/cyberS.jpg - - - 200 1891447 image/jpeg 58.5254ms
2023-10-29 16:38:19.144 +01:00 [Information] Request starting HTTP/2 GET https://localhost:7205/_vs/browserLink - -
2023-10-29 16:38:19.150 +01:00 [Information] Request finished HTTP/2 GET https://localhost:7205/_vs/browserLink - - - 200 - text/javascript;+charset=UTF-8 6.5019ms
2023-10-29 16:38:19.151 +01:00 [Information] Sending file. Request path: '"/images/skiEquipments.jpg"'. Physical path: '"C:\Users\abdik\Source\Repos\Forum\MyShop\wwwroot\images\skiEquipments.jpg"'
2023-10-29 16:38:19.165 +01:00 [Information] Request finished HTTP/2 GET https://localhost:7205/images/skiEquipments.jpg - - - 200 2293710 image/jpeg 87.0805ms
2023-10-29 16:38:19.166 +01:00 [Information] Sending file. Request path: '"/images/mosque.jpg"'. Physical path: '"C:\Users\abdik\Source\Repos\Forum\MyShop\wwwroot\images\mosque.jpg"'
2023-10-29 16:38:19.166 +01:00 [Information] Request finished HTTP/2 GET https://localhost:7205/images/mosque.jpg - - - 200 3633928 image/jpeg 90.6495ms
2023-10-29 16:40:14.050 +01:00 [Information] Request starting HTTP/2 GET https://localhost:7205/ - -
2023-10-29 16:40:14.051 +01:00 [Information] Executing endpoint '"Forum.Controllers.HomeController.Index (Forum)"'
2023-10-29 16:40:14.051 +01:00 [Information] Route matched with "{action = \"Index\", controller = \"Home\", page = \"\", area = \"\"}". Executing controller action with signature "System.Threading.Tasks.Task`1[Microsoft.AspNetCore.Mvc.IActionResult] Index()" on controller "Forum.Controllers.HomeController" ("Forum").
2023-10-29 16:40:14.052 +01:00 [Information] Executing ViewResult, running view "Index".
2023-10-29 16:40:14.058 +01:00 [Information] Executed ViewResult - view "Index" executed in 5.7903ms.
2023-10-29 16:40:14.058 +01:00 [Information] Executed action "Forum.Controllers.HomeController.Index (Forum)" in 6.3104ms
2023-10-29 16:40:14.058 +01:00 [Information] Executed endpoint '"Forum.Controllers.HomeController.Index (Forum)"'
2023-10-29 16:40:14.060 +01:00 [Information] Request finished HTTP/2 GET https://localhost:7205/ - - - 200 - text/html;+charset=utf-8 10.1469ms
2023-10-29 16:40:14.073 +01:00 [Information] Request starting HTTP/2 GET https://localhost:7205/css/style.css?v=9XwCKtu8r-cGJquEvpWaEsuL7jlEthW1j5zyC4eoayQ - -
2023-10-29 16:40:14.073 +01:00 [Information] Sending file. Request path: '"/css/style.css"'. Physical path: '"C:\Users\abdik\Source\Repos\Forum\MyShop\wwwroot\css\style.css"'
2023-10-29 16:40:14.073 +01:00 [Information] Request finished HTTP/2 GET https://localhost:7205/css/style.css?v=9XwCKtu8r-cGJquEvpWaEsuL7jlEthW1j5zyC4eoayQ - - - 200 4076 text/css 0.9486ms
2023-10-29 16:40:14.120 +01:00 [Information] Request starting HTTP/2 GET https://localhost:7205/_framework/aspnetcore-browser-refresh.js - -
2023-10-29 16:40:14.120 +01:00 [Information] Request finished HTTP/2 GET https://localhost:7205/_framework/aspnetcore-browser-refresh.js - - - 200 12342 application/javascript;+charset=utf-8 0.1715ms
2023-10-29 16:40:14.131 +01:00 [Information] Request starting HTTP/2 GET https://localhost:7205/_vs/browserLink - -
2023-10-29 16:40:14.133 +01:00 [Information] Request finished HTTP/2 GET https://localhost:7205/_vs/browserLink - - - 200 - text/javascript;+charset=UTF-8 2.1546ms
2023-10-29 16:40:16.384 +01:00 [Information] Request starting HTTP/2 GET https://localhost:7205/Category/CategoryTable - -
2023-10-29 16:40:16.387 +01:00 [Information] Executing endpoint '"Forum.Controllers.CategoryController.CategoryTable (Forum)"'
2023-10-29 16:40:16.389 +01:00 [Information] Route matched with "{action = \"CategoryTable\", controller = \"Category\", page = \"\", area = \"\"}". Executing controller action with signature "System.Threading.Tasks.Task`1[Microsoft.AspNetCore.Mvc.IActionResult] CategoryTable()" on controller "Forum.Controllers.CategoryController" ("Forum").
2023-10-29 16:40:16.395 +01:00 [Information] Executing ViewResult, running view "CategoryTable".
2023-10-29 16:40:16.404 +01:00 [Information] Executed ViewResult - view "CategoryTable" executed in 9.7229ms.
2023-10-29 16:40:16.404 +01:00 [Information] Executed action "Forum.Controllers.CategoryController.CategoryTable (Forum)" in 15.3338ms
2023-10-29 16:40:16.404 +01:00 [Information] Executed endpoint '"Forum.Controllers.CategoryController.CategoryTable (Forum)"'
2023-10-29 16:40:16.405 +01:00 [Information] Request finished HTTP/2 GET https://localhost:7205/Category/CategoryTable - - - 200 - text/html;+charset=utf-8 21.0929ms
2023-10-29 16:40:16.417 +01:00 [Information] Request starting HTTP/2 GET https://localhost:7205/css/style.css?v=9XwCKtu8r-cGJquEvpWaEsuL7jlEthW1j5zyC4eoayQ - -
2023-10-29 16:40:16.417 +01:00 [Information] Request starting HTTP/2 GET https://localhost:7205/_framework/aspnetcore-browser-refresh.js - -
2023-10-29 16:40:16.417 +01:00 [Information] Request finished HTTP/2 GET https://localhost:7205/_framework/aspnetcore-browser-refresh.js - - - 200 12342 application/javascript;+charset=utf-8 0.2090ms
2023-10-29 16:40:16.417 +01:00 [Information] Request starting HTTP/2 GET https://localhost:7205/_vs/browserLink - -
2023-10-29 16:40:16.417 +01:00 [Information] The file "/css/style.css" was not modified
2023-10-29 16:40:16.417 +01:00 [Information] Request finished HTTP/2 GET https://localhost:7205/css/style.css?v=9XwCKtu8r-cGJquEvpWaEsuL7jlEthW1j5zyC4eoayQ - - - 304 - text/css 0.5879ms
2023-10-29 16:40:16.419 +01:00 [Information] Request finished HTTP/2 GET https://localhost:7205/_vs/browserLink - - - 200 - text/javascript;+charset=UTF-8 2.0524ms
2023-10-29 16:40:18.189 +01:00 [Information] Request starting HTTP/2 GET https://localhost:7205/ - -
2023-10-29 16:40:18.190 +01:00 [Information] Executing endpoint '"Forum.Controllers.HomeController.Index (Forum)"'
2023-10-29 16:40:18.190 +01:00 [Information] Route matched with "{action = \"Index\", controller = \"Home\", page = \"\", area = \"\"}". Executing controller action with signature "System.Threading.Tasks.Task`1[Microsoft.AspNetCore.Mvc.IActionResult] Index()" on controller "Forum.Controllers.HomeController" ("Forum").
2023-10-29 16:40:18.191 +01:00 [Information] Executing ViewResult, running view "Index".
2023-10-29 16:40:18.196 +01:00 [Information] Executed ViewResult - view "Index" executed in 4.884ms.
2023-10-29 16:40:18.196 +01:00 [Information] Executed action "Forum.Controllers.HomeController.Index (Forum)" in 5.3184ms
2023-10-29 16:40:18.196 +01:00 [Information] Executed endpoint '"Forum.Controllers.HomeController.Index (Forum)"'
2023-10-29 16:40:18.197 +01:00 [Information] Request finished HTTP/2 GET https://localhost:7205/ - - - 200 - text/html;+charset=utf-8 8.8655ms
2023-10-29 16:40:18.207 +01:00 [Information] Request starting HTTP/2 GET https://localhost:7205/_framework/aspnetcore-browser-refresh.js - -
2023-10-29 16:40:18.207 +01:00 [Information] Request starting HTTP/2 GET https://localhost:7205/css/style.css?v=9XwCKtu8r-cGJquEvpWaEsuL7jlEthW1j5zyC4eoayQ - -
2023-10-29 16:40:18.207 +01:00 [Information] Request starting HTTP/2 GET https://localhost:7205/_vs/browserLink - -
2023-10-29 16:40:18.207 +01:00 [Information] Request finished HTTP/2 GET https://localhost:7205/_framework/aspnetcore-browser-refresh.js - - - 200 12342 application/javascript;+charset=utf-8 0.2172ms
2023-10-29 16:40:18.207 +01:00 [Information] The file "/css/style.css" was not modified
2023-10-29 16:40:18.207 +01:00 [Information] Request finished HTTP/2 GET https://localhost:7205/css/style.css?v=9XwCKtu8r-cGJquEvpWaEsuL7jlEthW1j5zyC4eoayQ - - - 304 - text/css 0.4826ms
2023-10-29 16:40:18.209 +01:00 [Information] Request finished HTTP/2 GET https://localhost:7205/_vs/browserLink - - - 200 - text/javascript;+charset=UTF-8 1.6606ms
2023-10-29 16:40:19.019 +01:00 [Information] Request starting HTTP/2 GET https://localhost:7205/Category/CategoryTable - -
2023-10-29 16:40:19.021 +01:00 [Information] Executing endpoint '"Forum.Controllers.CategoryController.CategoryTable (Forum)"'
2023-10-29 16:40:19.021 +01:00 [Information] Route matched with "{action = \"CategoryTable\", controller = \"Category\", page = \"\", area = \"\"}". Executing controller action with signature "System.Threading.Tasks.Task`1[Microsoft.AspNetCore.Mvc.IActionResult] CategoryTable()" on controller "Forum.Controllers.CategoryController" ("Forum").
2023-10-29 16:40:19.022 +01:00 [Information] Executing ViewResult, running view "CategoryTable".
2023-10-29 16:40:19.024 +01:00 [Information] Executed ViewResult - view "CategoryTable" executed in 2.0153ms.
2023-10-29 16:40:19.024 +01:00 [Information] Executed action "Forum.Controllers.CategoryController.CategoryTable (Forum)" in 2.4661ms
2023-10-29 16:40:19.024 +01:00 [Information] Executed endpoint '"Forum.Controllers.CategoryController.CategoryTable (Forum)"'
2023-10-29 16:40:19.025 +01:00 [Information] Request finished HTTP/2 GET https://localhost:7205/Category/CategoryTable - - - 200 - text/html;+charset=utf-8 6.0938ms
2023-10-29 16:40:19.035 +01:00 [Information] Request starting HTTP/2 GET https://localhost:7205/css/style.css?v=9XwCKtu8r-cGJquEvpWaEsuL7jlEthW1j5zyC4eoayQ - -
2023-10-29 16:40:19.035 +01:00 [Information] Request starting HTTP/2 GET https://localhost:7205/_framework/aspnetcore-browser-refresh.js - -
2023-10-29 16:40:19.035 +01:00 [Information] Request finished HTTP/2 GET https://localhost:7205/_framework/aspnetcore-browser-refresh.js - - - 200 12342 application/javascript;+charset=utf-8 0.1966ms
2023-10-29 16:40:19.035 +01:00 [Information] Request starting HTTP/2 GET https://localhost:7205/_vs/browserLink - -
2023-10-29 16:40:19.035 +01:00 [Information] The file "/css/style.css" was not modified
2023-10-29 16:40:19.035 +01:00 [Information] Request finished HTTP/2 GET https://localhost:7205/css/style.css?v=9XwCKtu8r-cGJquEvpWaEsuL7jlEthW1j5zyC4eoayQ - - - 304 - text/css 0.3107ms
2023-10-29 16:40:19.038 +01:00 [Information] Request finished HTTP/2 GET https://localhost:7205/_vs/browserLink - - - 200 - text/javascript;+charset=UTF-8 2.5322ms
2023-10-29 16:40:20.334 +01:00 [Information] Request starting HTTP/2 GET https://localhost:7205/ - -
2023-10-29 16:40:20.335 +01:00 [Information] Executing endpoint '"Forum.Controllers.HomeController.Index (Forum)"'
2023-10-29 16:40:20.335 +01:00 [Information] Route matched with "{action = \"Index\", controller = \"Home\", page = \"\", area = \"\"}". Executing controller action with signature "System.Threading.Tasks.Task`1[Microsoft.AspNetCore.Mvc.IActionResult] Index()" on controller "Forum.Controllers.HomeController" ("Forum").
2023-10-29 16:40:20.336 +01:00 [Information] Executing ViewResult, running view "Index".
2023-10-29 16:40:20.341 +01:00 [Information] Executed ViewResult - view "Index" executed in 5.3574ms.
2023-10-29 16:40:20.341 +01:00 [Information] Executed action "Forum.Controllers.HomeController.Index (Forum)" in 5.9006ms
2023-10-29 16:40:20.341 +01:00 [Information] Executed endpoint '"Forum.Controllers.HomeController.Index (Forum)"'
2023-10-29 16:40:20.343 +01:00 [Information] Request finished HTTP/2 GET https://localhost:7205/ - - - 200 - text/html;+charset=utf-8 9.0950ms
2023-10-29 16:40:20.353 +01:00 [Information] Request starting HTTP/2 GET https://localhost:7205/css/style.css?v=9XwCKtu8r-cGJquEvpWaEsuL7jlEthW1j5zyC4eoayQ - -
2023-10-29 16:40:20.353 +01:00 [Information] The file "/css/style.css" was not modified
2023-10-29 16:40:20.353 +01:00 [Information] Request starting HTTP/2 GET https://localhost:7205/_framework/aspnetcore-browser-refresh.js - -
2023-10-29 16:40:20.353 +01:00 [Information] Request starting HTTP/2 GET https://localhost:7205/_vs/browserLink - -
2023-10-29 16:40:20.353 +01:00 [Information] Request finished HTTP/2 GET https://localhost:7205/css/style.css?v=9XwCKtu8r-cGJquEvpWaEsuL7jlEthW1j5zyC4eoayQ - - - 304 - text/css 0.3538ms
2023-10-29 16:40:20.353 +01:00 [Information] Request finished HTTP/2 GET https://localhost:7205/_framework/aspnetcore-browser-refresh.js - - - 200 12342 application/javascript;+charset=utf-8 0.1214ms
2023-10-29 16:40:20.355 +01:00 [Information] Request finished HTTP/2 GET https://localhost:7205/_vs/browserLink - - - 200 - text/javascript;+charset=UTF-8 2.5465ms
2023-10-29 16:40:20.993 +01:00 [Information] Request starting HTTP/2 GET https://localhost:7205/ - -
2023-10-29 16:40:20.994 +01:00 [Information] Executing endpoint '"Forum.Controllers.HomeController.Index (Forum)"'
2023-10-29 16:40:20.994 +01:00 [Information] Route matched with "{action = \"Index\", controller = \"Home\", page = \"\", area = \"\"}". Executing controller action with signature "System.Threading.Tasks.Task`1[Microsoft.AspNetCore.Mvc.IActionResult] Index()" on controller "Forum.Controllers.HomeController" ("Forum").
2023-10-29 16:40:20.994 +01:00 [Information] Executing ViewResult, running view "Index".
2023-10-29 16:40:20.999 +01:00 [Information] Executed ViewResult - view "Index" executed in 4.7089ms.
2023-10-29 16:40:20.999 +01:00 [Information] Executed action "Forum.Controllers.HomeController.Index (Forum)" in 5.1209ms
2023-10-29 16:40:20.999 +01:00 [Information] Executed endpoint '"Forum.Controllers.HomeController.Index (Forum)"'
2023-10-29 16:40:21.001 +01:00 [Information] Request finished HTTP/2 GET https://localhost:7205/ - - - 200 - text/html;+charset=utf-8 8.2077ms
2023-10-29 16:40:21.009 +01:00 [Information] Request starting HTTP/2 GET https://localhost:7205/css/style.css?v=9XwCKtu8r-cGJquEvpWaEsuL7jlEthW1j5zyC4eoayQ - -
2023-10-29 16:40:21.009 +01:00 [Information] The file "/css/style.css" was not modified
2023-10-29 16:40:21.009 +01:00 [Information] Request starting HTTP/2 GET https://localhost:7205/_framework/aspnetcore-browser-refresh.js - -
2023-10-29 16:40:21.010 +01:00 [Information] Request finished HTTP/2 GET https://localhost:7205/css/style.css?v=9XwCKtu8r-cGJquEvpWaEsuL7jlEthW1j5zyC4eoayQ - - - 304 - text/css 0.3060ms
2023-10-29 16:40:21.010 +01:00 [Information] Request starting HTTP/2 GET https://localhost:7205/_vs/browserLink - -
2023-10-29 16:40:21.010 +01:00 [Information] Request finished HTTP/2 GET https://localhost:7205/_framework/aspnetcore-browser-refresh.js - - - 200 12342 application/javascript;+charset=utf-8 0.1338ms
2023-10-29 16:40:21.011 +01:00 [Information] Request finished HTTP/2 GET https://localhost:7205/_vs/browserLink - - - 200 - text/javascript;+charset=UTF-8 1.5248ms
2023-10-29 16:40:22.168 +01:00 [Information] Request starting HTTP/2 POST https://localhost:7205/Identity/Account/Logout?returnUrl=%2F application/x-www-form-urlencoded 225
2023-10-29 16:40:22.172 +01:00 [Information] Executing endpoint '"/Account/Logout"'
2023-10-29 16:40:22.173 +01:00 [Information] Route matched with "{page = \"/Account/Logout\", area = \"Identity\", action = \"\", controller = \"\"}". Executing page "/Account/Logout"
2023-10-29 16:40:22.176 +01:00 [Information] Executing handler method "Forum.Areas.Identity.Pages.Account.LogoutModel.OnPost" - ModelState is Valid
2023-10-29 16:40:22.177 +01:00 [Information] AuthenticationScheme: "Identity.Application" signed out.
2023-10-29 16:40:22.177 +01:00 [Information] AuthenticationScheme: "Identity.External" signed out.
2023-10-29 16:40:22.177 +01:00 [Information] AuthenticationScheme: "Identity.TwoFactorUserId" signed out.
2023-10-29 16:40:22.178 +01:00 [Information] User logged out.
2023-10-29 16:40:22.178 +01:00 [Information] Executed handler method "OnPost", returned result "Microsoft.AspNetCore.Mvc.LocalRedirectResult".
2023-10-29 16:40:22.178 +01:00 [Information] Executing LocalRedirectResult, redirecting to "/".
2023-10-29 16:40:22.178 +01:00 [Information] Executed page "/Account/Logout" in 4.611ms
2023-10-29 16:40:22.178 +01:00 [Information] Executed endpoint '"/Account/Logout"'
2023-10-29 16:40:22.178 +01:00 [Information] Request finished HTTP/2 POST https://localhost:7205/Identity/Account/Logout?returnUrl=%2F application/x-www-form-urlencoded 225 - 302 0 - 9.6843ms
2023-10-29 16:40:22.180 +01:00 [Information] Request starting HTTP/2 GET https://localhost:7205/ - -
2023-10-29 16:40:22.181 +01:00 [Information] Executing endpoint '"Forum.Controllers.HomeController.Index (Forum)"'
2023-10-29 16:40:22.181 +01:00 [Information] Route matched with "{action = \"Index\", controller = \"Home\", page = \"\", area = \"\"}". Executing controller action with signature "System.Threading.Tasks.Task`1[Microsoft.AspNetCore.Mvc.IActionResult] Index()" on controller "Forum.Controllers.HomeController" ("Forum").
2023-10-29 16:40:22.182 +01:00 [Information] Executing ViewResult, running view "Index".
2023-10-29 16:40:22.186 +01:00 [Information] Executed ViewResult - view "Index" executed in 4.5781ms.
2023-10-29 16:40:22.186 +01:00 [Information] Executed action "Forum.Controllers.HomeController.Index (Forum)" in 5.7089ms
2023-10-29 16:40:22.186 +01:00 [Information] Executed endpoint '"Forum.Controllers.HomeController.Index (Forum)"'
2023-10-29 16:40:22.188 +01:00 [Information] Request finished HTTP/2 GET https://localhost:7205/ - - - 200 - text/html;+charset=utf-8 8.0869ms
2023-10-29 16:40:22.197 +01:00 [Information] Request starting HTTP/2 GET https://localhost:7205/css/style.css?v=9XwCKtu8r-cGJquEvpWaEsuL7jlEthW1j5zyC4eoayQ - -
2023-10-29 16:40:22.197 +01:00 [Information] The file "/css/style.css" was not modified
2023-10-29 16:40:22.197 +01:00 [Information] Request finished HTTP/2 GET https://localhost:7205/css/style.css?v=9XwCKtu8r-cGJquEvpWaEsuL7jlEthW1j5zyC4eoayQ - - - 304 - text/css 0.3451ms
2023-10-29 16:40:22.199 +01:00 [Information] Request starting HTTP/2 GET https://localhost:7205/_vs/browserLink - -
2023-10-29 16:40:22.200 +01:00 [Information] Request starting HTTP/2 GET https://localhost:7205/_framework/aspnetcore-browser-refresh.js - -
2023-10-29 16:40:22.200 +01:00 [Information] Request finished HTTP/2 GET https://localhost:7205/_framework/aspnetcore-browser-refresh.js - - - 200 12342 application/javascript;+charset=utf-8 0.1177ms
2023-10-29 16:40:22.201 +01:00 [Information] Request finished HTTP/2 GET https://localhost:7205/_vs/browserLink - - - 200 - text/javascript;+charset=UTF-8 1.7546ms
2023-10-29 16:40:23.363 +01:00 [Information] Request starting HTTP/2 GET https://localhost:7205/ - -
2023-10-29 16:40:23.363 +01:00 [Information] Executing endpoint '"Forum.Controllers.HomeController.Index (Forum)"'
2023-10-29 16:40:23.363 +01:00 [Information] Route matched with "{action = \"Index\", controller = \"Home\", page = \"\", area = \"\"}". Executing controller action with signature "System.Threading.Tasks.Task`1[Microsoft.AspNetCore.Mvc.IActionResult] Index()" on controller "Forum.Controllers.HomeController" ("Forum").
2023-10-29 16:40:23.365 +01:00 [Information] Executing ViewResult, running view "Index".
2023-10-29 16:40:23.370 +01:00 [Information] Executed ViewResult - view "Index" executed in 5.0381ms.
2023-10-29 16:40:23.370 +01:00 [Information] Executed action "Forum.Controllers.HomeController.Index (Forum)" in 6.3468ms
2023-10-29 16:40:23.370 +01:00 [Information] Executed endpoint '"Forum.Controllers.HomeController.Index (Forum)"'
2023-10-29 16:40:23.371 +01:00 [Information] Request finished HTTP/2 GET https://localhost:7205/ - - - 200 - text/html;+charset=utf-8 8.4773ms
2023-10-29 16:40:23.381 +01:00 [Information] Request starting HTTP/2 GET https://localhost:7205/_vs/browserLink - -
2023-10-29 16:40:23.381 +01:00 [Information] Request starting HTTP/2 GET https://localhost:7205/_framework/aspnetcore-browser-refresh.js - -
2023-10-29 16:40:23.381 +01:00 [Information] Request starting HTTP/2 GET https://localhost:7205/css/style.css?v=9XwCKtu8r-cGJquEvpWaEsuL7jlEthW1j5zyC4eoayQ - -
2023-10-29 16:40:23.381 +01:00 [Information] Request finished HTTP/2 GET https://localhost:7205/_framework/aspnetcore-browser-refresh.js - - - 200 12342 application/javascript;+charset=utf-8 0.1760ms
2023-10-29 16:40:23.382 +01:00 [Information] The file "/css/style.css" was not modified
2023-10-29 16:40:23.382 +01:00 [Information] Request finished HTTP/2 GET https://localhost:7205/css/style.css?v=9XwCKtu8r-cGJquEvpWaEsuL7jlEthW1j5zyC4eoayQ - - - 304 - text/css 0.3307ms
2023-10-29 16:40:23.383 +01:00 [Information] Request finished HTTP/2 GET https://localhost:7205/_vs/browserLink - - - 200 - text/javascript;+charset=UTF-8 1.5965ms
2023-10-29 16:40:23.813 +01:00 [Information] Request starting HTTP/2 GET https://localhost:7205/Category/CategoryTable - -
2023-10-29 16:40:23.813 +01:00 [Information] Executing endpoint '"Forum.Controllers.CategoryController.CategoryTable (Forum)"'
2023-10-29 16:40:23.813 +01:00 [Information] Route matched with "{action = \"CategoryTable\", controller = \"Category\", page = \"\", area = \"\"}". Executing controller action with signature "System.Threading.Tasks.Task`1[Microsoft.AspNetCore.Mvc.IActionResult] CategoryTable()" on controller "Forum.Controllers.CategoryController" ("Forum").
2023-10-29 16:40:23.815 +01:00 [Information] Executing ViewResult, running view "CategoryTable".
2023-10-29 16:40:23.817 +01:00 [Information] Executed ViewResult - view "CategoryTable" executed in 2.3136ms.
2023-10-29 16:40:23.817 +01:00 [Information] Executed action "Forum.Controllers.CategoryController.CategoryTable (Forum)" in 3.7901ms
2023-10-29 16:40:23.817 +01:00 [Information] Executed endpoint '"Forum.Controllers.CategoryController.CategoryTable (Forum)"'
2023-10-29 16:40:23.818 +01:00 [Information] Request finished HTTP/2 GET https://localhost:7205/Category/CategoryTable - - - 200 - text/html;+charset=utf-8 5.1104ms
2023-10-29 16:40:23.829 +01:00 [Information] Request starting HTTP/2 GET https://localhost:7205/css/style.css?v=9XwCKtu8r-cGJquEvpWaEsuL7jlEthW1j5zyC4eoayQ - -
2023-10-29 16:40:23.829 +01:00 [Information] Request starting HTTP/2 GET https://localhost:7205/_framework/aspnetcore-browser-refresh.js - -
2023-10-29 16:40:23.829 +01:00 [Information] Request starting HTTP/2 GET https://localhost:7205/_vs/browserLink - -
2023-10-29 16:40:23.829 +01:00 [Information] The file "/css/style.css" was not modified
2023-10-29 16:40:23.829 +01:00 [Information] Request finished HTTP/2 GET https://localhost:7205/_framework/aspnetcore-browser-refresh.js - - - 200 12342 application/javascript;+charset=utf-8 0.2047ms
2023-10-29 16:40:23.829 +01:00 [Information] Request finished HTTP/2 GET https://localhost:7205/css/style.css?v=9XwCKtu8r-cGJquEvpWaEsuL7jlEthW1j5zyC4eoayQ - - - 304 - text/css 0.2746ms
2023-10-29 16:40:23.831 +01:00 [Information] Request finished HTTP/2 GET https://localhost:7205/_vs/browserLink - - - 200 - text/javascript;+charset=UTF-8 1.8269ms
2023-10-29 16:40:24.494 +01:00 [Information] Request starting HTTP/2 GET https://localhost:7205/Topic/TopicTable - -
2023-10-29 16:40:24.494 +01:00 [Information] Executing endpoint '"Forum.Controllers.TopicController.TopicTable (Forum)"'
2023-10-29 16:40:24.496 +01:00 [Information] Route matched with "{action = \"TopicTable\", controller = \"Topic\", page = \"\", area = \"\"}". Executing controller action with signature "System.Threading.Tasks.Task`1[Microsoft.AspNetCore.Mvc.IActionResult] TopicTable()" on controller "Forum.Controllers.TopicController" ("Forum").
2023-10-29 16:40:24.502 +01:00 [Information] Executing ViewResult, running view "TopicTable".
2023-10-29 16:40:24.508 +01:00 [Information] Executed ViewResult - view "TopicTable" executed in 6.4496ms.
2023-10-29 16:40:24.508 +01:00 [Information] Executed action "Forum.Controllers.TopicController.TopicTable (Forum)" in 12.4141ms
2023-10-29 16:40:24.508 +01:00 [Information] Executed endpoint '"Forum.Controllers.TopicController.TopicTable (Forum)"'
2023-10-29 16:40:24.509 +01:00 [Information] Request finished HTTP/2 GET https://localhost:7205/Topic/TopicTable - - - 200 - text/html;+charset=utf-8 15.2669ms
2023-10-29 16:40:24.520 +01:00 [Information] Request starting HTTP/2 GET https://localhost:7205/_framework/aspnetcore-browser-refresh.js - -
2023-10-29 16:40:24.520 +01:00 [Information] Request starting HTTP/2 GET https://localhost:7205/css/style.css?v=9XwCKtu8r-cGJquEvpWaEsuL7jlEthW1j5zyC4eoayQ - -
2023-10-29 16:40:24.520 +01:00 [Information] Request starting HTTP/2 GET https://localhost:7205/_vs/browserLink - -
2023-10-29 16:40:24.520 +01:00 [Information] Request finished HTTP/2 GET https://localhost:7205/_framework/aspnetcore-browser-refresh.js - - - 200 12342 application/javascript;+charset=utf-8 0.1674ms
2023-10-29 16:40:24.520 +01:00 [Information] The file "/css/style.css" was not modified
2023-10-29 16:40:24.520 +01:00 [Information] Request finished HTTP/2 GET https://localhost:7205/css/style.css?v=9XwCKtu8r-cGJquEvpWaEsuL7jlEthW1j5zyC4eoayQ - - - 304 - text/css 0.2993ms
2023-10-29 16:40:24.521 +01:00 [Information] Request finished HTTP/2 GET https://localhost:7205/_vs/browserLink - - - 200 - text/javascript;+charset=UTF-8 1.7163ms
