2023-10-30 18:33:56.566 +01:00 [Information] User profile is available. Using '"C:\Users\abdik\AppData\Local\ASP.NET\DataProtection-Keys"' as key repository and Windows DPAPI to encrypt keys at rest.
2023-10-30 18:33:57.017 +01:00 [Information] Now listening on: "https://localhost:7205"
2023-10-30 18:33:57.017 +01:00 [Information] Now listening on: "http://localhost:5112"
2023-10-30 18:33:57.020 +01:00 [Information] Application started. Press Ctrl+C to shut down.
2023-10-30 18:33:57.021 +01:00 [Information] Hosting environment: "Development"
2023-10-30 18:33:57.021 +01:00 [Information] Content root path: "C:\Users\abdik\Source\Repos\Forum\MyShop\"
2023-10-30 18:33:57.205 +01:00 [Information] Request starting HTTP/2 GET https://localhost:7205/Post/PostDetails/2 - -
2023-10-30 18:33:57.245 +01:00 [Information] Executing endpoint '"Forum.Controllers.PostController.PostDetails (Forum)"'
2023-10-30 18:33:57.260 +01:00 [Information] Route matched with "{action = \"PostDetails\", controller = \"Post\", page = \"\", area = \"\"}". Executing controller action with signature "System.Threading.Tasks.Task`1[Microsoft.AspNetCore.Mvc.IActionResult] PostDetails(Int32)" on controller "Forum.Controllers.PostController" ("Forum").
2023-10-30 18:33:57.304 +01:00 [Information] Executing ViewResult, running view "PostDetails".
2023-10-30 18:33:57.469 +01:00 [Information] Executed ViewResult - view "PostDetails" executed in 165.171ms.
2023-10-30 18:33:57.471 +01:00 [Information] Executed action "Forum.Controllers.PostController.PostDetails (Forum)" in 210.7174ms
2023-10-30 18:33:57.471 +01:00 [Information] Executed endpoint '"Forum.Controllers.PostController.PostDetails (Forum)"'
2023-10-30 18:33:57.483 +01:00 [Information] Request finished HTTP/2 GET https://localhost:7205/Post/PostDetails/2 - - - 200 - text/html;+charset=utf-8 280.1768ms
2023-10-30 18:33:57.483 +01:00 [Information] Request starting HTTP/2 GET https://localhost:7205/_vs/browserLink - -
2023-10-30 18:33:57.483 +01:00 [Information] Request starting HTTP/2 GET https://localhost:7205/_framework/aspnetcore-browser-refresh.js - -
2023-10-30 18:33:57.485 +01:00 [Information] Request finished HTTP/2 GET https://localhost:7205/_framework/aspnetcore-browser-refresh.js - - - 200 12342 application/javascript;+charset=utf-8 1.4771ms
2023-10-30 18:33:57.489 +01:00 [Information] Request finished HTTP/2 GET https://localhost:7205/_vs/browserLink - - - 200 - text/javascript;+charset=UTF-8 6.1698ms
2023-10-30 18:35:01.424 +01:00 [Information] Request starting HTTP/2 GET https://localhost:7205/_framework/clear-browser-cache - -
2023-10-30 18:35:01.425 +01:00 [Information] Request finished HTTP/2 GET https://localhost:7205/_framework/clear-browser-cache - - - 200 0 - 1.1414ms
