2023-10-24 15:32:43.066 +02:00 [Information] User profile is available. Using '"C:\Users\abdik\AppData\Local\ASP.NET\DataProtection-Keys"' as key repository and Windows DPAPI to encrypt keys at rest.
2023-10-24 15:32:43.473 +02:00 [Information] Now listening on: "https://localhost:7205"
2023-10-24 15:32:43.473 +02:00 [Information] Now listening on: "http://localhost:5112"
2023-10-24 15:32:43.476 +02:00 [Information] Application started. Press Ctrl+C to shut down.
2023-10-24 15:32:43.476 +02:00 [Information] Hosting environment: "Development"
2023-10-24 15:32:43.476 +02:00 [Information] Content root path: "C:\Users\abdik\Source\Repos\Forum\MyShop\"
2023-10-24 15:32:43.742 +02:00 [Information] Request starting HTTP/2 GET https://localhost:7205/ - -
2023-10-24 15:32:43.782 +02:00 [Information] Executing endpoint '"Forum.Controllers.HomeController.Index (Forum)"'
2023-10-24 15:32:43.789 +02:00 [Information] Route matched with "{action = \"Index\", controller = \"Home\", page = \"\", area = \"\"}". Executing controller action with signature "Microsoft.AspNetCore.Mvc.IActionResult Index()" on controller "Forum.Controllers.HomeController" ("Forum").
2023-10-24 15:32:43.794 +02:00 [Information] Executing ViewResult, running view "Index".
2023-10-24 15:32:43.899 +02:00 [Information] Executed ViewResult - view "Index" executed in 104.4279ms.
2023-10-24 15:32:43.901 +02:00 [Information] Executed action "Forum.Controllers.HomeController.Index (Forum)" in 111.3247ms
2023-10-24 15:32:43.901 +02:00 [Information] Executed endpoint '"Forum.Controllers.HomeController.Index (Forum)"'
2023-10-24 15:32:43.914 +02:00 [Information] Request finished HTTP/2 GET https://localhost:7205/ - - - 200 - text/html;+charset=utf-8 174.1093ms
2023-10-24 15:32:43.918 +02:00 [Information] Request starting HTTP/2 GET https://localhost:7205/images/formula1.jpg - -
2023-10-24 15:32:43.918 +02:00 [Information] Request starting HTTP/2 GET https://localhost:7205/images/fotball.jpg - -
2023-10-24 15:32:43.918 +02:00 [Information] Request starting HTTP/2 GET https://localhost:7205/style.css - -
2023-10-24 15:32:43.918 +02:00 [Information] Request starting HTTP/2 GET https://localhost:7205/lib/bootstrap/css/crtstyle.css - -
2023-10-24 15:32:43.918 +02:00 [Information] Request starting HTTP/2 GET https://localhost:7205/lib/jquery/jquery.js - -
2023-10-24 15:32:43.918 +02:00 [Information] Request starting HTTP/2 GET https://localhost:7205/lib/bootstrap/js/bootstrap.js - -
2023-10-24 15:32:43.918 +02:00 [Information] Request starting HTTP/2 GET https://localhost:7205/css/style.css?v=l5Iz_l9ngncCa7RBHFoGIqzK6IOAKT_ANwuQAZFFdAE - -
2023-10-24 15:32:43.923 +02:00 [Information] Request finished HTTP/2 GET https://localhost:7205/style.css - - - 404 0 - 4.9046ms
2023-10-24 15:32:43.928 +02:00 [Information] The file "/lib/bootstrap/js/bootstrap.js" was not modified
2023-10-24 15:32:43.928 +02:00 [Information] The file "/lib/jquery/jquery.js" was not modified
2023-10-24 15:32:43.928 +02:00 [Information] The file "/css/style.css" was not modified
2023-10-24 15:32:43.928 +02:00 [Information] The file "/lib/bootstrap/css/crtstyle.css" was not modified
2023-10-24 15:32:43.928 +02:00 [Information] The file "/images/fotball.jpg" was not modified
2023-10-24 15:32:43.928 +02:00 [Information] The file "/images/formula1.jpg" was not modified
2023-10-24 15:32:43.929 +02:00 [Information] Request finished HTTP/2 GET https://localhost:7205/lib/jquery/jquery.js - - - 304 - application/javascript 10.4210ms
2023-10-24 15:32:43.929 +02:00 [Information] Request finished HTTP/2 GET https://localhost:7205/lib/bootstrap/css/crtstyle.css - - - 304 - text/css 10.4484ms
2023-10-24 15:32:43.929 +02:00 [Information] Request finished HTTP/2 GET https://localhost:7205/images/fotball.jpg - - - 304 - image/jpeg 10.3589ms
2023-10-24 15:32:43.929 +02:00 [Information] Request finished HTTP/2 GET https://localhost:7205/images/formula1.jpg - - - 304 - image/jpeg 10.4772ms
2023-10-24 15:32:43.929 +02:00 [Information] Request finished HTTP/2 GET https://localhost:7205/lib/bootstrap/js/bootstrap.js - - - 304 - application/javascript 10.5606ms
2023-10-24 15:32:43.929 +02:00 [Information] Request finished HTTP/2 GET https://localhost:7205/css/style.css?v=l5Iz_l9ngncCa7RBHFoGIqzK6IOAKT_ANwuQAZFFdAE - - - 304 - text/css 10.5230ms
2023-10-24 15:32:43.940 +02:00 [Information] Request starting HTTP/2 GET https://localhost:7205/images/mosque.jpg - -
2023-10-24 15:32:43.940 +02:00 [Information] Request starting HTTP/2 GET https://localhost:7205/images/vacation.jpg - -
2023-10-24 15:32:43.941 +02:00 [Information] The file "/images/mosque.jpg" was not modified
2023-10-24 15:32:43.941 +02:00 [Information] The file "/images/vacation.jpg" was not modified
2023-10-24 15:32:43.941 +02:00 [Information] Request finished HTTP/2 GET https://localhost:7205/images/mosque.jpg - - - 304 - image/jpeg 1.2531ms
2023-10-24 15:32:43.941 +02:00 [Information] Request finished HTTP/2 GET https://localhost:7205/images/vacation.jpg - - - 304 - image/jpeg 1.2875ms
2023-10-24 15:32:43.948 +02:00 [Information] Request starting HTTP/2 GET https://localhost:7205/images/cyberS.jpg - -
2023-10-24 15:32:43.948 +02:00 [Information] Request starting HTTP/2 GET https://localhost:7205/_framework/aspnetcore-browser-refresh.js - -
2023-10-24 15:32:43.948 +02:00 [Information] The file "/images/cyberS.jpg" was not modified
2023-10-24 15:32:43.949 +02:00 [Information] Request finished HTTP/2 GET https://localhost:7205/images/cyberS.jpg - - - 304 - image/jpeg 0.4966ms
2023-10-24 15:32:43.949 +02:00 [Information] Request starting HTTP/2 GET https://localhost:7205/images/skiEquipments.jpg - -
2023-10-24 15:32:43.949 +02:00 [Information] Request starting HTTP/2 GET https://localhost:7205/_vs/browserLink - -
2023-10-24 15:32:43.949 +02:00 [Information] The file "/images/skiEquipments.jpg" was not modified
2023-10-24 15:32:43.949 +02:00 [Information] Request finished HTTP/2 GET https://localhost:7205/images/skiEquipments.jpg - - - 304 - image/jpeg 0.2683ms
2023-10-24 15:32:43.950 +02:00 [Information] Request finished HTTP/2 GET https://localhost:7205/_framework/aspnetcore-browser-refresh.js - - - 200 12342 application/javascript;+charset=utf-8 1.9631ms
2023-10-24 15:32:43.956 +02:00 [Information] Request finished HTTP/2 GET https://localhost:7205/_vs/browserLink - - - 200 - text/javascript;+charset=UTF-8 7.4210ms
2023-10-24 15:32:45.377 +02:00 [Information] Request starting HTTP/2 GET https://localhost:7205/Topic/TopicTable - -
2023-10-24 15:32:45.387 +02:00 [Information] Executing endpoint '"Forum.Controllers.TopicController.TopicTable (Forum)"'
2023-10-24 15:32:45.389 +02:00 [Information] Route matched with "{action = \"TopicTable\", controller = \"Topic\", page = \"\", area = \"\"}". Executing controller action with signature "System.Threading.Tasks.Task`1[Microsoft.AspNetCore.Mvc.IActionResult] TopicTable()" on controller "Forum.Controllers.TopicController" ("Forum").
2023-10-24 15:32:45.398 +02:00 [Information] Executing ViewResult, running view "TopicTable".
2023-10-24 15:32:45.407 +02:00 [Information] Executed ViewResult - view "TopicTable" executed in 9.2194ms.
2023-10-24 15:32:45.407 +02:00 [Information] Executed action "Forum.Controllers.TopicController.TopicTable (Forum)" in 18.1892ms
2023-10-24 15:32:45.407 +02:00 [Information] Executed endpoint '"Forum.Controllers.TopicController.TopicTable (Forum)"'
2023-10-24 15:32:45.408 +02:00 [Information] Request finished HTTP/2 GET https://localhost:7205/Topic/TopicTable - - - 200 - text/html;+charset=utf-8 31.4129ms
2023-10-24 15:32:45.424 +02:00 [Information] Request starting HTTP/2 GET https://localhost:7205/Topic/style.css - -
2023-10-24 15:32:45.425 +02:00 [Information] Request starting HTTP/2 GET https://localhost:7205/_framework/aspnetcore-browser-refresh.js - -
2023-10-24 15:32:45.425 +02:00 [Information] Request starting HTTP/2 GET https://localhost:7205/_vs/browserLink - -
2023-10-24 15:32:45.425 +02:00 [Information] Request finished HTTP/2 GET https://localhost:7205/_framework/aspnetcore-browser-refresh.js - - - 200 12342 application/javascript;+charset=utf-8 0.2190ms
2023-10-24 15:32:45.427 +02:00 [Information] Request finished HTTP/2 GET https://localhost:7205/_vs/browserLink - - - 200 - text/javascript;+charset=UTF-8 2.4044ms
2023-10-24 15:32:45.427 +02:00 [Information] Request finished HTTP/2 GET https://localhost:7205/Topic/style.css - - - 404 0 - 3.0153ms
2023-10-24 15:32:48.772 +02:00 [Information] Request starting HTTP/2 GET https://localhost:7205/Search/Search?search=united - -
2023-10-24 15:32:48.774 +02:00 [Information] Executing endpoint '"Forum.Controllers.SearchController.Search (Forum)"'
2023-10-24 15:32:48.780 +02:00 [Information] Route matched with "{action = \"Search\", controller = \"Search\", page = \"\", area = \"\"}". Executing controller action with signature "Microsoft.AspNetCore.Mvc.IActionResult Search(System.String)" on controller "Forum.Controllers.SearchController" ("Forum").
2023-10-24 15:32:48.810 +02:00 [Information] Executing ViewResult, running view "Search".
2023-10-24 15:32:48.815 +02:00 [Information] Executed ViewResult - view "Search" executed in 5.3543ms.
2023-10-24 15:32:48.815 +02:00 [Information] Executed action "Forum.Controllers.SearchController.Search (Forum)" in 34.7636ms
2023-10-24 15:32:48.815 +02:00 [Information] Executed endpoint '"Forum.Controllers.SearchController.Search (Forum)"'
2023-10-24 15:32:48.816 +02:00 [Information] Request finished HTTP/2 GET https://localhost:7205/Search/Search?search=united - - - 200 - text/html;+charset=utf-8 43.7338ms
2023-10-24 15:32:48.833 +02:00 [Information] Request starting HTTP/2 GET https://localhost:7205/Search/style.css - -
2023-10-24 15:32:48.834 +02:00 [Information] Request starting HTTP/2 GET https://localhost:7205/_vs/browserLink - -
2023-10-24 15:32:48.834 +02:00 [Information] Request starting HTTP/2 GET https://localhost:7205/_framework/aspnetcore-browser-refresh.js - -
2023-10-24 15:32:48.834 +02:00 [Information] Request finished HTTP/2 GET https://localhost:7205/_framework/aspnetcore-browser-refresh.js - - - 200 12342 application/javascript;+charset=utf-8 0.2206ms
2023-10-24 15:32:48.835 +02:00 [Information] Request finished HTTP/2 GET https://localhost:7205/Search/style.css - - - 404 0 - 2.3088ms
2023-10-24 15:32:48.836 +02:00 [Information] Request finished HTTP/2 GET https://localhost:7205/_vs/browserLink - - - 200 - text/javascript;+charset=UTF-8 2.1217ms
2023-10-24 15:32:52.065 +02:00 [Information] Request starting HTTP/2 GET https://localhost:7205/Room/RoomTable - -
2023-10-24 15:32:52.067 +02:00 [Information] Executing endpoint '"Forum.Controllers.RoomController.RoomTable (Forum)"'
2023-10-24 15:32:52.068 +02:00 [Information] Route matched with "{action = \"RoomTable\", controller = \"Room\", page = \"\", area = \"\"}". Executing controller action with signature "System.Threading.Tasks.Task`1[Microsoft.AspNetCore.Mvc.IActionResult] RoomTable()" on controller "Forum.Controllers.RoomController" ("Forum").
2023-10-24 15:32:52.072 +02:00 [Information] Executing ViewResult, running view "RoomTable".
2023-10-24 15:32:52.080 +02:00 [Information] Executed ViewResult - view "RoomTable" executed in 8.2223ms.
2023-10-24 15:32:52.080 +02:00 [Information] Executed action "Forum.Controllers.RoomController.RoomTable (Forum)" in 11.6669ms
2023-10-24 15:32:52.080 +02:00 [Information] Executed endpoint '"Forum.Controllers.RoomController.RoomTable (Forum)"'
2023-10-24 15:32:52.081 +02:00 [Information] Request finished HTTP/2 GET https://localhost:7205/Room/RoomTable - - - 200 - text/html;+charset=utf-8 16.0585ms
2023-10-24 15:32:52.102 +02:00 [Information] Request starting HTTP/2 GET https://localhost:7205/Room/style.css - -
2023-10-24 15:32:52.103 +02:00 [Information] Request starting HTTP/2 GET https://localhost:7205/_vs/browserLink - -
2023-10-24 15:32:52.103 +02:00 [Information] Request starting HTTP/2 GET https://localhost:7205/_framework/aspnetcore-browser-refresh.js - -
2023-10-24 15:32:52.103 +02:00 [Information] Request finished HTTP/2 GET https://localhost:7205/_framework/aspnetcore-browser-refresh.js - - - 200 12342 application/javascript;+charset=utf-8 0.2245ms
2023-10-24 15:32:52.107 +02:00 [Information] Request finished HTTP/2 GET https://localhost:7205/Room/style.css - - - 404 0 - 5.1788ms
2023-10-24 15:32:52.110 +02:00 [Information] Request finished HTTP/2 GET https://localhost:7205/_vs/browserLink - - - 200 - text/javascript;+charset=UTF-8 7.8328ms
2023-10-24 15:32:54.060 +02:00 [Information] Request starting HTTP/2 GET https://localhost:7205/Topic/TopicTable - -
2023-10-24 15:32:54.061 +02:00 [Information] Executing endpoint '"Forum.Controllers.TopicController.TopicTable (Forum)"'
2023-10-24 15:32:54.061 +02:00 [Information] Route matched with "{action = \"TopicTable\", controller = \"Topic\", page = \"\", area = \"\"}". Executing controller action with signature "System.Threading.Tasks.Task`1[Microsoft.AspNetCore.Mvc.IActionResult] TopicTable()" on controller "Forum.Controllers.TopicController" ("Forum").
2023-10-24 15:32:54.062 +02:00 [Information] Executing ViewResult, running view "TopicTable".
2023-10-24 15:32:54.065 +02:00 [Information] Executed ViewResult - view "TopicTable" executed in 2.214ms.
2023-10-24 15:32:54.065 +02:00 [Information] Executed action "Forum.Controllers.TopicController.TopicTable (Forum)" in 3.1979ms
2023-10-24 15:32:54.065 +02:00 [Information] Executed endpoint '"Forum.Controllers.TopicController.TopicTable (Forum)"'
2023-10-24 15:32:54.065 +02:00 [Information] Request finished HTTP/2 GET https://localhost:7205/Topic/TopicTable - - - 200 - text/html;+charset=utf-8 5.7309ms
2023-10-24 15:32:54.081 +02:00 [Information] Request starting HTTP/2 GET https://localhost:7205/Topic/style.css - -
2023-10-24 15:32:54.081 +02:00 [Information] Request starting HTTP/2 GET https://localhost:7205/_framework/aspnetcore-browser-refresh.js - -
2023-10-24 15:32:54.081 +02:00 [Information] Request starting HTTP/2 GET https://localhost:7205/_vs/browserLink - -
2023-10-24 15:32:54.081 +02:00 [Information] Request finished HTTP/2 GET https://localhost:7205/_framework/aspnetcore-browser-refresh.js - - - 200 12342 application/javascript;+charset=utf-8 0.1384ms
2023-10-24 15:32:54.082 +02:00 [Information] Request finished HTTP/2 GET https://localhost:7205/Topic/style.css - - - 404 0 - 1.7403ms
2023-10-24 15:32:54.083 +02:00 [Information] Request finished HTTP/2 GET https://localhost:7205/_vs/browserLink - - - 200 - text/javascript;+charset=UTF-8 1.6442ms
2023-10-24 15:32:56.829 +02:00 [Information] Request starting HTTP/2 GET https://localhost:7205/Topic/TopicDetails/1 - -
2023-10-24 15:32:56.831 +02:00 [Information] Executing endpoint '"Forum.Controllers.TopicController.TopicDetails (Forum)"'
2023-10-24 15:32:56.833 +02:00 [Information] Route matched with "{action = \"TopicDetails\", controller = \"Topic\", page = \"\", area = \"\"}". Executing controller action with signature "System.Threading.Tasks.Task`1[Microsoft.AspNetCore.Mvc.IActionResult] TopicDetails(Int32)" on controller "Forum.Controllers.TopicController" ("Forum").
2023-10-24 15:32:56.837 +02:00 [Information] Executing ViewResult, running view "TopicDetails".
2023-10-24 15:32:56.853 +02:00 [Information] Executed ViewResult - view "TopicDetails" executed in 15.8273ms.
2023-10-24 15:32:56.853 +02:00 [Information] Executed action "Forum.Controllers.TopicController.TopicDetails (Forum)" in 20.1942ms
2023-10-24 15:32:56.853 +02:00 [Information] Executed endpoint '"Forum.Controllers.TopicController.TopicDetails (Forum)"'
2023-10-24 15:32:56.854 +02:00 [Information] Request finished HTTP/2 GET https://localhost:7205/Topic/TopicDetails/1 - - - 200 - text/html;+charset=utf-8 24.6128ms
2023-10-24 15:32:56.870 +02:00 [Information] Request starting HTTP/2 GET https://localhost:7205/Topic/TopicDetails/style.css - -
2023-10-24 15:32:56.870 +02:00 [Information] Request starting HTTP/2 GET https://localhost:7205/_vs/browserLink - -
2023-10-24 15:32:56.870 +02:00 [Information] Request starting HTTP/2 GET https://localhost:7205/_framework/aspnetcore-browser-refresh.js - -
2023-10-24 15:32:56.870 +02:00 [Information] Request finished HTTP/2 GET https://localhost:7205/_framework/aspnetcore-browser-refresh.js - - - 200 12342 application/javascript;+charset=utf-8 0.1054ms
2023-10-24 15:32:56.871 +02:00 [Information] Executing endpoint '"Forum.Controllers.TopicController.TopicDetails (Forum)"'
2023-10-24 15:32:56.871 +02:00 [Information] Route matched with "{action = \"TopicDetails\", controller = \"Topic\", page = \"\", area = \"\"}". Executing controller action with signature "System.Threading.Tasks.Task`1[Microsoft.AspNetCore.Mvc.IActionResult] TopicDetails(Int32)" on controller "Forum.Controllers.TopicController" ("Forum").
2023-10-24 15:32:56.872 +02:00 [Information] Request finished HTTP/2 GET https://localhost:7205/_vs/browserLink - - - 200 - text/javascript;+charset=UTF-8 1.4729ms
2023-10-24 15:32:56.877 +02:00 [Error] [TopicController] Topic not found for the TopicId 0000
2023-10-24 15:32:56.882 +02:00 [Information] Executing "NotFoundObjectResult", writing value of type '"System.String"'.
2023-10-24 15:32:56.882 +02:00 [Information] Executed action "Forum.Controllers.TopicController.TopicDetails (Forum)" in 11.0993ms
2023-10-24 15:32:56.882 +02:00 [Information] Executed endpoint '"Forum.Controllers.TopicController.TopicDetails (Forum)"'
2023-10-24 15:32:56.882 +02:00 [Information] Request finished HTTP/2 GET https://localhost:7205/Topic/TopicDetails/style.css - - - 404 - text/plain;+charset=utf-8 12.5553ms
2023-10-24 15:32:57.938 +02:00 [Information] Request starting HTTP/2 GET https://localhost:7205/Post/CreatePost?topicId=1 - -
2023-10-24 15:32:57.943 +02:00 [Information] Executing endpoint '"Forum.Controllers.PostController.CreatePost (Forum)"'
2023-10-24 15:32:57.943 +02:00 [Information] Route matched with "{action = \"CreatePost\", controller = \"Post\", page = \"\", area = \"\"}". Executing controller action with signature "Microsoft.AspNetCore.Mvc.IActionResult CreatePost(Int32)" on controller "Forum.Controllers.PostController" ("Forum").
2023-10-24 15:32:57.945 +02:00 [Information] Executing ViewResult, running view "CreatePost".
2023-10-24 15:32:57.965 +02:00 [Information] Executed ViewResult - view "CreatePost" executed in 20.5806ms.
2023-10-24 15:32:57.965 +02:00 [Information] Executed action "Forum.Controllers.PostController.CreatePost (Forum)" in 21.4853ms
2023-10-24 15:32:57.965 +02:00 [Information] Executed endpoint '"Forum.Controllers.PostController.CreatePost (Forum)"'
2023-10-24 15:32:57.966 +02:00 [Information] Request finished HTTP/2 GET https://localhost:7205/Post/CreatePost?topicId=1 - - - 200 - text/html;+charset=utf-8 27.9586ms
2023-10-24 15:32:57.983 +02:00 [Information] Request starting HTTP/2 GET https://localhost:7205/Post/style.css - -
2023-10-24 15:32:57.984 +02:00 [Information] Request starting HTTP/2 GET https://localhost:7205/_framework/aspnetcore-browser-refresh.js - -
2023-10-24 15:32:57.984 +02:00 [Information] Request starting HTTP/2 GET https://localhost:7205/_vs/browserLink - -
2023-10-24 15:32:57.984 +02:00 [Information] Request finished HTTP/2 GET https://localhost:7205/_framework/aspnetcore-browser-refresh.js - - - 200 12342 application/javascript;+charset=utf-8 0.1927ms
2023-10-24 15:32:57.985 +02:00 [Information] Request finished HTTP/2 GET https://localhost:7205/Post/style.css - - - 404 0 - 2.3892ms
2023-10-24 15:32:57.986 +02:00 [Information] Request finished HTTP/2 GET https://localhost:7205/_vs/browserLink - - - 200 - text/javascript;+charset=UTF-8 1.9828ms
2023-10-24 15:33:03.653 +02:00 [Information] Request starting HTTP/2 POST https://localhost:7205/Post/Createpost?topicId=1 application/x-www-form-urlencoded 361
2023-10-24 15:33:03.655 +02:00 [Information] Executing endpoint '"Forum.Controllers.PostController.CreatePost (Forum)"'
2023-10-24 15:33:03.660 +02:00 [Information] Route matched with "{action = \"CreatePost\", controller = \"Post\", page = \"\", area = \"\"}". Executing controller action with signature "System.Threading.Tasks.Task`1[Microsoft.AspNetCore.Mvc.IActionResult] CreatePost(Forum.ViewModels.PostCommentViewModel)" on controller "Forum.Controllers.PostController" ("Forum").
2023-10-24 15:33:03.675 +02:00 [Error] Failed executing DbCommand ("0"ms) [Parameters=["@p0='?' (DbType = Int32), @p1='?' (DbType = DateTime), @p2='?' (Size = 15), @p3='?' (DbType = Int32), @p4='?' (Size = 36)"], CommandType='Text', CommandTimeout='30']"
""INSERT INTO \"Posts\" (\"PostId\", \"PostTime\", \"PostTitle\", \"TopicId\", \"UserId\")
VALUES (@p0, @p1, @p2, @p3, @p4);"
2023-10-24 15:33:03.692 +02:00 [Error] An exception occurred in the database while saving changes for context type '"Forum.Models.CategoryDbContext"'."
""Microsoft.EntityFrameworkCore.DbUpdateException: An error occurred while saving the entity changes. See the inner exception for details.
 ---> Microsoft.Data.Sqlite.SqliteException (0x80004005): SQLite Error 19: 'UNIQUE constraint failed: Posts.PostId'.
   at Microsoft.Data.Sqlite.SqliteException.ThrowExceptionForRC(Int32 rc, sqlite3 db)
   at Microsoft.Data.Sqlite.SqliteDataReader.NextResult()
   at Microsoft.Data.Sqlite.SqliteCommand.ExecuteReader(CommandBehavior behavior)
   at Microsoft.Data.Sqlite.SqliteCommand.ExecuteReaderAsync(CommandBehavior behavior, CancellationToken cancellationToken)
   at Microsoft.Data.Sqlite.SqliteCommand.ExecuteDbDataReaderAsync(CommandBehavior behavior, CancellationToken cancellationToken)
   at Microsoft.EntityFrameworkCore.Storage.RelationalCommand.ExecuteReaderAsync(RelationalCommandParameterObject parameterObject, CancellationToken cancellationToken)
   at Microsoft.EntityFrameworkCore.Storage.RelationalCommand.ExecuteReaderAsync(RelationalCommandParameterObject parameterObject, CancellationToken cancellationToken)
   at Microsoft.EntityFrameworkCore.Update.ReaderModificationCommandBatch.ExecuteAsync(IRelationalConnection connection, CancellationToken cancellationToken)
   --- End of inner exception stack trace ---
   at Microsoft.EntityFrameworkCore.Update.ReaderModificationCommandBatch.ExecuteAsync(IRelationalConnection connection, CancellationToken cancellationToken)
   at Microsoft.EntityFrameworkCore.Update.Internal.BatchExecutor.ExecuteAsync(IEnumerable`1 commandBatches, IRelationalConnection connection, CancellationToken cancellationToken)
   at Microsoft.EntityFrameworkCore.Update.Internal.BatchExecutor.ExecuteAsync(IEnumerable`1 commandBatches, IRelationalConnection connection, CancellationToken cancellationToken)
   at Microsoft.EntityFrameworkCore.Update.Internal.BatchExecutor.ExecuteAsync(IEnumerable`1 commandBatches, IRelationalConnection connection, CancellationToken cancellationToken)
   at Microsoft.EntityFrameworkCore.ChangeTracking.Internal.StateManager.SaveChangesAsync(IList`1 entriesToSave, CancellationToken cancellationToken)
   at Microsoft.EntityFrameworkCore.ChangeTracking.Internal.StateManager.SaveChangesAsync(StateManager stateManager, Boolean acceptAllChangesOnSuccess, CancellationToken cancellationToken)
   at Microsoft.EntityFrameworkCore.DbContext.SaveChangesAsync(Boolean acceptAllChangesOnSuccess, CancellationToken cancellationToken)"
Microsoft.EntityFrameworkCore.DbUpdateException: An error occurred while saving the entity changes. See the inner exception for details.
 ---> Microsoft.Data.Sqlite.SqliteException (0x80004005): SQLite Error 19: 'UNIQUE constraint failed: Posts.PostId'.
   at Microsoft.Data.Sqlite.SqliteException.ThrowExceptionForRC(Int32 rc, sqlite3 db)
   at Microsoft.Data.Sqlite.SqliteDataReader.NextResult()
   at Microsoft.Data.Sqlite.SqliteCommand.ExecuteReader(CommandBehavior behavior)
   at Microsoft.Data.Sqlite.SqliteCommand.ExecuteReaderAsync(CommandBehavior behavior, CancellationToken cancellationToken)
   at Microsoft.Data.Sqlite.SqliteCommand.ExecuteDbDataReaderAsync(CommandBehavior behavior, CancellationToken cancellationToken)
   at Microsoft.EntityFrameworkCore.Storage.RelationalCommand.ExecuteReaderAsync(RelationalCommandParameterObject parameterObject, CancellationToken cancellationToken)
   at Microsoft.EntityFrameworkCore.Storage.RelationalCommand.ExecuteReaderAsync(RelationalCommandParameterObject parameterObject, CancellationToken cancellationToken)
   at Microsoft.EntityFrameworkCore.Update.ReaderModificationCommandBatch.ExecuteAsync(IRelationalConnection connection, CancellationToken cancellationToken)
   --- End of inner exception stack trace ---
   at Microsoft.EntityFrameworkCore.Update.ReaderModificationCommandBatch.ExecuteAsync(IRelationalConnection connection, CancellationToken cancellationToken)
   at Microsoft.EntityFrameworkCore.Update.Internal.BatchExecutor.ExecuteAsync(IEnumerable`1 commandBatches, IRelationalConnection connection, CancellationToken cancellationToken)
   at Microsoft.EntityFrameworkCore.Update.Internal.BatchExecutor.ExecuteAsync(IEnumerable`1 commandBatches, IRelationalConnection connection, CancellationToken cancellationToken)
   at Microsoft.EntityFrameworkCore.Update.Internal.BatchExecutor.ExecuteAsync(IEnumerable`1 commandBatches, IRelationalConnection connection, CancellationToken cancellationToken)
   at Microsoft.EntityFrameworkCore.ChangeTracking.Internal.StateManager.SaveChangesAsync(IList`1 entriesToSave, CancellationToken cancellationToken)
   at Microsoft.EntityFrameworkCore.ChangeTracking.Internal.StateManager.SaveChangesAsync(StateManager stateManager, Boolean acceptAllChangesOnSuccess, CancellationToken cancellationToken)
   at Microsoft.EntityFrameworkCore.DbContext.SaveChangesAsync(Boolean acceptAllChangesOnSuccess, CancellationToken cancellationToken)
2023-10-24 15:33:03.694 +02:00 [Error] [PoatRepository] post creation failed for post Post { PostId: 8, TopicId: 1, UserId: "44a5ba76-ac96-4d49-8c1e-82a7d708ea03", PostTitle: "United er bedre", PostTime: 10/24/2023 15:33:03, Topic: null, Comments: null }, error message: "An error occurred while saving the entity changes. See the inner exception for details."
2023-10-24 15:33:03.695 +02:00 [Error] We're here
2023-10-24 15:33:03.698 +02:00 [Error] Failed executing DbCommand ("0"ms) [Parameters=["@p0='?' (DbType = Int32), @p1='?' (DbType = DateTime), @p2='?' (Size = 15), @p3='?' (DbType = Int32), @p4='?' (Size = 36)"], CommandType='Text', CommandTimeout='30']"
""INSERT INTO \"Posts\" (\"PostId\", \"PostTime\", \"PostTitle\", \"TopicId\", \"UserId\")
VALUES (@p0, @p1, @p2, @p3, @p4);"
2023-10-24 15:33:03.701 +02:00 [Error] An exception occurred in the database while saving changes for context type '"Forum.Models.CategoryDbContext"'."
""Microsoft.EntityFrameworkCore.DbUpdateException: An error occurred while saving the entity changes. See the inner exception for details.
 ---> Microsoft.Data.Sqlite.SqliteException (0x80004005): SQLite Error 19: 'UNIQUE constraint failed: Posts.PostId'.
   at Microsoft.Data.Sqlite.SqliteException.ThrowExceptionForRC(Int32 rc, sqlite3 db)
   at Microsoft.Data.Sqlite.SqliteDataReader.NextResult()
   at Microsoft.Data.Sqlite.SqliteCommand.ExecuteReader(CommandBehavior behavior)
   at Microsoft.Data.Sqlite.SqliteCommand.ExecuteReaderAsync(CommandBehavior behavior, CancellationToken cancellationToken)
   at Microsoft.Data.Sqlite.SqliteCommand.ExecuteDbDataReaderAsync(CommandBehavior behavior, CancellationToken cancellationToken)
   at Microsoft.EntityFrameworkCore.Storage.RelationalCommand.ExecuteReaderAsync(RelationalCommandParameterObject parameterObject, CancellationToken cancellationToken)
   at Microsoft.EntityFrameworkCore.Storage.RelationalCommand.ExecuteReaderAsync(RelationalCommandParameterObject parameterObject, CancellationToken cancellationToken)
   at Microsoft.EntityFrameworkCore.Update.ReaderModificationCommandBatch.ExecuteAsync(IRelationalConnection connection, CancellationToken cancellationToken)
   --- End of inner exception stack trace ---
   at Microsoft.EntityFrameworkCore.Update.ReaderModificationCommandBatch.ExecuteAsync(IRelationalConnection connection, CancellationToken cancellationToken)
   at Microsoft.EntityFrameworkCore.Update.Internal.BatchExecutor.ExecuteAsync(IEnumerable`1 commandBatches, IRelationalConnection connection, CancellationToken cancellationToken)
   at Microsoft.EntityFrameworkCore.Update.Internal.BatchExecutor.ExecuteAsync(IEnumerable`1 commandBatches, IRelationalConnection connection, CancellationToken cancellationToken)
   at Microsoft.EntityFrameworkCore.Update.Internal.BatchExecutor.ExecuteAsync(IEnumerable`1 commandBatches, IRelationalConnection connection, CancellationToken cancellationToken)
   at Microsoft.EntityFrameworkCore.ChangeTracking.Internal.StateManager.SaveChangesAsync(IList`1 entriesToSave, CancellationToken cancellationToken)
   at Microsoft.EntityFrameworkCore.ChangeTracking.Internal.StateManager.SaveChangesAsync(StateManager stateManager, Boolean acceptAllChangesOnSuccess, CancellationToken cancellationToken)
   at Microsoft.EntityFrameworkCore.DbContext.SaveChangesAsync(Boolean acceptAllChangesOnSuccess, CancellationToken cancellationToken)"
Microsoft.EntityFrameworkCore.DbUpdateException: An error occurred while saving the entity changes. See the inner exception for details.
 ---> Microsoft.Data.Sqlite.SqliteException (0x80004005): SQLite Error 19: 'UNIQUE constraint failed: Posts.PostId'.
   at Microsoft.Data.Sqlite.SqliteException.ThrowExceptionForRC(Int32 rc, sqlite3 db)
   at Microsoft.Data.Sqlite.SqliteDataReader.NextResult()
   at Microsoft.Data.Sqlite.SqliteCommand.ExecuteReader(CommandBehavior behavior)
   at Microsoft.Data.Sqlite.SqliteCommand.ExecuteReaderAsync(CommandBehavior behavior, CancellationToken cancellationToken)
   at Microsoft.Data.Sqlite.SqliteCommand.ExecuteDbDataReaderAsync(CommandBehavior behavior, CancellationToken cancellationToken)
   at Microsoft.EntityFrameworkCore.Storage.RelationalCommand.ExecuteReaderAsync(RelationalCommandParameterObject parameterObject, CancellationToken cancellationToken)
   at Microsoft.EntityFrameworkCore.Storage.RelationalCommand.ExecuteReaderAsync(RelationalCommandParameterObject parameterObject, CancellationToken cancellationToken)
   at Microsoft.EntityFrameworkCore.Update.ReaderModificationCommandBatch.ExecuteAsync(IRelationalConnection connection, CancellationToken cancellationToken)
   --- End of inner exception stack trace ---
   at Microsoft.EntityFrameworkCore.Update.ReaderModificationCommandBatch.ExecuteAsync(IRelationalConnection connection, CancellationToken cancellationToken)
   at Microsoft.EntityFrameworkCore.Update.Internal.BatchExecutor.ExecuteAsync(IEnumerable`1 commandBatches, IRelationalConnection connection, CancellationToken cancellationToken)
   at Microsoft.EntityFrameworkCore.Update.Internal.BatchExecutor.ExecuteAsync(IEnumerable`1 commandBatches, IRelationalConnection connection, CancellationToken cancellationToken)
   at Microsoft.EntityFrameworkCore.Update.Internal.BatchExecutor.ExecuteAsync(IEnumerable`1 commandBatches, IRelationalConnection connection, CancellationToken cancellationToken)
   at Microsoft.EntityFrameworkCore.ChangeTracking.Internal.StateManager.SaveChangesAsync(IList`1 entriesToSave, CancellationToken cancellationToken)
   at Microsoft.EntityFrameworkCore.ChangeTracking.Internal.StateManager.SaveChangesAsync(StateManager stateManager, Boolean acceptAllChangesOnSuccess, CancellationToken cancellationToken)
   at Microsoft.EntityFrameworkCore.DbContext.SaveChangesAsync(Boolean acceptAllChangesOnSuccess, CancellationToken cancellationToken)
2023-10-24 15:33:03.703 +02:00 [Error] [CommentRepository] comment creation failed for CommentID Comment { CommentId: 0, PostId: 8, UserId: "44a5ba76-ac96-4d49-8c1e-82a7d708ea03", CommentDescription: "United er mye", Post: Post { PostId: 8, TopicId: 1, UserId: "44a5ba76-ac96-4d49-8c1e-82a7d708ea03", PostTitle: "United er bedre", PostTime: 10/24/2023 15:33:03, Topic: null, Comments: [Comment { CommentId: 0, PostId: 8, UserId: "44a5ba76-ac96-4d49-8c1e-82a7d708ea03", CommentDescription: "United er mye", Post: Post { PostId: 8, TopicId: 1, UserId: "44a5ba76-ac96-4d49-8c1e-82a7d708ea03", PostTitle: "United er bedre", PostTime: 10/24/2023 15:33:03, Topic: null, Comments: [Comment { CommentId: 0, PostId: 8, UserId: "44a5ba76-ac96-4d49-8c1e-82a7d708ea03", CommentDescription: "United er mye", Post: Post { PostId: 8, TopicId: 1, UserId: "44a5ba76-ac96-4d49-8c1e-82a7d708ea03", PostTitle: "United er bedre", PostTime: 10/24/2023 15:33:03, Topic: null, Comments: [Comment { CommentId: null, PostId: null, UserId: null, CommentDescription: null, Post: null }] } }] } }] } }, error message: "An error occurred while saving the entity changes. See the inner exception for details."
2023-10-24 15:33:03.703 +02:00 [Error] We're here
2023-10-24 15:33:03.704 +02:00 [Information] Executing RedirectResult, redirecting to "/Topic/TopicDetails/1".
2023-10-24 15:33:03.704 +02:00 [Information] Executed action "Forum.Controllers.PostController.CreatePost (Forum)" in 43.8271ms
2023-10-24 15:33:03.704 +02:00 [Information] Executed endpoint '"Forum.Controllers.PostController.CreatePost (Forum)"'
2023-10-24 15:33:03.704 +02:00 [Information] Request finished HTTP/2 POST https://localhost:7205/Post/Createpost?topicId=1 application/x-www-form-urlencoded 361 - 302 0 - 51.3829ms
2023-10-24 15:33:03.707 +02:00 [Information] Request starting HTTP/2 GET https://localhost:7205/Topic/TopicDetails/1 - -
2023-10-24 15:33:03.709 +02:00 [Information] Executing endpoint '"Forum.Controllers.TopicController.TopicDetails (Forum)"'
2023-10-24 15:33:03.709 +02:00 [Information] Route matched with "{action = \"TopicDetails\", controller = \"Topic\", page = \"\", area = \"\"}". Executing controller action with signature "System.Threading.Tasks.Task`1[Microsoft.AspNetCore.Mvc.IActionResult] TopicDetails(Int32)" on controller "Forum.Controllers.TopicController" ("Forum").
2023-10-24 15:33:03.709 +02:00 [Information] Executing ViewResult, running view "TopicDetails".
2023-10-24 15:33:03.712 +02:00 [Information] Executed ViewResult - view "TopicDetails" executed in 2.8014ms.
2023-10-24 15:33:03.712 +02:00 [Information] Executed action "Forum.Controllers.TopicController.TopicDetails (Forum)" in 3.7014ms
2023-10-24 15:33:03.712 +02:00 [Information] Executed endpoint '"Forum.Controllers.TopicController.TopicDetails (Forum)"'
2023-10-24 15:33:03.713 +02:00 [Information] Request finished HTTP/2 GET https://localhost:7205/Topic/TopicDetails/1 - - - 200 - text/html;+charset=utf-8 5.7448ms
2023-10-24 15:33:03.736 +02:00 [Information] Request starting HTTP/2 GET https://localhost:7205/Topic/TopicDetails/style.css - -
2023-10-24 15:33:03.737 +02:00 [Information] Request starting HTTP/2 GET https://localhost:7205/_vs/browserLink - -
2023-10-24 15:33:03.737 +02:00 [Information] Request starting HTTP/2 GET https://localhost:7205/_framework/aspnetcore-browser-refresh.js - -
2023-10-24 15:33:03.737 +02:00 [Information] Request finished HTTP/2 GET https://localhost:7205/_framework/aspnetcore-browser-refresh.js - - - 200 12342 application/javascript;+charset=utf-8 0.1261ms
2023-10-24 15:33:03.737 +02:00 [Information] Executing endpoint '"Forum.Controllers.TopicController.TopicDetails (Forum)"'
2023-10-24 15:33:03.737 +02:00 [Information] Route matched with "{action = \"TopicDetails\", controller = \"Topic\", page = \"\", area = \"\"}". Executing controller action with signature "System.Threading.Tasks.Task`1[Microsoft.AspNetCore.Mvc.IActionResult] TopicDetails(Int32)" on controller "Forum.Controllers.TopicController" ("Forum").
2023-10-24 15:33:03.738 +02:00 [Information] Request finished HTTP/2 GET https://localhost:7205/_vs/browserLink - - - 200 - text/javascript;+charset=UTF-8 1.7366ms
2023-10-24 15:33:03.739 +02:00 [Error] [TopicController] Topic not found for the TopicId 0000
2023-10-24 15:33:03.739 +02:00 [Information] Executing "NotFoundObjectResult", writing value of type '"System.String"'.
2023-10-24 15:33:03.739 +02:00 [Information] Executed action "Forum.Controllers.TopicController.TopicDetails (Forum)" in 1.571ms
2023-10-24 15:33:03.739 +02:00 [Information] Executed endpoint '"Forum.Controllers.TopicController.TopicDetails (Forum)"'
2023-10-24 15:33:03.739 +02:00 [Information] Request finished HTTP/2 GET https://localhost:7205/Topic/TopicDetails/style.css - - - 404 - text/plain;+charset=utf-8 3.2838ms
2023-10-24 15:33:06.496 +02:00 [Information] Request starting HTTP/2 GET https://localhost:7205/Room/RoomTable - -
2023-10-24 15:33:06.497 +02:00 [Information] Executing endpoint '"Forum.Controllers.RoomController.RoomTable (Forum)"'
2023-10-24 15:33:06.497 +02:00 [Information] Route matched with "{action = \"RoomTable\", controller = \"Room\", page = \"\", area = \"\"}". Executing controller action with signature "System.Threading.Tasks.Task`1[Microsoft.AspNetCore.Mvc.IActionResult] RoomTable()" on controller "Forum.Controllers.RoomController" ("Forum").
2023-10-24 15:33:06.498 +02:00 [Information] Executing ViewResult, running view "RoomTable".
2023-10-24 15:33:06.500 +02:00 [Information] Executed ViewResult - view "RoomTable" executed in 1.8127ms.
2023-10-24 15:33:06.500 +02:00 [Information] Executed action "Forum.Controllers.RoomController.RoomTable (Forum)" in 2.3683ms
2023-10-24 15:33:06.500 +02:00 [Information] Executed endpoint '"Forum.Controllers.RoomController.RoomTable (Forum)"'
2023-10-24 15:33:06.501 +02:00 [Information] Request finished HTTP/2 GET https://localhost:7205/Room/RoomTable - - - 200 - text/html;+charset=utf-8 4.9471ms
2023-10-24 15:33:06.518 +02:00 [Information] Request starting HTTP/2 GET https://localhost:7205/Room/style.css - -
2023-10-24 15:33:06.519 +02:00 [Information] Request starting HTTP/2 GET https://localhost:7205/_vs/browserLink - -
2023-10-24 15:33:06.519 +02:00 [Information] Request starting HTTP/2 GET https://localhost:7205/_framework/aspnetcore-browser-refresh.js - -
2023-10-24 15:33:06.519 +02:00 [Information] Request finished HTTP/2 GET https://localhost:7205/Room/style.css - - - 404 0 - 1.5990ms
2023-10-24 15:33:06.519 +02:00 [Information] Request finished HTTP/2 GET https://localhost:7205/_framework/aspnetcore-browser-refresh.js - - - 200 12342 application/javascript;+charset=utf-8 0.1435ms
2023-10-24 15:33:06.520 +02:00 [Information] Request finished HTTP/2 GET https://localhost:7205/_vs/browserLink - - - 200 - text/javascript;+charset=UTF-8 1.6777ms
2023-10-24 15:33:07.925 +02:00 [Information] Request starting HTTP/2 GET https://localhost:7205/Topic/TopicTable - -
2023-10-24 15:33:07.926 +02:00 [Information] Executing endpoint '"Forum.Controllers.TopicController.TopicTable (Forum)"'
2023-10-24 15:33:07.926 +02:00 [Information] Route matched with "{action = \"TopicTable\", controller = \"Topic\", page = \"\", area = \"\"}". Executing controller action with signature "System.Threading.Tasks.Task`1[Microsoft.AspNetCore.Mvc.IActionResult] TopicTable()" on controller "Forum.Controllers.TopicController" ("Forum").
2023-10-24 15:33:07.927 +02:00 [Information] Executing ViewResult, running view "TopicTable".
2023-10-24 15:33:07.929 +02:00 [Information] Executed ViewResult - view "TopicTable" executed in 2.1883ms.
2023-10-24 15:33:07.929 +02:00 [Information] Executed action "Forum.Controllers.TopicController.TopicTable (Forum)" in 2.5663ms
2023-10-24 15:33:07.929 +02:00 [Information] Executed endpoint '"Forum.Controllers.TopicController.TopicTable (Forum)"'
2023-10-24 15:33:07.930 +02:00 [Information] Request finished HTTP/2 GET https://localhost:7205/Topic/TopicTable - - - 200 - text/html;+charset=utf-8 4.9023ms
2023-10-24 15:33:07.945 +02:00 [Information] Request starting HTTP/2 GET https://localhost:7205/Topic/style.css - -
2023-10-24 15:33:07.945 +02:00 [Information] Request starting HTTP/2 GET https://localhost:7205/_framework/aspnetcore-browser-refresh.js - -
2023-10-24 15:33:07.945 +02:00 [Information] Request starting HTTP/2 GET https://localhost:7205/_vs/browserLink - -
2023-10-24 15:33:07.945 +02:00 [Information] Request finished HTTP/2 GET https://localhost:7205/_framework/aspnetcore-browser-refresh.js - - - 200 12342 application/javascript;+charset=utf-8 0.1530ms
2023-10-24 15:33:07.946 +02:00 [Information] Request finished HTTP/2 GET https://localhost:7205/Topic/style.css - - - 404 0 - 1.6359ms
2023-10-24 15:33:07.947 +02:00 [Information] Request finished HTTP/2 GET https://localhost:7205/_vs/browserLink - - - 200 - text/javascript;+charset=UTF-8 1.6148ms
2023-10-24 15:33:10.750 +02:00 [Information] Request starting HTTP/2 GET https://localhost:7205/Search/Search?search=united - -
2023-10-24 15:33:10.752 +02:00 [Information] Executing endpoint '"Forum.Controllers.SearchController.Search (Forum)"'
2023-10-24 15:33:10.752 +02:00 [Information] Route matched with "{action = \"Search\", controller = \"Search\", page = \"\", area = \"\"}". Executing controller action with signature "Microsoft.AspNetCore.Mvc.IActionResult Search(System.String)" on controller "Forum.Controllers.SearchController" ("Forum").
2023-10-24 15:33:10.753 +02:00 [Information] Executing ViewResult, running view "Search".
2023-10-24 15:33:10.756 +02:00 [Information] Executed ViewResult - view "Search" executed in 2.3322ms.
2023-10-24 15:33:10.756 +02:00 [Information] Executed action "Forum.Controllers.SearchController.Search (Forum)" in 4.0735ms
2023-10-24 15:33:10.756 +02:00 [Information] Executed endpoint '"Forum.Controllers.SearchController.Search (Forum)"'
2023-10-24 15:33:10.757 +02:00 [Information] Request finished HTTP/2 GET https://localhost:7205/Search/Search?search=united - - - 200 - text/html;+charset=utf-8 6.2832ms
2023-10-24 15:33:10.792 +02:00 [Information] Request starting HTTP/2 GET https://localhost:7205/Search/style.css - -
2023-10-24 15:33:10.792 +02:00 [Information] Request starting HTTP/2 GET https://localhost:7205/_vs/browserLink - -
2023-10-24 15:33:10.792 +02:00 [Information] Request starting HTTP/2 GET https://localhost:7205/_framework/aspnetcore-browser-refresh.js - -
2023-10-24 15:33:10.792 +02:00 [Information] Request finished HTTP/2 GET https://localhost:7205/_framework/aspnetcore-browser-refresh.js - - - 200 12342 application/javascript;+charset=utf-8 0.1327ms
2023-10-24 15:33:10.793 +02:00 [Information] Request finished HTTP/2 GET https://localhost:7205/Search/style.css - - - 404 0 - 1.3551ms
2023-10-24 15:33:10.794 +02:00 [Information] Request finished HTTP/2 GET https://localhost:7205/_vs/browserLink - - - 200 - text/javascript;+charset=UTF-8 1.6375ms
2023-10-24 15:33:19.833 +02:00 [Information] Request starting HTTP/2 GET https://localhost:7205/ - -
2023-10-24 15:33:19.835 +02:00 [Information] Executing endpoint '"Forum.Controllers.HomeController.Index (Forum)"'
2023-10-24 15:33:19.835 +02:00 [Information] Route matched with "{action = \"Index\", controller = \"Home\", page = \"\", area = \"\"}". Executing controller action with signature "Microsoft.AspNetCore.Mvc.IActionResult Index()" on controller "Forum.Controllers.HomeController" ("Forum").
2023-10-24 15:33:19.835 +02:00 [Information] Executing ViewResult, running view "Index".
2023-10-24 15:33:19.838 +02:00 [Information] Executed ViewResult - view "Index" executed in 2.9481ms.
2023-10-24 15:33:19.838 +02:00 [Information] Executed action "Forum.Controllers.HomeController.Index (Forum)" in 3.1547ms
2023-10-24 15:33:19.838 +02:00 [Information] Executed endpoint '"Forum.Controllers.HomeController.Index (Forum)"'
2023-10-24 15:33:19.839 +02:00 [Information] Request finished HTTP/2 GET https://localhost:7205/ - - - 200 - text/html;+charset=utf-8 5.8982ms
2023-10-24 15:33:19.865 +02:00 [Information] Request starting HTTP/2 GET https://localhost:7205/style.css - -
2023-10-24 15:33:19.867 +02:00 [Information] Request finished HTTP/2 GET https://localhost:7205/style.css - - - 404 0 - 2.3060ms
2023-10-24 15:33:19.869 +02:00 [Information] Request starting HTTP/2 GET https://localhost:7205/_framework/aspnetcore-browser-refresh.js - -
2023-10-24 15:33:19.869 +02:00 [Information] Request finished HTTP/2 GET https://localhost:7205/_framework/aspnetcore-browser-refresh.js - - - 200 12342 application/javascript;+charset=utf-8 0.1673ms
2023-10-24 15:33:19.870 +02:00 [Information] Request starting HTTP/2 GET https://localhost:7205/_vs/browserLink - -
2023-10-24 15:33:19.873 +02:00 [Information] Request finished HTTP/2 GET https://localhost:7205/_vs/browserLink - - - 200 - text/javascript;+charset=UTF-8 2.2919ms
2023-10-24 15:33:28.979 +02:00 [Information] Request starting HTTP/2 GET https://localhost:7205/Topic/TopicDetails/1 - -
2023-10-24 15:33:28.981 +02:00 [Information] Executing endpoint '"Forum.Controllers.TopicController.TopicDetails (Forum)"'
2023-10-24 15:33:28.981 +02:00 [Information] Route matched with "{action = \"TopicDetails\", controller = \"Topic\", page = \"\", area = \"\"}". Executing controller action with signature "System.Threading.Tasks.Task`1[Microsoft.AspNetCore.Mvc.IActionResult] TopicDetails(Int32)" on controller "Forum.Controllers.TopicController" ("Forum").
2023-10-24 15:33:28.982 +02:00 [Information] Executing ViewResult, running view "TopicDetails".
2023-10-24 15:33:28.985 +02:00 [Information] Executed ViewResult - view "TopicDetails" executed in 3.3296ms.
2023-10-24 15:33:28.985 +02:00 [Information] Executed action "Forum.Controllers.TopicController.TopicDetails (Forum)" in 4.2126ms
2023-10-24 15:33:28.986 +02:00 [Information] Executed endpoint '"Forum.Controllers.TopicController.TopicDetails (Forum)"'
2023-10-24 15:33:28.986 +02:00 [Information] Request finished HTTP/2 GET https://localhost:7205/Topic/TopicDetails/1 - - - 200 - text/html;+charset=utf-8 6.8932ms
2023-10-24 15:33:29.025 +02:00 [Information] Request starting HTTP/2 GET https://localhost:7205/Topic/TopicDetails/style.css - -
2023-10-24 15:33:29.025 +02:00 [Information] Request starting HTTP/2 GET https://localhost:7205/_vs/browserLink - -
2023-10-24 15:33:29.026 +02:00 [Information] Request starting HTTP/2 GET https://localhost:7205/_framework/aspnetcore-browser-refresh.js - -
2023-10-24 15:33:29.026 +02:00 [Information] Request finished HTTP/2 GET https://localhost:7205/_framework/aspnetcore-browser-refresh.js - - - 200 12342 application/javascript;+charset=utf-8 0.1195ms
2023-10-24 15:33:29.026 +02:00 [Information] Executing endpoint '"Forum.Controllers.TopicController.TopicDetails (Forum)"'
2023-10-24 15:33:29.026 +02:00 [Information] Route matched with "{action = \"TopicDetails\", controller = \"Topic\", page = \"\", area = \"\"}". Executing controller action with signature "System.Threading.Tasks.Task`1[Microsoft.AspNetCore.Mvc.IActionResult] TopicDetails(Int32)" on controller "Forum.Controllers.TopicController" ("Forum").
2023-10-24 15:33:29.027 +02:00 [Information] Request finished HTTP/2 GET https://localhost:7205/_vs/browserLink - - - 200 - text/javascript;+charset=UTF-8 1.8758ms
2023-10-24 15:33:29.027 +02:00 [Error] [TopicController] Topic not found for the TopicId 0000
2023-10-24 15:33:29.027 +02:00 [Information] Executing "NotFoundObjectResult", writing value of type '"System.String"'.
2023-10-24 15:33:29.028 +02:00 [Information] Executed action "Forum.Controllers.TopicController.TopicDetails (Forum)" in 1.4893ms
2023-10-24 15:33:29.028 +02:00 [Information] Executed endpoint '"Forum.Controllers.TopicController.TopicDetails (Forum)"'
2023-10-24 15:33:29.028 +02:00 [Information] Request finished HTTP/2 GET https://localhost:7205/Topic/TopicDetails/style.css - - - 404 - text/plain;+charset=utf-8 3.1159ms
2023-10-24 15:33:32.170 +02:00 [Information] Request starting HTTP/2 GET https://localhost:7205/ - -
2023-10-24 15:33:32.171 +02:00 [Information] Executing endpoint '"Forum.Controllers.HomeController.Index (Forum)"'
2023-10-24 15:33:32.171 +02:00 [Information] Route matched with "{action = \"Index\", controller = \"Home\", page = \"\", area = \"\"}". Executing controller action with signature "Microsoft.AspNetCore.Mvc.IActionResult Index()" on controller "Forum.Controllers.HomeController" ("Forum").
2023-10-24 15:33:32.172 +02:00 [Information] Executing ViewResult, running view "Index".
2023-10-24 15:33:32.173 +02:00 [Information] Executed ViewResult - view "Index" executed in 1.7414ms.
2023-10-24 15:33:32.173 +02:00 [Information] Executed action "Forum.Controllers.HomeController.Index (Forum)" in 1.8431ms
2023-10-24 15:33:32.173 +02:00 [Information] Executed endpoint '"Forum.Controllers.HomeController.Index (Forum)"'
2023-10-24 15:33:32.175 +02:00 [Information] Request finished HTTP/2 GET https://localhost:7205/ - - - 200 - text/html;+charset=utf-8 4.3619ms
2023-10-24 15:33:32.196 +02:00 [Information] Request starting HTTP/2 GET https://localhost:7205/_framework/aspnetcore-browser-refresh.js - -
2023-10-24 15:33:32.197 +02:00 [Information] Request finished HTTP/2 GET https://localhost:7205/_framework/aspnetcore-browser-refresh.js - - - 200 12342 application/javascript;+charset=utf-8 0.1602ms
2023-10-24 15:33:33.173 +02:00 [Information] Request starting HTTP/2 GET https://localhost:7205/Post/PostDetails/1 - -
2023-10-24 15:33:33.174 +02:00 [Information] Executing endpoint '"Forum.Controllers.PostController.PostDetails (Forum)"'
2023-10-24 15:33:33.176 +02:00 [Information] Route matched with "{action = \"PostDetails\", controller = \"Post\", page = \"\", area = \"\"}". Executing controller action with signature "System.Threading.Tasks.Task`1[Microsoft.AspNetCore.Mvc.IActionResult] PostDetails(Int32)" on controller "Forum.Controllers.PostController" ("Forum").
2023-10-24 15:33:33.182 +02:00 [Information] Executing ViewResult, running view "PostDetails".
2023-10-24 15:33:33.190 +02:00 [Information] Executed ViewResult - view "PostDetails" executed in 8.4261ms.
2023-10-24 15:33:33.190 +02:00 [Information] Executed action "Forum.Controllers.PostController.PostDetails (Forum)" in 13.8689ms
2023-10-24 15:33:33.190 +02:00 [Information] Executed endpoint '"Forum.Controllers.PostController.PostDetails (Forum)"'
2023-10-24 15:33:33.191 +02:00 [Information] Request finished HTTP/2 GET https://localhost:7205/Post/PostDetails/1 - - - 200 - text/html;+charset=utf-8 18.0600ms
2023-10-24 15:33:33.207 +02:00 [Information] Request starting HTTP/2 GET https://localhost:7205/Post/PostDetails/style.css - -
2023-10-24 15:33:33.208 +02:00 [Information] Request starting HTTP/2 GET https://localhost:7205/_vs/browserLink - -
2023-10-24 15:33:33.208 +02:00 [Information] Request starting HTTP/2 GET https://localhost:7205/_framework/aspnetcore-browser-refresh.js - -
2023-10-24 15:33:33.208 +02:00 [Information] Executing endpoint '"Forum.Controllers.PostController.PostDetails (Forum)"'
2023-10-24 15:33:33.208 +02:00 [Information] Request finished HTTP/2 GET https://localhost:7205/_framework/aspnetcore-browser-refresh.js - - - 200 12342 application/javascript;+charset=utf-8 0.0960ms
2023-10-24 15:33:33.208 +02:00 [Information] Route matched with "{action = \"PostDetails\", controller = \"Post\", page = \"\", area = \"\"}". Executing controller action with signature "System.Threading.Tasks.Task`1[Microsoft.AspNetCore.Mvc.IActionResult] PostDetails(Int32)" on controller "Forum.Controllers.PostController" ("Forum").
2023-10-24 15:33:33.209 +02:00 [Information] Request finished HTTP/2 GET https://localhost:7205/_vs/browserLink - - - 200 - text/javascript;+charset=UTF-8 1.6140ms
2023-10-24 15:33:33.209 +02:00 [Error] [PostController] post not found for the TopicId 0000
2023-10-24 15:33:33.209 +02:00 [Information] Executing "NotFoundObjectResult", writing value of type '"System.String"'.
2023-10-24 15:33:33.209 +02:00 [Information] Executed action "Forum.Controllers.PostController.PostDetails (Forum)" in 1.2695ms
2023-10-24 15:33:33.209 +02:00 [Information] Executed endpoint '"Forum.Controllers.PostController.PostDetails (Forum)"'
2023-10-24 15:33:33.209 +02:00 [Information] Request finished HTTP/2 GET https://localhost:7205/Post/PostDetails/style.css - - - 404 - text/plain;+charset=utf-8 2.5615ms
2023-10-24 15:33:35.319 +02:00 [Information] Request starting HTTP/2 GET https://localhost:7205/ - -
2023-10-24 15:33:35.321 +02:00 [Information] Executing endpoint '"Forum.Controllers.HomeController.Index (Forum)"'
2023-10-24 15:33:35.321 +02:00 [Information] Route matched with "{action = \"Index\", controller = \"Home\", page = \"\", area = \"\"}". Executing controller action with signature "Microsoft.AspNetCore.Mvc.IActionResult Index()" on controller "Forum.Controllers.HomeController" ("Forum").
2023-10-24 15:33:35.321 +02:00 [Information] Executing ViewResult, running view "Index".
2023-10-24 15:33:35.322 +02:00 [Information] Executed ViewResult - view "Index" executed in 1.6478ms.
2023-10-24 15:33:35.322 +02:00 [Information] Executed action "Forum.Controllers.HomeController.Index (Forum)" in 1.7385ms
2023-10-24 15:33:35.322 +02:00 [Information] Executed endpoint '"Forum.Controllers.HomeController.Index (Forum)"'
2023-10-24 15:33:35.323 +02:00 [Information] Request finished HTTP/2 GET https://localhost:7205/ - - - 200 - text/html;+charset=utf-8 4.1659ms
2023-10-24 15:33:35.348 +02:00 [Information] Request starting HTTP/2 GET https://localhost:7205/_framework/aspnetcore-browser-refresh.js - -
2023-10-24 15:33:35.349 +02:00 [Information] Request finished HTTP/2 GET https://localhost:7205/_framework/aspnetcore-browser-refresh.js - - - 200 12342 application/javascript;+charset=utf-8 0.1722ms
2023-10-24 15:33:36.441 +02:00 [Information] Request starting HTTP/2 GET https://localhost:7205/Search/Search?search=united - -
2023-10-24 15:33:36.442 +02:00 [Information] Executing endpoint '"Forum.Controllers.SearchController.Search (Forum)"'
2023-10-24 15:33:36.442 +02:00 [Information] Route matched with "{action = \"Search\", controller = \"Search\", page = \"\", area = \"\"}". Executing controller action with signature "Microsoft.AspNetCore.Mvc.IActionResult Search(System.String)" on controller "Forum.Controllers.SearchController" ("Forum").
2023-10-24 15:33:36.444 +02:00 [Information] Executing ViewResult, running view "Search".
2023-10-24 15:33:36.446 +02:00 [Information] Executed ViewResult - view "Search" executed in 1.9814ms.
2023-10-24 15:33:36.446 +02:00 [Information] Executed action "Forum.Controllers.SearchController.Search (Forum)" in 3.421ms
2023-10-24 15:33:36.446 +02:00 [Information] Executed endpoint '"Forum.Controllers.SearchController.Search (Forum)"'
2023-10-24 15:33:36.446 +02:00 [Information] Request finished HTTP/2 GET https://localhost:7205/Search/Search?search=united - - - 200 - text/html;+charset=utf-8 5.6883ms
2023-10-24 15:33:36.463 +02:00 [Information] Request starting HTTP/2 GET https://localhost:7205/_framework/aspnetcore-browser-refresh.js - -
2023-10-24 15:33:36.463 +02:00 [Information] Request finished HTTP/2 GET https://localhost:7205/_framework/aspnetcore-browser-refresh.js - - - 200 12342 application/javascript;+charset=utf-8 0.1832ms
2023-10-24 15:33:38.386 +02:00 [Information] Request starting HTTP/2 GET https://localhost:7205/Post/PostDetails/8 - -
2023-10-24 15:33:38.387 +02:00 [Information] Executing endpoint '"Forum.Controllers.PostController.PostDetails (Forum)"'
2023-10-24 15:33:38.387 +02:00 [Information] Route matched with "{action = \"PostDetails\", controller = \"Post\", page = \"\", area = \"\"}". Executing controller action with signature "System.Threading.Tasks.Task`1[Microsoft.AspNetCore.Mvc.IActionResult] PostDetails(Int32)" on controller "Forum.Controllers.PostController" ("Forum").
2023-10-24 15:33:38.388 +02:00 [Information] Executing ViewResult, running view "PostDetails".
2023-10-24 15:33:38.390 +02:00 [Information] Executed ViewResult - view "PostDetails" executed in 2.103ms.
2023-10-24 15:33:38.390 +02:00 [Information] Executed action "Forum.Controllers.PostController.PostDetails (Forum)" in 3.0353ms
2023-10-24 15:33:38.390 +02:00 [Information] Executed endpoint '"Forum.Controllers.PostController.PostDetails (Forum)"'
2023-10-24 15:33:38.391 +02:00 [Information] Request finished HTTP/2 GET https://localhost:7205/Post/PostDetails/8 - - - 200 - text/html;+charset=utf-8 5.0814ms
2023-10-24 15:33:38.412 +02:00 [Information] Request starting HTTP/2 GET https://localhost:7205/Post/PostDetails/style.css - -
2023-10-24 15:33:38.412 +02:00 [Information] Request starting HTTP/2 GET https://localhost:7205/_framework/aspnetcore-browser-refresh.js - -
2023-10-24 15:33:38.413 +02:00 [Information] Request finished HTTP/2 GET https://localhost:7205/_framework/aspnetcore-browser-refresh.js - - - 200 12342 application/javascript;+charset=utf-8 0.1294ms
2023-10-24 15:33:38.413 +02:00 [Information] Executing endpoint '"Forum.Controllers.PostController.PostDetails (Forum)"'
2023-10-24 15:33:38.414 +02:00 [Information] Route matched with "{action = \"PostDetails\", controller = \"Post\", page = \"\", area = \"\"}". Executing controller action with signature "System.Threading.Tasks.Task`1[Microsoft.AspNetCore.Mvc.IActionResult] PostDetails(Int32)" on controller "Forum.Controllers.PostController" ("Forum").
2023-10-24 15:33:38.415 +02:00 [Error] [PostController] post not found for the TopicId 0000
2023-10-24 15:33:38.415 +02:00 [Information] Executing "NotFoundObjectResult", writing value of type '"System.String"'.
2023-10-24 15:33:38.415 +02:00 [Information] Executed action "Forum.Controllers.PostController.PostDetails (Forum)" in 1.2047ms
2023-10-24 15:33:38.415 +02:00 [Information] Executed endpoint '"Forum.Controllers.PostController.PostDetails (Forum)"'
2023-10-24 15:33:38.415 +02:00 [Information] Request finished HTTP/2 GET https://localhost:7205/Post/PostDetails/style.css - - - 404 - text/plain;+charset=utf-8 2.8451ms
2023-10-24 15:33:38.418 +02:00 [Information] Request starting HTTP/2 GET https://localhost:7205/_vs/browserLink - -
2023-10-24 15:33:38.420 +02:00 [Information] Request finished HTTP/2 GET https://localhost:7205/_vs/browserLink - - - 200 - text/javascript;+charset=UTF-8 1.4746ms
2023-10-24 15:33:40.026 +02:00 [Information] Request starting HTTP/2 GET https://localhost:7205/ - -
2023-10-24 15:33:40.028 +02:00 [Information] Executing endpoint '"Forum.Controllers.HomeController.Index (Forum)"'
2023-10-24 15:33:40.028 +02:00 [Information] Route matched with "{action = \"Index\", controller = \"Home\", page = \"\", area = \"\"}". Executing controller action with signature "Microsoft.AspNetCore.Mvc.IActionResult Index()" on controller "Forum.Controllers.HomeController" ("Forum").
2023-10-24 15:33:40.028 +02:00 [Information] Executing ViewResult, running view "Index".
2023-10-24 15:33:40.030 +02:00 [Information] Executed ViewResult - view "Index" executed in 1.8125ms.
2023-10-24 15:33:40.030 +02:00 [Information] Executed action "Forum.Controllers.HomeController.Index (Forum)" in 1.9065ms
2023-10-24 15:33:40.030 +02:00 [Information] Executed endpoint '"Forum.Controllers.HomeController.Index (Forum)"'
2023-10-24 15:33:40.031 +02:00 [Information] Request finished HTTP/2 GET https://localhost:7205/ - - - 200 - text/html;+charset=utf-8 5.1630ms
2023-10-24 15:33:40.049 +02:00 [Information] Request starting HTTP/2 GET https://localhost:7205/style.css - -
2023-10-24 15:33:40.050 +02:00 [Information] Request finished HTTP/2 GET https://localhost:7205/style.css - - - 404 0 - 1.4637ms
2023-10-24 15:33:40.056 +02:00 [Information] Request starting HTTP/2 GET https://localhost:7205/_framework/aspnetcore-browser-refresh.js - -
2023-10-24 15:33:40.056 +02:00 [Information] Request finished HTTP/2 GET https://localhost:7205/_framework/aspnetcore-browser-refresh.js - - - 200 12342 application/javascript;+charset=utf-8 0.1988ms
2023-10-24 15:33:40.056 +02:00 [Information] Request starting HTTP/2 GET https://localhost:7205/_vs/browserLink - -
2023-10-24 15:33:40.058 +02:00 [Information] Request finished HTTP/2 GET https://localhost:7205/_vs/browserLink - - - 200 - text/javascript;+charset=UTF-8 1.9928ms
2023-10-24 15:33:48.457 +02:00 [Information] Request starting HTTP/2 GET https://localhost:7205/ - -
2023-10-24 15:33:48.459 +02:00 [Information] Executing endpoint '"Forum.Controllers.HomeController.Index (Forum)"'
2023-10-24 15:33:48.459 +02:00 [Information] Route matched with "{action = \"Index\", controller = \"Home\", page = \"\", area = \"\"}". Executing controller action with signature "Microsoft.AspNetCore.Mvc.IActionResult Index()" on controller "Forum.Controllers.HomeController" ("Forum").
2023-10-24 15:33:48.459 +02:00 [Information] Executing ViewResult, running view "Index".
2023-10-24 15:33:48.461 +02:00 [Information] Executed ViewResult - view "Index" executed in 1.7702ms.
2023-10-24 15:33:48.461 +02:00 [Information] Executed action "Forum.Controllers.HomeController.Index (Forum)" in 1.8654ms
2023-10-24 15:33:48.461 +02:00 [Information] Executed endpoint '"Forum.Controllers.HomeController.Index (Forum)"'
2023-10-24 15:33:48.462 +02:00 [Information] Request finished HTTP/2 GET https://localhost:7205/ - - - 200 - text/html;+charset=utf-8 4.6811ms
2023-10-24 15:33:48.483 +02:00 [Information] Request starting HTTP/2 GET https://localhost:7205/style.css - -
2023-10-24 15:33:48.483 +02:00 [Information] Request starting HTTP/2 GET https://localhost:7205/_vs/browserLink - -
2023-10-24 15:33:48.484 +02:00 [Information] Request starting HTTP/2 GET https://localhost:7205/_framework/aspnetcore-browser-refresh.js - -
2023-10-24 15:33:48.485 +02:00 [Information] Request finished HTTP/2 GET https://localhost:7205/_framework/aspnetcore-browser-refresh.js - - - 200 12342 application/javascript;+charset=utf-8 0.1282ms
2023-10-24 15:33:48.485 +02:00 [Information] Request finished HTTP/2 GET https://localhost:7205/style.css - - - 404 0 - 1.7628ms
2023-10-24 15:33:48.485 +02:00 [Information] Request finished HTTP/2 GET https://localhost:7205/_vs/browserLink - - - 200 - text/javascript;+charset=UTF-8 1.7698ms
2023-10-24 15:33:53.607 +02:00 [Information] Request starting HTTP/2 GET https://localhost:7205/Topic/TopicTable - -
2023-10-24 15:33:53.608 +02:00 [Information] Executing endpoint '"Forum.Controllers.TopicController.TopicTable (Forum)"'
2023-10-24 15:33:53.608 +02:00 [Information] Route matched with "{action = \"TopicTable\", controller = \"Topic\", page = \"\", area = \"\"}". Executing controller action with signature "System.Threading.Tasks.Task`1[Microsoft.AspNetCore.Mvc.IActionResult] TopicTable()" on controller "Forum.Controllers.TopicController" ("Forum").
2023-10-24 15:33:53.608 +02:00 [Information] Executing ViewResult, running view "TopicTable".
2023-10-24 15:33:53.610 +02:00 [Information] Executed ViewResult - view "TopicTable" executed in 1.6136ms.
2023-10-24 15:33:53.610 +02:00 [Information] Executed action "Forum.Controllers.TopicController.TopicTable (Forum)" in 2.0105ms
2023-10-24 15:33:53.610 +02:00 [Information] Executed endpoint '"Forum.Controllers.TopicController.TopicTable (Forum)"'
2023-10-24 15:33:53.611 +02:00 [Information] Request finished HTTP/2 GET https://localhost:7205/Topic/TopicTable - - - 200 - text/html;+charset=utf-8 4.0693ms
2023-10-24 15:33:53.628 +02:00 [Information] Request starting HTTP/2 GET https://localhost:7205/Topic/style.css - -
2023-10-24 15:33:53.629 +02:00 [Information] Request starting HTTP/2 GET https://localhost:7205/_framework/aspnetcore-browser-refresh.js - -
2023-10-24 15:33:53.629 +02:00 [Information] Request starting HTTP/2 GET https://localhost:7205/_vs/browserLink - -
2023-10-24 15:33:53.629 +02:00 [Information] Request finished HTTP/2 GET https://localhost:7205/Topic/style.css - - - 404 0 - 1.1989ms
2023-10-24 15:33:53.629 +02:00 [Information] Request finished HTTP/2 GET https://localhost:7205/_framework/aspnetcore-browser-refresh.js - - - 200 12342 application/javascript;+charset=utf-8 0.1205ms
2023-10-24 15:33:53.631 +02:00 [Information] Request finished HTTP/2 GET https://localhost:7205/_vs/browserLink - - - 200 - text/javascript;+charset=UTF-8 1.6612ms
2023-10-24 15:33:54.852 +02:00 [Information] Request starting HTTP/2 GET https://localhost:7205/Topic/TopicDetails/1 - -
2023-10-24 15:33:54.853 +02:00 [Information] Executing endpoint '"Forum.Controllers.TopicController.TopicDetails (Forum)"'
2023-10-24 15:33:54.853 +02:00 [Information] Route matched with "{action = \"TopicDetails\", controller = \"Topic\", page = \"\", area = \"\"}". Executing controller action with signature "System.Threading.Tasks.Task`1[Microsoft.AspNetCore.Mvc.IActionResult] TopicDetails(Int32)" on controller "Forum.Controllers.TopicController" ("Forum").
2023-10-24 15:33:54.854 +02:00 [Information] Executing ViewResult, running view "TopicDetails".
2023-10-24 15:33:54.856 +02:00 [Information] Executed ViewResult - view "TopicDetails" executed in 2.3919ms.
2023-10-24 15:33:54.856 +02:00 [Information] Executed action "Forum.Controllers.TopicController.TopicDetails (Forum)" in 3.2291ms
2023-10-24 15:33:54.856 +02:00 [Information] Executed endpoint '"Forum.Controllers.TopicController.TopicDetails (Forum)"'
2023-10-24 15:33:54.857 +02:00 [Information] Request finished HTTP/2 GET https://localhost:7205/Topic/TopicDetails/1 - - - 200 - text/html;+charset=utf-8 5.3474ms
2023-10-24 15:33:54.871 +02:00 [Information] Request starting HTTP/2 GET https://localhost:7205/Topic/TopicDetails/style.css - -
2023-10-24 15:33:54.872 +02:00 [Information] Request starting HTTP/2 GET https://localhost:7205/_vs/browserLink - -
2023-10-24 15:33:54.873 +02:00 [Information] Executing endpoint '"Forum.Controllers.TopicController.TopicDetails (Forum)"'
2023-10-24 15:33:54.873 +02:00 [Information] Request starting HTTP/2 GET https://localhost:7205/_framework/aspnetcore-browser-refresh.js - -
2023-10-24 15:33:54.873 +02:00 [Information] Route matched with "{action = \"TopicDetails\", controller = \"Topic\", page = \"\", area = \"\"}". Executing controller action with signature "System.Threading.Tasks.Task`1[Microsoft.AspNetCore.Mvc.IActionResult] TopicDetails(Int32)" on controller "Forum.Controllers.TopicController" ("Forum").
2023-10-24 15:33:54.873 +02:00 [Information] Request finished HTTP/2 GET https://localhost:7205/_framework/aspnetcore-browser-refresh.js - - - 200 12342 application/javascript;+charset=utf-8 0.3821ms
2023-10-24 15:33:54.874 +02:00 [Information] Request finished HTTP/2 GET https://localhost:7205/_vs/browserLink - - - 200 - text/javascript;+charset=UTF-8 2.1357ms
2023-10-24 15:33:54.876 +02:00 [Error] [TopicController] Topic not found for the TopicId 0000
2023-10-24 15:33:54.876 +02:00 [Information] Executing "NotFoundObjectResult", writing value of type '"System.String"'.
2023-10-24 15:33:54.876 +02:00 [Information] Executed action "Forum.Controllers.TopicController.TopicDetails (Forum)" in 2.9573ms
2023-10-24 15:33:54.876 +02:00 [Information] Executed endpoint '"Forum.Controllers.TopicController.TopicDetails (Forum)"'
2023-10-24 15:33:54.876 +02:00 [Information] Request finished HTTP/2 GET https://localhost:7205/Topic/TopicDetails/style.css - - - 404 - text/plain;+charset=utf-8 4.4895ms
2023-10-24 15:33:59.455 +02:00 [Information] Request starting HTTP/2 GET https://localhost:7205/Post/PostDetails/8 - -
2023-10-24 15:33:59.457 +02:00 [Information] Executing endpoint '"Forum.Controllers.PostController.PostDetails (Forum)"'
2023-10-24 15:33:59.457 +02:00 [Information] Route matched with "{action = \"PostDetails\", controller = \"Post\", page = \"\", area = \"\"}". Executing controller action with signature "System.Threading.Tasks.Task`1[Microsoft.AspNetCore.Mvc.IActionResult] PostDetails(Int32)" on controller "Forum.Controllers.PostController" ("Forum").
2023-10-24 15:33:59.458 +02:00 [Information] Executing ViewResult, running view "PostDetails".
2023-10-24 15:33:59.460 +02:00 [Information] Executed ViewResult - view "PostDetails" executed in 2.5799ms.
2023-10-24 15:33:59.460 +02:00 [Information] Executed action "Forum.Controllers.PostController.PostDetails (Forum)" in 3.5078ms
2023-10-24 15:33:59.460 +02:00 [Information] Executed endpoint '"Forum.Controllers.PostController.PostDetails (Forum)"'
2023-10-24 15:33:59.461 +02:00 [Information] Request finished HTTP/2 GET https://localhost:7205/Post/PostDetails/8 - - - 200 - text/html;+charset=utf-8 5.4439ms
2023-10-24 15:33:59.478 +02:00 [Information] Request starting HTTP/2 GET https://localhost:7205/Post/PostDetails/style.css - -
2023-10-24 15:33:59.478 +02:00 [Information] Request starting HTTP/2 GET https://localhost:7205/_vs/browserLink - -
2023-10-24 15:33:59.479 +02:00 [Information] Request starting HTTP/2 GET https://localhost:7205/_framework/aspnetcore-browser-refresh.js - -
2023-10-24 15:33:59.479 +02:00 [Information] Request finished HTTP/2 GET https://localhost:7205/_framework/aspnetcore-browser-refresh.js - - - 200 12342 application/javascript;+charset=utf-8 0.1045ms
2023-10-24 15:33:59.479 +02:00 [Information] Executing endpoint '"Forum.Controllers.PostController.PostDetails (Forum)"'
2023-10-24 15:33:59.479 +02:00 [Information] Route matched with "{action = \"PostDetails\", controller = \"Post\", page = \"\", area = \"\"}". Executing controller action with signature "System.Threading.Tasks.Task`1[Microsoft.AspNetCore.Mvc.IActionResult] PostDetails(Int32)" on controller "Forum.Controllers.PostController" ("Forum").
2023-10-24 15:33:59.480 +02:00 [Information] Request finished HTTP/2 GET https://localhost:7205/_vs/browserLink - - - 200 - text/javascript;+charset=UTF-8 1.6482ms
2023-10-24 15:33:59.480 +02:00 [Error] [PostController] post not found for the TopicId 0000
2023-10-24 15:33:59.480 +02:00 [Information] Executing "NotFoundObjectResult", writing value of type '"System.String"'.
2023-10-24 15:33:59.481 +02:00 [Information] Executed action "Forum.Controllers.PostController.PostDetails (Forum)" in 1.4195ms
2023-10-24 15:33:59.481 +02:00 [Information] Executed endpoint '"Forum.Controllers.PostController.PostDetails (Forum)"'
2023-10-24 15:33:59.481 +02:00 [Information] Request finished HTTP/2 GET https://localhost:7205/Post/PostDetails/style.css - - - 404 - text/plain;+charset=utf-8 3.0220ms
2023-10-24 15:34:02.440 +02:00 [Information] Request starting HTTP/2 GET https://localhost:7205/Search/Search?search=sport - -
2023-10-24 15:34:02.441 +02:00 [Information] Executing endpoint '"Forum.Controllers.SearchController.Search (Forum)"'
2023-10-24 15:34:02.441 +02:00 [Information] Route matched with "{action = \"Search\", controller = \"Search\", page = \"\", area = \"\"}". Executing controller action with signature "Microsoft.AspNetCore.Mvc.IActionResult Search(System.String)" on controller "Forum.Controllers.SearchController" ("Forum").
2023-10-24 15:34:02.443 +02:00 [Information] Executing ViewResult, running view "Search".
2023-10-24 15:34:02.445 +02:00 [Information] Executed ViewResult - view "Search" executed in 1.7217ms.
2023-10-24 15:34:02.445 +02:00 [Information] Executed action "Forum.Controllers.SearchController.Search (Forum)" in 3.3484ms
2023-10-24 15:34:02.445 +02:00 [Information] Executed endpoint '"Forum.Controllers.SearchController.Search (Forum)"'
2023-10-24 15:34:02.445 +02:00 [Information] Request finished HTTP/2 GET https://localhost:7205/Search/Search?search=sport - - - 200 - text/html;+charset=utf-8 5.5907ms
2023-10-24 15:34:02.467 +02:00 [Information] Request starting HTTP/2 GET https://localhost:7205/Search/style.css - -
2023-10-24 15:34:02.467 +02:00 [Information] Request starting HTTP/2 GET https://localhost:7205/_vs/browserLink - -
2023-10-24 15:34:02.467 +02:00 [Information] Request starting HTTP/2 GET https://localhost:7205/_framework/aspnetcore-browser-refresh.js - -
2023-10-24 15:34:02.468 +02:00 [Information] Request finished HTTP/2 GET https://localhost:7205/_framework/aspnetcore-browser-refresh.js - - - 200 12342 application/javascript;+charset=utf-8 0.0947ms
2023-10-24 15:34:02.468 +02:00 [Information] Request finished HTTP/2 GET https://localhost:7205/Search/style.css - - - 404 0 - 1.2669ms
2023-10-24 15:34:02.469 +02:00 [Information] Request finished HTTP/2 GET https://localhost:7205/_vs/browserLink - - - 200 - text/javascript;+charset=UTF-8 1.6370ms
2023-10-24 15:34:04.429 +02:00 [Information] Request starting HTTP/2 GET https://localhost:7205/Search/Search?search=united - -
2023-10-24 15:34:04.430 +02:00 [Information] Executing endpoint '"Forum.Controllers.SearchController.Search (Forum)"'
2023-10-24 15:34:04.430 +02:00 [Information] Route matched with "{action = \"Search\", controller = \"Search\", page = \"\", area = \"\"}". Executing controller action with signature "Microsoft.AspNetCore.Mvc.IActionResult Search(System.String)" on controller "Forum.Controllers.SearchController" ("Forum").
2023-10-24 15:34:04.432 +02:00 [Information] Executing ViewResult, running view "Search".
2023-10-24 15:34:04.434 +02:00 [Information] Executed ViewResult - view "Search" executed in 1.6371ms.
2023-10-24 15:34:04.434 +02:00 [Information] Executed action "Forum.Controllers.SearchController.Search (Forum)" in 3.157ms
2023-10-24 15:34:04.434 +02:00 [Information] Executed endpoint '"Forum.Controllers.SearchController.Search (Forum)"'
2023-10-24 15:34:04.434 +02:00 [Information] Request finished HTTP/2 GET https://localhost:7205/Search/Search?search=united - - - 200 - text/html;+charset=utf-8 5.3992ms
2023-10-24 15:34:04.450 +02:00 [Information] Request starting HTTP/2 GET https://localhost:7205/Search/style.css - -
2023-10-24 15:34:04.451 +02:00 [Information] Request starting HTTP/2 GET https://localhost:7205/_vs/browserLink - -
2023-10-24 15:34:04.451 +02:00 [Information] Request starting HTTP/2 GET https://localhost:7205/_framework/aspnetcore-browser-refresh.js - -
2023-10-24 15:34:04.451 +02:00 [Information] Request finished HTTP/2 GET https://localhost:7205/_framework/aspnetcore-browser-refresh.js - - - 200 12342 application/javascript;+charset=utf-8 0.1006ms
2023-10-24 15:34:04.451 +02:00 [Information] Request finished HTTP/2 GET https://localhost:7205/Search/style.css - - - 404 0 - 1.0497ms
2023-10-24 15:34:04.452 +02:00 [Information] Request finished HTTP/2 GET https://localhost:7205/_vs/browserLink - - - 200 - text/javascript;+charset=UTF-8 1.3365ms
2023-10-24 15:34:06.621 +02:00 [Information] Request starting HTTP/2 GET https://localhost:7205/ - -
2023-10-24 15:34:06.622 +02:00 [Information] Executing endpoint '"Forum.Controllers.HomeController.Index (Forum)"'
2023-10-24 15:34:06.622 +02:00 [Information] Route matched with "{action = \"Index\", controller = \"Home\", page = \"\", area = \"\"}". Executing controller action with signature "Microsoft.AspNetCore.Mvc.IActionResult Index()" on controller "Forum.Controllers.HomeController" ("Forum").
2023-10-24 15:34:06.622 +02:00 [Information] Executing ViewResult, running view "Index".
2023-10-24 15:34:06.624 +02:00 [Information] Executed ViewResult - view "Index" executed in 1.5664ms.
2023-10-24 15:34:06.624 +02:00 [Information] Executed action "Forum.Controllers.HomeController.Index (Forum)" in 1.6389ms
2023-10-24 15:34:06.624 +02:00 [Information] Executed endpoint '"Forum.Controllers.HomeController.Index (Forum)"'
2023-10-24 15:34:06.625 +02:00 [Information] Request finished HTTP/2 GET https://localhost:7205/ - - - 200 - text/html;+charset=utf-8 3.9896ms
2023-10-24 15:34:06.640 +02:00 [Information] Request starting HTTP/2 GET https://localhost:7205/style.css - -
2023-10-24 15:34:06.642 +02:00 [Information] Request finished HTTP/2 GET https://localhost:7205/style.css - - - 404 0 - 1.1997ms
2023-10-24 15:34:06.649 +02:00 [Information] Request starting HTTP/2 GET https://localhost:7205/_framework/aspnetcore-browser-refresh.js - -
2023-10-24 15:34:06.649 +02:00 [Information] Request finished HTTP/2 GET https://localhost:7205/_framework/aspnetcore-browser-refresh.js - - - 200 12342 application/javascript;+charset=utf-8 0.1585ms
2023-10-24 15:34:06.650 +02:00 [Information] Request starting HTTP/2 GET https://localhost:7205/_vs/browserLink - -
2023-10-24 15:34:06.651 +02:00 [Information] Request finished HTTP/2 GET https://localhost:7205/_vs/browserLink - - - 200 - text/javascript;+charset=UTF-8 1.4459ms
